15:06:24.956 [main                     ] DEBUG Logger               - Configured Logger
15:06:24.980 [main                     ] DEBUG GameApplication      - Logging settings
Title: BomberMan
Version: 0.1
Width: 640
Height: 480
Fullscreen: false
Intro: false
Profiling: false
Single step:false
App Mode: DEVELOPER
Menu Key: ESCAPE
Stage Style: DECORATED
Scene Factory: class com.almasb.fxgl.app.scene.SceneFactory

15:06:25.579 [JavaFX Application Thread] DEBUG FXGLApplication      - Initializing FXGL
15:06:25.583 [JavaFX Application Thread] INFO  Engine               - FXGL-21.1 (27.03.2024 07.52) on WINDOWS (J:21.0.2 FX:21.0.1)
15:06:25.583 [JavaFX Application Thread] DEBUG Engine               - JRE Vendor Name: Eclipse Adoptium
15:06:25.584 [JavaFX Application Thread] DEBUG Engine               - Running on OS: Windows 11 version 10.0
15:06:25.584 [JavaFX Application Thread] DEBUG Engine               - Architecture: amd64
15:06:25.584 [JavaFX Application Thread] INFO  Engine               - Source code and latest versions at: https://github.com/AlmasB/FXGL
15:06:25.584 [JavaFX Application Thread] INFO  Engine               -       Ask questions and discuss at: https://github.com/AlmasB/FXGL/discussions
15:06:25.584 [JavaFX Application Thread] INFO  Engine               -              Join the FXGL chat at: https://gitter.im/AlmasB/FXGL
15:06:25.660 [JavaFX Application Thread] DEBUG PrimaryStageWindow   - Creating a JavaFX scene
15:06:25.701 [JavaFX Application Thread] DEBUG PrimaryStageWindow   - Target settings size: 640.0 x 480.0
15:06:25.701 [JavaFX Application Thread] DEBUG PrimaryStageWindow   - Scaled scene size:    640.0 x 480.0
15:06:25.702 [JavaFX Application Thread] DEBUG PrimaryStageWindow   - Scaled ratio: (1.0, 1.0)
15:06:25.702 [JavaFX Application Thread] DEBUG PrimaryStageWindow   - Set initial scene to FXGLStartupScene
15:06:25.704 [JavaFX Application Thread] DEBUG PrimaryStageWindow   - Opening main window
15:06:25.794 [JavaFX Application Thread] DEBUG PrimaryStageWindow   - Window border size: (14.4000244140625, 37.5999755859375)
15:06:25.794 [JavaFX Application Thread] DEBUG PrimaryStageWindow   - Scaled size: 640.0 x 480.0
15:06:25.794 [JavaFX Application Thread] DEBUG PrimaryStageWindow   - Scaled ratio: (1.0, 1.0)
15:06:25.795 [JavaFX Application Thread] DEBUG PrimaryStageWindow   - Scene size: 640.0 x 480.0
15:06:25.795 [JavaFX Application Thread] DEBUG PrimaryStageWindow   - Stage size: 654.4000244140625 x 517.5999755859375
15:06:25.801 [FXGL Background Thread 1 ] DEBUG Engine               - Initializing environment variables
15:06:25.857 [FXGL Background Thread 1 ] DEBUG FXGLAssetLoaderServi - User app class for loading assets: class me.pooh.bakudun.App
15:06:25.857 [FXGL Background Thread 1 ] DEBUG GameApplicationServi - Applying CSS: fxgl_dark.css
15:06:25.858 [FXGL Background Thread 1 ] DEBUG FXGLAssetLoaderServi - Loading from file system: jar:file:///C:/Users/POO/.m2/repository/com/github/almasb/fxgl/21.1/fxgl-21.1.jar!/fxglassets/ui/css/fxgl_dark.css
15:06:25.896 [FXGL Background Thread 1 ] DEBUG GameApplicationServi - Initializing application scenes
15:06:25.935 [FXGL Background Thread 1 ] DEBUG GameWorld            - Game world initialized
15:06:25.985 [FXGL Background Thread 1 ] DEBUG PhysicsWorld         - Physics world initialized: appHeight=480, physics.ppm=50.0
15:06:25.985 [FXGL Background Thread 1 ] DEBUG PhysicsWorld         - Using strategy: BRUTE_FORCE
15:06:25.990 [FXGL Background Thread 1 ] DEBUG GameScene            - Game scene initialized: 640x480
15:06:26.000 [FXGL Background Thread 1 ] WARN  FXGL.DefaultMenu     - FXGLDefaultMenu is not designed for resolutions < 800x600
15:06:26.000 [FXGL Background Thread 1 ] DEBUG FXGL.DefaultMenu     - createMenuBodyGameMenu()
15:06:26.012 [FXGL Background Thread 1 ] DEBUG FXGL.DefaultMenu     - createOptionsMenu()
15:06:26.019 [FXGL Background Thread 1 ] DEBUG FXGLAssetLoaderServi - Loading from file system: jar:file:///C:/Users/POO/.m2/repository/com/github/almasb/fxgl/21.1/fxgl-21.1.jar!/fxglassets/textures/particles/smoke.png
15:06:26.103 [FXGL Background Thread 1 ] DEBUG FXGLAssetLoaderServi - Loading from file system: jar:file:///C:/Users/POO/.m2/repository/com/github/almasb/fxgl/21.1/fxgl-21.1.jar!/fxglassets/textures/particles/trace_horizontal.png
15:06:26.129 [FXGL Background Thread 1 ] DEBUG GameApplicationServi - Application scenes initialized
15:06:26.143 [FXGL Background Thread 1 ] DEBUG SystemBundleService  - Loading FXGL system data
15:06:26.147 [FXGL Background Thread 1 ] DEBUG FileSystemAccess     - Reading from: C:\Users\POO\intellij\Bakudun\system\fxgl.bundle
15:06:26.154 [FXGL Background Thread 1 ] DEBUG SystemBundleService  - Bundle FXGL: {}
15:06:26.154 [FXGL Background Thread 1 ] DEBUG UpdaterService       - Checking for updates
15:06:26.176 [FXGL Background Thread 4 ] DEBUG FXGLApplication      - Loading fonts
15:06:26.176 [FXGL Background Thread 4 ] DEBUG FXGLAssetLoaderServi - Loading from file system: jar:file:///C:/Users/POO/.m2/repository/com/github/almasb/fxgl/21.1/fxgl-21.1.jar!/fxglassets/ui/fonts/VarelaRound-Regular.ttf
15:06:26.177 [FXGL Background Thread 1 ] DEBUG FXGLApplication      - Loading default localization
15:06:26.178 [FXGL Background Thread 1 ] DEBUG FXGLAssetLoaderServi - Loading from file system: jar:file:///C:/Users/POO/.m2/repository/com/github/almasb/fxgl/21.1/fxgl-21.1.jar!/fxglassets/languages/english.lang
15:06:26.205 [FXGL Background Thread 1 ] INFO  FXGLApplication      - FXGL initialization took: 0.405 sec
15:06:26.216 [FXGL Background Thread 4 ] DEBUG FXGLAssetLoaderServi - Loading from file system: jar:file:///C:/Users/POO/.m2/repository/com/github/almasb/fxgl/21.1/fxgl-21.1.jar!/fxglassets/ui/fonts/Abel-Regular.ttf
15:06:26.216 [JavaFX Application Thread] DEBUG Input                - Registered new binding: Right - D
15:06:26.216 [JavaFX Application Thread] DEBUG Input                - Registered new binding: Left - A
15:06:26.216 [JavaFX Application Thread] DEBUG Input                - Registered new binding: Up - W
15:06:26.216 [JavaFX Application Thread] DEBUG Input                - Registered new binding: Down - S
15:06:26.216 [JavaFX Application Thread] DEBUG Input                - Registered new binding: Place Bomb - Space
15:06:26.217 [JavaFX Application Thread] DEBUG FXGLAssetLoaderServi - Loading from file system: jar:file:///C:/Users/POO/.m2/repository/com/github/almasb/fxgl/21.1/fxgl-21.1.jar!/fxglassets/textures/fxgl_icon.png
15:06:26.219 [FXGL Background Thread 4 ] DEBUG FXGLAssetLoaderServi - Loading from file system: jar:file:///C:/Users/POO/.m2/repository/com/github/almasb/fxgl/21.1/fxgl-21.1.jar!/fxglassets/ui/fonts/TerminalLandMono-Regular.otf
15:06:26.223 [FXGL Background Thread 4 ] DEBUG FXGLAssetLoaderServi - Loading from file system: jar:file:///C:/Users/POO/.m2/repository/com/github/almasb/fxgl/21.1/fxgl-21.1.jar!/fxglassets/ui/fonts/Courier-Prime.ttf
15:06:26.229 [JavaFX Application Thread] DEBUG FXGLAssetLoaderServi - Loading from file system: jar:file:///C:/Users/POO/.m2/repository/com/github/almasb/fxgl/21.1/fxgl-21.1.jar!/fxglassets/textures/fxgl_default_cursor.png
15:06:26.233 [JavaFX Application Thread] DEBUG Input                - Registered new binding: Screenshot - CTRL+8
15:06:26.233 [JavaFX Application Thread] DEBUG Input                - Registered new binding: Dev Options - 1
15:06:26.233 [JavaFX Application Thread] DEBUG Input                - Registered new binding: Dev Console - 2
15:06:26.234 [JavaFX Application Thread] DEBUG Input                - Registered new binding: System info dump - CTRL+9
15:06:26.234 [JavaFX Application Thread] DEBUG Input                - Registered new binding: Restart - CTRL+R
15:06:26.234 [JavaFX Application Thread] DEBUG Input                - Registered new binding: Toggle Debug Camera - CTRL+7
15:06:26.238 [JavaFX Application Thread] DEBUG LoopRunner           - Starting loop
15:06:26.258 [JavaFX Application Thread] DEBUG LoopRunner           - Initializing JavaFX AnimationTimerLoop
15:06:26.259 [JavaFX Application Thread] DEBUG GameApplicationServi - Starting new game
15:06:26.260 [JavaFX Application Thread] DEBUG Input                - Clearing active input actions
15:06:26.270 [JavaFX Application Thread] DEBUG GameApplicationServi - Removing overlay from FXGLStartupScene and adding to FXGLLoadingScene
15:06:26.274 [JavaFX Application Thread] DEBUG PrimaryStageWindow   - FXGLStartupScene -> FXGLLoadingScene
15:06:26.275 [JavaFX Application Thread] DEBUG GameApplicationServi - Clearing previous game
15:06:26.275 [JavaFX Application Thread] DEBUG GameScene            - Clearing game scene
15:06:26.275 [JavaFX Application Thread] DEBUG GameWorld            - Clearing game world
15:06:26.275 [JavaFX Application Thread] DEBUG PhysicsWorld         - Clearing physics world
15:06:26.277 [FXGL Background Thread 4 ] DEBUG FXGLApplication      - Initializing game
15:06:26.277 [JavaFX Application Thread] DEBUG FXGLApplication      - Registering font factories with UI factory
15:06:26.337 [FXGL Background Thread 4 ] WARN  TMXLevelLoader       - TiledMap generated from 1.11.2. Supported version: 1.9.0. Some features may not be parsed fully.
15:06:26.373 [FXGL Background Thread 4 ] DEBUG TMXLevelLoader       - Parsed TiledMap: file:/C:/Users/POO/intellij/Bakudun/target/classes/assets/levels/Map.tmx
15:06:26.375 [FXGL Background Thread 4 ] DEBUG TMXLevelLoader       - Creating tile layer entities
15:06:26.376 [FXGL Background Thread 4 ] DEBUG TilesetLoader        - Loading view for layer เลเยอร์ไทล์ 1
15:06:26.377 [FXGL Background Thread 4 ] DEBUG TilesetLoader        - Created buffer with size 640.0x480.0
15:06:26.385 [FXGL Background Thread 4 ] WARN  TilesetLoader        - Diagonally flipped tiles are not currently supported
15:06:26.395 [FXGL Background Thread 4 ] WARN  TilesetLoader        - Diagonally flipped tiles are not currently supported
15:06:26.407 [FXGL Background Thread 4 ] DEBUG TilesetLoader        - Loading view for layer WALL48
15:06:26.407 [FXGL Background Thread 4 ] DEBUG TilesetLoader        - Created buffer with size 640.0x480.0
15:06:26.408 [FXGL Background Thread 4 ] DEBUG TilesetLoader        - Loading view for layer WALL47
15:06:26.408 [FXGL Background Thread 4 ] DEBUG TilesetLoader        - Created buffer with size 640.0x480.0
15:06:26.409 [FXGL Background Thread 4 ] DEBUG TilesetLoader        - Loading view for layer WALL46
15:06:26.409 [FXGL Background Thread 4 ] DEBUG TilesetLoader        - Created buffer with size 640.0x480.0
15:06:26.410 [FXGL Background Thread 4 ] DEBUG TilesetLoader        - Loading view for layer WALL45
15:06:26.411 [FXGL Background Thread 4 ] DEBUG TilesetLoader        - Created buffer with size 640.0x480.0
15:06:26.411 [FXGL Background Thread 4 ] DEBUG TilesetLoader        - Loading view for layer WALL44
15:06:26.412 [FXGL Background Thread 4 ] DEBUG TilesetLoader        - Created buffer with size 640.0x480.0
15:06:26.413 [FXGL Background Thread 4 ] DEBUG TilesetLoader        - Loading view for layer WALL43
15:06:26.413 [FXGL Background Thread 4 ] DEBUG TilesetLoader        - Created buffer with size 640.0x480.0
15:06:26.414 [FXGL Background Thread 4 ] DEBUG TilesetLoader        - Loading view for layer WALL42
15:06:26.414 [FXGL Background Thread 4 ] DEBUG TilesetLoader        - Created buffer with size 640.0x480.0
15:06:26.415 [FXGL Background Thread 4 ] DEBUG TilesetLoader        - Loading view for layer WALL41
15:06:26.415 [FXGL Background Thread 4 ] DEBUG TilesetLoader        - Created buffer with size 640.0x480.0
15:06:26.415 [FXGL Background Thread 4 ] DEBUG TilesetLoader        - Loading view for layer WALL40
15:06:26.416 [FXGL Background Thread 4 ] DEBUG TilesetLoader        - Created buffer with size 640.0x480.0
15:06:26.416 [FXGL Background Thread 4 ] DEBUG TilesetLoader        - Loading view for layer WALL39
15:06:26.418 [FXGL Background Thread 4 ] DEBUG TilesetLoader        - Created buffer with size 640.0x480.0
15:06:26.418 [FXGL Background Thread 4 ] DEBUG TilesetLoader        - Loading view for layer WALL38
15:06:26.418 [FXGL Background Thread 4 ] DEBUG TilesetLoader        - Created buffer with size 640.0x480.0
15:06:26.427 [FXGL Background Thread 4 ] DEBUG TilesetLoader        - Loading view for layer WALL37
15:06:26.428 [FXGL Background Thread 4 ] DEBUG TilesetLoader        - Created buffer with size 640.0x480.0
15:06:26.429 [FXGL Background Thread 4 ] DEBUG TilesetLoader        - Loading view for layer WALL36
15:06:26.429 [FXGL Background Thread 4 ] DEBUG TilesetLoader        - Created buffer with size 640.0x480.0
15:06:26.430 [FXGL Background Thread 4 ] DEBUG TilesetLoader        - Loading view for layer WALL35
15:06:26.435 [FXGL Background Thread 4 ] DEBUG TilesetLoader        - Created buffer with size 640.0x480.0
15:06:26.436 [FXGL Background Thread 4 ] DEBUG TilesetLoader        - Loading view for layer WALL34
15:06:26.436 [FXGL Background Thread 4 ] DEBUG TilesetLoader        - Created buffer with size 640.0x480.0
15:06:26.436 [FXGL Background Thread 4 ] DEBUG TilesetLoader        - Loading view for layer WALL33
15:06:26.437 [FXGL Background Thread 4 ] DEBUG TilesetLoader        - Created buffer with size 640.0x480.0
15:06:26.437 [FXGL Background Thread 4 ] DEBUG TilesetLoader        - Loading view for layer WALL32
15:06:26.438 [FXGL Background Thread 4 ] DEBUG TilesetLoader        - Created buffer with size 640.0x480.0
15:06:26.440 [FXGL Background Thread 4 ] DEBUG TilesetLoader        - Loading view for layer WALL31
15:06:26.440 [FXGL Background Thread 4 ] DEBUG TilesetLoader        - Created buffer with size 640.0x480.0
15:06:26.441 [FXGL Background Thread 4 ] DEBUG TilesetLoader        - Loading view for layer WALL30
15:06:26.442 [FXGL Background Thread 4 ] DEBUG TilesetLoader        - Created buffer with size 640.0x480.0
15:06:26.442 [FXGL Background Thread 4 ] DEBUG TilesetLoader        - Loading view for layer WALL29
15:06:26.444 [FXGL Background Thread 4 ] DEBUG TilesetLoader        - Created buffer with size 640.0x480.0
15:06:26.445 [FXGL Background Thread 4 ] DEBUG TilesetLoader        - Loading view for layer WALL28
15:06:26.446 [FXGL Background Thread 4 ] DEBUG TilesetLoader        - Created buffer with size 640.0x480.0
15:06:26.446 [FXGL Background Thread 4 ] DEBUG TilesetLoader        - Loading view for layer WALL27
15:06:26.446 [FXGL Background Thread 4 ] DEBUG TilesetLoader        - Created buffer with size 640.0x480.0
15:06:26.447 [FXGL Background Thread 4 ] DEBUG TilesetLoader        - Loading view for layer WALL26
15:06:26.447 [FXGL Background Thread 4 ] DEBUG TilesetLoader        - Created buffer with size 640.0x480.0
15:06:26.448 [FXGL Background Thread 4 ] DEBUG TilesetLoader        - Loading view for layer WALL25
15:06:26.448 [FXGL Background Thread 4 ] DEBUG TilesetLoader        - Created buffer with size 640.0x480.0
15:06:26.449 [FXGL Background Thread 4 ] DEBUG TilesetLoader        - Loading view for layer WALL24
15:06:26.449 [FXGL Background Thread 4 ] DEBUG TilesetLoader        - Created buffer with size 640.0x480.0
15:06:26.450 [FXGL Background Thread 4 ] DEBUG TilesetLoader        - Loading view for layer WALL23
15:06:26.450 [FXGL Background Thread 4 ] DEBUG TilesetLoader        - Created buffer with size 640.0x480.0
15:06:26.451 [FXGL Background Thread 4 ] DEBUG TilesetLoader        - Loading view for layer WALL22
15:06:26.451 [FXGL Background Thread 4 ] DEBUG TilesetLoader        - Created buffer with size 640.0x480.0
15:06:26.453 [FXGL Background Thread 4 ] DEBUG TilesetLoader        - Loading view for layer WALL21
15:06:26.454 [FXGL Background Thread 4 ] DEBUG TilesetLoader        - Created buffer with size 640.0x480.0
15:06:26.454 [FXGL Background Thread 4 ] DEBUG TilesetLoader        - Loading view for layer WALL20
15:06:26.455 [FXGL Background Thread 4 ] DEBUG TilesetLoader        - Created buffer with size 640.0x480.0
15:06:26.456 [FXGL Background Thread 4 ] DEBUG TilesetLoader        - Loading view for layer WALL19
15:06:26.458 [FXGL Background Thread 4 ] DEBUG TilesetLoader        - Created buffer with size 640.0x480.0
15:06:26.459 [FXGL Background Thread 4 ] DEBUG TilesetLoader        - Loading view for layer WALL18
15:06:26.459 [FXGL Background Thread 4 ] DEBUG TilesetLoader        - Created buffer with size 640.0x480.0
15:06:26.461 [FXGL Background Thread 4 ] DEBUG TilesetLoader        - Loading view for layer WALL17
15:06:26.461 [FXGL Background Thread 4 ] DEBUG TilesetLoader        - Created buffer with size 640.0x480.0
15:06:26.461 [FXGL Background Thread 4 ] DEBUG TilesetLoader        - Loading view for layer WALL16
15:06:26.462 [FXGL Background Thread 4 ] DEBUG TilesetLoader        - Created buffer with size 640.0x480.0
15:06:26.462 [FXGL Background Thread 4 ] DEBUG TilesetLoader        - Loading view for layer WALL15
15:06:26.463 [FXGL Background Thread 4 ] DEBUG TilesetLoader        - Created buffer with size 640.0x480.0
15:06:26.463 [FXGL Background Thread 4 ] DEBUG TilesetLoader        - Loading view for layer WALL14
15:06:26.464 [FXGL Background Thread 4 ] DEBUG TilesetLoader        - Created buffer with size 640.0x480.0
15:06:26.464 [FXGL Background Thread 4 ] DEBUG TilesetLoader        - Loading view for layer WALL13
15:06:26.464 [FXGL Background Thread 4 ] DEBUG TilesetLoader        - Created buffer with size 640.0x480.0
15:06:26.465 [FXGL Background Thread 4 ] DEBUG TilesetLoader        - Loading view for layer WALL12
15:06:26.465 [FXGL Background Thread 4 ] DEBUG TilesetLoader        - Created buffer with size 640.0x480.0
15:06:26.465 [FXGL Background Thread 4 ] DEBUG TilesetLoader        - Loading view for layer WALL11
15:06:26.466 [FXGL Background Thread 4 ] DEBUG TilesetLoader        - Created buffer with size 640.0x480.0
15:06:26.468 [FXGL Background Thread 4 ] DEBUG TilesetLoader        - Loading view for layer WALL10
15:06:26.468 [FXGL Background Thread 4 ] DEBUG TilesetLoader        - Created buffer with size 640.0x480.0
15:06:26.469 [FXGL Background Thread 4 ] DEBUG TilesetLoader        - Loading view for layer WALL9
15:06:26.472 [FXGL Background Thread 4 ] DEBUG TilesetLoader        - Created buffer with size 640.0x480.0
15:06:26.473 [FXGL Background Thread 4 ] DEBUG TilesetLoader        - Loading view for layer WALL8
15:06:26.473 [FXGL Background Thread 4 ] DEBUG TilesetLoader        - Created buffer with size 640.0x480.0
15:06:26.474 [FXGL Background Thread 4 ] DEBUG TilesetLoader        - Loading view for layer WALL7
15:06:26.476 [FXGL Background Thread 4 ] DEBUG TilesetLoader        - Created buffer with size 640.0x480.0
15:06:26.477 [FXGL Background Thread 4 ] DEBUG TilesetLoader        - Loading view for layer WALL6
15:06:26.480 [FXGL Background Thread 4 ] DEBUG TilesetLoader        - Created buffer with size 640.0x480.0
15:06:26.481 [FXGL Background Thread 4 ] DEBUG TilesetLoader        - Loading view for layer WALL5
15:06:26.481 [FXGL Background Thread 4 ] DEBUG TilesetLoader        - Created buffer with size 640.0x480.0
15:06:26.482 [FXGL Background Thread 4 ] DEBUG TilesetLoader        - Loading view for layer WALL4
15:06:26.482 [FXGL Background Thread 4 ] DEBUG TilesetLoader        - Created buffer with size 640.0x480.0
15:06:26.483 [FXGL Background Thread 4 ] DEBUG TilesetLoader        - Loading view for layer WALL3
15:06:26.483 [FXGL Background Thread 4 ] DEBUG TilesetLoader        - Created buffer with size 640.0x480.0
15:06:26.484 [FXGL Background Thread 4 ] DEBUG TilesetLoader        - Loading view for layer WALL2
15:06:26.484 [FXGL Background Thread 4 ] DEBUG TilesetLoader        - Created buffer with size 640.0x480.0
15:06:26.485 [FXGL Background Thread 4 ] DEBUG TilesetLoader        - Loading view for layer WALL1
15:06:26.485 [FXGL Background Thread 4 ] DEBUG TilesetLoader        - Created buffer with size 640.0x480.0
15:06:26.486 [FXGL Background Thread 4 ] DEBUG TilesetLoader        - Loading view for layer เลเยอร์ไทล์ 2
15:06:26.486 [FXGL Background Thread 4 ] DEBUG TilesetLoader        - Created buffer with size 640.0x480.0
15:06:26.487 [FXGL Background Thread 4 ] DEBUG TilesetLoader        - Loading view for layer เลเยอร์ไทล์ 3
15:06:26.487 [FXGL Background Thread 4 ] DEBUG TilesetLoader        - Created buffer with size 640.0x480.0
15:06:26.487 [FXGL Background Thread 4 ] DEBUG TMXLevelLoader       - Creating object layer entities
15:06:26.513 [FXGL Background Thread 4 ] WARN  TMXLevelLoader       - Parse error
java.lang.IllegalArgumentException: No EntityFactory has a method annotated @Spawns()
	at com.almasb.fxgl.entity@21.1/com.almasb.fxgl.entity.GameWorld.create(GameWorld.kt:413)
	at com.almasb.fxgl.entity@21.1/com.almasb.fxgl.entity.level.tiled.TMXLevelLoader.createObjectLayerEntities(TMXLevelLoader.kt:154)
	at com.almasb.fxgl.entity@21.1/com.almasb.fxgl.entity.level.tiled.TMXLevelLoader.load(TMXLevelLoader.kt:60)
	at com.almasb.fxgl.all@21.1/com.almasb.fxgl.app.services.FXGLAssetLoaderService.loadLevel(FXGLAssetLoaderService.kt:449)
	at me.pooh.bakudun/me.pooh.bakudun.App.initGame(App.java:63)
	at com.almasb.fxgl.all@21.1/com.almasb.fxgl.app.FXGLApplication$InitAppTask.initGame(FXGLApplication.kt:343)
	at com.almasb.fxgl.all@21.1/com.almasb.fxgl.app.FXGLApplication$InitAppTask.call(FXGLApplication.kt:321)
	at com.almasb.fxgl.all@21.1/com.almasb.fxgl.app.FXGLApplication$InitAppTask.call(FXGLApplication.kt:313)
	at javafx.graphics@21.0.1/javafx.concurrent.Task$TaskCallable.call(Task.java:1399)
	at java.base/java.util.concurrent.FutureTask.run(FutureTask.java:317)
	at java.base/java.util.concurrent.Executors$RunnableAdapter.call(Executors.java:572)
	at java.base/java.util.concurrent.FutureTask.run(FutureTask.java:317)
	at java.base/java.util.concurrent.ThreadPoolExecutor.runWorker(ThreadPoolExecutor.java:1144)
	at java.base/java.util.concurrent.ThreadPoolExecutor$Worker.run(ThreadPoolExecutor.java:642)
	at java.base/java.lang.Thread.run(Thread.java:1583)

15:06:26.594 [JavaFX Application Thread] DEBUG LoopRunner           - Stopping loop
15:06:26.595 [JavaFX Application Thread] FATAL FXGLApplication      - Uncaught Exception:
java.lang.RuntimeException: Initialization failed
	at com.almasb.fxgl.all@21.1/com.almasb.fxgl.app.FXGLApplication$InitAppTask.failed(FXGLApplication.kt:347)
	at javafx.graphics@21.0.1/javafx.concurrent.Task.setState(Task.java:710)
	at javafx.graphics@21.0.1/javafx.concurrent.Task$TaskCallable.lambda$call$2(Task.java:1429)
	at javafx.graphics@21.0.1/com.sun.javafx.application.PlatformImpl.lambda$runLater$10(PlatformImpl.java:456)
	at java.base/java.security.AccessController.doPrivileged(AccessController.java:400)
	at javafx.graphics@21.0.1/com.sun.javafx.application.PlatformImpl.lambda$runLater$11(PlatformImpl.java:455)
	at javafx.graphics@21.0.1/com.sun.glass.ui.InvokeLaterDispatcher$Future.run(InvokeLaterDispatcher.java:95)
	at javafx.graphics@21.0.1/com.sun.glass.ui.win.WinApplication._runLoop(Native Method)
	at javafx.graphics@21.0.1/com.sun.glass.ui.win.WinApplication.lambda$runLoop$3(WinApplication.java:185)
	at java.base/java.lang.Thread.run(Thread.java:1583)
Caused by: com.almasb.fxgl.entity.level.LevelLoadingException: No EntityFactory has a method annotated @Spawns()
	at com.almasb.fxgl.entity@21.1/com.almasb.fxgl.entity.level.tiled.TMXLevelLoader.load(TMXLevelLoader.kt:77)
	at com.almasb.fxgl.all@21.1/com.almasb.fxgl.app.services.FXGLAssetLoaderService.loadLevel(FXGLAssetLoaderService.kt:449)
	at me.pooh.bakudun/me.pooh.bakudun.App.initGame(App.java:63)
	at com.almasb.fxgl.all@21.1/com.almasb.fxgl.app.FXGLApplication$InitAppTask.initGame(FXGLApplication.kt:343)
	at com.almasb.fxgl.all@21.1/com.almasb.fxgl.app.FXGLApplication$InitAppTask.call(FXGLApplication.kt:321)
	at com.almasb.fxgl.all@21.1/com.almasb.fxgl.app.FXGLApplication$InitAppTask.call(FXGLApplication.kt:313)
	at javafx.graphics@21.0.1/javafx.concurrent.Task$TaskCallable.call(Task.java:1399)
	at java.base/java.util.concurrent.FutureTask.run(FutureTask.java:317)
	at java.base/java.util.concurrent.Executors$RunnableAdapter.call(Executors.java:572)
	at java.base/java.util.concurrent.FutureTask.run(FutureTask.java:317)
	at java.base/java.util.concurrent.ThreadPoolExecutor.runWorker(ThreadPoolExecutor.java:1144)
	at java.base/java.util.concurrent.ThreadPoolExecutor$Worker.run(ThreadPoolExecutor.java:642)
	... 1 more
Caused by: java.lang.IllegalArgumentException: No EntityFactory has a method annotated @Spawns()
	at com.almasb.fxgl.entity@21.1/com.almasb.fxgl.entity.GameWorld.create(GameWorld.kt:413)
	at com.almasb.fxgl.entity@21.1/com.almasb.fxgl.entity.level.tiled.TMXLevelLoader.createObjectLayerEntities(TMXLevelLoader.kt:154)
	at com.almasb.fxgl.entity@21.1/com.almasb.fxgl.entity.level.tiled.TMXLevelLoader.load(TMXLevelLoader.kt:60)
	... 12 more

15:06:26.595 [JavaFX Application Thread] FATAL FXGLApplication      - Application will now exit
15:06:26.602 [JavaFX Application Thread] DEBUG PrimaryStageWindow   - Push state: ErrorSubScene
15:06:26.602 [JavaFX Application Thread] DEBUG Input                - Clearing active input actions
15:06:26.603 [JavaFX Application Thread] DEBUG GameApplicationServi - Removing overlay from FXGLLoadingScene and adding to ErrorSubScene
15:06:26.605 [JavaFX Application Thread] DEBUG PrimaryStageWindow   - FXGLLoadingScene -> ErrorSubScene
15:06:29.174 [FXGL Background Thread 3 ] DEBUG Engine               - Logging environment variables
15:06:29.174 [FXGL Background Thread 3 ] DEBUG Engine               - achievements: []
15:06:29.174 [FXGL Background Thread 3 ] DEBUG Engine               - actualHeight: 480.0
15:06:29.174 [FXGL Background Thread 3 ] DEBUG Engine               - actualHeightProperty: ReadOnlyDoubleProperty [value: 480.0]
15:06:29.174 [FXGL Background Thread 3 ] DEBUG Engine               - actualWidth: 640.0
15:06:29.174 [FXGL Background Thread 3 ] DEBUG Engine               - actualWidthProperty: ReadOnlyDoubleProperty [value: 640.0]
15:06:29.174 [FXGL Background Thread 3 ] DEBUG Engine               - appIcon: fxgl_icon.png
15:06:29.174 [FXGL Background Thread 3 ] DEBUG Engine               - applicationMode: DEVELOPER
15:06:29.174 [FXGL Background Thread 3 ] DEBUG Engine               - cSSList: [fxgl_dark.css]
15:06:29.175 [FXGL Background Thread 3 ] DEBUG Engine               - collisionDetectionStrategy: BRUTE_FORCE
15:06:29.175 [FXGL Background Thread 3 ] DEBUG Engine               - configClass: Optional.empty
15:06:29.175 [FXGL Background Thread 3 ] DEBUG Engine               - credits: []
15:06:29.175 [FXGL Background Thread 3 ] DEBUG Engine               - defaultCursor: CursorInfo(imageName=fxgl_default_cursor.png, hotspotX=7.0, hotspotY=6.0)
15:06:29.175 [FXGL Background Thread 3 ] DEBUG Engine               - devBBoxColorProperty: ObjectProperty [value: 0xff0000ff]
15:06:29.175 [FXGL Background Thread 3 ] DEBUG Engine               - devEnableDebugCameraProperty: BooleanProperty [value: false]
15:06:29.175 [FXGL Background Thread 3 ] DEBUG Engine               - devSensorColorProperty: ObjectProperty [value: 0xffff00ff]
15:06:29.175 [FXGL Background Thread 3 ] DEBUG Engine               - devShowBBoxProperty: BooleanProperty [value: false]
15:06:29.175 [FXGL Background Thread 3 ] DEBUG Engine               - devShowPositionProperty: BooleanProperty [value: false]
15:06:29.175 [FXGL Background Thread 3 ] DEBUG Engine               - enabledMenuItems: []
15:06:29.176 [FXGL Background Thread 3 ] DEBUG Engine               - engineServices: [class com.almasb.fxgl.app.services.FXGLAssetLoaderService, class com.almasb.fxgl.app.FXGLApplication$GameApplicationService, class com.almasb.fxgl.app.services.FXGLDialogService, class com.almasb.fxgl.app.services.IOTaskExecutorService, class com.almasb.fxgl.io.FileSystemService, class com.almasb.fxgl.localization.LocalizationService, class com.almasb.fxgl.app.services.SystemBundleService, class com.almasb.fxgl.profile.SaveLoadService, class com.almasb.fxgl.ui.FXGLUIFactoryServiceProvider, class com.almasb.fxgl.ui.FXGLDialogFactoryServiceProvider, class com.almasb.fxgl.audio.AudioPlayer, class com.almasb.fxgl.notification.impl.NotificationServiceProvider, class com.almasb.fxgl.achievement.AchievementService, class com.almasb.fxgl.cutscene.CutsceneService, class com.almasb.fxgl.minigames.MiniGameService, class com.almasb.fxgl.net.NetService, class com.almasb.fxgl.app.services.UpdaterService, class com.almasb.fxgl.dev.DevService]
15:06:29.176 [FXGL Background Thread 3 ] DEBUG Engine               - fontGame: Abel-Regular.ttf
15:06:29.176 [FXGL Background Thread 3 ] DEBUG Engine               - fontMono: TerminalLandMono-Regular.otf
15:06:29.176 [FXGL Background Thread 3 ] DEBUG Engine               - fontSizeScaleUI: 1.0
15:06:29.176 [FXGL Background Thread 3 ] DEBUG Engine               - fontText: Courier-Prime.ttf
15:06:29.176 [FXGL Background Thread 3 ] DEBUG Engine               - fontUI: VarelaRound-Regular.ttf
15:06:29.176 [FXGL Background Thread 3 ] DEBUG Engine               - fullScreen: BooleanProperty [value: false]
15:06:29.176 [FXGL Background Thread 3 ] DEBUG Engine               - gameDifficulty: MEDIUM
15:06:29.176 [FXGL Background Thread 3 ] DEBUG Engine               - gameDifficultyProperty: ObjectProperty [value: MEDIUM]
15:06:29.176 [FXGL Background Thread 3 ] DEBUG Engine               - globalMusicVolume: 0.5
15:06:29.176 [FXGL Background Thread 3 ] DEBUG Engine               - globalMusicVolumeProperty: DoubleProperty [value: 0.5]
15:06:29.176 [FXGL Background Thread 3 ] DEBUG Engine               - globalSoundVolume: 0.5
15:06:29.176 [FXGL Background Thread 3 ] DEBUG Engine               - globalSoundVolumeProperty: DoubleProperty [value: 0.5]
15:06:29.176 [FXGL Background Thread 3 ] DEBUG Engine               - height: 480
15:06:29.176 [FXGL Background Thread 3 ] DEBUG Engine               - is3D: false
15:06:29.176 [FXGL Background Thread 3 ] DEBUG Engine               - isAndroid: false
15:06:29.176 [FXGL Background Thread 3 ] DEBUG Engine               - isBrowser: false
15:06:29.176 [FXGL Background Thread 3 ] DEBUG Engine               - isClickFeedbackEnabled: false
15:06:29.176 [FXGL Background Thread 3 ] DEBUG Engine               - isCloseConfirmation: false
15:06:29.176 [FXGL Background Thread 3 ] DEBUG Engine               - isDesktop: true
15:06:29.176 [FXGL Background Thread 3 ] DEBUG Engine               - isDeveloperMenuEnabled: true
15:06:29.176 [FXGL Background Thread 3 ] DEBUG Engine               - isEmbedded: false
15:06:29.177 [FXGL Background Thread 3 ] DEBUG Engine               - isEntityPreloadEnabled: true
15:06:29.177 [FXGL Background Thread 3 ] DEBUG Engine               - isExperimentalTiledLargeMap: false
15:06:29.177 [FXGL Background Thread 3 ] DEBUG Engine               - isFileSystemWriteAllowed: true
15:06:29.177 [FXGL Background Thread 3 ] DEBUG Engine               - isFullScreenAllowed: false
15:06:29.177 [FXGL Background Thread 3 ] DEBUG Engine               - isFullScreenFromStart: false
15:06:29.177 [FXGL Background Thread 3 ] DEBUG Engine               - isGameMenuEnabled: true
15:06:29.177 [FXGL Background Thread 3 ] DEBUG Engine               - isIOS: false
15:06:29.177 [FXGL Background Thread 3 ] DEBUG Engine               - isIntroEnabled: false
15:06:29.177 [FXGL Background Thread 3 ] DEBUG Engine               - isLinux: false
15:06:29.177 [FXGL Background Thread 3 ] DEBUG Engine               - isMac: false
15:06:29.177 [FXGL Background Thread 3 ] DEBUG Engine               - isMainMenuEnabled: false
15:06:29.177 [FXGL Background Thread 3 ] DEBUG Engine               - isManualResizeEnabled: false
15:06:29.177 [FXGL Background Thread 3 ] DEBUG Engine               - isMobile: false
15:06:29.177 [FXGL Background Thread 3 ] DEBUG Engine               - isNative: false
15:06:29.177 [FXGL Background Thread 3 ] DEBUG Engine               - isPauseMusicWhenMinimized: true
15:06:29.177 [FXGL Background Thread 3 ] DEBUG Engine               - isPreserveResizeRatio: false
15:06:29.177 [FXGL Background Thread 3 ] DEBUG Engine               - isProfilingEnabled: false
15:06:29.177 [FXGL Background Thread 3 ] DEBUG Engine               - isScaleAffectedOnResize: true
15:06:29.177 [FXGL Background Thread 3 ] DEBUG Engine               - isSingleStep: false
15:06:29.178 [FXGL Background Thread 3 ] DEBUG Engine               - isUserProfileEnabled: false
15:06:29.178 [FXGL Background Thread 3 ] DEBUG Engine               - isWindows: true
15:06:29.178 [FXGL Background Thread 3 ] DEBUG Engine               - language: ObjectProperty [value: ENGLISH]
15:06:29.178 [FXGL Background Thread 3 ] DEBUG Engine               - menuKey: ESCAPE
15:06:29.178 [FXGL Background Thread 3 ] DEBUG Engine               - mouseSensitivity: 0.2
15:06:29.178 [FXGL Background Thread 3 ] DEBUG Engine               - notificationViewClass: class com.almasb.fxgl.notification.view.XboxNotificationView
15:06:29.178 [FXGL Background Thread 3 ] DEBUG Engine               - pixelsPerMeter: 50.0
15:06:29.178 [FXGL Background Thread 3 ] DEBUG Engine               - platform: WINDOWS
15:06:29.178 [FXGL Background Thread 3 ] DEBUG Engine               - prefHeightProperty: ReadOnlyDoubleProperty [value: 480.0]
15:06:29.178 [FXGL Background Thread 3 ] DEBUG Engine               - prefWidthProperty: ReadOnlyDoubleProperty [value: 640.0]
15:06:29.179 [FXGL Background Thread 3 ] DEBUG Engine               - profileDir: profiles/
15:06:29.179 [FXGL Background Thread 3 ] DEBUG Engine               - profileName: StringProperty [value: DEFAULT]
15:06:29.179 [FXGL Background Thread 3 ] DEBUG Engine               - randomSeed: -1
15:06:29.179 [FXGL Background Thread 3 ] DEBUG Engine               - runtimeInfo: RuntimeInfo(platform=WINDOWS, version=21.1, build=27.03.2024 07.52)
15:06:29.179 [FXGL Background Thread 3 ] DEBUG Engine               - saveFileExt: sav
15:06:29.180 [FXGL Background Thread 3 ] DEBUG Engine               - scaledHeightProp$fxgl: DoubleProperty [bound, value: 480.0]
15:06:29.180 [FXGL Background Thread 3 ] DEBUG Engine               - scaledWidthProp$fxgl: DoubleProperty [bound, value: 640.0]
15:06:29.180 [FXGL Background Thread 3 ] DEBUG Engine               - sceneFactory: com.almasb.fxgl.app.scene.SceneFactory@6dcca0ad
15:06:29.180 [FXGL Background Thread 3 ] DEBUG Engine               - secondsIn24h: 60
15:06:29.180 [FXGL Background Thread 3 ] DEBUG Engine               - soundMenuBack: menu/back.wav
15:06:29.180 [FXGL Background Thread 3 ] DEBUG Engine               - soundMenuPress: menu/press.wav
15:06:29.180 [FXGL Background Thread 3 ] DEBUG Engine               - soundMenuSelect: menu/select.wav
15:06:29.180 [FXGL Background Thread 3 ] DEBUG Engine               - soundNotification: core/notification.wav
15:06:29.180 [FXGL Background Thread 3 ] DEBUG Engine               - stageStyle: DECORATED
15:06:29.180 [FXGL Background Thread 3 ] DEBUG Engine               - supportedLanguages: [ENGLISH, FRENCH, GERMAN, HUNGARIAN, RUSSIAN]
15:06:29.180 [FXGL Background Thread 3 ] DEBUG Engine               - ticksPerSecond: -1
15:06:29.180 [FXGL Background Thread 3 ] DEBUG Engine               - title: BomberMan
15:06:29.180 [FXGL Background Thread 3 ] DEBUG Engine               - urlGithub: https://github.com/AlmasB/FXGL
15:06:29.180 [FXGL Background Thread 3 ] DEBUG Engine               - urlLeaderboard: http://fxgl-top.herokuapp.com/
15:06:29.180 [FXGL Background Thread 3 ] DEBUG Engine               - urlPOM: https://raw.githubusercontent.com/AlmasB/FXGL/release/README.md
15:06:29.180 [FXGL Background Thread 3 ] DEBUG Engine               - userAppClass: class me.pooh.bakudun.App
15:06:29.180 [FXGL Background Thread 3 ] DEBUG Engine               - version: 0.1
15:06:29.180 [FXGL Background Thread 3 ] DEBUG Engine               - versionCheckDays: 7
15:06:29.180 [FXGL Background Thread 3 ] DEBUG Engine               - width: 640
15:06:29.180 [FXGL Background Thread 3 ] DEBUG Engine               - Logging services
15:06:29.180 [FXGL Background Thread 3 ] DEBUG Engine               - class com.almasb.fxgl.app.services.FXGLAssetLoaderService
15:06:29.180 [FXGL Background Thread 3 ] DEBUG Engine               - class com.almasb.fxgl.app.FXGLApplication$GameApplicationService
15:06:29.180 [FXGL Background Thread 3 ] DEBUG Engine               - class com.almasb.fxgl.app.services.FXGLDialogService
15:06:29.180 [FXGL Background Thread 3 ] DEBUG Engine               - class com.almasb.fxgl.app.services.IOTaskExecutorService
15:06:29.180 [FXGL Background Thread 3 ] DEBUG Engine               - class com.almasb.fxgl.io.FileSystemService
15:06:29.180 [FXGL Background Thread 3 ] DEBUG Engine               - class com.almasb.fxgl.localization.LocalizationService
15:06:29.180 [FXGL Background Thread 3 ] DEBUG Engine               - class com.almasb.fxgl.app.services.SystemBundleService
15:06:29.180 [FXGL Background Thread 3 ] DEBUG Engine               - class com.almasb.fxgl.profile.SaveLoadService
15:06:29.180 [FXGL Background Thread 3 ] DEBUG Engine               - class com.almasb.fxgl.ui.FXGLUIFactoryServiceProvider
15:06:29.181 [FXGL Background Thread 3 ] DEBUG Engine               - class com.almasb.fxgl.ui.FXGLDialogFactoryServiceProvider
15:06:29.181 [FXGL Background Thread 3 ] DEBUG Engine               - class com.almasb.fxgl.audio.AudioPlayer
15:06:29.181 [FXGL Background Thread 3 ] DEBUG Engine               - class com.almasb.fxgl.notification.impl.NotificationServiceProvider
15:06:29.181 [FXGL Background Thread 3 ] DEBUG Engine               - class com.almasb.fxgl.achievement.AchievementService
15:06:29.181 [FXGL Background Thread 3 ] DEBUG Engine               - class com.almasb.fxgl.cutscene.CutsceneService
15:06:29.181 [FXGL Background Thread 3 ] DEBUG Engine               - class com.almasb.fxgl.minigames.MiniGameService
15:06:29.181 [FXGL Background Thread 3 ] DEBUG Engine               - class com.almasb.fxgl.net.NetService
15:06:29.181 [FXGL Background Thread 3 ] DEBUG Engine               - class com.almasb.fxgl.app.services.UpdaterService
15:06:29.181 [FXGL Background Thread 3 ] DEBUG Engine               - class com.almasb.fxgl.dev.DevService
15:06:31.264 [JavaFX Application Thread] DEBUG FXGLApplication      - Exiting FXGL
15:06:31.264 [JavaFX Application Thread] DEBUG Async                - Shutting down background threads
15:06:31.264 [JavaFX Application Thread] DEBUG PrimaryStageWindow   - Closing main window
15:06:31.279 [JavaFX Application Thread] DEBUG Logger               - Closing Logger
