21:51:38.209 [main                     ] DEBUG Logger               - Configured Logger
21:51:38.234 [main                     ] DEBUG GameApplication      - Logging settings
Title: BomberMan
Version: 0.1
Width: 1250
Height: 600
Fullscreen: false
Intro: false
Profiling: false
Single step:false
App Mode: DEVELOPER
Menu Key: ESCAPE
Stage Style: DECORATED
Scene Factory: class com.almasb.fxgl.app.scene.SceneFactory

21:51:38.793 [JavaFX Application Thread] DEBUG FXGLApplication      - Initializing FXGL
21:51:38.796 [JavaFX Application Thread] INFO  Engine               - FXGL-17.3 (30.03.2023 11.49) on WINDOWS (J:21.0.2 FX:21)
21:51:38.796 [JavaFX Application Thread] DEBUG Engine               - JRE Vendor Name: Eclipse Adoptium
21:51:38.796 [JavaFX Application Thread] DEBUG Engine               - Running on OS: Windows 11 version 10.0
21:51:38.796 [JavaFX Application Thread] DEBUG Engine               - Architecture: amd64
21:51:38.796 [JavaFX Application Thread] INFO  Engine               - Source code and latest versions at: https://github.com/AlmasB/FXGL
21:51:38.796 [JavaFX Application Thread] INFO  Engine               -       Ask questions and discuss at: https://github.com/AlmasB/FXGL/discussions
21:51:38.797 [JavaFX Application Thread] INFO  Engine               -              Join the FXGL chat at: https://gitter.im/AlmasB/FXGL
21:51:38.858 [JavaFX Application Thread] DEBUG PrimaryStageWindow   - Creating a JavaFX scene
21:51:38.896 [JavaFX Application Thread] DEBUG PrimaryStageWindow   - Target settings size: 1250.0 x 600.0
21:51:38.897 [JavaFX Application Thread] DEBUG PrimaryStageWindow   - Scaled scene size:    1250.0 x 600.0
21:51:38.897 [JavaFX Application Thread] DEBUG PrimaryStageWindow   - Scaled ratio: (1.0, 1.0)
21:51:38.898 [JavaFX Application Thread] DEBUG PrimaryStageWindow   - Set initial scene to FXGLStartupScene
21:51:38.900 [JavaFX Application Thread] DEBUG PrimaryStageWindow   - Opening main window
21:51:38.973 [JavaFX Application Thread] DEBUG PrimaryStageWindow   - Window border size: (14.800048828125, 37.5999755859375)
21:51:38.973 [JavaFX Application Thread] DEBUG PrimaryStageWindow   - Scaled size: 1250.0 x 600.0
21:51:38.973 [JavaFX Application Thread] DEBUG PrimaryStageWindow   - Scaled ratio: (1.0, 1.0)
21:51:38.973 [JavaFX Application Thread] DEBUG PrimaryStageWindow   - Scene size: 1250.0 x 600.0
21:51:38.974 [JavaFX Application Thread] DEBUG PrimaryStageWindow   - Stage size: 1264.800048828125 x 637.5999755859375
21:51:38.981 [FXGL Background Thread 1 ] DEBUG Engine               - Initializing environment variables
21:51:39.026 [FXGL Background Thread 1 ] DEBUG FXGLAssetLoaderServi - User app class for loading assets: class me.pooh.bakudun.App
21:51:39.026 [FXGL Background Thread 1 ] DEBUG GameApplicationServi - Applying CSS: fxgl_dark.css
21:51:39.027 [FXGL Background Thread 1 ] DEBUG FXGLAssetLoaderServi - Loading from file system: jar:file:///C:/Users/POO/.m2/repository/com/github/almasb/fxgl/17.3/fxgl-17.3.jar!/fxglassets/ui/css/fxgl_dark.css
21:51:39.067 [FXGL Background Thread 1 ] DEBUG GameApplicationServi - Initializing application scenes
21:51:39.099 [FXGL Background Thread 1 ] DEBUG GameWorld            - Game world initialized
21:51:39.146 [FXGL Background Thread 1 ] DEBUG PhysicsWorld         - Physics world initialized: appHeight=600, physics.ppm=50.0
21:51:39.147 [FXGL Background Thread 1 ] DEBUG PhysicsWorld         - Using strategy: BRUTE_FORCE
21:51:39.151 [FXGL Background Thread 1 ] DEBUG GameScene            - Game scene initialized: 1250x600
21:51:39.161 [FXGL Background Thread 1 ] DEBUG FXGL.DefaultMenu     - createMenuBodyGameMenu()
21:51:39.172 [FXGL Background Thread 1 ] DEBUG FXGL.DefaultMenu     - createOptionsMenu()
21:51:39.179 [FXGL Background Thread 1 ] DEBUG FXGLAssetLoaderServi - Loading from file system: jar:file:///C:/Users/POO/.m2/repository/com/github/almasb/fxgl/17.3/fxgl-17.3.jar!/fxglassets/textures/particles/smoke.png
21:51:39.255 [FXGL Background Thread 1 ] DEBUG FXGLAssetLoaderServi - Loading from file system: jar:file:///C:/Users/POO/.m2/repository/com/github/almasb/fxgl/17.3/fxgl-17.3.jar!/fxglassets/textures/particles/trace_horizontal.png
21:51:39.281 [FXGL Background Thread 1 ] DEBUG GameApplicationServi - Application scenes initialized
21:51:39.294 [FXGL Background Thread 1 ] DEBUG SystemBundleService  - Loading FXGL system data
21:51:39.298 [FXGL Background Thread 1 ] DEBUG FileSystemAccess     - Reading from: C:\Users\POO\intellij\Bakudun\system\fxgl.bundle
21:51:39.308 [FXGL Background Thread 1 ] DEBUG SystemBundleService  - Bundle FXGL: {}
21:51:39.308 [FXGL Background Thread 1 ] DEBUG UpdaterService       - Checking for updates
21:51:39.313 [FXGL Background Thread 4 ] DEBUG FXGLApplication      - Loading fonts
21:51:39.313 [FXGL Background Thread 4 ] DEBUG FXGLAssetLoaderServi - Loading from file system: jar:file:///C:/Users/POO/.m2/repository/com/github/almasb/fxgl/17.3/fxgl-17.3.jar!/fxglassets/ui/fonts/VarelaRound-Regular.ttf
21:51:39.314 [FXGL Background Thread 1 ] DEBUG FXGLApplication      - Loading default localization
21:51:39.314 [FXGL Background Thread 1 ] DEBUG FXGLAssetLoaderServi - Loading from file system: jar:file:///C:/Users/POO/.m2/repository/com/github/almasb/fxgl/17.3/fxgl-17.3.jar!/fxglassets/languages/english.lang
21:51:39.340 [FXGL Background Thread 1 ] INFO  FXGLApplication      - FXGL initialization took: 0.359 sec
21:51:39.351 [JavaFX Application Thread] DEBUG Input                - Registered new binding: action0 - A
21:51:39.351 [JavaFX Application Thread] DEBUG Input                - Registered new binding: action1 - D
21:51:39.352 [JavaFX Application Thread] DEBUG Input                - Registered new binding: action2 - W
21:51:39.352 [JavaFX Application Thread] DEBUG Input                - Registered new binding: action3 - S
21:51:39.353 [FXGL Background Thread 4 ] DEBUG FXGLAssetLoaderServi - Loading from file system: jar:file:///C:/Users/POO/.m2/repository/com/github/almasb/fxgl/17.3/fxgl-17.3.jar!/fxglassets/ui/fonts/Abel-Regular.ttf
21:51:39.353 [JavaFX Application Thread] DEBUG FXGLAssetLoaderServi - Loading from file system: jar:file:///C:/Users/POO/.m2/repository/com/github/almasb/fxgl/17.3/fxgl-17.3.jar!/fxglassets/textures/fxgl_icon.png
21:51:39.356 [FXGL Background Thread 4 ] DEBUG FXGLAssetLoaderServi - Loading from file system: jar:file:///C:/Users/POO/.m2/repository/com/github/almasb/fxgl/17.3/fxgl-17.3.jar!/fxglassets/ui/fonts/TerminalLandMono-Regular.otf
21:51:39.360 [FXGL Background Thread 4 ] DEBUG FXGLAssetLoaderServi - Loading from file system: jar:file:///C:/Users/POO/.m2/repository/com/github/almasb/fxgl/17.3/fxgl-17.3.jar!/fxglassets/ui/fonts/Courier-Prime.ttf
21:51:39.372 [JavaFX Application Thread] DEBUG FXGLAssetLoaderServi - Loading from file system: jar:file:///C:/Users/POO/.m2/repository/com/github/almasb/fxgl/17.3/fxgl-17.3.jar!/fxglassets/textures/fxgl_default_cursor.png
21:51:39.374 [JavaFX Application Thread] DEBUG Input                - Registered new binding: Screenshot - CTRL+8
21:51:39.375 [JavaFX Application Thread] DEBUG Input                - Registered new binding: System info dump - CTRL+9
21:51:39.375 [JavaFX Application Thread] DEBUG Input                - Registered new binding: Restart - CTRL+R
21:51:39.375 [JavaFX Application Thread] DEBUG Input                - Registered new binding: Toggle Debug Camera - CTRL+7
21:51:39.379 [JavaFX Application Thread] DEBUG LoopRunner           - Starting loop
21:51:39.379 [JavaFX Application Thread] DEBUG LoopRunner           - Initializing JavaFX AnimationTimerLoop
21:51:39.380 [JavaFX Application Thread] DEBUG GameApplicationServi - Starting new game
21:51:39.381 [JavaFX Application Thread] DEBUG Input                - Clearing active input actions
21:51:39.392 [JavaFX Application Thread] DEBUG GameApplicationServi - Removing overlay from FXGLStartupScene and adding to FXGLLoadingScene
21:51:39.392 [JavaFX Application Thread] DEBUG PrimaryStageWindow   - FXGLStartupScene -> FXGLLoadingScene
21:51:39.392 [JavaFX Application Thread] DEBUG GameApplicationServi - Clearing previous game
21:51:39.392 [JavaFX Application Thread] DEBUG GameScene            - Clearing game scene
21:51:39.392 [JavaFX Application Thread] DEBUG GameWorld            - Clearing game world
21:51:39.392 [JavaFX Application Thread] DEBUG PhysicsWorld         - Clearing physics world
21:51:39.394 [FXGL Background Thread 4 ] DEBUG FXGLApplication      - Initializing game
21:51:39.394 [JavaFX Application Thread] DEBUG FXGLApplication      - Registering font factories with UI factory
21:51:39.398 [FXGL Background Thread 4 ] WARN  FXGLAssetLoaderServi - Asset "/assets/textures/ship.png" was not found!
21:51:39.398 [FXGL Background Thread 4 ] WARN  FXGLAssetLoaderServi - Failed to load IMAGE
21:51:39.504 [FXGL Background Thread 4 ] WARN  FXGLAssetLoaderServi - Asset "/assets/textures/ship.png" was not found!
21:51:39.504 [FXGL Background Thread 4 ] WARN  FXGLAssetLoaderServi - Failed to load IMAGE
21:51:39.506 [FXGL Background Thread 4 ] INFO  FXGLApplication      - Game initialization took: 0.112 sec
21:51:39.533 [JavaFX Application Thread] DEBUG Input                - Clearing active input actions
21:51:39.540 [JavaFX Application Thread] DEBUG GameApplicationServi - Removing overlay from FXGLLoadingScene and adding to GameScene
21:51:39.540 [JavaFX Application Thread] DEBUG PrimaryStageWindow   - FXGLLoadingScene -> GameScene
21:51:39.852 [FXGL Background Thread 2 ] INFO  UpdaterService       - Your current version:  17.3
21:51:39.852 [FXGL Background Thread 2 ] INFO  UpdaterService       - Latest stable version: 21.1
21:51:42.313 [FXGL Background Thread 3 ] DEBUG Engine               - Logging environment variables
21:51:42.313 [FXGL Background Thread 3 ] DEBUG Engine               - achievements: []
21:51:42.313 [FXGL Background Thread 3 ] DEBUG Engine               - actualHeight: 600.0
21:51:42.314 [FXGL Background Thread 3 ] DEBUG Engine               - actualHeightProperty: ReadOnlyDoubleProperty [value: 600.0]
21:51:42.314 [FXGL Background Thread 3 ] DEBUG Engine               - actualWidth: 1250.0
21:51:42.314 [FXGL Background Thread 3 ] DEBUG Engine               - actualWidthProperty: ReadOnlyDoubleProperty [value: 1250.0]
21:51:42.314 [FXGL Background Thread 3 ] DEBUG Engine               - appIcon: fxgl_icon.png
21:51:42.314 [FXGL Background Thread 3 ] DEBUG Engine               - applicationMode: DEVELOPER
21:51:42.314 [FXGL Background Thread 3 ] DEBUG Engine               - cSSList: [fxgl_dark.css]
21:51:42.314 [FXGL Background Thread 3 ] DEBUG Engine               - collisionDetectionStrategy: BRUTE_FORCE
21:51:42.314 [FXGL Background Thread 3 ] DEBUG Engine               - configClass: Optional.empty
21:51:42.314 [FXGL Background Thread 3 ] DEBUG Engine               - credits: []
21:51:42.314 [FXGL Background Thread 3 ] DEBUG Engine               - defaultCursor: CursorInfo(imageName=fxgl_default_cursor.png, hotspotX=7.0, hotspotY=6.0)
21:51:42.314 [FXGL Background Thread 3 ] DEBUG Engine               - devBBoxColorProperty: ObjectProperty [value: 0xff0000ff]
21:51:42.315 [FXGL Background Thread 3 ] DEBUG Engine               - devEnableDebugCameraProperty: BooleanProperty [value: false]
21:51:42.315 [FXGL Background Thread 3 ] DEBUG Engine               - devSensorColorProperty: ObjectProperty [value: 0xffff00ff]
21:51:42.315 [FXGL Background Thread 3 ] DEBUG Engine               - devShowBBoxProperty: BooleanProperty [value: false]
21:51:42.315 [FXGL Background Thread 3 ] DEBUG Engine               - devShowPositionProperty: BooleanProperty [value: false]
21:51:42.315 [FXGL Background Thread 3 ] DEBUG Engine               - enabledMenuItems: []
21:51:42.315 [FXGL Background Thread 3 ] DEBUG Engine               - engineServices: [class com.almasb.fxgl.app.services.FXGLAssetLoaderService, class com.almasb.fxgl.app.FXGLApplication$GameApplicationService, class com.almasb.fxgl.app.services.FXGLDialogService, class com.almasb.fxgl.app.services.IOTaskExecutorService, class com.almasb.fxgl.io.FileSystemService, class com.almasb.fxgl.localization.LocalizationService, class com.almasb.fxgl.app.services.SystemBundleService, class com.almasb.fxgl.profile.SaveLoadService, class com.almasb.fxgl.ui.FXGLUIFactoryServiceProvider, class com.almasb.fxgl.ui.FXGLDialogFactoryServiceProvider, class com.almasb.fxgl.audio.AudioPlayer, class com.almasb.fxgl.notification.impl.NotificationServiceProvider, class com.almasb.fxgl.achievement.AchievementService, class com.almasb.fxgl.cutscene.CutsceneService, class com.almasb.fxgl.minigames.MiniGameService, class com.almasb.fxgl.net.NetService, class com.almasb.fxgl.app.services.UpdaterService, class com.almasb.fxgl.dev.DevService]
21:51:42.315 [FXGL Background Thread 3 ] DEBUG Engine               - fontGame: Abel-Regular.ttf
21:51:42.315 [FXGL Background Thread 3 ] DEBUG Engine               - fontMono: TerminalLandMono-Regular.otf
21:51:42.315 [FXGL Background Thread 3 ] DEBUG Engine               - fontSizeScaleUI: 1.0
21:51:42.315 [FXGL Background Thread 3 ] DEBUG Engine               - fontText: Courier-Prime.ttf
21:51:42.315 [FXGL Background Thread 3 ] DEBUG Engine               - fontUI: VarelaRound-Regular.ttf
21:51:42.315 [FXGL Background Thread 3 ] DEBUG Engine               - fullScreen: BooleanProperty [value: false]
21:51:42.315 [FXGL Background Thread 3 ] DEBUG Engine               - gameDifficulty: MEDIUM
21:51:42.315 [FXGL Background Thread 3 ] DEBUG Engine               - gameDifficultyProperty: ObjectProperty [value: MEDIUM]
21:51:42.315 [FXGL Background Thread 3 ] DEBUG Engine               - globalMusicVolume: 0.5
21:51:42.315 [FXGL Background Thread 3 ] DEBUG Engine               - globalMusicVolumeProperty: DoubleProperty [value: 0.5]
21:51:42.315 [FXGL Background Thread 3 ] DEBUG Engine               - globalSoundVolume: 0.5
21:51:42.315 [FXGL Background Thread 3 ] DEBUG Engine               - globalSoundVolumeProperty: DoubleProperty [value: 0.5]
21:51:42.315 [FXGL Background Thread 3 ] DEBUG Engine               - height: 600
21:51:42.315 [FXGL Background Thread 3 ] DEBUG Engine               - is3D: false
21:51:42.316 [FXGL Background Thread 3 ] DEBUG Engine               - isAndroid: false
21:51:42.316 [FXGL Background Thread 3 ] DEBUG Engine               - isBrowser: false
21:51:42.316 [FXGL Background Thread 3 ] DEBUG Engine               - isClickFeedbackEnabled: false
21:51:42.316 [FXGL Background Thread 3 ] DEBUG Engine               - isCloseConfirmation: false
21:51:42.316 [FXGL Background Thread 3 ] DEBUG Engine               - isDesktop: true
21:51:42.316 [FXGL Background Thread 3 ] DEBUG Engine               - isDeveloperMenuEnabled: false
21:51:42.316 [FXGL Background Thread 3 ] DEBUG Engine               - isEmbedded: false
21:51:42.316 [FXGL Background Thread 3 ] DEBUG Engine               - isEntityPreloadEnabled: true
21:51:42.316 [FXGL Background Thread 3 ] DEBUG Engine               - isExperimentalTiledLargeMap: false
21:51:42.316 [FXGL Background Thread 3 ] DEBUG Engine               - isFileSystemWriteAllowed: true
21:51:42.316 [FXGL Background Thread 3 ] DEBUG Engine               - isFullScreenAllowed: false
21:51:42.316 [FXGL Background Thread 3 ] DEBUG Engine               - isFullScreenFromStart: false
21:51:42.316 [FXGL Background Thread 3 ] DEBUG Engine               - isGameMenuEnabled: true
21:51:42.316 [FXGL Background Thread 3 ] DEBUG Engine               - isIOS: false
21:51:42.316 [FXGL Background Thread 3 ] DEBUG Engine               - isIntroEnabled: false
21:51:42.316 [FXGL Background Thread 3 ] DEBUG Engine               - isLinux: false
21:51:42.316 [FXGL Background Thread 3 ] DEBUG Engine               - isMac: false
21:51:42.316 [FXGL Background Thread 3 ] DEBUG Engine               - isMainMenuEnabled: false
21:51:42.317 [FXGL Background Thread 3 ] DEBUG Engine               - isManualResizeEnabled: false
21:51:42.317 [FXGL Background Thread 3 ] DEBUG Engine               - isMobile: false
21:51:42.317 [FXGL Background Thread 3 ] DEBUG Engine               - isNative: false
21:51:42.317 [FXGL Background Thread 3 ] DEBUG Engine               - isPauseMusicWhenMinimized: true
21:51:42.317 [FXGL Background Thread 3 ] DEBUG Engine               - isPreserveResizeRatio: false
21:51:42.317 [FXGL Background Thread 3 ] DEBUG Engine               - isProfilingEnabled: false
21:51:42.317 [FXGL Background Thread 3 ] DEBUG Engine               - isScaleAffectedOnResize: true
21:51:42.317 [FXGL Background Thread 3 ] DEBUG Engine               - isSingleStep: false
21:51:42.317 [FXGL Background Thread 3 ] DEBUG Engine               - isUserProfileEnabled: false
21:51:42.317 [FXGL Background Thread 3 ] DEBUG Engine               - isWindows: true
21:51:42.317 [FXGL Background Thread 3 ] DEBUG Engine               - language: ObjectProperty [value: ENGLISH]
21:51:42.317 [FXGL Background Thread 3 ] DEBUG Engine               - menuKey: ESCAPE
21:51:42.317 [FXGL Background Thread 3 ] DEBUG Engine               - mouseSensitivity: 0.2
21:51:42.317 [FXGL Background Thread 3 ] DEBUG Engine               - notificationViewClass: class com.almasb.fxgl.notification.view.XboxNotificationView
21:51:42.317 [FXGL Background Thread 3 ] DEBUG Engine               - pixelsPerMeter: 50.0
21:51:42.317 [FXGL Background Thread 3 ] DEBUG Engine               - platform: WINDOWS
21:51:42.317 [FXGL Background Thread 3 ] DEBUG Engine               - prefHeightProperty: ReadOnlyDoubleProperty [value: 600.0]
21:51:42.317 [FXGL Background Thread 3 ] DEBUG Engine               - prefWidthProperty: ReadOnlyDoubleProperty [value: 1250.0]
21:51:42.317 [FXGL Background Thread 3 ] DEBUG Engine               - profileDir: profiles/
21:51:42.317 [FXGL Background Thread 3 ] DEBUG Engine               - profileName: StringProperty [value: DEFAULT]
21:51:42.317 [FXGL Background Thread 3 ] DEBUG Engine               - randomSeed: -1
21:51:42.318 [FXGL Background Thread 3 ] DEBUG Engine               - runtimeInfo: RuntimeInfo(platform=WINDOWS, version=17.3, build=30.03.2023 11.49)
21:51:42.318 [FXGL Background Thread 3 ] DEBUG Engine               - saveFileExt: sav
21:51:42.318 [FXGL Background Thread 3 ] DEBUG Engine               - scaledHeightProp$fxgl: DoubleProperty [bound, value: 600.0]
21:51:42.318 [FXGL Background Thread 3 ] DEBUG Engine               - scaledWidthProp$fxgl: DoubleProperty [bound, value: 1250.0]
21:51:42.318 [FXGL Background Thread 3 ] DEBUG Engine               - sceneFactory: com.almasb.fxgl.app.scene.SceneFactory@2389089e
21:51:42.318 [FXGL Background Thread 3 ] DEBUG Engine               - secondsIn24h: 60
21:51:42.318 [FXGL Background Thread 3 ] DEBUG Engine               - soundMenuBack: menu/back.wav
21:51:42.318 [FXGL Background Thread 3 ] DEBUG Engine               - soundMenuPress: menu/press.wav
21:51:42.319 [FXGL Background Thread 3 ] DEBUG Engine               - soundMenuSelect: menu/select.wav
21:51:42.319 [FXGL Background Thread 3 ] DEBUG Engine               - soundNotification: core/notification.wav
21:51:42.319 [FXGL Background Thread 3 ] DEBUG Engine               - stageStyle: DECORATED
21:51:42.319 [FXGL Background Thread 3 ] DEBUG Engine               - supportedLanguages: [ENGLISH, FRENCH, GERMAN, HUNGARIAN, RUSSIAN]
21:51:42.319 [FXGL Background Thread 3 ] DEBUG Engine               - ticksPerSecond: -1
21:51:42.319 [FXGL Background Thread 3 ] DEBUG Engine               - title: BomberMan
21:51:42.319 [FXGL Background Thread 3 ] DEBUG Engine               - urlGithub: https://github.com/AlmasB/FXGL
21:51:42.319 [FXGL Background Thread 3 ] DEBUG Engine               - urlLeaderboard: http://fxgl-top.herokuapp.com/
21:51:42.319 [FXGL Background Thread 3 ] DEBUG Engine               - urlPOM: https://raw.githubusercontent.com/AlmasB/FXGL/release/README.md
21:51:42.319 [FXGL Background Thread 3 ] DEBUG Engine               - userAppClass: class me.pooh.bakudun.App
21:51:42.319 [FXGL Background Thread 3 ] DEBUG Engine               - version: 0.1
21:51:42.319 [FXGL Background Thread 3 ] DEBUG Engine               - versionCheckDays: 7
21:51:42.319 [FXGL Background Thread 3 ] DEBUG Engine               - width: 1250
21:51:42.319 [FXGL Background Thread 3 ] DEBUG Engine               - Logging services
21:51:42.319 [FXGL Background Thread 3 ] DEBUG Engine               - class com.almasb.fxgl.app.services.FXGLAssetLoaderService
21:51:42.319 [FXGL Background Thread 3 ] DEBUG Engine               - class com.almasb.fxgl.app.FXGLApplication$GameApplicationService
21:51:42.319 [FXGL Background Thread 3 ] DEBUG Engine               - class com.almasb.fxgl.app.services.FXGLDialogService
21:51:42.319 [FXGL Background Thread 3 ] DEBUG Engine               - class com.almasb.fxgl.app.services.IOTaskExecutorService
21:51:42.319 [FXGL Background Thread 3 ] DEBUG Engine               - class com.almasb.fxgl.io.FileSystemService
21:51:42.320 [FXGL Background Thread 3 ] DEBUG Engine               - class com.almasb.fxgl.localization.LocalizationService
21:51:42.320 [FXGL Background Thread 3 ] DEBUG Engine               - class com.almasb.fxgl.app.services.SystemBundleService
21:51:42.320 [FXGL Background Thread 3 ] DEBUG Engine               - class com.almasb.fxgl.profile.SaveLoadService
21:51:42.320 [FXGL Background Thread 3 ] DEBUG Engine               - class com.almasb.fxgl.ui.FXGLUIFactoryServiceProvider
21:51:42.320 [FXGL Background Thread 3 ] DEBUG Engine               - class com.almasb.fxgl.ui.FXGLDialogFactoryServiceProvider
21:51:42.320 [FXGL Background Thread 3 ] DEBUG Engine               - class com.almasb.fxgl.audio.AudioPlayer
21:51:42.320 [FXGL Background Thread 3 ] DEBUG Engine               - class com.almasb.fxgl.notification.impl.NotificationServiceProvider
21:51:42.320 [FXGL Background Thread 3 ] DEBUG Engine               - class com.almasb.fxgl.achievement.AchievementService
21:51:42.320 [FXGL Background Thread 3 ] DEBUG Engine               - class com.almasb.fxgl.cutscene.CutsceneService
21:51:42.320 [FXGL Background Thread 3 ] DEBUG Engine               - class com.almasb.fxgl.minigames.MiniGameService
21:51:42.320 [FXGL Background Thread 3 ] DEBUG Engine               - class com.almasb.fxgl.net.NetService
21:51:42.320 [FXGL Background Thread 3 ] DEBUG Engine               - class com.almasb.fxgl.app.services.UpdaterService
21:51:42.320 [FXGL Background Thread 3 ] DEBUG Engine               - class com.almasb.fxgl.dev.DevService
21:51:43.700 [JavaFX Application Thread] DEBUG FXGLApplication      - Exiting FXGL
21:51:43.700 [JavaFX Application Thread] DEBUG LoopRunner           - Stopping loop
21:51:43.701 [JavaFX Application Thread] DEBUG SystemBundleService  - Saving FXGL system data
21:51:43.702 [JavaFX Application Thread] DEBUG FileSystemAccess     - Writing to: C:\Users\POO\intellij\Bakudun\system\fxgl.bundle
21:51:43.704 [JavaFX Application Thread] DEBUG Async                - Shutting down background threads
21:51:43.704 [JavaFX Application Thread] DEBUG PrimaryStageWindow   - Closing main window
21:51:43.718 [JavaFX Application Thread] DEBUG Logger               - Closing Logger
