14:17:31.464 [main                     ] DEBUG Logger               - Configured Logger
14:17:31.485 [main                     ] DEBUG GameApplication      - Logging settings
Title: BomberMan
Version: 0.1
Width: 640
Height: 480
Fullscreen: false
Intro: false
Profiling: false
Single step:false
App Mode: DEVELOPER
Menu Key: ESCAPE
Stage Style: DECORATED
Scene Factory: class com.almasb.fxgl.app.scene.SceneFactory

14:17:32.006 [JavaFX Application Thread] DEBUG FXGLApplication      - Initializing FXGL
14:17:32.010 [JavaFX Application Thread] INFO  Engine               - FXGL-21.1 (27.03.2024 07.52) on WINDOWS (J:21.0.2 FX:21.0.1)
14:17:32.010 [JavaFX Application Thread] DEBUG Engine               - JRE Vendor Name: Eclipse Adoptium
14:17:32.010 [JavaFX Application Thread] DEBUG Engine               - Running on OS: Windows 11 version 10.0
14:17:32.010 [JavaFX Application Thread] DEBUG Engine               - Architecture: amd64
14:17:32.010 [JavaFX Application Thread] INFO  Engine               - Source code and latest versions at: https://github.com/AlmasB/FXGL
14:17:32.010 [JavaFX Application Thread] INFO  Engine               -       Ask questions and discuss at: https://github.com/AlmasB/FXGL/discussions
14:17:32.010 [JavaFX Application Thread] INFO  Engine               -              Join the FXGL chat at: https://gitter.im/AlmasB/FXGL
14:17:32.073 [JavaFX Application Thread] DEBUG PrimaryStageWindow   - Creating a JavaFX scene
14:17:32.110 [JavaFX Application Thread] DEBUG PrimaryStageWindow   - Target settings size: 640.0 x 480.0
14:17:32.110 [JavaFX Application Thread] DEBUG PrimaryStageWindow   - Scaled scene size:    640.0 x 480.0
14:17:32.110 [JavaFX Application Thread] DEBUG PrimaryStageWindow   - Scaled ratio: (1.0, 1.0)
14:17:32.111 [JavaFX Application Thread] DEBUG PrimaryStageWindow   - Set initial scene to FXGLStartupScene
14:17:32.114 [JavaFX Application Thread] DEBUG PrimaryStageWindow   - Opening main window
14:17:32.189 [JavaFX Application Thread] DEBUG PrimaryStageWindow   - Window border size: (14.4000244140625, 37.5999755859375)
14:17:32.190 [JavaFX Application Thread] DEBUG PrimaryStageWindow   - Scaled size: 640.0 x 480.0
14:17:32.190 [JavaFX Application Thread] DEBUG PrimaryStageWindow   - Scaled ratio: (1.0, 1.0)
14:17:32.190 [JavaFX Application Thread] DEBUG PrimaryStageWindow   - Scene size: 640.0 x 480.0
14:17:32.190 [JavaFX Application Thread] DEBUG PrimaryStageWindow   - Stage size: 654.4000244140625 x 517.5999755859375
14:17:32.196 [FXGL Background Thread 1 ] DEBUG Engine               - Initializing environment variables
14:17:32.244 [FXGL Background Thread 1 ] DEBUG FXGLAssetLoaderServi - User app class for loading assets: class me.pooh.bakudun.App
14:17:32.244 [FXGL Background Thread 1 ] DEBUG GameApplicationServi - Applying CSS: fxgl_dark.css
14:17:32.245 [FXGL Background Thread 1 ] DEBUG FXGLAssetLoaderServi - Loading from file system: jar:file:///C:/Users/POO/.m2/repository/com/github/almasb/fxgl/21.1/fxgl-21.1.jar!/fxglassets/ui/css/fxgl_dark.css
14:17:32.295 [FXGL Background Thread 1 ] DEBUG GameApplicationServi - Initializing application scenes
14:17:32.331 [FXGL Background Thread 1 ] DEBUG GameWorld            - Game world initialized
14:17:32.388 [FXGL Background Thread 1 ] DEBUG PhysicsWorld         - Physics world initialized: appHeight=480, physics.ppm=50.0
14:17:32.389 [FXGL Background Thread 1 ] DEBUG PhysicsWorld         - Using strategy: BRUTE_FORCE
14:17:32.393 [FXGL Background Thread 1 ] DEBUG GameScene            - Game scene initialized: 640x480
14:17:32.406 [FXGL Background Thread 1 ] WARN  FXGL.DefaultMenu     - FXGLDefaultMenu is not designed for resolutions < 800x600
14:17:32.406 [FXGL Background Thread 1 ] DEBUG FXGL.DefaultMenu     - createMenuBodyGameMenu()
14:17:32.417 [FXGL Background Thread 1 ] DEBUG FXGL.DefaultMenu     - createOptionsMenu()
14:17:32.424 [FXGL Background Thread 1 ] DEBUG FXGLAssetLoaderServi - Loading from file system: jar:file:///C:/Users/POO/.m2/repository/com/github/almasb/fxgl/21.1/fxgl-21.1.jar!/fxglassets/textures/particles/smoke.png
14:17:32.497 [FXGL Background Thread 1 ] DEBUG FXGLAssetLoaderServi - Loading from file system: jar:file:///C:/Users/POO/.m2/repository/com/github/almasb/fxgl/21.1/fxgl-21.1.jar!/fxglassets/textures/particles/trace_horizontal.png
14:17:32.525 [FXGL Background Thread 1 ] DEBUG GameApplicationServi - Application scenes initialized
14:17:32.540 [FXGL Background Thread 1 ] DEBUG SystemBundleService  - Loading FXGL system data
14:17:32.544 [FXGL Background Thread 1 ] DEBUG FileSystemAccess     - Reading from: C:\Users\POO\intellij\Bakudun\system\fxgl.bundle
14:17:32.557 [FXGL Background Thread 1 ] DEBUG SystemBundleService  - Bundle FXGL: {}
14:17:32.557 [FXGL Background Thread 1 ] DEBUG UpdaterService       - Checking for updates
14:17:32.587 [FXGL Background Thread 4 ] DEBUG FXGLApplication      - Loading fonts
14:17:32.588 [FXGL Background Thread 4 ] DEBUG FXGLAssetLoaderServi - Loading from file system: jar:file:///C:/Users/POO/.m2/repository/com/github/almasb/fxgl/21.1/fxgl-21.1.jar!/fxglassets/ui/fonts/VarelaRound-Regular.ttf
14:17:32.588 [FXGL Background Thread 1 ] DEBUG FXGLApplication      - Loading default localization
14:17:32.589 [FXGL Background Thread 1 ] DEBUG FXGLAssetLoaderServi - Loading from file system: jar:file:///C:/Users/POO/.m2/repository/com/github/almasb/fxgl/21.1/fxgl-21.1.jar!/fxglassets/languages/english.lang
14:17:32.609 [FXGL Background Thread 1 ] INFO  FXGLApplication      - FXGL initialization took: 0.413 sec
14:17:32.620 [JavaFX Application Thread] DEBUG Input                - Registered new binding: Right - D
14:17:32.620 [JavaFX Application Thread] DEBUG Input                - Registered new binding: Left - A
14:17:32.621 [JavaFX Application Thread] DEBUG Input                - Registered new binding: Up - W
14:17:32.621 [JavaFX Application Thread] DEBUG Input                - Registered new binding: Down - S
14:17:32.621 [JavaFX Application Thread] DEBUG Input                - Registered new binding: Place Bomb - Space
14:17:32.621 [JavaFX Application Thread] DEBUG FXGLAssetLoaderServi - Loading from file system: jar:file:///C:/Users/POO/.m2/repository/com/github/almasb/fxgl/21.1/fxgl-21.1.jar!/fxglassets/textures/fxgl_icon.png
14:17:32.628 [FXGL Background Thread 4 ] DEBUG FXGLAssetLoaderServi - Loading from file system: jar:file:///C:/Users/POO/.m2/repository/com/github/almasb/fxgl/21.1/fxgl-21.1.jar!/fxglassets/ui/fonts/Abel-Regular.ttf
14:17:32.633 [FXGL Background Thread 4 ] DEBUG FXGLAssetLoaderServi - Loading from file system: jar:file:///C:/Users/POO/.m2/repository/com/github/almasb/fxgl/21.1/fxgl-21.1.jar!/fxglassets/ui/fonts/TerminalLandMono-Regular.otf
14:17:32.637 [FXGL Background Thread 4 ] DEBUG FXGLAssetLoaderServi - Loading from file system: jar:file:///C:/Users/POO/.m2/repository/com/github/almasb/fxgl/21.1/fxgl-21.1.jar!/fxglassets/ui/fonts/Courier-Prime.ttf
14:17:32.643 [JavaFX Application Thread] DEBUG FXGLAssetLoaderServi - Loading from file system: jar:file:///C:/Users/POO/.m2/repository/com/github/almasb/fxgl/21.1/fxgl-21.1.jar!/fxglassets/textures/fxgl_default_cursor.png
14:17:32.646 [JavaFX Application Thread] DEBUG Input                - Registered new binding: Screenshot - CTRL+8
14:17:32.647 [JavaFX Application Thread] DEBUG Input                - Registered new binding: Dev Options - 1
14:17:32.647 [JavaFX Application Thread] DEBUG Input                - Registered new binding: Dev Console - 2
14:17:32.649 [JavaFX Application Thread] DEBUG Input                - Registered new binding: System info dump - CTRL+9
14:17:32.649 [JavaFX Application Thread] DEBUG Input                - Registered new binding: Restart - CTRL+R
14:17:32.650 [JavaFX Application Thread] DEBUG Input                - Registered new binding: Toggle Debug Camera - CTRL+7
14:17:32.655 [JavaFX Application Thread] DEBUG LoopRunner           - Starting loop
14:17:32.676 [JavaFX Application Thread] DEBUG LoopRunner           - Initializing JavaFX AnimationTimerLoop
14:17:32.679 [JavaFX Application Thread] DEBUG GameApplicationServi - Starting new game
14:17:32.680 [JavaFX Application Thread] DEBUG Input                - Clearing active input actions
14:17:32.694 [JavaFX Application Thread] DEBUG GameApplicationServi - Removing overlay from FXGLStartupScene and adding to FXGLLoadingScene
14:17:32.698 [JavaFX Application Thread] DEBUG PrimaryStageWindow   - FXGLStartupScene -> FXGLLoadingScene
14:17:32.698 [JavaFX Application Thread] DEBUG GameApplicationServi - Clearing previous game
14:17:32.698 [JavaFX Application Thread] DEBUG GameScene            - Clearing game scene
14:17:32.698 [JavaFX Application Thread] DEBUG GameWorld            - Clearing game world
14:17:32.698 [JavaFX Application Thread] DEBUG PhysicsWorld         - Clearing physics world
14:17:32.700 [FXGL Background Thread 4 ] DEBUG FXGLApplication      - Initializing game
14:17:32.700 [JavaFX Application Thread] DEBUG FXGLApplication      - Registering font factories with UI factory
14:17:32.770 [FXGL Background Thread 4 ] WARN  TMXLevelLoader       - TiledMap generated from 1.11.2. Supported version: 1.9.0. Some features may not be parsed fully.
14:17:32.803 [FXGL Background Thread 4 ] DEBUG TMXLevelLoader       - Parsed TiledMap: file:/C:/Users/POO/intellij/Bakudun/target/classes/assets/levels/Map.tmx
14:17:32.804 [FXGL Background Thread 4 ] DEBUG TMXLevelLoader       - Creating tile layer entities
14:17:32.806 [FXGL Background Thread 4 ] DEBUG TilesetLoader        - Loading view for layer เลเยอร์ไทล์ 1
14:17:32.807 [FXGL Background Thread 4 ] DEBUG TilesetLoader        - Created buffer with size 640.0x480.0
14:17:32.815 [FXGL Background Thread 4 ] WARN  TilesetLoader        - Diagonally flipped tiles are not currently supported
14:17:32.829 [FXGL Background Thread 4 ] WARN  TilesetLoader        - Diagonally flipped tiles are not currently supported
14:17:32.842 [FXGL Background Thread 4 ] DEBUG TilesetLoader        - Loading view for layer WALL48
14:17:32.843 [FXGL Background Thread 4 ] DEBUG TilesetLoader        - Created buffer with size 640.0x480.0
14:17:32.844 [FXGL Background Thread 4 ] DEBUG TilesetLoader        - Loading view for layer WALL47
14:17:32.844 [FXGL Background Thread 4 ] DEBUG TilesetLoader        - Created buffer with size 640.0x480.0
14:17:32.845 [FXGL Background Thread 4 ] DEBUG TilesetLoader        - Loading view for layer WALL46
14:17:32.846 [FXGL Background Thread 4 ] DEBUG TilesetLoader        - Created buffer with size 640.0x480.0
14:17:32.846 [FXGL Background Thread 4 ] DEBUG TilesetLoader        - Loading view for layer WALL45
14:17:32.846 [FXGL Background Thread 4 ] DEBUG TilesetLoader        - Created buffer with size 640.0x480.0
14:17:32.848 [FXGL Background Thread 4 ] DEBUG TilesetLoader        - Loading view for layer WALL44
14:17:32.848 [FXGL Background Thread 4 ] DEBUG TilesetLoader        - Created buffer with size 640.0x480.0
14:17:32.849 [FXGL Background Thread 4 ] DEBUG TilesetLoader        - Loading view for layer WALL43
14:17:32.849 [FXGL Background Thread 4 ] DEBUG TilesetLoader        - Created buffer with size 640.0x480.0
14:17:32.850 [FXGL Background Thread 4 ] DEBUG TilesetLoader        - Loading view for layer WALL42
14:17:32.850 [FXGL Background Thread 4 ] DEBUG TilesetLoader        - Created buffer with size 640.0x480.0
14:17:32.851 [FXGL Background Thread 4 ] DEBUG TilesetLoader        - Loading view for layer WALL41
14:17:32.851 [FXGL Background Thread 4 ] DEBUG TilesetLoader        - Created buffer with size 640.0x480.0
14:17:32.851 [FXGL Background Thread 4 ] DEBUG TilesetLoader        - Loading view for layer WALL40
14:17:32.852 [FXGL Background Thread 4 ] DEBUG TilesetLoader        - Created buffer with size 640.0x480.0
14:17:32.852 [FXGL Background Thread 4 ] DEBUG TilesetLoader        - Loading view for layer WALL39
14:17:32.853 [FXGL Background Thread 4 ] DEBUG TilesetLoader        - Created buffer with size 640.0x480.0
14:17:32.853 [FXGL Background Thread 4 ] DEBUG TilesetLoader        - Loading view for layer WALL38
14:17:32.854 [FXGL Background Thread 4 ] DEBUG TilesetLoader        - Created buffer with size 640.0x480.0
14:17:32.854 [FXGL Background Thread 4 ] DEBUG TilesetLoader        - Loading view for layer WALL37
14:17:32.855 [FXGL Background Thread 4 ] DEBUG TilesetLoader        - Created buffer with size 640.0x480.0
14:17:32.862 [FXGL Background Thread 4 ] DEBUG TilesetLoader        - Loading view for layer WALL36
14:17:32.862 [FXGL Background Thread 4 ] DEBUG TilesetLoader        - Created buffer with size 640.0x480.0
14:17:32.863 [FXGL Background Thread 4 ] DEBUG TilesetLoader        - Loading view for layer WALL35
14:17:32.863 [FXGL Background Thread 4 ] DEBUG TilesetLoader        - Created buffer with size 640.0x480.0
14:17:32.864 [FXGL Background Thread 4 ] DEBUG TilesetLoader        - Loading view for layer WALL34
14:17:32.869 [FXGL Background Thread 4 ] DEBUG TilesetLoader        - Created buffer with size 640.0x480.0
14:17:32.870 [FXGL Background Thread 4 ] DEBUG TilesetLoader        - Loading view for layer WALL33
14:17:32.871 [FXGL Background Thread 4 ] DEBUG TilesetLoader        - Created buffer with size 640.0x480.0
14:17:32.871 [FXGL Background Thread 4 ] DEBUG TilesetLoader        - Loading view for layer WALL32
14:17:32.871 [FXGL Background Thread 4 ] DEBUG TilesetLoader        - Created buffer with size 640.0x480.0
14:17:32.872 [FXGL Background Thread 4 ] DEBUG TilesetLoader        - Loading view for layer WALL31
14:17:32.873 [FXGL Background Thread 4 ] DEBUG TilesetLoader        - Created buffer with size 640.0x480.0
14:17:32.875 [FXGL Background Thread 4 ] DEBUG TilesetLoader        - Loading view for layer WALL30
14:17:32.876 [FXGL Background Thread 4 ] DEBUG TilesetLoader        - Created buffer with size 640.0x480.0
14:17:32.877 [FXGL Background Thread 4 ] DEBUG TilesetLoader        - Loading view for layer WALL29
14:17:32.877 [FXGL Background Thread 4 ] DEBUG TilesetLoader        - Created buffer with size 640.0x480.0
14:17:32.878 [FXGL Background Thread 4 ] DEBUG TilesetLoader        - Loading view for layer WALL28
14:17:32.880 [FXGL Background Thread 4 ] DEBUG TilesetLoader        - Created buffer with size 640.0x480.0
14:17:32.881 [FXGL Background Thread 4 ] DEBUG TilesetLoader        - Loading view for layer WALL27
14:17:32.881 [FXGL Background Thread 4 ] DEBUG TilesetLoader        - Created buffer with size 640.0x480.0
14:17:32.882 [FXGL Background Thread 4 ] DEBUG TilesetLoader        - Loading view for layer WALL26
14:17:32.882 [FXGL Background Thread 4 ] DEBUG TilesetLoader        - Created buffer with size 640.0x480.0
14:17:32.883 [FXGL Background Thread 4 ] DEBUG TilesetLoader        - Loading view for layer WALL25
14:17:32.883 [FXGL Background Thread 4 ] DEBUG TilesetLoader        - Created buffer with size 640.0x480.0
14:17:32.883 [FXGL Background Thread 4 ] DEBUG TilesetLoader        - Loading view for layer WALL24
14:17:32.884 [FXGL Background Thread 4 ] DEBUG TilesetLoader        - Created buffer with size 640.0x480.0
14:17:32.884 [FXGL Background Thread 4 ] DEBUG TilesetLoader        - Loading view for layer WALL23
14:17:32.885 [FXGL Background Thread 4 ] DEBUG TilesetLoader        - Created buffer with size 640.0x480.0
14:17:32.885 [FXGL Background Thread 4 ] DEBUG TilesetLoader        - Loading view for layer WALL22
14:17:32.885 [FXGL Background Thread 4 ] DEBUG TilesetLoader        - Created buffer with size 640.0x480.0
14:17:32.886 [FXGL Background Thread 4 ] DEBUG TilesetLoader        - Loading view for layer WALL21
14:17:32.886 [FXGL Background Thread 4 ] DEBUG TilesetLoader        - Created buffer with size 640.0x480.0
14:17:32.887 [FXGL Background Thread 4 ] DEBUG TilesetLoader        - Loading view for layer WALL20
14:17:32.887 [FXGL Background Thread 4 ] DEBUG TilesetLoader        - Created buffer with size 640.0x480.0
14:17:32.888 [FXGL Background Thread 4 ] DEBUG TilesetLoader        - Loading view for layer WALL19
14:17:32.889 [FXGL Background Thread 4 ] DEBUG TilesetLoader        - Created buffer with size 640.0x480.0
14:17:32.890 [FXGL Background Thread 4 ] DEBUG TilesetLoader        - Loading view for layer WALL18
14:17:32.891 [FXGL Background Thread 4 ] DEBUG TilesetLoader        - Created buffer with size 640.0x480.0
14:17:32.891 [FXGL Background Thread 4 ] DEBUG TilesetLoader        - Loading view for layer WALL17
14:17:32.892 [FXGL Background Thread 4 ] DEBUG TilesetLoader        - Created buffer with size 640.0x480.0
14:17:32.893 [FXGL Background Thread 4 ] DEBUG TilesetLoader        - Loading view for layer WALL16
14:17:32.896 [FXGL Background Thread 4 ] DEBUG TilesetLoader        - Created buffer with size 640.0x480.0
14:17:32.897 [FXGL Background Thread 4 ] DEBUG TilesetLoader        - Loading view for layer WALL15
14:17:32.897 [FXGL Background Thread 4 ] DEBUG TilesetLoader        - Created buffer with size 640.0x480.0
14:17:32.898 [FXGL Background Thread 4 ] DEBUG TilesetLoader        - Loading view for layer WALL14
14:17:32.898 [FXGL Background Thread 4 ] DEBUG TilesetLoader        - Created buffer with size 640.0x480.0
14:17:32.899 [FXGL Background Thread 4 ] DEBUG TilesetLoader        - Loading view for layer WALL13
14:17:32.899 [FXGL Background Thread 4 ] DEBUG TilesetLoader        - Created buffer with size 640.0x480.0
14:17:32.900 [FXGL Background Thread 4 ] DEBUG TilesetLoader        - Loading view for layer WALL12
14:17:32.900 [FXGL Background Thread 4 ] DEBUG TilesetLoader        - Created buffer with size 640.0x480.0
14:17:32.900 [FXGL Background Thread 4 ] DEBUG TilesetLoader        - Loading view for layer WALL11
14:17:32.901 [FXGL Background Thread 4 ] DEBUG TilesetLoader        - Created buffer with size 640.0x480.0
14:17:32.901 [FXGL Background Thread 4 ] DEBUG TilesetLoader        - Loading view for layer WALL10
14:17:32.902 [FXGL Background Thread 4 ] DEBUG TilesetLoader        - Created buffer with size 640.0x480.0
14:17:32.902 [FXGL Background Thread 4 ] DEBUG TilesetLoader        - Loading view for layer WALL9
14:17:32.903 [FXGL Background Thread 4 ] DEBUG TilesetLoader        - Created buffer with size 640.0x480.0
14:17:32.903 [FXGL Background Thread 4 ] DEBUG TilesetLoader        - Loading view for layer WALL8
14:17:32.903 [FXGL Background Thread 4 ] DEBUG TilesetLoader        - Created buffer with size 640.0x480.0
14:17:32.905 [FXGL Background Thread 4 ] DEBUG TilesetLoader        - Loading view for layer WALL7
14:17:32.906 [FXGL Background Thread 4 ] DEBUG TilesetLoader        - Created buffer with size 640.0x480.0
14:17:32.907 [FXGL Background Thread 4 ] DEBUG TilesetLoader        - Loading view for layer WALL6
14:17:32.907 [FXGL Background Thread 4 ] DEBUG TilesetLoader        - Created buffer with size 640.0x480.0
14:17:32.908 [FXGL Background Thread 4 ] DEBUG TilesetLoader        - Loading view for layer WALL5
14:17:32.911 [FXGL Background Thread 4 ] DEBUG TilesetLoader        - Created buffer with size 640.0x480.0
14:17:32.912 [FXGL Background Thread 4 ] DEBUG TilesetLoader        - Loading view for layer WALL4
14:17:32.912 [FXGL Background Thread 4 ] DEBUG TilesetLoader        - Created buffer with size 640.0x480.0
14:17:32.913 [FXGL Background Thread 4 ] DEBUG TilesetLoader        - Loading view for layer WALL3
14:17:32.913 [FXGL Background Thread 4 ] DEBUG TilesetLoader        - Created buffer with size 640.0x480.0
14:17:32.914 [FXGL Background Thread 4 ] DEBUG TilesetLoader        - Loading view for layer WALL2
14:17:32.916 [FXGL Background Thread 4 ] DEBUG TilesetLoader        - Created buffer with size 640.0x480.0
14:17:32.917 [FXGL Background Thread 4 ] DEBUG TilesetLoader        - Loading view for layer WALL1
14:17:32.918 [FXGL Background Thread 4 ] DEBUG TilesetLoader        - Created buffer with size 640.0x480.0
14:17:32.918 [FXGL Background Thread 4 ] DEBUG TilesetLoader        - Loading view for layer เลเยอร์ไทล์ 2
14:17:32.919 [FXGL Background Thread 4 ] DEBUG TilesetLoader        - Created buffer with size 640.0x480.0
14:17:32.920 [FXGL Background Thread 4 ] DEBUG TilesetLoader        - Loading view for layer เลเยอร์ไทล์ 3
14:17:32.921 [FXGL Background Thread 4 ] DEBUG TilesetLoader        - Created buffer with size 640.0x480.0
14:17:32.921 [FXGL Background Thread 4 ] DEBUG TMXLevelLoader       - Creating object layer entities
14:17:32.948 [FXGL Background Thread 4 ] DEBUG FXGLAssetLoaderServi - Loading from file system: file:/C:/Users/POO/intellij/Bakudun/target/classes/assets/textures/Jim2.png
14:17:32.975 [FXGL Background Thread 4 ] WARN  TMXLevelLoader       - Parse error
java.lang.IllegalArgumentException: No EntityFactory has a method annotated @Spawns(WALL48)
	at com.almasb.fxgl.entity@21.1/com.almasb.fxgl.entity.GameWorld.create(GameWorld.kt:413)
	at com.almasb.fxgl.entity@21.1/com.almasb.fxgl.entity.level.tiled.TMXLevelLoader.createObjectLayerEntities(TMXLevelLoader.kt:154)
	at com.almasb.fxgl.entity@21.1/com.almasb.fxgl.entity.level.tiled.TMXLevelLoader.load(TMXLevelLoader.kt:60)
	at com.almasb.fxgl.all@21.1/com.almasb.fxgl.app.services.FXGLAssetLoaderService.loadLevel(FXGLAssetLoaderService.kt:449)
	at me.pooh.bakudun/me.pooh.bakudun.App.initGame(App.java:63)
	at com.almasb.fxgl.all@21.1/com.almasb.fxgl.app.FXGLApplication$InitAppTask.initGame(FXGLApplication.kt:343)
	at com.almasb.fxgl.all@21.1/com.almasb.fxgl.app.FXGLApplication$InitAppTask.call(FXGLApplication.kt:321)
	at com.almasb.fxgl.all@21.1/com.almasb.fxgl.app.FXGLApplication$InitAppTask.call(FXGLApplication.kt:313)
	at javafx.graphics@21.0.1/javafx.concurrent.Task$TaskCallable.call(Task.java:1399)
	at java.base/java.util.concurrent.FutureTask.run(FutureTask.java:317)
	at java.base/java.util.concurrent.Executors$RunnableAdapter.call(Executors.java:572)
	at java.base/java.util.concurrent.FutureTask.run(FutureTask.java:317)
	at java.base/java.util.concurrent.ThreadPoolExecutor.runWorker(ThreadPoolExecutor.java:1144)
	at java.base/java.util.concurrent.ThreadPoolExecutor$Worker.run(ThreadPoolExecutor.java:642)
	at java.base/java.lang.Thread.run(Thread.java:1583)

14:17:33.043 [JavaFX Application Thread] DEBUG LoopRunner           - Stopping loop
14:17:33.044 [JavaFX Application Thread] FATAL FXGLApplication      - Uncaught Exception:
java.lang.RuntimeException: Initialization failed
	at com.almasb.fxgl.all@21.1/com.almasb.fxgl.app.FXGLApplication$InitAppTask.failed(FXGLApplication.kt:347)
	at javafx.graphics@21.0.1/javafx.concurrent.Task.setState(Task.java:710)
	at javafx.graphics@21.0.1/javafx.concurrent.Task$TaskCallable.lambda$call$2(Task.java:1429)
	at javafx.graphics@21.0.1/com.sun.javafx.application.PlatformImpl.lambda$runLater$10(PlatformImpl.java:456)
	at java.base/java.security.AccessController.doPrivileged(AccessController.java:400)
	at javafx.graphics@21.0.1/com.sun.javafx.application.PlatformImpl.lambda$runLater$11(PlatformImpl.java:455)
	at javafx.graphics@21.0.1/com.sun.glass.ui.InvokeLaterDispatcher$Future.run(InvokeLaterDispatcher.java:95)
	at javafx.graphics@21.0.1/com.sun.glass.ui.win.WinApplication._runLoop(Native Method)
	at javafx.graphics@21.0.1/com.sun.glass.ui.win.WinApplication.lambda$runLoop$3(WinApplication.java:185)
	at java.base/java.lang.Thread.run(Thread.java:1583)
Caused by: com.almasb.fxgl.entity.level.LevelLoadingException: No EntityFactory has a method annotated @Spawns(WALL48)
	at com.almasb.fxgl.entity@21.1/com.almasb.fxgl.entity.level.tiled.TMXLevelLoader.load(TMXLevelLoader.kt:77)
	at com.almasb.fxgl.all@21.1/com.almasb.fxgl.app.services.FXGLAssetLoaderService.loadLevel(FXGLAssetLoaderService.kt:449)
	at me.pooh.bakudun/me.pooh.bakudun.App.initGame(App.java:63)
	at com.almasb.fxgl.all@21.1/com.almasb.fxgl.app.FXGLApplication$InitAppTask.initGame(FXGLApplication.kt:343)
	at com.almasb.fxgl.all@21.1/com.almasb.fxgl.app.FXGLApplication$InitAppTask.call(FXGLApplication.kt:321)
	at com.almasb.fxgl.all@21.1/com.almasb.fxgl.app.FXGLApplication$InitAppTask.call(FXGLApplication.kt:313)
	at javafx.graphics@21.0.1/javafx.concurrent.Task$TaskCallable.call(Task.java:1399)
	at java.base/java.util.concurrent.FutureTask.run(FutureTask.java:317)
	at java.base/java.util.concurrent.Executors$RunnableAdapter.call(Executors.java:572)
	at java.base/java.util.concurrent.FutureTask.run(FutureTask.java:317)
	at java.base/java.util.concurrent.ThreadPoolExecutor.runWorker(ThreadPoolExecutor.java:1144)
	at java.base/java.util.concurrent.ThreadPoolExecutor$Worker.run(ThreadPoolExecutor.java:642)
	... 1 more
Caused by: java.lang.IllegalArgumentException: No EntityFactory has a method annotated @Spawns(WALL48)
	at com.almasb.fxgl.entity@21.1/com.almasb.fxgl.entity.GameWorld.create(GameWorld.kt:413)
	at com.almasb.fxgl.entity@21.1/com.almasb.fxgl.entity.level.tiled.TMXLevelLoader.createObjectLayerEntities(TMXLevelLoader.kt:154)
	at com.almasb.fxgl.entity@21.1/com.almasb.fxgl.entity.level.tiled.TMXLevelLoader.load(TMXLevelLoader.kt:60)
	... 12 more

14:17:33.044 [JavaFX Application Thread] FATAL FXGLApplication      - Application will now exit
14:17:33.051 [JavaFX Application Thread] DEBUG PrimaryStageWindow   - Push state: ErrorSubScene
14:17:33.053 [JavaFX Application Thread] DEBUG Input                - Clearing active input actions
14:17:33.055 [JavaFX Application Thread] DEBUG GameApplicationServi - Removing overlay from FXGLLoadingScene and adding to ErrorSubScene
14:17:33.058 [JavaFX Application Thread] DEBUG PrimaryStageWindow   - FXGLLoadingScene -> ErrorSubScene
14:17:35.586 [FXGL Background Thread 3 ] DEBUG Engine               - Logging environment variables
14:17:35.586 [FXGL Background Thread 3 ] DEBUG Engine               - achievements: []
14:17:35.586 [FXGL Background Thread 3 ] DEBUG Engine               - actualHeight: 480.0
14:17:35.586 [FXGL Background Thread 3 ] DEBUG Engine               - actualHeightProperty: ReadOnlyDoubleProperty [value: 480.0]
14:17:35.586 [FXGL Background Thread 3 ] DEBUG Engine               - actualWidth: 640.0
14:17:35.586 [FXGL Background Thread 3 ] DEBUG Engine               - actualWidthProperty: ReadOnlyDoubleProperty [value: 640.0]
14:17:35.586 [FXGL Background Thread 3 ] DEBUG Engine               - appIcon: fxgl_icon.png
14:17:35.586 [FXGL Background Thread 3 ] DEBUG Engine               - applicationMode: DEVELOPER
14:17:35.587 [FXGL Background Thread 3 ] DEBUG Engine               - cSSList: [fxgl_dark.css]
14:17:35.587 [FXGL Background Thread 3 ] DEBUG Engine               - collisionDetectionStrategy: BRUTE_FORCE
14:17:35.587 [FXGL Background Thread 3 ] DEBUG Engine               - configClass: Optional.empty
14:17:35.587 [FXGL Background Thread 3 ] DEBUG Engine               - credits: []
14:17:35.587 [FXGL Background Thread 3 ] DEBUG Engine               - defaultCursor: CursorInfo(imageName=fxgl_default_cursor.png, hotspotX=7.0, hotspotY=6.0)
14:17:35.587 [FXGL Background Thread 3 ] DEBUG Engine               - devBBoxColorProperty: ObjectProperty [value: 0xff0000ff]
14:17:35.587 [FXGL Background Thread 3 ] DEBUG Engine               - devEnableDebugCameraProperty: BooleanProperty [value: false]
14:17:35.587 [FXGL Background Thread 3 ] DEBUG Engine               - devSensorColorProperty: ObjectProperty [value: 0xffff00ff]
14:17:35.587 [FXGL Background Thread 3 ] DEBUG Engine               - devShowBBoxProperty: BooleanProperty [value: false]
14:17:35.587 [FXGL Background Thread 3 ] DEBUG Engine               - devShowPositionProperty: BooleanProperty [value: false]
14:17:35.587 [FXGL Background Thread 3 ] DEBUG Engine               - enabledMenuItems: []
14:17:35.587 [FXGL Background Thread 3 ] DEBUG Engine               - engineServices: [class com.almasb.fxgl.app.services.FXGLAssetLoaderService, class com.almasb.fxgl.app.FXGLApplication$GameApplicationService, class com.almasb.fxgl.app.services.FXGLDialogService, class com.almasb.fxgl.app.services.IOTaskExecutorService, class com.almasb.fxgl.io.FileSystemService, class com.almasb.fxgl.localization.LocalizationService, class com.almasb.fxgl.app.services.SystemBundleService, class com.almasb.fxgl.profile.SaveLoadService, class com.almasb.fxgl.ui.FXGLUIFactoryServiceProvider, class com.almasb.fxgl.ui.FXGLDialogFactoryServiceProvider, class com.almasb.fxgl.audio.AudioPlayer, class com.almasb.fxgl.notification.impl.NotificationServiceProvider, class com.almasb.fxgl.achievement.AchievementService, class com.almasb.fxgl.cutscene.CutsceneService, class com.almasb.fxgl.minigames.MiniGameService, class com.almasb.fxgl.net.NetService, class com.almasb.fxgl.app.services.UpdaterService, class com.almasb.fxgl.dev.DevService]
14:17:35.588 [FXGL Background Thread 3 ] DEBUG Engine               - fontGame: Abel-Regular.ttf
14:17:35.588 [FXGL Background Thread 3 ] DEBUG Engine               - fontMono: TerminalLandMono-Regular.otf
14:17:35.588 [FXGL Background Thread 3 ] DEBUG Engine               - fontSizeScaleUI: 1.0
14:17:35.588 [FXGL Background Thread 3 ] DEBUG Engine               - fontText: Courier-Prime.ttf
14:17:35.588 [FXGL Background Thread 3 ] DEBUG Engine               - fontUI: VarelaRound-Regular.ttf
14:17:35.588 [FXGL Background Thread 3 ] DEBUG Engine               - fullScreen: BooleanProperty [value: false]
14:17:35.588 [FXGL Background Thread 3 ] DEBUG Engine               - gameDifficulty: MEDIUM
14:17:35.588 [FXGL Background Thread 3 ] DEBUG Engine               - gameDifficultyProperty: ObjectProperty [value: MEDIUM]
14:17:35.588 [FXGL Background Thread 3 ] DEBUG Engine               - globalMusicVolume: 0.5
14:17:35.588 [FXGL Background Thread 3 ] DEBUG Engine               - globalMusicVolumeProperty: DoubleProperty [value: 0.5]
14:17:35.588 [FXGL Background Thread 3 ] DEBUG Engine               - globalSoundVolume: 0.5
14:17:35.588 [FXGL Background Thread 3 ] DEBUG Engine               - globalSoundVolumeProperty: DoubleProperty [value: 0.5]
14:17:35.588 [FXGL Background Thread 3 ] DEBUG Engine               - height: 480
14:17:35.588 [FXGL Background Thread 3 ] DEBUG Engine               - is3D: false
14:17:35.588 [FXGL Background Thread 3 ] DEBUG Engine               - isAndroid: false
14:17:35.588 [FXGL Background Thread 3 ] DEBUG Engine               - isBrowser: false
14:17:35.588 [FXGL Background Thread 3 ] DEBUG Engine               - isClickFeedbackEnabled: false
14:17:35.588 [FXGL Background Thread 3 ] DEBUG Engine               - isCloseConfirmation: false
14:17:35.588 [FXGL Background Thread 3 ] DEBUG Engine               - isDesktop: true
14:17:35.588 [FXGL Background Thread 3 ] DEBUG Engine               - isDeveloperMenuEnabled: true
14:17:35.588 [FXGL Background Thread 3 ] DEBUG Engine               - isEmbedded: false
14:17:35.588 [FXGL Background Thread 3 ] DEBUG Engine               - isEntityPreloadEnabled: true
14:17:35.588 [FXGL Background Thread 3 ] DEBUG Engine               - isExperimentalTiledLargeMap: false
14:17:35.588 [FXGL Background Thread 3 ] DEBUG Engine               - isFileSystemWriteAllowed: true
14:17:35.588 [FXGL Background Thread 3 ] DEBUG Engine               - isFullScreenAllowed: false
14:17:35.588 [FXGL Background Thread 3 ] DEBUG Engine               - isFullScreenFromStart: false
14:17:35.588 [FXGL Background Thread 3 ] DEBUG Engine               - isGameMenuEnabled: true
14:17:35.588 [FXGL Background Thread 3 ] DEBUG Engine               - isIOS: false
14:17:35.588 [FXGL Background Thread 3 ] DEBUG Engine               - isIntroEnabled: false
14:17:35.588 [FXGL Background Thread 3 ] DEBUG Engine               - isLinux: false
14:17:35.588 [FXGL Background Thread 3 ] DEBUG Engine               - isMac: false
14:17:35.589 [FXGL Background Thread 3 ] DEBUG Engine               - isMainMenuEnabled: false
14:17:35.589 [FXGL Background Thread 3 ] DEBUG Engine               - isManualResizeEnabled: false
14:17:35.589 [FXGL Background Thread 3 ] DEBUG Engine               - isMobile: false
14:17:35.589 [FXGL Background Thread 3 ] DEBUG Engine               - isNative: false
14:17:35.589 [FXGL Background Thread 3 ] DEBUG Engine               - isPauseMusicWhenMinimized: true
14:17:35.589 [FXGL Background Thread 3 ] DEBUG Engine               - isPreserveResizeRatio: false
14:17:35.589 [FXGL Background Thread 3 ] DEBUG Engine               - isProfilingEnabled: false
14:17:35.589 [FXGL Background Thread 3 ] DEBUG Engine               - isScaleAffectedOnResize: true
14:17:35.589 [FXGL Background Thread 3 ] DEBUG Engine               - isSingleStep: false
14:17:35.589 [FXGL Background Thread 3 ] DEBUG Engine               - isUserProfileEnabled: false
14:17:35.589 [FXGL Background Thread 3 ] DEBUG Engine               - isWindows: true
14:17:35.589 [FXGL Background Thread 3 ] DEBUG Engine               - language: ObjectProperty [value: ENGLISH]
14:17:35.589 [FXGL Background Thread 3 ] DEBUG Engine               - menuKey: ESCAPE
14:17:35.589 [FXGL Background Thread 3 ] DEBUG Engine               - mouseSensitivity: 0.2
14:17:35.589 [FXGL Background Thread 3 ] DEBUG Engine               - notificationViewClass: class com.almasb.fxgl.notification.view.XboxNotificationView
14:17:35.589 [FXGL Background Thread 3 ] DEBUG Engine               - pixelsPerMeter: 50.0
14:17:35.589 [FXGL Background Thread 3 ] DEBUG Engine               - platform: WINDOWS
14:17:35.589 [FXGL Background Thread 3 ] DEBUG Engine               - prefHeightProperty: ReadOnlyDoubleProperty [value: 480.0]
14:17:35.589 [FXGL Background Thread 3 ] DEBUG Engine               - prefWidthProperty: ReadOnlyDoubleProperty [value: 640.0]
14:17:35.589 [FXGL Background Thread 3 ] DEBUG Engine               - profileDir: profiles/
14:17:35.589 [FXGL Background Thread 3 ] DEBUG Engine               - profileName: StringProperty [value: DEFAULT]
14:17:35.589 [FXGL Background Thread 3 ] DEBUG Engine               - randomSeed: -1
14:17:35.589 [FXGL Background Thread 3 ] DEBUG Engine               - runtimeInfo: RuntimeInfo(platform=WINDOWS, version=21.1, build=27.03.2024 07.52)
14:17:35.589 [FXGL Background Thread 3 ] DEBUG Engine               - saveFileExt: sav
14:17:35.589 [FXGL Background Thread 3 ] DEBUG Engine               - scaledHeightProp$fxgl: DoubleProperty [bound, value: 480.0]
14:17:35.590 [FXGL Background Thread 3 ] DEBUG Engine               - scaledWidthProp$fxgl: DoubleProperty [bound, value: 640.0]
14:17:35.590 [FXGL Background Thread 3 ] DEBUG Engine               - sceneFactory: com.almasb.fxgl.app.scene.SceneFactory@3aa31ab7
14:17:35.590 [FXGL Background Thread 3 ] DEBUG Engine               - secondsIn24h: 60
14:17:35.590 [FXGL Background Thread 3 ] DEBUG Engine               - soundMenuBack: menu/back.wav
14:17:35.590 [FXGL Background Thread 3 ] DEBUG Engine               - soundMenuPress: menu/press.wav
14:17:35.590 [FXGL Background Thread 3 ] DEBUG Engine               - soundMenuSelect: menu/select.wav
14:17:35.590 [FXGL Background Thread 3 ] DEBUG Engine               - soundNotification: core/notification.wav
14:17:35.590 [FXGL Background Thread 3 ] DEBUG Engine               - stageStyle: DECORATED
14:17:35.590 [FXGL Background Thread 3 ] DEBUG Engine               - supportedLanguages: [ENGLISH, FRENCH, GERMAN, HUNGARIAN, RUSSIAN]
14:17:35.590 [FXGL Background Thread 3 ] DEBUG Engine               - ticksPerSecond: -1
14:17:35.590 [FXGL Background Thread 3 ] DEBUG Engine               - title: BomberMan
14:17:35.590 [FXGL Background Thread 3 ] DEBUG Engine               - urlGithub: https://github.com/AlmasB/FXGL
14:17:35.590 [FXGL Background Thread 3 ] DEBUG Engine               - urlLeaderboard: http://fxgl-top.herokuapp.com/
14:17:35.590 [FXGL Background Thread 3 ] DEBUG Engine               - urlPOM: https://raw.githubusercontent.com/AlmasB/FXGL/release/README.md
14:17:35.590 [FXGL Background Thread 3 ] DEBUG Engine               - userAppClass: class me.pooh.bakudun.App
14:17:35.590 [FXGL Background Thread 3 ] DEBUG Engine               - version: 0.1
14:17:35.590 [FXGL Background Thread 3 ] DEBUG Engine               - versionCheckDays: 7
14:17:35.590 [FXGL Background Thread 3 ] DEBUG Engine               - width: 640
14:17:35.590 [FXGL Background Thread 3 ] DEBUG Engine               - Logging services
14:17:35.590 [FXGL Background Thread 3 ] DEBUG Engine               - class com.almasb.fxgl.app.services.FXGLAssetLoaderService
14:17:35.590 [FXGL Background Thread 3 ] DEBUG Engine               - class com.almasb.fxgl.app.FXGLApplication$GameApplicationService
14:17:35.590 [FXGL Background Thread 3 ] DEBUG Engine               - class com.almasb.fxgl.app.services.FXGLDialogService
14:17:35.590 [FXGL Background Thread 3 ] DEBUG Engine               - class com.almasb.fxgl.app.services.IOTaskExecutorService
14:17:35.590 [FXGL Background Thread 3 ] DEBUG Engine               - class com.almasb.fxgl.io.FileSystemService
14:17:35.590 [FXGL Background Thread 3 ] DEBUG Engine               - class com.almasb.fxgl.localization.LocalizationService
14:17:35.590 [FXGL Background Thread 3 ] DEBUG Engine               - class com.almasb.fxgl.app.services.SystemBundleService
14:17:35.590 [FXGL Background Thread 3 ] DEBUG Engine               - class com.almasb.fxgl.profile.SaveLoadService
14:17:35.590 [FXGL Background Thread 3 ] DEBUG Engine               - class com.almasb.fxgl.ui.FXGLUIFactoryServiceProvider
14:17:35.590 [FXGL Background Thread 3 ] DEBUG Engine               - class com.almasb.fxgl.ui.FXGLDialogFactoryServiceProvider
14:17:35.590 [FXGL Background Thread 3 ] DEBUG Engine               - class com.almasb.fxgl.audio.AudioPlayer
14:17:35.590 [FXGL Background Thread 3 ] DEBUG Engine               - class com.almasb.fxgl.notification.impl.NotificationServiceProvider
14:17:35.590 [FXGL Background Thread 3 ] DEBUG Engine               - class com.almasb.fxgl.achievement.AchievementService
14:17:35.590 [FXGL Background Thread 3 ] DEBUG Engine               - class com.almasb.fxgl.cutscene.CutsceneService
14:17:35.590 [FXGL Background Thread 3 ] DEBUG Engine               - class com.almasb.fxgl.minigames.MiniGameService
14:17:35.590 [FXGL Background Thread 3 ] DEBUG Engine               - class com.almasb.fxgl.net.NetService
14:17:35.591 [FXGL Background Thread 3 ] DEBUG Engine               - class com.almasb.fxgl.app.services.UpdaterService
14:17:35.591 [FXGL Background Thread 3 ] DEBUG Engine               - class com.almasb.fxgl.dev.DevService
14:18:01.955 [JavaFX Application Thread] DEBUG FXGLApplication      - Exiting FXGL
14:18:01.955 [JavaFX Application Thread] DEBUG Async                - Shutting down background threads
14:18:01.955 [JavaFX Application Thread] DEBUG PrimaryStageWindow   - Closing main window
14:18:01.972 [JavaFX Application Thread] DEBUG Logger               - Closing Logger
