08:20:02.177 [main                     ] DEBUG Logger               - Configured Logger
08:20:02.198 [main                     ] DEBUG GameApplication      - Logging settings
Title: BomberMan
Version: 0.1
Width: 640
Height: 480
Fullscreen: false
Intro: false
Profiling: false
Single step:false
App Mode: DEVELOPER
Menu Key: ESCAPE
Stage Style: DECORATED
Scene Factory: class com.almasb.fxgl.app.scene.SceneFactory

08:20:02.763 [JavaFX Application Thread] DEBUG FXGLApplication      - Initializing FXGL
08:20:02.767 [JavaFX Application Thread] INFO  Engine               - FXGL-21.1 (27.03.2024 07.52) on WINDOWS (J:21.0.2 FX:21.0.1)
08:20:02.767 [JavaFX Application Thread] DEBUG Engine               - JRE Vendor Name: Eclipse Adoptium
08:20:02.767 [JavaFX Application Thread] DEBUG Engine               - Running on OS: Windows 11 version 10.0
08:20:02.767 [JavaFX Application Thread] DEBUG Engine               - Architecture: amd64
08:20:02.767 [JavaFX Application Thread] INFO  Engine               - Source code and latest versions at: https://github.com/AlmasB/FXGL
08:20:02.767 [JavaFX Application Thread] INFO  Engine               -       Ask questions and discuss at: https://github.com/AlmasB/FXGL/discussions
08:20:02.768 [JavaFX Application Thread] INFO  Engine               -              Join the FXGL chat at: https://gitter.im/AlmasB/FXGL
08:20:02.836 [JavaFX Application Thread] DEBUG PrimaryStageWindow   - Creating a JavaFX scene
08:20:02.874 [JavaFX Application Thread] DEBUG PrimaryStageWindow   - Target settings size: 640.0 x 480.0
08:20:02.874 [JavaFX Application Thread] DEBUG PrimaryStageWindow   - Scaled scene size:    640.0 x 480.0
08:20:02.874 [JavaFX Application Thread] DEBUG PrimaryStageWindow   - Scaled ratio: (1.0, 1.0)
08:20:02.875 [JavaFX Application Thread] DEBUG PrimaryStageWindow   - Set initial scene to FXGLStartupScene
08:20:02.877 [JavaFX Application Thread] DEBUG PrimaryStageWindow   - Opening main window
08:20:02.956 [JavaFX Application Thread] DEBUG PrimaryStageWindow   - Window border size: (14.4000244140625, 37.5999755859375)
08:20:02.957 [JavaFX Application Thread] DEBUG PrimaryStageWindow   - Scaled size: 640.0 x 480.0
08:20:02.957 [JavaFX Application Thread] DEBUG PrimaryStageWindow   - Scaled ratio: (1.0, 1.0)
08:20:02.957 [JavaFX Application Thread] DEBUG PrimaryStageWindow   - Scene size: 640.0 x 480.0
08:20:02.957 [JavaFX Application Thread] DEBUG PrimaryStageWindow   - Stage size: 654.4000244140625 x 517.5999755859375
08:20:02.963 [FXGL Background Thread 1 ] DEBUG Engine               - Initializing environment variables
08:20:03.016 [FXGL Background Thread 1 ] DEBUG FXGLAssetLoaderServi - User app class for loading assets: class me.pooh.bakudun.App
08:20:03.016 [FXGL Background Thread 1 ] DEBUG GameApplicationServi - Applying CSS: fxgl_dark.css
08:20:03.017 [FXGL Background Thread 1 ] DEBUG FXGLAssetLoaderServi - Loading from file system: jar:file:///C:/Users/POO/.m2/repository/com/github/almasb/fxgl/21.1/fxgl-21.1.jar!/fxglassets/ui/css/fxgl_dark.css
08:20:03.051 [FXGL Background Thread 1 ] DEBUG GameApplicationServi - Initializing application scenes
08:20:03.079 [FXGL Background Thread 1 ] DEBUG GameWorld            - Game world initialized
08:20:03.123 [FXGL Background Thread 1 ] DEBUG PhysicsWorld         - Physics world initialized: appHeight=480, physics.ppm=50.0
08:20:03.123 [FXGL Background Thread 1 ] DEBUG PhysicsWorld         - Using strategy: BRUTE_FORCE
08:20:03.127 [FXGL Background Thread 1 ] DEBUG GameScene            - Game scene initialized: 640x480
08:20:03.139 [FXGL Background Thread 1 ] WARN  FXGL.DefaultMenu     - FXGLDefaultMenu is not designed for resolutions < 800x600
08:20:03.139 [FXGL Background Thread 1 ] DEBUG FXGL.DefaultMenu     - createMenuBodyGameMenu()
08:20:03.148 [FXGL Background Thread 1 ] DEBUG FXGL.DefaultMenu     - createOptionsMenu()
08:20:03.158 [FXGL Background Thread 1 ] DEBUG FXGLAssetLoaderServi - Loading from file system: jar:file:///C:/Users/POO/.m2/repository/com/github/almasb/fxgl/21.1/fxgl-21.1.jar!/fxglassets/textures/particles/smoke.png
08:20:03.224 [FXGL Background Thread 1 ] DEBUG FXGLAssetLoaderServi - Loading from file system: jar:file:///C:/Users/POO/.m2/repository/com/github/almasb/fxgl/21.1/fxgl-21.1.jar!/fxglassets/textures/particles/trace_horizontal.png
08:20:03.252 [FXGL Background Thread 1 ] DEBUG GameApplicationServi - Application scenes initialized
08:20:03.260 [FXGL Background Thread 1 ] DEBUG SystemBundleService  - Loading FXGL system data
08:20:03.264 [FXGL Background Thread 1 ] DEBUG FileSystemAccess     - Reading from: C:\Users\POO\intellij\Bakudun\system\fxgl.bundle
08:20:03.270 [FXGL Background Thread 1 ] DEBUG SystemBundleService  - Bundle FXGL: {}
08:20:03.270 [FXGL Background Thread 1 ] DEBUG UpdaterService       - Checking for updates
08:20:03.294 [FXGL Background Thread 4 ] DEBUG FXGLApplication      - Loading fonts
08:20:03.294 [FXGL Background Thread 4 ] DEBUG FXGLAssetLoaderServi - Loading from file system: jar:file:///C:/Users/POO/.m2/repository/com/github/almasb/fxgl/21.1/fxgl-21.1.jar!/fxglassets/ui/fonts/VarelaRound-Regular.ttf
08:20:03.295 [FXGL Background Thread 1 ] DEBUG FXGLApplication      - Loading default localization
08:20:03.295 [FXGL Background Thread 1 ] DEBUG FXGLAssetLoaderServi - Loading from file system: jar:file:///C:/Users/POO/.m2/repository/com/github/almasb/fxgl/21.1/fxgl-21.1.jar!/fxglassets/languages/english.lang
08:20:03.321 [FXGL Background Thread 1 ] INFO  FXGLApplication      - FXGL initialization took: 0.357 sec
08:20:03.326 [FXGL Background Thread 4 ] DEBUG FXGLAssetLoaderServi - Loading from file system: jar:file:///C:/Users/POO/.m2/repository/com/github/almasb/fxgl/21.1/fxgl-21.1.jar!/fxglassets/ui/fonts/Abel-Regular.ttf
08:20:03.329 [JavaFX Application Thread] DEBUG Input                - Registered new binding: Right - D
08:20:03.329 [JavaFX Application Thread] DEBUG Input                - Registered new binding: Left - A
08:20:03.330 [JavaFX Application Thread] DEBUG Input                - Registered new binding: Up - W
08:20:03.330 [JavaFX Application Thread] DEBUG Input                - Registered new binding: Down - S
08:20:03.330 [JavaFX Application Thread] DEBUG Input                - Registered new binding: Place Bomb - Space
08:20:03.330 [FXGL Background Thread 4 ] DEBUG FXGLAssetLoaderServi - Loading from file system: jar:file:///C:/Users/POO/.m2/repository/com/github/almasb/fxgl/21.1/fxgl-21.1.jar!/fxglassets/ui/fonts/TerminalLandMono-Regular.otf
08:20:03.330 [JavaFX Application Thread] DEBUG FXGLAssetLoaderServi - Loading from file system: jar:file:///C:/Users/POO/.m2/repository/com/github/almasb/fxgl/21.1/fxgl-21.1.jar!/fxglassets/textures/fxgl_icon.png
08:20:03.332 [FXGL Background Thread 4 ] DEBUG FXGLAssetLoaderServi - Loading from file system: jar:file:///C:/Users/POO/.m2/repository/com/github/almasb/fxgl/21.1/fxgl-21.1.jar!/fxglassets/ui/fonts/Courier-Prime.ttf
08:20:03.353 [JavaFX Application Thread] DEBUG FXGLAssetLoaderServi - Loading from file system: jar:file:///C:/Users/POO/.m2/repository/com/github/almasb/fxgl/21.1/fxgl-21.1.jar!/fxglassets/textures/fxgl_default_cursor.png
08:20:03.356 [JavaFX Application Thread] DEBUG Input                - Registered new binding: Screenshot - CTRL+8
08:20:03.357 [JavaFX Application Thread] DEBUG Input                - Registered new binding: Dev Options - 1
08:20:03.358 [JavaFX Application Thread] DEBUG Input                - Registered new binding: Dev Console - 2
08:20:03.359 [JavaFX Application Thread] DEBUG Input                - Registered new binding: System info dump - CTRL+9
08:20:03.359 [JavaFX Application Thread] DEBUG Input                - Registered new binding: Restart - CTRL+R
08:20:03.361 [JavaFX Application Thread] DEBUG Input                - Registered new binding: Toggle Debug Camera - CTRL+7
08:20:03.366 [JavaFX Application Thread] DEBUG LoopRunner           - Starting loop
08:20:03.382 [JavaFX Application Thread] DEBUG LoopRunner           - Initializing JavaFX AnimationTimerLoop
08:20:03.384 [JavaFX Application Thread] DEBUG GameApplicationServi - Starting new game
08:20:03.384 [JavaFX Application Thread] DEBUG Input                - Clearing active input actions
08:20:03.392 [JavaFX Application Thread] DEBUG GameApplicationServi - Removing overlay from FXGLStartupScene and adding to FXGLLoadingScene
08:20:03.395 [JavaFX Application Thread] DEBUG PrimaryStageWindow   - FXGLStartupScene -> FXGLLoadingScene
08:20:03.395 [JavaFX Application Thread] DEBUG GameApplicationServi - Clearing previous game
08:20:03.395 [JavaFX Application Thread] DEBUG GameScene            - Clearing game scene
08:20:03.395 [JavaFX Application Thread] DEBUG GameWorld            - Clearing game world
08:20:03.395 [JavaFX Application Thread] DEBUG PhysicsWorld         - Clearing physics world
08:20:03.397 [FXGL Background Thread 4 ] DEBUG FXGLApplication      - Initializing game
08:20:03.397 [JavaFX Application Thread] DEBUG FXGLApplication      - Registering font factories with UI factory
08:20:03.458 [FXGL Background Thread 4 ] WARN  TMXLevelLoader       - TiledMap generated from 1.11.2. Supported version: 1.9.0. Some features may not be parsed fully.
08:20:03.488 [FXGL Background Thread 4 ] DEBUG TMXLevelLoader       - Parsed TiledMap: file:/C:/Users/POO/intellij/Bakudun/target/classes/assets/levels/Map.tmx
08:20:03.489 [FXGL Background Thread 4 ] DEBUG TMXLevelLoader       - Creating tile layer entities
08:20:03.491 [FXGL Background Thread 4 ] DEBUG TilesetLoader        - Loading view for layer เลเยอร์ไทล์ 1
08:20:03.491 [FXGL Background Thread 4 ] DEBUG TilesetLoader        - Created buffer with size 640.0x480.0
08:20:03.497 [FXGL Background Thread 4 ] WARN  TilesetLoader        - Diagonally flipped tiles are not currently supported
08:20:03.507 [FXGL Background Thread 4 ] WARN  TilesetLoader        - Diagonally flipped tiles are not currently supported
08:20:03.517 [FXGL Background Thread 4 ] DEBUG TilesetLoader        - Loading view for layer WALL48
08:20:03.518 [FXGL Background Thread 4 ] DEBUG TilesetLoader        - Created buffer with size 640.0x480.0
08:20:03.518 [FXGL Background Thread 4 ] DEBUG TilesetLoader        - Loading view for layer WALL47
08:20:03.519 [FXGL Background Thread 4 ] DEBUG TilesetLoader        - Created buffer with size 640.0x480.0
08:20:03.519 [FXGL Background Thread 4 ] DEBUG TilesetLoader        - Loading view for layer WALL46
08:20:03.520 [FXGL Background Thread 4 ] DEBUG TilesetLoader        - Created buffer with size 640.0x480.0
08:20:03.520 [FXGL Background Thread 4 ] DEBUG TilesetLoader        - Loading view for layer WALL45
08:20:03.520 [FXGL Background Thread 4 ] DEBUG TilesetLoader        - Created buffer with size 640.0x480.0
08:20:03.521 [FXGL Background Thread 4 ] DEBUG TilesetLoader        - Loading view for layer WALL44
08:20:03.521 [FXGL Background Thread 4 ] DEBUG TilesetLoader        - Created buffer with size 640.0x480.0
08:20:03.522 [FXGL Background Thread 4 ] DEBUG TilesetLoader        - Loading view for layer WALL43
08:20:03.522 [FXGL Background Thread 4 ] DEBUG TilesetLoader        - Created buffer with size 640.0x480.0
08:20:03.522 [FXGL Background Thread 4 ] DEBUG TilesetLoader        - Loading view for layer WALL42
08:20:03.523 [FXGL Background Thread 4 ] DEBUG TilesetLoader        - Created buffer with size 640.0x480.0
08:20:03.523 [FXGL Background Thread 4 ] DEBUG TilesetLoader        - Loading view for layer WALL41
08:20:03.523 [FXGL Background Thread 4 ] DEBUG TilesetLoader        - Created buffer with size 640.0x480.0
08:20:03.524 [FXGL Background Thread 4 ] DEBUG TilesetLoader        - Loading view for layer WALL40
08:20:03.524 [FXGL Background Thread 4 ] DEBUG TilesetLoader        - Created buffer with size 640.0x480.0
08:20:03.524 [FXGL Background Thread 4 ] DEBUG TilesetLoader        - Loading view for layer WALL39
08:20:03.524 [FXGL Background Thread 4 ] DEBUG TilesetLoader        - Created buffer with size 640.0x480.0
08:20:03.525 [FXGL Background Thread 4 ] DEBUG TilesetLoader        - Loading view for layer WALL38
08:20:03.525 [FXGL Background Thread 4 ] DEBUG TilesetLoader        - Created buffer with size 640.0x480.0
08:20:03.525 [FXGL Background Thread 4 ] DEBUG TilesetLoader        - Loading view for layer WALL37
08:20:03.526 [FXGL Background Thread 4 ] DEBUG TilesetLoader        - Created buffer with size 640.0x480.0
08:20:03.526 [FXGL Background Thread 4 ] DEBUG TilesetLoader        - Loading view for layer WALL36
08:20:03.526 [FXGL Background Thread 4 ] DEBUG TilesetLoader        - Created buffer with size 640.0x480.0
08:20:03.526 [FXGL Background Thread 4 ] DEBUG TilesetLoader        - Loading view for layer WALL35
08:20:03.534 [FXGL Background Thread 4 ] DEBUG TilesetLoader        - Created buffer with size 640.0x480.0
08:20:03.535 [FXGL Background Thread 4 ] DEBUG TilesetLoader        - Loading view for layer WALL34
08:20:03.535 [FXGL Background Thread 4 ] DEBUG TilesetLoader        - Created buffer with size 640.0x480.0
08:20:03.536 [FXGL Background Thread 4 ] DEBUG TilesetLoader        - Loading view for layer WALL33
08:20:03.540 [FXGL Background Thread 4 ] DEBUG TilesetLoader        - Created buffer with size 640.0x480.0
08:20:03.541 [FXGL Background Thread 4 ] DEBUG TilesetLoader        - Loading view for layer WALL32
08:20:03.542 [FXGL Background Thread 4 ] DEBUG TilesetLoader        - Created buffer with size 640.0x480.0
08:20:03.542 [FXGL Background Thread 4 ] DEBUG TilesetLoader        - Loading view for layer WALL31
08:20:03.542 [FXGL Background Thread 4 ] DEBUG TilesetLoader        - Created buffer with size 640.0x480.0
08:20:03.543 [FXGL Background Thread 4 ] DEBUG TilesetLoader        - Loading view for layer WALL30
08:20:03.543 [FXGL Background Thread 4 ] DEBUG TilesetLoader        - Created buffer with size 640.0x480.0
08:20:03.546 [FXGL Background Thread 4 ] DEBUG TilesetLoader        - Loading view for layer WALL29
08:20:03.546 [FXGL Background Thread 4 ] DEBUG TilesetLoader        - Created buffer with size 640.0x480.0
08:20:03.547 [FXGL Background Thread 4 ] DEBUG TilesetLoader        - Loading view for layer WALL28
08:20:03.547 [FXGL Background Thread 4 ] DEBUG TilesetLoader        - Created buffer with size 640.0x480.0
08:20:03.547 [FXGL Background Thread 4 ] DEBUG TilesetLoader        - Loading view for layer WALL27
08:20:03.549 [FXGL Background Thread 4 ] DEBUG TilesetLoader        - Created buffer with size 640.0x480.0
08:20:03.550 [FXGL Background Thread 4 ] DEBUG TilesetLoader        - Loading view for layer WALL26
08:20:03.551 [FXGL Background Thread 4 ] DEBUG TilesetLoader        - Created buffer with size 640.0x480.0
08:20:03.551 [FXGL Background Thread 4 ] DEBUG TilesetLoader        - Loading view for layer WALL25
08:20:03.551 [FXGL Background Thread 4 ] DEBUG TilesetLoader        - Created buffer with size 640.0x480.0
08:20:03.552 [FXGL Background Thread 4 ] DEBUG TilesetLoader        - Loading view for layer WALL24
08:20:03.552 [FXGL Background Thread 4 ] DEBUG TilesetLoader        - Created buffer with size 640.0x480.0
08:20:03.552 [FXGL Background Thread 4 ] DEBUG TilesetLoader        - Loading view for layer WALL23
08:20:03.553 [FXGL Background Thread 4 ] DEBUG TilesetLoader        - Created buffer with size 640.0x480.0
08:20:03.553 [FXGL Background Thread 4 ] DEBUG TilesetLoader        - Loading view for layer WALL22
08:20:03.553 [FXGL Background Thread 4 ] DEBUG TilesetLoader        - Created buffer with size 640.0x480.0
08:20:03.554 [FXGL Background Thread 4 ] DEBUG TilesetLoader        - Loading view for layer WALL21
08:20:03.554 [FXGL Background Thread 4 ] DEBUG TilesetLoader        - Created buffer with size 640.0x480.0
08:20:03.555 [FXGL Background Thread 4 ] DEBUG TilesetLoader        - Loading view for layer WALL20
08:20:03.555 [FXGL Background Thread 4 ] DEBUG TilesetLoader        - Created buffer with size 640.0x480.0
08:20:03.555 [FXGL Background Thread 4 ] DEBUG TilesetLoader        - Loading view for layer WALL19
08:20:03.556 [FXGL Background Thread 4 ] DEBUG TilesetLoader        - Created buffer with size 640.0x480.0
08:20:03.556 [FXGL Background Thread 4 ] DEBUG TilesetLoader        - Loading view for layer WALL18
08:20:03.556 [FXGL Background Thread 4 ] DEBUG TilesetLoader        - Created buffer with size 640.0x480.0
08:20:03.559 [FXGL Background Thread 4 ] DEBUG TilesetLoader        - Loading view for layer WALL17
08:20:03.560 [FXGL Background Thread 4 ] DEBUG TilesetLoader        - Created buffer with size 640.0x480.0
08:20:03.560 [FXGL Background Thread 4 ] DEBUG TilesetLoader        - Loading view for layer WALL16
08:20:03.560 [FXGL Background Thread 4 ] DEBUG TilesetLoader        - Created buffer with size 640.0x480.0
08:20:03.561 [FXGL Background Thread 4 ] DEBUG TilesetLoader        - Loading view for layer WALL15
08:20:03.562 [FXGL Background Thread 4 ] DEBUG TilesetLoader        - Created buffer with size 640.0x480.0
08:20:03.562 [FXGL Background Thread 4 ] DEBUG TilesetLoader        - Loading view for layer WALL14
08:20:03.562 [FXGL Background Thread 4 ] DEBUG TilesetLoader        - Created buffer with size 640.0x480.0
08:20:03.563 [FXGL Background Thread 4 ] DEBUG TilesetLoader        - Loading view for layer WALL13
08:20:03.563 [FXGL Background Thread 4 ] DEBUG TilesetLoader        - Created buffer with size 640.0x480.0
08:20:03.563 [FXGL Background Thread 4 ] DEBUG TilesetLoader        - Loading view for layer WALL12
08:20:03.564 [FXGL Background Thread 4 ] DEBUG TilesetLoader        - Created buffer with size 640.0x480.0
08:20:03.564 [FXGL Background Thread 4 ] DEBUG TilesetLoader        - Loading view for layer WALL11
08:20:03.564 [FXGL Background Thread 4 ] DEBUG TilesetLoader        - Created buffer with size 640.0x480.0
08:20:03.565 [FXGL Background Thread 4 ] DEBUG TilesetLoader        - Loading view for layer WALL10
08:20:03.565 [FXGL Background Thread 4 ] DEBUG TilesetLoader        - Created buffer with size 640.0x480.0
08:20:03.566 [FXGL Background Thread 4 ] DEBUG TilesetLoader        - Loading view for layer WALL9
08:20:03.566 [FXGL Background Thread 4 ] DEBUG TilesetLoader        - Created buffer with size 640.0x480.0
08:20:03.566 [FXGL Background Thread 4 ] DEBUG TilesetLoader        - Loading view for layer WALL8
08:20:03.567 [FXGL Background Thread 4 ] DEBUG TilesetLoader        - Created buffer with size 640.0x480.0
08:20:03.567 [FXGL Background Thread 4 ] DEBUG TilesetLoader        - Loading view for layer WALL7
08:20:03.567 [FXGL Background Thread 4 ] DEBUG TilesetLoader        - Created buffer with size 640.0x480.0
08:20:03.567 [FXGL Background Thread 4 ] DEBUG TilesetLoader        - Loading view for layer WALL6
08:20:03.569 [FXGL Background Thread 4 ] DEBUG TilesetLoader        - Created buffer with size 640.0x480.0
08:20:03.569 [FXGL Background Thread 4 ] DEBUG TilesetLoader        - Loading view for layer WALL5
08:20:03.570 [FXGL Background Thread 4 ] DEBUG TilesetLoader        - Created buffer with size 640.0x480.0
08:20:03.570 [FXGL Background Thread 4 ] DEBUG TilesetLoader        - Loading view for layer WALL4
08:20:03.570 [FXGL Background Thread 4 ] DEBUG TilesetLoader        - Created buffer with size 640.0x480.0
08:20:03.571 [FXGL Background Thread 4 ] DEBUG TilesetLoader        - Loading view for layer WALL3
08:20:03.571 [FXGL Background Thread 4 ] DEBUG TilesetLoader        - Created buffer with size 640.0x480.0
08:20:03.572 [FXGL Background Thread 4 ] DEBUG TilesetLoader        - Loading view for layer WALL2
08:20:03.572 [FXGL Background Thread 4 ] DEBUG TilesetLoader        - Created buffer with size 640.0x480.0
08:20:03.572 [FXGL Background Thread 4 ] DEBUG TilesetLoader        - Loading view for layer WALL1
08:20:03.573 [FXGL Background Thread 4 ] DEBUG TilesetLoader        - Created buffer with size 640.0x480.0
08:20:03.573 [FXGL Background Thread 4 ] DEBUG TilesetLoader        - Loading view for layer เลเยอร์ไทล์ 2
08:20:03.574 [FXGL Background Thread 4 ] DEBUG TilesetLoader        - Created buffer with size 640.0x480.0
08:20:03.574 [FXGL Background Thread 4 ] DEBUG TilesetLoader        - Loading view for layer เลเยอร์ไทล์ 3
08:20:03.575 [FXGL Background Thread 4 ] DEBUG TilesetLoader        - Created buffer with size 640.0x480.0
08:20:03.575 [FXGL Background Thread 4 ] DEBUG TMXLevelLoader       - Creating object layer entities
08:20:03.594 [FXGL Background Thread 4 ] DEBUG FXGLAssetLoaderServi - Loading from file system: file:/C:/Users/POO/intellij/Bakudun/target/classes/assets/textures/Jim2.png
08:20:03.623 [FXGL Background Thread 4 ] WARN  TMXLevelLoader       - TiledMap generated from 1.11.2. Supported version: 1.9.0. Some features may not be parsed fully.
08:20:03.637 [FXGL Background Thread 4 ] DEBUG TMXLevelLoader       - Parsed TiledMap: file:/C:/Users/POO/intellij/Bakudun/target/classes/assets/levels/Map.tmx
08:20:03.637 [FXGL Background Thread 4 ] DEBUG TMXLevelLoader       - Creating tile layer entities
08:20:03.638 [FXGL Background Thread 4 ] DEBUG TilesetLoader        - Loading view for layer เลเยอร์ไทล์ 1
08:20:03.638 [FXGL Background Thread 4 ] DEBUG TilesetLoader        - Created buffer with size 640.0x480.0
08:20:03.644 [FXGL Background Thread 4 ] WARN  TilesetLoader        - Diagonally flipped tiles are not currently supported
08:20:03.654 [FXGL Background Thread 4 ] WARN  TilesetLoader        - Diagonally flipped tiles are not currently supported
08:20:03.660 [FXGL Background Thread 4 ] DEBUG TilesetLoader        - Loading view for layer WALL48
08:20:03.662 [FXGL Background Thread 4 ] DEBUG TilesetLoader        - Created buffer with size 640.0x480.0
08:20:03.663 [FXGL Background Thread 4 ] DEBUG TilesetLoader        - Loading view for layer WALL47
08:20:03.664 [FXGL Background Thread 4 ] DEBUG TilesetLoader        - Created buffer with size 640.0x480.0
08:20:03.664 [FXGL Background Thread 4 ] DEBUG TilesetLoader        - Loading view for layer WALL46
08:20:03.664 [FXGL Background Thread 4 ] DEBUG TilesetLoader        - Created buffer with size 640.0x480.0
08:20:03.665 [FXGL Background Thread 4 ] DEBUG TilesetLoader        - Loading view for layer WALL45
08:20:03.665 [FXGL Background Thread 4 ] DEBUG TilesetLoader        - Created buffer with size 640.0x480.0
08:20:03.666 [FXGL Background Thread 4 ] DEBUG TilesetLoader        - Loading view for layer WALL44
08:20:03.666 [FXGL Background Thread 4 ] DEBUG TilesetLoader        - Created buffer with size 640.0x480.0
08:20:03.666 [FXGL Background Thread 4 ] DEBUG TilesetLoader        - Loading view for layer WALL43
08:20:03.667 [FXGL Background Thread 4 ] DEBUG TilesetLoader        - Created buffer with size 640.0x480.0
08:20:03.667 [FXGL Background Thread 4 ] DEBUG TilesetLoader        - Loading view for layer WALL42
08:20:03.668 [FXGL Background Thread 4 ] DEBUG TilesetLoader        - Created buffer with size 640.0x480.0
08:20:03.668 [FXGL Background Thread 4 ] DEBUG TilesetLoader        - Loading view for layer WALL41
08:20:03.669 [FXGL Background Thread 4 ] DEBUG TilesetLoader        - Created buffer with size 640.0x480.0
08:20:03.669 [FXGL Background Thread 4 ] DEBUG TilesetLoader        - Loading view for layer WALL40
08:20:03.669 [FXGL Background Thread 4 ] DEBUG TilesetLoader        - Created buffer with size 640.0x480.0
08:20:03.670 [FXGL Background Thread 4 ] DEBUG TilesetLoader        - Loading view for layer WALL39
08:20:03.670 [FXGL Background Thread 4 ] DEBUG TilesetLoader        - Created buffer with size 640.0x480.0
08:20:03.670 [FXGL Background Thread 4 ] DEBUG TilesetLoader        - Loading view for layer WALL38
08:20:03.671 [FXGL Background Thread 4 ] DEBUG TilesetLoader        - Created buffer with size 640.0x480.0
08:20:03.671 [FXGL Background Thread 4 ] DEBUG TilesetLoader        - Loading view for layer WALL37
08:20:03.673 [FXGL Background Thread 4 ] DEBUG TilesetLoader        - Created buffer with size 640.0x480.0
08:20:03.674 [FXGL Background Thread 4 ] DEBUG TilesetLoader        - Loading view for layer WALL36
08:20:03.675 [FXGL Background Thread 4 ] DEBUG TilesetLoader        - Created buffer with size 640.0x480.0
08:20:03.675 [FXGL Background Thread 4 ] DEBUG TilesetLoader        - Loading view for layer WALL35
08:20:03.676 [FXGL Background Thread 4 ] DEBUG TilesetLoader        - Created buffer with size 640.0x480.0
08:20:03.677 [FXGL Background Thread 4 ] DEBUG TilesetLoader        - Loading view for layer WALL34
08:20:03.678 [FXGL Background Thread 4 ] DEBUG TilesetLoader        - Created buffer with size 640.0x480.0
08:20:03.678 [FXGL Background Thread 4 ] DEBUG TilesetLoader        - Loading view for layer WALL33
08:20:03.679 [FXGL Background Thread 4 ] DEBUG TilesetLoader        - Created buffer with size 640.0x480.0
08:20:03.679 [FXGL Background Thread 4 ] DEBUG TilesetLoader        - Loading view for layer WALL32
08:20:03.680 [FXGL Background Thread 4 ] DEBUG TilesetLoader        - Created buffer with size 640.0x480.0
08:20:03.681 [FXGL Background Thread 4 ] DEBUG TilesetLoader        - Loading view for layer WALL31
08:20:03.681 [FXGL Background Thread 4 ] DEBUG TilesetLoader        - Created buffer with size 640.0x480.0
08:20:03.682 [FXGL Background Thread 4 ] DEBUG TilesetLoader        - Loading view for layer WALL30
08:20:03.683 [FXGL Background Thread 4 ] DEBUG TilesetLoader        - Created buffer with size 640.0x480.0
08:20:03.683 [FXGL Background Thread 4 ] DEBUG TilesetLoader        - Loading view for layer WALL29
08:20:03.684 [FXGL Background Thread 4 ] DEBUG TilesetLoader        - Created buffer with size 640.0x480.0
08:20:03.685 [FXGL Background Thread 4 ] DEBUG TilesetLoader        - Loading view for layer WALL28
08:20:03.685 [FXGL Background Thread 4 ] DEBUG TilesetLoader        - Created buffer with size 640.0x480.0
08:20:03.686 [FXGL Background Thread 4 ] DEBUG TilesetLoader        - Loading view for layer WALL27
08:20:03.686 [FXGL Background Thread 4 ] DEBUG TilesetLoader        - Created buffer with size 640.0x480.0
08:20:03.687 [FXGL Background Thread 4 ] DEBUG TilesetLoader        - Loading view for layer WALL26
08:20:03.688 [FXGL Background Thread 4 ] DEBUG TilesetLoader        - Created buffer with size 640.0x480.0
08:20:03.688 [FXGL Background Thread 4 ] DEBUG TilesetLoader        - Loading view for layer WALL25
08:20:03.689 [FXGL Background Thread 4 ] DEBUG TilesetLoader        - Created buffer with size 640.0x480.0
08:20:03.689 [FXGL Background Thread 4 ] DEBUG TilesetLoader        - Loading view for layer WALL24
08:20:03.690 [FXGL Background Thread 4 ] DEBUG TilesetLoader        - Created buffer with size 640.0x480.0
08:20:03.690 [FXGL Background Thread 4 ] DEBUG TilesetLoader        - Loading view for layer WALL23
08:20:03.690 [FXGL Background Thread 4 ] DEBUG TilesetLoader        - Created buffer with size 640.0x480.0
08:20:03.691 [FXGL Background Thread 4 ] DEBUG TilesetLoader        - Loading view for layer WALL22
08:20:03.691 [FXGL Background Thread 4 ] DEBUG TilesetLoader        - Created buffer with size 640.0x480.0
08:20:03.691 [FXGL Background Thread 4 ] DEBUG TilesetLoader        - Loading view for layer WALL21
08:20:03.693 [FXGL Background Thread 4 ] DEBUG TilesetLoader        - Created buffer with size 640.0x480.0
08:20:03.693 [FXGL Background Thread 4 ] DEBUG TilesetLoader        - Loading view for layer WALL20
08:20:03.694 [FXGL Background Thread 4 ] DEBUG TilesetLoader        - Created buffer with size 640.0x480.0
08:20:03.695 [FXGL Background Thread 4 ] DEBUG TilesetLoader        - Loading view for layer WALL19
08:20:03.695 [FXGL Background Thread 4 ] DEBUG TilesetLoader        - Created buffer with size 640.0x480.0
08:20:03.695 [FXGL Background Thread 4 ] DEBUG TilesetLoader        - Loading view for layer WALL18
08:20:03.696 [FXGL Background Thread 4 ] DEBUG TilesetLoader        - Created buffer with size 640.0x480.0
08:20:03.696 [FXGL Background Thread 4 ] DEBUG TilesetLoader        - Loading view for layer WALL17
08:20:03.697 [FXGL Background Thread 4 ] DEBUG TilesetLoader        - Created buffer with size 640.0x480.0
08:20:03.698 [FXGL Background Thread 4 ] DEBUG TilesetLoader        - Loading view for layer WALL16
08:20:03.699 [FXGL Background Thread 4 ] DEBUG TilesetLoader        - Created buffer with size 640.0x480.0
08:20:03.700 [FXGL Background Thread 4 ] DEBUG TilesetLoader        - Loading view for layer WALL15
08:20:03.702 [FXGL Background Thread 4 ] DEBUG TilesetLoader        - Created buffer with size 640.0x480.0
08:20:03.702 [FXGL Background Thread 4 ] DEBUG TilesetLoader        - Loading view for layer WALL14
08:20:03.703 [FXGL Background Thread 4 ] DEBUG TilesetLoader        - Created buffer with size 640.0x480.0
08:20:03.704 [FXGL Background Thread 4 ] DEBUG TilesetLoader        - Loading view for layer WALL13
08:20:03.704 [FXGL Background Thread 4 ] DEBUG TilesetLoader        - Created buffer with size 640.0x480.0
08:20:03.705 [FXGL Background Thread 4 ] DEBUG TilesetLoader        - Loading view for layer WALL12
08:20:03.705 [FXGL Background Thread 4 ] DEBUG TilesetLoader        - Created buffer with size 640.0x480.0
08:20:03.705 [FXGL Background Thread 4 ] DEBUG TilesetLoader        - Loading view for layer WALL11
08:20:03.706 [FXGL Background Thread 4 ] DEBUG TilesetLoader        - Created buffer with size 640.0x480.0
08:20:03.706 [FXGL Background Thread 4 ] DEBUG TilesetLoader        - Loading view for layer WALL10
08:20:03.707 [FXGL Background Thread 4 ] DEBUG TilesetLoader        - Created buffer with size 640.0x480.0
08:20:03.707 [FXGL Background Thread 4 ] DEBUG TilesetLoader        - Loading view for layer WALL9
08:20:03.708 [FXGL Background Thread 4 ] DEBUG TilesetLoader        - Created buffer with size 640.0x480.0
08:20:03.709 [FXGL Background Thread 4 ] DEBUG TilesetLoader        - Loading view for layer WALL8
08:20:03.709 [FXGL Background Thread 4 ] DEBUG TilesetLoader        - Created buffer with size 640.0x480.0
08:20:03.710 [FXGL Background Thread 4 ] DEBUG TilesetLoader        - Loading view for layer WALL7
08:20:03.710 [FXGL Background Thread 4 ] DEBUG TilesetLoader        - Created buffer with size 640.0x480.0
08:20:03.711 [FXGL Background Thread 4 ] DEBUG TilesetLoader        - Loading view for layer WALL6
08:20:03.711 [FXGL Background Thread 4 ] DEBUG TilesetLoader        - Created buffer with size 640.0x480.0
08:20:03.711 [FXGL Background Thread 4 ] DEBUG TilesetLoader        - Loading view for layer WALL5
08:20:03.712 [FXGL Background Thread 4 ] DEBUG TilesetLoader        - Created buffer with size 640.0x480.0
08:20:03.712 [FXGL Background Thread 4 ] DEBUG TilesetLoader        - Loading view for layer WALL4
08:20:03.712 [FXGL Background Thread 4 ] DEBUG TilesetLoader        - Created buffer with size 640.0x480.0
08:20:03.712 [FXGL Background Thread 4 ] DEBUG TilesetLoader        - Loading view for layer WALL3
08:20:03.714 [FXGL Background Thread 4 ] DEBUG TilesetLoader        - Created buffer with size 640.0x480.0
08:20:03.714 [FXGL Background Thread 4 ] DEBUG TilesetLoader        - Loading view for layer WALL2
08:20:03.715 [FXGL Background Thread 4 ] DEBUG TilesetLoader        - Created buffer with size 640.0x480.0
08:20:03.715 [FXGL Background Thread 4 ] DEBUG TilesetLoader        - Loading view for layer WALL1
08:20:03.716 [FXGL Background Thread 4 ] DEBUG TilesetLoader        - Created buffer with size 640.0x480.0
08:20:03.716 [FXGL Background Thread 4 ] DEBUG TilesetLoader        - Loading view for layer เลเยอร์ไทล์ 2
08:20:03.717 [FXGL Background Thread 4 ] DEBUG TilesetLoader        - Created buffer with size 640.0x480.0
08:20:03.717 [FXGL Background Thread 4 ] DEBUG TilesetLoader        - Loading view for layer เลเยอร์ไทล์ 3
08:20:03.717 [FXGL Background Thread 4 ] DEBUG TilesetLoader        - Created buffer with size 640.0x480.0
08:20:03.718 [FXGL Background Thread 4 ] DEBUG TMXLevelLoader       - Creating object layer entities
08:20:03.728 [FXGL Background Thread 4 ] DEBUG GameWorld            - Clearing removable entities
08:20:03.729 [FXGL Background Thread 4 ] DEBUG GameWorld            - Setting level: com.almasb.fxgl.entity.level.Level@70e2f14b
08:20:03.738 [FXGL Background Thread 4 ] INFO  FXGLApplication      - Game initialization took: 0.341 sec
08:20:03.815 [JavaFX Application Thread] DEBUG Input                - Clearing active input actions
08:20:03.825 [JavaFX Application Thread] DEBUG GameApplicationServi - Removing overlay from FXGLLoadingScene and adding to GameScene
08:20:03.829 [JavaFX Application Thread] DEBUG PrimaryStageWindow   - FXGLLoadingScene -> GameScene
08:20:06.293 [FXGL Background Thread 3 ] DEBUG Engine               - Logging environment variables
08:20:06.293 [FXGL Background Thread 3 ] DEBUG Engine               - achievements: []
08:20:06.293 [FXGL Background Thread 3 ] DEBUG Engine               - actualHeight: 480.0
08:20:06.294 [FXGL Background Thread 3 ] DEBUG Engine               - actualHeightProperty: ReadOnlyDoubleProperty [value: 480.0]
08:20:06.294 [FXGL Background Thread 3 ] DEBUG Engine               - actualWidth: 640.0
08:20:06.294 [FXGL Background Thread 3 ] DEBUG Engine               - actualWidthProperty: ReadOnlyDoubleProperty [value: 640.0]
08:20:06.294 [FXGL Background Thread 3 ] DEBUG Engine               - appIcon: fxgl_icon.png
08:20:06.294 [FXGL Background Thread 3 ] DEBUG Engine               - applicationMode: DEVELOPER
08:20:06.294 [FXGL Background Thread 3 ] DEBUG Engine               - cSSList: [fxgl_dark.css]
08:20:06.294 [FXGL Background Thread 3 ] DEBUG Engine               - collisionDetectionStrategy: BRUTE_FORCE
08:20:06.294 [FXGL Background Thread 3 ] DEBUG Engine               - configClass: Optional.empty
08:20:06.294 [FXGL Background Thread 3 ] DEBUG Engine               - credits: []
08:20:06.294 [FXGL Background Thread 3 ] DEBUG Engine               - defaultCursor: CursorInfo(imageName=fxgl_default_cursor.png, hotspotX=7.0, hotspotY=6.0)
08:20:06.294 [FXGL Background Thread 3 ] DEBUG Engine               - devBBoxColorProperty: ObjectProperty [value: 0xff0000ff]
08:20:06.294 [FXGL Background Thread 3 ] DEBUG Engine               - devEnableDebugCameraProperty: BooleanProperty [value: false]
08:20:06.294 [FXGL Background Thread 3 ] DEBUG Engine               - devSensorColorProperty: ObjectProperty [value: 0xffff00ff]
08:20:06.294 [FXGL Background Thread 3 ] DEBUG Engine               - devShowBBoxProperty: BooleanProperty [value: false]
08:20:06.294 [FXGL Background Thread 3 ] DEBUG Engine               - devShowPositionProperty: BooleanProperty [value: false]
08:20:06.295 [FXGL Background Thread 3 ] DEBUG Engine               - enabledMenuItems: []
08:20:06.295 [FXGL Background Thread 3 ] DEBUG Engine               - engineServices: [class com.almasb.fxgl.app.services.FXGLAssetLoaderService, class com.almasb.fxgl.app.FXGLApplication$GameApplicationService, class com.almasb.fxgl.app.services.FXGLDialogService, class com.almasb.fxgl.app.services.IOTaskExecutorService, class com.almasb.fxgl.io.FileSystemService, class com.almasb.fxgl.localization.LocalizationService, class com.almasb.fxgl.app.services.SystemBundleService, class com.almasb.fxgl.profile.SaveLoadService, class com.almasb.fxgl.ui.FXGLUIFactoryServiceProvider, class com.almasb.fxgl.ui.FXGLDialogFactoryServiceProvider, class com.almasb.fxgl.audio.AudioPlayer, class com.almasb.fxgl.notification.impl.NotificationServiceProvider, class com.almasb.fxgl.achievement.AchievementService, class com.almasb.fxgl.cutscene.CutsceneService, class com.almasb.fxgl.minigames.MiniGameService, class com.almasb.fxgl.net.NetService, class com.almasb.fxgl.app.services.UpdaterService, class com.almasb.fxgl.dev.DevService]
08:20:06.295 [FXGL Background Thread 3 ] DEBUG Engine               - fontGame: Abel-Regular.ttf
08:20:06.295 [FXGL Background Thread 3 ] DEBUG Engine               - fontMono: TerminalLandMono-Regular.otf
08:20:06.295 [FXGL Background Thread 3 ] DEBUG Engine               - fontSizeScaleUI: 1.0
08:20:06.295 [FXGL Background Thread 3 ] DEBUG Engine               - fontText: Courier-Prime.ttf
08:20:06.295 [FXGL Background Thread 3 ] DEBUG Engine               - fontUI: VarelaRound-Regular.ttf
08:20:06.295 [FXGL Background Thread 3 ] DEBUG Engine               - fullScreen: BooleanProperty [value: false]
08:20:06.295 [FXGL Background Thread 3 ] DEBUG Engine               - gameDifficulty: MEDIUM
08:20:06.295 [FXGL Background Thread 3 ] DEBUG Engine               - gameDifficultyProperty: ObjectProperty [value: MEDIUM]
08:20:06.295 [FXGL Background Thread 3 ] DEBUG Engine               - globalMusicVolume: 0.5
08:20:06.295 [FXGL Background Thread 3 ] DEBUG Engine               - globalMusicVolumeProperty: DoubleProperty [value: 0.5]
08:20:06.295 [FXGL Background Thread 3 ] DEBUG Engine               - globalSoundVolume: 0.5
08:20:06.295 [FXGL Background Thread 3 ] DEBUG Engine               - globalSoundVolumeProperty: DoubleProperty [value: 0.5]
08:20:06.295 [FXGL Background Thread 3 ] DEBUG Engine               - height: 480
08:20:06.295 [FXGL Background Thread 3 ] DEBUG Engine               - is3D: false
08:20:06.295 [FXGL Background Thread 3 ] DEBUG Engine               - isAndroid: false
08:20:06.295 [FXGL Background Thread 3 ] DEBUG Engine               - isBrowser: false
08:20:06.295 [FXGL Background Thread 3 ] DEBUG Engine               - isClickFeedbackEnabled: false
08:20:06.295 [FXGL Background Thread 3 ] DEBUG Engine               - isCloseConfirmation: false
08:20:06.295 [FXGL Background Thread 3 ] DEBUG Engine               - isDesktop: true
08:20:06.295 [FXGL Background Thread 3 ] DEBUG Engine               - isDeveloperMenuEnabled: true
08:20:06.295 [FXGL Background Thread 3 ] DEBUG Engine               - isEmbedded: false
08:20:06.295 [FXGL Background Thread 3 ] DEBUG Engine               - isEntityPreloadEnabled: true
08:20:06.295 [FXGL Background Thread 3 ] DEBUG Engine               - isExperimentalTiledLargeMap: false
08:20:06.295 [FXGL Background Thread 3 ] DEBUG Engine               - isFileSystemWriteAllowed: true
08:20:06.295 [FXGL Background Thread 3 ] DEBUG Engine               - isFullScreenAllowed: false
08:20:06.295 [FXGL Background Thread 3 ] DEBUG Engine               - isFullScreenFromStart: false
08:20:06.295 [FXGL Background Thread 3 ] DEBUG Engine               - isGameMenuEnabled: true
08:20:06.296 [FXGL Background Thread 3 ] DEBUG Engine               - isIOS: false
08:20:06.296 [FXGL Background Thread 3 ] DEBUG Engine               - isIntroEnabled: false
08:20:06.296 [FXGL Background Thread 3 ] DEBUG Engine               - isLinux: false
08:20:06.296 [FXGL Background Thread 3 ] DEBUG Engine               - isMac: false
08:20:06.296 [FXGL Background Thread 3 ] DEBUG Engine               - isMainMenuEnabled: false
08:20:06.296 [FXGL Background Thread 3 ] DEBUG Engine               - isManualResizeEnabled: false
08:20:06.296 [FXGL Background Thread 3 ] DEBUG Engine               - isMobile: false
08:20:06.296 [FXGL Background Thread 3 ] DEBUG Engine               - isNative: false
08:20:06.296 [FXGL Background Thread 3 ] DEBUG Engine               - isPauseMusicWhenMinimized: true
08:20:06.296 [FXGL Background Thread 3 ] DEBUG Engine               - isPreserveResizeRatio: false
08:20:06.296 [FXGL Background Thread 3 ] DEBUG Engine               - isProfilingEnabled: false
08:20:06.296 [FXGL Background Thread 3 ] DEBUG Engine               - isScaleAffectedOnResize: true
08:20:06.296 [FXGL Background Thread 3 ] DEBUG Engine               - isSingleStep: false
08:20:06.296 [FXGL Background Thread 3 ] DEBUG Engine               - isUserProfileEnabled: false
08:20:06.296 [FXGL Background Thread 3 ] DEBUG Engine               - isWindows: true
08:20:06.296 [FXGL Background Thread 3 ] DEBUG Engine               - language: ObjectProperty [value: ENGLISH]
08:20:06.296 [FXGL Background Thread 3 ] DEBUG Engine               - menuKey: ESCAPE
08:20:06.296 [FXGL Background Thread 3 ] DEBUG Engine               - mouseSensitivity: 0.2
08:20:06.296 [FXGL Background Thread 3 ] DEBUG Engine               - notificationViewClass: class com.almasb.fxgl.notification.view.XboxNotificationView
08:20:06.296 [FXGL Background Thread 3 ] DEBUG Engine               - pixelsPerMeter: 50.0
08:20:06.296 [FXGL Background Thread 3 ] DEBUG Engine               - platform: WINDOWS
08:20:06.296 [FXGL Background Thread 3 ] DEBUG Engine               - prefHeightProperty: ReadOnlyDoubleProperty [value: 480.0]
08:20:06.296 [FXGL Background Thread 3 ] DEBUG Engine               - prefWidthProperty: ReadOnlyDoubleProperty [value: 640.0]
08:20:06.296 [FXGL Background Thread 3 ] DEBUG Engine               - profileDir: profiles/
08:20:06.296 [FXGL Background Thread 3 ] DEBUG Engine               - profileName: StringProperty [value: DEFAULT]
08:20:06.296 [FXGL Background Thread 3 ] DEBUG Engine               - randomSeed: -1
08:20:06.296 [FXGL Background Thread 3 ] DEBUG Engine               - runtimeInfo: RuntimeInfo(platform=WINDOWS, version=21.1, build=27.03.2024 07.52)
08:20:06.297 [FXGL Background Thread 3 ] DEBUG Engine               - saveFileExt: sav
08:20:06.297 [FXGL Background Thread 3 ] DEBUG Engine               - scaledHeightProp$fxgl: DoubleProperty [bound, value: 480.0]
08:20:06.297 [FXGL Background Thread 3 ] DEBUG Engine               - scaledWidthProp$fxgl: DoubleProperty [bound, value: 640.0]
08:20:06.297 [FXGL Background Thread 3 ] DEBUG Engine               - sceneFactory: com.almasb.fxgl.app.scene.SceneFactory@201cbda
08:20:06.297 [FXGL Background Thread 3 ] DEBUG Engine               - secondsIn24h: 60
08:20:06.297 [FXGL Background Thread 3 ] DEBUG Engine               - soundMenuBack: menu/back.wav
08:20:06.297 [FXGL Background Thread 3 ] DEBUG Engine               - soundMenuPress: menu/press.wav
08:20:06.297 [FXGL Background Thread 3 ] DEBUG Engine               - soundMenuSelect: menu/select.wav
08:20:06.297 [FXGL Background Thread 3 ] DEBUG Engine               - soundNotification: core/notification.wav
08:20:06.297 [FXGL Background Thread 3 ] DEBUG Engine               - stageStyle: DECORATED
08:20:06.297 [FXGL Background Thread 3 ] DEBUG Engine               - supportedLanguages: [ENGLISH, FRENCH, GERMAN, HUNGARIAN, RUSSIAN]
08:20:06.297 [FXGL Background Thread 3 ] DEBUG Engine               - ticksPerSecond: -1
08:20:06.297 [FXGL Background Thread 3 ] DEBUG Engine               - title: BomberMan
08:20:06.297 [FXGL Background Thread 3 ] DEBUG Engine               - urlGithub: https://github.com/AlmasB/FXGL
08:20:06.297 [FXGL Background Thread 3 ] DEBUG Engine               - urlLeaderboard: http://fxgl-top.herokuapp.com/
08:20:06.297 [FXGL Background Thread 3 ] DEBUG Engine               - urlPOM: https://raw.githubusercontent.com/AlmasB/FXGL/release/README.md
08:20:06.297 [FXGL Background Thread 3 ] DEBUG Engine               - userAppClass: class me.pooh.bakudun.App
08:20:06.297 [FXGL Background Thread 3 ] DEBUG Engine               - version: 0.1
08:20:06.297 [FXGL Background Thread 3 ] DEBUG Engine               - versionCheckDays: 7
08:20:06.297 [FXGL Background Thread 3 ] DEBUG Engine               - width: 640
08:20:06.297 [FXGL Background Thread 3 ] DEBUG Engine               - Logging services
08:20:06.297 [FXGL Background Thread 3 ] DEBUG Engine               - class com.almasb.fxgl.app.services.FXGLAssetLoaderService
08:20:06.297 [FXGL Background Thread 3 ] DEBUG Engine               - class com.almasb.fxgl.app.FXGLApplication$GameApplicationService
08:20:06.297 [FXGL Background Thread 3 ] DEBUG Engine               - class com.almasb.fxgl.app.services.FXGLDialogService
08:20:06.297 [FXGL Background Thread 3 ] DEBUG Engine               - class com.almasb.fxgl.app.services.IOTaskExecutorService
08:20:06.298 [FXGL Background Thread 3 ] DEBUG Engine               - class com.almasb.fxgl.io.FileSystemService
08:20:06.298 [FXGL Background Thread 3 ] DEBUG Engine               - class com.almasb.fxgl.localization.LocalizationService
08:20:06.298 [FXGL Background Thread 3 ] DEBUG Engine               - class com.almasb.fxgl.app.services.SystemBundleService
08:20:06.298 [FXGL Background Thread 3 ] DEBUG Engine               - class com.almasb.fxgl.profile.SaveLoadService
08:20:06.298 [FXGL Background Thread 3 ] DEBUG Engine               - class com.almasb.fxgl.ui.FXGLUIFactoryServiceProvider
08:20:06.298 [FXGL Background Thread 3 ] DEBUG Engine               - class com.almasb.fxgl.ui.FXGLDialogFactoryServiceProvider
08:20:06.298 [FXGL Background Thread 3 ] DEBUG Engine               - class com.almasb.fxgl.audio.AudioPlayer
08:20:06.298 [FXGL Background Thread 3 ] DEBUG Engine               - class com.almasb.fxgl.notification.impl.NotificationServiceProvider
08:20:06.298 [FXGL Background Thread 3 ] DEBUG Engine               - class com.almasb.fxgl.achievement.AchievementService
08:20:06.298 [FXGL Background Thread 3 ] DEBUG Engine               - class com.almasb.fxgl.cutscene.CutsceneService
08:20:06.298 [FXGL Background Thread 3 ] DEBUG Engine               - class com.almasb.fxgl.minigames.MiniGameService
08:20:06.298 [FXGL Background Thread 3 ] DEBUG Engine               - class com.almasb.fxgl.net.NetService
08:20:06.298 [FXGL Background Thread 3 ] DEBUG Engine               - class com.almasb.fxgl.app.services.UpdaterService
08:20:06.298 [FXGL Background Thread 3 ] DEBUG Engine               - class com.almasb.fxgl.dev.DevService
08:20:13.295 [JavaFX Application Thread] DEBUG FXGLApplication      - Exiting FXGL
08:20:13.295 [JavaFX Application Thread] DEBUG LoopRunner           - Stopping loop
08:20:13.295 [JavaFX Application Thread] DEBUG SystemBundleService  - Saving FXGL system data
08:20:13.297 [JavaFX Application Thread] DEBUG FileSystemAccess     - Writing to: C:\Users\POO\intellij\Bakudun\system\fxgl.bundle
08:20:13.299 [JavaFX Application Thread] DEBUG Async                - Shutting down background threads
08:20:13.299 [JavaFX Application Thread] DEBUG PrimaryStageWindow   - Closing main window
08:20:13.312 [JavaFX Application Thread] DEBUG Logger               - Closing Logger
