15:44:06.341 [main                     ] DEBUG Logger               - Configured Logger
15:44:06.364 [main                     ] DEBUG GameApplication      - Logging settings
Title: BomberMan
Version: 0.1
Width: 640
Height: 480
Fullscreen: false
Intro: false
Profiling: false
Single step:false
App Mode: DEVELOPER
Menu Key: ESCAPE
Stage Style: DECORATED
Scene Factory: class com.almasb.fxgl.app.scene.SceneFactory

15:44:06.954 [JavaFX Application Thread] DEBUG FXGLApplication      - Initializing FXGL
15:44:06.957 [JavaFX Application Thread] INFO  Engine               - FXGL-21.1 (27.03.2024 07.52) on WINDOWS (J:21.0.2 FX:21.0.1)
15:44:06.957 [JavaFX Application Thread] DEBUG Engine               - JRE Vendor Name: Eclipse Adoptium
15:44:06.957 [JavaFX Application Thread] DEBUG Engine               - Running on OS: Windows 11 version 10.0
15:44:06.957 [JavaFX Application Thread] DEBUG Engine               - Architecture: amd64
15:44:06.957 [JavaFX Application Thread] INFO  Engine               - Source code and latest versions at: https://github.com/AlmasB/FXGL
15:44:06.958 [JavaFX Application Thread] INFO  Engine               -       Ask questions and discuss at: https://github.com/AlmasB/FXGL/discussions
15:44:06.958 [JavaFX Application Thread] INFO  Engine               -              Join the FXGL chat at: https://gitter.im/AlmasB/FXGL
15:44:07.023 [JavaFX Application Thread] DEBUG PrimaryStageWindow   - Creating a JavaFX scene
15:44:07.059 [JavaFX Application Thread] DEBUG PrimaryStageWindow   - Target settings size: 640.0 x 480.0
15:44:07.060 [JavaFX Application Thread] DEBUG PrimaryStageWindow   - Scaled scene size:    640.0 x 480.0
15:44:07.060 [JavaFX Application Thread] DEBUG PrimaryStageWindow   - Scaled ratio: (1.0, 1.0)
15:44:07.061 [JavaFX Application Thread] DEBUG PrimaryStageWindow   - Set initial scene to FXGLStartupScene
15:44:07.063 [JavaFX Application Thread] DEBUG PrimaryStageWindow   - Opening main window
15:44:07.149 [JavaFX Application Thread] DEBUG PrimaryStageWindow   - Window border size: (14.4000244140625, 37.5999755859375)
15:44:07.149 [JavaFX Application Thread] DEBUG PrimaryStageWindow   - Scaled size: 640.0 x 480.0
15:44:07.150 [JavaFX Application Thread] DEBUG PrimaryStageWindow   - Scaled ratio: (1.0, 1.0)
15:44:07.150 [JavaFX Application Thread] DEBUG PrimaryStageWindow   - Scene size: 640.0 x 480.0
15:44:07.150 [JavaFX Application Thread] DEBUG PrimaryStageWindow   - Stage size: 654.4000244140625 x 517.5999755859375
15:44:07.157 [FXGL Background Thread 1 ] DEBUG Engine               - Initializing environment variables
15:44:07.211 [FXGL Background Thread 1 ] DEBUG FXGLAssetLoaderServi - User app class for loading assets: class me.pooh.bakudun.App
15:44:07.211 [FXGL Background Thread 1 ] DEBUG GameApplicationServi - Applying CSS: fxgl_dark.css
15:44:07.212 [FXGL Background Thread 1 ] DEBUG FXGLAssetLoaderServi - Loading from file system: jar:file:///C:/Users/POO/.m2/repository/com/github/almasb/fxgl/21.1/fxgl-21.1.jar!/fxglassets/ui/css/fxgl_dark.css
15:44:07.266 [FXGL Background Thread 1 ] DEBUG GameApplicationServi - Initializing application scenes
15:44:07.305 [FXGL Background Thread 1 ] DEBUG GameWorld            - Game world initialized
15:44:07.363 [FXGL Background Thread 1 ] DEBUG PhysicsWorld         - Physics world initialized: appHeight=480, physics.ppm=50.0
15:44:07.363 [FXGL Background Thread 1 ] DEBUG PhysicsWorld         - Using strategy: BRUTE_FORCE
15:44:07.371 [FXGL Background Thread 1 ] DEBUG GameScene            - Game scene initialized: 640x480
15:44:07.386 [FXGL Background Thread 1 ] WARN  FXGL.DefaultMenu     - FXGLDefaultMenu is not designed for resolutions < 800x600
15:44:07.386 [FXGL Background Thread 1 ] DEBUG FXGL.DefaultMenu     - createMenuBodyGameMenu()
15:44:07.402 [FXGL Background Thread 1 ] DEBUG FXGL.DefaultMenu     - createOptionsMenu()
15:44:07.413 [FXGL Background Thread 1 ] DEBUG FXGLAssetLoaderServi - Loading from file system: jar:file:///C:/Users/POO/.m2/repository/com/github/almasb/fxgl/21.1/fxgl-21.1.jar!/fxglassets/textures/particles/smoke.png
15:44:07.488 [FXGL Background Thread 1 ] DEBUG FXGLAssetLoaderServi - Loading from file system: jar:file:///C:/Users/POO/.m2/repository/com/github/almasb/fxgl/21.1/fxgl-21.1.jar!/fxglassets/textures/particles/trace_horizontal.png
15:44:07.510 [FXGL Background Thread 1 ] DEBUG GameApplicationServi - Application scenes initialized
15:44:07.520 [FXGL Background Thread 1 ] DEBUG SystemBundleService  - Loading FXGL system data
15:44:07.523 [FXGL Background Thread 1 ] DEBUG FileSystemAccess     - Reading from: C:\Users\POO\intellij\Bakudun\system\fxgl.bundle
15:44:07.531 [FXGL Background Thread 1 ] DEBUG SystemBundleService  - Bundle FXGL: {}
15:44:07.531 [FXGL Background Thread 1 ] DEBUG UpdaterService       - Checking for updates
15:44:07.553 [FXGL Background Thread 4 ] DEBUG FXGLApplication      - Loading fonts
15:44:07.553 [FXGL Background Thread 4 ] DEBUG FXGLAssetLoaderServi - Loading from file system: jar:file:///C:/Users/POO/.m2/repository/com/github/almasb/fxgl/21.1/fxgl-21.1.jar!/fxglassets/ui/fonts/VarelaRound-Regular.ttf
15:44:07.553 [FXGL Background Thread 1 ] DEBUG FXGLApplication      - Loading default localization
15:44:07.554 [FXGL Background Thread 1 ] DEBUG FXGLAssetLoaderServi - Loading from file system: jar:file:///C:/Users/POO/.m2/repository/com/github/almasb/fxgl/21.1/fxgl-21.1.jar!/fxglassets/languages/english.lang
15:44:07.571 [FXGL Background Thread 1 ] INFO  FXGLApplication      - FXGL initialization took: 0.413 sec
15:44:07.580 [JavaFX Application Thread] DEBUG Input                - Registered new binding: Right - D
15:44:07.581 [JavaFX Application Thread] DEBUG Input                - Registered new binding: Left - A
15:44:07.581 [JavaFX Application Thread] DEBUG Input                - Registered new binding: Up - W
15:44:07.581 [JavaFX Application Thread] DEBUG Input                - Registered new binding: Down - S
15:44:07.581 [JavaFX Application Thread] DEBUG Input                - Registered new binding: Place Bomb - Space
15:44:07.581 [JavaFX Application Thread] DEBUG FXGLAssetLoaderServi - Loading from file system: jar:file:///C:/Users/POO/.m2/repository/com/github/almasb/fxgl/21.1/fxgl-21.1.jar!/fxglassets/textures/fxgl_icon.png
15:44:07.583 [FXGL Background Thread 4 ] DEBUG FXGLAssetLoaderServi - Loading from file system: jar:file:///C:/Users/POO/.m2/repository/com/github/almasb/fxgl/21.1/fxgl-21.1.jar!/fxglassets/ui/fonts/Abel-Regular.ttf
15:44:07.586 [FXGL Background Thread 4 ] DEBUG FXGLAssetLoaderServi - Loading from file system: jar:file:///C:/Users/POO/.m2/repository/com/github/almasb/fxgl/21.1/fxgl-21.1.jar!/fxglassets/ui/fonts/TerminalLandMono-Regular.otf
15:44:07.591 [FXGL Background Thread 4 ] DEBUG FXGLAssetLoaderServi - Loading from file system: jar:file:///C:/Users/POO/.m2/repository/com/github/almasb/fxgl/21.1/fxgl-21.1.jar!/fxglassets/ui/fonts/Courier-Prime.ttf
15:44:07.594 [JavaFX Application Thread] DEBUG FXGLAssetLoaderServi - Loading from file system: jar:file:///C:/Users/POO/.m2/repository/com/github/almasb/fxgl/21.1/fxgl-21.1.jar!/fxglassets/textures/fxgl_default_cursor.png
15:44:07.597 [JavaFX Application Thread] DEBUG Input                - Registered new binding: Screenshot - CTRL+8
15:44:07.597 [JavaFX Application Thread] DEBUG Input                - Registered new binding: Dev Options - 1
15:44:07.598 [JavaFX Application Thread] DEBUG Input                - Registered new binding: Dev Console - 2
15:44:07.599 [JavaFX Application Thread] DEBUG Input                - Registered new binding: System info dump - CTRL+9
15:44:07.599 [JavaFX Application Thread] DEBUG Input                - Registered new binding: Restart - CTRL+R
15:44:07.600 [JavaFX Application Thread] DEBUG Input                - Registered new binding: Toggle Debug Camera - CTRL+7
15:44:07.605 [JavaFX Application Thread] DEBUG LoopRunner           - Starting loop
15:44:07.621 [JavaFX Application Thread] DEBUG LoopRunner           - Initializing JavaFX AnimationTimerLoop
15:44:07.623 [JavaFX Application Thread] DEBUG GameApplicationServi - Starting new game
15:44:07.623 [JavaFX Application Thread] DEBUG Input                - Clearing active input actions
15:44:07.632 [JavaFX Application Thread] DEBUG GameApplicationServi - Removing overlay from FXGLStartupScene and adding to FXGLLoadingScene
15:44:07.636 [JavaFX Application Thread] DEBUG PrimaryStageWindow   - FXGLStartupScene -> FXGLLoadingScene
15:44:07.636 [JavaFX Application Thread] DEBUG GameApplicationServi - Clearing previous game
15:44:07.636 [JavaFX Application Thread] DEBUG GameScene            - Clearing game scene
15:44:07.636 [JavaFX Application Thread] DEBUG GameWorld            - Clearing game world
15:44:07.636 [JavaFX Application Thread] DEBUG PhysicsWorld         - Clearing physics world
15:44:07.637 [FXGL Background Thread 4 ] DEBUG FXGLApplication      - Initializing game
15:44:07.637 [JavaFX Application Thread] DEBUG FXGLApplication      - Registering font factories with UI factory
15:44:07.687 [FXGL Background Thread 4 ] WARN  TMXLevelLoader       - TiledMap generated from 1.11.2. Supported version: 1.9.0. Some features may not be parsed fully.
15:44:07.711 [FXGL Background Thread 4 ] DEBUG TMXLevelLoader       - Parsed TiledMap: file:/C:/Users/POO/intellij/Bakudun/target/classes/assets/levels/Map.tmx
15:44:07.712 [FXGL Background Thread 4 ] DEBUG TMXLevelLoader       - Creating tile layer entities
15:44:07.714 [FXGL Background Thread 4 ] DEBUG TilesetLoader        - Loading view for layer เลเยอร์ไทล์ 1
15:44:07.715 [FXGL Background Thread 4 ] DEBUG TilesetLoader        - Created buffer with size 640.0x480.0
15:44:07.725 [FXGL Background Thread 4 ] WARN  TilesetLoader        - Diagonally flipped tiles are not currently supported
15:44:07.733 [FXGL Background Thread 4 ] WARN  TilesetLoader        - Diagonally flipped tiles are not currently supported
15:44:07.742 [FXGL Background Thread 4 ] DEBUG TilesetLoader        - Loading view for layer เลเยอร์ไทล์ 2
15:44:07.742 [FXGL Background Thread 4 ] DEBUG TilesetLoader        - Created buffer with size 640.0x480.0
15:44:07.743 [FXGL Background Thread 4 ] DEBUG TilesetLoader        - Loading view for layer เลเยอร์ไทล์ 3
15:44:07.744 [FXGL Background Thread 4 ] DEBUG TilesetLoader        - Created buffer with size 640.0x480.0
15:44:07.744 [FXGL Background Thread 4 ] DEBUG TMXLevelLoader       - Creating object layer entities
15:44:07.780 [FXGL Background Thread 4 ] DEBUG FXGLAssetLoaderServi - Loading from file system: file:/C:/Users/POO/intellij/Bakudun/target/classes/assets/textures/Jim2.png
15:44:07.789 [FXGL Background Thread 4 ] DEBUG FXGLAssetLoaderServi - Loading from file system: file:/C:/Users/POO/intellij/Bakudun/target/classes/assets/textures/wallbreakas.png
15:44:07.825 [FXGL Background Thread 4 ] WARN  TMXLevelLoader       - TiledMap generated from 1.11.2. Supported version: 1.9.0. Some features may not be parsed fully.
15:44:07.836 [FXGL Background Thread 4 ] DEBUG TMXLevelLoader       - Parsed TiledMap: file:/C:/Users/POO/intellij/Bakudun/target/classes/assets/levels/Map.tmx
15:44:07.837 [FXGL Background Thread 4 ] DEBUG TMXLevelLoader       - Creating tile layer entities
15:44:07.837 [FXGL Background Thread 4 ] DEBUG TilesetLoader        - Loading view for layer เลเยอร์ไทล์ 1
15:44:07.837 [FXGL Background Thread 4 ] DEBUG TilesetLoader        - Created buffer with size 640.0x480.0
15:44:07.851 [FXGL Background Thread 4 ] WARN  TilesetLoader        - Diagonally flipped tiles are not currently supported
15:44:07.858 [FXGL Background Thread 4 ] WARN  TilesetLoader        - Diagonally flipped tiles are not currently supported
15:44:07.864 [FXGL Background Thread 4 ] DEBUG TilesetLoader        - Loading view for layer เลเยอร์ไทล์ 2
15:44:07.864 [FXGL Background Thread 4 ] DEBUG TilesetLoader        - Created buffer with size 640.0x480.0
15:44:07.865 [FXGL Background Thread 4 ] DEBUG TilesetLoader        - Loading view for layer เลเยอร์ไทล์ 3
15:44:07.865 [FXGL Background Thread 4 ] DEBUG TilesetLoader        - Created buffer with size 640.0x480.0
15:44:07.866 [FXGL Background Thread 4 ] DEBUG TMXLevelLoader       - Creating object layer entities
15:44:07.898 [FXGL Background Thread 4 ] DEBUG GameWorld            - Clearing removable entities
15:44:07.899 [FXGL Background Thread 4 ] DEBUG GameWorld            - Setting level: com.almasb.fxgl.entity.level.Level@2e5c618e
15:44:07.914 [FXGL Background Thread 4 ] INFO  FXGLApplication      - Game initialization took: 0.276 sec
15:44:07.926 [JavaFX Application Thread] DEBUG Input                - Clearing active input actions
15:44:07.935 [JavaFX Application Thread] DEBUG GameApplicationServi - Removing overlay from FXGLLoadingScene and adding to GameScene
15:44:07.939 [JavaFX Application Thread] DEBUG PrimaryStageWindow   - FXGLLoadingScene -> GameScene
15:44:09.644 [JavaFX Application Thread] WARN  Entity               - Entity already has component: com.almasb.fxgl.physics.PhysicsComponent
15:44:09.646 [JavaFX Application Thread] DEBUG FXGLAssetLoaderServi - Loading from file system: file:/C:/Users/POO/intellij/Bakudun/target/classes/assets/textures/bombball.png
15:44:09.647 [JavaFX Application Thread] DEBUG FXGLAssetLoaderServi - Loading from file system: file:/C:/Users/POO/intellij/Bakudun/target/classes/assets/textures/bombblast.png
15:44:10.552 [FXGL Background Thread 3 ] DEBUG Engine               - Logging environment variables
15:44:10.552 [FXGL Background Thread 3 ] DEBUG Engine               - achievements: []
15:44:10.552 [FXGL Background Thread 3 ] DEBUG Engine               - actualHeight: 480.0
15:44:10.552 [FXGL Background Thread 3 ] DEBUG Engine               - actualHeightProperty: ReadOnlyDoubleProperty [value: 480.0]
15:44:10.552 [FXGL Background Thread 3 ] DEBUG Engine               - actualWidth: 640.0
15:44:10.552 [FXGL Background Thread 3 ] DEBUG Engine               - actualWidthProperty: ReadOnlyDoubleProperty [value: 640.0]
15:44:10.553 [FXGL Background Thread 3 ] DEBUG Engine               - appIcon: fxgl_icon.png
15:44:10.553 [FXGL Background Thread 3 ] DEBUG Engine               - applicationMode: DEVELOPER
15:44:10.553 [FXGL Background Thread 3 ] DEBUG Engine               - cSSList: [fxgl_dark.css]
15:44:10.553 [FXGL Background Thread 3 ] DEBUG Engine               - collisionDetectionStrategy: BRUTE_FORCE
15:44:10.553 [FXGL Background Thread 3 ] DEBUG Engine               - configClass: Optional.empty
15:44:10.553 [FXGL Background Thread 3 ] DEBUG Engine               - credits: []
15:44:10.553 [FXGL Background Thread 3 ] DEBUG Engine               - defaultCursor: CursorInfo(imageName=fxgl_default_cursor.png, hotspotX=7.0, hotspotY=6.0)
15:44:10.553 [FXGL Background Thread 3 ] DEBUG Engine               - devBBoxColorProperty: ObjectProperty [value: 0xff0000ff]
15:44:10.553 [FXGL Background Thread 3 ] DEBUG Engine               - devEnableDebugCameraProperty: BooleanProperty [value: false]
15:44:10.553 [FXGL Background Thread 3 ] DEBUG Engine               - devSensorColorProperty: ObjectProperty [value: 0xffff00ff]
15:44:10.553 [FXGL Background Thread 3 ] DEBUG Engine               - devShowBBoxProperty: BooleanProperty [value: false]
15:44:10.553 [FXGL Background Thread 3 ] DEBUG Engine               - devShowPositionProperty: BooleanProperty [value: false]
15:44:10.553 [FXGL Background Thread 3 ] DEBUG Engine               - enabledMenuItems: []
15:44:10.553 [FXGL Background Thread 3 ] DEBUG Engine               - engineServices: [class com.almasb.fxgl.app.services.FXGLAssetLoaderService, class com.almasb.fxgl.app.FXGLApplication$GameApplicationService, class com.almasb.fxgl.app.services.FXGLDialogService, class com.almasb.fxgl.app.services.IOTaskExecutorService, class com.almasb.fxgl.io.FileSystemService, class com.almasb.fxgl.localization.LocalizationService, class com.almasb.fxgl.app.services.SystemBundleService, class com.almasb.fxgl.profile.SaveLoadService, class com.almasb.fxgl.ui.FXGLUIFactoryServiceProvider, class com.almasb.fxgl.ui.FXGLDialogFactoryServiceProvider, class com.almasb.fxgl.audio.AudioPlayer, class com.almasb.fxgl.notification.impl.NotificationServiceProvider, class com.almasb.fxgl.achievement.AchievementService, class com.almasb.fxgl.cutscene.CutsceneService, class com.almasb.fxgl.minigames.MiniGameService, class com.almasb.fxgl.net.NetService, class com.almasb.fxgl.app.services.UpdaterService, class com.almasb.fxgl.dev.DevService]
15:44:10.553 [FXGL Background Thread 3 ] DEBUG Engine               - fontGame: Abel-Regular.ttf
15:44:10.554 [FXGL Background Thread 3 ] DEBUG Engine               - fontMono: TerminalLandMono-Regular.otf
15:44:10.554 [FXGL Background Thread 3 ] DEBUG Engine               - fontSizeScaleUI: 1.0
15:44:10.554 [FXGL Background Thread 3 ] DEBUG Engine               - fontText: Courier-Prime.ttf
15:44:10.554 [FXGL Background Thread 3 ] DEBUG Engine               - fontUI: VarelaRound-Regular.ttf
15:44:10.554 [FXGL Background Thread 3 ] DEBUG Engine               - fullScreen: BooleanProperty [value: false]
15:44:10.554 [FXGL Background Thread 3 ] DEBUG Engine               - gameDifficulty: MEDIUM
15:44:10.554 [FXGL Background Thread 3 ] DEBUG Engine               - gameDifficultyProperty: ObjectProperty [value: MEDIUM]
15:44:10.554 [FXGL Background Thread 3 ] DEBUG Engine               - globalMusicVolume: 0.5
15:44:10.554 [FXGL Background Thread 3 ] DEBUG Engine               - globalMusicVolumeProperty: DoubleProperty [value: 0.5]
15:44:10.554 [FXGL Background Thread 3 ] DEBUG Engine               - globalSoundVolume: 0.5
15:44:10.554 [FXGL Background Thread 3 ] DEBUG Engine               - globalSoundVolumeProperty: DoubleProperty [value: 0.5]
15:44:10.554 [FXGL Background Thread 3 ] DEBUG Engine               - height: 480
15:44:10.554 [FXGL Background Thread 3 ] DEBUG Engine               - is3D: false
15:44:10.554 [FXGL Background Thread 3 ] DEBUG Engine               - isAndroid: false
15:44:10.554 [FXGL Background Thread 3 ] DEBUG Engine               - isBrowser: false
15:44:10.554 [FXGL Background Thread 3 ] DEBUG Engine               - isClickFeedbackEnabled: false
15:44:10.554 [FXGL Background Thread 3 ] DEBUG Engine               - isCloseConfirmation: false
15:44:10.554 [FXGL Background Thread 3 ] DEBUG Engine               - isDesktop: true
15:44:10.554 [FXGL Background Thread 3 ] DEBUG Engine               - isDeveloperMenuEnabled: true
15:44:10.555 [FXGL Background Thread 3 ] DEBUG Engine               - isEmbedded: false
15:44:10.555 [FXGL Background Thread 3 ] DEBUG Engine               - isEntityPreloadEnabled: true
15:44:10.555 [FXGL Background Thread 3 ] DEBUG Engine               - isExperimentalTiledLargeMap: false
15:44:10.555 [FXGL Background Thread 3 ] DEBUG Engine               - isFileSystemWriteAllowed: true
15:44:10.555 [FXGL Background Thread 3 ] DEBUG Engine               - isFullScreenAllowed: false
15:44:10.555 [FXGL Background Thread 3 ] DEBUG Engine               - isFullScreenFromStart: false
15:44:10.555 [FXGL Background Thread 3 ] DEBUG Engine               - isGameMenuEnabled: true
15:44:10.555 [FXGL Background Thread 3 ] DEBUG Engine               - isIOS: false
15:44:10.555 [FXGL Background Thread 3 ] DEBUG Engine               - isIntroEnabled: false
15:44:10.555 [FXGL Background Thread 3 ] DEBUG Engine               - isLinux: false
15:44:10.555 [FXGL Background Thread 3 ] DEBUG Engine               - isMac: false
15:44:10.555 [FXGL Background Thread 3 ] DEBUG Engine               - isMainMenuEnabled: false
15:44:10.555 [FXGL Background Thread 3 ] DEBUG Engine               - isManualResizeEnabled: false
15:44:10.555 [FXGL Background Thread 3 ] DEBUG Engine               - isMobile: false
15:44:10.555 [FXGL Background Thread 3 ] DEBUG Engine               - isNative: false
15:44:10.555 [FXGL Background Thread 3 ] DEBUG Engine               - isPauseMusicWhenMinimized: true
15:44:10.556 [FXGL Background Thread 3 ] DEBUG Engine               - isPreserveResizeRatio: false
15:44:10.556 [FXGL Background Thread 3 ] DEBUG Engine               - isProfilingEnabled: false
15:44:10.556 [FXGL Background Thread 3 ] DEBUG Engine               - isScaleAffectedOnResize: true
15:44:10.556 [FXGL Background Thread 3 ] DEBUG Engine               - isSingleStep: false
15:44:10.556 [FXGL Background Thread 3 ] DEBUG Engine               - isUserProfileEnabled: false
15:44:10.556 [FXGL Background Thread 3 ] DEBUG Engine               - isWindows: true
15:44:10.556 [FXGL Background Thread 3 ] DEBUG Engine               - language: ObjectProperty [value: ENGLISH]
15:44:10.556 [FXGL Background Thread 3 ] DEBUG Engine               - menuKey: ESCAPE
15:44:10.556 [FXGL Background Thread 3 ] DEBUG Engine               - mouseSensitivity: 0.2
15:44:10.556 [FXGL Background Thread 3 ] DEBUG Engine               - notificationViewClass: class com.almasb.fxgl.notification.view.XboxNotificationView
15:44:10.556 [FXGL Background Thread 3 ] DEBUG Engine               - pixelsPerMeter: 50.0
15:44:10.556 [FXGL Background Thread 3 ] DEBUG Engine               - platform: WINDOWS
15:44:10.556 [FXGL Background Thread 3 ] DEBUG Engine               - prefHeightProperty: ReadOnlyDoubleProperty [value: 480.0]
15:44:10.556 [FXGL Background Thread 3 ] DEBUG Engine               - prefWidthProperty: ReadOnlyDoubleProperty [value: 640.0]
15:44:10.556 [FXGL Background Thread 3 ] DEBUG Engine               - profileDir: profiles/
15:44:10.556 [FXGL Background Thread 3 ] DEBUG Engine               - profileName: StringProperty [value: DEFAULT]
15:44:10.557 [FXGL Background Thread 3 ] DEBUG Engine               - randomSeed: -1
15:44:10.557 [FXGL Background Thread 3 ] DEBUG Engine               - runtimeInfo: RuntimeInfo(platform=WINDOWS, version=21.1, build=27.03.2024 07.52)
15:44:10.557 [FXGL Background Thread 3 ] DEBUG Engine               - saveFileExt: sav
15:44:10.557 [FXGL Background Thread 3 ] DEBUG Engine               - scaledHeightProp$fxgl: DoubleProperty [bound, value: 480.0]
15:44:10.557 [FXGL Background Thread 3 ] DEBUG Engine               - scaledWidthProp$fxgl: DoubleProperty [bound, value: 640.0]
15:44:10.557 [FXGL Background Thread 3 ] DEBUG Engine               - sceneFactory: com.almasb.fxgl.app.scene.SceneFactory@4ab444ea
15:44:10.557 [FXGL Background Thread 3 ] DEBUG Engine               - secondsIn24h: 60
15:44:10.557 [FXGL Background Thread 3 ] DEBUG Engine               - soundMenuBack: menu/back.wav
15:44:10.557 [FXGL Background Thread 3 ] DEBUG Engine               - soundMenuPress: menu/press.wav
15:44:10.557 [FXGL Background Thread 3 ] DEBUG Engine               - soundMenuSelect: menu/select.wav
15:44:10.557 [FXGL Background Thread 3 ] DEBUG Engine               - soundNotification: core/notification.wav
15:44:10.557 [FXGL Background Thread 3 ] DEBUG Engine               - stageStyle: DECORATED
15:44:10.557 [FXGL Background Thread 3 ] DEBUG Engine               - supportedLanguages: [ENGLISH, FRENCH, GERMAN, HUNGARIAN, RUSSIAN]
15:44:10.557 [FXGL Background Thread 3 ] DEBUG Engine               - ticksPerSecond: -1
15:44:10.557 [FXGL Background Thread 3 ] DEBUG Engine               - title: BomberMan
15:44:10.557 [FXGL Background Thread 3 ] DEBUG Engine               - urlGithub: https://github.com/AlmasB/FXGL
15:44:10.557 [FXGL Background Thread 3 ] DEBUG Engine               - urlLeaderboard: http://fxgl-top.herokuapp.com/
15:44:10.557 [FXGL Background Thread 3 ] DEBUG Engine               - urlPOM: https://raw.githubusercontent.com/AlmasB/FXGL/release/README.md
15:44:10.558 [FXGL Background Thread 3 ] DEBUG Engine               - userAppClass: class me.pooh.bakudun.App
15:44:10.558 [FXGL Background Thread 3 ] DEBUG Engine               - version: 0.1
15:44:10.558 [FXGL Background Thread 3 ] DEBUG Engine               - versionCheckDays: 7
15:44:10.558 [FXGL Background Thread 3 ] DEBUG Engine               - width: 640
15:44:10.558 [FXGL Background Thread 3 ] DEBUG Engine               - Logging services
15:44:10.558 [FXGL Background Thread 3 ] DEBUG Engine               - class com.almasb.fxgl.app.services.FXGLAssetLoaderService
15:44:10.558 [FXGL Background Thread 3 ] DEBUG Engine               - class com.almasb.fxgl.app.FXGLApplication$GameApplicationService
15:44:10.558 [FXGL Background Thread 3 ] DEBUG Engine               - class com.almasb.fxgl.app.services.FXGLDialogService
15:44:10.558 [FXGL Background Thread 3 ] DEBUG Engine               - class com.almasb.fxgl.app.services.IOTaskExecutorService
15:44:10.558 [FXGL Background Thread 3 ] DEBUG Engine               - class com.almasb.fxgl.io.FileSystemService
15:44:10.558 [FXGL Background Thread 3 ] DEBUG Engine               - class com.almasb.fxgl.localization.LocalizationService
15:44:10.558 [FXGL Background Thread 3 ] DEBUG Engine               - class com.almasb.fxgl.app.services.SystemBundleService
15:44:10.558 [FXGL Background Thread 3 ] DEBUG Engine               - class com.almasb.fxgl.profile.SaveLoadService
15:44:10.558 [FXGL Background Thread 3 ] DEBUG Engine               - class com.almasb.fxgl.ui.FXGLUIFactoryServiceProvider
15:44:10.558 [FXGL Background Thread 3 ] DEBUG Engine               - class com.almasb.fxgl.ui.FXGLDialogFactoryServiceProvider
15:44:10.558 [FXGL Background Thread 3 ] DEBUG Engine               - class com.almasb.fxgl.audio.AudioPlayer
15:44:10.558 [FXGL Background Thread 3 ] DEBUG Engine               - class com.almasb.fxgl.notification.impl.NotificationServiceProvider
15:44:10.558 [FXGL Background Thread 3 ] DEBUG Engine               - class com.almasb.fxgl.achievement.AchievementService
15:44:10.558 [FXGL Background Thread 3 ] DEBUG Engine               - class com.almasb.fxgl.cutscene.CutsceneService
15:44:10.558 [FXGL Background Thread 3 ] DEBUG Engine               - class com.almasb.fxgl.minigames.MiniGameService
15:44:10.558 [FXGL Background Thread 3 ] DEBUG Engine               - class com.almasb.fxgl.net.NetService
15:44:10.558 [FXGL Background Thread 3 ] DEBUG Engine               - class com.almasb.fxgl.app.services.UpdaterService
15:44:10.558 [FXGL Background Thread 3 ] DEBUG Engine               - class com.almasb.fxgl.dev.DevService
15:44:11.826 [JavaFX Application Thread] WARN  Entity               - Entity already has component: com.almasb.fxgl.physics.PhysicsComponent
15:44:12.189 [JavaFX Application Thread] WARN  Entity               - Entity already has component: com.almasb.fxgl.physics.PhysicsComponent
15:44:12.565 [JavaFX Application Thread] WARN  Entity               - Entity already has component: com.almasb.fxgl.physics.PhysicsComponent
15:44:16.075 [JavaFX Application Thread] WARN  Entity               - Entity already has component: com.almasb.fxgl.physics.PhysicsComponent
15:44:16.310 [JavaFX Application Thread] WARN  Entity               - Entity already has component: com.almasb.fxgl.physics.PhysicsComponent
15:44:16.552 [JavaFX Application Thread] WARN  Entity               - Entity already has component: com.almasb.fxgl.physics.PhysicsComponent
15:44:21.265 [JavaFX Application Thread] DEBUG FXGLApplication      - Exiting FXGL
15:44:21.265 [JavaFX Application Thread] DEBUG LoopRunner           - Stopping loop
15:44:21.266 [JavaFX Application Thread] DEBUG SystemBundleService  - Saving FXGL system data
15:44:21.267 [JavaFX Application Thread] DEBUG FileSystemAccess     - Writing to: C:\Users\POO\intellij\Bakudun\system\fxgl.bundle
15:44:21.269 [JavaFX Application Thread] DEBUG Async                - Shutting down background threads
15:44:21.269 [JavaFX Application Thread] DEBUG PrimaryStageWindow   - Closing main window
15:44:21.288 [JavaFX Application Thread] DEBUG Logger               - Closing Logger
