15:29:16.947 [main                     ] DEBUG Logger               - Configured Logger
15:29:16.967 [main                     ] DEBUG GameApplication      - Logging settings
Title: BomberMan
Version: 0.1
Width: 640
Height: 480
Fullscreen: false
Intro: false
Profiling: false
Single step:false
App Mode: DEVELOPER
Menu Key: ESCAPE
Stage Style: DECORATED
Scene Factory: class com.almasb.fxgl.app.scene.SceneFactory

15:29:17.611 [JavaFX Application Thread] DEBUG FXGLApplication      - Initializing FXGL
15:29:17.614 [JavaFX Application Thread] INFO  Engine               - FXGL-21.1 (27.03.2024 07.52) on WINDOWS (J:21.0.2 FX:21.0.1)
15:29:17.614 [JavaFX Application Thread] DEBUG Engine               - JRE Vendor Name: Eclipse Adoptium
15:29:17.614 [JavaFX Application Thread] DEBUG Engine               - Running on OS: Windows 11 version 10.0
15:29:17.614 [JavaFX Application Thread] DEBUG Engine               - Architecture: amd64
15:29:17.614 [JavaFX Application Thread] INFO  Engine               - Source code and latest versions at: https://github.com/AlmasB/FXGL
15:29:17.615 [JavaFX Application Thread] INFO  Engine               -       Ask questions and discuss at: https://github.com/AlmasB/FXGL/discussions
15:29:17.615 [JavaFX Application Thread] INFO  Engine               -              Join the FXGL chat at: https://gitter.im/AlmasB/FXGL
15:29:17.701 [JavaFX Application Thread] DEBUG PrimaryStageWindow   - Creating a JavaFX scene
15:29:17.746 [JavaFX Application Thread] DEBUG PrimaryStageWindow   - Target settings size: 640.0 x 480.0
15:29:17.746 [JavaFX Application Thread] DEBUG PrimaryStageWindow   - Scaled scene size:    640.0 x 480.0
15:29:17.746 [JavaFX Application Thread] DEBUG PrimaryStageWindow   - Scaled ratio: (1.0, 1.0)
15:29:17.747 [JavaFX Application Thread] DEBUG PrimaryStageWindow   - Set initial scene to FXGLStartupScene
15:29:17.751 [JavaFX Application Thread] DEBUG PrimaryStageWindow   - Opening main window
15:29:17.845 [JavaFX Application Thread] DEBUG PrimaryStageWindow   - Window border size: (14.4000244140625, 37.5999755859375)
15:29:17.845 [JavaFX Application Thread] DEBUG PrimaryStageWindow   - Scaled size: 640.0 x 480.0
15:29:17.845 [JavaFX Application Thread] DEBUG PrimaryStageWindow   - Scaled ratio: (1.0, 1.0)
15:29:17.845 [JavaFX Application Thread] DEBUG PrimaryStageWindow   - Scene size: 640.0 x 480.0
15:29:17.845 [JavaFX Application Thread] DEBUG PrimaryStageWindow   - Stage size: 654.4000244140625 x 517.5999755859375
15:29:17.853 [FXGL Background Thread 1 ] DEBUG Engine               - Initializing environment variables
15:29:17.906 [FXGL Background Thread 1 ] DEBUG FXGLAssetLoaderServi - User app class for loading assets: class me.pooh.bakudun.App
15:29:17.906 [FXGL Background Thread 1 ] DEBUG GameApplicationServi - Applying CSS: fxgl_dark.css
15:29:17.907 [FXGL Background Thread 1 ] DEBUG FXGLAssetLoaderServi - Loading from file system: jar:file:///C:/Users/POO/.m2/repository/com/github/almasb/fxgl/21.1/fxgl-21.1.jar!/fxglassets/ui/css/fxgl_dark.css
15:29:17.943 [FXGL Background Thread 1 ] DEBUG GameApplicationServi - Initializing application scenes
15:29:17.977 [FXGL Background Thread 1 ] DEBUG GameWorld            - Game world initialized
15:29:18.038 [FXGL Background Thread 1 ] DEBUG PhysicsWorld         - Physics world initialized: appHeight=480, physics.ppm=50.0
15:29:18.039 [FXGL Background Thread 1 ] DEBUG PhysicsWorld         - Using strategy: BRUTE_FORCE
15:29:18.045 [FXGL Background Thread 1 ] DEBUG GameScene            - Game scene initialized: 640x480
15:29:18.057 [FXGL Background Thread 1 ] WARN  FXGL.DefaultMenu     - FXGLDefaultMenu is not designed for resolutions < 800x600
15:29:18.057 [FXGL Background Thread 1 ] DEBUG FXGL.DefaultMenu     - createMenuBodyGameMenu()
15:29:18.074 [FXGL Background Thread 1 ] DEBUG FXGL.DefaultMenu     - createOptionsMenu()
15:29:18.089 [FXGL Background Thread 1 ] DEBUG FXGLAssetLoaderServi - Loading from file system: jar:file:///C:/Users/POO/.m2/repository/com/github/almasb/fxgl/21.1/fxgl-21.1.jar!/fxglassets/textures/particles/smoke.png
15:29:18.181 [FXGL Background Thread 1 ] DEBUG FXGLAssetLoaderServi - Loading from file system: jar:file:///C:/Users/POO/.m2/repository/com/github/almasb/fxgl/21.1/fxgl-21.1.jar!/fxglassets/textures/particles/trace_horizontal.png
15:29:18.221 [FXGL Background Thread 1 ] DEBUG GameApplicationServi - Application scenes initialized
15:29:18.232 [FXGL Background Thread 1 ] DEBUG SystemBundleService  - Loading FXGL system data
15:29:18.236 [FXGL Background Thread 1 ] DEBUG FileSystemAccess     - Reading from: C:\Users\POO\intellij\Bakudun\system\fxgl.bundle
15:29:18.248 [FXGL Background Thread 1 ] DEBUG SystemBundleService  - Bundle FXGL: {}
15:29:18.248 [FXGL Background Thread 1 ] DEBUG UpdaterService       - Checking for updates
15:29:18.277 [FXGL Background Thread 4 ] DEBUG FXGLApplication      - Loading fonts
15:29:18.277 [FXGL Background Thread 1 ] DEBUG FXGLApplication      - Loading default localization
15:29:18.278 [FXGL Background Thread 4 ] DEBUG FXGLAssetLoaderServi - Loading from file system: jar:file:///C:/Users/POO/.m2/repository/com/github/almasb/fxgl/21.1/fxgl-21.1.jar!/fxglassets/ui/fonts/VarelaRound-Regular.ttf
15:29:18.278 [FXGL Background Thread 1 ] DEBUG FXGLAssetLoaderServi - Loading from file system: jar:file:///C:/Users/POO/.m2/repository/com/github/almasb/fxgl/21.1/fxgl-21.1.jar!/fxglassets/languages/english.lang
15:29:18.298 [FXGL Background Thread 1 ] INFO  FXGLApplication      - FXGL initialization took: 0.444 sec
15:29:18.309 [JavaFX Application Thread] DEBUG Input                - Registered new binding: Right - D
15:29:18.309 [JavaFX Application Thread] DEBUG Input                - Registered new binding: Left - A
15:29:18.309 [JavaFX Application Thread] DEBUG Input                - Registered new binding: Up - W
15:29:18.309 [JavaFX Application Thread] DEBUG Input                - Registered new binding: Down - S
15:29:18.309 [JavaFX Application Thread] DEBUG Input                - Registered new binding: Place Bomb - Space
15:29:18.310 [JavaFX Application Thread] DEBUG FXGLAssetLoaderServi - Loading from file system: jar:file:///C:/Users/POO/.m2/repository/com/github/almasb/fxgl/21.1/fxgl-21.1.jar!/fxglassets/textures/fxgl_icon.png
15:29:18.327 [JavaFX Application Thread] DEBUG FXGLAssetLoaderServi - Loading from file system: jar:file:///C:/Users/POO/.m2/repository/com/github/almasb/fxgl/21.1/fxgl-21.1.jar!/fxglassets/textures/fxgl_default_cursor.png
15:29:18.330 [JavaFX Application Thread] DEBUG Input                - Registered new binding: Screenshot - CTRL+8
15:29:18.330 [JavaFX Application Thread] DEBUG Input                - Registered new binding: Dev Options - 1
15:29:18.331 [JavaFX Application Thread] DEBUG Input                - Registered new binding: Dev Console - 2
15:29:18.331 [JavaFX Application Thread] DEBUG Input                - Registered new binding: System info dump - CTRL+9
15:29:18.332 [JavaFX Application Thread] DEBUG Input                - Registered new binding: Restart - CTRL+R
15:29:18.332 [JavaFX Application Thread] DEBUG Input                - Registered new binding: Toggle Debug Camera - CTRL+7
15:29:18.343 [JavaFX Application Thread] DEBUG LoopRunner           - Starting loop
15:29:18.344 [FXGL Background Thread 4 ] DEBUG FXGLAssetLoaderServi - Loading from file system: jar:file:///C:/Users/POO/.m2/repository/com/github/almasb/fxgl/21.1/fxgl-21.1.jar!/fxglassets/ui/fonts/Abel-Regular.ttf
15:29:18.369 [JavaFX Application Thread] DEBUG LoopRunner           - Initializing JavaFX AnimationTimerLoop
15:29:18.374 [JavaFX Application Thread] DEBUG GameApplicationServi - Starting new game
15:29:18.374 [JavaFX Application Thread] DEBUG Input                - Clearing active input actions
15:29:18.390 [FXGL Background Thread 4 ] DEBUG FXGLAssetLoaderServi - Loading from file system: jar:file:///C:/Users/POO/.m2/repository/com/github/almasb/fxgl/21.1/fxgl-21.1.jar!/fxglassets/ui/fonts/TerminalLandMono-Regular.otf
15:29:18.396 [FXGL Background Thread 4 ] DEBUG FXGLAssetLoaderServi - Loading from file system: jar:file:///C:/Users/POO/.m2/repository/com/github/almasb/fxgl/21.1/fxgl-21.1.jar!/fxglassets/ui/fonts/Courier-Prime.ttf
15:29:18.396 [JavaFX Application Thread] DEBUG GameApplicationServi - Removing overlay from FXGLStartupScene and adding to FXGLLoadingScene
15:29:18.401 [JavaFX Application Thread] DEBUG PrimaryStageWindow   - FXGLStartupScene -> FXGLLoadingScene
15:29:18.401 [JavaFX Application Thread] DEBUG GameApplicationServi - Clearing previous game
15:29:18.401 [JavaFX Application Thread] DEBUG GameScene            - Clearing game scene
15:29:18.401 [JavaFX Application Thread] DEBUG GameWorld            - Clearing game world
15:29:18.401 [JavaFX Application Thread] DEBUG PhysicsWorld         - Clearing physics world
15:29:18.404 [FXGL Background Thread 1 ] DEBUG FXGLApplication      - Initializing game
15:29:18.484 [FXGL Background Thread 1 ] WARN  TMXLevelLoader       - TiledMap generated from 1.11.2. Supported version: 1.9.0. Some features may not be parsed fully.
15:29:18.531 [FXGL Background Thread 1 ] DEBUG TMXLevelLoader       - Parsed TiledMap: file:/C:/Users/POO/intellij/Bakudun/target/classes/assets/levels/Map.tmx
15:29:18.531 [FXGL Background Thread 1 ] DEBUG TMXLevelLoader       - Creating tile layer entities
15:29:18.533 [FXGL Background Thread 1 ] DEBUG TilesetLoader        - Loading view for layer เลเยอร์ไทล์ 1
15:29:18.534 [FXGL Background Thread 1 ] DEBUG TilesetLoader        - Created buffer with size 640.0x480.0
15:29:18.545 [FXGL Background Thread 1 ] WARN  TilesetLoader        - Diagonally flipped tiles are not currently supported
15:29:18.555 [FXGL Background Thread 1 ] WARN  TilesetLoader        - Diagonally flipped tiles are not currently supported
15:29:18.565 [FXGL Background Thread 1 ] DEBUG TilesetLoader        - Loading view for layer WALL46
15:29:18.566 [FXGL Background Thread 1 ] DEBUG TilesetLoader        - Created buffer with size 640.0x480.0
15:29:18.566 [FXGL Background Thread 1 ] DEBUG TilesetLoader        - Loading view for layer WALL45
15:29:18.566 [FXGL Background Thread 1 ] DEBUG TilesetLoader        - Created buffer with size 640.0x480.0
15:29:18.567 [FXGL Background Thread 1 ] DEBUG TilesetLoader        - Loading view for layer WALL44
15:29:18.567 [FXGL Background Thread 1 ] DEBUG TilesetLoader        - Created buffer with size 640.0x480.0
15:29:18.567 [FXGL Background Thread 1 ] DEBUG TilesetLoader        - Loading view for layer WALL43
15:29:18.568 [FXGL Background Thread 1 ] DEBUG TilesetLoader        - Created buffer with size 640.0x480.0
15:29:18.568 [FXGL Background Thread 1 ] DEBUG TilesetLoader        - Loading view for layer WALL42
15:29:18.568 [FXGL Background Thread 1 ] DEBUG TilesetLoader        - Created buffer with size 640.0x480.0
15:29:18.569 [FXGL Background Thread 1 ] DEBUG TilesetLoader        - Loading view for layer WALL41
15:29:18.569 [FXGL Background Thread 1 ] DEBUG TilesetLoader        - Created buffer with size 640.0x480.0
15:29:18.570 [FXGL Background Thread 1 ] DEBUG TilesetLoader        - Loading view for layer WALL38
15:29:18.570 [FXGL Background Thread 1 ] DEBUG TilesetLoader        - Created buffer with size 640.0x480.0
15:29:18.571 [FXGL Background Thread 1 ] DEBUG TilesetLoader        - Loading view for layer WALL37
15:29:18.571 [FXGL Background Thread 1 ] DEBUG TilesetLoader        - Created buffer with size 640.0x480.0
15:29:18.572 [FXGL Background Thread 1 ] DEBUG TilesetLoader        - Loading view for layer WALL36
15:29:18.572 [FXGL Background Thread 1 ] DEBUG TilesetLoader        - Created buffer with size 640.0x480.0
15:29:18.572 [FXGL Background Thread 1 ] DEBUG TilesetLoader        - Loading view for layer WALL35
15:29:18.572 [FXGL Background Thread 1 ] DEBUG TilesetLoader        - Created buffer with size 640.0x480.0
15:29:18.573 [FXGL Background Thread 1 ] DEBUG TilesetLoader        - Loading view for layer WALL34
15:29:18.573 [FXGL Background Thread 1 ] DEBUG TilesetLoader        - Created buffer with size 640.0x480.0
15:29:18.573 [FXGL Background Thread 1 ] DEBUG TilesetLoader        - Loading view for layer WALL33
15:29:18.574 [FXGL Background Thread 1 ] DEBUG TilesetLoader        - Created buffer with size 640.0x480.0
15:29:18.574 [FXGL Background Thread 1 ] DEBUG TilesetLoader        - Loading view for layer WALL32
15:29:18.574 [FXGL Background Thread 1 ] DEBUG TilesetLoader        - Created buffer with size 640.0x480.0
15:29:18.575 [FXGL Background Thread 1 ] DEBUG TilesetLoader        - Loading view for layer WALL31
15:29:18.575 [FXGL Background Thread 1 ] DEBUG TilesetLoader        - Created buffer with size 640.0x480.0
15:29:18.575 [FXGL Background Thread 1 ] DEBUG TilesetLoader        - Loading view for layer WALL30
15:29:18.576 [FXGL Background Thread 1 ] DEBUG TilesetLoader        - Created buffer with size 640.0x480.0
15:29:18.576 [FXGL Background Thread 1 ] DEBUG TilesetLoader        - Loading view for layer WALL29
15:29:18.577 [FXGL Background Thread 1 ] DEBUG TilesetLoader        - Created buffer with size 640.0x480.0
15:29:18.577 [FXGL Background Thread 1 ] DEBUG TilesetLoader        - Loading view for layer WALL28
15:29:18.586 [FXGL Background Thread 1 ] DEBUG TilesetLoader        - Created buffer with size 640.0x480.0
15:29:18.587 [FXGL Background Thread 1 ] DEBUG TilesetLoader        - Loading view for layer WALL27
15:29:18.593 [FXGL Background Thread 1 ] DEBUG TilesetLoader        - Created buffer with size 640.0x480.0
15:29:18.593 [FXGL Background Thread 1 ] DEBUG TilesetLoader        - Loading view for layer WALL26
15:29:18.594 [FXGL Background Thread 1 ] DEBUG TilesetLoader        - Created buffer with size 640.0x480.0
15:29:18.594 [FXGL Background Thread 1 ] DEBUG TilesetLoader        - Loading view for layer WALL25
15:29:18.595 [FXGL Background Thread 1 ] DEBUG TilesetLoader        - Created buffer with size 640.0x480.0
15:29:18.595 [FXGL Background Thread 1 ] DEBUG TilesetLoader        - Loading view for layer WALL24
15:29:18.595 [FXGL Background Thread 1 ] DEBUG TilesetLoader        - Created buffer with size 640.0x480.0
15:29:18.599 [FXGL Background Thread 1 ] DEBUG TilesetLoader        - Loading view for layer WALL23
15:29:18.599 [FXGL Background Thread 1 ] DEBUG TilesetLoader        - Created buffer with size 640.0x480.0
15:29:18.600 [FXGL Background Thread 1 ] DEBUG TilesetLoader        - Loading view for layer WALL22
15:29:18.600 [FXGL Background Thread 1 ] DEBUG TilesetLoader        - Created buffer with size 640.0x480.0
15:29:18.601 [FXGL Background Thread 1 ] DEBUG TilesetLoader        - Loading view for layer WALL21
15:29:18.604 [FXGL Background Thread 1 ] DEBUG TilesetLoader        - Created buffer with size 640.0x480.0
15:29:18.605 [FXGL Background Thread 1 ] DEBUG TilesetLoader        - Loading view for layer WALL20
15:29:18.605 [FXGL Background Thread 1 ] DEBUG TilesetLoader        - Created buffer with size 640.0x480.0
15:29:18.606 [FXGL Background Thread 1 ] DEBUG TilesetLoader        - Loading view for layer WALL19
15:29:18.606 [FXGL Background Thread 1 ] DEBUG TilesetLoader        - Created buffer with size 640.0x480.0
15:29:18.607 [FXGL Background Thread 1 ] DEBUG TilesetLoader        - Loading view for layer WALL18
15:29:18.607 [FXGL Background Thread 1 ] DEBUG TilesetLoader        - Created buffer with size 640.0x480.0
15:29:18.607 [FXGL Background Thread 1 ] DEBUG TilesetLoader        - Loading view for layer WALL17
15:29:18.608 [FXGL Background Thread 1 ] DEBUG TilesetLoader        - Created buffer with size 640.0x480.0
15:29:18.608 [FXGL Background Thread 1 ] DEBUG TilesetLoader        - Loading view for layer WALL16
15:29:18.609 [FXGL Background Thread 1 ] DEBUG TilesetLoader        - Created buffer with size 640.0x480.0
15:29:18.609 [FXGL Background Thread 1 ] DEBUG TilesetLoader        - Loading view for layer WALL15
15:29:18.610 [FXGL Background Thread 1 ] DEBUG TilesetLoader        - Created buffer with size 640.0x480.0
15:29:18.612 [FXGL Background Thread 1 ] DEBUG TilesetLoader        - Loading view for layer WALL14
15:29:18.613 [FXGL Background Thread 1 ] DEBUG TilesetLoader        - Created buffer with size 640.0x480.0
15:29:18.614 [FXGL Background Thread 1 ] DEBUG TilesetLoader        - Loading view for layer WALL13
15:29:18.615 [FXGL Background Thread 1 ] DEBUG TilesetLoader        - Created buffer with size 640.0x480.0
15:29:18.615 [FXGL Background Thread 1 ] DEBUG TilesetLoader        - Loading view for layer WALL12
15:29:18.616 [FXGL Background Thread 1 ] DEBUG TilesetLoader        - Created buffer with size 640.0x480.0
15:29:18.617 [FXGL Background Thread 1 ] DEBUG TilesetLoader        - Loading view for layer WALL11
15:29:18.618 [FXGL Background Thread 1 ] DEBUG TilesetLoader        - Created buffer with size 640.0x480.0
15:29:18.619 [FXGL Background Thread 1 ] DEBUG TilesetLoader        - Loading view for layer WALL10
15:29:18.621 [FXGL Background Thread 1 ] DEBUG TilesetLoader        - Created buffer with size 640.0x480.0
15:29:18.621 [FXGL Background Thread 1 ] DEBUG TilesetLoader        - Loading view for layer WALL9
15:29:18.622 [FXGL Background Thread 1 ] DEBUG TilesetLoader        - Created buffer with size 640.0x480.0
15:29:18.623 [FXGL Background Thread 1 ] DEBUG TilesetLoader        - Loading view for layer WALL8
15:29:18.623 [FXGL Background Thread 1 ] DEBUG TilesetLoader        - Created buffer with size 640.0x480.0
15:29:18.624 [FXGL Background Thread 1 ] DEBUG TilesetLoader        - Loading view for layer WALL7
15:29:18.625 [FXGL Background Thread 1 ] DEBUG TilesetLoader        - Created buffer with size 640.0x480.0
15:29:18.625 [FXGL Background Thread 1 ] DEBUG TilesetLoader        - Loading view for layer WALL6
15:29:18.626 [FXGL Background Thread 1 ] DEBUG TilesetLoader        - Created buffer with size 640.0x480.0
15:29:18.626 [FXGL Background Thread 1 ] DEBUG TilesetLoader        - Loading view for layer WALL5
15:29:18.627 [FXGL Background Thread 1 ] DEBUG TilesetLoader        - Created buffer with size 640.0x480.0
15:29:18.627 [FXGL Background Thread 1 ] DEBUG TilesetLoader        - Loading view for layer WALL4
15:29:18.628 [FXGL Background Thread 1 ] DEBUG TilesetLoader        - Created buffer with size 640.0x480.0
15:29:18.629 [FXGL Background Thread 1 ] DEBUG TilesetLoader        - Loading view for layer WALL3
15:29:18.629 [FXGL Background Thread 1 ] DEBUG TilesetLoader        - Created buffer with size 640.0x480.0
15:29:18.630 [FXGL Background Thread 1 ] DEBUG TilesetLoader        - Loading view for layer WALL2
15:29:18.631 [FXGL Background Thread 1 ] DEBUG TilesetLoader        - Created buffer with size 640.0x480.0
15:29:18.631 [FXGL Background Thread 1 ] DEBUG TilesetLoader        - Loading view for layer WALL1
15:29:18.632 [FXGL Background Thread 1 ] DEBUG TilesetLoader        - Created buffer with size 640.0x480.0
15:29:18.633 [FXGL Background Thread 1 ] DEBUG TilesetLoader        - Loading view for layer เลเยอร์ไทล์ 2
15:29:18.634 [FXGL Background Thread 1 ] DEBUG TilesetLoader        - Created buffer with size 640.0x480.0
15:29:18.635 [FXGL Background Thread 1 ] DEBUG TilesetLoader        - Loading view for layer เลเยอร์ไทล์ 3
15:29:18.635 [FXGL Background Thread 1 ] DEBUG TilesetLoader        - Created buffer with size 640.0x480.0
15:29:18.636 [FXGL Background Thread 1 ] DEBUG TMXLevelLoader       - Creating object layer entities
15:29:18.659 [FXGL Background Thread 1 ] DEBUG FXGLAssetLoaderServi - Loading from file system: file:/C:/Users/POO/intellij/Bakudun/target/classes/assets/textures/Jim2.png
15:29:18.671 [JavaFX Application Thread] DEBUG FXGLApplication      - Registering font factories with UI factory
15:29:18.686 [FXGL Background Thread 1 ] DEBUG FXGLAssetLoaderServi - Loading from file system: file:/C:/Users/POO/intellij/Bakudun/target/classes/assets/textures/wallbreakas.png
15:29:18.693 [FXGL Background Thread 1 ] WARN  TMXLevelLoader       - TiledMap generated from 1.11.2. Supported version: 1.9.0. Some features may not be parsed fully.
15:29:18.706 [FXGL Background Thread 1 ] DEBUG TMXLevelLoader       - Parsed TiledMap: file:/C:/Users/POO/intellij/Bakudun/target/classes/assets/levels/Map.tmx
15:29:18.706 [FXGL Background Thread 1 ] DEBUG TMXLevelLoader       - Creating tile layer entities
15:29:18.708 [FXGL Background Thread 1 ] DEBUG TilesetLoader        - Loading view for layer เลเยอร์ไทล์ 1
15:29:18.708 [FXGL Background Thread 1 ] DEBUG TilesetLoader        - Created buffer with size 640.0x480.0
15:29:18.712 [FXGL Background Thread 1 ] WARN  TilesetLoader        - Diagonally flipped tiles are not currently supported
15:29:18.726 [FXGL Background Thread 1 ] WARN  TilesetLoader        - Diagonally flipped tiles are not currently supported
15:29:18.739 [FXGL Background Thread 1 ] DEBUG TilesetLoader        - Loading view for layer WALL46
15:29:18.742 [FXGL Background Thread 1 ] DEBUG TilesetLoader        - Created buffer with size 640.0x480.0
15:29:18.744 [FXGL Background Thread 1 ] DEBUG TilesetLoader        - Loading view for layer WALL45
15:29:18.744 [FXGL Background Thread 1 ] DEBUG TilesetLoader        - Created buffer with size 640.0x480.0
15:29:18.745 [FXGL Background Thread 1 ] DEBUG TilesetLoader        - Loading view for layer WALL44
15:29:18.745 [FXGL Background Thread 1 ] DEBUG TilesetLoader        - Created buffer with size 640.0x480.0
15:29:18.746 [FXGL Background Thread 1 ] DEBUG TilesetLoader        - Loading view for layer WALL43
15:29:18.746 [FXGL Background Thread 1 ] DEBUG TilesetLoader        - Created buffer with size 640.0x480.0
15:29:18.748 [FXGL Background Thread 1 ] DEBUG TilesetLoader        - Loading view for layer WALL42
15:29:18.748 [FXGL Background Thread 1 ] DEBUG TilesetLoader        - Created buffer with size 640.0x480.0
15:29:18.749 [FXGL Background Thread 1 ] DEBUG TilesetLoader        - Loading view for layer WALL41
15:29:18.750 [FXGL Background Thread 1 ] DEBUG TilesetLoader        - Created buffer with size 640.0x480.0
15:29:18.750 [FXGL Background Thread 1 ] DEBUG TilesetLoader        - Loading view for layer WALL38
15:29:18.751 [FXGL Background Thread 1 ] DEBUG TilesetLoader        - Created buffer with size 640.0x480.0
15:29:18.752 [FXGL Background Thread 1 ] DEBUG TilesetLoader        - Loading view for layer WALL37
15:29:18.757 [FXGL Background Thread 1 ] DEBUG TilesetLoader        - Created buffer with size 640.0x480.0
15:29:18.759 [FXGL Background Thread 1 ] DEBUG TilesetLoader        - Loading view for layer WALL36
15:29:18.760 [FXGL Background Thread 1 ] DEBUG TilesetLoader        - Created buffer with size 640.0x480.0
15:29:18.762 [FXGL Background Thread 1 ] DEBUG TilesetLoader        - Loading view for layer WALL35
15:29:18.765 [FXGL Background Thread 1 ] DEBUG TilesetLoader        - Created buffer with size 640.0x480.0
15:29:18.766 [FXGL Background Thread 1 ] DEBUG TilesetLoader        - Loading view for layer WALL34
15:29:18.767 [FXGL Background Thread 1 ] DEBUG TilesetLoader        - Created buffer with size 640.0x480.0
15:29:18.768 [FXGL Background Thread 1 ] DEBUG TilesetLoader        - Loading view for layer WALL33
15:29:18.770 [FXGL Background Thread 1 ] DEBUG TilesetLoader        - Created buffer with size 640.0x480.0
15:29:18.771 [FXGL Background Thread 1 ] DEBUG TilesetLoader        - Loading view for layer WALL32
15:29:18.772 [FXGL Background Thread 1 ] DEBUG TilesetLoader        - Created buffer with size 640.0x480.0
15:29:18.773 [FXGL Background Thread 1 ] DEBUG TilesetLoader        - Loading view for layer WALL31
15:29:18.774 [FXGL Background Thread 1 ] DEBUG TilesetLoader        - Created buffer with size 640.0x480.0
15:29:18.776 [FXGL Background Thread 1 ] DEBUG TilesetLoader        - Loading view for layer WALL30
15:29:18.777 [FXGL Background Thread 1 ] DEBUG TilesetLoader        - Created buffer with size 640.0x480.0
15:29:18.779 [FXGL Background Thread 1 ] DEBUG TilesetLoader        - Loading view for layer WALL29
15:29:18.780 [FXGL Background Thread 1 ] DEBUG TilesetLoader        - Created buffer with size 640.0x480.0
15:29:18.782 [FXGL Background Thread 1 ] DEBUG TilesetLoader        - Loading view for layer WALL28
15:29:18.783 [FXGL Background Thread 1 ] DEBUG TilesetLoader        - Created buffer with size 640.0x480.0
15:29:18.783 [FXGL Background Thread 1 ] DEBUG TilesetLoader        - Loading view for layer WALL27
15:29:18.784 [FXGL Background Thread 1 ] DEBUG TilesetLoader        - Created buffer with size 640.0x480.0
15:29:18.785 [FXGL Background Thread 1 ] DEBUG TilesetLoader        - Loading view for layer WALL26
15:29:18.786 [FXGL Background Thread 1 ] DEBUG TilesetLoader        - Created buffer with size 640.0x480.0
15:29:18.787 [FXGL Background Thread 1 ] DEBUG TilesetLoader        - Loading view for layer WALL25
15:29:18.788 [FXGL Background Thread 1 ] DEBUG TilesetLoader        - Created buffer with size 640.0x480.0
15:29:18.789 [FXGL Background Thread 1 ] DEBUG TilesetLoader        - Loading view for layer WALL24
15:29:18.792 [FXGL Background Thread 1 ] DEBUG TilesetLoader        - Created buffer with size 640.0x480.0
15:29:18.793 [FXGL Background Thread 1 ] DEBUG TilesetLoader        - Loading view for layer WALL23
15:29:18.794 [FXGL Background Thread 1 ] DEBUG TilesetLoader        - Created buffer with size 640.0x480.0
15:29:18.795 [FXGL Background Thread 1 ] DEBUG TilesetLoader        - Loading view for layer WALL22
15:29:18.795 [FXGL Background Thread 1 ] DEBUG TilesetLoader        - Created buffer with size 640.0x480.0
15:29:18.796 [FXGL Background Thread 1 ] DEBUG TilesetLoader        - Loading view for layer WALL21
15:29:18.796 [FXGL Background Thread 1 ] DEBUG TilesetLoader        - Created buffer with size 640.0x480.0
15:29:18.797 [FXGL Background Thread 1 ] DEBUG TilesetLoader        - Loading view for layer WALL20
15:29:18.799 [FXGL Background Thread 1 ] DEBUG TilesetLoader        - Created buffer with size 640.0x480.0
15:29:18.799 [FXGL Background Thread 1 ] DEBUG TilesetLoader        - Loading view for layer WALL19
15:29:18.800 [FXGL Background Thread 1 ] DEBUG TilesetLoader        - Created buffer with size 640.0x480.0
15:29:18.801 [FXGL Background Thread 1 ] DEBUG TilesetLoader        - Loading view for layer WALL18
15:29:18.802 [FXGL Background Thread 1 ] DEBUG TilesetLoader        - Created buffer with size 640.0x480.0
15:29:18.802 [FXGL Background Thread 1 ] DEBUG TilesetLoader        - Loading view for layer WALL17
15:29:18.803 [FXGL Background Thread 1 ] DEBUG TilesetLoader        - Created buffer with size 640.0x480.0
15:29:18.803 [FXGL Background Thread 1 ] DEBUG TilesetLoader        - Loading view for layer WALL16
15:29:18.803 [FXGL Background Thread 1 ] DEBUG TilesetLoader        - Created buffer with size 640.0x480.0
15:29:18.804 [FXGL Background Thread 1 ] DEBUG TilesetLoader        - Loading view for layer WALL15
15:29:18.804 [FXGL Background Thread 1 ] DEBUG TilesetLoader        - Created buffer with size 640.0x480.0
15:29:18.805 [FXGL Background Thread 1 ] DEBUG TilesetLoader        - Loading view for layer WALL14
15:29:18.806 [FXGL Background Thread 1 ] DEBUG TilesetLoader        - Created buffer with size 640.0x480.0
15:29:18.807 [FXGL Background Thread 1 ] DEBUG TilesetLoader        - Loading view for layer WALL13
15:29:18.808 [FXGL Background Thread 1 ] DEBUG TilesetLoader        - Created buffer with size 640.0x480.0
15:29:18.808 [FXGL Background Thread 1 ] DEBUG TilesetLoader        - Loading view for layer WALL12
15:29:18.809 [FXGL Background Thread 1 ] DEBUG TilesetLoader        - Created buffer with size 640.0x480.0
15:29:18.809 [FXGL Background Thread 1 ] DEBUG TilesetLoader        - Loading view for layer WALL11
15:29:18.810 [FXGL Background Thread 1 ] DEBUG TilesetLoader        - Created buffer with size 640.0x480.0
15:29:18.810 [FXGL Background Thread 1 ] DEBUG TilesetLoader        - Loading view for layer WALL10
15:29:18.811 [FXGL Background Thread 1 ] DEBUG TilesetLoader        - Created buffer with size 640.0x480.0
15:29:18.811 [FXGL Background Thread 1 ] DEBUG TilesetLoader        - Loading view for layer WALL9
15:29:18.812 [FXGL Background Thread 1 ] DEBUG TilesetLoader        - Created buffer with size 640.0x480.0
15:29:18.813 [FXGL Background Thread 1 ] DEBUG TilesetLoader        - Loading view for layer WALL8
15:29:18.813 [FXGL Background Thread 1 ] DEBUG TilesetLoader        - Created buffer with size 640.0x480.0
15:29:18.814 [FXGL Background Thread 1 ] DEBUG TilesetLoader        - Loading view for layer WALL7
15:29:18.815 [FXGL Background Thread 1 ] DEBUG TilesetLoader        - Created buffer with size 640.0x480.0
15:29:18.815 [FXGL Background Thread 1 ] DEBUG TilesetLoader        - Loading view for layer WALL6
15:29:18.815 [FXGL Background Thread 1 ] DEBUG TilesetLoader        - Created buffer with size 640.0x480.0
15:29:18.817 [FXGL Background Thread 1 ] DEBUG TilesetLoader        - Loading view for layer WALL5
15:29:18.817 [FXGL Background Thread 1 ] DEBUG TilesetLoader        - Created buffer with size 640.0x480.0
15:29:18.817 [FXGL Background Thread 1 ] DEBUG TilesetLoader        - Loading view for layer WALL4
15:29:18.818 [FXGL Background Thread 1 ] DEBUG TilesetLoader        - Created buffer with size 640.0x480.0
15:29:18.818 [FXGL Background Thread 1 ] DEBUG TilesetLoader        - Loading view for layer WALL3
15:29:18.818 [FXGL Background Thread 1 ] DEBUG TilesetLoader        - Created buffer with size 640.0x480.0
15:29:18.819 [FXGL Background Thread 1 ] DEBUG TilesetLoader        - Loading view for layer WALL2
15:29:18.820 [FXGL Background Thread 1 ] DEBUG TilesetLoader        - Created buffer with size 640.0x480.0
15:29:18.820 [FXGL Background Thread 1 ] DEBUG TilesetLoader        - Loading view for layer WALL1
15:29:18.821 [FXGL Background Thread 1 ] DEBUG TilesetLoader        - Created buffer with size 640.0x480.0
15:29:18.824 [FXGL Background Thread 1 ] DEBUG TilesetLoader        - Loading view for layer เลเยอร์ไทล์ 2
15:29:18.824 [FXGL Background Thread 1 ] DEBUG TilesetLoader        - Created buffer with size 640.0x480.0
15:29:18.825 [FXGL Background Thread 1 ] DEBUG TilesetLoader        - Loading view for layer เลเยอร์ไทล์ 3
15:29:18.825 [FXGL Background Thread 1 ] DEBUG TilesetLoader        - Created buffer with size 640.0x480.0
15:29:18.825 [FXGL Background Thread 1 ] DEBUG TMXLevelLoader       - Creating object layer entities
15:29:18.849 [FXGL Background Thread 1 ] DEBUG GameWorld            - Clearing removable entities
15:29:18.850 [FXGL Background Thread 1 ] DEBUG GameWorld            - Setting level: com.almasb.fxgl.entity.level.Level@1b17ca57
15:29:18.866 [FXGL Background Thread 1 ] INFO  FXGLApplication      - Game initialization took: 0.463 sec
15:29:18.872 [JavaFX Application Thread] DEBUG Input                - Clearing active input actions
15:29:18.884 [JavaFX Application Thread] DEBUG GameApplicationServi - Removing overlay from FXGLLoadingScene and adding to GameScene
15:29:18.889 [JavaFX Application Thread] DEBUG PrimaryStageWindow   - FXGLLoadingScene -> GameScene
15:29:21.275 [FXGL Background Thread 3 ] DEBUG Engine               - Logging environment variables
15:29:21.275 [FXGL Background Thread 3 ] DEBUG Engine               - achievements: []
15:29:21.275 [FXGL Background Thread 3 ] DEBUG Engine               - actualHeight: 480.0
15:29:21.275 [FXGL Background Thread 3 ] DEBUG Engine               - actualHeightProperty: ReadOnlyDoubleProperty [value: 480.0]
15:29:21.275 [FXGL Background Thread 3 ] DEBUG Engine               - actualWidth: 640.0
15:29:21.275 [FXGL Background Thread 3 ] DEBUG Engine               - actualWidthProperty: ReadOnlyDoubleProperty [value: 640.0]
15:29:21.276 [FXGL Background Thread 3 ] DEBUG Engine               - appIcon: fxgl_icon.png
15:29:21.276 [FXGL Background Thread 3 ] DEBUG Engine               - applicationMode: DEVELOPER
15:29:21.276 [FXGL Background Thread 3 ] DEBUG Engine               - cSSList: [fxgl_dark.css]
15:29:21.276 [FXGL Background Thread 3 ] DEBUG Engine               - collisionDetectionStrategy: BRUTE_FORCE
15:29:21.276 [FXGL Background Thread 3 ] DEBUG Engine               - configClass: Optional.empty
15:29:21.276 [FXGL Background Thread 3 ] DEBUG Engine               - credits: []
15:29:21.276 [FXGL Background Thread 3 ] DEBUG Engine               - defaultCursor: CursorInfo(imageName=fxgl_default_cursor.png, hotspotX=7.0, hotspotY=6.0)
15:29:21.276 [FXGL Background Thread 3 ] DEBUG Engine               - devBBoxColorProperty: ObjectProperty [value: 0xff0000ff]
15:29:21.276 [FXGL Background Thread 3 ] DEBUG Engine               - devEnableDebugCameraProperty: BooleanProperty [value: false]
15:29:21.276 [FXGL Background Thread 3 ] DEBUG Engine               - devSensorColorProperty: ObjectProperty [value: 0xffff00ff]
15:29:21.276 [FXGL Background Thread 3 ] DEBUG Engine               - devShowBBoxProperty: BooleanProperty [value: false]
15:29:21.276 [FXGL Background Thread 3 ] DEBUG Engine               - devShowPositionProperty: BooleanProperty [value: false]
15:29:21.276 [FXGL Background Thread 3 ] DEBUG Engine               - enabledMenuItems: []
15:29:21.276 [FXGL Background Thread 3 ] DEBUG Engine               - engineServices: [class com.almasb.fxgl.app.services.FXGLAssetLoaderService, class com.almasb.fxgl.app.FXGLApplication$GameApplicationService, class com.almasb.fxgl.app.services.FXGLDialogService, class com.almasb.fxgl.app.services.IOTaskExecutorService, class com.almasb.fxgl.io.FileSystemService, class com.almasb.fxgl.localization.LocalizationService, class com.almasb.fxgl.app.services.SystemBundleService, class com.almasb.fxgl.profile.SaveLoadService, class com.almasb.fxgl.ui.FXGLUIFactoryServiceProvider, class com.almasb.fxgl.ui.FXGLDialogFactoryServiceProvider, class com.almasb.fxgl.audio.AudioPlayer, class com.almasb.fxgl.notification.impl.NotificationServiceProvider, class com.almasb.fxgl.achievement.AchievementService, class com.almasb.fxgl.cutscene.CutsceneService, class com.almasb.fxgl.minigames.MiniGameService, class com.almasb.fxgl.net.NetService, class com.almasb.fxgl.app.services.UpdaterService, class com.almasb.fxgl.dev.DevService]
15:29:21.276 [FXGL Background Thread 3 ] DEBUG Engine               - fontGame: Abel-Regular.ttf
15:29:21.277 [FXGL Background Thread 3 ] DEBUG Engine               - fontMono: TerminalLandMono-Regular.otf
15:29:21.277 [FXGL Background Thread 3 ] DEBUG Engine               - fontSizeScaleUI: 1.0
15:29:21.277 [FXGL Background Thread 3 ] DEBUG Engine               - fontText: Courier-Prime.ttf
15:29:21.277 [FXGL Background Thread 3 ] DEBUG Engine               - fontUI: VarelaRound-Regular.ttf
15:29:21.277 [FXGL Background Thread 3 ] DEBUG Engine               - fullScreen: BooleanProperty [value: false]
15:29:21.277 [FXGL Background Thread 3 ] DEBUG Engine               - gameDifficulty: MEDIUM
15:29:21.277 [FXGL Background Thread 3 ] DEBUG Engine               - gameDifficultyProperty: ObjectProperty [value: MEDIUM]
15:29:21.277 [FXGL Background Thread 3 ] DEBUG Engine               - globalMusicVolume: 0.5
15:29:21.277 [FXGL Background Thread 3 ] DEBUG Engine               - globalMusicVolumeProperty: DoubleProperty [value: 0.5]
15:29:21.277 [FXGL Background Thread 3 ] DEBUG Engine               - globalSoundVolume: 0.5
15:29:21.277 [FXGL Background Thread 3 ] DEBUG Engine               - globalSoundVolumeProperty: DoubleProperty [value: 0.5]
15:29:21.277 [FXGL Background Thread 3 ] DEBUG Engine               - height: 480
15:29:21.277 [FXGL Background Thread 3 ] DEBUG Engine               - is3D: false
15:29:21.277 [FXGL Background Thread 3 ] DEBUG Engine               - isAndroid: false
15:29:21.277 [FXGL Background Thread 3 ] DEBUG Engine               - isBrowser: false
15:29:21.277 [FXGL Background Thread 3 ] DEBUG Engine               - isClickFeedbackEnabled: false
15:29:21.277 [FXGL Background Thread 3 ] DEBUG Engine               - isCloseConfirmation: false
15:29:21.277 [FXGL Background Thread 3 ] DEBUG Engine               - isDesktop: true
15:29:21.277 [FXGL Background Thread 3 ] DEBUG Engine               - isDeveloperMenuEnabled: true
15:29:21.277 [FXGL Background Thread 3 ] DEBUG Engine               - isEmbedded: false
15:29:21.277 [FXGL Background Thread 3 ] DEBUG Engine               - isEntityPreloadEnabled: true
15:29:21.277 [FXGL Background Thread 3 ] DEBUG Engine               - isExperimentalTiledLargeMap: false
15:29:21.277 [FXGL Background Thread 3 ] DEBUG Engine               - isFileSystemWriteAllowed: true
15:29:21.277 [FXGL Background Thread 3 ] DEBUG Engine               - isFullScreenAllowed: false
15:29:21.277 [FXGL Background Thread 3 ] DEBUG Engine               - isFullScreenFromStart: false
15:29:21.277 [FXGL Background Thread 3 ] DEBUG Engine               - isGameMenuEnabled: true
15:29:21.277 [FXGL Background Thread 3 ] DEBUG Engine               - isIOS: false
15:29:21.277 [FXGL Background Thread 3 ] DEBUG Engine               - isIntroEnabled: false
15:29:21.277 [FXGL Background Thread 3 ] DEBUG Engine               - isLinux: false
15:29:21.277 [FXGL Background Thread 3 ] DEBUG Engine               - isMac: false
15:29:21.277 [FXGL Background Thread 3 ] DEBUG Engine               - isMainMenuEnabled: false
15:29:21.277 [FXGL Background Thread 3 ] DEBUG Engine               - isManualResizeEnabled: false
15:29:21.277 [FXGL Background Thread 3 ] DEBUG Engine               - isMobile: false
15:29:21.277 [FXGL Background Thread 3 ] DEBUG Engine               - isNative: false
15:29:21.277 [FXGL Background Thread 3 ] DEBUG Engine               - isPauseMusicWhenMinimized: true
15:29:21.277 [FXGL Background Thread 3 ] DEBUG Engine               - isPreserveResizeRatio: false
15:29:21.277 [FXGL Background Thread 3 ] DEBUG Engine               - isProfilingEnabled: false
15:29:21.278 [FXGL Background Thread 3 ] DEBUG Engine               - isScaleAffectedOnResize: true
15:29:21.278 [FXGL Background Thread 3 ] DEBUG Engine               - isSingleStep: false
15:29:21.278 [FXGL Background Thread 3 ] DEBUG Engine               - isUserProfileEnabled: false
15:29:21.278 [FXGL Background Thread 3 ] DEBUG Engine               - isWindows: true
15:29:21.278 [FXGL Background Thread 3 ] DEBUG Engine               - language: ObjectProperty [value: ENGLISH]
15:29:21.278 [FXGL Background Thread 3 ] DEBUG Engine               - menuKey: ESCAPE
15:29:21.278 [FXGL Background Thread 3 ] DEBUG Engine               - mouseSensitivity: 0.2
15:29:21.278 [FXGL Background Thread 3 ] DEBUG Engine               - notificationViewClass: class com.almasb.fxgl.notification.view.XboxNotificationView
15:29:21.278 [FXGL Background Thread 3 ] DEBUG Engine               - pixelsPerMeter: 50.0
15:29:21.278 [FXGL Background Thread 3 ] DEBUG Engine               - platform: WINDOWS
15:29:21.278 [FXGL Background Thread 3 ] DEBUG Engine               - prefHeightProperty: ReadOnlyDoubleProperty [value: 480.0]
15:29:21.278 [FXGL Background Thread 3 ] DEBUG Engine               - prefWidthProperty: ReadOnlyDoubleProperty [value: 640.0]
15:29:21.278 [FXGL Background Thread 3 ] DEBUG Engine               - profileDir: profiles/
15:29:21.278 [FXGL Background Thread 3 ] DEBUG Engine               - profileName: StringProperty [value: DEFAULT]
15:29:21.278 [FXGL Background Thread 3 ] DEBUG Engine               - randomSeed: -1
15:29:21.278 [FXGL Background Thread 3 ] DEBUG Engine               - runtimeInfo: RuntimeInfo(platform=WINDOWS, version=21.1, build=27.03.2024 07.52)
15:29:21.278 [FXGL Background Thread 3 ] DEBUG Engine               - saveFileExt: sav
15:29:21.278 [FXGL Background Thread 3 ] DEBUG Engine               - scaledHeightProp$fxgl: DoubleProperty [bound, value: 480.0]
15:29:21.278 [FXGL Background Thread 3 ] DEBUG Engine               - scaledWidthProp$fxgl: DoubleProperty [bound, value: 640.0]
15:29:21.278 [FXGL Background Thread 3 ] DEBUG Engine               - sceneFactory: com.almasb.fxgl.app.scene.SceneFactory@5f03d6fa
15:29:21.278 [FXGL Background Thread 3 ] DEBUG Engine               - secondsIn24h: 60
15:29:21.278 [FXGL Background Thread 3 ] DEBUG Engine               - soundMenuBack: menu/back.wav
15:29:21.278 [FXGL Background Thread 3 ] DEBUG Engine               - soundMenuPress: menu/press.wav
15:29:21.278 [FXGL Background Thread 3 ] DEBUG Engine               - soundMenuSelect: menu/select.wav
15:29:21.278 [FXGL Background Thread 3 ] DEBUG Engine               - soundNotification: core/notification.wav
15:29:21.278 [FXGL Background Thread 3 ] DEBUG Engine               - stageStyle: DECORATED
15:29:21.278 [FXGL Background Thread 3 ] DEBUG Engine               - supportedLanguages: [ENGLISH, FRENCH, GERMAN, HUNGARIAN, RUSSIAN]
15:29:21.279 [FXGL Background Thread 3 ] DEBUG Engine               - ticksPerSecond: -1
15:29:21.279 [FXGL Background Thread 3 ] DEBUG Engine               - title: BomberMan
15:29:21.279 [FXGL Background Thread 3 ] DEBUG Engine               - urlGithub: https://github.com/AlmasB/FXGL
15:29:21.279 [FXGL Background Thread 3 ] DEBUG Engine               - urlLeaderboard: http://fxgl-top.herokuapp.com/
15:29:21.279 [FXGL Background Thread 3 ] DEBUG Engine               - urlPOM: https://raw.githubusercontent.com/AlmasB/FXGL/release/README.md
15:29:21.279 [FXGL Background Thread 3 ] DEBUG Engine               - userAppClass: class me.pooh.bakudun.App
15:29:21.279 [FXGL Background Thread 3 ] DEBUG Engine               - version: 0.1
15:29:21.279 [FXGL Background Thread 3 ] DEBUG Engine               - versionCheckDays: 7
15:29:21.279 [FXGL Background Thread 3 ] DEBUG Engine               - width: 640
15:29:21.279 [FXGL Background Thread 3 ] DEBUG Engine               - Logging services
15:29:21.279 [FXGL Background Thread 3 ] DEBUG Engine               - class com.almasb.fxgl.app.services.FXGLAssetLoaderService
15:29:21.279 [FXGL Background Thread 3 ] DEBUG Engine               - class com.almasb.fxgl.app.FXGLApplication$GameApplicationService
15:29:21.279 [FXGL Background Thread 3 ] DEBUG Engine               - class com.almasb.fxgl.app.services.FXGLDialogService
15:29:21.279 [FXGL Background Thread 3 ] DEBUG Engine               - class com.almasb.fxgl.app.services.IOTaskExecutorService
15:29:21.279 [FXGL Background Thread 3 ] DEBUG Engine               - class com.almasb.fxgl.io.FileSystemService
15:29:21.279 [FXGL Background Thread 3 ] DEBUG Engine               - class com.almasb.fxgl.localization.LocalizationService
15:29:21.279 [FXGL Background Thread 3 ] DEBUG Engine               - class com.almasb.fxgl.app.services.SystemBundleService
15:29:21.279 [FXGL Background Thread 3 ] DEBUG Engine               - class com.almasb.fxgl.profile.SaveLoadService
15:29:21.279 [FXGL Background Thread 3 ] DEBUG Engine               - class com.almasb.fxgl.ui.FXGLUIFactoryServiceProvider
15:29:21.279 [FXGL Background Thread 3 ] DEBUG Engine               - class com.almasb.fxgl.ui.FXGLDialogFactoryServiceProvider
15:29:21.279 [FXGL Background Thread 3 ] DEBUG Engine               - class com.almasb.fxgl.audio.AudioPlayer
15:29:21.279 [FXGL Background Thread 3 ] DEBUG Engine               - class com.almasb.fxgl.notification.impl.NotificationServiceProvider
15:29:21.279 [FXGL Background Thread 3 ] DEBUG Engine               - class com.almasb.fxgl.achievement.AchievementService
15:29:21.279 [FXGL Background Thread 3 ] DEBUG Engine               - class com.almasb.fxgl.cutscene.CutsceneService
15:29:21.279 [FXGL Background Thread 3 ] DEBUG Engine               - class com.almasb.fxgl.minigames.MiniGameService
15:29:21.279 [FXGL Background Thread 3 ] DEBUG Engine               - class com.almasb.fxgl.net.NetService
15:29:21.279 [FXGL Background Thread 3 ] DEBUG Engine               - class com.almasb.fxgl.app.services.UpdaterService
15:29:21.279 [FXGL Background Thread 3 ] DEBUG Engine               - class com.almasb.fxgl.dev.DevService
15:29:38.780 [JavaFX Application Thread] WARN  Entity               - Entity already has component: com.almasb.fxgl.physics.PhysicsComponent
15:29:38.783 [JavaFX Application Thread] DEBUG FXGLAssetLoaderServi - Loading from file system: file:/C:/Users/POO/intellij/Bakudun/target/classes/assets/textures/bombball.png
15:29:38.785 [JavaFX Application Thread] DEBUG FXGLAssetLoaderServi - Loading from file system: file:/C:/Users/POO/intellij/Bakudun/target/classes/assets/textures/bombblast.png
15:29:39.736 [JavaFX Application Thread] WARN  Entity               - Entity already has component: com.almasb.fxgl.physics.PhysicsComponent
15:30:56.955 [JavaFX Application Thread] DEBUG FXGLApplication      - Exiting FXGL
15:30:56.955 [JavaFX Application Thread] DEBUG LoopRunner           - Stopping loop
15:30:56.955 [JavaFX Application Thread] DEBUG SystemBundleService  - Saving FXGL system data
15:30:56.959 [JavaFX Application Thread] DEBUG FileSystemAccess     - Writing to: C:\Users\POO\intellij\Bakudun\system\fxgl.bundle
15:30:56.961 [JavaFX Application Thread] DEBUG Async                - Shutting down background threads
15:30:56.961 [JavaFX Application Thread] DEBUG PrimaryStageWindow   - Closing main window
15:30:56.976 [JavaFX Application Thread] DEBUG Logger               - Closing Logger
