20:06:03.596 [main                     ] DEBUG Logger               - Configured Logger
20:06:03.616 [main                     ] DEBUG GameApplication      - Logging settings
Title: BomberMan
Version: 0.1
Width: 1280
Height: 720
Fullscreen: false
Intro: false
Profiling: false
Single step:false
App Mode: DEVELOPER
Menu Key: ESCAPE
Stage Style: DECORATED
Scene Factory: class com.almasb.fxgl.app.scene.SceneFactory

20:06:04.149 [JavaFX Application Thread] DEBUG FXGLApplication      - Initializing FXGL
20:06:04.153 [JavaFX Application Thread] INFO  Engine               - FXGL-21.1 (27.03.2024 07.52) on WINDOWS (J:21.0.2 FX:21.0.1)
20:06:04.153 [JavaFX Application Thread] DEBUG Engine               - JRE Vendor Name: Eclipse Adoptium
20:06:04.153 [JavaFX Application Thread] DEBUG Engine               - Running on OS: Windows 11 version 10.0
20:06:04.153 [JavaFX Application Thread] DEBUG Engine               - Architecture: amd64
20:06:04.153 [JavaFX Application Thread] INFO  Engine               - Source code and latest versions at: https://github.com/AlmasB/FXGL
20:06:04.153 [JavaFX Application Thread] INFO  Engine               -       Ask questions and discuss at: https://github.com/AlmasB/FXGL/discussions
20:06:04.153 [JavaFX Application Thread] INFO  Engine               -              Join the FXGL chat at: https://gitter.im/AlmasB/FXGL
20:06:04.218 [JavaFX Application Thread] DEBUG PrimaryStageWindow   - Creating a JavaFX scene
20:06:04.256 [JavaFX Application Thread] DEBUG PrimaryStageWindow   - Target settings size: 1280.0 x 720.0
20:06:04.257 [JavaFX Application Thread] DEBUG PrimaryStageWindow   - Scaled scene size:    1280.0 x 720.0
20:06:04.257 [JavaFX Application Thread] DEBUG PrimaryStageWindow   - Scaled ratio: (1.0, 1.0)
20:06:04.258 [JavaFX Application Thread] DEBUG PrimaryStageWindow   - Set initial scene to FXGLStartupScene
20:06:04.261 [JavaFX Application Thread] DEBUG PrimaryStageWindow   - Opening main window
20:06:04.341 [JavaFX Application Thread] DEBUG PrimaryStageWindow   - Window border size: (14.4000244140625, 37.5999755859375)
20:06:04.341 [JavaFX Application Thread] DEBUG PrimaryStageWindow   - Scaled size: 1280.0 x 720.0
20:06:04.341 [JavaFX Application Thread] DEBUG PrimaryStageWindow   - Scaled ratio: (1.0, 1.0)
20:06:04.342 [JavaFX Application Thread] DEBUG PrimaryStageWindow   - Scene size: 1280.0 x 720.0
20:06:04.342 [JavaFX Application Thread] DEBUG PrimaryStageWindow   - Stage size: 1294.4000244140625 x 757.5999755859375
20:06:04.348 [FXGL Background Thread 1 ] DEBUG Engine               - Initializing environment variables
20:06:04.395 [FXGL Background Thread 1 ] DEBUG FXGLAssetLoaderServi - User app class for loading assets: class me.pooh.bakudun.App
20:06:04.396 [FXGL Background Thread 1 ] DEBUG GameApplicationServi - Applying CSS: fxgl_dark.css
20:06:04.397 [FXGL Background Thread 1 ] DEBUG FXGLAssetLoaderServi - Loading from file system: jar:file:///C:/Users/POO/.m2/repository/com/github/almasb/fxgl/21.1/fxgl-21.1.jar!/fxglassets/ui/css/fxgl_dark.css
20:06:04.449 [FXGL Background Thread 1 ] DEBUG GameApplicationServi - Initializing application scenes
20:06:04.478 [FXGL Background Thread 1 ] DEBUG GameWorld            - Game world initialized
20:06:04.534 [FXGL Background Thread 1 ] DEBUG PhysicsWorld         - Physics world initialized: appHeight=720, physics.ppm=50.0
20:06:04.535 [FXGL Background Thread 1 ] DEBUG PhysicsWorld         - Using strategy: BRUTE_FORCE
20:06:04.538 [FXGL Background Thread 1 ] DEBUG GameScene            - Game scene initialized: 1280x720
20:06:04.549 [FXGL Background Thread 1 ] DEBUG FXGL.DefaultMenu     - createMenuBodyGameMenu()
20:06:04.559 [FXGL Background Thread 1 ] DEBUG FXGL.DefaultMenu     - createOptionsMenu()
20:06:04.566 [FXGL Background Thread 1 ] DEBUG FXGLAssetLoaderServi - Loading from file system: jar:file:///C:/Users/POO/.m2/repository/com/github/almasb/fxgl/21.1/fxgl-21.1.jar!/fxglassets/textures/particles/smoke.png
20:06:04.632 [FXGL Background Thread 1 ] DEBUG FXGLAssetLoaderServi - Loading from file system: jar:file:///C:/Users/POO/.m2/repository/com/github/almasb/fxgl/21.1/fxgl-21.1.jar!/fxglassets/textures/particles/trace_horizontal.png
20:06:04.657 [FXGL Background Thread 1 ] DEBUG GameApplicationServi - Application scenes initialized
20:06:04.669 [FXGL Background Thread 1 ] DEBUG SystemBundleService  - Loading FXGL system data
20:06:04.673 [FXGL Background Thread 1 ] DEBUG FileSystemAccess     - Reading from: C:\Users\POO\intellij\Bakudun\system\fxgl.bundle
20:06:04.682 [FXGL Background Thread 1 ] DEBUG SystemBundleService  - Bundle FXGL: {}
20:06:04.683 [FXGL Background Thread 1 ] DEBUG UpdaterService       - Checking for updates
20:06:04.687 [FXGL Background Thread 4 ] DEBUG FXGLApplication      - Loading fonts
20:06:04.689 [FXGL Background Thread 4 ] DEBUG FXGLAssetLoaderServi - Loading from file system: jar:file:///C:/Users/POO/.m2/repository/com/github/almasb/fxgl/21.1/fxgl-21.1.jar!/fxglassets/ui/fonts/VarelaRound-Regular.ttf
20:06:04.689 [FXGL Background Thread 1 ] DEBUG FXGLApplication      - Loading default localization
20:06:04.689 [FXGL Background Thread 1 ] DEBUG FXGLAssetLoaderServi - Loading from file system: jar:file:///C:/Users/POO/.m2/repository/com/github/almasb/fxgl/21.1/fxgl-21.1.jar!/fxglassets/languages/english.lang
20:06:04.720 [FXGL Background Thread 1 ] INFO  FXGLApplication      - FXGL initialization took: 0.373 sec
20:06:04.728 [FXGL Background Thread 4 ] DEBUG FXGLAssetLoaderServi - Loading from file system: jar:file:///C:/Users/POO/.m2/repository/com/github/almasb/fxgl/21.1/fxgl-21.1.jar!/fxglassets/ui/fonts/Abel-Regular.ttf
20:06:04.733 [FXGL Background Thread 4 ] DEBUG FXGLAssetLoaderServi - Loading from file system: jar:file:///C:/Users/POO/.m2/repository/com/github/almasb/fxgl/21.1/fxgl-21.1.jar!/fxglassets/ui/fonts/TerminalLandMono-Regular.otf
20:06:04.738 [JavaFX Application Thread] DEBUG Input                - Registered new binding: action0 - A
20:06:04.738 [JavaFX Application Thread] DEBUG Input                - Registered new binding: action1 - D
20:06:04.739 [JavaFX Application Thread] DEBUG Input                - Registered new binding: action2 - W
20:06:04.739 [JavaFX Application Thread] DEBUG Input                - Registered new binding: action3 - S
20:06:04.739 [FXGL Background Thread 4 ] DEBUG FXGLAssetLoaderServi - Loading from file system: jar:file:///C:/Users/POO/.m2/repository/com/github/almasb/fxgl/21.1/fxgl-21.1.jar!/fxglassets/ui/fonts/Courier-Prime.ttf
20:06:04.740 [JavaFX Application Thread] DEBUG FXGLAssetLoaderServi - Loading from file system: jar:file:///C:/Users/POO/.m2/repository/com/github/almasb/fxgl/21.1/fxgl-21.1.jar!/fxglassets/textures/fxgl_icon.png
20:06:04.763 [JavaFX Application Thread] DEBUG FXGLAssetLoaderServi - Loading from file system: jar:file:///C:/Users/POO/.m2/repository/com/github/almasb/fxgl/21.1/fxgl-21.1.jar!/fxglassets/textures/fxgl_default_cursor.png
20:06:04.765 [JavaFX Application Thread] DEBUG Input                - Registered new binding: Screenshot - CTRL+8
20:06:04.765 [JavaFX Application Thread] DEBUG Input                - Registered new binding: System info dump - CTRL+9
20:06:04.765 [JavaFX Application Thread] DEBUG Input                - Registered new binding: Restart - CTRL+R
20:06:04.766 [JavaFX Application Thread] DEBUG Input                - Registered new binding: Toggle Debug Camera - CTRL+7
20:06:04.771 [JavaFX Application Thread] DEBUG LoopRunner           - Starting loop
20:06:04.771 [JavaFX Application Thread] DEBUG LoopRunner           - Initializing JavaFX AnimationTimerLoop
20:06:04.773 [JavaFX Application Thread] DEBUG GameApplicationServi - Starting new game
20:06:04.773 [JavaFX Application Thread] DEBUG Input                - Clearing active input actions
20:06:04.784 [JavaFX Application Thread] DEBUG GameApplicationServi - Removing overlay from FXGLStartupScene and adding to FXGLLoadingScene
20:06:04.784 [JavaFX Application Thread] DEBUG PrimaryStageWindow   - FXGLStartupScene -> FXGLLoadingScene
20:06:04.785 [JavaFX Application Thread] DEBUG GameApplicationServi - Clearing previous game
20:06:04.785 [JavaFX Application Thread] DEBUG GameScene            - Clearing game scene
20:06:04.785 [JavaFX Application Thread] DEBUG GameWorld            - Clearing game world
20:06:04.785 [JavaFX Application Thread] DEBUG PhysicsWorld         - Clearing physics world
20:06:04.787 [FXGL Background Thread 4 ] DEBUG FXGLApplication      - Initializing game
20:06:04.787 [JavaFX Application Thread] DEBUG FXGLApplication      - Registering font factories with UI factory
20:06:04.857 [FXGL Background Thread 4 ] WARN  TMXLevelLoader       - TiledMap generated from 1.11.2. Supported version: 1.9.0. Some features may not be parsed fully.
20:06:04.860 [FXGL Background Thread 4 ] DEBUG TMXLevelLoader       - Parsed TiledMap: file:/C:/Users/POO/intellij/Bakudun/target/classes/assets/levels/stage0.tmx
20:06:04.861 [FXGL Background Thread 4 ] DEBUG TMXLevelLoader       - Creating tile layer entities
20:06:04.863 [FXGL Background Thread 4 ] DEBUG TilesetLoader        - Loading view for layer layer1
20:06:04.863 [FXGL Background Thread 4 ] DEBUG TilesetLoader        - Created buffer with size 640.0x480.0
20:06:04.865 [FXGL Background Thread 4 ] WARN  TMXLevelLoader       - Parse error
java.lang.IllegalArgumentException: Tileset for gid=67 not found
	at com.almasb.fxgl.entity@21.1/com.almasb.fxgl.entity.level.tiled.TilesetLoader.findTileset(TilesetLoader.kt:418)
	at com.almasb.fxgl.entity@21.1/com.almasb.fxgl.entity.level.tiled.TilesetLoader.loadView(TilesetLoader.kt:117)
	at com.almasb.fxgl.entity@21.1/com.almasb.fxgl.entity.level.tiled.TMXLevelLoader$createTileLayerEntities$1.invoke(TMXLevelLoader.kt:99)
	at com.almasb.fxgl.entity@21.1/com.almasb.fxgl.entity.level.tiled.TMXLevelLoader$createTileLayerEntities$1.invoke(TMXLevelLoader.kt:88)
	at com.almasb.fxgl.entity@21.1/com.almasb.fxgl.entity.level.tiled.TMXLevelLoader.createTileLayerEntities$lambda$3(TMXLevelLoader.kt:88)
	at java.base/java.util.stream.ReferencePipeline$3$1.accept(ReferencePipeline.java:197)
	at java.base/java.util.ArrayList$ArrayListSpliterator.forEachRemaining(ArrayList.java:1708)
	at java.base/java.util.stream.AbstractPipeline.copyInto(AbstractPipeline.java:509)
	at java.base/java.util.stream.AbstractPipeline.wrapAndCopyInto(AbstractPipeline.java:499)
	at java.base/java.util.stream.ReduceOps$ReduceOp.evaluateSequential(ReduceOps.java:921)
	at java.base/java.util.stream.AbstractPipeline.evaluate(AbstractPipeline.java:234)
	at java.base/java.util.stream.ReferencePipeline.collect(ReferencePipeline.java:682)
	at com.almasb.fxgl.entity@21.1/com.almasb.fxgl.entity.level.tiled.TMXLevelLoader.createTileLayerEntities(TMXLevelLoader.kt:116)
	at com.almasb.fxgl.entity@21.1/com.almasb.fxgl.entity.level.tiled.TMXLevelLoader.load(TMXLevelLoader.kt:58)
	at com.almasb.fxgl.all@21.1/com.almasb.fxgl.app.services.FXGLAssetLoaderService.loadLevel(FXGLAssetLoaderService.kt:449)
	at me.pooh.bakudun/me.pooh.bakudun.App.initGame(App.java:44)
	at com.almasb.fxgl.all@21.1/com.almasb.fxgl.app.FXGLApplication$InitAppTask.initGame(FXGLApplication.kt:343)
	at com.almasb.fxgl.all@21.1/com.almasb.fxgl.app.FXGLApplication$InitAppTask.call(FXGLApplication.kt:321)
	at com.almasb.fxgl.all@21.1/com.almasb.fxgl.app.FXGLApplication$InitAppTask.call(FXGLApplication.kt:313)
	at javafx.graphics@21.0.1/javafx.concurrent.Task$TaskCallable.call(Task.java:1399)
	at java.base/java.util.concurrent.FutureTask.run(FutureTask.java:317)
	at java.base/java.util.concurrent.Executors$RunnableAdapter.call(Executors.java:572)
	at java.base/java.util.concurrent.FutureTask.run(FutureTask.java:317)
	at java.base/java.util.concurrent.ThreadPoolExecutor.runWorker(ThreadPoolExecutor.java:1144)
	at java.base/java.util.concurrent.ThreadPoolExecutor$Worker.run(ThreadPoolExecutor.java:642)
	at java.base/java.lang.Thread.run(Thread.java:1583)

20:06:04.892 [JavaFX Application Thread] DEBUG LoopRunner           - Stopping loop
20:06:04.893 [JavaFX Application Thread] FATAL FXGLApplication      - Uncaught Exception:
java.lang.RuntimeException: Initialization failed
	at com.almasb.fxgl.all@21.1/com.almasb.fxgl.app.FXGLApplication$InitAppTask.failed(FXGLApplication.kt:347)
	at javafx.graphics@21.0.1/javafx.concurrent.Task.setState(Task.java:710)
	at javafx.graphics@21.0.1/javafx.concurrent.Task$TaskCallable.lambda$call$2(Task.java:1429)
	at javafx.graphics@21.0.1/com.sun.javafx.application.PlatformImpl.lambda$runLater$10(PlatformImpl.java:456)
	at java.base/java.security.AccessController.doPrivileged(AccessController.java:400)
	at javafx.graphics@21.0.1/com.sun.javafx.application.PlatformImpl.lambda$runLater$11(PlatformImpl.java:455)
	at javafx.graphics@21.0.1/com.sun.glass.ui.InvokeLaterDispatcher$Future.run(InvokeLaterDispatcher.java:95)
	at javafx.graphics@21.0.1/com.sun.glass.ui.win.WinApplication._runLoop(Native Method)
	at javafx.graphics@21.0.1/com.sun.glass.ui.win.WinApplication.lambda$runLoop$3(WinApplication.java:185)
	at java.base/java.lang.Thread.run(Thread.java:1583)
Caused by: com.almasb.fxgl.entity.level.LevelLoadingException: Tileset for gid=67 not found
	at com.almasb.fxgl.entity@21.1/com.almasb.fxgl.entity.level.tiled.TMXLevelLoader.load(TMXLevelLoader.kt:77)
	at com.almasb.fxgl.all@21.1/com.almasb.fxgl.app.services.FXGLAssetLoaderService.loadLevel(FXGLAssetLoaderService.kt:449)
	at me.pooh.bakudun/me.pooh.bakudun.App.initGame(App.java:44)
	at com.almasb.fxgl.all@21.1/com.almasb.fxgl.app.FXGLApplication$InitAppTask.initGame(FXGLApplication.kt:343)
	at com.almasb.fxgl.all@21.1/com.almasb.fxgl.app.FXGLApplication$InitAppTask.call(FXGLApplication.kt:321)
	at com.almasb.fxgl.all@21.1/com.almasb.fxgl.app.FXGLApplication$InitAppTask.call(FXGLApplication.kt:313)
	at javafx.graphics@21.0.1/javafx.concurrent.Task$TaskCallable.call(Task.java:1399)
	at java.base/java.util.concurrent.FutureTask.run(FutureTask.java:317)
	at java.base/java.util.concurrent.Executors$RunnableAdapter.call(Executors.java:572)
	at java.base/java.util.concurrent.FutureTask.run(FutureTask.java:317)
	at java.base/java.util.concurrent.ThreadPoolExecutor.runWorker(ThreadPoolExecutor.java:1144)
	at java.base/java.util.concurrent.ThreadPoolExecutor$Worker.run(ThreadPoolExecutor.java:642)
	... 1 more
Caused by: java.lang.IllegalArgumentException: Tileset for gid=67 not found
	at com.almasb.fxgl.entity@21.1/com.almasb.fxgl.entity.level.tiled.TilesetLoader.findTileset(TilesetLoader.kt:418)
	at com.almasb.fxgl.entity@21.1/com.almasb.fxgl.entity.level.tiled.TilesetLoader.loadView(TilesetLoader.kt:117)
	at com.almasb.fxgl.entity@21.1/com.almasb.fxgl.entity.level.tiled.TMXLevelLoader$createTileLayerEntities$1.invoke(TMXLevelLoader.kt:99)
	at com.almasb.fxgl.entity@21.1/com.almasb.fxgl.entity.level.tiled.TMXLevelLoader$createTileLayerEntities$1.invoke(TMXLevelLoader.kt:88)
	at com.almasb.fxgl.entity@21.1/com.almasb.fxgl.entity.level.tiled.TMXLevelLoader.createTileLayerEntities$lambda$3(TMXLevelLoader.kt:88)
	at java.base/java.util.stream.ReferencePipeline$3$1.accept(ReferencePipeline.java:197)
	at java.base/java.util.ArrayList$ArrayListSpliterator.forEachRemaining(ArrayList.java:1708)
	at java.base/java.util.stream.AbstractPipeline.copyInto(AbstractPipeline.java:509)
	at java.base/java.util.stream.AbstractPipeline.wrapAndCopyInto(AbstractPipeline.java:499)
	at java.base/java.util.stream.ReduceOps$ReduceOp.evaluateSequential(ReduceOps.java:921)
	at java.base/java.util.stream.AbstractPipeline.evaluate(AbstractPipeline.java:234)
	at java.base/java.util.stream.ReferencePipeline.collect(ReferencePipeline.java:682)
	at com.almasb.fxgl.entity@21.1/com.almasb.fxgl.entity.level.tiled.TMXLevelLoader.createTileLayerEntities(TMXLevelLoader.kt:116)
	at com.almasb.fxgl.entity@21.1/com.almasb.fxgl.entity.level.tiled.TMXLevelLoader.load(TMXLevelLoader.kt:58)
	... 12 more

20:06:04.893 [JavaFX Application Thread] FATAL FXGLApplication      - Application will now exit
20:06:04.909 [JavaFX Application Thread] DEBUG PrimaryStageWindow   - Push state: ErrorSubScene
20:06:04.909 [JavaFX Application Thread] DEBUG Input                - Clearing active input actions
20:06:04.914 [JavaFX Application Thread] DEBUG GameApplicationServi - Removing overlay from FXGLLoadingScene and adding to ErrorSubScene
20:06:04.914 [JavaFX Application Thread] DEBUG PrimaryStageWindow   - FXGLLoadingScene -> ErrorSubScene
20:06:07.214 [JavaFX Application Thread] DEBUG FXGLApplication      - Exiting FXGL
20:06:07.214 [JavaFX Application Thread] DEBUG Async                - Shutting down background threads
20:06:07.214 [JavaFX Application Thread] DEBUG PrimaryStageWindow   - Closing main window
20:06:07.227 [JavaFX Application Thread] DEBUG Logger               - Closing Logger
