04:48:23.788 [main                     ] DEBUG Logger               - Configured Logger
04:48:23.808 [main                     ] DEBUG GameApplication      - Logging settings
Title: BomberMan
Version: 0.1
Width: 640
Height: 480
Fullscreen: false
Intro: false
Profiling: false
Single step:false
App Mode: DEVELOPER
Menu Key: ESCAPE
Stage Style: DECORATED
Scene Factory: class com.almasb.fxgl.app.scene.SceneFactory

04:48:24.346 [JavaFX Application Thread] DEBUG FXGLApplication      - Initializing FXGL
04:48:24.349 [JavaFX Application Thread] INFO  Engine               - FXGL-21.1 (27.03.2024 07.52) on WINDOWS (J:21.0.2 FX:21.0.1)
04:48:24.349 [JavaFX Application Thread] DEBUG Engine               - JRE Vendor Name: Eclipse Adoptium
04:48:24.349 [JavaFX Application Thread] DEBUG Engine               - Running on OS: Windows 11 version 10.0
04:48:24.350 [JavaFX Application Thread] DEBUG Engine               - Architecture: amd64
04:48:24.350 [JavaFX Application Thread] INFO  Engine               - Source code and latest versions at: https://github.com/AlmasB/FXGL
04:48:24.350 [JavaFX Application Thread] INFO  Engine               -       Ask questions and discuss at: https://github.com/AlmasB/FXGL/discussions
04:48:24.350 [JavaFX Application Thread] INFO  Engine               -              Join the FXGL chat at: https://gitter.im/AlmasB/FXGL
04:48:24.412 [JavaFX Application Thread] DEBUG PrimaryStageWindow   - Creating a JavaFX scene
04:48:24.449 [JavaFX Application Thread] DEBUG PrimaryStageWindow   - Target settings size: 640.0 x 480.0
04:48:24.449 [JavaFX Application Thread] DEBUG PrimaryStageWindow   - Scaled scene size:    640.0 x 480.0
04:48:24.449 [JavaFX Application Thread] DEBUG PrimaryStageWindow   - Scaled ratio: (1.0, 1.0)
04:48:24.450 [JavaFX Application Thread] DEBUG PrimaryStageWindow   - Set initial scene to FXGLStartupScene
04:48:24.452 [JavaFX Application Thread] DEBUG PrimaryStageWindow   - Opening main window
04:48:24.534 [JavaFX Application Thread] DEBUG PrimaryStageWindow   - Window border size: (14.4000244140625, 37.5999755859375)
04:48:24.534 [JavaFX Application Thread] DEBUG PrimaryStageWindow   - Scaled size: 640.0 x 480.0
04:48:24.534 [JavaFX Application Thread] DEBUG PrimaryStageWindow   - Scaled ratio: (1.0, 1.0)
04:48:24.534 [JavaFX Application Thread] DEBUG PrimaryStageWindow   - Scene size: 640.0 x 480.0
04:48:24.535 [JavaFX Application Thread] DEBUG PrimaryStageWindow   - Stage size: 654.4000244140625 x 517.5999755859375
04:48:24.541 [FXGL Background Thread 1 ] DEBUG Engine               - Initializing environment variables
04:48:24.589 [FXGL Background Thread 1 ] DEBUG FXGLAssetLoaderServi - User app class for loading assets: class me.pooh.bakudun.App
04:48:24.589 [FXGL Background Thread 1 ] DEBUG GameApplicationServi - Applying CSS: fxgl_dark.css
04:48:24.590 [FXGL Background Thread 1 ] DEBUG FXGLAssetLoaderServi - Loading from file system: jar:file:///C:/Users/POO/.m2/repository/com/github/almasb/fxgl/21.1/fxgl-21.1.jar!/fxglassets/ui/css/fxgl_dark.css
04:48:24.636 [FXGL Background Thread 1 ] DEBUG GameApplicationServi - Initializing application scenes
04:48:24.668 [FXGL Background Thread 1 ] DEBUG GameWorld            - Game world initialized
04:48:24.720 [FXGL Background Thread 1 ] DEBUG PhysicsWorld         - Physics world initialized: appHeight=480, physics.ppm=50.0
04:48:24.720 [FXGL Background Thread 1 ] DEBUG PhysicsWorld         - Using strategy: BRUTE_FORCE
04:48:24.725 [FXGL Background Thread 1 ] DEBUG GameScene            - Game scene initialized: 640x480
04:48:24.736 [FXGL Background Thread 1 ] WARN  FXGL.DefaultMenu     - FXGLDefaultMenu is not designed for resolutions < 800x600
04:48:24.736 [FXGL Background Thread 1 ] DEBUG FXGL.DefaultMenu     - createMenuBodyGameMenu()
04:48:24.747 [FXGL Background Thread 1 ] DEBUG FXGL.DefaultMenu     - createOptionsMenu()
04:48:24.754 [FXGL Background Thread 1 ] DEBUG FXGLAssetLoaderServi - Loading from file system: jar:file:///C:/Users/POO/.m2/repository/com/github/almasb/fxgl/21.1/fxgl-21.1.jar!/fxglassets/textures/particles/smoke.png
04:48:24.824 [FXGL Background Thread 1 ] DEBUG FXGLAssetLoaderServi - Loading from file system: jar:file:///C:/Users/POO/.m2/repository/com/github/almasb/fxgl/21.1/fxgl-21.1.jar!/fxglassets/textures/particles/trace_horizontal.png
04:48:24.847 [FXGL Background Thread 1 ] DEBUG GameApplicationServi - Application scenes initialized
04:48:24.857 [FXGL Background Thread 1 ] DEBUG SystemBundleService  - Loading FXGL system data
04:48:24.860 [FXGL Background Thread 1 ] DEBUG FileSystemAccess     - Reading from: C:\Users\POO\intellij\Bakudun\system\fxgl.bundle
04:48:24.869 [FXGL Background Thread 1 ] DEBUG SystemBundleService  - Bundle FXGL: {}
04:48:24.869 [FXGL Background Thread 1 ] DEBUG UpdaterService       - Checking for updates
04:48:24.889 [FXGL Background Thread 4 ] DEBUG FXGLApplication      - Loading fonts
04:48:24.890 [FXGL Background Thread 1 ] DEBUG FXGLApplication      - Loading default localization
04:48:24.890 [FXGL Background Thread 4 ] DEBUG FXGLAssetLoaderServi - Loading from file system: jar:file:///C:/Users/POO/.m2/repository/com/github/almasb/fxgl/21.1/fxgl-21.1.jar!/fxglassets/ui/fonts/VarelaRound-Regular.ttf
04:48:24.890 [FXGL Background Thread 1 ] DEBUG FXGLAssetLoaderServi - Loading from file system: jar:file:///C:/Users/POO/.m2/repository/com/github/almasb/fxgl/21.1/fxgl-21.1.jar!/fxglassets/languages/english.lang
04:48:24.916 [FXGL Background Thread 1 ] INFO  FXGLApplication      - FXGL initialization took: 0.375 sec
04:48:24.920 [FXGL Background Thread 4 ] DEBUG FXGLAssetLoaderServi - Loading from file system: jar:file:///C:/Users/POO/.m2/repository/com/github/almasb/fxgl/21.1/fxgl-21.1.jar!/fxglassets/ui/fonts/Abel-Regular.ttf
04:48:24.924 [FXGL Background Thread 4 ] DEBUG FXGLAssetLoaderServi - Loading from file system: jar:file:///C:/Users/POO/.m2/repository/com/github/almasb/fxgl/21.1/fxgl-21.1.jar!/fxglassets/ui/fonts/TerminalLandMono-Regular.otf
04:48:24.926 [JavaFX Application Thread] DEBUG Input                - Registered new binding: Right - D
04:48:24.926 [JavaFX Application Thread] DEBUG Input                - Registered new binding: Left - A
04:48:24.926 [JavaFX Application Thread] DEBUG Input                - Registered new binding: Up - W
04:48:24.927 [JavaFX Application Thread] DEBUG Input                - Registered new binding: Down - S
04:48:24.927 [JavaFX Application Thread] DEBUG FXGLAssetLoaderServi - Loading from file system: jar:file:///C:/Users/POO/.m2/repository/com/github/almasb/fxgl/21.1/fxgl-21.1.jar!/fxglassets/textures/fxgl_icon.png
04:48:24.928 [FXGL Background Thread 4 ] DEBUG FXGLAssetLoaderServi - Loading from file system: jar:file:///C:/Users/POO/.m2/repository/com/github/almasb/fxgl/21.1/fxgl-21.1.jar!/fxglassets/ui/fonts/Courier-Prime.ttf
04:48:24.945 [JavaFX Application Thread] DEBUG FXGLAssetLoaderServi - Loading from file system: jar:file:///C:/Users/POO/.m2/repository/com/github/almasb/fxgl/21.1/fxgl-21.1.jar!/fxglassets/textures/fxgl_default_cursor.png
04:48:24.948 [JavaFX Application Thread] DEBUG Input                - Registered new binding: Screenshot - CTRL+8
04:48:24.948 [JavaFX Application Thread] DEBUG Input                - Registered new binding: Dev Options - 1
04:48:24.949 [JavaFX Application Thread] DEBUG Input                - Registered new binding: Dev Console - 2
04:48:24.949 [JavaFX Application Thread] DEBUG Input                - Registered new binding: System info dump - CTRL+9
04:48:24.950 [JavaFX Application Thread] DEBUG Input                - Registered new binding: Restart - CTRL+R
04:48:24.951 [JavaFX Application Thread] DEBUG Input                - Registered new binding: Toggle Debug Camera - CTRL+7
04:48:24.956 [JavaFX Application Thread] DEBUG LoopRunner           - Starting loop
04:48:24.977 [JavaFX Application Thread] DEBUG LoopRunner           - Initializing JavaFX AnimationTimerLoop
04:48:24.979 [JavaFX Application Thread] DEBUG GameApplicationServi - Starting new game
04:48:24.980 [JavaFX Application Thread] DEBUG Input                - Clearing active input actions
04:48:24.991 [JavaFX Application Thread] DEBUG GameApplicationServi - Removing overlay from FXGLStartupScene and adding to FXGLLoadingScene
04:48:24.995 [JavaFX Application Thread] DEBUG PrimaryStageWindow   - FXGLStartupScene -> FXGLLoadingScene
04:48:24.995 [JavaFX Application Thread] DEBUG GameApplicationServi - Clearing previous game
04:48:24.995 [JavaFX Application Thread] DEBUG GameScene            - Clearing game scene
04:48:24.995 [JavaFX Application Thread] DEBUG GameWorld            - Clearing game world
04:48:24.995 [JavaFX Application Thread] DEBUG PhysicsWorld         - Clearing physics world
04:48:24.997 [FXGL Background Thread 4 ] DEBUG FXGLApplication      - Initializing game
04:48:24.997 [JavaFX Application Thread] DEBUG FXGLApplication      - Registering font factories with UI factory
04:48:25.049 [FXGL Background Thread 4 ] WARN  TMXLevelLoader       - TiledMap generated from 1.11.2. Supported version: 1.9.0. Some features may not be parsed fully.
04:48:25.069 [FXGL Background Thread 4 ] DEBUG TMXLevelLoader       - Parsed TiledMap: file:/C:/Users/POO/intellij/Bakudun/target/classes/assets/levels/Map.tmx
04:48:25.070 [FXGL Background Thread 4 ] DEBUG TMXLevelLoader       - Creating tile layer entities
04:48:25.072 [FXGL Background Thread 4 ] DEBUG TilesetLoader        - Loading view for layer เลเยอร์ไทล์ 1
04:48:25.073 [FXGL Background Thread 4 ] DEBUG TilesetLoader        - Created buffer with size 640.0x480.0
04:48:25.080 [FXGL Background Thread 4 ] WARN  TilesetLoader        - Diagonally flipped tiles are not currently supported
04:48:25.088 [FXGL Background Thread 4 ] WARN  TilesetLoader        - Diagonally flipped tiles are not currently supported
04:48:25.096 [FXGL Background Thread 4 ] DEBUG TilesetLoader        - Loading view for layer เลเยอร์ไทล์ 2
04:48:25.097 [FXGL Background Thread 4 ] DEBUG TilesetLoader        - Created buffer with size 640.0x480.0
04:48:25.098 [FXGL Background Thread 4 ] DEBUG TilesetLoader        - Loading view for layer เลเยอร์ไทล์ 3
04:48:25.098 [FXGL Background Thread 4 ] DEBUG TilesetLoader        - Created buffer with size 640.0x480.0
04:48:25.099 [FXGL Background Thread 4 ] DEBUG TilesetLoader        - Loading view for layer เลเยอร์ไทล์ 4
04:48:25.099 [FXGL Background Thread 4 ] DEBUG TilesetLoader        - Created buffer with size 640.0x480.0
04:48:25.099 [FXGL Background Thread 4 ] DEBUG TMXLevelLoader       - Creating object layer entities
04:48:25.147 [FXGL Background Thread 4 ] DEBUG FXGLAssetLoaderServi - Loading from file system: file:/C:/Users/POO/intellij/Bakudun/target/classes/assets/textures/Jim1.png
04:48:25.158 [FXGL Background Thread 4 ] WARN  TMXLevelLoader       - TiledMap generated from 1.11.2. Supported version: 1.9.0. Some features may not be parsed fully.
04:48:25.166 [FXGL Background Thread 4 ] DEBUG TMXLevelLoader       - Parsed TiledMap: file:/C:/Users/POO/intellij/Bakudun/target/classes/assets/levels/Map.tmx
04:48:25.166 [FXGL Background Thread 4 ] DEBUG TMXLevelLoader       - Creating tile layer entities
04:48:25.166 [FXGL Background Thread 4 ] DEBUG TilesetLoader        - Loading view for layer เลเยอร์ไทล์ 1
04:48:25.167 [FXGL Background Thread 4 ] DEBUG TilesetLoader        - Created buffer with size 640.0x480.0
04:48:25.170 [FXGL Background Thread 4 ] WARN  TilesetLoader        - Diagonally flipped tiles are not currently supported
04:48:25.184 [FXGL Background Thread 4 ] WARN  TilesetLoader        - Diagonally flipped tiles are not currently supported
04:48:25.189 [FXGL Background Thread 4 ] DEBUG TilesetLoader        - Loading view for layer เลเยอร์ไทล์ 2
04:48:25.189 [FXGL Background Thread 4 ] DEBUG TilesetLoader        - Created buffer with size 640.0x480.0
04:48:25.189 [FXGL Background Thread 4 ] DEBUG TilesetLoader        - Loading view for layer เลเยอร์ไทล์ 3
04:48:25.190 [FXGL Background Thread 4 ] DEBUG TilesetLoader        - Created buffer with size 640.0x480.0
04:48:25.190 [FXGL Background Thread 4 ] DEBUG TilesetLoader        - Loading view for layer เลเยอร์ไทล์ 4
04:48:25.190 [FXGL Background Thread 4 ] DEBUG TilesetLoader        - Created buffer with size 640.0x480.0
04:48:25.191 [FXGL Background Thread 4 ] DEBUG TMXLevelLoader       - Creating object layer entities
04:48:25.206 [FXGL Background Thread 4 ] DEBUG GameWorld            - Clearing removable entities
04:48:25.207 [FXGL Background Thread 4 ] DEBUG GameWorld            - Setting level: com.almasb.fxgl.entity.level.Level@5bc76230
04:48:25.216 [FXGL Background Thread 4 ] INFO  FXGLApplication      - Game initialization took: 0.219 sec
04:48:25.271 [JavaFX Application Thread] DEBUG Input                - Clearing active input actions
04:48:25.282 [JavaFX Application Thread] DEBUG GameApplicationServi - Removing overlay from FXGLLoadingScene and adding to GameScene
04:48:25.296 [JavaFX Application Thread] DEBUG PrimaryStageWindow   - FXGLLoadingScene -> GameScene
04:48:27.888 [FXGL Background Thread 3 ] DEBUG Engine               - Logging environment variables
04:48:27.888 [FXGL Background Thread 3 ] DEBUG Engine               - achievements: []
04:48:27.888 [FXGL Background Thread 3 ] DEBUG Engine               - actualHeight: 480.0
04:48:27.888 [FXGL Background Thread 3 ] DEBUG Engine               - actualHeightProperty: ReadOnlyDoubleProperty [value: 480.0]
04:48:27.888 [FXGL Background Thread 3 ] DEBUG Engine               - actualWidth: 640.0
04:48:27.889 [FXGL Background Thread 3 ] DEBUG Engine               - actualWidthProperty: ReadOnlyDoubleProperty [value: 640.0]
04:48:27.889 [FXGL Background Thread 3 ] DEBUG Engine               - appIcon: fxgl_icon.png
04:48:27.889 [FXGL Background Thread 3 ] DEBUG Engine               - applicationMode: DEVELOPER
04:48:27.889 [FXGL Background Thread 3 ] DEBUG Engine               - cSSList: [fxgl_dark.css]
04:48:27.889 [FXGL Background Thread 3 ] DEBUG Engine               - collisionDetectionStrategy: BRUTE_FORCE
04:48:27.889 [FXGL Background Thread 3 ] DEBUG Engine               - configClass: Optional.empty
04:48:27.889 [FXGL Background Thread 3 ] DEBUG Engine               - credits: []
04:48:27.889 [FXGL Background Thread 3 ] DEBUG Engine               - defaultCursor: CursorInfo(imageName=fxgl_default_cursor.png, hotspotX=7.0, hotspotY=6.0)
04:48:27.889 [FXGL Background Thread 3 ] DEBUG Engine               - devBBoxColorProperty: ObjectProperty [value: 0xff0000ff]
04:48:27.889 [FXGL Background Thread 3 ] DEBUG Engine               - devEnableDebugCameraProperty: BooleanProperty [value: false]
04:48:27.889 [FXGL Background Thread 3 ] DEBUG Engine               - devSensorColorProperty: ObjectProperty [value: 0xffff00ff]
04:48:27.889 [FXGL Background Thread 3 ] DEBUG Engine               - devShowBBoxProperty: BooleanProperty [value: false]
04:48:27.889 [FXGL Background Thread 3 ] DEBUG Engine               - devShowPositionProperty: BooleanProperty [value: false]
04:48:27.889 [FXGL Background Thread 3 ] DEBUG Engine               - enabledMenuItems: []
04:48:27.890 [FXGL Background Thread 3 ] DEBUG Engine               - engineServices: [class com.almasb.fxgl.app.services.FXGLAssetLoaderService, class com.almasb.fxgl.app.FXGLApplication$GameApplicationService, class com.almasb.fxgl.app.services.FXGLDialogService, class com.almasb.fxgl.app.services.IOTaskExecutorService, class com.almasb.fxgl.io.FileSystemService, class com.almasb.fxgl.localization.LocalizationService, class com.almasb.fxgl.app.services.SystemBundleService, class com.almasb.fxgl.profile.SaveLoadService, class com.almasb.fxgl.ui.FXGLUIFactoryServiceProvider, class com.almasb.fxgl.ui.FXGLDialogFactoryServiceProvider, class com.almasb.fxgl.audio.AudioPlayer, class com.almasb.fxgl.notification.impl.NotificationServiceProvider, class com.almasb.fxgl.achievement.AchievementService, class com.almasb.fxgl.cutscene.CutsceneService, class com.almasb.fxgl.minigames.MiniGameService, class com.almasb.fxgl.net.NetService, class com.almasb.fxgl.app.services.UpdaterService, class com.almasb.fxgl.dev.DevService]
04:48:27.890 [FXGL Background Thread 3 ] DEBUG Engine               - fontGame: Abel-Regular.ttf
04:48:27.890 [FXGL Background Thread 3 ] DEBUG Engine               - fontMono: TerminalLandMono-Regular.otf
04:48:27.890 [FXGL Background Thread 3 ] DEBUG Engine               - fontSizeScaleUI: 1.0
04:48:27.890 [FXGL Background Thread 3 ] DEBUG Engine               - fontText: Courier-Prime.ttf
04:48:27.890 [FXGL Background Thread 3 ] DEBUG Engine               - fontUI: VarelaRound-Regular.ttf
04:48:27.890 [FXGL Background Thread 3 ] DEBUG Engine               - fullScreen: BooleanProperty [value: false]
04:48:27.890 [FXGL Background Thread 3 ] DEBUG Engine               - gameDifficulty: MEDIUM
04:48:27.890 [FXGL Background Thread 3 ] DEBUG Engine               - gameDifficultyProperty: ObjectProperty [value: MEDIUM]
04:48:27.890 [FXGL Background Thread 3 ] DEBUG Engine               - globalMusicVolume: 0.5
04:48:27.890 [FXGL Background Thread 3 ] DEBUG Engine               - globalMusicVolumeProperty: DoubleProperty [value: 0.5]
04:48:27.890 [FXGL Background Thread 3 ] DEBUG Engine               - globalSoundVolume: 0.5
04:48:27.890 [FXGL Background Thread 3 ] DEBUG Engine               - globalSoundVolumeProperty: DoubleProperty [value: 0.5]
04:48:27.890 [FXGL Background Thread 3 ] DEBUG Engine               - height: 480
04:48:27.890 [FXGL Background Thread 3 ] DEBUG Engine               - is3D: false
04:48:27.890 [FXGL Background Thread 3 ] DEBUG Engine               - isAndroid: false
04:48:27.890 [FXGL Background Thread 3 ] DEBUG Engine               - isBrowser: false
04:48:27.890 [FXGL Background Thread 3 ] DEBUG Engine               - isClickFeedbackEnabled: false
04:48:27.891 [FXGL Background Thread 3 ] DEBUG Engine               - isCloseConfirmation: false
04:48:27.891 [FXGL Background Thread 3 ] DEBUG Engine               - isDesktop: true
04:48:27.891 [FXGL Background Thread 3 ] DEBUG Engine               - isDeveloperMenuEnabled: true
04:48:27.891 [FXGL Background Thread 3 ] DEBUG Engine               - isEmbedded: false
04:48:27.891 [FXGL Background Thread 3 ] DEBUG Engine               - isEntityPreloadEnabled: true
04:48:27.891 [FXGL Background Thread 3 ] DEBUG Engine               - isExperimentalTiledLargeMap: false
04:48:27.891 [FXGL Background Thread 3 ] DEBUG Engine               - isFileSystemWriteAllowed: true
04:48:27.891 [FXGL Background Thread 3 ] DEBUG Engine               - isFullScreenAllowed: false
04:48:27.891 [FXGL Background Thread 3 ] DEBUG Engine               - isFullScreenFromStart: false
04:48:27.891 [FXGL Background Thread 3 ] DEBUG Engine               - isGameMenuEnabled: true
04:48:27.891 [FXGL Background Thread 3 ] DEBUG Engine               - isIOS: false
04:48:27.891 [FXGL Background Thread 3 ] DEBUG Engine               - isIntroEnabled: false
04:48:27.891 [FXGL Background Thread 3 ] DEBUG Engine               - isLinux: false
04:48:27.891 [FXGL Background Thread 3 ] DEBUG Engine               - isMac: false
04:48:27.891 [FXGL Background Thread 3 ] DEBUG Engine               - isMainMenuEnabled: false
04:48:27.891 [FXGL Background Thread 3 ] DEBUG Engine               - isManualResizeEnabled: false
04:48:27.891 [FXGL Background Thread 3 ] DEBUG Engine               - isMobile: false
04:48:27.891 [FXGL Background Thread 3 ] DEBUG Engine               - isNative: false
04:48:27.891 [FXGL Background Thread 3 ] DEBUG Engine               - isPauseMusicWhenMinimized: true
04:48:27.891 [FXGL Background Thread 3 ] DEBUG Engine               - isPreserveResizeRatio: false
04:48:27.891 [FXGL Background Thread 3 ] DEBUG Engine               - isProfilingEnabled: false
04:48:27.891 [FXGL Background Thread 3 ] DEBUG Engine               - isScaleAffectedOnResize: true
04:48:27.891 [FXGL Background Thread 3 ] DEBUG Engine               - isSingleStep: false
04:48:27.892 [FXGL Background Thread 3 ] DEBUG Engine               - isUserProfileEnabled: false
04:48:27.892 [FXGL Background Thread 3 ] DEBUG Engine               - isWindows: true
04:48:27.892 [FXGL Background Thread 3 ] DEBUG Engine               - language: ObjectProperty [value: ENGLISH]
04:48:27.892 [FXGL Background Thread 3 ] DEBUG Engine               - menuKey: ESCAPE
04:48:27.892 [FXGL Background Thread 3 ] DEBUG Engine               - mouseSensitivity: 0.2
04:48:27.892 [FXGL Background Thread 3 ] DEBUG Engine               - notificationViewClass: class com.almasb.fxgl.notification.view.XboxNotificationView
04:48:27.892 [FXGL Background Thread 3 ] DEBUG Engine               - pixelsPerMeter: 50.0
04:48:27.892 [FXGL Background Thread 3 ] DEBUG Engine               - platform: WINDOWS
04:48:27.892 [FXGL Background Thread 3 ] DEBUG Engine               - prefHeightProperty: ReadOnlyDoubleProperty [value: 480.0]
04:48:27.892 [FXGL Background Thread 3 ] DEBUG Engine               - prefWidthProperty: ReadOnlyDoubleProperty [value: 640.0]
04:48:27.892 [FXGL Background Thread 3 ] DEBUG Engine               - profileDir: profiles/
04:48:27.892 [FXGL Background Thread 3 ] DEBUG Engine               - profileName: StringProperty [value: DEFAULT]
04:48:27.892 [FXGL Background Thread 3 ] DEBUG Engine               - randomSeed: -1
04:48:27.892 [FXGL Background Thread 3 ] DEBUG Engine               - runtimeInfo: RuntimeInfo(platform=WINDOWS, version=21.1, build=27.03.2024 07.52)
04:48:27.893 [FXGL Background Thread 3 ] DEBUG Engine               - saveFileExt: sav
04:48:27.893 [FXGL Background Thread 3 ] DEBUG Engine               - scaledHeightProp$fxgl: DoubleProperty [bound, value: 480.0]
04:48:27.893 [FXGL Background Thread 3 ] DEBUG Engine               - scaledWidthProp$fxgl: DoubleProperty [bound, value: 640.0]
04:48:27.893 [FXGL Background Thread 3 ] DEBUG Engine               - sceneFactory: com.almasb.fxgl.app.scene.SceneFactory@647830d
04:48:27.893 [FXGL Background Thread 3 ] DEBUG Engine               - secondsIn24h: 60
04:48:27.893 [FXGL Background Thread 3 ] DEBUG Engine               - soundMenuBack: menu/back.wav
04:48:27.893 [FXGL Background Thread 3 ] DEBUG Engine               - soundMenuPress: menu/press.wav
04:48:27.893 [FXGL Background Thread 3 ] DEBUG Engine               - soundMenuSelect: menu/select.wav
04:48:27.893 [FXGL Background Thread 3 ] DEBUG Engine               - soundNotification: core/notification.wav
04:48:27.893 [FXGL Background Thread 3 ] DEBUG Engine               - stageStyle: DECORATED
04:48:27.893 [FXGL Background Thread 3 ] DEBUG Engine               - supportedLanguages: [ENGLISH, FRENCH, GERMAN, HUNGARIAN, RUSSIAN]
04:48:27.893 [FXGL Background Thread 3 ] DEBUG Engine               - ticksPerSecond: -1
04:48:27.893 [FXGL Background Thread 3 ] DEBUG Engine               - title: BomberMan
04:48:27.893 [FXGL Background Thread 3 ] DEBUG Engine               - urlGithub: https://github.com/AlmasB/FXGL
04:48:27.893 [FXGL Background Thread 3 ] DEBUG Engine               - urlLeaderboard: http://fxgl-top.herokuapp.com/
04:48:27.893 [FXGL Background Thread 3 ] DEBUG Engine               - urlPOM: https://raw.githubusercontent.com/AlmasB/FXGL/release/README.md
04:48:27.893 [FXGL Background Thread 3 ] DEBUG Engine               - userAppClass: class me.pooh.bakudun.App
04:48:27.893 [FXGL Background Thread 3 ] DEBUG Engine               - version: 0.1
04:48:27.893 [FXGL Background Thread 3 ] DEBUG Engine               - versionCheckDays: 7
04:48:27.893 [FXGL Background Thread 3 ] DEBUG Engine               - width: 640
04:48:27.893 [FXGL Background Thread 3 ] DEBUG Engine               - Logging services
04:48:27.893 [FXGL Background Thread 3 ] DEBUG Engine               - class com.almasb.fxgl.app.services.FXGLAssetLoaderService
04:48:27.893 [FXGL Background Thread 3 ] DEBUG Engine               - class com.almasb.fxgl.app.FXGLApplication$GameApplicationService
04:48:27.894 [FXGL Background Thread 3 ] DEBUG Engine               - class com.almasb.fxgl.app.services.FXGLDialogService
04:48:27.894 [FXGL Background Thread 3 ] DEBUG Engine               - class com.almasb.fxgl.app.services.IOTaskExecutorService
04:48:27.894 [FXGL Background Thread 3 ] DEBUG Engine               - class com.almasb.fxgl.io.FileSystemService
04:48:27.894 [FXGL Background Thread 3 ] DEBUG Engine               - class com.almasb.fxgl.localization.LocalizationService
04:48:27.894 [FXGL Background Thread 3 ] DEBUG Engine               - class com.almasb.fxgl.app.services.SystemBundleService
04:48:27.894 [FXGL Background Thread 3 ] DEBUG Engine               - class com.almasb.fxgl.profile.SaveLoadService
04:48:27.894 [FXGL Background Thread 3 ] DEBUG Engine               - class com.almasb.fxgl.ui.FXGLUIFactoryServiceProvider
04:48:27.894 [FXGL Background Thread 3 ] DEBUG Engine               - class com.almasb.fxgl.ui.FXGLDialogFactoryServiceProvider
04:48:27.894 [FXGL Background Thread 3 ] DEBUG Engine               - class com.almasb.fxgl.audio.AudioPlayer
04:48:27.894 [FXGL Background Thread 3 ] DEBUG Engine               - class com.almasb.fxgl.notification.impl.NotificationServiceProvider
04:48:27.894 [FXGL Background Thread 3 ] DEBUG Engine               - class com.almasb.fxgl.achievement.AchievementService
04:48:27.894 [FXGL Background Thread 3 ] DEBUG Engine               - class com.almasb.fxgl.cutscene.CutsceneService
04:48:27.894 [FXGL Background Thread 3 ] DEBUG Engine               - class com.almasb.fxgl.minigames.MiniGameService
04:48:27.894 [FXGL Background Thread 3 ] DEBUG Engine               - class com.almasb.fxgl.net.NetService
04:48:27.894 [FXGL Background Thread 3 ] DEBUG Engine               - class com.almasb.fxgl.app.services.UpdaterService
04:48:27.894 [FXGL Background Thread 3 ] DEBUG Engine               - class com.almasb.fxgl.dev.DevService
04:49:22.651 [JavaFX Application Thread] DEBUG FXGLApplication      - Exiting FXGL
04:49:22.652 [JavaFX Application Thread] DEBUG LoopRunner           - Stopping loop
04:49:22.652 [JavaFX Application Thread] DEBUG SystemBundleService  - Saving FXGL system data
04:49:22.654 [JavaFX Application Thread] DEBUG FileSystemAccess     - Writing to: C:\Users\POO\intellij\Bakudun\system\fxgl.bundle
04:49:22.656 [JavaFX Application Thread] DEBUG Async                - Shutting down background threads
04:49:22.656 [JavaFX Application Thread] DEBUG PrimaryStageWindow   - Closing main window
04:49:22.672 [JavaFX Application Thread] DEBUG Logger               - Closing Logger
