08:55:21.665 [main                     ] DEBUG Logger               - Configured Logger
08:55:21.685 [main                     ] DEBUG GameApplication      - Logging settings
Title: BomberMan
Version: 0.1
Width: 640
Height: 480
Fullscreen: false
Intro: false
Profiling: false
Single step:false
App Mode: DEVELOPER
Menu Key: ESCAPE
Stage Style: DECORATED
Scene Factory: class com.almasb.fxgl.app.scene.SceneFactory

08:55:22.218 [JavaFX Application Thread] DEBUG FXGLApplication      - Initializing FXGL
08:55:22.222 [JavaFX Application Thread] INFO  Engine               - FXGL-21.1 (27.03.2024 07.52) on WINDOWS (J:21.0.2 FX:21.0.1)
08:55:22.222 [JavaFX Application Thread] DEBUG Engine               - JRE Vendor Name: Eclipse Adoptium
08:55:22.222 [JavaFX Application Thread] DEBUG Engine               - Running on OS: Windows 11 version 10.0
08:55:22.222 [JavaFX Application Thread] DEBUG Engine               - Architecture: amd64
08:55:22.222 [JavaFX Application Thread] INFO  Engine               - Source code and latest versions at: https://github.com/AlmasB/FXGL
08:55:22.223 [JavaFX Application Thread] INFO  Engine               -       Ask questions and discuss at: https://github.com/AlmasB/FXGL/discussions
08:55:22.223 [JavaFX Application Thread] INFO  Engine               -              Join the FXGL chat at: https://gitter.im/AlmasB/FXGL
08:55:22.287 [JavaFX Application Thread] DEBUG PrimaryStageWindow   - Creating a JavaFX scene
08:55:22.323 [JavaFX Application Thread] DEBUG PrimaryStageWindow   - Target settings size: 640.0 x 480.0
08:55:22.323 [JavaFX Application Thread] DEBUG PrimaryStageWindow   - Scaled scene size:    640.0 x 480.0
08:55:22.323 [JavaFX Application Thread] DEBUG PrimaryStageWindow   - Scaled ratio: (1.0, 1.0)
08:55:22.324 [JavaFX Application Thread] DEBUG PrimaryStageWindow   - Set initial scene to FXGLStartupScene
08:55:22.326 [JavaFX Application Thread] DEBUG PrimaryStageWindow   - Opening main window
08:55:22.402 [JavaFX Application Thread] DEBUG PrimaryStageWindow   - Window border size: (14.4000244140625, 37.5999755859375)
08:55:22.402 [JavaFX Application Thread] DEBUG PrimaryStageWindow   - Scaled size: 640.0 x 480.0
08:55:22.402 [JavaFX Application Thread] DEBUG PrimaryStageWindow   - Scaled ratio: (1.0, 1.0)
08:55:22.402 [JavaFX Application Thread] DEBUG PrimaryStageWindow   - Scene size: 640.0 x 480.0
08:55:22.402 [JavaFX Application Thread] DEBUG PrimaryStageWindow   - Stage size: 654.4000244140625 x 517.5999755859375
08:55:22.410 [FXGL Background Thread 1 ] DEBUG Engine               - Initializing environment variables
08:55:22.460 [FXGL Background Thread 1 ] DEBUG FXGLAssetLoaderServi - User app class for loading assets: class me.pooh.bakudun.App
08:55:22.460 [FXGL Background Thread 1 ] DEBUG GameApplicationServi - Applying CSS: fxgl_dark.css
08:55:22.461 [FXGL Background Thread 1 ] DEBUG FXGLAssetLoaderServi - Loading from file system: jar:file:///C:/Users/POO/.m2/repository/com/github/almasb/fxgl/21.1/fxgl-21.1.jar!/fxglassets/ui/css/fxgl_dark.css
08:55:22.500 [FXGL Background Thread 1 ] DEBUG GameApplicationServi - Initializing application scenes
08:55:22.533 [FXGL Background Thread 1 ] DEBUG GameWorld            - Game world initialized
08:55:22.580 [FXGL Background Thread 1 ] DEBUG PhysicsWorld         - Physics world initialized: appHeight=480, physics.ppm=50.0
08:55:22.581 [FXGL Background Thread 1 ] DEBUG PhysicsWorld         - Using strategy: BRUTE_FORCE
08:55:22.584 [FXGL Background Thread 1 ] DEBUG GameScene            - Game scene initialized: 640x480
08:55:22.594 [FXGL Background Thread 1 ] WARN  FXGL.DefaultMenu     - FXGLDefaultMenu is not designed for resolutions < 800x600
08:55:22.595 [FXGL Background Thread 1 ] DEBUG FXGL.DefaultMenu     - createMenuBodyGameMenu()
08:55:22.606 [FXGL Background Thread 1 ] DEBUG FXGL.DefaultMenu     - createOptionsMenu()
08:55:22.614 [FXGL Background Thread 1 ] DEBUG FXGLAssetLoaderServi - Loading from file system: jar:file:///C:/Users/POO/.m2/repository/com/github/almasb/fxgl/21.1/fxgl-21.1.jar!/fxglassets/textures/particles/smoke.png
08:55:22.681 [FXGL Background Thread 1 ] DEBUG FXGLAssetLoaderServi - Loading from file system: jar:file:///C:/Users/POO/.m2/repository/com/github/almasb/fxgl/21.1/fxgl-21.1.jar!/fxglassets/textures/particles/trace_horizontal.png
08:55:22.706 [FXGL Background Thread 1 ] DEBUG GameApplicationServi - Application scenes initialized
08:55:22.719 [FXGL Background Thread 1 ] DEBUG SystemBundleService  - Loading FXGL system data
08:55:22.723 [FXGL Background Thread 1 ] DEBUG FileSystemAccess     - Reading from: C:\Users\POO\intellij\Bakudun\system\fxgl.bundle
08:55:22.731 [FXGL Background Thread 1 ] DEBUG SystemBundleService  - Bundle FXGL: {}
08:55:22.731 [FXGL Background Thread 1 ] DEBUG UpdaterService       - Checking for updates
08:55:22.757 [FXGL Background Thread 4 ] DEBUG FXGLApplication      - Loading fonts
08:55:22.757 [FXGL Background Thread 1 ] DEBUG FXGLApplication      - Loading default localization
08:55:22.757 [FXGL Background Thread 4 ] DEBUG FXGLAssetLoaderServi - Loading from file system: jar:file:///C:/Users/POO/.m2/repository/com/github/almasb/fxgl/21.1/fxgl-21.1.jar!/fxglassets/ui/fonts/VarelaRound-Regular.ttf
08:55:22.757 [FXGL Background Thread 1 ] DEBUG FXGLAssetLoaderServi - Loading from file system: jar:file:///C:/Users/POO/.m2/repository/com/github/almasb/fxgl/21.1/fxgl-21.1.jar!/fxglassets/languages/english.lang
08:55:22.773 [FXGL Background Thread 1 ] INFO  FXGLApplication      - FXGL initialization took: 0.363 sec
08:55:22.785 [JavaFX Application Thread] DEBUG Input                - Registered new binding: Right - D
08:55:22.786 [JavaFX Application Thread] DEBUG Input                - Registered new binding: Left - A
08:55:22.786 [JavaFX Application Thread] DEBUG Input                - Registered new binding: Up - W
08:55:22.786 [JavaFX Application Thread] DEBUG Input                - Registered new binding: Down - S
08:55:22.786 [JavaFX Application Thread] DEBUG Input                - Registered new binding: Place Bomb - Space
08:55:22.786 [JavaFX Application Thread] DEBUG FXGLAssetLoaderServi - Loading from file system: jar:file:///C:/Users/POO/.m2/repository/com/github/almasb/fxgl/21.1/fxgl-21.1.jar!/fxglassets/textures/fxgl_icon.png
08:55:22.788 [FXGL Background Thread 4 ] DEBUG FXGLAssetLoaderServi - Loading from file system: jar:file:///C:/Users/POO/.m2/repository/com/github/almasb/fxgl/21.1/fxgl-21.1.jar!/fxglassets/ui/fonts/Abel-Regular.ttf
08:55:22.792 [FXGL Background Thread 4 ] DEBUG FXGLAssetLoaderServi - Loading from file system: jar:file:///C:/Users/POO/.m2/repository/com/github/almasb/fxgl/21.1/fxgl-21.1.jar!/fxglassets/ui/fonts/TerminalLandMono-Regular.otf
08:55:22.796 [FXGL Background Thread 4 ] DEBUG FXGLAssetLoaderServi - Loading from file system: jar:file:///C:/Users/POO/.m2/repository/com/github/almasb/fxgl/21.1/fxgl-21.1.jar!/fxglassets/ui/fonts/Courier-Prime.ttf
08:55:22.808 [JavaFX Application Thread] DEBUG FXGLAssetLoaderServi - Loading from file system: jar:file:///C:/Users/POO/.m2/repository/com/github/almasb/fxgl/21.1/fxgl-21.1.jar!/fxglassets/textures/fxgl_default_cursor.png
08:55:22.811 [JavaFX Application Thread] DEBUG Input                - Registered new binding: Screenshot - CTRL+8
08:55:22.811 [JavaFX Application Thread] DEBUG Input                - Registered new binding: Dev Options - 1
08:55:22.812 [JavaFX Application Thread] DEBUG Input                - Registered new binding: Dev Console - 2
08:55:22.812 [JavaFX Application Thread] DEBUG Input                - Registered new binding: System info dump - CTRL+9
08:55:22.813 [JavaFX Application Thread] DEBUG Input                - Registered new binding: Restart - CTRL+R
08:55:22.814 [JavaFX Application Thread] DEBUG Input                - Registered new binding: Toggle Debug Camera - CTRL+7
08:55:22.819 [JavaFX Application Thread] DEBUG LoopRunner           - Starting loop
08:55:22.837 [JavaFX Application Thread] DEBUG LoopRunner           - Initializing JavaFX AnimationTimerLoop
08:55:22.839 [JavaFX Application Thread] DEBUG GameApplicationServi - Starting new game
08:55:22.839 [JavaFX Application Thread] DEBUG Input                - Clearing active input actions
08:55:22.847 [JavaFX Application Thread] DEBUG GameApplicationServi - Removing overlay from FXGLStartupScene and adding to FXGLLoadingScene
08:55:22.851 [JavaFX Application Thread] DEBUG PrimaryStageWindow   - FXGLStartupScene -> FXGLLoadingScene
08:55:22.851 [JavaFX Application Thread] DEBUG GameApplicationServi - Clearing previous game
08:55:22.851 [JavaFX Application Thread] DEBUG GameScene            - Clearing game scene
08:55:22.851 [JavaFX Application Thread] DEBUG GameWorld            - Clearing game world
08:55:22.851 [JavaFX Application Thread] DEBUG PhysicsWorld         - Clearing physics world
08:55:22.852 [FXGL Background Thread 4 ] DEBUG FXGLApplication      - Initializing game
08:55:22.853 [JavaFX Application Thread] DEBUG FXGLApplication      - Registering font factories with UI factory
08:55:22.916 [FXGL Background Thread 4 ] WARN  TMXLevelLoader       - TiledMap generated from 1.11.2. Supported version: 1.9.0. Some features may not be parsed fully.
08:55:22.949 [FXGL Background Thread 4 ] DEBUG TMXLevelLoader       - Parsed TiledMap: file:/C:/Users/POO/intellij/Bakudun/target/classes/assets/levels/Map.tmx
08:55:22.951 [FXGL Background Thread 4 ] DEBUG TMXLevelLoader       - Creating tile layer entities
08:55:22.953 [FXGL Background Thread 4 ] DEBUG TilesetLoader        - Loading view for layer เลเยอร์ไทล์ 1
08:55:22.953 [FXGL Background Thread 4 ] DEBUG TilesetLoader        - Created buffer with size 640.0x480.0
08:55:22.961 [FXGL Background Thread 4 ] WARN  TilesetLoader        - Diagonally flipped tiles are not currently supported
08:55:22.971 [FXGL Background Thread 4 ] WARN  TilesetLoader        - Diagonally flipped tiles are not currently supported
08:55:22.979 [FXGL Background Thread 4 ] DEBUG TilesetLoader        - Loading view for layer WALL48
08:55:22.980 [FXGL Background Thread 4 ] DEBUG TilesetLoader        - Created buffer with size 640.0x480.0
08:55:22.980 [FXGL Background Thread 4 ] DEBUG TilesetLoader        - Loading view for layer WALL47
08:55:22.980 [FXGL Background Thread 4 ] DEBUG TilesetLoader        - Created buffer with size 640.0x480.0
08:55:22.981 [FXGL Background Thread 4 ] DEBUG TilesetLoader        - Loading view for layer WALL46
08:55:22.981 [FXGL Background Thread 4 ] DEBUG TilesetLoader        - Created buffer with size 640.0x480.0
08:55:22.981 [FXGL Background Thread 4 ] DEBUG TilesetLoader        - Loading view for layer WALL45
08:55:22.982 [FXGL Background Thread 4 ] DEBUG TilesetLoader        - Created buffer with size 640.0x480.0
08:55:22.982 [FXGL Background Thread 4 ] DEBUG TilesetLoader        - Loading view for layer WALL44
08:55:22.982 [FXGL Background Thread 4 ] DEBUG TilesetLoader        - Created buffer with size 640.0x480.0
08:55:22.983 [FXGL Background Thread 4 ] DEBUG TilesetLoader        - Loading view for layer WALL43
08:55:22.983 [FXGL Background Thread 4 ] DEBUG TilesetLoader        - Created buffer with size 640.0x480.0
08:55:22.984 [FXGL Background Thread 4 ] DEBUG TilesetLoader        - Loading view for layer WALL42
08:55:22.985 [FXGL Background Thread 4 ] DEBUG TilesetLoader        - Created buffer with size 640.0x480.0
08:55:22.985 [FXGL Background Thread 4 ] DEBUG TilesetLoader        - Loading view for layer WALL41
08:55:22.985 [FXGL Background Thread 4 ] DEBUG TilesetLoader        - Created buffer with size 640.0x480.0
08:55:22.986 [FXGL Background Thread 4 ] DEBUG TilesetLoader        - Loading view for layer WALL40
08:55:22.986 [FXGL Background Thread 4 ] DEBUG TilesetLoader        - Created buffer with size 640.0x480.0
08:55:22.986 [FXGL Background Thread 4 ] DEBUG TilesetLoader        - Loading view for layer WALL39
08:55:22.987 [FXGL Background Thread 4 ] DEBUG TilesetLoader        - Created buffer with size 640.0x480.0
08:55:22.987 [FXGL Background Thread 4 ] DEBUG TilesetLoader        - Loading view for layer WALL38
08:55:22.987 [FXGL Background Thread 4 ] DEBUG TilesetLoader        - Created buffer with size 640.0x480.0
08:55:22.988 [FXGL Background Thread 4 ] DEBUG TilesetLoader        - Loading view for layer WALL37
08:55:22.988 [FXGL Background Thread 4 ] DEBUG TilesetLoader        - Created buffer with size 640.0x480.0
08:55:22.988 [FXGL Background Thread 4 ] DEBUG TilesetLoader        - Loading view for layer WALL36
08:55:22.988 [FXGL Background Thread 4 ] DEBUG TilesetLoader        - Created buffer with size 640.0x480.0
08:55:22.989 [FXGL Background Thread 4 ] DEBUG TilesetLoader        - Loading view for layer WALL35
08:55:22.989 [FXGL Background Thread 4 ] DEBUG TilesetLoader        - Created buffer with size 640.0x480.0
08:55:22.989 [FXGL Background Thread 4 ] DEBUG TilesetLoader        - Loading view for layer WALL34
08:55:22.996 [FXGL Background Thread 4 ] DEBUG TilesetLoader        - Created buffer with size 640.0x480.0
08:55:22.997 [FXGL Background Thread 4 ] DEBUG TilesetLoader        - Loading view for layer WALL33
08:55:22.997 [FXGL Background Thread 4 ] DEBUG TilesetLoader        - Created buffer with size 640.0x480.0
08:55:22.997 [FXGL Background Thread 4 ] DEBUG TilesetLoader        - Loading view for layer WALL32
08:55:23.002 [FXGL Background Thread 4 ] DEBUG TilesetLoader        - Created buffer with size 640.0x480.0
08:55:23.003 [FXGL Background Thread 4 ] DEBUG TilesetLoader        - Loading view for layer WALL31
08:55:23.003 [FXGL Background Thread 4 ] DEBUG TilesetLoader        - Created buffer with size 640.0x480.0
08:55:23.003 [FXGL Background Thread 4 ] DEBUG TilesetLoader        - Loading view for layer WALL30
08:55:23.004 [FXGL Background Thread 4 ] DEBUG TilesetLoader        - Created buffer with size 640.0x480.0
08:55:23.004 [FXGL Background Thread 4 ] DEBUG TilesetLoader        - Loading view for layer WALL29
08:55:23.004 [FXGL Background Thread 4 ] DEBUG TilesetLoader        - Created buffer with size 640.0x480.0
08:55:23.005 [FXGL Background Thread 4 ] DEBUG TilesetLoader        - Loading view for layer WALL28
08:55:23.005 [FXGL Background Thread 4 ] DEBUG TilesetLoader        - Created buffer with size 640.0x480.0
08:55:23.005 [FXGL Background Thread 4 ] DEBUG TilesetLoader        - Loading view for layer WALL27
08:55:23.007 [FXGL Background Thread 4 ] DEBUG TilesetLoader        - Created buffer with size 640.0x480.0
08:55:23.008 [FXGL Background Thread 4 ] DEBUG TilesetLoader        - Loading view for layer WALL26
08:55:23.009 [FXGL Background Thread 4 ] DEBUG TilesetLoader        - Created buffer with size 640.0x480.0
08:55:23.009 [FXGL Background Thread 4 ] DEBUG TilesetLoader        - Loading view for layer WALL25
08:55:23.011 [FXGL Background Thread 4 ] DEBUG TilesetLoader        - Created buffer with size 640.0x480.0
08:55:23.012 [FXGL Background Thread 4 ] DEBUG TilesetLoader        - Loading view for layer WALL24
08:55:23.012 [FXGL Background Thread 4 ] DEBUG TilesetLoader        - Created buffer with size 640.0x480.0
08:55:23.013 [FXGL Background Thread 4 ] DEBUG TilesetLoader        - Loading view for layer WALL23
08:55:23.013 [FXGL Background Thread 4 ] DEBUG TilesetLoader        - Created buffer with size 640.0x480.0
08:55:23.014 [FXGL Background Thread 4 ] DEBUG TilesetLoader        - Loading view for layer WALL22
08:55:23.014 [FXGL Background Thread 4 ] DEBUG TilesetLoader        - Created buffer with size 640.0x480.0
08:55:23.014 [FXGL Background Thread 4 ] DEBUG TilesetLoader        - Loading view for layer WALL21
08:55:23.015 [FXGL Background Thread 4 ] DEBUG TilesetLoader        - Created buffer with size 640.0x480.0
08:55:23.015 [FXGL Background Thread 4 ] DEBUG TilesetLoader        - Loading view for layer WALL20
08:55:23.016 [FXGL Background Thread 4 ] DEBUG TilesetLoader        - Created buffer with size 640.0x480.0
08:55:23.016 [FXGL Background Thread 4 ] DEBUG TilesetLoader        - Loading view for layer WALL19
08:55:23.016 [FXGL Background Thread 4 ] DEBUG TilesetLoader        - Created buffer with size 640.0x480.0
08:55:23.017 [FXGL Background Thread 4 ] DEBUG TilesetLoader        - Loading view for layer WALL18
08:55:23.017 [FXGL Background Thread 4 ] DEBUG TilesetLoader        - Created buffer with size 640.0x480.0
08:55:23.017 [FXGL Background Thread 4 ] DEBUG TilesetLoader        - Loading view for layer WALL17
08:55:23.018 [FXGL Background Thread 4 ] DEBUG TilesetLoader        - Created buffer with size 640.0x480.0
08:55:23.020 [FXGL Background Thread 4 ] DEBUG TilesetLoader        - Loading view for layer WALL16
08:55:23.021 [FXGL Background Thread 4 ] DEBUG TilesetLoader        - Created buffer with size 640.0x480.0
08:55:23.021 [FXGL Background Thread 4 ] DEBUG TilesetLoader        - Loading view for layer WALL15
08:55:23.022 [FXGL Background Thread 4 ] DEBUG TilesetLoader        - Created buffer with size 640.0x480.0
08:55:23.022 [FXGL Background Thread 4 ] DEBUG TilesetLoader        - Loading view for layer WALL14
08:55:23.024 [FXGL Background Thread 4 ] DEBUG TilesetLoader        - Created buffer with size 640.0x480.0
08:55:23.025 [FXGL Background Thread 4 ] DEBUG TilesetLoader        - Loading view for layer WALL13
08:55:23.025 [FXGL Background Thread 4 ] DEBUG TilesetLoader        - Created buffer with size 640.0x480.0
08:55:23.026 [FXGL Background Thread 4 ] DEBUG TilesetLoader        - Loading view for layer WALL12
08:55:23.026 [FXGL Background Thread 4 ] DEBUG TilesetLoader        - Created buffer with size 640.0x480.0
08:55:23.027 [FXGL Background Thread 4 ] DEBUG TilesetLoader        - Loading view for layer WALL11
08:55:23.027 [FXGL Background Thread 4 ] DEBUG TilesetLoader        - Created buffer with size 640.0x480.0
08:55:23.027 [FXGL Background Thread 4 ] DEBUG TilesetLoader        - Loading view for layer WALL10
08:55:23.028 [FXGL Background Thread 4 ] DEBUG TilesetLoader        - Created buffer with size 640.0x480.0
08:55:23.028 [FXGL Background Thread 4 ] DEBUG TilesetLoader        - Loading view for layer WALL9
08:55:23.029 [FXGL Background Thread 4 ] DEBUG TilesetLoader        - Created buffer with size 640.0x480.0
08:55:23.029 [FXGL Background Thread 4 ] DEBUG TilesetLoader        - Loading view for layer WALL8
08:55:23.029 [FXGL Background Thread 4 ] DEBUG TilesetLoader        - Created buffer with size 640.0x480.0
08:55:23.030 [FXGL Background Thread 4 ] DEBUG TilesetLoader        - Loading view for layer WALL7
08:55:23.030 [FXGL Background Thread 4 ] DEBUG TilesetLoader        - Created buffer with size 640.0x480.0
08:55:23.031 [FXGL Background Thread 4 ] DEBUG TilesetLoader        - Loading view for layer WALL6
08:55:23.032 [FXGL Background Thread 4 ] DEBUG TilesetLoader        - Created buffer with size 640.0x480.0
08:55:23.033 [FXGL Background Thread 4 ] DEBUG TilesetLoader        - Loading view for layer WALL5
08:55:23.034 [FXGL Background Thread 4 ] DEBUG TilesetLoader        - Created buffer with size 640.0x480.0
08:55:23.034 [FXGL Background Thread 4 ] DEBUG TilesetLoader        - Loading view for layer WALL4
08:55:23.034 [FXGL Background Thread 4 ] DEBUG TilesetLoader        - Created buffer with size 640.0x480.0
08:55:23.035 [FXGL Background Thread 4 ] DEBUG TilesetLoader        - Loading view for layer WALL3
08:55:23.038 [FXGL Background Thread 4 ] DEBUG TilesetLoader        - Created buffer with size 640.0x480.0
08:55:23.039 [FXGL Background Thread 4 ] DEBUG TilesetLoader        - Loading view for layer WALL2
08:55:23.039 [FXGL Background Thread 4 ] DEBUG TilesetLoader        - Created buffer with size 640.0x480.0
08:55:23.039 [FXGL Background Thread 4 ] DEBUG TilesetLoader        - Loading view for layer WALL1
08:55:23.040 [FXGL Background Thread 4 ] DEBUG TilesetLoader        - Created buffer with size 640.0x480.0
08:55:23.040 [FXGL Background Thread 4 ] DEBUG TilesetLoader        - Loading view for layer เลเยอร์ไทล์ 2
08:55:23.041 [FXGL Background Thread 4 ] DEBUG TilesetLoader        - Created buffer with size 640.0x480.0
08:55:23.041 [FXGL Background Thread 4 ] DEBUG TilesetLoader        - Loading view for layer เลเยอร์ไทล์ 3
08:55:23.042 [FXGL Background Thread 4 ] DEBUG TilesetLoader        - Created buffer with size 640.0x480.0
08:55:23.042 [FXGL Background Thread 4 ] DEBUG TMXLevelLoader       - Creating object layer entities
08:55:23.064 [FXGL Background Thread 4 ] DEBUG FXGLAssetLoaderServi - Loading from file system: file:/C:/Users/POO/intellij/Bakudun/target/classes/assets/textures/Jim2.png
08:55:23.090 [FXGL Background Thread 4 ] WARN  TMXLevelLoader       - TiledMap generated from 1.11.2. Supported version: 1.9.0. Some features may not be parsed fully.
08:55:23.103 [FXGL Background Thread 4 ] DEBUG TMXLevelLoader       - Parsed TiledMap: file:/C:/Users/POO/intellij/Bakudun/target/classes/assets/levels/Map.tmx
08:55:23.103 [FXGL Background Thread 4 ] DEBUG TMXLevelLoader       - Creating tile layer entities
08:55:23.104 [FXGL Background Thread 4 ] DEBUG TilesetLoader        - Loading view for layer เลเยอร์ไทล์ 1
08:55:23.107 [FXGL Background Thread 4 ] DEBUG TilesetLoader        - Created buffer with size 640.0x480.0
08:55:23.111 [FXGL Background Thread 4 ] WARN  TilesetLoader        - Diagonally flipped tiles are not currently supported
08:55:23.122 [FXGL Background Thread 4 ] WARN  TilesetLoader        - Diagonally flipped tiles are not currently supported
08:55:23.132 [FXGL Background Thread 4 ] DEBUG TilesetLoader        - Loading view for layer WALL48
08:55:23.136 [FXGL Background Thread 4 ] DEBUG TilesetLoader        - Created buffer with size 640.0x480.0
08:55:23.138 [FXGL Background Thread 4 ] DEBUG TilesetLoader        - Loading view for layer WALL47
08:55:23.138 [FXGL Background Thread 4 ] DEBUG TilesetLoader        - Created buffer with size 640.0x480.0
08:55:23.139 [FXGL Background Thread 4 ] DEBUG TilesetLoader        - Loading view for layer WALL46
08:55:23.139 [FXGL Background Thread 4 ] DEBUG TilesetLoader        - Created buffer with size 640.0x480.0
08:55:23.140 [FXGL Background Thread 4 ] DEBUG TilesetLoader        - Loading view for layer WALL45
08:55:23.141 [FXGL Background Thread 4 ] DEBUG TilesetLoader        - Created buffer with size 640.0x480.0
08:55:23.141 [FXGL Background Thread 4 ] DEBUG TilesetLoader        - Loading view for layer WALL44
08:55:23.142 [FXGL Background Thread 4 ] DEBUG TilesetLoader        - Created buffer with size 640.0x480.0
08:55:23.142 [FXGL Background Thread 4 ] DEBUG TilesetLoader        - Loading view for layer WALL43
08:55:23.143 [FXGL Background Thread 4 ] DEBUG TilesetLoader        - Created buffer with size 640.0x480.0
08:55:23.145 [FXGL Background Thread 4 ] DEBUG TilesetLoader        - Loading view for layer WALL42
08:55:23.146 [FXGL Background Thread 4 ] DEBUG TilesetLoader        - Created buffer with size 640.0x480.0
08:55:23.147 [FXGL Background Thread 4 ] DEBUG TilesetLoader        - Loading view for layer WALL41
08:55:23.149 [FXGL Background Thread 4 ] DEBUG TilesetLoader        - Created buffer with size 640.0x480.0
08:55:23.149 [FXGL Background Thread 4 ] DEBUG TilesetLoader        - Loading view for layer WALL40
08:55:23.153 [FXGL Background Thread 4 ] DEBUG TilesetLoader        - Created buffer with size 640.0x480.0
08:55:23.155 [FXGL Background Thread 4 ] DEBUG TilesetLoader        - Loading view for layer WALL39
08:55:23.156 [FXGL Background Thread 4 ] DEBUG TilesetLoader        - Created buffer with size 640.0x480.0
08:55:23.157 [FXGL Background Thread 4 ] DEBUG TilesetLoader        - Loading view for layer WALL38
08:55:23.157 [FXGL Background Thread 4 ] DEBUG TilesetLoader        - Created buffer with size 640.0x480.0
08:55:23.157 [FXGL Background Thread 4 ] DEBUG TilesetLoader        - Loading view for layer WALL37
08:55:23.158 [FXGL Background Thread 4 ] DEBUG TilesetLoader        - Created buffer with size 640.0x480.0
08:55:23.158 [FXGL Background Thread 4 ] DEBUG TilesetLoader        - Loading view for layer WALL36
08:55:23.159 [FXGL Background Thread 4 ] DEBUG TilesetLoader        - Created buffer with size 640.0x480.0
08:55:23.159 [FXGL Background Thread 4 ] DEBUG TilesetLoader        - Loading view for layer WALL35
08:55:23.160 [FXGL Background Thread 4 ] DEBUG TilesetLoader        - Created buffer with size 640.0x480.0
08:55:23.162 [FXGL Background Thread 4 ] DEBUG TilesetLoader        - Loading view for layer WALL34
08:55:23.163 [FXGL Background Thread 4 ] DEBUG TilesetLoader        - Created buffer with size 640.0x480.0
08:55:23.163 [FXGL Background Thread 4 ] DEBUG TilesetLoader        - Loading view for layer WALL33
08:55:23.164 [FXGL Background Thread 4 ] DEBUG TilesetLoader        - Created buffer with size 640.0x480.0
08:55:23.165 [FXGL Background Thread 4 ] DEBUG TilesetLoader        - Loading view for layer WALL32
08:55:23.169 [FXGL Background Thread 4 ] DEBUG TilesetLoader        - Created buffer with size 640.0x480.0
08:55:23.170 [FXGL Background Thread 4 ] DEBUG TilesetLoader        - Loading view for layer WALL31
08:55:23.171 [FXGL Background Thread 4 ] DEBUG TilesetLoader        - Created buffer with size 640.0x480.0
08:55:23.172 [FXGL Background Thread 4 ] DEBUG TilesetLoader        - Loading view for layer WALL30
08:55:23.173 [FXGL Background Thread 4 ] DEBUG TilesetLoader        - Created buffer with size 640.0x480.0
08:55:23.174 [FXGL Background Thread 4 ] DEBUG TilesetLoader        - Loading view for layer WALL29
08:55:23.175 [FXGL Background Thread 4 ] DEBUG TilesetLoader        - Created buffer with size 640.0x480.0
08:55:23.175 [FXGL Background Thread 4 ] DEBUG TilesetLoader        - Loading view for layer WALL28
08:55:23.176 [FXGL Background Thread 4 ] DEBUG TilesetLoader        - Created buffer with size 640.0x480.0
08:55:23.179 [FXGL Background Thread 4 ] DEBUG TilesetLoader        - Loading view for layer WALL27
08:55:23.179 [FXGL Background Thread 4 ] DEBUG TilesetLoader        - Created buffer with size 640.0x480.0
08:55:23.180 [FXGL Background Thread 4 ] DEBUG TilesetLoader        - Loading view for layer WALL26
08:55:23.180 [FXGL Background Thread 4 ] DEBUG TilesetLoader        - Created buffer with size 640.0x480.0
08:55:23.181 [FXGL Background Thread 4 ] DEBUG TilesetLoader        - Loading view for layer WALL25
08:55:23.186 [FXGL Background Thread 4 ] DEBUG TilesetLoader        - Created buffer with size 640.0x480.0
08:55:23.187 [FXGL Background Thread 4 ] DEBUG TilesetLoader        - Loading view for layer WALL24
08:55:23.188 [FXGL Background Thread 4 ] DEBUG TilesetLoader        - Created buffer with size 640.0x480.0
08:55:23.189 [FXGL Background Thread 4 ] DEBUG TilesetLoader        - Loading view for layer WALL23
08:55:23.189 [FXGL Background Thread 4 ] DEBUG TilesetLoader        - Created buffer with size 640.0x480.0
08:55:23.190 [FXGL Background Thread 4 ] DEBUG TilesetLoader        - Loading view for layer WALL22
08:55:23.191 [FXGL Background Thread 4 ] DEBUG TilesetLoader        - Created buffer with size 640.0x480.0
08:55:23.191 [FXGL Background Thread 4 ] DEBUG TilesetLoader        - Loading view for layer WALL21
08:55:23.192 [FXGL Background Thread 4 ] DEBUG TilesetLoader        - Created buffer with size 640.0x480.0
08:55:23.192 [FXGL Background Thread 4 ] DEBUG TilesetLoader        - Loading view for layer WALL20
08:55:23.193 [FXGL Background Thread 4 ] DEBUG TilesetLoader        - Created buffer with size 640.0x480.0
08:55:23.195 [FXGL Background Thread 4 ] DEBUG TilesetLoader        - Loading view for layer WALL19
08:55:23.195 [FXGL Background Thread 4 ] DEBUG TilesetLoader        - Created buffer with size 640.0x480.0
08:55:23.196 [FXGL Background Thread 4 ] DEBUG TilesetLoader        - Loading view for layer WALL18
08:55:23.201 [FXGL Background Thread 4 ] DEBUG TilesetLoader        - Created buffer with size 640.0x480.0
08:55:23.202 [FXGL Background Thread 4 ] DEBUG TilesetLoader        - Loading view for layer WALL17
08:55:23.203 [FXGL Background Thread 4 ] DEBUG TilesetLoader        - Created buffer with size 640.0x480.0
08:55:23.203 [FXGL Background Thread 4 ] DEBUG TilesetLoader        - Loading view for layer WALL16
08:55:23.204 [FXGL Background Thread 4 ] DEBUG TilesetLoader        - Created buffer with size 640.0x480.0
08:55:23.204 [FXGL Background Thread 4 ] DEBUG TilesetLoader        - Loading view for layer WALL15
08:55:23.205 [FXGL Background Thread 4 ] DEBUG TilesetLoader        - Created buffer with size 640.0x480.0
08:55:23.205 [FXGL Background Thread 4 ] DEBUG TilesetLoader        - Loading view for layer WALL14
08:55:23.206 [FXGL Background Thread 4 ] DEBUG TilesetLoader        - Created buffer with size 640.0x480.0
08:55:23.206 [FXGL Background Thread 4 ] DEBUG TilesetLoader        - Loading view for layer WALL13
08:55:23.207 [FXGL Background Thread 4 ] DEBUG TilesetLoader        - Created buffer with size 640.0x480.0
08:55:23.207 [FXGL Background Thread 4 ] DEBUG TilesetLoader        - Loading view for layer WALL12
08:55:23.207 [FXGL Background Thread 4 ] DEBUG TilesetLoader        - Created buffer with size 640.0x480.0
08:55:23.209 [FXGL Background Thread 4 ] DEBUG TilesetLoader        - Loading view for layer WALL11
08:55:23.210 [FXGL Background Thread 4 ] DEBUG TilesetLoader        - Created buffer with size 640.0x480.0
08:55:23.211 [FXGL Background Thread 4 ] DEBUG TilesetLoader        - Loading view for layer WALL10
08:55:23.211 [FXGL Background Thread 4 ] DEBUG TilesetLoader        - Created buffer with size 640.0x480.0
08:55:23.212 [FXGL Background Thread 4 ] DEBUG TilesetLoader        - Loading view for layer WALL9
08:55:23.212 [FXGL Background Thread 4 ] DEBUG TilesetLoader        - Created buffer with size 640.0x480.0
08:55:23.213 [FXGL Background Thread 4 ] DEBUG TilesetLoader        - Loading view for layer WALL8
08:55:23.217 [FXGL Background Thread 4 ] DEBUG TilesetLoader        - Created buffer with size 640.0x480.0
08:55:23.218 [FXGL Background Thread 4 ] DEBUG TilesetLoader        - Loading view for layer WALL7
08:55:23.219 [FXGL Background Thread 4 ] DEBUG TilesetLoader        - Created buffer with size 640.0x480.0
08:55:23.219 [FXGL Background Thread 4 ] DEBUG TilesetLoader        - Loading view for layer WALL6
08:55:23.219 [FXGL Background Thread 4 ] DEBUG TilesetLoader        - Created buffer with size 640.0x480.0
08:55:23.219 [FXGL Background Thread 4 ] DEBUG TilesetLoader        - Loading view for layer WALL5
08:55:23.219 [FXGL Background Thread 4 ] DEBUG TilesetLoader        - Created buffer with size 640.0x480.0
08:55:23.219 [FXGL Background Thread 4 ] DEBUG TilesetLoader        - Loading view for layer WALL4
08:55:23.221 [FXGL Background Thread 4 ] DEBUG TilesetLoader        - Created buffer with size 640.0x480.0
08:55:23.221 [FXGL Background Thread 4 ] DEBUG TilesetLoader        - Loading view for layer WALL3
08:55:23.221 [FXGL Background Thread 4 ] DEBUG TilesetLoader        - Created buffer with size 640.0x480.0
08:55:23.221 [FXGL Background Thread 4 ] DEBUG TilesetLoader        - Loading view for layer WALL2
08:55:23.222 [FXGL Background Thread 4 ] DEBUG TilesetLoader        - Created buffer with size 640.0x480.0
08:55:23.222 [FXGL Background Thread 4 ] DEBUG TilesetLoader        - Loading view for layer WALL1
08:55:23.222 [FXGL Background Thread 4 ] DEBUG TilesetLoader        - Created buffer with size 640.0x480.0
08:55:23.222 [FXGL Background Thread 4 ] DEBUG TilesetLoader        - Loading view for layer เลเยอร์ไทล์ 2
08:55:23.222 [FXGL Background Thread 4 ] DEBUG TilesetLoader        - Created buffer with size 640.0x480.0
08:55:23.223 [FXGL Background Thread 4 ] DEBUG TilesetLoader        - Loading view for layer เลเยอร์ไทล์ 3
08:55:23.224 [FXGL Background Thread 4 ] DEBUG TilesetLoader        - Created buffer with size 640.0x480.0
08:55:23.224 [FXGL Background Thread 4 ] DEBUG TMXLevelLoader       - Creating object layer entities
08:55:23.239 [FXGL Background Thread 4 ] DEBUG GameWorld            - Clearing removable entities
08:55:23.240 [FXGL Background Thread 4 ] DEBUG GameWorld            - Setting level: com.almasb.fxgl.entity.level.Level@4b35ef5d
08:55:23.253 [FXGL Background Thread 4 ] INFO  FXGLApplication      - Game initialization took: 0.400 sec
08:55:23.289 [JavaFX Application Thread] DEBUG Input                - Clearing active input actions
08:55:23.298 [JavaFX Application Thread] DEBUG GameApplicationServi - Removing overlay from FXGLLoadingScene and adding to GameScene
08:55:23.302 [JavaFX Application Thread] DEBUG PrimaryStageWindow   - FXGLLoadingScene -> GameScene
08:55:24.435 [JavaFX Application Thread] WARN  Entity               - Entity already has component: com.almasb.fxgl.physics.PhysicsComponent
08:55:24.438 [JavaFX Application Thread] DEBUG FXGLAssetLoaderServi - Loading from file system: file:/C:/Users/POO/intellij/Bakudun/target/classes/assets/textures/bombball.png
08:55:24.439 [JavaFX Application Thread] DEBUG FXGLAssetLoaderServi - Loading from file system: file:/C:/Users/POO/intellij/Bakudun/target/classes/assets/textures/bombblast.png
08:55:24.733 [JavaFX Application Thread] WARN  Entity               - Entity already has component: com.almasb.fxgl.physics.PhysicsComponent
08:55:25.122 [JavaFX Application Thread] WARN  Entity               - Entity already has component: com.almasb.fxgl.physics.PhysicsComponent
08:55:25.755 [FXGL Background Thread 3 ] DEBUG Engine               - Logging environment variables
08:55:25.755 [FXGL Background Thread 3 ] DEBUG Engine               - achievements: []
08:55:25.755 [FXGL Background Thread 3 ] DEBUG Engine               - actualHeight: 480.0
08:55:25.756 [FXGL Background Thread 3 ] DEBUG Engine               - actualHeightProperty: ReadOnlyDoubleProperty [value: 480.0]
08:55:25.756 [FXGL Background Thread 3 ] DEBUG Engine               - actualWidth: 640.0
08:55:25.756 [FXGL Background Thread 3 ] DEBUG Engine               - actualWidthProperty: ReadOnlyDoubleProperty [value: 640.0]
08:55:25.756 [FXGL Background Thread 3 ] DEBUG Engine               - appIcon: fxgl_icon.png
08:55:25.756 [FXGL Background Thread 3 ] DEBUG Engine               - applicationMode: DEVELOPER
08:55:25.756 [FXGL Background Thread 3 ] DEBUG Engine               - cSSList: [fxgl_dark.css]
08:55:25.756 [FXGL Background Thread 3 ] DEBUG Engine               - collisionDetectionStrategy: BRUTE_FORCE
08:55:25.756 [FXGL Background Thread 3 ] DEBUG Engine               - configClass: Optional.empty
08:55:25.756 [FXGL Background Thread 3 ] DEBUG Engine               - credits: []
08:55:25.756 [FXGL Background Thread 3 ] DEBUG Engine               - defaultCursor: CursorInfo(imageName=fxgl_default_cursor.png, hotspotX=7.0, hotspotY=6.0)
08:55:25.757 [FXGL Background Thread 3 ] DEBUG Engine               - devBBoxColorProperty: ObjectProperty [value: 0xff0000ff]
08:55:25.757 [FXGL Background Thread 3 ] DEBUG Engine               - devEnableDebugCameraProperty: BooleanProperty [value: false]
08:55:25.757 [FXGL Background Thread 3 ] DEBUG Engine               - devSensorColorProperty: ObjectProperty [value: 0xffff00ff]
08:55:25.757 [FXGL Background Thread 3 ] DEBUG Engine               - devShowBBoxProperty: BooleanProperty [value: false]
08:55:25.757 [FXGL Background Thread 3 ] DEBUG Engine               - devShowPositionProperty: BooleanProperty [value: false]
08:55:25.757 [FXGL Background Thread 3 ] DEBUG Engine               - enabledMenuItems: []
08:55:25.757 [FXGL Background Thread 3 ] DEBUG Engine               - engineServices: [class com.almasb.fxgl.app.services.FXGLAssetLoaderService, class com.almasb.fxgl.app.FXGLApplication$GameApplicationService, class com.almasb.fxgl.app.services.FXGLDialogService, class com.almasb.fxgl.app.services.IOTaskExecutorService, class com.almasb.fxgl.io.FileSystemService, class com.almasb.fxgl.localization.LocalizationService, class com.almasb.fxgl.app.services.SystemBundleService, class com.almasb.fxgl.profile.SaveLoadService, class com.almasb.fxgl.ui.FXGLUIFactoryServiceProvider, class com.almasb.fxgl.ui.FXGLDialogFactoryServiceProvider, class com.almasb.fxgl.audio.AudioPlayer, class com.almasb.fxgl.notification.impl.NotificationServiceProvider, class com.almasb.fxgl.achievement.AchievementService, class com.almasb.fxgl.cutscene.CutsceneService, class com.almasb.fxgl.minigames.MiniGameService, class com.almasb.fxgl.net.NetService, class com.almasb.fxgl.app.services.UpdaterService, class com.almasb.fxgl.dev.DevService]
08:55:25.757 [FXGL Background Thread 3 ] DEBUG Engine               - fontGame: Abel-Regular.ttf
08:55:25.757 [FXGL Background Thread 3 ] DEBUG Engine               - fontMono: TerminalLandMono-Regular.otf
08:55:25.757 [FXGL Background Thread 3 ] DEBUG Engine               - fontSizeScaleUI: 1.0
08:55:25.757 [FXGL Background Thread 3 ] DEBUG Engine               - fontText: Courier-Prime.ttf
08:55:25.757 [FXGL Background Thread 3 ] DEBUG Engine               - fontUI: VarelaRound-Regular.ttf
08:55:25.757 [FXGL Background Thread 3 ] DEBUG Engine               - fullScreen: BooleanProperty [value: false]
08:55:25.757 [FXGL Background Thread 3 ] DEBUG Engine               - gameDifficulty: MEDIUM
08:55:25.757 [FXGL Background Thread 3 ] DEBUG Engine               - gameDifficultyProperty: ObjectProperty [value: MEDIUM]
08:55:25.757 [FXGL Background Thread 3 ] DEBUG Engine               - globalMusicVolume: 0.5
08:55:25.757 [FXGL Background Thread 3 ] DEBUG Engine               - globalMusicVolumeProperty: DoubleProperty [value: 0.5]
08:55:25.757 [FXGL Background Thread 3 ] DEBUG Engine               - globalSoundVolume: 0.5
08:55:25.757 [FXGL Background Thread 3 ] DEBUG Engine               - globalSoundVolumeProperty: DoubleProperty [value: 0.5]
08:55:25.757 [FXGL Background Thread 3 ] DEBUG Engine               - height: 480
08:55:25.758 [FXGL Background Thread 3 ] DEBUG Engine               - is3D: false
08:55:25.758 [FXGL Background Thread 3 ] DEBUG Engine               - isAndroid: false
08:55:25.758 [FXGL Background Thread 3 ] DEBUG Engine               - isBrowser: false
08:55:25.758 [FXGL Background Thread 3 ] DEBUG Engine               - isClickFeedbackEnabled: false
08:55:25.758 [FXGL Background Thread 3 ] DEBUG Engine               - isCloseConfirmation: false
08:55:25.758 [FXGL Background Thread 3 ] DEBUG Engine               - isDesktop: true
08:55:25.758 [FXGL Background Thread 3 ] DEBUG Engine               - isDeveloperMenuEnabled: true
08:55:25.758 [FXGL Background Thread 3 ] DEBUG Engine               - isEmbedded: false
08:55:25.758 [FXGL Background Thread 3 ] DEBUG Engine               - isEntityPreloadEnabled: true
08:55:25.758 [FXGL Background Thread 3 ] DEBUG Engine               - isExperimentalTiledLargeMap: false
08:55:25.758 [FXGL Background Thread 3 ] DEBUG Engine               - isFileSystemWriteAllowed: true
08:55:25.758 [FXGL Background Thread 3 ] DEBUG Engine               - isFullScreenAllowed: false
08:55:25.758 [FXGL Background Thread 3 ] DEBUG Engine               - isFullScreenFromStart: false
08:55:25.758 [FXGL Background Thread 3 ] DEBUG Engine               - isGameMenuEnabled: true
08:55:25.758 [FXGL Background Thread 3 ] DEBUG Engine               - isIOS: false
08:55:25.758 [FXGL Background Thread 3 ] DEBUG Engine               - isIntroEnabled: false
08:55:25.758 [FXGL Background Thread 3 ] DEBUG Engine               - isLinux: false
08:55:25.758 [FXGL Background Thread 3 ] DEBUG Engine               - isMac: false
08:55:25.758 [FXGL Background Thread 3 ] DEBUG Engine               - isMainMenuEnabled: false
08:55:25.758 [FXGL Background Thread 3 ] DEBUG Engine               - isManualResizeEnabled: false
08:55:25.758 [FXGL Background Thread 3 ] DEBUG Engine               - isMobile: false
08:55:25.758 [FXGL Background Thread 3 ] DEBUG Engine               - isNative: false
08:55:25.758 [FXGL Background Thread 3 ] DEBUG Engine               - isPauseMusicWhenMinimized: true
08:55:25.758 [FXGL Background Thread 3 ] DEBUG Engine               - isPreserveResizeRatio: false
08:55:25.758 [FXGL Background Thread 3 ] DEBUG Engine               - isProfilingEnabled: false
08:55:25.758 [FXGL Background Thread 3 ] DEBUG Engine               - isScaleAffectedOnResize: true
08:55:25.758 [FXGL Background Thread 3 ] DEBUG Engine               - isSingleStep: false
08:55:25.759 [FXGL Background Thread 3 ] DEBUG Engine               - isUserProfileEnabled: false
08:55:25.759 [FXGL Background Thread 3 ] DEBUG Engine               - isWindows: true
08:55:25.759 [FXGL Background Thread 3 ] DEBUG Engine               - language: ObjectProperty [value: ENGLISH]
08:55:25.759 [FXGL Background Thread 3 ] DEBUG Engine               - menuKey: ESCAPE
08:55:25.759 [FXGL Background Thread 3 ] DEBUG Engine               - mouseSensitivity: 0.2
08:55:25.759 [FXGL Background Thread 3 ] DEBUG Engine               - notificationViewClass: class com.almasb.fxgl.notification.view.XboxNotificationView
08:55:25.759 [FXGL Background Thread 3 ] DEBUG Engine               - pixelsPerMeter: 50.0
08:55:25.759 [FXGL Background Thread 3 ] DEBUG Engine               - platform: WINDOWS
08:55:25.759 [FXGL Background Thread 3 ] DEBUG Engine               - prefHeightProperty: ReadOnlyDoubleProperty [value: 480.0]
08:55:25.759 [FXGL Background Thread 3 ] DEBUG Engine               - prefWidthProperty: ReadOnlyDoubleProperty [value: 640.0]
08:55:25.759 [FXGL Background Thread 3 ] DEBUG Engine               - profileDir: profiles/
08:55:25.759 [FXGL Background Thread 3 ] DEBUG Engine               - profileName: StringProperty [value: DEFAULT]
08:55:25.759 [FXGL Background Thread 3 ] DEBUG Engine               - randomSeed: -1
08:55:25.759 [FXGL Background Thread 3 ] DEBUG Engine               - runtimeInfo: RuntimeInfo(platform=WINDOWS, version=21.1, build=27.03.2024 07.52)
08:55:25.759 [FXGL Background Thread 3 ] DEBUG Engine               - saveFileExt: sav
08:55:25.760 [FXGL Background Thread 3 ] DEBUG Engine               - scaledHeightProp$fxgl: DoubleProperty [bound, value: 480.0]
08:55:25.760 [FXGL Background Thread 3 ] DEBUG Engine               - scaledWidthProp$fxgl: DoubleProperty [bound, value: 640.0]
08:55:25.760 [FXGL Background Thread 3 ] DEBUG Engine               - sceneFactory: com.almasb.fxgl.app.scene.SceneFactory@2411a4f2
08:55:25.760 [FXGL Background Thread 3 ] DEBUG Engine               - secondsIn24h: 60
08:55:25.760 [FXGL Background Thread 3 ] DEBUG Engine               - soundMenuBack: menu/back.wav
08:55:25.760 [FXGL Background Thread 3 ] DEBUG Engine               - soundMenuPress: menu/press.wav
08:55:25.760 [FXGL Background Thread 3 ] DEBUG Engine               - soundMenuSelect: menu/select.wav
08:55:25.760 [FXGL Background Thread 3 ] DEBUG Engine               - soundNotification: core/notification.wav
08:55:25.760 [FXGL Background Thread 3 ] DEBUG Engine               - stageStyle: DECORATED
08:55:25.760 [FXGL Background Thread 3 ] DEBUG Engine               - supportedLanguages: [ENGLISH, FRENCH, GERMAN, HUNGARIAN, RUSSIAN]
08:55:25.760 [FXGL Background Thread 3 ] DEBUG Engine               - ticksPerSecond: -1
08:55:25.760 [FXGL Background Thread 3 ] DEBUG Engine               - title: BomberMan
08:55:25.760 [FXGL Background Thread 3 ] DEBUG Engine               - urlGithub: https://github.com/AlmasB/FXGL
08:55:25.760 [FXGL Background Thread 3 ] DEBUG Engine               - urlLeaderboard: http://fxgl-top.herokuapp.com/
08:55:25.760 [FXGL Background Thread 3 ] DEBUG Engine               - urlPOM: https://raw.githubusercontent.com/AlmasB/FXGL/release/README.md
08:55:25.760 [FXGL Background Thread 3 ] DEBUG Engine               - userAppClass: class me.pooh.bakudun.App
08:55:25.760 [FXGL Background Thread 3 ] DEBUG Engine               - version: 0.1
08:55:25.760 [FXGL Background Thread 3 ] DEBUG Engine               - versionCheckDays: 7
08:55:25.760 [FXGL Background Thread 3 ] DEBUG Engine               - width: 640
08:55:25.760 [FXGL Background Thread 3 ] DEBUG Engine               - Logging services
08:55:25.760 [FXGL Background Thread 3 ] DEBUG Engine               - class com.almasb.fxgl.app.services.FXGLAssetLoaderService
08:55:25.760 [FXGL Background Thread 3 ] DEBUG Engine               - class com.almasb.fxgl.app.FXGLApplication$GameApplicationService
08:55:25.760 [FXGL Background Thread 3 ] DEBUG Engine               - class com.almasb.fxgl.app.services.FXGLDialogService
08:55:25.760 [FXGL Background Thread 3 ] DEBUG Engine               - class com.almasb.fxgl.app.services.IOTaskExecutorService
08:55:25.760 [FXGL Background Thread 3 ] DEBUG Engine               - class com.almasb.fxgl.io.FileSystemService
08:55:25.760 [FXGL Background Thread 3 ] DEBUG Engine               - class com.almasb.fxgl.localization.LocalizationService
08:55:25.760 [FXGL Background Thread 3 ] DEBUG Engine               - class com.almasb.fxgl.app.services.SystemBundleService
08:55:25.760 [FXGL Background Thread 3 ] DEBUG Engine               - class com.almasb.fxgl.profile.SaveLoadService
08:55:25.760 [FXGL Background Thread 3 ] DEBUG Engine               - class com.almasb.fxgl.ui.FXGLUIFactoryServiceProvider
08:55:25.760 [FXGL Background Thread 3 ] DEBUG Engine               - class com.almasb.fxgl.ui.FXGLDialogFactoryServiceProvider
08:55:25.760 [FXGL Background Thread 3 ] DEBUG Engine               - class com.almasb.fxgl.audio.AudioPlayer
08:55:25.760 [FXGL Background Thread 3 ] DEBUG Engine               - class com.almasb.fxgl.notification.impl.NotificationServiceProvider
08:55:25.760 [FXGL Background Thread 3 ] DEBUG Engine               - class com.almasb.fxgl.achievement.AchievementService
08:55:25.760 [FXGL Background Thread 3 ] DEBUG Engine               - class com.almasb.fxgl.cutscene.CutsceneService
08:55:25.760 [FXGL Background Thread 3 ] DEBUG Engine               - class com.almasb.fxgl.minigames.MiniGameService
08:55:25.760 [FXGL Background Thread 3 ] DEBUG Engine               - class com.almasb.fxgl.net.NetService
08:55:25.760 [FXGL Background Thread 3 ] DEBUG Engine               - class com.almasb.fxgl.app.services.UpdaterService
08:55:25.761 [FXGL Background Thread 3 ] DEBUG Engine               - class com.almasb.fxgl.dev.DevService
08:55:28.094 [JavaFX Application Thread] WARN  Entity               - Entity already has component: com.almasb.fxgl.physics.PhysicsComponent
08:55:28.323 [JavaFX Application Thread] WARN  Entity               - Entity already has component: com.almasb.fxgl.physics.PhysicsComponent
08:55:28.585 [JavaFX Application Thread] WARN  Entity               - Entity already has component: com.almasb.fxgl.physics.PhysicsComponent
08:55:31.804 [JavaFX Application Thread] WARN  Entity               - Entity already has component: com.almasb.fxgl.physics.PhysicsComponent
08:55:32.013 [JavaFX Application Thread] WARN  Entity               - Entity already has component: com.almasb.fxgl.physics.PhysicsComponent
08:55:32.265 [JavaFX Application Thread] WARN  Entity               - Entity already has component: com.almasb.fxgl.physics.PhysicsComponent
08:55:35.557 [JavaFX Application Thread] WARN  Entity               - Entity already has component: com.almasb.fxgl.physics.PhysicsComponent
08:55:35.759 [JavaFX Application Thread] WARN  Entity               - Entity already has component: com.almasb.fxgl.physics.PhysicsComponent
08:55:36.161 [JavaFX Application Thread] WARN  Entity               - Entity already has component: com.almasb.fxgl.physics.PhysicsComponent
08:55:42.107 [JavaFX Application Thread] WARN  Entity               - Entity already has component: com.almasb.fxgl.physics.PhysicsComponent
08:55:42.345 [JavaFX Application Thread] WARN  Entity               - Entity already has component: com.almasb.fxgl.physics.PhysicsComponent
08:55:42.569 [JavaFX Application Thread] WARN  Entity               - Entity already has component: com.almasb.fxgl.physics.PhysicsComponent
08:55:46.620 [JavaFX Application Thread] WARN  Entity               - Entity already has component: com.almasb.fxgl.physics.PhysicsComponent
08:55:46.893 [JavaFX Application Thread] WARN  Entity               - Entity already has component: com.almasb.fxgl.physics.PhysicsComponent
08:55:47.120 [JavaFX Application Thread] WARN  Entity               - Entity already has component: com.almasb.fxgl.physics.PhysicsComponent
08:55:50.721 [JavaFX Application Thread] WARN  Entity               - Entity already has component: com.almasb.fxgl.physics.PhysicsComponent
08:55:50.988 [JavaFX Application Thread] WARN  Entity               - Entity already has component: com.almasb.fxgl.physics.PhysicsComponent
08:55:51.212 [JavaFX Application Thread] WARN  Entity               - Entity already has component: com.almasb.fxgl.physics.PhysicsComponent
08:55:55.575 [JavaFX Application Thread] WARN  Entity               - Entity already has component: com.almasb.fxgl.physics.PhysicsComponent
08:55:55.831 [JavaFX Application Thread] WARN  Entity               - Entity already has component: com.almasb.fxgl.physics.PhysicsComponent
08:55:56.018 [JavaFX Application Thread] WARN  Entity               - Entity already has component: com.almasb.fxgl.physics.PhysicsComponent
08:55:59.219 [JavaFX Application Thread] WARN  Entity               - Entity already has component: com.almasb.fxgl.physics.PhysicsComponent
08:55:59.452 [JavaFX Application Thread] WARN  Entity               - Entity already has component: com.almasb.fxgl.physics.PhysicsComponent
08:55:59.664 [JavaFX Application Thread] WARN  Entity               - Entity already has component: com.almasb.fxgl.physics.PhysicsComponent
08:56:03.289 [JavaFX Application Thread] WARN  Entity               - Entity already has component: com.almasb.fxgl.physics.PhysicsComponent
08:56:03.547 [JavaFX Application Thread] WARN  Entity               - Entity already has component: com.almasb.fxgl.physics.PhysicsComponent
08:56:03.740 [JavaFX Application Thread] WARN  Entity               - Entity already has component: com.almasb.fxgl.physics.PhysicsComponent
08:56:07.403 [JavaFX Application Thread] WARN  Entity               - Entity already has component: com.almasb.fxgl.physics.PhysicsComponent
08:56:07.635 [JavaFX Application Thread] WARN  Entity               - Entity already has component: com.almasb.fxgl.physics.PhysicsComponent
08:56:16.116 [JavaFX Application Thread] DEBUG FXGLApplication      - Exiting FXGL
08:56:16.116 [JavaFX Application Thread] DEBUG LoopRunner           - Stopping loop
08:56:16.116 [JavaFX Application Thread] DEBUG SystemBundleService  - Saving FXGL system data
08:56:16.118 [JavaFX Application Thread] DEBUG FileSystemAccess     - Writing to: C:\Users\POO\intellij\Bakudun\system\fxgl.bundle
08:56:16.120 [JavaFX Application Thread] DEBUG Async                - Shutting down background threads
08:56:16.120 [JavaFX Application Thread] DEBUG PrimaryStageWindow   - Closing main window
08:56:16.134 [JavaFX Application Thread] DEBUG Logger               - Closing Logger
