14:13:44.934 [main                     ] DEBUG Logger               - Configured Logger
14:13:44.957 [main                     ] DEBUG GameApplication      - Logging settings
Title: BomberMan
Version: 0.1
Width: 640
Height: 480
Fullscreen: false
Intro: false
Profiling: false
Single step:false
App Mode: DEVELOPER
Menu Key: ESCAPE
Stage Style: DECORATED
Scene Factory: class com.almasb.fxgl.app.scene.SceneFactory

14:13:45.623 [JavaFX Application Thread] DEBUG FXGLApplication      - Initializing FXGL
14:13:45.626 [JavaFX Application Thread] INFO  Engine               - FXGL-21.1 (27.03.2024 07.52) on WINDOWS (J:21.0.2 FX:21.0.1)
14:13:45.626 [JavaFX Application Thread] DEBUG Engine               - JRE Vendor Name: Eclipse Adoptium
14:13:45.626 [JavaFX Application Thread] DEBUG Engine               - Running on OS: Windows 11 version 10.0
14:13:45.626 [JavaFX Application Thread] DEBUG Engine               - Architecture: amd64
14:13:45.626 [JavaFX Application Thread] INFO  Engine               - Source code and latest versions at: https://github.com/AlmasB/FXGL
14:13:45.626 [JavaFX Application Thread] INFO  Engine               -       Ask questions and discuss at: https://github.com/AlmasB/FXGL/discussions
14:13:45.627 [JavaFX Application Thread] INFO  Engine               -              Join the FXGL chat at: https://gitter.im/AlmasB/FXGL
14:13:45.718 [JavaFX Application Thread] DEBUG PrimaryStageWindow   - Creating a JavaFX scene
14:13:45.763 [JavaFX Application Thread] DEBUG PrimaryStageWindow   - Target settings size: 640.0 x 480.0
14:13:45.763 [JavaFX Application Thread] DEBUG PrimaryStageWindow   - Scaled scene size:    640.0 x 480.0
14:13:45.763 [JavaFX Application Thread] DEBUG PrimaryStageWindow   - Scaled ratio: (1.0, 1.0)
14:13:45.764 [JavaFX Application Thread] DEBUG PrimaryStageWindow   - Set initial scene to FXGLStartupScene
14:13:45.767 [JavaFX Application Thread] DEBUG PrimaryStageWindow   - Opening main window
14:13:45.856 [JavaFX Application Thread] DEBUG PrimaryStageWindow   - Window border size: (14.4000244140625, 37.5999755859375)
14:13:45.857 [JavaFX Application Thread] DEBUG PrimaryStageWindow   - Scaled size: 640.0 x 480.0
14:13:45.857 [JavaFX Application Thread] DEBUG PrimaryStageWindow   - Scaled ratio: (1.0, 1.0)
14:13:45.857 [JavaFX Application Thread] DEBUG PrimaryStageWindow   - Scene size: 640.0 x 480.0
14:13:45.857 [JavaFX Application Thread] DEBUG PrimaryStageWindow   - Stage size: 654.4000244140625 x 517.5999755859375
14:13:45.864 [FXGL Background Thread 1 ] DEBUG Engine               - Initializing environment variables
14:13:45.922 [FXGL Background Thread 1 ] DEBUG FXGLAssetLoaderServi - User app class for loading assets: class me.pooh.bakudun.App
14:13:45.922 [FXGL Background Thread 1 ] DEBUG GameApplicationServi - Applying CSS: fxgl_dark.css
14:13:45.924 [FXGL Background Thread 1 ] DEBUG FXGLAssetLoaderServi - Loading from file system: jar:file:///C:/Users/POO/.m2/repository/com/github/almasb/fxgl/21.1/fxgl-21.1.jar!/fxglassets/ui/css/fxgl_dark.css
14:13:45.962 [FXGL Background Thread 1 ] DEBUG GameApplicationServi - Initializing application scenes
14:13:46.001 [FXGL Background Thread 1 ] DEBUG GameWorld            - Game world initialized
14:13:46.063 [FXGL Background Thread 1 ] DEBUG PhysicsWorld         - Physics world initialized: appHeight=480, physics.ppm=50.0
14:13:46.064 [FXGL Background Thread 1 ] DEBUG PhysicsWorld         - Using strategy: BRUTE_FORCE
14:13:46.067 [FXGL Background Thread 1 ] DEBUG GameScene            - Game scene initialized: 640x480
14:13:46.077 [FXGL Background Thread 1 ] WARN  FXGL.DefaultMenu     - FXGLDefaultMenu is not designed for resolutions < 800x600
14:13:46.077 [FXGL Background Thread 1 ] DEBUG FXGL.DefaultMenu     - createMenuBodyGameMenu()
14:13:46.090 [FXGL Background Thread 1 ] DEBUG FXGL.DefaultMenu     - createOptionsMenu()
14:13:46.097 [FXGL Background Thread 1 ] DEBUG FXGLAssetLoaderServi - Loading from file system: jar:file:///C:/Users/POO/.m2/repository/com/github/almasb/fxgl/21.1/fxgl-21.1.jar!/fxglassets/textures/particles/smoke.png
14:13:46.167 [FXGL Background Thread 1 ] DEBUG FXGLAssetLoaderServi - Loading from file system: jar:file:///C:/Users/POO/.m2/repository/com/github/almasb/fxgl/21.1/fxgl-21.1.jar!/fxglassets/textures/particles/trace_horizontal.png
14:13:46.194 [FXGL Background Thread 1 ] DEBUG GameApplicationServi - Application scenes initialized
14:13:46.205 [FXGL Background Thread 1 ] DEBUG SystemBundleService  - Loading FXGL system data
14:13:46.210 [FXGL Background Thread 1 ] DEBUG FileSystemAccess     - Reading from: C:\Users\POO\intellij\Bakudun\system\fxgl.bundle
14:13:46.223 [FXGL Background Thread 1 ] DEBUG SystemBundleService  - Bundle FXGL: {}
14:13:46.223 [FXGL Background Thread 1 ] DEBUG UpdaterService       - Checking for updates
14:13:46.248 [FXGL Background Thread 4 ] DEBUG FXGLApplication      - Loading fonts
14:13:46.248 [FXGL Background Thread 4 ] DEBUG FXGLAssetLoaderServi - Loading from file system: jar:file:///C:/Users/POO/.m2/repository/com/github/almasb/fxgl/21.1/fxgl-21.1.jar!/fxglassets/ui/fonts/VarelaRound-Regular.ttf
14:13:46.249 [FXGL Background Thread 1 ] DEBUG FXGLApplication      - Loading default localization
14:13:46.250 [FXGL Background Thread 1 ] DEBUG FXGLAssetLoaderServi - Loading from file system: jar:file:///C:/Users/POO/.m2/repository/com/github/almasb/fxgl/21.1/fxgl-21.1.jar!/fxglassets/languages/english.lang
14:13:46.266 [FXGL Background Thread 1 ] INFO  FXGLApplication      - FXGL initialization took: 0.402 sec
14:13:46.275 [JavaFX Application Thread] DEBUG Input                - Registered new binding: Right - D
14:13:46.276 [JavaFX Application Thread] DEBUG Input                - Registered new binding: Left - A
14:13:46.276 [JavaFX Application Thread] DEBUG Input                - Registered new binding: Up - W
14:13:46.276 [JavaFX Application Thread] DEBUG Input                - Registered new binding: Down - S
14:13:46.276 [JavaFX Application Thread] DEBUG Input                - Registered new binding: Place Bomb - Space
14:13:46.277 [JavaFX Application Thread] DEBUG FXGLAssetLoaderServi - Loading from file system: jar:file:///C:/Users/POO/.m2/repository/com/github/almasb/fxgl/21.1/fxgl-21.1.jar!/fxglassets/textures/fxgl_icon.png
14:13:46.281 [FXGL Background Thread 4 ] DEBUG FXGLAssetLoaderServi - Loading from file system: jar:file:///C:/Users/POO/.m2/repository/com/github/almasb/fxgl/21.1/fxgl-21.1.jar!/fxglassets/ui/fonts/Abel-Regular.ttf
14:13:46.285 [FXGL Background Thread 4 ] DEBUG FXGLAssetLoaderServi - Loading from file system: jar:file:///C:/Users/POO/.m2/repository/com/github/almasb/fxgl/21.1/fxgl-21.1.jar!/fxglassets/ui/fonts/TerminalLandMono-Regular.otf
14:13:46.289 [FXGL Background Thread 4 ] DEBUG FXGLAssetLoaderServi - Loading from file system: jar:file:///C:/Users/POO/.m2/repository/com/github/almasb/fxgl/21.1/fxgl-21.1.jar!/fxglassets/ui/fonts/Courier-Prime.ttf
14:13:46.292 [JavaFX Application Thread] DEBUG FXGLAssetLoaderServi - Loading from file system: jar:file:///C:/Users/POO/.m2/repository/com/github/almasb/fxgl/21.1/fxgl-21.1.jar!/fxglassets/textures/fxgl_default_cursor.png
14:13:46.296 [JavaFX Application Thread] DEBUG Input                - Registered new binding: Screenshot - CTRL+8
14:13:46.296 [JavaFX Application Thread] DEBUG Input                - Registered new binding: Dev Options - 1
14:13:46.297 [JavaFX Application Thread] DEBUG Input                - Registered new binding: Dev Console - 2
14:13:46.297 [JavaFX Application Thread] DEBUG Input                - Registered new binding: System info dump - CTRL+9
14:13:46.298 [JavaFX Application Thread] DEBUG Input                - Registered new binding: Restart - CTRL+R
14:13:46.299 [JavaFX Application Thread] DEBUG Input                - Registered new binding: Toggle Debug Camera - CTRL+7
14:13:46.304 [JavaFX Application Thread] DEBUG LoopRunner           - Starting loop
14:13:46.323 [JavaFX Application Thread] DEBUG LoopRunner           - Initializing JavaFX AnimationTimerLoop
14:13:46.325 [JavaFX Application Thread] DEBUG GameApplicationServi - Starting new game
14:13:46.326 [JavaFX Application Thread] DEBUG Input                - Clearing active input actions
14:13:46.335 [JavaFX Application Thread] DEBUG GameApplicationServi - Removing overlay from FXGLStartupScene and adding to FXGLLoadingScene
14:13:46.339 [JavaFX Application Thread] DEBUG PrimaryStageWindow   - FXGLStartupScene -> FXGLLoadingScene
14:13:46.339 [JavaFX Application Thread] DEBUG GameApplicationServi - Clearing previous game
14:13:46.339 [JavaFX Application Thread] DEBUG GameScene            - Clearing game scene
14:13:46.339 [JavaFX Application Thread] DEBUG GameWorld            - Clearing game world
14:13:46.339 [JavaFX Application Thread] DEBUG PhysicsWorld         - Clearing physics world
14:13:46.341 [FXGL Background Thread 4 ] DEBUG FXGLApplication      - Initializing game
14:13:46.418 [FXGL Background Thread 4 ] WARN  TMXLevelLoader       - TiledMap generated from 1.11.2. Supported version: 1.9.0. Some features may not be parsed fully.
14:13:46.452 [FXGL Background Thread 4 ] DEBUG TMXLevelLoader       - Parsed TiledMap: file:/C:/Users/POO/intellij/Bakudun/target/classes/assets/levels/Map.tmx
14:13:46.453 [FXGL Background Thread 4 ] DEBUG TMXLevelLoader       - Creating tile layer entities
14:13:46.457 [FXGL Background Thread 4 ] DEBUG TilesetLoader        - Loading view for layer เลเยอร์ไทล์ 1
14:13:46.457 [FXGL Background Thread 4 ] DEBUG TilesetLoader        - Created buffer with size 640.0x480.0
14:13:46.465 [FXGL Background Thread 4 ] WARN  TilesetLoader        - Diagonally flipped tiles are not currently supported
14:13:46.474 [FXGL Background Thread 4 ] WARN  TilesetLoader        - Diagonally flipped tiles are not currently supported
14:13:46.484 [FXGL Background Thread 4 ] DEBUG TilesetLoader        - Loading view for layer WALL48
14:13:46.484 [FXGL Background Thread 4 ] DEBUG TilesetLoader        - Created buffer with size 640.0x480.0
14:13:46.485 [FXGL Background Thread 4 ] DEBUG TilesetLoader        - Loading view for layer WALL47
14:13:46.485 [FXGL Background Thread 4 ] DEBUG TilesetLoader        - Created buffer with size 640.0x480.0
14:13:46.486 [FXGL Background Thread 4 ] DEBUG TilesetLoader        - Loading view for layer WALL46
14:13:46.486 [FXGL Background Thread 4 ] DEBUG TilesetLoader        - Created buffer with size 640.0x480.0
14:13:46.486 [FXGL Background Thread 4 ] DEBUG TilesetLoader        - Loading view for layer WALL45
14:13:46.487 [FXGL Background Thread 4 ] DEBUG TilesetLoader        - Created buffer with size 640.0x480.0
14:13:46.487 [FXGL Background Thread 4 ] DEBUG TilesetLoader        - Loading view for layer WALL44
14:13:46.487 [FXGL Background Thread 4 ] DEBUG TilesetLoader        - Created buffer with size 640.0x480.0
14:13:46.488 [FXGL Background Thread 4 ] DEBUG TilesetLoader        - Loading view for layer WALL43
14:13:46.488 [FXGL Background Thread 4 ] DEBUG TilesetLoader        - Created buffer with size 640.0x480.0
14:13:46.489 [FXGL Background Thread 4 ] DEBUG TilesetLoader        - Loading view for layer WALL42
14:13:46.489 [FXGL Background Thread 4 ] DEBUG TilesetLoader        - Created buffer with size 640.0x480.0
14:13:46.489 [FXGL Background Thread 4 ] DEBUG TilesetLoader        - Loading view for layer WALL41
14:13:46.490 [FXGL Background Thread 4 ] DEBUG TilesetLoader        - Created buffer with size 640.0x480.0
14:13:46.490 [FXGL Background Thread 4 ] DEBUG TilesetLoader        - Loading view for layer WALL40
14:13:46.491 [FXGL Background Thread 4 ] DEBUG TilesetLoader        - Created buffer with size 640.0x480.0
14:13:46.492 [FXGL Background Thread 4 ] DEBUG TilesetLoader        - Loading view for layer WALL39
14:13:46.492 [FXGL Background Thread 4 ] DEBUG TilesetLoader        - Created buffer with size 640.0x480.0
14:13:46.493 [FXGL Background Thread 4 ] DEBUG TilesetLoader        - Loading view for layer WALL38
14:13:46.493 [FXGL Background Thread 4 ] DEBUG TilesetLoader        - Created buffer with size 640.0x480.0
14:13:46.493 [FXGL Background Thread 4 ] DEBUG TilesetLoader        - Loading view for layer WALL37
14:13:46.494 [FXGL Background Thread 4 ] DEBUG TilesetLoader        - Created buffer with size 640.0x480.0
14:13:46.494 [FXGL Background Thread 4 ] DEBUG TilesetLoader        - Loading view for layer WALL36
14:13:46.495 [FXGL Background Thread 4 ] DEBUG TilesetLoader        - Created buffer with size 640.0x480.0
14:13:46.495 [FXGL Background Thread 4 ] DEBUG TilesetLoader        - Loading view for layer WALL35
14:13:46.495 [FXGL Background Thread 4 ] DEBUG TilesetLoader        - Created buffer with size 640.0x480.0
14:13:46.496 [FXGL Background Thread 4 ] DEBUG TilesetLoader        - Loading view for layer WALL34
14:13:46.496 [FXGL Background Thread 4 ] DEBUG TilesetLoader        - Created buffer with size 640.0x480.0
14:13:46.496 [FXGL Background Thread 4 ] DEBUG TilesetLoader        - Loading view for layer WALL33
14:13:46.504 [FXGL Background Thread 4 ] DEBUG TilesetLoader        - Created buffer with size 640.0x480.0
14:13:46.506 [FXGL Background Thread 4 ] DEBUG TilesetLoader        - Loading view for layer WALL32
14:13:46.506 [FXGL Background Thread 4 ] DEBUG TilesetLoader        - Created buffer with size 640.0x480.0
14:13:46.507 [FXGL Background Thread 4 ] DEBUG TilesetLoader        - Loading view for layer WALL31
14:13:46.511 [FXGL Background Thread 4 ] DEBUG TilesetLoader        - Created buffer with size 640.0x480.0
14:13:46.512 [FXGL Background Thread 4 ] DEBUG TilesetLoader        - Loading view for layer WALL30
14:13:46.513 [FXGL Background Thread 4 ] DEBUG TilesetLoader        - Created buffer with size 640.0x480.0
14:13:46.513 [FXGL Background Thread 4 ] DEBUG TilesetLoader        - Loading view for layer WALL29
14:13:46.513 [FXGL Background Thread 4 ] DEBUG TilesetLoader        - Created buffer with size 640.0x480.0
14:13:46.514 [FXGL Background Thread 4 ] DEBUG TilesetLoader        - Loading view for layer WALL28
14:13:46.514 [FXGL Background Thread 4 ] DEBUG TilesetLoader        - Created buffer with size 640.0x480.0
14:13:46.516 [FXGL Background Thread 4 ] DEBUG TilesetLoader        - Loading view for layer WALL27
14:13:46.517 [FXGL Background Thread 4 ] DEBUG TilesetLoader        - Created buffer with size 640.0x480.0
14:13:46.518 [FXGL Background Thread 4 ] DEBUG TilesetLoader        - Loading view for layer WALL26
14:13:46.519 [FXGL Background Thread 4 ] DEBUG TilesetLoader        - Created buffer with size 640.0x480.0
14:13:46.520 [FXGL Background Thread 4 ] DEBUG TilesetLoader        - Loading view for layer WALL25
14:13:46.521 [FXGL Background Thread 4 ] DEBUG TilesetLoader        - Created buffer with size 640.0x480.0
14:13:46.521 [FXGL Background Thread 4 ] DEBUG TilesetLoader        - Loading view for layer WALL24
14:13:46.521 [FXGL Background Thread 4 ] DEBUG TilesetLoader        - Created buffer with size 640.0x480.0
14:13:46.522 [FXGL Background Thread 4 ] DEBUG TilesetLoader        - Loading view for layer WALL23
14:13:46.522 [FXGL Background Thread 4 ] DEBUG TilesetLoader        - Created buffer with size 640.0x480.0
14:13:46.522 [FXGL Background Thread 4 ] DEBUG TilesetLoader        - Loading view for layer WALL22
14:13:46.522 [FXGL Background Thread 4 ] DEBUG TilesetLoader        - Created buffer with size 640.0x480.0
14:13:46.523 [FXGL Background Thread 4 ] DEBUG TilesetLoader        - Loading view for layer WALL21
14:13:46.523 [FXGL Background Thread 4 ] DEBUG TilesetLoader        - Created buffer with size 640.0x480.0
14:13:46.524 [FXGL Background Thread 4 ] DEBUG TilesetLoader        - Loading view for layer WALL20
14:13:46.524 [FXGL Background Thread 4 ] DEBUG TilesetLoader        - Created buffer with size 640.0x480.0
14:13:46.525 [FXGL Background Thread 4 ] DEBUG TilesetLoader        - Loading view for layer WALL19
14:13:46.525 [FXGL Background Thread 4 ] DEBUG TilesetLoader        - Created buffer with size 640.0x480.0
14:13:46.526 [FXGL Background Thread 4 ] DEBUG TilesetLoader        - Loading view for layer WALL18
14:13:46.527 [FXGL Background Thread 4 ] DEBUG TilesetLoader        - Created buffer with size 640.0x480.0
14:13:46.528 [FXGL Background Thread 4 ] DEBUG TilesetLoader        - Loading view for layer WALL17
14:13:46.529 [FXGL Background Thread 4 ] DEBUG TilesetLoader        - Created buffer with size 640.0x480.0
14:13:46.529 [FXGL Background Thread 4 ] DEBUG TilesetLoader        - Loading view for layer WALL16
14:13:46.530 [FXGL Background Thread 4 ] DEBUG TilesetLoader        - Created buffer with size 640.0x480.0
14:13:46.530 [FXGL Background Thread 4 ] DEBUG TilesetLoader        - Loading view for layer WALL15
14:13:46.532 [FXGL Background Thread 4 ] DEBUG TilesetLoader        - Created buffer with size 640.0x480.0
14:13:46.533 [FXGL Background Thread 4 ] DEBUG TilesetLoader        - Loading view for layer WALL14
14:13:46.534 [FXGL Background Thread 4 ] DEBUG TilesetLoader        - Created buffer with size 640.0x480.0
14:13:46.534 [FXGL Background Thread 4 ] DEBUG TilesetLoader        - Loading view for layer WALL13
14:13:46.535 [FXGL Background Thread 4 ] DEBUG TilesetLoader        - Created buffer with size 640.0x480.0
14:13:46.535 [FXGL Background Thread 4 ] DEBUG TilesetLoader        - Loading view for layer WALL12
14:13:46.536 [FXGL Background Thread 4 ] DEBUG TilesetLoader        - Created buffer with size 640.0x480.0
14:13:46.536 [FXGL Background Thread 4 ] DEBUG TilesetLoader        - Loading view for layer WALL11
14:13:46.536 [FXGL Background Thread 4 ] DEBUG TilesetLoader        - Created buffer with size 640.0x480.0
14:13:46.537 [FXGL Background Thread 4 ] DEBUG TilesetLoader        - Loading view for layer WALL10
14:13:46.538 [FXGL Background Thread 4 ] DEBUG TilesetLoader        - Created buffer with size 640.0x480.0
14:13:46.538 [FXGL Background Thread 4 ] DEBUG TilesetLoader        - Loading view for layer WALL9
14:13:46.540 [FXGL Background Thread 4 ] DEBUG TilesetLoader        - Created buffer with size 640.0x480.0
14:13:46.541 [FXGL Background Thread 4 ] DEBUG TilesetLoader        - Loading view for layer WALL8
14:13:46.542 [FXGL Background Thread 4 ] DEBUG TilesetLoader        - Created buffer with size 640.0x480.0
14:13:46.543 [FXGL Background Thread 4 ] DEBUG TilesetLoader        - Loading view for layer WALL7
14:13:46.545 [FXGL Background Thread 4 ] DEBUG TilesetLoader        - Created buffer with size 640.0x480.0
14:13:46.546 [FXGL Background Thread 4 ] DEBUG TilesetLoader        - Loading view for layer WALL6
14:13:46.547 [FXGL Background Thread 4 ] DEBUG TilesetLoader        - Created buffer with size 640.0x480.0
14:13:46.547 [FXGL Background Thread 4 ] DEBUG TilesetLoader        - Loading view for layer WALL5
14:13:46.548 [FXGL Background Thread 4 ] DEBUG TilesetLoader        - Created buffer with size 640.0x480.0
14:13:46.548 [FXGL Background Thread 4 ] DEBUG TilesetLoader        - Loading view for layer WALL4
14:13:46.548 [FXGL Background Thread 4 ] DEBUG TilesetLoader        - Created buffer with size 640.0x480.0
14:13:46.549 [FXGL Background Thread 4 ] DEBUG TilesetLoader        - Loading view for layer WALL3
14:13:46.549 [FXGL Background Thread 4 ] DEBUG TilesetLoader        - Created buffer with size 640.0x480.0
14:13:46.549 [FXGL Background Thread 4 ] DEBUG TilesetLoader        - Loading view for layer WALL2
14:13:46.550 [FXGL Background Thread 4 ] DEBUG TilesetLoader        - Created buffer with size 640.0x480.0
14:13:46.550 [FXGL Background Thread 4 ] DEBUG TilesetLoader        - Loading view for layer WALL1
14:13:46.551 [FXGL Background Thread 4 ] DEBUG TilesetLoader        - Created buffer with size 640.0x480.0
14:13:46.551 [FXGL Background Thread 4 ] DEBUG TilesetLoader        - Loading view for layer เลเยอร์ไทล์ 2
14:13:46.553 [FXGL Background Thread 4 ] DEBUG TilesetLoader        - Created buffer with size 640.0x480.0
14:13:46.555 [FXGL Background Thread 4 ] DEBUG TilesetLoader        - Loading view for layer เลเยอร์ไทล์ 3
14:13:46.556 [FXGL Background Thread 4 ] DEBUG TilesetLoader        - Created buffer with size 640.0x480.0
14:13:46.556 [FXGL Background Thread 4 ] DEBUG TMXLevelLoader       - Creating object layer entities
14:13:46.579 [FXGL Background Thread 4 ] DEBUG FXGLAssetLoaderServi - Loading from file system: file:/C:/Users/POO/intellij/Bakudun/target/classes/assets/textures/Jim2.png
14:13:46.614 [FXGL Background Thread 4 ] WARN  TMXLevelLoader       - TiledMap generated from 1.11.2. Supported version: 1.9.0. Some features may not be parsed fully.
14:13:46.628 [FXGL Background Thread 4 ] DEBUG TMXLevelLoader       - Parsed TiledMap: file:/C:/Users/POO/intellij/Bakudun/target/classes/assets/levels/Map.tmx
14:13:46.628 [FXGL Background Thread 4 ] DEBUG TMXLevelLoader       - Creating tile layer entities
14:13:46.629 [FXGL Background Thread 4 ] DEBUG TilesetLoader        - Loading view for layer เลเยอร์ไทล์ 1
14:13:46.633 [FXGL Background Thread 4 ] DEBUG TilesetLoader        - Created buffer with size 640.0x480.0
14:13:46.638 [FXGL Background Thread 4 ] WARN  TilesetLoader        - Diagonally flipped tiles are not currently supported
14:13:46.648 [FXGL Background Thread 4 ] WARN  TilesetLoader        - Diagonally flipped tiles are not currently supported
14:13:46.657 [FXGL Background Thread 4 ] DEBUG TilesetLoader        - Loading view for layer WALL48
14:13:46.657 [FXGL Background Thread 4 ] DEBUG TilesetLoader        - Created buffer with size 640.0x480.0
14:13:46.658 [FXGL Background Thread 4 ] DEBUG TilesetLoader        - Loading view for layer WALL47
14:13:46.658 [FXGL Background Thread 4 ] DEBUG TilesetLoader        - Created buffer with size 640.0x480.0
14:13:46.659 [FXGL Background Thread 4 ] DEBUG TilesetLoader        - Loading view for layer WALL46
14:13:46.659 [FXGL Background Thread 4 ] DEBUG TilesetLoader        - Created buffer with size 640.0x480.0
14:13:46.659 [FXGL Background Thread 4 ] DEBUG TilesetLoader        - Loading view for layer WALL45
14:13:46.660 [FXGL Background Thread 4 ] DEBUG TilesetLoader        - Created buffer with size 640.0x480.0
14:13:46.660 [FXGL Background Thread 4 ] DEBUG TilesetLoader        - Loading view for layer WALL44
14:13:46.661 [FXGL Background Thread 4 ] DEBUG TilesetLoader        - Created buffer with size 640.0x480.0
14:13:46.661 [FXGL Background Thread 4 ] DEBUG TilesetLoader        - Loading view for layer WALL43
14:13:46.662 [FXGL Background Thread 4 ] DEBUG TilesetLoader        - Created buffer with size 640.0x480.0
14:13:46.662 [FXGL Background Thread 4 ] DEBUG TilesetLoader        - Loading view for layer WALL42
14:13:46.663 [FXGL Background Thread 4 ] DEBUG TilesetLoader        - Created buffer with size 640.0x480.0
14:13:46.663 [FXGL Background Thread 4 ] DEBUG TilesetLoader        - Loading view for layer WALL41
14:13:46.664 [FXGL Background Thread 4 ] DEBUG TilesetLoader        - Created buffer with size 640.0x480.0
14:13:46.664 [FXGL Background Thread 4 ] DEBUG TilesetLoader        - Loading view for layer WALL40
14:13:46.665 [FXGL Background Thread 4 ] DEBUG TilesetLoader        - Created buffer with size 640.0x480.0
14:13:46.665 [FXGL Background Thread 4 ] DEBUG TilesetLoader        - Loading view for layer WALL39
14:13:46.667 [FXGL Background Thread 4 ] DEBUG TilesetLoader        - Created buffer with size 640.0x480.0
14:13:46.668 [FXGL Background Thread 4 ] DEBUG TilesetLoader        - Loading view for layer WALL38
14:13:46.668 [FXGL Background Thread 4 ] DEBUG TilesetLoader        - Created buffer with size 640.0x480.0
14:13:46.668 [FXGL Background Thread 4 ] DEBUG TilesetLoader        - Loading view for layer WALL37
14:13:46.669 [FXGL Background Thread 4 ] DEBUG TilesetLoader        - Created buffer with size 640.0x480.0
14:13:46.669 [FXGL Background Thread 4 ] DEBUG TilesetLoader        - Loading view for layer WALL36
14:13:46.670 [FXGL Background Thread 4 ] DEBUG TilesetLoader        - Created buffer with size 640.0x480.0
14:13:46.670 [FXGL Background Thread 4 ] DEBUG TilesetLoader        - Loading view for layer WALL35
14:13:46.670 [FXGL Background Thread 4 ] DEBUG TilesetLoader        - Created buffer with size 640.0x480.0
14:13:46.671 [FXGL Background Thread 4 ] DEBUG TilesetLoader        - Loading view for layer WALL34
14:13:46.671 [FXGL Background Thread 4 ] DEBUG TilesetLoader        - Created buffer with size 640.0x480.0
14:13:46.672 [FXGL Background Thread 4 ] DEBUG TilesetLoader        - Loading view for layer WALL33
14:13:46.672 [FXGL Background Thread 4 ] DEBUG TilesetLoader        - Created buffer with size 640.0x480.0
14:13:46.672 [FXGL Background Thread 4 ] DEBUG TilesetLoader        - Loading view for layer WALL32
14:13:46.673 [FXGL Background Thread 4 ] DEBUG TilesetLoader        - Created buffer with size 640.0x480.0
14:13:46.673 [FXGL Background Thread 4 ] DEBUG TilesetLoader        - Loading view for layer WALL31
14:13:46.674 [FXGL Background Thread 4 ] DEBUG TilesetLoader        - Created buffer with size 640.0x480.0
14:13:46.674 [FXGL Background Thread 4 ] DEBUG TilesetLoader        - Loading view for layer WALL30
14:13:46.675 [FXGL Background Thread 4 ] DEBUG TilesetLoader        - Created buffer with size 640.0x480.0
14:13:46.675 [FXGL Background Thread 4 ] DEBUG TilesetLoader        - Loading view for layer WALL29
14:13:46.676 [FXGL Background Thread 4 ] DEBUG TilesetLoader        - Created buffer with size 640.0x480.0
14:13:46.677 [FXGL Background Thread 4 ] DEBUG TilesetLoader        - Loading view for layer WALL28
14:13:46.677 [FXGL Background Thread 4 ] DEBUG TilesetLoader        - Created buffer with size 640.0x480.0
14:13:46.678 [FXGL Background Thread 4 ] DEBUG TilesetLoader        - Loading view for layer WALL27
14:13:46.678 [FXGL Background Thread 4 ] DEBUG TilesetLoader        - Created buffer with size 640.0x480.0
14:13:46.679 [FXGL Background Thread 4 ] DEBUG TilesetLoader        - Loading view for layer WALL26
14:13:46.679 [FXGL Background Thread 4 ] DEBUG TilesetLoader        - Created buffer with size 640.0x480.0
14:13:46.680 [FXGL Background Thread 4 ] DEBUG TilesetLoader        - Loading view for layer WALL25
14:13:46.680 [FXGL Background Thread 4 ] DEBUG TilesetLoader        - Created buffer with size 640.0x480.0
14:13:46.681 [FXGL Background Thread 4 ] DEBUG TilesetLoader        - Loading view for layer WALL24
14:13:46.682 [FXGL Background Thread 4 ] DEBUG TilesetLoader        - Created buffer with size 640.0x480.0
14:13:46.682 [FXGL Background Thread 4 ] DEBUG TilesetLoader        - Loading view for layer WALL23
14:13:46.683 [FXGL Background Thread 4 ] DEBUG TilesetLoader        - Created buffer with size 640.0x480.0
14:13:46.683 [FXGL Background Thread 4 ] DEBUG TilesetLoader        - Loading view for layer WALL22
14:13:46.684 [FXGL Background Thread 4 ] DEBUG TilesetLoader        - Created buffer with size 640.0x480.0
14:13:46.684 [FXGL Background Thread 4 ] DEBUG TilesetLoader        - Loading view for layer WALL21
14:13:46.684 [FXGL Background Thread 4 ] DEBUG TilesetLoader        - Created buffer with size 640.0x480.0
14:13:46.685 [FXGL Background Thread 4 ] DEBUG TilesetLoader        - Loading view for layer WALL20
14:13:46.685 [FXGL Background Thread 4 ] DEBUG TilesetLoader        - Created buffer with size 640.0x480.0
14:13:46.686 [FXGL Background Thread 4 ] DEBUG TilesetLoader        - Loading view for layer WALL19
14:13:46.686 [FXGL Background Thread 4 ] DEBUG TilesetLoader        - Created buffer with size 640.0x480.0
14:13:46.686 [FXGL Background Thread 4 ] DEBUG TilesetLoader        - Loading view for layer WALL18
14:13:46.687 [FXGL Background Thread 4 ] DEBUG TilesetLoader        - Created buffer with size 640.0x480.0
14:13:46.687 [FXGL Background Thread 4 ] DEBUG TilesetLoader        - Loading view for layer WALL17
14:13:46.688 [FXGL Background Thread 4 ] DEBUG TilesetLoader        - Created buffer with size 640.0x480.0
14:13:46.688 [FXGL Background Thread 4 ] DEBUG TilesetLoader        - Loading view for layer WALL16
14:13:46.688 [FXGL Background Thread 4 ] DEBUG TilesetLoader        - Created buffer with size 640.0x480.0
14:13:46.688 [FXGL Background Thread 4 ] DEBUG TilesetLoader        - Loading view for layer WALL15
14:13:46.689 [FXGL Background Thread 4 ] DEBUG TilesetLoader        - Created buffer with size 640.0x480.0
14:13:46.689 [FXGL Background Thread 4 ] DEBUG TilesetLoader        - Loading view for layer WALL14
14:13:46.689 [FXGL Background Thread 4 ] DEBUG TilesetLoader        - Created buffer with size 640.0x480.0
14:13:46.690 [FXGL Background Thread 4 ] DEBUG TilesetLoader        - Loading view for layer WALL13
14:13:46.690 [FXGL Background Thread 4 ] DEBUG TilesetLoader        - Created buffer with size 640.0x480.0
14:13:46.690 [FXGL Background Thread 4 ] DEBUG TilesetLoader        - Loading view for layer WALL12
14:13:46.691 [FXGL Background Thread 4 ] DEBUG TilesetLoader        - Created buffer with size 640.0x480.0
14:13:46.691 [FXGL Background Thread 4 ] DEBUG TilesetLoader        - Loading view for layer WALL11
14:13:46.691 [FXGL Background Thread 4 ] DEBUG TilesetLoader        - Created buffer with size 640.0x480.0
14:13:46.691 [FXGL Background Thread 4 ] DEBUG TilesetLoader        - Loading view for layer WALL10
14:13:46.691 [FXGL Background Thread 4 ] DEBUG TilesetLoader        - Created buffer with size 640.0x480.0
14:13:46.692 [FXGL Background Thread 4 ] DEBUG TilesetLoader        - Loading view for layer WALL9
14:13:46.692 [FXGL Background Thread 4 ] DEBUG TilesetLoader        - Created buffer with size 640.0x480.0
14:13:46.692 [FXGL Background Thread 4 ] DEBUG TilesetLoader        - Loading view for layer WALL8
14:13:46.692 [FXGL Background Thread 4 ] DEBUG TilesetLoader        - Created buffer with size 640.0x480.0
14:13:46.692 [FXGL Background Thread 4 ] DEBUG TilesetLoader        - Loading view for layer WALL7
14:13:46.692 [FXGL Background Thread 4 ] DEBUG TilesetLoader        - Created buffer with size 640.0x480.0
14:13:46.693 [FXGL Background Thread 4 ] DEBUG TilesetLoader        - Loading view for layer WALL6
14:13:46.693 [FXGL Background Thread 4 ] DEBUG TilesetLoader        - Created buffer with size 640.0x480.0
14:13:46.693 [FXGL Background Thread 4 ] DEBUG TilesetLoader        - Loading view for layer WALL5
14:13:46.694 [FXGL Background Thread 4 ] DEBUG TilesetLoader        - Created buffer with size 640.0x480.0
14:13:46.694 [FXGL Background Thread 4 ] DEBUG TilesetLoader        - Loading view for layer WALL4
14:13:46.694 [FXGL Background Thread 4 ] DEBUG TilesetLoader        - Created buffer with size 640.0x480.0
14:13:46.695 [FXGL Background Thread 4 ] DEBUG TilesetLoader        - Loading view for layer WALL3
14:13:46.695 [FXGL Background Thread 4 ] DEBUG TilesetLoader        - Created buffer with size 640.0x480.0
14:13:46.695 [FXGL Background Thread 4 ] DEBUG TilesetLoader        - Loading view for layer WALL2
14:13:46.696 [FXGL Background Thread 4 ] DEBUG TilesetLoader        - Created buffer with size 640.0x480.0
14:13:46.696 [FXGL Background Thread 4 ] DEBUG TilesetLoader        - Loading view for layer WALL1
14:13:46.699 [FXGL Background Thread 4 ] DEBUG TilesetLoader        - Created buffer with size 640.0x480.0
14:13:46.700 [FXGL Background Thread 4 ] DEBUG TilesetLoader        - Loading view for layer เลเยอร์ไทล์ 2
14:13:46.700 [FXGL Background Thread 4 ] DEBUG TilesetLoader        - Created buffer with size 640.0x480.0
14:13:46.701 [FXGL Background Thread 4 ] DEBUG TilesetLoader        - Loading view for layer เลเยอร์ไทล์ 3
14:13:46.701 [FXGL Background Thread 4 ] DEBUG TilesetLoader        - Created buffer with size 640.0x480.0
14:13:46.701 [FXGL Background Thread 4 ] DEBUG TMXLevelLoader       - Creating object layer entities
14:13:46.711 [FXGL Background Thread 4 ] DEBUG GameWorld            - Clearing removable entities
14:13:46.712 [FXGL Background Thread 4 ] DEBUG GameWorld            - Setting level: com.almasb.fxgl.entity.level.Level@3e5f2e43
14:13:46.723 [FXGL Background Thread 4 ] INFO  FXGLApplication      - Game initialization took: 0.382 sec
14:13:46.736 [JavaFX Application Thread] DEBUG Input                - Clearing active input actions
14:13:46.743 [JavaFX Application Thread] DEBUG GameApplicationServi - Removing overlay from FXGLLoadingScene and adding to GameScene
14:13:46.747 [JavaFX Application Thread] DEBUG PrimaryStageWindow   - FXGLLoadingScene -> GameScene
14:13:49.248 [FXGL Background Thread 3 ] DEBUG Engine               - Logging environment variables
14:13:49.248 [FXGL Background Thread 3 ] DEBUG Engine               - achievements: []
14:13:49.248 [FXGL Background Thread 3 ] DEBUG Engine               - actualHeight: 480.0
14:13:49.248 [FXGL Background Thread 3 ] DEBUG Engine               - actualHeightProperty: ReadOnlyDoubleProperty [value: 480.0]
14:13:49.248 [FXGL Background Thread 3 ] DEBUG Engine               - actualWidth: 640.0
14:13:49.248 [FXGL Background Thread 3 ] DEBUG Engine               - actualWidthProperty: ReadOnlyDoubleProperty [value: 640.0]
14:13:49.248 [FXGL Background Thread 3 ] DEBUG Engine               - appIcon: fxgl_icon.png
14:13:49.248 [FXGL Background Thread 3 ] DEBUG Engine               - applicationMode: DEVELOPER
14:13:49.248 [FXGL Background Thread 3 ] DEBUG Engine               - cSSList: [fxgl_dark.css]
14:13:49.248 [FXGL Background Thread 3 ] DEBUG Engine               - collisionDetectionStrategy: BRUTE_FORCE
14:13:49.248 [FXGL Background Thread 3 ] DEBUG Engine               - configClass: Optional.empty
14:13:49.248 [FXGL Background Thread 3 ] DEBUG Engine               - credits: []
14:13:49.248 [FXGL Background Thread 3 ] DEBUG Engine               - defaultCursor: CursorInfo(imageName=fxgl_default_cursor.png, hotspotX=7.0, hotspotY=6.0)
14:13:49.248 [FXGL Background Thread 3 ] DEBUG Engine               - devBBoxColorProperty: ObjectProperty [value: 0xff0000ff]
14:13:49.248 [FXGL Background Thread 3 ] DEBUG Engine               - devEnableDebugCameraProperty: BooleanProperty [value: false]
14:13:49.248 [FXGL Background Thread 3 ] DEBUG Engine               - devSensorColorProperty: ObjectProperty [value: 0xffff00ff]
14:13:49.248 [FXGL Background Thread 3 ] DEBUG Engine               - devShowBBoxProperty: BooleanProperty [value: false]
14:13:49.248 [FXGL Background Thread 3 ] DEBUG Engine               - devShowPositionProperty: BooleanProperty [value: false]
14:13:49.248 [FXGL Background Thread 3 ] DEBUG Engine               - enabledMenuItems: []
14:13:49.248 [FXGL Background Thread 3 ] DEBUG Engine               - engineServices: [class com.almasb.fxgl.app.services.FXGLAssetLoaderService, class com.almasb.fxgl.app.FXGLApplication$GameApplicationService, class com.almasb.fxgl.app.services.FXGLDialogService, class com.almasb.fxgl.app.services.IOTaskExecutorService, class com.almasb.fxgl.io.FileSystemService, class com.almasb.fxgl.localization.LocalizationService, class com.almasb.fxgl.app.services.SystemBundleService, class com.almasb.fxgl.profile.SaveLoadService, class com.almasb.fxgl.ui.FXGLUIFactoryServiceProvider, class com.almasb.fxgl.ui.FXGLDialogFactoryServiceProvider, class com.almasb.fxgl.audio.AudioPlayer, class com.almasb.fxgl.notification.impl.NotificationServiceProvider, class com.almasb.fxgl.achievement.AchievementService, class com.almasb.fxgl.cutscene.CutsceneService, class com.almasb.fxgl.minigames.MiniGameService, class com.almasb.fxgl.net.NetService, class com.almasb.fxgl.app.services.UpdaterService, class com.almasb.fxgl.dev.DevService]
14:13:49.248 [FXGL Background Thread 3 ] DEBUG Engine               - fontGame: Abel-Regular.ttf
14:13:49.248 [FXGL Background Thread 3 ] DEBUG Engine               - fontMono: TerminalLandMono-Regular.otf
14:13:49.248 [FXGL Background Thread 3 ] DEBUG Engine               - fontSizeScaleUI: 1.0
14:13:49.248 [FXGL Background Thread 3 ] DEBUG Engine               - fontText: Courier-Prime.ttf
14:13:49.248 [FXGL Background Thread 3 ] DEBUG Engine               - fontUI: VarelaRound-Regular.ttf
14:13:49.248 [FXGL Background Thread 3 ] DEBUG Engine               - fullScreen: BooleanProperty [value: false]
14:13:49.248 [FXGL Background Thread 3 ] DEBUG Engine               - gameDifficulty: MEDIUM
14:13:49.248 [FXGL Background Thread 3 ] DEBUG Engine               - gameDifficultyProperty: ObjectProperty [value: MEDIUM]
14:13:49.248 [FXGL Background Thread 3 ] DEBUG Engine               - globalMusicVolume: 0.5
14:13:49.248 [FXGL Background Thread 3 ] DEBUG Engine               - globalMusicVolumeProperty: DoubleProperty [value: 0.5]
14:13:49.248 [FXGL Background Thread 3 ] DEBUG Engine               - globalSoundVolume: 0.5
14:13:49.248 [FXGL Background Thread 3 ] DEBUG Engine               - globalSoundVolumeProperty: DoubleProperty [value: 0.5]
14:13:49.248 [FXGL Background Thread 3 ] DEBUG Engine               - height: 480
14:13:49.250 [FXGL Background Thread 3 ] DEBUG Engine               - is3D: false
14:13:49.250 [FXGL Background Thread 3 ] DEBUG Engine               - isAndroid: false
14:13:49.250 [FXGL Background Thread 3 ] DEBUG Engine               - isBrowser: false
14:13:49.250 [FXGL Background Thread 3 ] DEBUG Engine               - isClickFeedbackEnabled: false
14:13:49.250 [FXGL Background Thread 3 ] DEBUG Engine               - isCloseConfirmation: false
14:13:49.250 [FXGL Background Thread 3 ] DEBUG Engine               - isDesktop: true
14:13:49.250 [FXGL Background Thread 3 ] DEBUG Engine               - isDeveloperMenuEnabled: true
14:13:49.250 [FXGL Background Thread 3 ] DEBUG Engine               - isEmbedded: false
14:13:49.250 [FXGL Background Thread 3 ] DEBUG Engine               - isEntityPreloadEnabled: true
14:13:49.250 [FXGL Background Thread 3 ] DEBUG Engine               - isExperimentalTiledLargeMap: false
14:13:49.250 [FXGL Background Thread 3 ] DEBUG Engine               - isFileSystemWriteAllowed: true
14:13:49.250 [FXGL Background Thread 3 ] DEBUG Engine               - isFullScreenAllowed: false
14:13:49.250 [FXGL Background Thread 3 ] DEBUG Engine               - isFullScreenFromStart: false
14:13:49.250 [FXGL Background Thread 3 ] DEBUG Engine               - isGameMenuEnabled: true
14:13:49.250 [FXGL Background Thread 3 ] DEBUG Engine               - isIOS: false
14:13:49.250 [FXGL Background Thread 3 ] DEBUG Engine               - isIntroEnabled: false
14:13:49.250 [FXGL Background Thread 3 ] DEBUG Engine               - isLinux: false
14:13:49.250 [FXGL Background Thread 3 ] DEBUG Engine               - isMac: false
14:13:49.250 [FXGL Background Thread 3 ] DEBUG Engine               - isMainMenuEnabled: false
14:13:49.250 [FXGL Background Thread 3 ] DEBUG Engine               - isManualResizeEnabled: false
14:13:49.250 [FXGL Background Thread 3 ] DEBUG Engine               - isMobile: false
14:13:49.250 [FXGL Background Thread 3 ] DEBUG Engine               - isNative: false
14:13:49.250 [FXGL Background Thread 3 ] DEBUG Engine               - isPauseMusicWhenMinimized: true
14:13:49.250 [FXGL Background Thread 3 ] DEBUG Engine               - isPreserveResizeRatio: false
14:13:49.250 [FXGL Background Thread 3 ] DEBUG Engine               - isProfilingEnabled: false
14:13:49.250 [FXGL Background Thread 3 ] DEBUG Engine               - isScaleAffectedOnResize: true
14:13:49.250 [FXGL Background Thread 3 ] DEBUG Engine               - isSingleStep: false
14:13:49.250 [FXGL Background Thread 3 ] DEBUG Engine               - isUserProfileEnabled: false
14:13:49.250 [FXGL Background Thread 3 ] DEBUG Engine               - isWindows: true
14:13:49.250 [FXGL Background Thread 3 ] DEBUG Engine               - language: ObjectProperty [value: ENGLISH]
14:13:49.250 [FXGL Background Thread 3 ] DEBUG Engine               - menuKey: ESCAPE
14:13:49.250 [FXGL Background Thread 3 ] DEBUG Engine               - mouseSensitivity: 0.2
14:13:49.250 [FXGL Background Thread 3 ] DEBUG Engine               - notificationViewClass: class com.almasb.fxgl.notification.view.XboxNotificationView
14:13:49.250 [FXGL Background Thread 3 ] DEBUG Engine               - pixelsPerMeter: 50.0
14:13:49.250 [FXGL Background Thread 3 ] DEBUG Engine               - platform: WINDOWS
14:13:49.250 [FXGL Background Thread 3 ] DEBUG Engine               - prefHeightProperty: ReadOnlyDoubleProperty [value: 480.0]
14:13:49.250 [FXGL Background Thread 3 ] DEBUG Engine               - prefWidthProperty: ReadOnlyDoubleProperty [value: 640.0]
14:13:49.250 [FXGL Background Thread 3 ] DEBUG Engine               - profileDir: profiles/
14:13:49.250 [FXGL Background Thread 3 ] DEBUG Engine               - profileName: StringProperty [value: DEFAULT]
14:13:49.250 [FXGL Background Thread 3 ] DEBUG Engine               - randomSeed: -1
14:13:49.251 [FXGL Background Thread 3 ] DEBUG Engine               - runtimeInfo: RuntimeInfo(platform=WINDOWS, version=21.1, build=27.03.2024 07.52)
14:13:49.251 [FXGL Background Thread 3 ] DEBUG Engine               - saveFileExt: sav
14:13:49.251 [FXGL Background Thread 3 ] DEBUG Engine               - scaledHeightProp$fxgl: DoubleProperty [bound, value: 480.0]
14:13:49.251 [FXGL Background Thread 3 ] DEBUG Engine               - scaledWidthProp$fxgl: DoubleProperty [bound, value: 640.0]
14:13:49.251 [FXGL Background Thread 3 ] DEBUG Engine               - sceneFactory: com.almasb.fxgl.app.scene.SceneFactory@67749760
14:13:49.251 [FXGL Background Thread 3 ] DEBUG Engine               - secondsIn24h: 60
14:13:49.251 [FXGL Background Thread 3 ] DEBUG Engine               - soundMenuBack: menu/back.wav
14:13:49.251 [FXGL Background Thread 3 ] DEBUG Engine               - soundMenuPress: menu/press.wav
14:13:49.251 [FXGL Background Thread 3 ] DEBUG Engine               - soundMenuSelect: menu/select.wav
14:13:49.251 [FXGL Background Thread 3 ] DEBUG Engine               - soundNotification: core/notification.wav
14:13:49.251 [FXGL Background Thread 3 ] DEBUG Engine               - stageStyle: DECORATED
14:13:49.251 [FXGL Background Thread 3 ] DEBUG Engine               - supportedLanguages: [ENGLISH, FRENCH, GERMAN, HUNGARIAN, RUSSIAN]
14:13:49.251 [FXGL Background Thread 3 ] DEBUG Engine               - ticksPerSecond: -1
14:13:49.251 [FXGL Background Thread 3 ] DEBUG Engine               - title: BomberMan
14:13:49.251 [FXGL Background Thread 3 ] DEBUG Engine               - urlGithub: https://github.com/AlmasB/FXGL
14:13:49.251 [FXGL Background Thread 3 ] DEBUG Engine               - urlLeaderboard: http://fxgl-top.herokuapp.com/
14:13:49.251 [FXGL Background Thread 3 ] DEBUG Engine               - urlPOM: https://raw.githubusercontent.com/AlmasB/FXGL/release/README.md
14:13:49.251 [FXGL Background Thread 3 ] DEBUG Engine               - userAppClass: class me.pooh.bakudun.App
14:13:49.251 [FXGL Background Thread 3 ] DEBUG Engine               - version: 0.1
14:13:49.251 [FXGL Background Thread 3 ] DEBUG Engine               - versionCheckDays: 7
14:13:49.251 [FXGL Background Thread 3 ] DEBUG Engine               - width: 640
14:13:49.251 [FXGL Background Thread 3 ] DEBUG Engine               - Logging services
14:13:49.251 [FXGL Background Thread 3 ] DEBUG Engine               - class com.almasb.fxgl.app.services.FXGLAssetLoaderService
14:13:49.251 [FXGL Background Thread 3 ] DEBUG Engine               - class com.almasb.fxgl.app.FXGLApplication$GameApplicationService
14:13:49.251 [FXGL Background Thread 3 ] DEBUG Engine               - class com.almasb.fxgl.app.services.FXGLDialogService
14:13:49.251 [FXGL Background Thread 3 ] DEBUG Engine               - class com.almasb.fxgl.app.services.IOTaskExecutorService
14:13:49.251 [FXGL Background Thread 3 ] DEBUG Engine               - class com.almasb.fxgl.io.FileSystemService
14:13:49.251 [FXGL Background Thread 3 ] DEBUG Engine               - class com.almasb.fxgl.localization.LocalizationService
14:13:49.251 [FXGL Background Thread 3 ] DEBUG Engine               - class com.almasb.fxgl.app.services.SystemBundleService
14:13:49.251 [FXGL Background Thread 3 ] DEBUG Engine               - class com.almasb.fxgl.profile.SaveLoadService
14:13:49.251 [FXGL Background Thread 3 ] DEBUG Engine               - class com.almasb.fxgl.ui.FXGLUIFactoryServiceProvider
14:13:49.251 [FXGL Background Thread 3 ] DEBUG Engine               - class com.almasb.fxgl.ui.FXGLDialogFactoryServiceProvider
14:13:49.251 [FXGL Background Thread 3 ] DEBUG Engine               - class com.almasb.fxgl.audio.AudioPlayer
14:13:49.251 [FXGL Background Thread 3 ] DEBUG Engine               - class com.almasb.fxgl.notification.impl.NotificationServiceProvider
14:13:49.251 [FXGL Background Thread 3 ] DEBUG Engine               - class com.almasb.fxgl.achievement.AchievementService
14:13:49.251 [FXGL Background Thread 3 ] DEBUG Engine               - class com.almasb.fxgl.cutscene.CutsceneService
14:13:49.252 [FXGL Background Thread 3 ] DEBUG Engine               - class com.almasb.fxgl.minigames.MiniGameService
14:13:49.252 [FXGL Background Thread 3 ] DEBUG Engine               - class com.almasb.fxgl.net.NetService
14:13:49.252 [FXGL Background Thread 3 ] DEBUG Engine               - class com.almasb.fxgl.app.services.UpdaterService
14:13:49.252 [FXGL Background Thread 3 ] DEBUG Engine               - class com.almasb.fxgl.dev.DevService
14:13:51.554 [JavaFX Application Thread] WARN  Entity               - Entity already has component: com.almasb.fxgl.physics.PhysicsComponent
14:13:51.557 [JavaFX Application Thread] DEBUG FXGLAssetLoaderServi - Loading from file system: file:/C:/Users/POO/intellij/Bakudun/target/classes/assets/textures/bombball.png
14:13:51.558 [JavaFX Application Thread] DEBUG FXGLAssetLoaderServi - Loading from file system: file:/C:/Users/POO/intellij/Bakudun/target/classes/assets/textures/bombblast.png
14:13:52.300 [JavaFX Application Thread] WARN  Entity               - Entity already has component: com.almasb.fxgl.physics.PhysicsComponent
14:13:52.813 [JavaFX Application Thread] WARN  Entity               - Entity already has component: com.almasb.fxgl.physics.PhysicsComponent
14:14:08.067 [JavaFX Application Thread] WARN  Entity               - Entity already has component: com.almasb.fxgl.physics.PhysicsComponent
14:14:08.252 [JavaFX Application Thread] WARN  Entity               - Entity already has component: com.almasb.fxgl.physics.PhysicsComponent
14:14:08.441 [JavaFX Application Thread] WARN  Entity               - Entity already has component: com.almasb.fxgl.physics.PhysicsComponent
14:17:26.629 [JavaFX Application Thread] DEBUG FXGLApplication      - Exiting FXGL
14:17:26.630 [JavaFX Application Thread] DEBUG LoopRunner           - Stopping loop
14:17:26.630 [JavaFX Application Thread] DEBUG SystemBundleService  - Saving FXGL system data
14:17:26.636 [JavaFX Application Thread] DEBUG FileSystemAccess     - Writing to: C:\Users\POO\intellij\Bakudun\system\fxgl.bundle
14:17:26.640 [JavaFX Application Thread] DEBUG Async                - Shutting down background threads
14:17:26.641 [JavaFX Application Thread] DEBUG PrimaryStageWindow   - Closing main window
14:17:26.665 [JavaFX Application Thread] DEBUG Logger               - Closing Logger
