19:08:43.669 [main                     ] DEBUG Logger               - Configured Logger
19:08:43.689 [main                     ] DEBUG GameApplication      - Logging settings
Title: BomberMan
Version: 0.1
Width: 1250
Height: 600
Fullscreen: false
Intro: false
Profiling: false
Single step:false
App Mode: DEVELOPER
Menu Key: ESCAPE
Stage Style: DECORATED
Scene Factory: class com.almasb.fxgl.app.scene.SceneFactory

19:08:44.238 [JavaFX Application Thread] DEBUG FXGLApplication      - Initializing FXGL
19:08:44.241 [JavaFX Application Thread] INFO  Engine               - FXGL-17.3 (30.03.2023 11.49) on WINDOWS (J:21.0.2 FX:21)
19:08:44.241 [JavaFX Application Thread] DEBUG Engine               - JRE Vendor Name: Eclipse Adoptium
19:08:44.241 [JavaFX Application Thread] DEBUG Engine               - Running on OS: Windows 11 version 10.0
19:08:44.241 [JavaFX Application Thread] DEBUG Engine               - Architecture: amd64
19:08:44.241 [JavaFX Application Thread] INFO  Engine               - Source code and latest versions at: https://github.com/AlmasB/FXGL
19:08:44.242 [JavaFX Application Thread] INFO  Engine               -       Ask questions and discuss at: https://github.com/AlmasB/FXGL/discussions
19:08:44.242 [JavaFX Application Thread] INFO  Engine               -              Join the FXGL chat at: https://gitter.im/AlmasB/FXGL
19:08:44.304 [JavaFX Application Thread] DEBUG PrimaryStageWindow   - Creating a JavaFX scene
19:08:44.341 [JavaFX Application Thread] DEBUG PrimaryStageWindow   - Target settings size: 1250.0 x 600.0
19:08:44.341 [JavaFX Application Thread] DEBUG PrimaryStageWindow   - Scaled scene size:    1250.0 x 600.0
19:08:44.341 [JavaFX Application Thread] DEBUG PrimaryStageWindow   - Scaled ratio: (1.0, 1.0)
19:08:44.342 [JavaFX Application Thread] DEBUG PrimaryStageWindow   - Set initial scene to FXGLStartupScene
19:08:44.344 [JavaFX Application Thread] DEBUG PrimaryStageWindow   - Opening main window
19:08:44.421 [JavaFX Application Thread] DEBUG PrimaryStageWindow   - Window border size: (14.800048828125, 37.5999755859375)
19:08:44.421 [JavaFX Application Thread] DEBUG PrimaryStageWindow   - Scaled size: 1250.0 x 600.0
19:08:44.421 [JavaFX Application Thread] DEBUG PrimaryStageWindow   - Scaled ratio: (1.0, 1.0)
19:08:44.421 [JavaFX Application Thread] DEBUG PrimaryStageWindow   - Scene size: 1250.0 x 600.0
19:08:44.421 [JavaFX Application Thread] DEBUG PrimaryStageWindow   - Stage size: 1264.800048828125 x 637.5999755859375
19:08:44.428 [FXGL Background Thread 1 ] DEBUG Engine               - Initializing environment variables
19:08:44.478 [FXGL Background Thread 1 ] DEBUG FXGLAssetLoaderServi - User app class for loading assets: class me.pooh.bakudun.App
19:08:44.479 [FXGL Background Thread 1 ] DEBUG GameApplicationServi - Applying CSS: fxgl_dark.css
19:08:44.483 [FXGL Background Thread 1 ] DEBUG FXGLAssetLoaderServi - Loading from file system: jar:file:///C:/Users/POO/.m2/repository/com/github/almasb/fxgl/17.3/fxgl-17.3.jar!/fxglassets/ui/css/fxgl_dark.css
19:08:44.521 [FXGL Background Thread 1 ] DEBUG GameApplicationServi - Initializing application scenes
19:08:44.552 [FXGL Background Thread 1 ] DEBUG GameWorld            - Game world initialized
19:08:44.601 [FXGL Background Thread 1 ] DEBUG PhysicsWorld         - Physics world initialized: appHeight=600, physics.ppm=50.0
19:08:44.601 [FXGL Background Thread 1 ] DEBUG PhysicsWorld         - Using strategy: BRUTE_FORCE
19:08:44.604 [FXGL Background Thread 1 ] DEBUG GameScene            - Game scene initialized: 1250x600
19:08:44.615 [FXGL Background Thread 1 ] DEBUG FXGL.DefaultMenu     - createMenuBodyGameMenu()
19:08:44.625 [FXGL Background Thread 1 ] DEBUG FXGL.DefaultMenu     - createOptionsMenu()
19:08:44.633 [FXGL Background Thread 1 ] DEBUG FXGLAssetLoaderServi - Loading from file system: jar:file:///C:/Users/POO/.m2/repository/com/github/almasb/fxgl/17.3/fxgl-17.3.jar!/fxglassets/textures/particles/smoke.png
19:08:44.701 [FXGL Background Thread 1 ] DEBUG FXGLAssetLoaderServi - Loading from file system: jar:file:///C:/Users/POO/.m2/repository/com/github/almasb/fxgl/17.3/fxgl-17.3.jar!/fxglassets/textures/particles/trace_horizontal.png
19:08:44.723 [FXGL Background Thread 1 ] DEBUG GameApplicationServi - Application scenes initialized
19:08:44.733 [FXGL Background Thread 1 ] DEBUG SystemBundleService  - Loading FXGL system data
19:08:44.737 [FXGL Background Thread 1 ] DEBUG FileSystemAccess     - Reading from: C:\Users\POO\intellij\Bakudun\system\fxgl.bundle
19:08:44.747 [FXGL Background Thread 1 ] DEBUG SystemBundleService  - Bundle FXGL: {}
19:08:44.747 [FXGL Background Thread 1 ] DEBUG UpdaterService       - Checking for updates
19:08:44.751 [FXGL Background Thread 4 ] DEBUG FXGLApplication      - Loading fonts
19:08:44.752 [FXGL Background Thread 4 ] DEBUG FXGLAssetLoaderServi - Loading from file system: jar:file:///C:/Users/POO/.m2/repository/com/github/almasb/fxgl/17.3/fxgl-17.3.jar!/fxglassets/ui/fonts/VarelaRound-Regular.ttf
19:08:44.753 [FXGL Background Thread 1 ] DEBUG FXGLApplication      - Loading default localization
19:08:44.753 [FXGL Background Thread 1 ] DEBUG FXGLAssetLoaderServi - Loading from file system: jar:file:///C:/Users/POO/.m2/repository/com/github/almasb/fxgl/17.3/fxgl-17.3.jar!/fxglassets/languages/english.lang
19:08:44.775 [FXGL Background Thread 1 ] INFO  FXGLApplication      - FXGL initialization took: 0.347 sec
19:08:44.785 [JavaFX Application Thread] DEBUG Input                - Registered new binding: action0 - A
19:08:44.786 [FXGL Background Thread 4 ] DEBUG FXGLAssetLoaderServi - Loading from file system: jar:file:///C:/Users/POO/.m2/repository/com/github/almasb/fxgl/17.3/fxgl-17.3.jar!/fxglassets/ui/fonts/Abel-Regular.ttf
19:08:44.786 [JavaFX Application Thread] DEBUG Input                - Registered new binding: action1 - D
19:08:44.787 [JavaFX Application Thread] DEBUG Input                - Registered new binding: action2 - W
19:08:44.787 [JavaFX Application Thread] DEBUG Input                - Registered new binding: action3 - S
19:08:44.788 [JavaFX Application Thread] DEBUG FXGLAssetLoaderServi - Loading from file system: jar:file:///C:/Users/POO/.m2/repository/com/github/almasb/fxgl/17.3/fxgl-17.3.jar!/fxglassets/textures/fxgl_icon.png
19:08:44.789 [FXGL Background Thread 4 ] DEBUG FXGLAssetLoaderServi - Loading from file system: jar:file:///C:/Users/POO/.m2/repository/com/github/almasb/fxgl/17.3/fxgl-17.3.jar!/fxglassets/ui/fonts/TerminalLandMono-Regular.otf
19:08:44.793 [FXGL Background Thread 4 ] DEBUG FXGLAssetLoaderServi - Loading from file system: jar:file:///C:/Users/POO/.m2/repository/com/github/almasb/fxgl/17.3/fxgl-17.3.jar!/fxglassets/ui/fonts/Courier-Prime.ttf
19:08:44.804 [JavaFX Application Thread] DEBUG FXGLAssetLoaderServi - Loading from file system: jar:file:///C:/Users/POO/.m2/repository/com/github/almasb/fxgl/17.3/fxgl-17.3.jar!/fxglassets/textures/fxgl_default_cursor.png
19:08:44.806 [JavaFX Application Thread] DEBUG Input                - Registered new binding: Screenshot - CTRL+8
19:08:44.806 [JavaFX Application Thread] DEBUG Input                - Registered new binding: System info dump - CTRL+9
19:08:44.806 [JavaFX Application Thread] DEBUG Input                - Registered new binding: Restart - CTRL+R
19:08:44.807 [JavaFX Application Thread] DEBUG Input                - Registered new binding: Toggle Debug Camera - CTRL+7
19:08:44.809 [JavaFX Application Thread] DEBUG LoopRunner           - Starting loop
19:08:44.809 [JavaFX Application Thread] DEBUG LoopRunner           - Initializing JavaFX AnimationTimerLoop
19:08:44.810 [JavaFX Application Thread] DEBUG GameApplicationServi - Starting new game
19:08:44.811 [JavaFX Application Thread] DEBUG Input                - Clearing active input actions
19:08:44.823 [JavaFX Application Thread] DEBUG GameApplicationServi - Removing overlay from FXGLStartupScene and adding to FXGLLoadingScene
19:08:44.823 [JavaFX Application Thread] DEBUG PrimaryStageWindow   - FXGLStartupScene -> FXGLLoadingScene
19:08:44.823 [JavaFX Application Thread] DEBUG GameApplicationServi - Clearing previous game
19:08:44.823 [JavaFX Application Thread] DEBUG GameScene            - Clearing game scene
19:08:44.823 [JavaFX Application Thread] DEBUG GameWorld            - Clearing game world
19:08:44.823 [JavaFX Application Thread] DEBUG PhysicsWorld         - Clearing physics world
19:08:44.825 [FXGL Background Thread 4 ] DEBUG FXGLApplication      - Initializing game
19:08:44.826 [JavaFX Application Thread] DEBUG FXGLApplication      - Registering font factories with UI factory
19:08:44.832 [FXGL Background Thread 4 ] WARN  FXGLAssetLoaderServi - Asset "/assets/textures/ship.png" was not found!
19:08:44.832 [FXGL Background Thread 4 ] WARN  FXGLAssetLoaderServi - Failed to load IMAGE
19:08:44.931 [FXGL Background Thread 4 ] WARN  FXGLAssetLoaderServi - Asset "/assets/textures/ship.png" was not found!
19:08:44.931 [FXGL Background Thread 4 ] WARN  FXGLAssetLoaderServi - Failed to load IMAGE
19:08:44.932 [FXGL Background Thread 4 ] INFO  FXGLApplication      - Game initialization took: 0.107 sec
19:08:44.933 [JavaFX Application Thread] DEBUG Input                - Clearing active input actions
19:08:44.940 [JavaFX Application Thread] DEBUG GameApplicationServi - Removing overlay from FXGLLoadingScene and adding to GameScene
19:08:44.940 [JavaFX Application Thread] DEBUG PrimaryStageWindow   - FXGLLoadingScene -> GameScene
19:08:45.311 [FXGL Background Thread 2 ] INFO  UpdaterService       - Your current version:  17.3
19:08:45.311 [FXGL Background Thread 2 ] INFO  UpdaterService       - Latest stable version: 21.1
19:08:47.476 [JavaFX Application Thread] DEBUG FXGLApplication      - Exiting FXGL
19:08:47.476 [JavaFX Application Thread] DEBUG LoopRunner           - Stopping loop
19:08:47.476 [JavaFX Application Thread] DEBUG SystemBundleService  - Saving FXGL system data
19:08:47.478 [JavaFX Application Thread] DEBUG FileSystemAccess     - Writing to: C:\Users\POO\intellij\Bakudun\system\fxgl.bundle
19:08:47.479 [JavaFX Application Thread] DEBUG Async                - Shutting down background threads
19:08:47.480 [JavaFX Application Thread] DEBUG PrimaryStageWindow   - Closing main window
19:08:47.494 [JavaFX Application Thread] DEBUG Logger               - Closing Logger
