21:32:37.545 [main                     ] DEBUG Logger               - Configured Logger
21:32:37.584 [main                     ] DEBUG GameApplication      - Logging settings
Title: BomberMan
Version: 0.1
Width: 1200
Height: 750
Fullscreen: false
Intro: false
Profiling: false
Single step:false
App Mode: DEVELOPER
Menu Key: ESCAPE
Stage Style: DECORATED
Scene Factory: class com.almasb.fxgl.app.scene.SceneFactory

21:32:38.096 [JavaFX Application Thread] DEBUG FXGLApplication      - Initializing FXGL
21:32:38.102 [JavaFX Application Thread] INFO  Engine               - FXGL-17.3 (30.03.2023 11.49) on WINDOWS (J:21.0.2 FX:21)
21:32:38.102 [JavaFX Application Thread] DEBUG Engine               - JRE Vendor Name: Oracle Corporation
21:32:38.103 [JavaFX Application Thread] DEBUG Engine               - Running on OS: Windows 11 version 10.0
21:32:38.103 [JavaFX Application Thread] DEBUG Engine               - Architecture: amd64
21:32:38.103 [JavaFX Application Thread] INFO  Engine               - Source code and latest versions at: https://github.com/AlmasB/FXGL
21:32:38.103 [JavaFX Application Thread] INFO  Engine               -       Ask questions and discuss at: https://github.com/AlmasB/FXGL/discussions
21:32:38.103 [JavaFX Application Thread] INFO  Engine               -              Join the FXGL chat at: https://gitter.im/AlmasB/FXGL
21:32:38.230 [JavaFX Application Thread] DEBUG PrimaryStageWindow   - Creating a JavaFX scene
21:32:38.303 [JavaFX Application Thread] DEBUG PrimaryStageWindow   - Target settings size: 1200.0 x 750.0
21:32:38.304 [JavaFX Application Thread] DEBUG PrimaryStageWindow   - Scaled scene size:    1200.0 x 750.0
21:32:38.305 [JavaFX Application Thread] DEBUG PrimaryStageWindow   - Scaled ratio: (1.0, 1.0)
21:32:38.307 [JavaFX Application Thread] DEBUG PrimaryStageWindow   - Set initial scene to FXGLStartupScene
21:32:38.312 [JavaFX Application Thread] DEBUG PrimaryStageWindow   - Opening main window
21:32:38.484 [JavaFX Application Thread] DEBUG PrimaryStageWindow   - Window border size: (14.4000244140625, 38.0)
21:32:38.485 [JavaFX Application Thread] DEBUG PrimaryStageWindow   - Scaled size: 1200.0 x 750.0
21:32:38.485 [JavaFX Application Thread] DEBUG PrimaryStageWindow   - Scaled ratio: (1.0, 1.0)
21:32:38.486 [JavaFX Application Thread] DEBUG PrimaryStageWindow   - Scene size: 1200.0 x 750.0
21:32:38.486 [JavaFX Application Thread] DEBUG PrimaryStageWindow   - Stage size: 1214.4000244140625 x 788.0
21:32:38.499 [FXGL Background Thread 1 ] DEBUG Engine               - Initializing environment variables
21:32:38.574 [FXGL Background Thread 1 ] DEBUG FXGLAssetLoaderServi - User app class for loading assets: class me.pooh.bakudun.App
21:32:38.575 [FXGL Background Thread 1 ] DEBUG GameApplicationServi - Applying CSS: fxgl_dark.css
21:32:38.576 [FXGL Background Thread 1 ] DEBUG FXGLAssetLoaderServi - Loading from file system: jar:file:///C:/Users/Lenovo/.m2/repository/com/github/almasb/fxgl/17.3/fxgl-17.3.jar!/fxglassets/ui/css/fxgl_dark.css
21:32:38.636 [FXGL Background Thread 1 ] DEBUG GameApplicationServi - Initializing application scenes
21:32:38.680 [FXGL Background Thread 1 ] DEBUG GameWorld            - Game world initialized
21:32:38.758 [FXGL Background Thread 1 ] DEBUG PhysicsWorld         - Physics world initialized: appHeight=750, physics.ppm=50.0
21:32:38.758 [FXGL Background Thread 1 ] DEBUG PhysicsWorld         - Using strategy: BRUTE_FORCE
21:32:38.765 [FXGL Background Thread 1 ] DEBUG GameScene            - Game scene initialized: 1200x750
21:32:38.786 [FXGL Background Thread 1 ] DEBUG FXGL.DefaultMenu     - createMenuBodyGameMenu()
21:32:38.805 [FXGL Background Thread 1 ] DEBUG FXGL.DefaultMenu     - createOptionsMenu()
21:32:38.819 [FXGL Background Thread 1 ] DEBUG FXGLAssetLoaderServi - Loading from file system: jar:file:///C:/Users/Lenovo/.m2/repository/com/github/almasb/fxgl/17.3/fxgl-17.3.jar!/fxglassets/textures/particles/smoke.png
21:32:38.961 [FXGL Background Thread 1 ] DEBUG FXGLAssetLoaderServi - Loading from file system: jar:file:///C:/Users/Lenovo/.m2/repository/com/github/almasb/fxgl/17.3/fxgl-17.3.jar!/fxglassets/textures/particles/trace_horizontal.png
21:32:38.999 [FXGL Background Thread 1 ] DEBUG GameApplicationServi - Application scenes initialized
21:32:39.016 [FXGL Background Thread 1 ] DEBUG SystemBundleService  - Loading FXGL system data
21:32:39.023 [FXGL Background Thread 1 ] DEBUG FileSystemAccess     - Reading from: C:\Users\Lenovo\IdeaProjects\Bakudun\system\fxgl.bundle
21:32:39.037 [FXGL Background Thread 1 ] DEBUG SystemBundleService  - Bundle FXGL: {}
21:32:39.037 [FXGL Background Thread 1 ] DEBUG UpdaterService       - Checking for updates
21:32:39.043 [FXGL Background Thread 4 ] DEBUG FXGLApplication      - Loading fonts
21:32:39.043 [FXGL Background Thread 4 ] DEBUG FXGLAssetLoaderServi - Loading from file system: jar:file:///C:/Users/Lenovo/.m2/repository/com/github/almasb/fxgl/17.3/fxgl-17.3.jar!/fxglassets/ui/fonts/VarelaRound-Regular.ttf
21:32:39.043 [FXGL Background Thread 1 ] DEBUG FXGLApplication      - Loading default localization
21:32:39.044 [FXGL Background Thread 1 ] DEBUG FXGLAssetLoaderServi - Loading from file system: jar:file:///C:/Users/Lenovo/.m2/repository/com/github/almasb/fxgl/17.3/fxgl-17.3.jar!/fxglassets/languages/english.lang
21:32:39.067 [FXGL Background Thread 1 ] INFO  FXGLApplication      - FXGL initialization took: 0.568 sec
21:32:39.078 [FXGL Background Thread 4 ] DEBUG FXGLAssetLoaderServi - Loading from file system: jar:file:///C:/Users/Lenovo/.m2/repository/com/github/almasb/fxgl/17.3/fxgl-17.3.jar!/fxglassets/ui/fonts/Abel-Regular.ttf
21:32:39.081 [JavaFX Application Thread] DEBUG Input                - Registered new binding: action0 - Left
21:32:39.082 [JavaFX Application Thread] DEBUG Input                - Registered new binding: action1 - Right
21:32:39.082 [JavaFX Application Thread] DEBUG Input                - Registered new binding: action2 - Up
21:32:39.083 [JavaFX Application Thread] DEBUG Input                - Registered new binding: action3 - Down
21:32:39.083 [JavaFX Application Thread] DEBUG FXGLAssetLoaderServi - Loading from file system: jar:file:///C:/Users/Lenovo/.m2/repository/com/github/almasb/fxgl/17.3/fxgl-17.3.jar!/fxglassets/textures/fxgl_icon.png
21:32:39.083 [FXGL Background Thread 4 ] DEBUG FXGLAssetLoaderServi - Loading from file system: jar:file:///C:/Users/Lenovo/.m2/repository/com/github/almasb/fxgl/17.3/fxgl-17.3.jar!/fxglassets/ui/fonts/TerminalLandMono-Regular.otf
21:32:39.088 [FXGL Background Thread 4 ] DEBUG FXGLAssetLoaderServi - Loading from file system: jar:file:///C:/Users/Lenovo/.m2/repository/com/github/almasb/fxgl/17.3/fxgl-17.3.jar!/fxglassets/ui/fonts/Courier-Prime.ttf
21:32:39.103 [JavaFX Application Thread] DEBUG FXGLAssetLoaderServi - Loading from file system: jar:file:///C:/Users/Lenovo/.m2/repository/com/github/almasb/fxgl/17.3/fxgl-17.3.jar!/fxglassets/textures/fxgl_default_cursor.png
21:32:39.106 [JavaFX Application Thread] DEBUG Input                - Registered new binding: Screenshot - CTRL+8
21:32:39.106 [JavaFX Application Thread] DEBUG Input                - Registered new binding: System info dump - CTRL+9
21:32:39.107 [JavaFX Application Thread] DEBUG Input                - Registered new binding: Restart - CTRL+R
21:32:39.107 [JavaFX Application Thread] DEBUG Input                - Registered new binding: Toggle Debug Camera - CTRL+7
21:32:39.110 [JavaFX Application Thread] DEBUG LoopRunner           - Starting loop
21:32:39.110 [JavaFX Application Thread] DEBUG LoopRunner           - Initializing JavaFX AnimationTimerLoop
21:32:39.111 [JavaFX Application Thread] DEBUG GameApplicationServi - Starting new game
21:32:39.112 [JavaFX Application Thread] DEBUG Input                - Clearing active input actions
21:32:39.125 [JavaFX Application Thread] DEBUG GameApplicationServi - Removing overlay from FXGLStartupScene and adding to FXGLLoadingScene
21:32:39.125 [JavaFX Application Thread] DEBUG PrimaryStageWindow   - FXGLStartupScene -> FXGLLoadingScene
21:32:39.125 [JavaFX Application Thread] DEBUG GameApplicationServi - Clearing previous game
21:32:39.125 [JavaFX Application Thread] DEBUG GameScene            - Clearing game scene
21:32:39.125 [JavaFX Application Thread] DEBUG GameWorld            - Clearing game world
21:32:39.126 [JavaFX Application Thread] DEBUG PhysicsWorld         - Clearing physics world
21:32:39.127 [JavaFX Application Thread] DEBUG FXGLApplication      - Registering font factories with UI factory
21:32:39.127 [FXGL Background Thread 4 ] DEBUG FXGLApplication      - Initializing game
21:32:39.189 [FXGL Background Thread 4 ] WARN  TMXLevelLoader       - TiledMap generated from 1.11.2. Supported version: 1.9.0. Some features may not be parsed fully.
21:32:39.197 [FXGL Background Thread 4 ] DEBUG TMXLevelLoader       - Parsed TiledMap: file:/C:/Users/Lenovo/IdeaProjects/Bakudun/target/classes/assets/levels/Map0-0.tmx
21:32:39.198 [FXGL Background Thread 4 ] DEBUG TMXLevelLoader       - Creating tile layer entities
21:32:39.201 [FXGL Background Thread 4 ] DEBUG TilesetLoader        - Loading view for layer เลเยอร์ไทล์ 1
21:32:39.202 [FXGL Background Thread 4 ] DEBUG TilesetLoader        - Created buffer with size 640.0x480.0
21:32:39.215 [FXGL Background Thread 4 ] WARN  TilesetLoader        - Diagonally flipped tiles are not currently supported
21:32:39.233 [FXGL Background Thread 4 ] WARN  TilesetLoader        - Diagonally flipped tiles are not currently supported
21:32:39.249 [FXGL Background Thread 4 ] DEBUG TilesetLoader        - Loading view for layer เลเยอร์ไทล์ 2
21:32:39.250 [FXGL Background Thread 4 ] DEBUG TilesetLoader        - Created buffer with size 640.0x480.0
21:32:39.252 [FXGL Background Thread 4 ] DEBUG TilesetLoader        - Loading view for layer เลเยอร์ไทล์ 3
21:32:39.253 [FXGL Background Thread 4 ] DEBUG TilesetLoader        - Created buffer with size 640.0x480.0
21:32:39.254 [FXGL Background Thread 4 ] DEBUG TilesetLoader        - Loading view for layer เลเยอร์ไทล์ 4
21:32:39.256 [FXGL Background Thread 4 ] DEBUG TilesetLoader        - Created buffer with size 640.0x480.0
21:32:39.256 [FXGL Background Thread 4 ] DEBUG TMXLevelLoader       - Creating object layer entities
21:32:39.260 [FXGL Background Thread 4 ] WARN  TMXLevelLoader       - TiledMap generated from 1.11.2. Supported version: 1.9.0. Some features may not be parsed fully.
21:32:39.265 [FXGL Background Thread 4 ] DEBUG TMXLevelLoader       - Parsed TiledMap: file:/C:/Users/Lenovo/IdeaProjects/Bakudun/target/classes/assets/levels/Map0-0.tmx
21:32:39.265 [FXGL Background Thread 4 ] DEBUG TMXLevelLoader       - Creating tile layer entities
21:32:39.266 [FXGL Background Thread 4 ] DEBUG TilesetLoader        - Loading view for layer เลเยอร์ไทล์ 1
21:32:39.267 [FXGL Background Thread 4 ] DEBUG TilesetLoader        - Created buffer with size 640.0x480.0
21:32:39.273 [FXGL Background Thread 4 ] WARN  TilesetLoader        - Diagonally flipped tiles are not currently supported
21:32:39.293 [FXGL Background Thread 4 ] WARN  TilesetLoader        - Diagonally flipped tiles are not currently supported
21:32:39.305 [FXGL Background Thread 4 ] DEBUG TilesetLoader        - Loading view for layer เลเยอร์ไทล์ 2
21:32:39.305 [FXGL Background Thread 4 ] DEBUG TilesetLoader        - Created buffer with size 640.0x480.0
21:32:39.307 [FXGL Background Thread 4 ] DEBUG TilesetLoader        - Loading view for layer เลเยอร์ไทล์ 3
21:32:39.307 [FXGL Background Thread 4 ] DEBUG TilesetLoader        - Created buffer with size 640.0x480.0
21:32:39.308 [FXGL Background Thread 4 ] DEBUG TilesetLoader        - Loading view for layer เลเยอร์ไทล์ 4
21:32:39.308 [FXGL Background Thread 4 ] DEBUG TilesetLoader        - Created buffer with size 640.0x480.0
21:32:39.308 [FXGL Background Thread 4 ] DEBUG TMXLevelLoader       - Creating object layer entities
21:32:39.308 [FXGL Background Thread 4 ] DEBUG GameWorld            - Clearing removable entities
21:32:39.309 [FXGL Background Thread 4 ] DEBUG GameWorld            - Setting level: com.almasb.fxgl.entity.level.Level@6b082aca
21:32:39.315 [FXGL Background Thread 4 ] DEBUG FXGLAssetLoaderServi - Loading from file system: file:/C:/Users/Lenovo/IdeaProjects/Bakudun/target/classes/assets/textures/bomb3_resized.png
21:32:39.317 [FXGL Background Thread 4 ] INFO  FXGLApplication      - Game initialization took: 0.190 sec
21:32:39.325 [JavaFX Application Thread] DEBUG Input                - Clearing active input actions
21:32:39.335 [JavaFX Application Thread] DEBUG GameApplicationServi - Removing overlay from FXGLLoadingScene and adding to GameScene
21:32:39.335 [JavaFX Application Thread] DEBUG PrimaryStageWindow   - FXGLLoadingScene -> GameScene
21:32:40.020 [FXGL Background Thread 2 ] INFO  UpdaterService       - Your current version:  17.3
21:32:40.020 [FXGL Background Thread 2 ] INFO  UpdaterService       - Latest stable version: 21.1
21:32:41.859 [JavaFX Application Thread] DEBUG LoopRunner           - Stopping loop
21:32:41.861 [JavaFX Application Thread] FATAL FXGLApplication      - Uncaught Exception:
java.lang.IllegalArgumentException: Property pixelsMoved does not exist
	at com.almasb.fxgl.core@17.3/com.almasb.fxgl.core.collection.PropertyMap.get(PropertyMap.kt:279)
	at com.almasb.fxgl.core@17.3/com.almasb.fxgl.core.collection.PropertyMap.intProperty(PropertyMap.kt:172)
	at com.almasb.fxgl.core@17.3/com.almasb.fxgl.core.collection.PropertyMap.increment(PropertyMap.kt:153)
	at com.almasb.fxgl.all@17.3/com.almasb.fxgl.dsl.FXGL$Companion.inc(FXGL.kt:326)
	at com.almasb.fxgl.all@17.3/com.almasb.fxgl.dsl.FXGL.inc(FXGL.kt)
	at me.pooh.bakudun/me.pooh.bakudun.App.lambda$initInput$2(App.java:83)
	at com.almasb.fxgl.all@17.3/com.almasb.fxgl.dsl.FXGL$Companion$onKey$1.onAction(FXGL.kt:500)
	at com.almasb.fxgl.core@17.3/com.almasb.fxgl.input.UserAction.action$fxgl_core(UserAction.kt:38)
	at com.almasb.fxgl.core@17.3/com.almasb.fxgl.input.Input.update(Input.kt:288)
	at com.almasb.fxgl.scene@17.3/com.almasb.fxgl.scene.Scene.update(Scene.kt:103)
	at com.almasb.fxgl.all@17.3/com.almasb.fxgl.app.MainWindow$update$1.invoke(MainWindow.kt:115)
	at com.almasb.fxgl.all@17.3/com.almasb.fxgl.app.MainWindow$update$1.invoke(MainWindow.kt:115)
	at com.almasb.fxgl.core@17.3/com.almasb.fxgl.core.fsm.StateMachine.runOnActiveStates(StateMachine.kt:69)
	at com.almasb.fxgl.all@17.3/com.almasb.fxgl.app.MainWindow.update(MainWindow.kt:115)
	at com.almasb.fxgl.all@17.3/com.almasb.fxgl.app.FXGLApplication$GameApplicationService.onUpdate(FXGLApplication.kt:426)
	at com.almasb.fxgl.all@17.3/com.almasb.fxgl.app.Engine.loop(Engine.kt:134)
	at com.almasb.fxgl.all@17.3/com.almasb.fxgl.app.Engine.access$loop(Engine.kt:24)
	at com.almasb.fxgl.all@17.3/com.almasb.fxgl.app.Engine$loop$1.invoke(Engine.kt:28)
	at com.almasb.fxgl.all@17.3/com.almasb.fxgl.app.Engine$loop$1.invoke(Engine.kt:28)
	at com.almasb.fxgl.all@17.3/com.almasb.fxgl.app.LoopRunner.frame(LoopRunner.kt:103)
	at com.almasb.fxgl.all@17.3/com.almasb.fxgl.app.LoopRunner.access$frame(LoopRunner.kt:23)
	at com.almasb.fxgl.all@17.3/com.almasb.fxgl.app.LoopRunner$impl$2$1.onTick(LoopRunner.kt:57)
	at com.almasb.fxgl.all@17.3/com.almasb.fxgl.app.AnimationTimerLoop$timer$1.handle(LoopRunner.kt:137)
	at javafx.graphics@21/javafx.animation.AnimationTimer$AnimationTimerReceiver.lambda$handle$0(AnimationTimer.java:58)
	at java.base/java.security.AccessController.doPrivileged(AccessController.java:400)
	at javafx.graphics@21/javafx.animation.AnimationTimer$AnimationTimerReceiver.handle(AnimationTimer.java:57)
	at javafx.graphics@21/com.sun.scenario.animation.AbstractPrimaryTimer.timePulseImpl(AbstractPrimaryTimer.java:356)
	at javafx.graphics@21/com.sun.scenario.animation.AbstractPrimaryTimer$MainLoop.run(AbstractPrimaryTimer.java:266)
	at javafx.graphics@21/com.sun.javafx.tk.quantum.QuantumToolkit.pulse(QuantumToolkit.java:588)
	at javafx.graphics@21/com.sun.javafx.tk.quantum.QuantumToolkit.pulse(QuantumToolkit.java:572)
	at javafx.graphics@21/com.sun.javafx.tk.quantum.QuantumToolkit.pulseFromQueue(QuantumToolkit.java:565)
	at javafx.graphics@21/com.sun.javafx.tk.quantum.QuantumToolkit.lambda$runToolkit$11(QuantumToolkit.java:352)
	at javafx.graphics@21/com.sun.glass.ui.InvokeLaterDispatcher$Future.run(InvokeLaterDispatcher.java:95)
	at javafx.graphics@21/com.sun.glass.ui.win.WinApplication._runLoop(Native Method)
	at javafx.graphics@21/com.sun.glass.ui.win.WinApplication.lambda$runLoop$3(WinApplication.java:185)
	at java.base/java.lang.Thread.run(Thread.java:1583)

21:32:41.862 [JavaFX Application Thread] FATAL FXGLApplication      - Application will now exit
21:32:41.882 [JavaFX Application Thread] DEBUG PrimaryStageWindow   - Push state: ErrorSubScene
21:32:41.883 [JavaFX Application Thread] DEBUG Input                - Clearing active input actions
21:32:41.890 [JavaFX Application Thread] DEBUG GameApplicationServi - Removing overlay from GameScene and adding to ErrorSubScene
21:32:41.891 [JavaFX Application Thread] DEBUG PrimaryStageWindow   - GameScene -> ErrorSubScene
21:32:42.041 [FXGL Background Thread 3 ] DEBUG Engine               - Logging environment variables
21:32:42.042 [FXGL Background Thread 3 ] DEBUG Engine               - achievements: []
21:32:42.042 [FXGL Background Thread 3 ] DEBUG Engine               - actualHeight: 750.0
21:32:42.042 [FXGL Background Thread 3 ] DEBUG Engine               - actualHeightProperty: ReadOnlyDoubleProperty [value: 750.0]
21:32:42.042 [FXGL Background Thread 3 ] DEBUG Engine               - actualWidth: 1200.0
21:32:42.042 [FXGL Background Thread 3 ] DEBUG Engine               - actualWidthProperty: ReadOnlyDoubleProperty [value: 1200.0]
21:32:42.043 [FXGL Background Thread 3 ] DEBUG Engine               - appIcon: fxgl_icon.png
21:32:42.043 [FXGL Background Thread 3 ] DEBUG Engine               - applicationMode: DEVELOPER
21:32:42.043 [FXGL Background Thread 3 ] DEBUG Engine               - cSSList: [fxgl_dark.css]
21:32:42.043 [FXGL Background Thread 3 ] DEBUG Engine               - collisionDetectionStrategy: BRUTE_FORCE
21:32:42.043 [FXGL Background Thread 3 ] DEBUG Engine               - configClass: Optional.empty
21:32:42.043 [FXGL Background Thread 3 ] DEBUG Engine               - credits: []
21:32:42.044 [FXGL Background Thread 3 ] DEBUG Engine               - defaultCursor: CursorInfo(imageName=fxgl_default_cursor.png, hotspotX=7.0, hotspotY=6.0)
21:32:42.044 [FXGL Background Thread 3 ] DEBUG Engine               - devBBoxColorProperty: ObjectProperty [value: 0xff0000ff]
21:32:42.044 [FXGL Background Thread 3 ] DEBUG Engine               - devEnableDebugCameraProperty: BooleanProperty [value: false]
21:32:42.045 [FXGL Background Thread 3 ] DEBUG Engine               - devSensorColorProperty: ObjectProperty [value: 0xffff00ff]
21:32:42.045 [FXGL Background Thread 3 ] DEBUG Engine               - devShowBBoxProperty: BooleanProperty [value: false]
21:32:42.045 [FXGL Background Thread 3 ] DEBUG Engine               - devShowPositionProperty: BooleanProperty [value: false]
21:32:42.045 [FXGL Background Thread 3 ] DEBUG Engine               - enabledMenuItems: []
21:32:42.045 [FXGL Background Thread 3 ] DEBUG Engine               - engineServices: [class com.almasb.fxgl.app.services.FXGLAssetLoaderService, class com.almasb.fxgl.app.FXGLApplication$GameApplicationService, class com.almasb.fxgl.app.services.FXGLDialogService, class com.almasb.fxgl.app.services.IOTaskExecutorService, class com.almasb.fxgl.io.FileSystemService, class com.almasb.fxgl.localization.LocalizationService, class com.almasb.fxgl.app.services.SystemBundleService, class com.almasb.fxgl.profile.SaveLoadService, class com.almasb.fxgl.ui.FXGLUIFactoryServiceProvider, class com.almasb.fxgl.ui.FXGLDialogFactoryServiceProvider, class com.almasb.fxgl.audio.AudioPlayer, class com.almasb.fxgl.notification.impl.NotificationServiceProvider, class com.almasb.fxgl.achievement.AchievementService, class com.almasb.fxgl.cutscene.CutsceneService, class com.almasb.fxgl.minigames.MiniGameService, class com.almasb.fxgl.net.NetService, class com.almasb.fxgl.app.services.UpdaterService, class com.almasb.fxgl.dev.DevService]
21:32:42.045 [FXGL Background Thread 3 ] DEBUG Engine               - fontGame: Abel-Regular.ttf
21:32:42.045 [FXGL Background Thread 3 ] DEBUG Engine               - fontMono: TerminalLandMono-Regular.otf
21:32:42.045 [FXGL Background Thread 3 ] DEBUG Engine               - fontSizeScaleUI: 1.0
21:32:42.045 [FXGL Background Thread 3 ] DEBUG Engine               - fontText: Courier-Prime.ttf
21:32:42.045 [FXGL Background Thread 3 ] DEBUG Engine               - fontUI: VarelaRound-Regular.ttf
21:32:42.045 [FXGL Background Thread 3 ] DEBUG Engine               - fullScreen: BooleanProperty [value: false]
21:32:42.046 [FXGL Background Thread 3 ] DEBUG Engine               - gameDifficulty: MEDIUM
21:32:42.046 [FXGL Background Thread 3 ] DEBUG Engine               - gameDifficultyProperty: ObjectProperty [value: MEDIUM]
21:32:42.046 [FXGL Background Thread 3 ] DEBUG Engine               - globalMusicVolume: 0.5
21:32:42.046 [FXGL Background Thread 3 ] DEBUG Engine               - globalMusicVolumeProperty: DoubleProperty [value: 0.5]
21:32:42.046 [FXGL Background Thread 3 ] DEBUG Engine               - globalSoundVolume: 0.5
21:32:42.046 [FXGL Background Thread 3 ] DEBUG Engine               - globalSoundVolumeProperty: DoubleProperty [value: 0.5]
21:32:42.046 [FXGL Background Thread 3 ] DEBUG Engine               - height: 750
21:32:42.046 [FXGL Background Thread 3 ] DEBUG Engine               - is3D: false
21:32:42.046 [FXGL Background Thread 3 ] DEBUG Engine               - isAndroid: false
21:32:42.046 [FXGL Background Thread 3 ] DEBUG Engine               - isBrowser: false
21:32:42.046 [FXGL Background Thread 3 ] DEBUG Engine               - isClickFeedbackEnabled: false
21:32:42.046 [FXGL Background Thread 3 ] DEBUG Engine               - isCloseConfirmation: false
21:32:42.046 [FXGL Background Thread 3 ] DEBUG Engine               - isDesktop: true
21:32:42.046 [FXGL Background Thread 3 ] DEBUG Engine               - isDeveloperMenuEnabled: false
21:32:42.047 [FXGL Background Thread 3 ] DEBUG Engine               - isEmbedded: false
21:32:42.047 [FXGL Background Thread 3 ] DEBUG Engine               - isEntityPreloadEnabled: true
21:32:42.047 [FXGL Background Thread 3 ] DEBUG Engine               - isExperimentalTiledLargeMap: false
21:32:42.047 [FXGL Background Thread 3 ] DEBUG Engine               - isFileSystemWriteAllowed: true
21:32:42.047 [FXGL Background Thread 3 ] DEBUG Engine               - isFullScreenAllowed: false
21:32:42.047 [FXGL Background Thread 3 ] DEBUG Engine               - isFullScreenFromStart: false
21:32:42.047 [FXGL Background Thread 3 ] DEBUG Engine               - isGameMenuEnabled: true
21:32:42.047 [FXGL Background Thread 3 ] DEBUG Engine               - isIOS: false
21:32:42.047 [FXGL Background Thread 3 ] DEBUG Engine               - isIntroEnabled: false
21:32:42.047 [FXGL Background Thread 3 ] DEBUG Engine               - isLinux: false
21:32:42.048 [FXGL Background Thread 3 ] DEBUG Engine               - isMac: false
21:32:42.048 [FXGL Background Thread 3 ] DEBUG Engine               - isMainMenuEnabled: false
21:32:42.048 [FXGL Background Thread 3 ] DEBUG Engine               - isManualResizeEnabled: false
21:32:42.048 [FXGL Background Thread 3 ] DEBUG Engine               - isMobile: false
21:32:42.048 [FXGL Background Thread 3 ] DEBUG Engine               - isNative: false
21:32:42.048 [FXGL Background Thread 3 ] DEBUG Engine               - isPauseMusicWhenMinimized: true
21:32:42.048 [FXGL Background Thread 3 ] DEBUG Engine               - isPreserveResizeRatio: false
21:32:42.048 [FXGL Background Thread 3 ] DEBUG Engine               - isProfilingEnabled: false
21:32:42.049 [FXGL Background Thread 3 ] DEBUG Engine               - isScaleAffectedOnResize: true
21:32:42.049 [FXGL Background Thread 3 ] DEBUG Engine               - isSingleStep: false
21:32:42.049 [FXGL Background Thread 3 ] DEBUG Engine               - isUserProfileEnabled: false
21:32:42.049 [FXGL Background Thread 3 ] DEBUG Engine               - isWindows: true
21:32:42.049 [FXGL Background Thread 3 ] DEBUG Engine               - language: ObjectProperty [value: ENGLISH]
21:32:42.049 [FXGL Background Thread 3 ] DEBUG Engine               - menuKey: ESCAPE
21:32:42.049 [FXGL Background Thread 3 ] DEBUG Engine               - mouseSensitivity: 0.2
21:32:42.049 [FXGL Background Thread 3 ] DEBUG Engine               - notificationViewClass: class com.almasb.fxgl.notification.view.XboxNotificationView
21:32:42.049 [FXGL Background Thread 3 ] DEBUG Engine               - pixelsPerMeter: 50.0
21:32:42.049 [FXGL Background Thread 3 ] DEBUG Engine               - platform: WINDOWS
21:32:42.050 [FXGL Background Thread 3 ] DEBUG Engine               - prefHeightProperty: ReadOnlyDoubleProperty [value: 750.0]
21:32:42.050 [FXGL Background Thread 3 ] DEBUG Engine               - prefWidthProperty: ReadOnlyDoubleProperty [value: 1200.0]
21:32:42.050 [FXGL Background Thread 3 ] DEBUG Engine               - profileDir: profiles/
21:32:42.050 [FXGL Background Thread 3 ] DEBUG Engine               - profileName: StringProperty [value: DEFAULT]
21:32:42.050 [FXGL Background Thread 3 ] DEBUG Engine               - randomSeed: -1
21:32:42.050 [FXGL Background Thread 3 ] DEBUG Engine               - runtimeInfo: RuntimeInfo(platform=WINDOWS, version=17.3, build=30.03.2023 11.49)
21:32:42.050 [FXGL Background Thread 3 ] DEBUG Engine               - saveFileExt: sav
21:32:42.050 [FXGL Background Thread 3 ] DEBUG Engine               - scaledHeightProp$fxgl: DoubleProperty [bound, value: 750.0]
21:32:42.050 [FXGL Background Thread 3 ] DEBUG Engine               - scaledWidthProp$fxgl: DoubleProperty [bound, value: 1200.0]
21:32:42.051 [FXGL Background Thread 3 ] DEBUG Engine               - sceneFactory: com.almasb.fxgl.app.scene.SceneFactory@3263069d
21:32:42.051 [FXGL Background Thread 3 ] DEBUG Engine               - secondsIn24h: 60
21:32:42.051 [FXGL Background Thread 3 ] DEBUG Engine               - soundMenuBack: menu/back.wav
21:32:42.051 [FXGL Background Thread 3 ] DEBUG Engine               - soundMenuPress: menu/press.wav
21:32:42.051 [FXGL Background Thread 3 ] DEBUG Engine               - soundMenuSelect: menu/select.wav
21:32:42.051 [FXGL Background Thread 3 ] DEBUG Engine               - soundNotification: core/notification.wav
21:32:42.051 [FXGL Background Thread 3 ] DEBUG Engine               - stageStyle: DECORATED
21:32:42.051 [FXGL Background Thread 3 ] DEBUG Engine               - supportedLanguages: [ENGLISH, FRENCH, GERMAN, HUNGARIAN, RUSSIAN]
21:32:42.051 [FXGL Background Thread 3 ] DEBUG Engine               - ticksPerSecond: -1
21:32:42.051 [FXGL Background Thread 3 ] DEBUG Engine               - title: BomberMan
21:32:42.051 [FXGL Background Thread 3 ] DEBUG Engine               - urlGithub: https://github.com/AlmasB/FXGL
21:32:42.051 [FXGL Background Thread 3 ] DEBUG Engine               - urlLeaderboard: http://fxgl-top.herokuapp.com/
21:32:42.051 [FXGL Background Thread 3 ] DEBUG Engine               - urlPOM: https://raw.githubusercontent.com/AlmasB/FXGL/release/README.md
21:32:42.051 [FXGL Background Thread 3 ] DEBUG Engine               - userAppClass: class me.pooh.bakudun.App
21:32:42.051 [FXGL Background Thread 3 ] DEBUG Engine               - version: 0.1
21:32:42.051 [FXGL Background Thread 3 ] DEBUG Engine               - versionCheckDays: 7
21:32:42.051 [FXGL Background Thread 3 ] DEBUG Engine               - width: 1200
21:32:42.053 [FXGL Background Thread 3 ] DEBUG Engine               - Logging services
21:32:42.053 [FXGL Background Thread 3 ] DEBUG Engine               - class com.almasb.fxgl.app.services.FXGLAssetLoaderService
21:32:42.053 [FXGL Background Thread 3 ] DEBUG Engine               - class com.almasb.fxgl.app.FXGLApplication$GameApplicationService
21:32:42.053 [FXGL Background Thread 3 ] DEBUG Engine               - class com.almasb.fxgl.app.services.FXGLDialogService
21:32:42.053 [FXGL Background Thread 3 ] DEBUG Engine               - class com.almasb.fxgl.app.services.IOTaskExecutorService
21:32:42.053 [FXGL Background Thread 3 ] DEBUG Engine               - class com.almasb.fxgl.io.FileSystemService
21:32:42.053 [FXGL Background Thread 3 ] DEBUG Engine               - class com.almasb.fxgl.localization.LocalizationService
21:32:42.053 [FXGL Background Thread 3 ] DEBUG Engine               - class com.almasb.fxgl.app.services.SystemBundleService
21:32:42.053 [FXGL Background Thread 3 ] DEBUG Engine               - class com.almasb.fxgl.profile.SaveLoadService
21:32:42.053 [FXGL Background Thread 3 ] DEBUG Engine               - class com.almasb.fxgl.ui.FXGLUIFactoryServiceProvider
21:32:42.053 [FXGL Background Thread 3 ] DEBUG Engine               - class com.almasb.fxgl.ui.FXGLDialogFactoryServiceProvider
21:32:42.053 [FXGL Background Thread 3 ] DEBUG Engine               - class com.almasb.fxgl.audio.AudioPlayer
21:32:42.053 [FXGL Background Thread 3 ] DEBUG Engine               - class com.almasb.fxgl.notification.impl.NotificationServiceProvider
21:32:42.053 [FXGL Background Thread 3 ] DEBUG Engine               - class com.almasb.fxgl.achievement.AchievementService
21:32:42.053 [FXGL Background Thread 3 ] DEBUG Engine               - class com.almasb.fxgl.cutscene.CutsceneService
21:32:42.053 [FXGL Background Thread 3 ] DEBUG Engine               - class com.almasb.fxgl.minigames.MiniGameService
21:32:42.053 [FXGL Background Thread 3 ] DEBUG Engine               - class com.almasb.fxgl.net.NetService
21:32:42.053 [FXGL Background Thread 3 ] DEBUG Engine               - class com.almasb.fxgl.app.services.UpdaterService
21:32:42.053 [FXGL Background Thread 3 ] DEBUG Engine               - class com.almasb.fxgl.dev.DevService
21:32:46.896 [JavaFX Application Thread] DEBUG FXGLApplication      - Exiting FXGL
21:32:46.897 [JavaFX Application Thread] DEBUG Async                - Shutting down background threads
21:32:46.897 [JavaFX Application Thread] DEBUG PrimaryStageWindow   - Closing main window
21:32:46.932 [JavaFX Application Thread] DEBUG Logger               - Closing Logger
