19:07:18.453 [main                     ] DEBUG Logger               - Configured Logger
19:07:18.474 [main                     ] DEBUG GameApplication      - Logging settings
Title: Basic Game App
Version: 0.1
Width: 600
Height: 600
Fullscreen: false
Intro: false
Profiling: false
Single step:false
App Mode: DEVELOPER
Menu Key: ESCAPE
Stage Style: DECORATED
Scene Factory: class com.almasb.fxgl.app.scene.SceneFactory

19:07:19.066 [JavaFX Application Thread] DEBUG FXGLApplication      - Initializing FXGL
19:07:19.069 [JavaFX Application Thread] INFO  Engine               - FXGL-17.3 (30.03.2023 11.49) on WINDOWS (J:21.0.2 FX:21)
19:07:19.070 [JavaFX Application Thread] DEBUG Engine               - JRE Vendor Name: Eclipse Adoptium
19:07:19.070 [JavaFX Application Thread] DEBUG Engine               - Running on OS: Windows 11 version 10.0
19:07:19.070 [JavaFX Application Thread] DEBUG Engine               - Architecture: amd64
19:07:19.070 [JavaFX Application Thread] INFO  Engine               - Source code and latest versions at: https://github.com/AlmasB/FXGL
19:07:19.070 [JavaFX Application Thread] INFO  Engine               -       Ask questions and discuss at: https://github.com/AlmasB/FXGL/discussions
19:07:19.070 [JavaFX Application Thread] INFO  Engine               -              Join the FXGL chat at: https://gitter.im/AlmasB/FXGL
19:07:19.132 [JavaFX Application Thread] DEBUG PrimaryStageWindow   - Creating a JavaFX scene
19:07:19.170 [JavaFX Application Thread] DEBUG PrimaryStageWindow   - Target settings size: 600.0 x 600.0
19:07:19.170 [JavaFX Application Thread] DEBUG PrimaryStageWindow   - Scaled scene size:    600.0 x 600.0
19:07:19.171 [JavaFX Application Thread] DEBUG PrimaryStageWindow   - Scaled ratio: (1.0, 1.0)
19:07:19.172 [JavaFX Application Thread] DEBUG PrimaryStageWindow   - Set initial scene to FXGLStartupScene
19:07:19.174 [JavaFX Application Thread] DEBUG PrimaryStageWindow   - Opening main window
19:07:19.257 [JavaFX Application Thread] DEBUG PrimaryStageWindow   - Window border size: (14.4000244140625, 37.5999755859375)
19:07:19.258 [JavaFX Application Thread] DEBUG PrimaryStageWindow   - Scaled size: 600.0 x 600.0
19:07:19.258 [JavaFX Application Thread] DEBUG PrimaryStageWindow   - Scaled ratio: (1.0, 1.0)
19:07:19.258 [JavaFX Application Thread] DEBUG PrimaryStageWindow   - Scene size: 600.0 x 600.0
19:07:19.258 [JavaFX Application Thread] DEBUG PrimaryStageWindow   - Stage size: 614.4000244140625 x 637.5999755859375
19:07:19.264 [FXGL Background Thread 1 ] DEBUG Engine               - Initializing environment variables
19:07:19.315 [FXGL Background Thread 1 ] DEBUG FXGLAssetLoaderServi - User app class for loading assets: class me.pooh.bakudun.App
19:07:19.315 [FXGL Background Thread 1 ] DEBUG GameApplicationServi - Applying CSS: fxgl_dark.css
19:07:19.315 [FXGL Background Thread 1 ] DEBUG FXGLAssetLoaderServi - Loading from file system: jar:file:///C:/Users/POO/.m2/repository/com/github/almasb/fxgl/17.3/fxgl-17.3.jar!/fxglassets/ui/css/fxgl_dark.css
19:07:19.348 [FXGL Background Thread 1 ] DEBUG GameApplicationServi - Initializing application scenes
19:07:19.378 [FXGL Background Thread 1 ] DEBUG GameWorld            - Game world initialized
19:07:19.432 [FXGL Background Thread 1 ] DEBUG PhysicsWorld         - Physics world initialized: appHeight=600, physics.ppm=50.0
19:07:19.432 [FXGL Background Thread 1 ] DEBUG PhysicsWorld         - Using strategy: BRUTE_FORCE
19:07:19.435 [FXGL Background Thread 1 ] DEBUG GameScene            - Game scene initialized: 600x600
19:07:19.444 [FXGL Background Thread 1 ] WARN  FXGL.DefaultMenu     - FXGLDefaultMenu is not designed for resolutions < 800x600
19:07:19.444 [FXGL Background Thread 1 ] DEBUG FXGL.DefaultMenu     - createMenuBodyGameMenu()
19:07:19.454 [FXGL Background Thread 1 ] DEBUG FXGL.DefaultMenu     - createOptionsMenu()
19:07:19.461 [FXGL Background Thread 1 ] DEBUG FXGLAssetLoaderServi - Loading from file system: jar:file:///C:/Users/POO/.m2/repository/com/github/almasb/fxgl/17.3/fxgl-17.3.jar!/fxglassets/textures/particles/smoke.png
19:07:19.527 [FXGL Background Thread 1 ] DEBUG FXGLAssetLoaderServi - Loading from file system: jar:file:///C:/Users/POO/.m2/repository/com/github/almasb/fxgl/17.3/fxgl-17.3.jar!/fxglassets/textures/particles/trace_horizontal.png
19:07:19.551 [FXGL Background Thread 1 ] DEBUG GameApplicationServi - Application scenes initialized
19:07:19.561 [FXGL Background Thread 1 ] DEBUG SystemBundleService  - Loading FXGL system data
19:07:19.565 [FXGL Background Thread 1 ] DEBUG FileSystemAccess     - Reading from: C:\Users\POO\intellij\Bakudun\system\fxgl.bundle
19:07:19.572 [FXGL Background Thread 1 ] DEBUG SystemBundleService  - Bundle FXGL: {}
19:07:19.573 [FXGL Background Thread 1 ] DEBUG UpdaterService       - Checking for updates
19:07:19.576 [FXGL Background Thread 4 ] DEBUG FXGLApplication      - Loading fonts
19:07:19.576 [FXGL Background Thread 4 ] DEBUG FXGLAssetLoaderServi - Loading from file system: jar:file:///C:/Users/POO/.m2/repository/com/github/almasb/fxgl/17.3/fxgl-17.3.jar!/fxglassets/ui/fonts/VarelaRound-Regular.ttf
19:07:19.577 [FXGL Background Thread 1 ] DEBUG FXGLApplication      - Loading default localization
19:07:19.577 [FXGL Background Thread 1 ] DEBUG FXGLAssetLoaderServi - Loading from file system: jar:file:///C:/Users/POO/.m2/repository/com/github/almasb/fxgl/17.3/fxgl-17.3.jar!/fxglassets/languages/english.lang
19:07:19.599 [FXGL Background Thread 1 ] INFO  FXGLApplication      - FXGL initialization took: 0.335 sec
19:07:19.611 [JavaFX Application Thread] DEBUG Input                - Registered new binding: action0 - A
19:07:19.611 [JavaFX Application Thread] DEBUG Input                - Registered new binding: action1 - D
19:07:19.612 [JavaFX Application Thread] DEBUG Input                - Registered new binding: action2 - W
19:07:19.612 [JavaFX Application Thread] DEBUG Input                - Registered new binding: action3 - S
19:07:19.613 [JavaFX Application Thread] DEBUG FXGLAssetLoaderServi - Loading from file system: jar:file:///C:/Users/POO/.m2/repository/com/github/almasb/fxgl/17.3/fxgl-17.3.jar!/fxglassets/textures/fxgl_icon.png
19:07:19.615 [FXGL Background Thread 4 ] DEBUG FXGLAssetLoaderServi - Loading from file system: jar:file:///C:/Users/POO/.m2/repository/com/github/almasb/fxgl/17.3/fxgl-17.3.jar!/fxglassets/ui/fonts/Abel-Regular.ttf
19:07:19.618 [FXGL Background Thread 4 ] DEBUG FXGLAssetLoaderServi - Loading from file system: jar:file:///C:/Users/POO/.m2/repository/com/github/almasb/fxgl/17.3/fxgl-17.3.jar!/fxglassets/ui/fonts/TerminalLandMono-Regular.otf
19:07:19.622 [FXGL Background Thread 4 ] DEBUG FXGLAssetLoaderServi - Loading from file system: jar:file:///C:/Users/POO/.m2/repository/com/github/almasb/fxgl/17.3/fxgl-17.3.jar!/fxglassets/ui/fonts/Courier-Prime.ttf
19:07:19.625 [JavaFX Application Thread] DEBUG FXGLAssetLoaderServi - Loading from file system: jar:file:///C:/Users/POO/.m2/repository/com/github/almasb/fxgl/17.3/fxgl-17.3.jar!/fxglassets/textures/fxgl_default_cursor.png
19:07:19.628 [JavaFX Application Thread] DEBUG Input                - Registered new binding: Screenshot - CTRL+8
19:07:19.628 [JavaFX Application Thread] DEBUG Input                - Registered new binding: System info dump - CTRL+9
19:07:19.629 [JavaFX Application Thread] DEBUG Input                - Registered new binding: Restart - CTRL+R
19:07:19.630 [JavaFX Application Thread] DEBUG Input                - Registered new binding: Toggle Debug Camera - CTRL+7
19:07:19.632 [JavaFX Application Thread] DEBUG LoopRunner           - Starting loop
19:07:19.632 [JavaFX Application Thread] DEBUG LoopRunner           - Initializing JavaFX AnimationTimerLoop
19:07:19.633 [JavaFX Application Thread] DEBUG GameApplicationServi - Starting new game
19:07:19.633 [JavaFX Application Thread] DEBUG Input                - Clearing active input actions
19:07:19.644 [JavaFX Application Thread] DEBUG GameApplicationServi - Removing overlay from FXGLStartupScene and adding to FXGLLoadingScene
19:07:19.644 [JavaFX Application Thread] DEBUG PrimaryStageWindow   - FXGLStartupScene -> FXGLLoadingScene
19:07:19.644 [JavaFX Application Thread] DEBUG GameApplicationServi - Clearing previous game
19:07:19.645 [JavaFX Application Thread] DEBUG GameScene            - Clearing game scene
19:07:19.645 [JavaFX Application Thread] DEBUG GameWorld            - Clearing game world
19:07:19.645 [JavaFX Application Thread] DEBUG PhysicsWorld         - Clearing physics world
19:07:19.647 [FXGL Background Thread 4 ] DEBUG FXGLApplication      - Initializing game
19:07:19.649 [JavaFX Application Thread] DEBUG FXGLApplication      - Registering font factories with UI factory
19:07:19.653 [FXGL Background Thread 4 ] WARN  FXGLAssetLoaderServi - Asset "/assets/textures/ship.png" was not found!
19:07:19.653 [FXGL Background Thread 4 ] WARN  FXGLAssetLoaderServi - Failed to load IMAGE
19:07:19.757 [FXGL Background Thread 4 ] WARN  FXGLAssetLoaderServi - Asset "/assets/textures/ship.png" was not found!
19:07:19.757 [FXGL Background Thread 4 ] WARN  FXGLAssetLoaderServi - Failed to load IMAGE
19:07:19.759 [FXGL Background Thread 4 ] INFO  FXGLApplication      - Game initialization took: 0.112 sec
19:07:19.760 [JavaFX Application Thread] DEBUG Input                - Clearing active input actions
19:07:19.767 [JavaFX Application Thread] DEBUG GameApplicationServi - Removing overlay from FXGLLoadingScene and adding to GameScene
19:07:19.768 [JavaFX Application Thread] DEBUG PrimaryStageWindow   - FXGLLoadingScene -> GameScene
19:07:20.406 [FXGL Background Thread 2 ] INFO  UpdaterService       - Your current version:  17.3
19:07:20.406 [FXGL Background Thread 2 ] INFO  UpdaterService       - Latest stable version: 21.1
19:07:20.828 [JavaFX Application Thread] DEBUG FXGLApplication      - Exiting FXGL
19:07:20.828 [JavaFX Application Thread] DEBUG LoopRunner           - Stopping loop
19:07:20.828 [JavaFX Application Thread] DEBUG SystemBundleService  - Saving FXGL system data
19:07:20.829 [JavaFX Application Thread] DEBUG FileSystemAccess     - Writing to: C:\Users\POO\intellij\Bakudun\system\fxgl.bundle
19:07:20.831 [JavaFX Application Thread] DEBUG Async                - Shutting down background threads
19:07:20.831 [JavaFX Application Thread] DEBUG PrimaryStageWindow   - Closing main window
19:07:20.847 [JavaFX Application Thread] DEBUG Logger               - Closing Logger
