21:19:35.799 [main                     ] DEBUG Logger               - Configured Logger
21:19:35.818 [main                     ] DEBUG GameApplication      - Logging settings
Title: BomberMan
Version: 0.1
Width: 640
Height: 480
Fullscreen: false
Intro: false
Profiling: false
Single step:false
App Mode: DEVELOPER
Menu Key: ESCAPE
Stage Style: DECORATED
Scene Factory: class com.almasb.fxgl.app.scene.SceneFactory

21:19:36.346 [JavaFX Application Thread] DEBUG FXGLApplication      - Initializing FXGL
21:19:36.349 [JavaFX Application Thread] INFO  Engine               - FXGL-21.1 (27.03.2024 07.52) on WINDOWS (J:21.0.2 FX:21.0.1)
21:19:36.349 [JavaFX Application Thread] DEBUG Engine               - JRE Vendor Name: Eclipse Adoptium
21:19:36.350 [JavaFX Application Thread] DEBUG Engine               - Running on OS: Windows 11 version 10.0
21:19:36.350 [JavaFX Application Thread] DEBUG Engine               - Architecture: amd64
21:19:36.350 [JavaFX Application Thread] INFO  Engine               - Source code and latest versions at: https://github.com/AlmasB/FXGL
21:19:36.350 [JavaFX Application Thread] INFO  Engine               -       Ask questions and discuss at: https://github.com/AlmasB/FXGL/discussions
21:19:36.350 [JavaFX Application Thread] INFO  Engine               -              Join the FXGL chat at: https://gitter.im/AlmasB/FXGL
21:19:36.417 [JavaFX Application Thread] DEBUG PrimaryStageWindow   - Creating a JavaFX scene
21:19:36.451 [JavaFX Application Thread] DEBUG PrimaryStageWindow   - Target settings size: 640.0 x 480.0
21:19:36.451 [JavaFX Application Thread] DEBUG PrimaryStageWindow   - Scaled scene size:    640.0 x 480.0
21:19:36.452 [JavaFX Application Thread] DEBUG PrimaryStageWindow   - Scaled ratio: (1.0, 1.0)
21:19:36.452 [JavaFX Application Thread] DEBUG PrimaryStageWindow   - Set initial scene to FXGLStartupScene
21:19:36.454 [JavaFX Application Thread] DEBUG PrimaryStageWindow   - Opening main window
21:19:36.532 [JavaFX Application Thread] DEBUG PrimaryStageWindow   - Window border size: (14.4000244140625, 37.5999755859375)
21:19:36.532 [JavaFX Application Thread] DEBUG PrimaryStageWindow   - Scaled size: 640.0 x 480.0
21:19:36.533 [JavaFX Application Thread] DEBUG PrimaryStageWindow   - Scaled ratio: (1.0, 1.0)
21:19:36.533 [JavaFX Application Thread] DEBUG PrimaryStageWindow   - Scene size: 640.0 x 480.0
21:19:36.533 [JavaFX Application Thread] DEBUG PrimaryStageWindow   - Stage size: 654.4000244140625 x 517.5999755859375
21:19:36.541 [FXGL Background Thread 1 ] DEBUG Engine               - Initializing environment variables
21:19:36.598 [FXGL Background Thread 1 ] DEBUG FXGLAssetLoaderServi - User app class for loading assets: class me.pooh.bakudun.App
21:19:36.598 [FXGL Background Thread 1 ] DEBUG GameApplicationServi - Applying CSS: fxgl_dark.css
21:19:36.601 [FXGL Background Thread 1 ] DEBUG FXGLAssetLoaderServi - Loading from file system: jar:file:///C:/Users/POO/.m2/repository/com/github/almasb/fxgl/21.1/fxgl-21.1.jar!/fxglassets/ui/css/fxgl_dark.css
21:19:36.641 [FXGL Background Thread 1 ] DEBUG GameApplicationServi - Initializing application scenes
21:19:36.676 [FXGL Background Thread 1 ] DEBUG GameWorld            - Game world initialized
21:19:36.725 [FXGL Background Thread 1 ] DEBUG PhysicsWorld         - Physics world initialized: appHeight=480, physics.ppm=50.0
21:19:36.725 [FXGL Background Thread 1 ] DEBUG PhysicsWorld         - Using strategy: BRUTE_FORCE
21:19:36.728 [FXGL Background Thread 1 ] DEBUG GameScene            - Game scene initialized: 640x480
21:19:36.737 [FXGL Background Thread 1 ] WARN  FXGL.DefaultMenu     - FXGLDefaultMenu is not designed for resolutions < 800x600
21:19:36.738 [FXGL Background Thread 1 ] DEBUG FXGL.DefaultMenu     - createMenuBodyGameMenu()
21:19:36.748 [FXGL Background Thread 1 ] DEBUG FXGL.DefaultMenu     - createOptionsMenu()
21:19:36.754 [FXGL Background Thread 1 ] DEBUG FXGLAssetLoaderServi - Loading from file system: jar:file:///C:/Users/POO/.m2/repository/com/github/almasb/fxgl/21.1/fxgl-21.1.jar!/fxglassets/textures/particles/smoke.png
21:19:36.821 [FXGL Background Thread 1 ] DEBUG FXGLAssetLoaderServi - Loading from file system: jar:file:///C:/Users/POO/.m2/repository/com/github/almasb/fxgl/21.1/fxgl-21.1.jar!/fxglassets/textures/particles/trace_horizontal.png
21:19:36.843 [FXGL Background Thread 1 ] DEBUG GameApplicationServi - Application scenes initialized
21:19:36.854 [FXGL Background Thread 1 ] DEBUG SystemBundleService  - Loading FXGL system data
21:19:36.858 [FXGL Background Thread 1 ] DEBUG FileSystemAccess     - Reading from: C:\Users\POO\intellij\Bakudun\system\fxgl.bundle
21:19:36.865 [FXGL Background Thread 1 ] DEBUG SystemBundleService  - Bundle FXGL: {}
21:19:36.865 [FXGL Background Thread 1 ] DEBUG UpdaterService       - Checking for updates
21:19:36.868 [FXGL Background Thread 4 ] DEBUG FXGLApplication      - Loading fonts
21:19:36.869 [FXGL Background Thread 1 ] DEBUG FXGLApplication      - Loading default localization
21:19:36.869 [FXGL Background Thread 4 ] DEBUG FXGLAssetLoaderServi - Loading from file system: jar:file:///C:/Users/POO/.m2/repository/com/github/almasb/fxgl/21.1/fxgl-21.1.jar!/fxglassets/ui/fonts/VarelaRound-Regular.ttf
21:19:36.870 [FXGL Background Thread 1 ] DEBUG FXGLAssetLoaderServi - Loading from file system: jar:file:///C:/Users/POO/.m2/repository/com/github/almasb/fxgl/21.1/fxgl-21.1.jar!/fxglassets/languages/english.lang
21:19:36.889 [FXGL Background Thread 1 ] INFO  FXGLApplication      - FXGL initialization took: 0.348 sec
21:19:36.899 [FXGL Background Thread 4 ] DEBUG FXGLAssetLoaderServi - Loading from file system: jar:file:///C:/Users/POO/.m2/repository/com/github/almasb/fxgl/21.1/fxgl-21.1.jar!/fxglassets/ui/fonts/Abel-Regular.ttf
21:19:36.900 [JavaFX Application Thread] DEBUG Input                - Registered new binding: action0 - A
21:19:36.900 [JavaFX Application Thread] DEBUG Input                - Registered new binding: action1 - D
21:19:36.901 [JavaFX Application Thread] DEBUG Input                - Registered new binding: action2 - W
21:19:36.901 [JavaFX Application Thread] DEBUG Input                - Registered new binding: action3 - S
21:19:36.901 [JavaFX Application Thread] DEBUG FXGLAssetLoaderServi - Loading from file system: jar:file:///C:/Users/POO/.m2/repository/com/github/almasb/fxgl/21.1/fxgl-21.1.jar!/fxglassets/textures/fxgl_icon.png
21:19:36.903 [FXGL Background Thread 4 ] DEBUG FXGLAssetLoaderServi - Loading from file system: jar:file:///C:/Users/POO/.m2/repository/com/github/almasb/fxgl/21.1/fxgl-21.1.jar!/fxglassets/ui/fonts/TerminalLandMono-Regular.otf
21:19:36.907 [FXGL Background Thread 4 ] DEBUG FXGLAssetLoaderServi - Loading from file system: jar:file:///C:/Users/POO/.m2/repository/com/github/almasb/fxgl/21.1/fxgl-21.1.jar!/fxglassets/ui/fonts/Courier-Prime.ttf
21:19:36.919 [JavaFX Application Thread] DEBUG FXGLAssetLoaderServi - Loading from file system: jar:file:///C:/Users/POO/.m2/repository/com/github/almasb/fxgl/21.1/fxgl-21.1.jar!/fxglassets/textures/fxgl_default_cursor.png
21:19:36.921 [JavaFX Application Thread] DEBUG Input                - Registered new binding: Screenshot - CTRL+8
21:19:36.921 [JavaFX Application Thread] DEBUG Input                - Registered new binding: System info dump - CTRL+9
21:19:36.922 [JavaFX Application Thread] DEBUG Input                - Registered new binding: Restart - CTRL+R
21:19:36.922 [JavaFX Application Thread] DEBUG Input                - Registered new binding: Toggle Debug Camera - CTRL+7
21:19:36.924 [JavaFX Application Thread] DEBUG LoopRunner           - Starting loop
21:19:36.925 [JavaFX Application Thread] DEBUG LoopRunner           - Initializing JavaFX AnimationTimerLoop
21:19:36.926 [JavaFX Application Thread] DEBUG GameApplicationServi - Starting new game
21:19:36.926 [JavaFX Application Thread] DEBUG Input                - Clearing active input actions
21:19:36.938 [JavaFX Application Thread] DEBUG GameApplicationServi - Removing overlay from FXGLStartupScene and adding to FXGLLoadingScene
21:19:36.939 [JavaFX Application Thread] DEBUG PrimaryStageWindow   - FXGLStartupScene -> FXGLLoadingScene
21:19:36.939 [JavaFX Application Thread] DEBUG GameApplicationServi - Clearing previous game
21:19:36.939 [JavaFX Application Thread] DEBUG GameScene            - Clearing game scene
21:19:36.939 [JavaFX Application Thread] DEBUG GameWorld            - Clearing game world
21:19:36.939 [JavaFX Application Thread] DEBUG PhysicsWorld         - Clearing physics world
21:19:36.942 [JavaFX Application Thread] DEBUG FXGLApplication      - Registering font factories with UI factory
21:19:37.010 [FXGL Background Thread 4 ] WARN  TMXLevelLoader       - TiledMap generated from 1.11.2. Supported version: 1.9.0. Some features may not be parsed fully.
21:19:37.015 [FXGL Background Thread 4 ] DEBUG TMXLevelLoader       - Parsed TiledMap: file:/C:/Users/POO/intellij/Bakudun/target/classes/assets/levels/Map0-0.tmx
21:19:37.016 [FXGL Background Thread 4 ] DEBUG TMXLevelLoader       - Creating tile layer entities
21:19:37.018 [FXGL Background Thread 4 ] DEBUG TilesetLoader        - Loading view for layer เลเยอร์ไทล์ 1
21:19:37.019 [FXGL Background Thread 4 ] DEBUG TilesetLoader        - Created buffer with size 640.0x480.0
21:19:37.024 [FXGL Background Thread 4 ] WARN  TilesetLoader        - Diagonally flipped tiles are not currently supported
21:19:37.033 [FXGL Background Thread 4 ] WARN  TilesetLoader        - Diagonally flipped tiles are not currently supported
21:19:37.042 [FXGL Background Thread 4 ] DEBUG TilesetLoader        - Loading view for layer เลเยอร์ไทล์ 2
21:19:37.042 [FXGL Background Thread 4 ] DEBUG TilesetLoader        - Created buffer with size 640.0x480.0
21:19:37.043 [FXGL Background Thread 4 ] DEBUG TilesetLoader        - Loading view for layer เลเยอร์ไทล์ 3
21:19:37.044 [FXGL Background Thread 4 ] DEBUG TilesetLoader        - Created buffer with size 640.0x480.0
21:19:37.045 [FXGL Background Thread 4 ] DEBUG TilesetLoader        - Loading view for layer เลเยอร์ไทล์ 4
21:19:37.045 [FXGL Background Thread 4 ] DEBUG TilesetLoader        - Created buffer with size 640.0x480.0
21:19:37.046 [FXGL Background Thread 4 ] DEBUG TMXLevelLoader       - Creating object layer entities
21:19:37.048 [FXGL Background Thread 4 ] WARN  TMXLevelLoader       - TiledMap generated from 1.11.2. Supported version: 1.9.0. Some features may not be parsed fully.
21:19:37.051 [FXGL Background Thread 4 ] DEBUG TMXLevelLoader       - Parsed TiledMap: file:/C:/Users/POO/intellij/Bakudun/target/classes/assets/levels/Map0-0.tmx
21:19:37.051 [FXGL Background Thread 4 ] DEBUG TMXLevelLoader       - Creating tile layer entities
21:19:37.051 [FXGL Background Thread 4 ] DEBUG TilesetLoader        - Loading view for layer เลเยอร์ไทล์ 1
21:19:37.052 [FXGL Background Thread 4 ] DEBUG TilesetLoader        - Created buffer with size 640.0x480.0
21:19:37.054 [FXGL Background Thread 4 ] WARN  TilesetLoader        - Diagonally flipped tiles are not currently supported
21:19:37.060 [FXGL Background Thread 4 ] WARN  TilesetLoader        - Diagonally flipped tiles are not currently supported
21:19:37.077 [FXGL Background Thread 4 ] DEBUG TilesetLoader        - Loading view for layer เลเยอร์ไทล์ 2
21:19:37.078 [FXGL Background Thread 4 ] DEBUG TilesetLoader        - Created buffer with size 640.0x480.0
21:19:37.078 [FXGL Background Thread 4 ] DEBUG TilesetLoader        - Loading view for layer เลเยอร์ไทล์ 3
21:19:37.079 [FXGL Background Thread 4 ] DEBUG TilesetLoader        - Created buffer with size 640.0x480.0
21:19:37.080 [FXGL Background Thread 4 ] DEBUG TilesetLoader        - Loading view for layer เลเยอร์ไทล์ 4
21:19:37.081 [FXGL Background Thread 4 ] DEBUG TilesetLoader        - Created buffer with size 640.0x480.0
21:19:37.081 [FXGL Background Thread 4 ] DEBUG TMXLevelLoader       - Creating object layer entities
21:19:37.081 [FXGL Background Thread 4 ] DEBUG GameWorld            - Clearing removable entities
21:19:37.082 [FXGL Background Thread 4 ] DEBUG GameWorld            - Setting level: com.almasb.fxgl.entity.level.Level@362d4296
21:19:37.088 [FXGL Background Thread 4 ] DEBUG FXGLAssetLoaderServi - Loading from file system: file:/C:/Users/POO/intellij/Bakudun/target/classes/assets/textures/bomb3_resized.png
21:19:37.089 [FXGL Background Thread 4 ] INFO  FXGLApplication      - Game initialization took: 0.147 sec
21:19:37.108 [JavaFX Application Thread] DEBUG Input                - Clearing active input actions
21:19:37.116 [JavaFX Application Thread] DEBUG GameApplicationServi - Removing overlay from FXGLLoadingScene and adding to GameScene
21:19:37.116 [JavaFX Application Thread] DEBUG PrimaryStageWindow   - FXGLLoadingScene -> GameScene
21:19:38.457 [JavaFX Application Thread] DEBUG FXGLApplication      - Exiting FXGL
21:19:38.457 [JavaFX Application Thread] DEBUG LoopRunner           - Stopping loop
21:19:38.458 [JavaFX Application Thread] DEBUG SystemBundleService  - Saving FXGL system data
21:19:38.459 [JavaFX Application Thread] DEBUG FileSystemAccess     - Writing to: C:\Users\POO\intellij\Bakudun\system\fxgl.bundle
21:19:38.461 [JavaFX Application Thread] DEBUG Async                - Shutting down background threads
21:19:38.461 [JavaFX Application Thread] DEBUG PrimaryStageWindow   - Closing main window
21:19:38.473 [JavaFX Application Thread] DEBUG Logger               - Closing Logger
