08:18:17.037 [main                     ] DEBUG Logger               - Configured Logger
08:18:17.057 [main                     ] DEBUG GameApplication      - Logging settings
Title: BomberMan
Version: 0.1
Width: 640
Height: 480
Fullscreen: false
Intro: false
Profiling: false
Single step:false
App Mode: DEVELOPER
Menu Key: ESCAPE
Stage Style: DECORATED
Scene Factory: class com.almasb.fxgl.app.scene.SceneFactory

08:18:17.610 [JavaFX Application Thread] DEBUG FXGLApplication      - Initializing FXGL
08:18:17.613 [JavaFX Application Thread] INFO  Engine               - FXGL-21.1 (27.03.2024 07.52) on WINDOWS (J:21.0.2 FX:21.0.1)
08:18:17.614 [JavaFX Application Thread] DEBUG Engine               - JRE Vendor Name: Eclipse Adoptium
08:18:17.614 [JavaFX Application Thread] DEBUG Engine               - Running on OS: Windows 11 version 10.0
08:18:17.614 [JavaFX Application Thread] DEBUG Engine               - Architecture: amd64
08:18:17.614 [JavaFX Application Thread] INFO  Engine               - Source code and latest versions at: https://github.com/AlmasB/FXGL
08:18:17.614 [JavaFX Application Thread] INFO  Engine               -       Ask questions and discuss at: https://github.com/AlmasB/FXGL/discussions
08:18:17.614 [JavaFX Application Thread] INFO  Engine               -              Join the FXGL chat at: https://gitter.im/AlmasB/FXGL
08:18:17.678 [JavaFX Application Thread] DEBUG PrimaryStageWindow   - Creating a JavaFX scene
08:18:17.715 [JavaFX Application Thread] DEBUG PrimaryStageWindow   - Target settings size: 640.0 x 480.0
08:18:17.715 [JavaFX Application Thread] DEBUG PrimaryStageWindow   - Scaled scene size:    640.0 x 480.0
08:18:17.715 [JavaFX Application Thread] DEBUG PrimaryStageWindow   - Scaled ratio: (1.0, 1.0)
08:18:17.716 [JavaFX Application Thread] DEBUG PrimaryStageWindow   - Set initial scene to FXGLStartupScene
08:18:17.718 [JavaFX Application Thread] DEBUG PrimaryStageWindow   - Opening main window
08:18:17.793 [JavaFX Application Thread] DEBUG PrimaryStageWindow   - Window border size: (14.4000244140625, 37.5999755859375)
08:18:17.793 [JavaFX Application Thread] DEBUG PrimaryStageWindow   - Scaled size: 640.0 x 480.0
08:18:17.793 [JavaFX Application Thread] DEBUG PrimaryStageWindow   - Scaled ratio: (1.0, 1.0)
08:18:17.793 [JavaFX Application Thread] DEBUG PrimaryStageWindow   - Scene size: 640.0 x 480.0
08:18:17.794 [JavaFX Application Thread] DEBUG PrimaryStageWindow   - Stage size: 654.4000244140625 x 517.5999755859375
08:18:17.800 [FXGL Background Thread 1 ] DEBUG Engine               - Initializing environment variables
08:18:17.846 [FXGL Background Thread 1 ] DEBUG FXGLAssetLoaderServi - User app class for loading assets: class me.pooh.bakudun.App
08:18:17.846 [FXGL Background Thread 1 ] DEBUG GameApplicationServi - Applying CSS: fxgl_dark.css
08:18:17.847 [FXGL Background Thread 1 ] DEBUG FXGLAssetLoaderServi - Loading from file system: jar:file:///C:/Users/POO/.m2/repository/com/github/almasb/fxgl/21.1/fxgl-21.1.jar!/fxglassets/ui/css/fxgl_dark.css
08:18:17.889 [FXGL Background Thread 1 ] DEBUG GameApplicationServi - Initializing application scenes
08:18:17.923 [FXGL Background Thread 1 ] DEBUG GameWorld            - Game world initialized
08:18:17.972 [FXGL Background Thread 1 ] DEBUG PhysicsWorld         - Physics world initialized: appHeight=480, physics.ppm=50.0
08:18:17.972 [FXGL Background Thread 1 ] DEBUG PhysicsWorld         - Using strategy: BRUTE_FORCE
08:18:17.976 [FXGL Background Thread 1 ] DEBUG GameScene            - Game scene initialized: 640x480
08:18:17.984 [FXGL Background Thread 1 ] WARN  FXGL.DefaultMenu     - FXGLDefaultMenu is not designed for resolutions < 800x600
08:18:17.984 [FXGL Background Thread 1 ] DEBUG FXGL.DefaultMenu     - createMenuBodyGameMenu()
08:18:17.994 [FXGL Background Thread 1 ] DEBUG FXGL.DefaultMenu     - createOptionsMenu()
08:18:18.003 [FXGL Background Thread 1 ] DEBUG FXGLAssetLoaderServi - Loading from file system: jar:file:///C:/Users/POO/.m2/repository/com/github/almasb/fxgl/21.1/fxgl-21.1.jar!/fxglassets/textures/particles/smoke.png
08:18:18.071 [FXGL Background Thread 1 ] DEBUG FXGLAssetLoaderServi - Loading from file system: jar:file:///C:/Users/POO/.m2/repository/com/github/almasb/fxgl/21.1/fxgl-21.1.jar!/fxglassets/textures/particles/trace_horizontal.png
08:18:18.091 [FXGL Background Thread 1 ] DEBUG GameApplicationServi - Application scenes initialized
08:18:18.102 [FXGL Background Thread 1 ] DEBUG SystemBundleService  - Loading FXGL system data
08:18:18.106 [FXGL Background Thread 1 ] DEBUG FileSystemAccess     - Reading from: C:\Users\POO\intellij\Bakudun\system\fxgl.bundle
08:18:18.114 [FXGL Background Thread 1 ] DEBUG SystemBundleService  - Bundle FXGL: {}
08:18:18.115 [FXGL Background Thread 1 ] DEBUG UpdaterService       - Checking for updates
08:18:18.140 [FXGL Background Thread 4 ] DEBUG FXGLApplication      - Loading fonts
08:18:18.140 [FXGL Background Thread 1 ] DEBUG FXGLApplication      - Loading default localization
08:18:18.140 [FXGL Background Thread 4 ] DEBUG FXGLAssetLoaderServi - Loading from file system: jar:file:///C:/Users/POO/.m2/repository/com/github/almasb/fxgl/21.1/fxgl-21.1.jar!/fxglassets/ui/fonts/VarelaRound-Regular.ttf
08:18:18.141 [FXGL Background Thread 1 ] DEBUG FXGLAssetLoaderServi - Loading from file system: jar:file:///C:/Users/POO/.m2/repository/com/github/almasb/fxgl/21.1/fxgl-21.1.jar!/fxglassets/languages/english.lang
08:18:18.159 [FXGL Background Thread 1 ] INFO  FXGLApplication      - FXGL initialization took: 0.359 sec
08:18:18.169 [JavaFX Application Thread] DEBUG Input                - Registered new binding: Right - D
08:18:18.169 [JavaFX Application Thread] DEBUG Input                - Registered new binding: Left - A
08:18:18.169 [JavaFX Application Thread] DEBUG Input                - Registered new binding: Up - W
08:18:18.169 [JavaFX Application Thread] DEBUG Input                - Registered new binding: Down - S
08:18:18.169 [JavaFX Application Thread] DEBUG Input                - Registered new binding: Place Bomb - Space
08:18:18.170 [JavaFX Application Thread] DEBUG FXGLAssetLoaderServi - Loading from file system: jar:file:///C:/Users/POO/.m2/repository/com/github/almasb/fxgl/21.1/fxgl-21.1.jar!/fxglassets/textures/fxgl_icon.png
08:18:18.172 [FXGL Background Thread 4 ] DEBUG FXGLAssetLoaderServi - Loading from file system: jar:file:///C:/Users/POO/.m2/repository/com/github/almasb/fxgl/21.1/fxgl-21.1.jar!/fxglassets/ui/fonts/Abel-Regular.ttf
08:18:18.176 [FXGL Background Thread 4 ] DEBUG FXGLAssetLoaderServi - Loading from file system: jar:file:///C:/Users/POO/.m2/repository/com/github/almasb/fxgl/21.1/fxgl-21.1.jar!/fxglassets/ui/fonts/TerminalLandMono-Regular.otf
08:18:18.180 [FXGL Background Thread 4 ] DEBUG FXGLAssetLoaderServi - Loading from file system: jar:file:///C:/Users/POO/.m2/repository/com/github/almasb/fxgl/21.1/fxgl-21.1.jar!/fxglassets/ui/fonts/Courier-Prime.ttf
08:18:18.188 [JavaFX Application Thread] DEBUG FXGLAssetLoaderServi - Loading from file system: jar:file:///C:/Users/POO/.m2/repository/com/github/almasb/fxgl/21.1/fxgl-21.1.jar!/fxglassets/textures/fxgl_default_cursor.png
08:18:18.191 [JavaFX Application Thread] DEBUG Input                - Registered new binding: Screenshot - CTRL+8
08:18:18.192 [JavaFX Application Thread] DEBUG Input                - Registered new binding: Dev Options - 1
08:18:18.193 [JavaFX Application Thread] DEBUG Input                - Registered new binding: Dev Console - 2
08:18:18.193 [JavaFX Application Thread] DEBUG Input                - Registered new binding: System info dump - CTRL+9
08:18:18.194 [JavaFX Application Thread] DEBUG Input                - Registered new binding: Restart - CTRL+R
08:18:18.194 [JavaFX Application Thread] DEBUG Input                - Registered new binding: Toggle Debug Camera - CTRL+7
08:18:18.198 [JavaFX Application Thread] DEBUG LoopRunner           - Starting loop
08:18:18.217 [JavaFX Application Thread] DEBUG LoopRunner           - Initializing JavaFX AnimationTimerLoop
08:18:18.219 [JavaFX Application Thread] DEBUG GameApplicationServi - Starting new game
08:18:18.219 [JavaFX Application Thread] DEBUG Input                - Clearing active input actions
08:18:18.229 [JavaFX Application Thread] DEBUG GameApplicationServi - Removing overlay from FXGLStartupScene and adding to FXGLLoadingScene
08:18:18.232 [JavaFX Application Thread] DEBUG PrimaryStageWindow   - FXGLStartupScene -> FXGLLoadingScene
08:18:18.232 [JavaFX Application Thread] DEBUG GameApplicationServi - Clearing previous game
08:18:18.232 [JavaFX Application Thread] DEBUG GameScene            - Clearing game scene
08:18:18.232 [JavaFX Application Thread] DEBUG GameWorld            - Clearing game world
08:18:18.232 [JavaFX Application Thread] DEBUG PhysicsWorld         - Clearing physics world
08:18:18.233 [FXGL Background Thread 4 ] DEBUG FXGLApplication      - Initializing game
08:18:18.233 [JavaFX Application Thread] DEBUG FXGLApplication      - Registering font factories with UI factory
08:18:18.283 [FXGL Background Thread 4 ] WARN  TMXLevelLoader       - TiledMap generated from 1.11.2. Supported version: 1.9.0. Some features may not be parsed fully.
08:18:18.315 [FXGL Background Thread 4 ] DEBUG TMXLevelLoader       - Parsed TiledMap: file:/C:/Users/POO/intellij/Bakudun/target/classes/assets/levels/Map.tmx
08:18:18.316 [FXGL Background Thread 4 ] DEBUG TMXLevelLoader       - Creating tile layer entities
08:18:18.317 [FXGL Background Thread 4 ] DEBUG TilesetLoader        - Loading view for layer เลเยอร์ไทล์ 1
08:18:18.318 [FXGL Background Thread 4 ] DEBUG TilesetLoader        - Created buffer with size 640.0x480.0
08:18:18.325 [FXGL Background Thread 4 ] WARN  TilesetLoader        - Diagonally flipped tiles are not currently supported
08:18:18.337 [FXGL Background Thread 4 ] WARN  TilesetLoader        - Diagonally flipped tiles are not currently supported
08:18:18.346 [FXGL Background Thread 4 ] DEBUG TilesetLoader        - Loading view for layer WALL48
08:18:18.346 [FXGL Background Thread 4 ] DEBUG TilesetLoader        - Created buffer with size 640.0x480.0
08:18:18.347 [FXGL Background Thread 4 ] DEBUG TilesetLoader        - Loading view for layer WALL47
08:18:18.347 [FXGL Background Thread 4 ] DEBUG TilesetLoader        - Created buffer with size 640.0x480.0
08:18:18.348 [FXGL Background Thread 4 ] DEBUG TilesetLoader        - Loading view for layer WALL46
08:18:18.348 [FXGL Background Thread 4 ] DEBUG TilesetLoader        - Created buffer with size 640.0x480.0
08:18:18.348 [FXGL Background Thread 4 ] DEBUG TilesetLoader        - Loading view for layer WALL45
08:18:18.349 [FXGL Background Thread 4 ] DEBUG TilesetLoader        - Created buffer with size 640.0x480.0
08:18:18.349 [FXGL Background Thread 4 ] DEBUG TilesetLoader        - Loading view for layer WALL44
08:18:18.349 [FXGL Background Thread 4 ] DEBUG TilesetLoader        - Created buffer with size 640.0x480.0
08:18:18.350 [FXGL Background Thread 4 ] DEBUG TilesetLoader        - Loading view for layer WALL43
08:18:18.350 [FXGL Background Thread 4 ] DEBUG TilesetLoader        - Created buffer with size 640.0x480.0
08:18:18.350 [FXGL Background Thread 4 ] DEBUG TilesetLoader        - Loading view for layer WALL42
08:18:18.351 [FXGL Background Thread 4 ] DEBUG TilesetLoader        - Created buffer with size 640.0x480.0
08:18:18.351 [FXGL Background Thread 4 ] DEBUG TilesetLoader        - Loading view for layer WALL41
08:18:18.351 [FXGL Background Thread 4 ] DEBUG TilesetLoader        - Created buffer with size 640.0x480.0
08:18:18.352 [FXGL Background Thread 4 ] DEBUG TilesetLoader        - Loading view for layer WALL40
08:18:18.352 [FXGL Background Thread 4 ] DEBUG TilesetLoader        - Created buffer with size 640.0x480.0
08:18:18.352 [FXGL Background Thread 4 ] DEBUG TilesetLoader        - Loading view for layer WALL39
08:18:18.353 [FXGL Background Thread 4 ] DEBUG TilesetLoader        - Created buffer with size 640.0x480.0
08:18:18.353 [FXGL Background Thread 4 ] DEBUG TilesetLoader        - Loading view for layer WALL38
08:18:18.354 [FXGL Background Thread 4 ] DEBUG TilesetLoader        - Created buffer with size 640.0x480.0
08:18:18.354 [FXGL Background Thread 4 ] DEBUG TilesetLoader        - Loading view for layer WALL37
08:18:18.354 [FXGL Background Thread 4 ] DEBUG TilesetLoader        - Created buffer with size 640.0x480.0
08:18:18.354 [FXGL Background Thread 4 ] DEBUG TilesetLoader        - Loading view for layer WALL36
08:18:18.356 [FXGL Background Thread 4 ] DEBUG TilesetLoader        - Created buffer with size 640.0x480.0
08:18:18.356 [FXGL Background Thread 4 ] DEBUG TilesetLoader        - Loading view for layer WALL35
08:18:18.363 [FXGL Background Thread 4 ] DEBUG TilesetLoader        - Created buffer with size 640.0x480.0
08:18:18.364 [FXGL Background Thread 4 ] DEBUG TilesetLoader        - Loading view for layer WALL34
08:18:18.364 [FXGL Background Thread 4 ] DEBUG TilesetLoader        - Created buffer with size 640.0x480.0
08:18:18.365 [FXGL Background Thread 4 ] DEBUG TilesetLoader        - Loading view for layer WALL33
08:18:18.369 [FXGL Background Thread 4 ] DEBUG TilesetLoader        - Created buffer with size 640.0x480.0
08:18:18.371 [FXGL Background Thread 4 ] DEBUG TilesetLoader        - Loading view for layer WALL32
08:18:18.371 [FXGL Background Thread 4 ] DEBUG TilesetLoader        - Created buffer with size 640.0x480.0
08:18:18.372 [FXGL Background Thread 4 ] DEBUG TilesetLoader        - Loading view for layer WALL31
08:18:18.372 [FXGL Background Thread 4 ] DEBUG TilesetLoader        - Created buffer with size 640.0x480.0
08:18:18.372 [FXGL Background Thread 4 ] DEBUG TilesetLoader        - Loading view for layer WALL30
08:18:18.372 [FXGL Background Thread 4 ] DEBUG TilesetLoader        - Created buffer with size 640.0x480.0
08:18:18.373 [FXGL Background Thread 4 ] DEBUG TilesetLoader        - Loading view for layer WALL29
08:18:18.373 [FXGL Background Thread 4 ] DEBUG TilesetLoader        - Created buffer with size 640.0x480.0
08:18:18.378 [FXGL Background Thread 4 ] DEBUG TilesetLoader        - Loading view for layer WALL28
08:18:18.379 [FXGL Background Thread 4 ] DEBUG TilesetLoader        - Created buffer with size 640.0x480.0
08:18:18.380 [FXGL Background Thread 4 ] DEBUG TilesetLoader        - Loading view for layer WALL27
08:18:18.383 [FXGL Background Thread 4 ] DEBUG TilesetLoader        - Created buffer with size 640.0x480.0
08:18:18.384 [FXGL Background Thread 4 ] DEBUG TilesetLoader        - Loading view for layer WALL26
08:18:18.385 [FXGL Background Thread 4 ] DEBUG TilesetLoader        - Created buffer with size 640.0x480.0
08:18:18.386 [FXGL Background Thread 4 ] DEBUG TilesetLoader        - Loading view for layer WALL25
08:18:18.386 [FXGL Background Thread 4 ] DEBUG TilesetLoader        - Created buffer with size 640.0x480.0
08:18:18.388 [FXGL Background Thread 4 ] DEBUG TilesetLoader        - Loading view for layer WALL24
08:18:18.389 [FXGL Background Thread 4 ] DEBUG TilesetLoader        - Created buffer with size 640.0x480.0
08:18:18.389 [FXGL Background Thread 4 ] DEBUG TilesetLoader        - Loading view for layer WALL23
08:18:18.390 [FXGL Background Thread 4 ] DEBUG TilesetLoader        - Created buffer with size 640.0x480.0
08:18:18.391 [FXGL Background Thread 4 ] DEBUG TilesetLoader        - Loading view for layer WALL22
08:18:18.391 [FXGL Background Thread 4 ] DEBUG TilesetLoader        - Created buffer with size 640.0x480.0
08:18:18.392 [FXGL Background Thread 4 ] DEBUG TilesetLoader        - Loading view for layer WALL21
08:18:18.396 [FXGL Background Thread 4 ] DEBUG TilesetLoader        - Created buffer with size 640.0x480.0
08:18:18.397 [FXGL Background Thread 4 ] DEBUG TilesetLoader        - Loading view for layer WALL20
08:18:18.400 [FXGL Background Thread 4 ] DEBUG TilesetLoader        - Created buffer with size 640.0x480.0
08:18:18.401 [FXGL Background Thread 4 ] DEBUG TilesetLoader        - Loading view for layer WALL19
08:18:18.401 [FXGL Background Thread 4 ] DEBUG TilesetLoader        - Created buffer with size 640.0x480.0
08:18:18.402 [FXGL Background Thread 4 ] DEBUG TilesetLoader        - Loading view for layer WALL18
08:18:18.402 [FXGL Background Thread 4 ] DEBUG TilesetLoader        - Created buffer with size 640.0x480.0
08:18:18.403 [FXGL Background Thread 4 ] DEBUG TilesetLoader        - Loading view for layer WALL17
08:18:18.403 [FXGL Background Thread 4 ] DEBUG TilesetLoader        - Created buffer with size 640.0x480.0
08:18:18.404 [FXGL Background Thread 4 ] DEBUG TilesetLoader        - Loading view for layer WALL16
08:18:18.404 [FXGL Background Thread 4 ] DEBUG TilesetLoader        - Created buffer with size 640.0x480.0
08:18:18.405 [FXGL Background Thread 4 ] DEBUG TilesetLoader        - Loading view for layer WALL15
08:18:18.405 [FXGL Background Thread 4 ] DEBUG TilesetLoader        - Created buffer with size 640.0x480.0
08:18:18.405 [FXGL Background Thread 4 ] DEBUG TilesetLoader        - Loading view for layer WALL14
08:18:18.406 [FXGL Background Thread 4 ] DEBUG TilesetLoader        - Created buffer with size 640.0x480.0
08:18:18.406 [FXGL Background Thread 4 ] DEBUG TilesetLoader        - Loading view for layer WALL13
08:18:18.407 [FXGL Background Thread 4 ] DEBUG TilesetLoader        - Created buffer with size 640.0x480.0
08:18:18.408 [FXGL Background Thread 4 ] DEBUG TilesetLoader        - Loading view for layer WALL12
08:18:18.411 [FXGL Background Thread 4 ] DEBUG TilesetLoader        - Created buffer with size 640.0x480.0
08:18:18.414 [FXGL Background Thread 4 ] DEBUG TilesetLoader        - Loading view for layer WALL11
08:18:18.417 [FXGL Background Thread 4 ] DEBUG TilesetLoader        - Created buffer with size 640.0x480.0
08:18:18.418 [FXGL Background Thread 4 ] DEBUG TilesetLoader        - Loading view for layer WALL10
08:18:18.418 [FXGL Background Thread 4 ] DEBUG TilesetLoader        - Created buffer with size 640.0x480.0
08:18:18.419 [FXGL Background Thread 4 ] DEBUG TilesetLoader        - Loading view for layer WALL9
08:18:18.419 [FXGL Background Thread 4 ] DEBUG TilesetLoader        - Created buffer with size 640.0x480.0
08:18:18.421 [FXGL Background Thread 4 ] DEBUG TilesetLoader        - Loading view for layer WALL8
08:18:18.421 [FXGL Background Thread 4 ] DEBUG TilesetLoader        - Created buffer with size 640.0x480.0
08:18:18.422 [FXGL Background Thread 4 ] DEBUG TilesetLoader        - Loading view for layer WALL7
08:18:18.422 [FXGL Background Thread 4 ] DEBUG TilesetLoader        - Created buffer with size 640.0x480.0
08:18:18.423 [FXGL Background Thread 4 ] DEBUG TilesetLoader        - Loading view for layer WALL6
08:18:18.423 [FXGL Background Thread 4 ] DEBUG TilesetLoader        - Created buffer with size 640.0x480.0
08:18:18.424 [FXGL Background Thread 4 ] DEBUG TilesetLoader        - Loading view for layer WALL5
08:18:18.424 [FXGL Background Thread 4 ] DEBUG TilesetLoader        - Created buffer with size 640.0x480.0
08:18:18.425 [FXGL Background Thread 4 ] DEBUG TilesetLoader        - Loading view for layer WALL4
08:18:18.425 [FXGL Background Thread 4 ] DEBUG TilesetLoader        - Created buffer with size 640.0x480.0
08:18:18.426 [FXGL Background Thread 4 ] DEBUG TilesetLoader        - Loading view for layer WALL3
08:18:18.427 [FXGL Background Thread 4 ] DEBUG TilesetLoader        - Created buffer with size 640.0x480.0
08:18:18.427 [FXGL Background Thread 4 ] DEBUG TilesetLoader        - Loading view for layer WALL2
08:18:18.428 [FXGL Background Thread 4 ] DEBUG TilesetLoader        - Created buffer with size 640.0x480.0
08:18:18.429 [FXGL Background Thread 4 ] DEBUG TilesetLoader        - Loading view for layer WALL1
08:18:18.429 [FXGL Background Thread 4 ] DEBUG TilesetLoader        - Created buffer with size 640.0x480.0
08:18:18.430 [FXGL Background Thread 4 ] DEBUG TilesetLoader        - Loading view for layer เลเยอร์ไทล์ 2
08:18:18.430 [FXGL Background Thread 4 ] DEBUG TilesetLoader        - Created buffer with size 640.0x480.0
08:18:18.431 [FXGL Background Thread 4 ] DEBUG TilesetLoader        - Loading view for layer เลเยอร์ไทล์ 3
08:18:18.431 [FXGL Background Thread 4 ] DEBUG TilesetLoader        - Created buffer with size 640.0x480.0
08:18:18.432 [FXGL Background Thread 4 ] DEBUG TMXLevelLoader       - Creating object layer entities
08:18:18.452 [FXGL Background Thread 4 ] DEBUG FXGLAssetLoaderServi - Loading from file system: file:/C:/Users/POO/intellij/Bakudun/target/classes/assets/textures/Jim2.png
08:18:18.480 [FXGL Background Thread 4 ] WARN  TMXLevelLoader       - TiledMap generated from 1.11.2. Supported version: 1.9.0. Some features may not be parsed fully.
08:18:18.495 [FXGL Background Thread 4 ] DEBUG TMXLevelLoader       - Parsed TiledMap: file:/C:/Users/POO/intellij/Bakudun/target/classes/assets/levels/Map.tmx
08:18:18.495 [FXGL Background Thread 4 ] DEBUG TMXLevelLoader       - Creating tile layer entities
08:18:18.495 [FXGL Background Thread 4 ] DEBUG TilesetLoader        - Loading view for layer เลเยอร์ไทล์ 1
08:18:18.496 [FXGL Background Thread 4 ] DEBUG TilesetLoader        - Created buffer with size 640.0x480.0
08:18:18.499 [FXGL Background Thread 4 ] WARN  TilesetLoader        - Diagonally flipped tiles are not currently supported
08:18:18.508 [FXGL Background Thread 4 ] WARN  TilesetLoader        - Diagonally flipped tiles are not currently supported
08:18:18.520 [FXGL Background Thread 4 ] DEBUG TilesetLoader        - Loading view for layer WALL48
08:18:18.520 [FXGL Background Thread 4 ] DEBUG TilesetLoader        - Created buffer with size 640.0x480.0
08:18:18.520 [FXGL Background Thread 4 ] DEBUG TilesetLoader        - Loading view for layer WALL47
08:18:18.520 [FXGL Background Thread 4 ] DEBUG TilesetLoader        - Created buffer with size 640.0x480.0
08:18:18.521 [FXGL Background Thread 4 ] DEBUG TilesetLoader        - Loading view for layer WALL46
08:18:18.525 [FXGL Background Thread 4 ] DEBUG TilesetLoader        - Created buffer with size 640.0x480.0
08:18:18.526 [FXGL Background Thread 4 ] DEBUG TilesetLoader        - Loading view for layer WALL45
08:18:18.528 [FXGL Background Thread 4 ] DEBUG TilesetLoader        - Created buffer with size 640.0x480.0
08:18:18.530 [FXGL Background Thread 4 ] DEBUG TilesetLoader        - Loading view for layer WALL44
08:18:18.530 [FXGL Background Thread 4 ] DEBUG TilesetLoader        - Created buffer with size 640.0x480.0
08:18:18.530 [FXGL Background Thread 4 ] DEBUG TilesetLoader        - Loading view for layer WALL43
08:18:18.531 [FXGL Background Thread 4 ] DEBUG TilesetLoader        - Created buffer with size 640.0x480.0
08:18:18.531 [FXGL Background Thread 4 ] DEBUG TilesetLoader        - Loading view for layer WALL42
08:18:18.532 [FXGL Background Thread 4 ] DEBUG TilesetLoader        - Created buffer with size 640.0x480.0
08:18:18.532 [FXGL Background Thread 4 ] DEBUG TilesetLoader        - Loading view for layer WALL41
08:18:18.533 [FXGL Background Thread 4 ] DEBUG TilesetLoader        - Created buffer with size 640.0x480.0
08:18:18.533 [FXGL Background Thread 4 ] DEBUG TilesetLoader        - Loading view for layer WALL40
08:18:18.533 [FXGL Background Thread 4 ] DEBUG TilesetLoader        - Created buffer with size 640.0x480.0
08:18:18.534 [FXGL Background Thread 4 ] DEBUG TilesetLoader        - Loading view for layer WALL39
08:18:18.534 [FXGL Background Thread 4 ] DEBUG TilesetLoader        - Created buffer with size 640.0x480.0
08:18:18.534 [FXGL Background Thread 4 ] DEBUG TilesetLoader        - Loading view for layer WALL38
08:18:18.535 [FXGL Background Thread 4 ] DEBUG TilesetLoader        - Created buffer with size 640.0x480.0
08:18:18.535 [FXGL Background Thread 4 ] DEBUG TilesetLoader        - Loading view for layer WALL37
08:18:18.537 [FXGL Background Thread 4 ] DEBUG TilesetLoader        - Created buffer with size 640.0x480.0
08:18:18.538 [FXGL Background Thread 4 ] DEBUG TilesetLoader        - Loading view for layer WALL36
08:18:18.538 [FXGL Background Thread 4 ] DEBUG TilesetLoader        - Created buffer with size 640.0x480.0
08:18:18.539 [FXGL Background Thread 4 ] DEBUG TilesetLoader        - Loading view for layer WALL35
08:18:18.540 [FXGL Background Thread 4 ] DEBUG TilesetLoader        - Created buffer with size 640.0x480.0
08:18:18.540 [FXGL Background Thread 4 ] DEBUG TilesetLoader        - Loading view for layer WALL34
08:18:18.544 [FXGL Background Thread 4 ] DEBUG TilesetLoader        - Created buffer with size 640.0x480.0
08:18:18.545 [FXGL Background Thread 4 ] DEBUG TilesetLoader        - Loading view for layer WALL33
08:18:18.545 [FXGL Background Thread 4 ] DEBUG TilesetLoader        - Created buffer with size 640.0x480.0
08:18:18.546 [FXGL Background Thread 4 ] DEBUG TilesetLoader        - Loading view for layer WALL32
08:18:18.546 [FXGL Background Thread 4 ] DEBUG TilesetLoader        - Created buffer with size 640.0x480.0
08:18:18.547 [FXGL Background Thread 4 ] DEBUG TilesetLoader        - Loading view for layer WALL31
08:18:18.547 [FXGL Background Thread 4 ] DEBUG TilesetLoader        - Created buffer with size 640.0x480.0
08:18:18.548 [FXGL Background Thread 4 ] DEBUG TilesetLoader        - Loading view for layer WALL30
08:18:18.548 [FXGL Background Thread 4 ] DEBUG TilesetLoader        - Created buffer with size 640.0x480.0
08:18:18.549 [FXGL Background Thread 4 ] DEBUG TilesetLoader        - Loading view for layer WALL29
08:18:18.549 [FXGL Background Thread 4 ] DEBUG TilesetLoader        - Created buffer with size 640.0x480.0
08:18:18.550 [FXGL Background Thread 4 ] DEBUG TilesetLoader        - Loading view for layer WALL28
08:18:18.550 [FXGL Background Thread 4 ] DEBUG TilesetLoader        - Created buffer with size 640.0x480.0
08:18:18.551 [FXGL Background Thread 4 ] DEBUG TilesetLoader        - Loading view for layer WALL27
08:18:18.551 [FXGL Background Thread 4 ] DEBUG TilesetLoader        - Created buffer with size 640.0x480.0
08:18:18.552 [FXGL Background Thread 4 ] DEBUG TilesetLoader        - Loading view for layer WALL26
08:18:18.553 [FXGL Background Thread 4 ] DEBUG TilesetLoader        - Created buffer with size 640.0x480.0
08:18:18.554 [FXGL Background Thread 4 ] DEBUG TilesetLoader        - Loading view for layer WALL25
08:18:18.554 [FXGL Background Thread 4 ] DEBUG TilesetLoader        - Created buffer with size 640.0x480.0
08:18:18.555 [FXGL Background Thread 4 ] DEBUG TilesetLoader        - Loading view for layer WALL24
08:18:18.559 [FXGL Background Thread 4 ] DEBUG TilesetLoader        - Created buffer with size 640.0x480.0
08:18:18.561 [FXGL Background Thread 4 ] DEBUG TilesetLoader        - Loading view for layer WALL23
08:18:18.561 [FXGL Background Thread 4 ] DEBUG TilesetLoader        - Created buffer with size 640.0x480.0
08:18:18.561 [FXGL Background Thread 4 ] DEBUG TilesetLoader        - Loading view for layer WALL22
08:18:18.562 [FXGL Background Thread 4 ] DEBUG TilesetLoader        - Created buffer with size 640.0x480.0
08:18:18.562 [FXGL Background Thread 4 ] DEBUG TilesetLoader        - Loading view for layer WALL21
08:18:18.563 [FXGL Background Thread 4 ] DEBUG TilesetLoader        - Created buffer with size 640.0x480.0
08:18:18.563 [FXGL Background Thread 4 ] DEBUG TilesetLoader        - Loading view for layer WALL20
08:18:18.564 [FXGL Background Thread 4 ] DEBUG TilesetLoader        - Created buffer with size 640.0x480.0
08:18:18.564 [FXGL Background Thread 4 ] DEBUG TilesetLoader        - Loading view for layer WALL19
08:18:18.564 [FXGL Background Thread 4 ] DEBUG TilesetLoader        - Created buffer with size 640.0x480.0
08:18:18.565 [FXGL Background Thread 4 ] DEBUG TilesetLoader        - Loading view for layer WALL18
08:18:18.565 [FXGL Background Thread 4 ] DEBUG TilesetLoader        - Created buffer with size 640.0x480.0
08:18:18.565 [FXGL Background Thread 4 ] DEBUG TilesetLoader        - Loading view for layer WALL17
08:18:18.566 [FXGL Background Thread 4 ] DEBUG TilesetLoader        - Created buffer with size 640.0x480.0
08:18:18.566 [FXGL Background Thread 4 ] DEBUG TilesetLoader        - Loading view for layer WALL16
08:18:18.566 [FXGL Background Thread 4 ] DEBUG TilesetLoader        - Created buffer with size 640.0x480.0
08:18:18.567 [FXGL Background Thread 4 ] DEBUG TilesetLoader        - Loading view for layer WALL15
08:18:18.567 [FXGL Background Thread 4 ] DEBUG TilesetLoader        - Created buffer with size 640.0x480.0
08:18:18.567 [FXGL Background Thread 4 ] DEBUG TilesetLoader        - Loading view for layer WALL14
08:18:18.568 [FXGL Background Thread 4 ] DEBUG TilesetLoader        - Created buffer with size 640.0x480.0
08:18:18.568 [FXGL Background Thread 4 ] DEBUG TilesetLoader        - Loading view for layer WALL13
08:18:18.568 [FXGL Background Thread 4 ] DEBUG TilesetLoader        - Created buffer with size 640.0x480.0
08:18:18.569 [FXGL Background Thread 4 ] DEBUG TilesetLoader        - Loading view for layer WALL12
08:18:18.569 [FXGL Background Thread 4 ] DEBUG TilesetLoader        - Created buffer with size 640.0x480.0
08:18:18.569 [FXGL Background Thread 4 ] DEBUG TilesetLoader        - Loading view for layer WALL11
08:18:18.569 [FXGL Background Thread 4 ] DEBUG TilesetLoader        - Created buffer with size 640.0x480.0
08:18:18.570 [FXGL Background Thread 4 ] DEBUG TilesetLoader        - Loading view for layer WALL10
08:18:18.570 [FXGL Background Thread 4 ] DEBUG TilesetLoader        - Created buffer with size 640.0x480.0
08:18:18.570 [FXGL Background Thread 4 ] DEBUG TilesetLoader        - Loading view for layer WALL9
08:18:18.570 [FXGL Background Thread 4 ] DEBUG TilesetLoader        - Created buffer with size 640.0x480.0
08:18:18.571 [FXGL Background Thread 4 ] DEBUG TilesetLoader        - Loading view for layer WALL8
08:18:18.571 [FXGL Background Thread 4 ] DEBUG TilesetLoader        - Created buffer with size 640.0x480.0
08:18:18.571 [FXGL Background Thread 4 ] DEBUG TilesetLoader        - Loading view for layer WALL7
08:18:18.571 [FXGL Background Thread 4 ] DEBUG TilesetLoader        - Created buffer with size 640.0x480.0
08:18:18.571 [FXGL Background Thread 4 ] DEBUG TilesetLoader        - Loading view for layer WALL6
08:18:18.571 [FXGL Background Thread 4 ] DEBUG TilesetLoader        - Created buffer with size 640.0x480.0
08:18:18.573 [FXGL Background Thread 4 ] DEBUG TilesetLoader        - Loading view for layer WALL5
08:18:18.573 [FXGL Background Thread 4 ] DEBUG TilesetLoader        - Created buffer with size 640.0x480.0
08:18:18.573 [FXGL Background Thread 4 ] DEBUG TilesetLoader        - Loading view for layer WALL4
08:18:18.573 [FXGL Background Thread 4 ] DEBUG TilesetLoader        - Created buffer with size 640.0x480.0
08:18:18.574 [FXGL Background Thread 4 ] DEBUG TilesetLoader        - Loading view for layer WALL3
08:18:18.574 [FXGL Background Thread 4 ] DEBUG TilesetLoader        - Created buffer with size 640.0x480.0
08:18:18.574 [FXGL Background Thread 4 ] DEBUG TilesetLoader        - Loading view for layer WALL2
08:18:18.574 [FXGL Background Thread 4 ] DEBUG TilesetLoader        - Created buffer with size 640.0x480.0
08:18:18.575 [FXGL Background Thread 4 ] DEBUG TilesetLoader        - Loading view for layer WALL1
08:18:18.575 [FXGL Background Thread 4 ] DEBUG TilesetLoader        - Created buffer with size 640.0x480.0
08:18:18.575 [FXGL Background Thread 4 ] DEBUG TilesetLoader        - Loading view for layer เลเยอร์ไทล์ 2
08:18:18.575 [FXGL Background Thread 4 ] DEBUG TilesetLoader        - Created buffer with size 640.0x480.0
08:18:18.576 [FXGL Background Thread 4 ] DEBUG TilesetLoader        - Loading view for layer เลเยอร์ไทล์ 3
08:18:18.576 [FXGL Background Thread 4 ] DEBUG TilesetLoader        - Created buffer with size 640.0x480.0
08:18:18.576 [FXGL Background Thread 4 ] DEBUG TMXLevelLoader       - Creating object layer entities
08:18:18.591 [FXGL Background Thread 4 ] DEBUG GameWorld            - Clearing removable entities
08:18:18.592 [FXGL Background Thread 4 ] DEBUG GameWorld            - Setting level: com.almasb.fxgl.entity.level.Level@25d1c200
08:18:18.603 [FXGL Background Thread 4 ] INFO  FXGLApplication      - Game initialization took: 0.370 sec
08:18:18.641 [JavaFX Application Thread] DEBUG Input                - Clearing active input actions
08:18:18.648 [JavaFX Application Thread] DEBUG GameApplicationServi - Removing overlay from FXGLLoadingScene and adding to GameScene
08:18:18.652 [JavaFX Application Thread] DEBUG PrimaryStageWindow   - FXGLLoadingScene -> GameScene
08:18:21.139 [FXGL Background Thread 3 ] DEBUG Engine               - Logging environment variables
08:18:21.139 [FXGL Background Thread 3 ] DEBUG Engine               - achievements: []
08:18:21.139 [FXGL Background Thread 3 ] DEBUG Engine               - actualHeight: 480.0
08:18:21.139 [FXGL Background Thread 3 ] DEBUG Engine               - actualHeightProperty: ReadOnlyDoubleProperty [value: 480.0]
08:18:21.139 [FXGL Background Thread 3 ] DEBUG Engine               - actualWidth: 640.0
08:18:21.139 [FXGL Background Thread 3 ] DEBUG Engine               - actualWidthProperty: ReadOnlyDoubleProperty [value: 640.0]
08:18:21.139 [FXGL Background Thread 3 ] DEBUG Engine               - appIcon: fxgl_icon.png
08:18:21.139 [FXGL Background Thread 3 ] DEBUG Engine               - applicationMode: DEVELOPER
08:18:21.140 [FXGL Background Thread 3 ] DEBUG Engine               - cSSList: [fxgl_dark.css]
08:18:21.140 [FXGL Background Thread 3 ] DEBUG Engine               - collisionDetectionStrategy: BRUTE_FORCE
08:18:21.140 [FXGL Background Thread 3 ] DEBUG Engine               - configClass: Optional.empty
08:18:21.140 [FXGL Background Thread 3 ] DEBUG Engine               - credits: []
08:18:21.140 [FXGL Background Thread 3 ] DEBUG Engine               - defaultCursor: CursorInfo(imageName=fxgl_default_cursor.png, hotspotX=7.0, hotspotY=6.0)
08:18:21.140 [FXGL Background Thread 3 ] DEBUG Engine               - devBBoxColorProperty: ObjectProperty [value: 0xff0000ff]
08:18:21.140 [FXGL Background Thread 3 ] DEBUG Engine               - devEnableDebugCameraProperty: BooleanProperty [value: false]
08:18:21.140 [FXGL Background Thread 3 ] DEBUG Engine               - devSensorColorProperty: ObjectProperty [value: 0xffff00ff]
08:18:21.140 [FXGL Background Thread 3 ] DEBUG Engine               - devShowBBoxProperty: BooleanProperty [value: false]
08:18:21.140 [FXGL Background Thread 3 ] DEBUG Engine               - devShowPositionProperty: BooleanProperty [value: false]
08:18:21.140 [FXGL Background Thread 3 ] DEBUG Engine               - enabledMenuItems: []
08:18:21.140 [FXGL Background Thread 3 ] DEBUG Engine               - engineServices: [class com.almasb.fxgl.app.services.FXGLAssetLoaderService, class com.almasb.fxgl.app.FXGLApplication$GameApplicationService, class com.almasb.fxgl.app.services.FXGLDialogService, class com.almasb.fxgl.app.services.IOTaskExecutorService, class com.almasb.fxgl.io.FileSystemService, class com.almasb.fxgl.localization.LocalizationService, class com.almasb.fxgl.app.services.SystemBundleService, class com.almasb.fxgl.profile.SaveLoadService, class com.almasb.fxgl.ui.FXGLUIFactoryServiceProvider, class com.almasb.fxgl.ui.FXGLDialogFactoryServiceProvider, class com.almasb.fxgl.audio.AudioPlayer, class com.almasb.fxgl.notification.impl.NotificationServiceProvider, class com.almasb.fxgl.achievement.AchievementService, class com.almasb.fxgl.cutscene.CutsceneService, class com.almasb.fxgl.minigames.MiniGameService, class com.almasb.fxgl.net.NetService, class com.almasb.fxgl.app.services.UpdaterService, class com.almasb.fxgl.dev.DevService]
08:18:21.140 [FXGL Background Thread 3 ] DEBUG Engine               - fontGame: Abel-Regular.ttf
08:18:21.140 [FXGL Background Thread 3 ] DEBUG Engine               - fontMono: TerminalLandMono-Regular.otf
08:18:21.140 [FXGL Background Thread 3 ] DEBUG Engine               - fontSizeScaleUI: 1.0
08:18:21.141 [FXGL Background Thread 3 ] DEBUG Engine               - fontText: Courier-Prime.ttf
08:18:21.141 [FXGL Background Thread 3 ] DEBUG Engine               - fontUI: VarelaRound-Regular.ttf
08:18:21.141 [FXGL Background Thread 3 ] DEBUG Engine               - fullScreen: BooleanProperty [value: false]
08:18:21.141 [FXGL Background Thread 3 ] DEBUG Engine               - gameDifficulty: MEDIUM
08:18:21.141 [FXGL Background Thread 3 ] DEBUG Engine               - gameDifficultyProperty: ObjectProperty [value: MEDIUM]
08:18:21.141 [FXGL Background Thread 3 ] DEBUG Engine               - globalMusicVolume: 0.5
08:18:21.141 [FXGL Background Thread 3 ] DEBUG Engine               - globalMusicVolumeProperty: DoubleProperty [value: 0.5]
08:18:21.141 [FXGL Background Thread 3 ] DEBUG Engine               - globalSoundVolume: 0.5
08:18:21.141 [FXGL Background Thread 3 ] DEBUG Engine               - globalSoundVolumeProperty: DoubleProperty [value: 0.5]
08:18:21.141 [FXGL Background Thread 3 ] DEBUG Engine               - height: 480
08:18:21.141 [FXGL Background Thread 3 ] DEBUG Engine               - is3D: false
08:18:21.141 [FXGL Background Thread 3 ] DEBUG Engine               - isAndroid: false
08:18:21.141 [FXGL Background Thread 3 ] DEBUG Engine               - isBrowser: false
08:18:21.141 [FXGL Background Thread 3 ] DEBUG Engine               - isClickFeedbackEnabled: false
08:18:21.141 [FXGL Background Thread 3 ] DEBUG Engine               - isCloseConfirmation: false
08:18:21.141 [FXGL Background Thread 3 ] DEBUG Engine               - isDesktop: true
08:18:21.141 [FXGL Background Thread 3 ] DEBUG Engine               - isDeveloperMenuEnabled: true
08:18:21.141 [FXGL Background Thread 3 ] DEBUG Engine               - isEmbedded: false
08:18:21.141 [FXGL Background Thread 3 ] DEBUG Engine               - isEntityPreloadEnabled: true
08:18:21.141 [FXGL Background Thread 3 ] DEBUG Engine               - isExperimentalTiledLargeMap: false
08:18:21.141 [FXGL Background Thread 3 ] DEBUG Engine               - isFileSystemWriteAllowed: true
08:18:21.141 [FXGL Background Thread 3 ] DEBUG Engine               - isFullScreenAllowed: false
08:18:21.141 [FXGL Background Thread 3 ] DEBUG Engine               - isFullScreenFromStart: false
08:18:21.141 [FXGL Background Thread 3 ] DEBUG Engine               - isGameMenuEnabled: true
08:18:21.141 [FXGL Background Thread 3 ] DEBUG Engine               - isIOS: false
08:18:21.141 [FXGL Background Thread 3 ] DEBUG Engine               - isIntroEnabled: false
08:18:21.141 [FXGL Background Thread 3 ] DEBUG Engine               - isLinux: false
08:18:21.141 [FXGL Background Thread 3 ] DEBUG Engine               - isMac: false
08:18:21.141 [FXGL Background Thread 3 ] DEBUG Engine               - isMainMenuEnabled: false
08:18:21.141 [FXGL Background Thread 3 ] DEBUG Engine               - isManualResizeEnabled: false
08:18:21.141 [FXGL Background Thread 3 ] DEBUG Engine               - isMobile: false
08:18:21.141 [FXGL Background Thread 3 ] DEBUG Engine               - isNative: false
08:18:21.141 [FXGL Background Thread 3 ] DEBUG Engine               - isPauseMusicWhenMinimized: true
08:18:21.141 [FXGL Background Thread 3 ] DEBUG Engine               - isPreserveResizeRatio: false
08:18:21.141 [FXGL Background Thread 3 ] DEBUG Engine               - isProfilingEnabled: false
08:18:21.141 [FXGL Background Thread 3 ] DEBUG Engine               - isScaleAffectedOnResize: true
08:18:21.141 [FXGL Background Thread 3 ] DEBUG Engine               - isSingleStep: false
08:18:21.141 [FXGL Background Thread 3 ] DEBUG Engine               - isUserProfileEnabled: false
08:18:21.141 [FXGL Background Thread 3 ] DEBUG Engine               - isWindows: true
08:18:21.141 [FXGL Background Thread 3 ] DEBUG Engine               - language: ObjectProperty [value: ENGLISH]
08:18:21.141 [FXGL Background Thread 3 ] DEBUG Engine               - menuKey: ESCAPE
08:18:21.141 [FXGL Background Thread 3 ] DEBUG Engine               - mouseSensitivity: 0.2
08:18:21.141 [FXGL Background Thread 3 ] DEBUG Engine               - notificationViewClass: class com.almasb.fxgl.notification.view.XboxNotificationView
08:18:21.141 [FXGL Background Thread 3 ] DEBUG Engine               - pixelsPerMeter: 50.0
08:18:21.141 [FXGL Background Thread 3 ] DEBUG Engine               - platform: WINDOWS
08:18:21.141 [FXGL Background Thread 3 ] DEBUG Engine               - prefHeightProperty: ReadOnlyDoubleProperty [value: 480.0]
08:18:21.141 [FXGL Background Thread 3 ] DEBUG Engine               - prefWidthProperty: ReadOnlyDoubleProperty [value: 640.0]
08:18:21.141 [FXGL Background Thread 3 ] DEBUG Engine               - profileDir: profiles/
08:18:21.142 [FXGL Background Thread 3 ] DEBUG Engine               - profileName: StringProperty [value: DEFAULT]
08:18:21.142 [FXGL Background Thread 3 ] DEBUG Engine               - randomSeed: -1
08:18:21.142 [FXGL Background Thread 3 ] DEBUG Engine               - runtimeInfo: RuntimeInfo(platform=WINDOWS, version=21.1, build=27.03.2024 07.52)
08:18:21.142 [FXGL Background Thread 3 ] DEBUG Engine               - saveFileExt: sav
08:18:21.142 [FXGL Background Thread 3 ] DEBUG Engine               - scaledHeightProp$fxgl: DoubleProperty [bound, value: 480.0]
08:18:21.142 [FXGL Background Thread 3 ] DEBUG Engine               - scaledWidthProp$fxgl: DoubleProperty [bound, value: 640.0]
08:18:21.142 [FXGL Background Thread 3 ] DEBUG Engine               - sceneFactory: com.almasb.fxgl.app.scene.SceneFactory@485763c4
08:18:21.142 [FXGL Background Thread 3 ] DEBUG Engine               - secondsIn24h: 60
08:18:21.142 [FXGL Background Thread 3 ] DEBUG Engine               - soundMenuBack: menu/back.wav
08:18:21.142 [FXGL Background Thread 3 ] DEBUG Engine               - soundMenuPress: menu/press.wav
08:18:21.142 [FXGL Background Thread 3 ] DEBUG Engine               - soundMenuSelect: menu/select.wav
08:18:21.142 [FXGL Background Thread 3 ] DEBUG Engine               - soundNotification: core/notification.wav
08:18:21.142 [FXGL Background Thread 3 ] DEBUG Engine               - stageStyle: DECORATED
08:18:21.142 [FXGL Background Thread 3 ] DEBUG Engine               - supportedLanguages: [ENGLISH, FRENCH, GERMAN, HUNGARIAN, RUSSIAN]
08:18:21.142 [FXGL Background Thread 3 ] DEBUG Engine               - ticksPerSecond: -1
08:18:21.142 [FXGL Background Thread 3 ] DEBUG Engine               - title: BomberMan
08:18:21.142 [FXGL Background Thread 3 ] DEBUG Engine               - urlGithub: https://github.com/AlmasB/FXGL
08:18:21.142 [FXGL Background Thread 3 ] DEBUG Engine               - urlLeaderboard: http://fxgl-top.herokuapp.com/
08:18:21.142 [FXGL Background Thread 3 ] DEBUG Engine               - urlPOM: https://raw.githubusercontent.com/AlmasB/FXGL/release/README.md
08:18:21.142 [FXGL Background Thread 3 ] DEBUG Engine               - userAppClass: class me.pooh.bakudun.App
08:18:21.143 [FXGL Background Thread 3 ] DEBUG Engine               - version: 0.1
08:18:21.143 [FXGL Background Thread 3 ] DEBUG Engine               - versionCheckDays: 7
08:18:21.143 [FXGL Background Thread 3 ] DEBUG Engine               - width: 640
08:18:21.143 [FXGL Background Thread 3 ] DEBUG Engine               - Logging services
08:18:21.143 [FXGL Background Thread 3 ] DEBUG Engine               - class com.almasb.fxgl.app.services.FXGLAssetLoaderService
08:18:21.143 [FXGL Background Thread 3 ] DEBUG Engine               - class com.almasb.fxgl.app.FXGLApplication$GameApplicationService
08:18:21.143 [FXGL Background Thread 3 ] DEBUG Engine               - class com.almasb.fxgl.app.services.FXGLDialogService
08:18:21.143 [FXGL Background Thread 3 ] DEBUG Engine               - class com.almasb.fxgl.app.services.IOTaskExecutorService
08:18:21.143 [FXGL Background Thread 3 ] DEBUG Engine               - class com.almasb.fxgl.io.FileSystemService
08:18:21.143 [FXGL Background Thread 3 ] DEBUG Engine               - class com.almasb.fxgl.localization.LocalizationService
08:18:21.143 [FXGL Background Thread 3 ] DEBUG Engine               - class com.almasb.fxgl.app.services.SystemBundleService
08:18:21.143 [FXGL Background Thread 3 ] DEBUG Engine               - class com.almasb.fxgl.profile.SaveLoadService
08:18:21.143 [FXGL Background Thread 3 ] DEBUG Engine               - class com.almasb.fxgl.ui.FXGLUIFactoryServiceProvider
08:18:21.143 [FXGL Background Thread 3 ] DEBUG Engine               - class com.almasb.fxgl.ui.FXGLDialogFactoryServiceProvider
08:18:21.143 [FXGL Background Thread 3 ] DEBUG Engine               - class com.almasb.fxgl.audio.AudioPlayer
08:18:21.143 [FXGL Background Thread 3 ] DEBUG Engine               - class com.almasb.fxgl.notification.impl.NotificationServiceProvider
08:18:21.143 [FXGL Background Thread 3 ] DEBUG Engine               - class com.almasb.fxgl.achievement.AchievementService
08:18:21.143 [FXGL Background Thread 3 ] DEBUG Engine               - class com.almasb.fxgl.cutscene.CutsceneService
08:18:21.143 [FXGL Background Thread 3 ] DEBUG Engine               - class com.almasb.fxgl.minigames.MiniGameService
08:18:21.143 [FXGL Background Thread 3 ] DEBUG Engine               - class com.almasb.fxgl.net.NetService
08:18:21.143 [FXGL Background Thread 3 ] DEBUG Engine               - class com.almasb.fxgl.app.services.UpdaterService
08:18:21.143 [FXGL Background Thread 3 ] DEBUG Engine               - class com.almasb.fxgl.dev.DevService
08:18:25.438 [JavaFX Application Thread] DEBUG FXGLApplication      - Exiting FXGL
08:18:25.438 [JavaFX Application Thread] DEBUG LoopRunner           - Stopping loop
08:18:25.438 [JavaFX Application Thread] DEBUG SystemBundleService  - Saving FXGL system data
08:18:25.440 [JavaFX Application Thread] DEBUG FileSystemAccess     - Writing to: C:\Users\POO\intellij\Bakudun\system\fxgl.bundle
08:18:25.442 [JavaFX Application Thread] DEBUG Async                - Shutting down background threads
08:18:25.442 [JavaFX Application Thread] DEBUG PrimaryStageWindow   - Closing main window
08:18:25.458 [JavaFX Application Thread] DEBUG Logger               - Closing Logger
