08:58:50.205 [main                     ] DEBUG Logger               - Configured Logger
08:58:50.233 [main                     ] DEBUG GameApplication      - Logging settings
Title: BomberMan
Version: 0.1
Width: 640
Height: 480
Fullscreen: false
Intro: false
Profiling: false
Single step:false
App Mode: DEVELOPER
Menu Key: ESCAPE
Stage Style: DECORATED
Scene Factory: class com.almasb.fxgl.app.scene.SceneFactory

08:58:50.825 [JavaFX Application Thread] DEBUG FXGLApplication      - Initializing FXGL
08:58:50.828 [JavaFX Application Thread] INFO  Engine               - FXGL-21.1 (27.03.2024 07.52) on WINDOWS (J:21.0.2 FX:21.0.1)
08:58:50.828 [JavaFX Application Thread] DEBUG Engine               - JRE Vendor Name: Eclipse Adoptium
08:58:50.829 [JavaFX Application Thread] DEBUG Engine               - Running on OS: Windows 11 version 10.0
08:58:50.829 [JavaFX Application Thread] DEBUG Engine               - Architecture: amd64
08:58:50.829 [JavaFX Application Thread] INFO  Engine               - Source code and latest versions at: https://github.com/AlmasB/FXGL
08:58:50.829 [JavaFX Application Thread] INFO  Engine               -       Ask questions and discuss at: https://github.com/AlmasB/FXGL/discussions
08:58:50.829 [JavaFX Application Thread] INFO  Engine               -              Join the FXGL chat at: https://gitter.im/AlmasB/FXGL
08:58:50.895 [JavaFX Application Thread] DEBUG PrimaryStageWindow   - Creating a JavaFX scene
08:58:50.934 [JavaFX Application Thread] DEBUG PrimaryStageWindow   - Target settings size: 640.0 x 480.0
08:58:50.934 [JavaFX Application Thread] DEBUG PrimaryStageWindow   - Scaled scene size:    640.0 x 480.0
08:58:50.934 [JavaFX Application Thread] DEBUG PrimaryStageWindow   - Scaled ratio: (1.0, 1.0)
08:58:50.935 [JavaFX Application Thread] DEBUG PrimaryStageWindow   - Set initial scene to FXGLStartupScene
08:58:50.938 [JavaFX Application Thread] DEBUG PrimaryStageWindow   - Opening main window
08:58:51.027 [JavaFX Application Thread] DEBUG PrimaryStageWindow   - Window border size: (14.4000244140625, 37.5999755859375)
08:58:51.028 [JavaFX Application Thread] DEBUG PrimaryStageWindow   - Scaled size: 640.0 x 480.0
08:58:51.028 [JavaFX Application Thread] DEBUG PrimaryStageWindow   - Scaled ratio: (1.0, 1.0)
08:58:51.029 [JavaFX Application Thread] DEBUG PrimaryStageWindow   - Scene size: 640.0 x 480.0
08:58:51.029 [JavaFX Application Thread] DEBUG PrimaryStageWindow   - Stage size: 654.4000244140625 x 517.5999755859375
08:58:51.037 [FXGL Background Thread 1 ] DEBUG Engine               - Initializing environment variables
08:58:51.098 [FXGL Background Thread 1 ] DEBUG FXGLAssetLoaderServi - User app class for loading assets: class me.pooh.bakudun.App
08:58:51.098 [FXGL Background Thread 1 ] DEBUG GameApplicationServi - Applying CSS: fxgl_dark.css
08:58:51.099 [FXGL Background Thread 1 ] DEBUG FXGLAssetLoaderServi - Loading from file system: jar:file:///C:/Users/POO/.m2/repository/com/github/almasb/fxgl/21.1/fxgl-21.1.jar!/fxglassets/ui/css/fxgl_dark.css
08:58:51.139 [FXGL Background Thread 1 ] DEBUG GameApplicationServi - Initializing application scenes
08:58:51.173 [FXGL Background Thread 1 ] DEBUG GameWorld            - Game world initialized
08:58:51.234 [FXGL Background Thread 1 ] DEBUG PhysicsWorld         - Physics world initialized: appHeight=480, physics.ppm=50.0
08:58:51.235 [FXGL Background Thread 1 ] DEBUG PhysicsWorld         - Using strategy: BRUTE_FORCE
08:58:51.238 [FXGL Background Thread 1 ] DEBUG GameScene            - Game scene initialized: 640x480
08:58:51.249 [FXGL Background Thread 1 ] WARN  FXGL.DefaultMenu     - FXGLDefaultMenu is not designed for resolutions < 800x600
08:58:51.249 [FXGL Background Thread 1 ] DEBUG FXGL.DefaultMenu     - createMenuBodyGameMenu()
08:58:51.261 [FXGL Background Thread 1 ] DEBUG FXGL.DefaultMenu     - createOptionsMenu()
08:58:51.269 [FXGL Background Thread 1 ] DEBUG FXGLAssetLoaderServi - Loading from file system: jar:file:///C:/Users/POO/.m2/repository/com/github/almasb/fxgl/21.1/fxgl-21.1.jar!/fxglassets/textures/particles/smoke.png
08:58:51.337 [FXGL Background Thread 1 ] DEBUG FXGLAssetLoaderServi - Loading from file system: jar:file:///C:/Users/POO/.m2/repository/com/github/almasb/fxgl/21.1/fxgl-21.1.jar!/fxglassets/textures/particles/trace_horizontal.png
08:58:51.360 [FXGL Background Thread 1 ] DEBUG GameApplicationServi - Application scenes initialized
08:58:51.373 [FXGL Background Thread 1 ] DEBUG SystemBundleService  - Loading FXGL system data
08:58:51.378 [FXGL Background Thread 1 ] DEBUG FileSystemAccess     - Reading from: C:\Users\POO\intellij\Bakudun\system\fxgl.bundle
08:58:51.386 [FXGL Background Thread 1 ] DEBUG SystemBundleService  - Bundle FXGL: {}
08:58:51.386 [FXGL Background Thread 1 ] DEBUG UpdaterService       - Checking for updates
08:58:51.413 [FXGL Background Thread 4 ] DEBUG FXGLApplication      - Loading fonts
08:58:51.414 [FXGL Background Thread 4 ] DEBUG FXGLAssetLoaderServi - Loading from file system: jar:file:///C:/Users/POO/.m2/repository/com/github/almasb/fxgl/21.1/fxgl-21.1.jar!/fxglassets/ui/fonts/VarelaRound-Regular.ttf
08:58:51.414 [FXGL Background Thread 1 ] DEBUG FXGLApplication      - Loading default localization
08:58:51.415 [FXGL Background Thread 1 ] DEBUG FXGLAssetLoaderServi - Loading from file system: jar:file:///C:/Users/POO/.m2/repository/com/github/almasb/fxgl/21.1/fxgl-21.1.jar!/fxglassets/languages/english.lang
08:58:51.438 [FXGL Background Thread 1 ] INFO  FXGLApplication      - FXGL initialization took: 0.402 sec
08:58:51.446 [FXGL Background Thread 4 ] DEBUG FXGLAssetLoaderServi - Loading from file system: jar:file:///C:/Users/POO/.m2/repository/com/github/almasb/fxgl/21.1/fxgl-21.1.jar!/fxglassets/ui/fonts/Abel-Regular.ttf
08:58:51.448 [JavaFX Application Thread] DEBUG Input                - Registered new binding: Right - D
08:58:51.448 [JavaFX Application Thread] DEBUG Input                - Registered new binding: Left - A
08:58:51.448 [JavaFX Application Thread] DEBUG Input                - Registered new binding: Up - W
08:58:51.449 [JavaFX Application Thread] DEBUG Input                - Registered new binding: Down - S
08:58:51.449 [FXGL Background Thread 4 ] DEBUG FXGLAssetLoaderServi - Loading from file system: jar:file:///C:/Users/POO/.m2/repository/com/github/almasb/fxgl/21.1/fxgl-21.1.jar!/fxglassets/ui/fonts/TerminalLandMono-Regular.otf
08:58:51.449 [JavaFX Application Thread] DEBUG Input                - Registered new binding: Place Bomb - Space
08:58:51.449 [JavaFX Application Thread] DEBUG FXGLAssetLoaderServi - Loading from file system: jar:file:///C:/Users/POO/.m2/repository/com/github/almasb/fxgl/21.1/fxgl-21.1.jar!/fxglassets/textures/fxgl_icon.png
08:58:51.452 [FXGL Background Thread 4 ] DEBUG FXGLAssetLoaderServi - Loading from file system: jar:file:///C:/Users/POO/.m2/repository/com/github/almasb/fxgl/21.1/fxgl-21.1.jar!/fxglassets/ui/fonts/Courier-Prime.ttf
08:58:51.467 [JavaFX Application Thread] DEBUG FXGLAssetLoaderServi - Loading from file system: jar:file:///C:/Users/POO/.m2/repository/com/github/almasb/fxgl/21.1/fxgl-21.1.jar!/fxglassets/textures/fxgl_default_cursor.png
08:58:51.470 [JavaFX Application Thread] DEBUG Input                - Registered new binding: Screenshot - CTRL+8
08:58:51.470 [JavaFX Application Thread] DEBUG Input                - Registered new binding: Dev Options - 1
08:58:51.471 [JavaFX Application Thread] DEBUG Input                - Registered new binding: Dev Console - 2
08:58:51.471 [JavaFX Application Thread] DEBUG Input                - Registered new binding: System info dump - CTRL+9
08:58:51.471 [JavaFX Application Thread] DEBUG Input                - Registered new binding: Restart - CTRL+R
08:58:51.472 [JavaFX Application Thread] DEBUG Input                - Registered new binding: Toggle Debug Camera - CTRL+7
08:58:51.476 [JavaFX Application Thread] DEBUG LoopRunner           - Starting loop
08:58:51.495 [JavaFX Application Thread] DEBUG LoopRunner           - Initializing JavaFX AnimationTimerLoop
08:58:51.497 [JavaFX Application Thread] DEBUG GameApplicationServi - Starting new game
08:58:51.497 [JavaFX Application Thread] DEBUG Input                - Clearing active input actions
08:58:51.507 [JavaFX Application Thread] DEBUG GameApplicationServi - Removing overlay from FXGLStartupScene and adding to FXGLLoadingScene
08:58:51.510 [JavaFX Application Thread] DEBUG PrimaryStageWindow   - FXGLStartupScene -> FXGLLoadingScene
08:58:51.511 [JavaFX Application Thread] DEBUG GameApplicationServi - Clearing previous game
08:58:51.511 [JavaFX Application Thread] DEBUG GameScene            - Clearing game scene
08:58:51.511 [JavaFX Application Thread] DEBUG GameWorld            - Clearing game world
08:58:51.511 [JavaFX Application Thread] DEBUG PhysicsWorld         - Clearing physics world
08:58:51.512 [FXGL Background Thread 4 ] DEBUG FXGLApplication      - Initializing game
08:58:51.514 [JavaFX Application Thread] DEBUG FXGLApplication      - Registering font factories with UI factory
08:58:51.571 [FXGL Background Thread 4 ] WARN  TMXLevelLoader       - TiledMap generated from 1.11.2. Supported version: 1.9.0. Some features may not be parsed fully.
08:58:51.605 [FXGL Background Thread 4 ] DEBUG TMXLevelLoader       - Parsed TiledMap: file:/C:/Users/POO/intellij/Bakudun/target/classes/assets/levels/Map.tmx
08:58:51.606 [FXGL Background Thread 4 ] DEBUG TMXLevelLoader       - Creating tile layer entities
08:58:51.608 [FXGL Background Thread 4 ] DEBUG TilesetLoader        - Loading view for layer เลเยอร์ไทล์ 1
08:58:51.608 [FXGL Background Thread 4 ] DEBUG TilesetLoader        - Created buffer with size 640.0x480.0
08:58:51.617 [FXGL Background Thread 4 ] WARN  TilesetLoader        - Diagonally flipped tiles are not currently supported
08:58:51.628 [FXGL Background Thread 4 ] WARN  TilesetLoader        - Diagonally flipped tiles are not currently supported
08:58:51.640 [FXGL Background Thread 4 ] DEBUG TilesetLoader        - Loading view for layer WALL48
08:58:51.641 [FXGL Background Thread 4 ] DEBUG TilesetLoader        - Created buffer with size 640.0x480.0
08:58:51.642 [FXGL Background Thread 4 ] DEBUG TilesetLoader        - Loading view for layer WALL47
08:58:51.642 [FXGL Background Thread 4 ] DEBUG TilesetLoader        - Created buffer with size 640.0x480.0
08:58:51.643 [FXGL Background Thread 4 ] DEBUG TilesetLoader        - Loading view for layer WALL46
08:58:51.644 [FXGL Background Thread 4 ] DEBUG TilesetLoader        - Created buffer with size 640.0x480.0
08:58:51.645 [FXGL Background Thread 4 ] DEBUG TilesetLoader        - Loading view for layer WALL45
08:58:51.645 [FXGL Background Thread 4 ] DEBUG TilesetLoader        - Created buffer with size 640.0x480.0
08:58:51.646 [FXGL Background Thread 4 ] DEBUG TilesetLoader        - Loading view for layer WALL44
08:58:51.646 [FXGL Background Thread 4 ] DEBUG TilesetLoader        - Created buffer with size 640.0x480.0
08:58:51.647 [FXGL Background Thread 4 ] DEBUG TilesetLoader        - Loading view for layer WALL43
08:58:51.648 [FXGL Background Thread 4 ] DEBUG TilesetLoader        - Created buffer with size 640.0x480.0
08:58:51.649 [FXGL Background Thread 4 ] DEBUG TilesetLoader        - Loading view for layer WALL42
08:58:51.650 [FXGL Background Thread 4 ] DEBUG TilesetLoader        - Created buffer with size 640.0x480.0
08:58:51.650 [FXGL Background Thread 4 ] DEBUG TilesetLoader        - Loading view for layer WALL41
08:58:51.650 [FXGL Background Thread 4 ] DEBUG TilesetLoader        - Created buffer with size 640.0x480.0
08:58:51.659 [FXGL Background Thread 4 ] DEBUG TilesetLoader        - Loading view for layer WALL40
08:58:51.659 [FXGL Background Thread 4 ] DEBUG TilesetLoader        - Created buffer with size 640.0x480.0
08:58:51.660 [FXGL Background Thread 4 ] DEBUG TilesetLoader        - Loading view for layer WALL39
08:58:51.660 [FXGL Background Thread 4 ] DEBUG TilesetLoader        - Created buffer with size 640.0x480.0
08:58:51.661 [FXGL Background Thread 4 ] DEBUG TilesetLoader        - Loading view for layer WALL38
08:58:51.661 [FXGL Background Thread 4 ] DEBUG TilesetLoader        - Created buffer with size 640.0x480.0
08:58:51.662 [FXGL Background Thread 4 ] DEBUG TilesetLoader        - Loading view for layer WALL37
08:58:51.662 [FXGL Background Thread 4 ] DEBUG TilesetLoader        - Created buffer with size 640.0x480.0
08:58:51.663 [FXGL Background Thread 4 ] DEBUG TilesetLoader        - Loading view for layer WALL36
08:58:51.663 [FXGL Background Thread 4 ] DEBUG TilesetLoader        - Created buffer with size 640.0x480.0
08:58:51.664 [FXGL Background Thread 4 ] DEBUG TilesetLoader        - Loading view for layer WALL35
08:58:51.669 [FXGL Background Thread 4 ] DEBUG TilesetLoader        - Created buffer with size 640.0x480.0
08:58:51.670 [FXGL Background Thread 4 ] DEBUG TilesetLoader        - Loading view for layer WALL34
08:58:51.672 [FXGL Background Thread 4 ] DEBUG TilesetLoader        - Created buffer with size 640.0x480.0
08:58:51.673 [FXGL Background Thread 4 ] DEBUG TilesetLoader        - Loading view for layer WALL33
08:58:51.673 [FXGL Background Thread 4 ] DEBUG TilesetLoader        - Created buffer with size 640.0x480.0
08:58:51.674 [FXGL Background Thread 4 ] DEBUG TilesetLoader        - Loading view for layer WALL32
08:58:51.674 [FXGL Background Thread 4 ] DEBUG TilesetLoader        - Created buffer with size 640.0x480.0
08:58:51.675 [FXGL Background Thread 4 ] DEBUG TilesetLoader        - Loading view for layer WALL31
08:58:51.677 [FXGL Background Thread 4 ] DEBUG TilesetLoader        - Created buffer with size 640.0x480.0
08:58:51.679 [FXGL Background Thread 4 ] DEBUG TilesetLoader        - Loading view for layer WALL30
08:58:51.679 [FXGL Background Thread 4 ] DEBUG TilesetLoader        - Created buffer with size 640.0x480.0
08:58:51.679 [FXGL Background Thread 4 ] DEBUG TilesetLoader        - Loading view for layer WALL29
08:58:51.680 [FXGL Background Thread 4 ] DEBUG TilesetLoader        - Created buffer with size 640.0x480.0
08:58:51.681 [FXGL Background Thread 4 ] DEBUG TilesetLoader        - Loading view for layer WALL28
08:58:51.686 [FXGL Background Thread 4 ] DEBUG TilesetLoader        - Created buffer with size 640.0x480.0
08:58:51.687 [FXGL Background Thread 4 ] DEBUG TilesetLoader        - Loading view for layer WALL27
08:58:51.687 [FXGL Background Thread 4 ] DEBUG TilesetLoader        - Created buffer with size 640.0x480.0
08:58:51.688 [FXGL Background Thread 4 ] DEBUG TilesetLoader        - Loading view for layer WALL26
08:58:51.689 [FXGL Background Thread 4 ] DEBUG TilesetLoader        - Created buffer with size 640.0x480.0
08:58:51.689 [FXGL Background Thread 4 ] DEBUG TilesetLoader        - Loading view for layer WALL25
08:58:51.690 [FXGL Background Thread 4 ] DEBUG TilesetLoader        - Created buffer with size 640.0x480.0
08:58:51.691 [FXGL Background Thread 4 ] DEBUG TilesetLoader        - Loading view for layer WALL24
08:58:51.691 [FXGL Background Thread 4 ] DEBUG TilesetLoader        - Created buffer with size 640.0x480.0
08:58:51.691 [FXGL Background Thread 4 ] DEBUG TilesetLoader        - Loading view for layer WALL23
08:58:51.692 [FXGL Background Thread 4 ] DEBUG TilesetLoader        - Created buffer with size 640.0x480.0
08:58:51.692 [FXGL Background Thread 4 ] DEBUG TilesetLoader        - Loading view for layer WALL22
08:58:51.693 [FXGL Background Thread 4 ] DEBUG TilesetLoader        - Created buffer with size 640.0x480.0
08:58:51.696 [FXGL Background Thread 4 ] DEBUG TilesetLoader        - Loading view for layer WALL21
08:58:51.697 [FXGL Background Thread 4 ] DEBUG TilesetLoader        - Created buffer with size 640.0x480.0
08:58:51.697 [FXGL Background Thread 4 ] DEBUG TilesetLoader        - Loading view for layer WALL20
08:58:51.697 [FXGL Background Thread 4 ] DEBUG TilesetLoader        - Created buffer with size 640.0x480.0
08:58:51.698 [FXGL Background Thread 4 ] DEBUG TilesetLoader        - Loading view for layer WALL19
08:58:51.698 [FXGL Background Thread 4 ] DEBUG TilesetLoader        - Created buffer with size 640.0x480.0
08:58:51.699 [FXGL Background Thread 4 ] DEBUG TilesetLoader        - Loading view for layer WALL18
08:58:51.700 [FXGL Background Thread 4 ] DEBUG TilesetLoader        - Created buffer with size 640.0x480.0
08:58:51.700 [FXGL Background Thread 4 ] DEBUG TilesetLoader        - Loading view for layer WALL17
08:58:51.701 [FXGL Background Thread 4 ] DEBUG TilesetLoader        - Created buffer with size 640.0x480.0
08:58:51.701 [FXGL Background Thread 4 ] DEBUG TilesetLoader        - Loading view for layer WALL16
08:58:51.702 [FXGL Background Thread 4 ] DEBUG TilesetLoader        - Created buffer with size 640.0x480.0
08:58:51.702 [FXGL Background Thread 4 ] DEBUG TilesetLoader        - Loading view for layer WALL15
08:58:51.702 [FXGL Background Thread 4 ] DEBUG TilesetLoader        - Created buffer with size 640.0x480.0
08:58:51.703 [FXGL Background Thread 4 ] DEBUG TilesetLoader        - Loading view for layer WALL14
08:58:51.703 [FXGL Background Thread 4 ] DEBUG TilesetLoader        - Created buffer with size 640.0x480.0
08:58:51.704 [FXGL Background Thread 4 ] DEBUG TilesetLoader        - Loading view for layer WALL13
08:58:51.705 [FXGL Background Thread 4 ] DEBUG TilesetLoader        - Created buffer with size 640.0x480.0
08:58:51.705 [FXGL Background Thread 4 ] DEBUG TilesetLoader        - Loading view for layer WALL12
08:58:51.706 [FXGL Background Thread 4 ] DEBUG TilesetLoader        - Created buffer with size 640.0x480.0
08:58:51.706 [FXGL Background Thread 4 ] DEBUG TilesetLoader        - Loading view for layer WALL11
08:58:51.707 [FXGL Background Thread 4 ] DEBUG TilesetLoader        - Created buffer with size 640.0x480.0
08:58:51.707 [FXGL Background Thread 4 ] DEBUG TilesetLoader        - Loading view for layer WALL10
08:58:51.708 [FXGL Background Thread 4 ] DEBUG TilesetLoader        - Created buffer with size 640.0x480.0
08:58:51.708 [FXGL Background Thread 4 ] DEBUG TilesetLoader        - Loading view for layer WALL9
08:58:51.709 [FXGL Background Thread 4 ] DEBUG TilesetLoader        - Created buffer with size 640.0x480.0
08:58:51.709 [FXGL Background Thread 4 ] DEBUG TilesetLoader        - Loading view for layer WALL8
08:58:51.710 [FXGL Background Thread 4 ] DEBUG TilesetLoader        - Created buffer with size 640.0x480.0
08:58:51.710 [FXGL Background Thread 4 ] DEBUG TilesetLoader        - Loading view for layer WALL7
08:58:51.711 [FXGL Background Thread 4 ] DEBUG TilesetLoader        - Created buffer with size 640.0x480.0
08:58:51.711 [FXGL Background Thread 4 ] DEBUG TilesetLoader        - Loading view for layer WALL6
08:58:51.712 [FXGL Background Thread 4 ] DEBUG TilesetLoader        - Created buffer with size 640.0x480.0
08:58:51.713 [FXGL Background Thread 4 ] DEBUG TilesetLoader        - Loading view for layer WALL5
08:58:51.713 [FXGL Background Thread 4 ] DEBUG TilesetLoader        - Created buffer with size 640.0x480.0
08:58:51.714 [FXGL Background Thread 4 ] DEBUG TilesetLoader        - Loading view for layer WALL4
08:58:51.714 [FXGL Background Thread 4 ] DEBUG TilesetLoader        - Created buffer with size 640.0x480.0
08:58:51.715 [FXGL Background Thread 4 ] DEBUG TilesetLoader        - Loading view for layer WALL3
08:58:51.715 [FXGL Background Thread 4 ] DEBUG TilesetLoader        - Created buffer with size 640.0x480.0
08:58:51.716 [FXGL Background Thread 4 ] DEBUG TilesetLoader        - Loading view for layer WALL2
08:58:51.716 [FXGL Background Thread 4 ] DEBUG TilesetLoader        - Created buffer with size 640.0x480.0
08:58:51.716 [FXGL Background Thread 4 ] DEBUG TilesetLoader        - Loading view for layer WALL1
08:58:51.717 [FXGL Background Thread 4 ] DEBUG TilesetLoader        - Created buffer with size 640.0x480.0
08:58:51.717 [FXGL Background Thread 4 ] DEBUG TilesetLoader        - Loading view for layer เลเยอร์ไทล์ 2
08:58:51.717 [FXGL Background Thread 4 ] DEBUG TilesetLoader        - Created buffer with size 640.0x480.0
08:58:51.718 [FXGL Background Thread 4 ] DEBUG TilesetLoader        - Loading view for layer เลเยอร์ไทล์ 3
08:58:51.719 [FXGL Background Thread 4 ] DEBUG TilesetLoader        - Created buffer with size 640.0x480.0
08:58:51.719 [FXGL Background Thread 4 ] DEBUG TMXLevelLoader       - Creating object layer entities
08:58:51.746 [FXGL Background Thread 4 ] DEBUG FXGLAssetLoaderServi - Loading from file system: file:/C:/Users/POO/intellij/Bakudun/target/classes/assets/textures/Jim2.png
08:58:51.784 [FXGL Background Thread 4 ] WARN  TMXLevelLoader       - TiledMap generated from 1.11.2. Supported version: 1.9.0. Some features may not be parsed fully.
08:58:51.803 [FXGL Background Thread 4 ] DEBUG TMXLevelLoader       - Parsed TiledMap: file:/C:/Users/POO/intellij/Bakudun/target/classes/assets/levels/Map.tmx
08:58:51.803 [FXGL Background Thread 4 ] DEBUG TMXLevelLoader       - Creating tile layer entities
08:58:51.804 [FXGL Background Thread 4 ] DEBUG TilesetLoader        - Loading view for layer เลเยอร์ไทล์ 1
08:58:51.807 [FXGL Background Thread 4 ] DEBUG TilesetLoader        - Created buffer with size 640.0x480.0
08:58:51.819 [FXGL Background Thread 4 ] WARN  TilesetLoader        - Diagonally flipped tiles are not currently supported
08:58:51.825 [FXGL Background Thread 4 ] WARN  TilesetLoader        - Diagonally flipped tiles are not currently supported
08:58:51.834 [FXGL Background Thread 4 ] DEBUG TilesetLoader        - Loading view for layer WALL48
08:58:51.835 [FXGL Background Thread 4 ] DEBUG TilesetLoader        - Created buffer with size 640.0x480.0
08:58:51.836 [FXGL Background Thread 4 ] DEBUG TilesetLoader        - Loading view for layer WALL47
08:58:51.836 [FXGL Background Thread 4 ] DEBUG TilesetLoader        - Created buffer with size 640.0x480.0
08:58:51.836 [FXGL Background Thread 4 ] DEBUG TilesetLoader        - Loading view for layer WALL46
08:58:51.837 [FXGL Background Thread 4 ] DEBUG TilesetLoader        - Created buffer with size 640.0x480.0
08:58:51.837 [FXGL Background Thread 4 ] DEBUG TilesetLoader        - Loading view for layer WALL45
08:58:51.838 [FXGL Background Thread 4 ] DEBUG TilesetLoader        - Created buffer with size 640.0x480.0
08:58:51.838 [FXGL Background Thread 4 ] DEBUG TilesetLoader        - Loading view for layer WALL44
08:58:51.839 [FXGL Background Thread 4 ] DEBUG TilesetLoader        - Created buffer with size 640.0x480.0
08:58:51.839 [FXGL Background Thread 4 ] DEBUG TilesetLoader        - Loading view for layer WALL43
08:58:51.840 [FXGL Background Thread 4 ] DEBUG TilesetLoader        - Created buffer with size 640.0x480.0
08:58:51.841 [FXGL Background Thread 4 ] DEBUG TilesetLoader        - Loading view for layer WALL42
08:58:51.841 [FXGL Background Thread 4 ] DEBUG TilesetLoader        - Created buffer with size 640.0x480.0
08:58:51.842 [FXGL Background Thread 4 ] DEBUG TilesetLoader        - Loading view for layer WALL41
08:58:51.842 [FXGL Background Thread 4 ] DEBUG TilesetLoader        - Created buffer with size 640.0x480.0
08:58:51.843 [FXGL Background Thread 4 ] DEBUG TilesetLoader        - Loading view for layer WALL40
08:58:51.843 [FXGL Background Thread 4 ] DEBUG TilesetLoader        - Created buffer with size 640.0x480.0
08:58:51.843 [FXGL Background Thread 4 ] DEBUG TilesetLoader        - Loading view for layer WALL39
08:58:51.844 [FXGL Background Thread 4 ] DEBUG TilesetLoader        - Created buffer with size 640.0x480.0
08:58:51.844 [FXGL Background Thread 4 ] DEBUG TilesetLoader        - Loading view for layer WALL38
08:58:51.845 [FXGL Background Thread 4 ] DEBUG TilesetLoader        - Created buffer with size 640.0x480.0
08:58:51.845 [FXGL Background Thread 4 ] DEBUG TilesetLoader        - Loading view for layer WALL37
08:58:51.845 [FXGL Background Thread 4 ] DEBUG TilesetLoader        - Created buffer with size 640.0x480.0
08:58:51.846 [FXGL Background Thread 4 ] DEBUG TilesetLoader        - Loading view for layer WALL36
08:58:51.846 [FXGL Background Thread 4 ] DEBUG TilesetLoader        - Created buffer with size 640.0x480.0
08:58:51.846 [FXGL Background Thread 4 ] DEBUG TilesetLoader        - Loading view for layer WALL35
08:58:51.846 [FXGL Background Thread 4 ] DEBUG TilesetLoader        - Created buffer with size 640.0x480.0
08:58:51.848 [FXGL Background Thread 4 ] DEBUG TilesetLoader        - Loading view for layer WALL34
08:58:51.848 [FXGL Background Thread 4 ] DEBUG TilesetLoader        - Created buffer with size 640.0x480.0
08:58:51.848 [FXGL Background Thread 4 ] DEBUG TilesetLoader        - Loading view for layer WALL33
08:58:51.848 [FXGL Background Thread 4 ] DEBUG TilesetLoader        - Created buffer with size 640.0x480.0
08:58:51.849 [FXGL Background Thread 4 ] DEBUG TilesetLoader        - Loading view for layer WALL32
08:58:51.849 [FXGL Background Thread 4 ] DEBUG TilesetLoader        - Created buffer with size 640.0x480.0
08:58:51.850 [FXGL Background Thread 4 ] DEBUG TilesetLoader        - Loading view for layer WALL31
08:58:51.850 [FXGL Background Thread 4 ] DEBUG TilesetLoader        - Created buffer with size 640.0x480.0
08:58:51.851 [FXGL Background Thread 4 ] DEBUG TilesetLoader        - Loading view for layer WALL30
08:58:51.851 [FXGL Background Thread 4 ] DEBUG TilesetLoader        - Created buffer with size 640.0x480.0
08:58:51.852 [FXGL Background Thread 4 ] DEBUG TilesetLoader        - Loading view for layer WALL29
08:58:51.852 [FXGL Background Thread 4 ] DEBUG TilesetLoader        - Created buffer with size 640.0x480.0
08:58:51.852 [FXGL Background Thread 4 ] DEBUG TilesetLoader        - Loading view for layer WALL28
08:58:51.853 [FXGL Background Thread 4 ] DEBUG TilesetLoader        - Created buffer with size 640.0x480.0
08:58:51.853 [FXGL Background Thread 4 ] DEBUG TilesetLoader        - Loading view for layer WALL27
08:58:51.854 [FXGL Background Thread 4 ] DEBUG TilesetLoader        - Created buffer with size 640.0x480.0
08:58:51.854 [FXGL Background Thread 4 ] DEBUG TilesetLoader        - Loading view for layer WALL26
08:58:51.854 [FXGL Background Thread 4 ] DEBUG TilesetLoader        - Created buffer with size 640.0x480.0
08:58:51.855 [FXGL Background Thread 4 ] DEBUG TilesetLoader        - Loading view for layer WALL25
08:58:51.855 [FXGL Background Thread 4 ] DEBUG TilesetLoader        - Created buffer with size 640.0x480.0
08:58:51.856 [FXGL Background Thread 4 ] DEBUG TilesetLoader        - Loading view for layer WALL24
08:58:51.857 [FXGL Background Thread 4 ] DEBUG TilesetLoader        - Created buffer with size 640.0x480.0
08:58:51.857 [FXGL Background Thread 4 ] DEBUG TilesetLoader        - Loading view for layer WALL23
08:58:51.858 [FXGL Background Thread 4 ] DEBUG TilesetLoader        - Created buffer with size 640.0x480.0
08:58:51.858 [FXGL Background Thread 4 ] DEBUG TilesetLoader        - Loading view for layer WALL22
08:58:51.859 [FXGL Background Thread 4 ] DEBUG TilesetLoader        - Created buffer with size 640.0x480.0
08:58:51.859 [FXGL Background Thread 4 ] DEBUG TilesetLoader        - Loading view for layer WALL21
08:58:51.860 [FXGL Background Thread 4 ] DEBUG TilesetLoader        - Created buffer with size 640.0x480.0
08:58:51.860 [FXGL Background Thread 4 ] DEBUG TilesetLoader        - Loading view for layer WALL20
08:58:51.861 [FXGL Background Thread 4 ] DEBUG TilesetLoader        - Created buffer with size 640.0x480.0
08:58:51.861 [FXGL Background Thread 4 ] DEBUG TilesetLoader        - Loading view for layer WALL19
08:58:51.861 [FXGL Background Thread 4 ] DEBUG TilesetLoader        - Created buffer with size 640.0x480.0
08:58:51.862 [FXGL Background Thread 4 ] DEBUG TilesetLoader        - Loading view for layer WALL18
08:58:51.862 [FXGL Background Thread 4 ] DEBUG TilesetLoader        - Created buffer with size 640.0x480.0
08:58:51.863 [FXGL Background Thread 4 ] DEBUG TilesetLoader        - Loading view for layer WALL17
08:58:51.863 [FXGL Background Thread 4 ] DEBUG TilesetLoader        - Created buffer with size 640.0x480.0
08:58:51.864 [FXGL Background Thread 4 ] DEBUG TilesetLoader        - Loading view for layer WALL16
08:58:51.864 [FXGL Background Thread 4 ] DEBUG TilesetLoader        - Created buffer with size 640.0x480.0
08:58:51.864 [FXGL Background Thread 4 ] DEBUG TilesetLoader        - Loading view for layer WALL15
08:58:51.865 [FXGL Background Thread 4 ] DEBUG TilesetLoader        - Created buffer with size 640.0x480.0
08:58:51.865 [FXGL Background Thread 4 ] DEBUG TilesetLoader        - Loading view for layer WALL14
08:58:51.866 [FXGL Background Thread 4 ] DEBUG TilesetLoader        - Created buffer with size 640.0x480.0
08:58:51.866 [FXGL Background Thread 4 ] DEBUG TilesetLoader        - Loading view for layer WALL13
08:58:51.867 [FXGL Background Thread 4 ] DEBUG TilesetLoader        - Created buffer with size 640.0x480.0
08:58:51.867 [FXGL Background Thread 4 ] DEBUG TilesetLoader        - Loading view for layer WALL12
08:58:51.867 [FXGL Background Thread 4 ] DEBUG TilesetLoader        - Created buffer with size 640.0x480.0
08:58:51.868 [FXGL Background Thread 4 ] DEBUG TilesetLoader        - Loading view for layer WALL11
08:58:51.872 [FXGL Background Thread 4 ] DEBUG TilesetLoader        - Created buffer with size 640.0x480.0
08:58:51.872 [FXGL Background Thread 4 ] DEBUG TilesetLoader        - Loading view for layer WALL10
08:58:51.873 [FXGL Background Thread 4 ] DEBUG TilesetLoader        - Created buffer with size 640.0x480.0
08:58:51.874 [FXGL Background Thread 4 ] DEBUG TilesetLoader        - Loading view for layer WALL9
08:58:51.874 [FXGL Background Thread 4 ] DEBUG TilesetLoader        - Created buffer with size 640.0x480.0
08:58:51.874 [FXGL Background Thread 4 ] DEBUG TilesetLoader        - Loading view for layer WALL8
08:58:51.875 [FXGL Background Thread 4 ] DEBUG TilesetLoader        - Created buffer with size 640.0x480.0
08:58:51.875 [FXGL Background Thread 4 ] DEBUG TilesetLoader        - Loading view for layer WALL7
08:58:51.875 [FXGL Background Thread 4 ] DEBUG TilesetLoader        - Created buffer with size 640.0x480.0
08:58:51.875 [FXGL Background Thread 4 ] DEBUG TilesetLoader        - Loading view for layer WALL6
08:58:51.876 [FXGL Background Thread 4 ] DEBUG TilesetLoader        - Created buffer with size 640.0x480.0
08:58:51.876 [FXGL Background Thread 4 ] DEBUG TilesetLoader        - Loading view for layer WALL5
08:58:51.876 [FXGL Background Thread 4 ] DEBUG TilesetLoader        - Created buffer with size 640.0x480.0
08:58:51.876 [FXGL Background Thread 4 ] DEBUG TilesetLoader        - Loading view for layer WALL4
08:58:51.876 [FXGL Background Thread 4 ] DEBUG TilesetLoader        - Created buffer with size 640.0x480.0
08:58:51.877 [FXGL Background Thread 4 ] DEBUG TilesetLoader        - Loading view for layer WALL3
08:58:51.878 [FXGL Background Thread 4 ] DEBUG TilesetLoader        - Created buffer with size 640.0x480.0
08:58:51.878 [FXGL Background Thread 4 ] DEBUG TilesetLoader        - Loading view for layer WALL2
08:58:51.878 [FXGL Background Thread 4 ] DEBUG TilesetLoader        - Created buffer with size 640.0x480.0
08:58:51.878 [FXGL Background Thread 4 ] DEBUG TilesetLoader        - Loading view for layer WALL1
08:58:51.878 [FXGL Background Thread 4 ] DEBUG TilesetLoader        - Created buffer with size 640.0x480.0
08:58:51.879 [FXGL Background Thread 4 ] DEBUG TilesetLoader        - Loading view for layer เลเยอร์ไทล์ 2
08:58:51.879 [FXGL Background Thread 4 ] DEBUG TilesetLoader        - Created buffer with size 640.0x480.0
08:58:51.879 [FXGL Background Thread 4 ] DEBUG TilesetLoader        - Loading view for layer เลเยอร์ไทล์ 3
08:58:51.880 [FXGL Background Thread 4 ] DEBUG TilesetLoader        - Created buffer with size 640.0x480.0
08:58:51.880 [FXGL Background Thread 4 ] DEBUG TMXLevelLoader       - Creating object layer entities
08:58:51.902 [FXGL Background Thread 4 ] DEBUG GameWorld            - Clearing removable entities
08:58:51.903 [FXGL Background Thread 4 ] DEBUG GameWorld            - Setting level: com.almasb.fxgl.entity.level.Level@88d5413
08:58:51.919 [FXGL Background Thread 4 ] INFO  FXGLApplication      - Game initialization took: 0.407 sec
08:58:51.991 [JavaFX Application Thread] DEBUG Input                - Clearing active input actions
08:58:52.005 [JavaFX Application Thread] DEBUG GameApplicationServi - Removing overlay from FXGLLoadingScene and adding to GameScene
08:58:52.011 [JavaFX Application Thread] DEBUG PrimaryStageWindow   - FXGLLoadingScene -> GameScene
08:58:54.412 [FXGL Background Thread 3 ] DEBUG Engine               - Logging environment variables
08:58:54.413 [FXGL Background Thread 3 ] DEBUG Engine               - achievements: []
08:58:54.413 [FXGL Background Thread 3 ] DEBUG Engine               - actualHeight: 480.0
08:58:54.413 [FXGL Background Thread 3 ] DEBUG Engine               - actualHeightProperty: ReadOnlyDoubleProperty [value: 480.0]
08:58:54.413 [FXGL Background Thread 3 ] DEBUG Engine               - actualWidth: 640.0
08:58:54.413 [FXGL Background Thread 3 ] DEBUG Engine               - actualWidthProperty: ReadOnlyDoubleProperty [value: 640.0]
08:58:54.413 [FXGL Background Thread 3 ] DEBUG Engine               - appIcon: fxgl_icon.png
08:58:54.413 [FXGL Background Thread 3 ] DEBUG Engine               - applicationMode: DEVELOPER
08:58:54.413 [FXGL Background Thread 3 ] DEBUG Engine               - cSSList: [fxgl_dark.css]
08:58:54.413 [FXGL Background Thread 3 ] DEBUG Engine               - collisionDetectionStrategy: BRUTE_FORCE
08:58:54.413 [FXGL Background Thread 3 ] DEBUG Engine               - configClass: Optional.empty
08:58:54.413 [FXGL Background Thread 3 ] DEBUG Engine               - credits: []
08:58:54.414 [FXGL Background Thread 3 ] DEBUG Engine               - defaultCursor: CursorInfo(imageName=fxgl_default_cursor.png, hotspotX=7.0, hotspotY=6.0)
08:58:54.414 [FXGL Background Thread 3 ] DEBUG Engine               - devBBoxColorProperty: ObjectProperty [value: 0xff0000ff]
08:58:54.414 [FXGL Background Thread 3 ] DEBUG Engine               - devEnableDebugCameraProperty: BooleanProperty [value: false]
08:58:54.414 [FXGL Background Thread 3 ] DEBUG Engine               - devSensorColorProperty: ObjectProperty [value: 0xffff00ff]
08:58:54.414 [FXGL Background Thread 3 ] DEBUG Engine               - devShowBBoxProperty: BooleanProperty [value: true]
08:58:54.414 [FXGL Background Thread 3 ] DEBUG Engine               - devShowPositionProperty: BooleanProperty [value: false]
08:58:54.414 [FXGL Background Thread 3 ] DEBUG Engine               - enabledMenuItems: []
08:58:54.414 [FXGL Background Thread 3 ] DEBUG Engine               - engineServices: [class com.almasb.fxgl.app.services.FXGLAssetLoaderService, class com.almasb.fxgl.app.FXGLApplication$GameApplicationService, class com.almasb.fxgl.app.services.FXGLDialogService, class com.almasb.fxgl.app.services.IOTaskExecutorService, class com.almasb.fxgl.io.FileSystemService, class com.almasb.fxgl.localization.LocalizationService, class com.almasb.fxgl.app.services.SystemBundleService, class com.almasb.fxgl.profile.SaveLoadService, class com.almasb.fxgl.ui.FXGLUIFactoryServiceProvider, class com.almasb.fxgl.ui.FXGLDialogFactoryServiceProvider, class com.almasb.fxgl.audio.AudioPlayer, class com.almasb.fxgl.notification.impl.NotificationServiceProvider, class com.almasb.fxgl.achievement.AchievementService, class com.almasb.fxgl.cutscene.CutsceneService, class com.almasb.fxgl.minigames.MiniGameService, class com.almasb.fxgl.net.NetService, class com.almasb.fxgl.app.services.UpdaterService, class com.almasb.fxgl.dev.DevService]
08:58:54.414 [FXGL Background Thread 3 ] DEBUG Engine               - fontGame: Abel-Regular.ttf
08:58:54.414 [FXGL Background Thread 3 ] DEBUG Engine               - fontMono: TerminalLandMono-Regular.otf
08:58:54.414 [FXGL Background Thread 3 ] DEBUG Engine               - fontSizeScaleUI: 1.0
08:58:54.414 [FXGL Background Thread 3 ] DEBUG Engine               - fontText: Courier-Prime.ttf
08:58:54.414 [FXGL Background Thread 3 ] DEBUG Engine               - fontUI: VarelaRound-Regular.ttf
08:58:54.414 [FXGL Background Thread 3 ] DEBUG Engine               - fullScreen: BooleanProperty [value: false]
08:58:54.414 [FXGL Background Thread 3 ] DEBUG Engine               - gameDifficulty: MEDIUM
08:58:54.414 [FXGL Background Thread 3 ] DEBUG Engine               - gameDifficultyProperty: ObjectProperty [value: MEDIUM]
08:58:54.414 [FXGL Background Thread 3 ] DEBUG Engine               - globalMusicVolume: 0.5
08:58:54.414 [FXGL Background Thread 3 ] DEBUG Engine               - globalMusicVolumeProperty: DoubleProperty [value: 0.5]
08:58:54.414 [FXGL Background Thread 3 ] DEBUG Engine               - globalSoundVolume: 0.5
08:58:54.414 [FXGL Background Thread 3 ] DEBUG Engine               - globalSoundVolumeProperty: DoubleProperty [value: 0.5]
08:58:54.414 [FXGL Background Thread 3 ] DEBUG Engine               - height: 480
08:58:54.414 [FXGL Background Thread 3 ] DEBUG Engine               - is3D: false
08:58:54.414 [FXGL Background Thread 3 ] DEBUG Engine               - isAndroid: false
08:58:54.414 [FXGL Background Thread 3 ] DEBUG Engine               - isBrowser: false
08:58:54.414 [FXGL Background Thread 3 ] DEBUG Engine               - isClickFeedbackEnabled: false
08:58:54.414 [FXGL Background Thread 3 ] DEBUG Engine               - isCloseConfirmation: false
08:58:54.415 [FXGL Background Thread 3 ] DEBUG Engine               - isDesktop: true
08:58:54.415 [FXGL Background Thread 3 ] DEBUG Engine               - isDeveloperMenuEnabled: true
08:58:54.415 [FXGL Background Thread 3 ] DEBUG Engine               - isEmbedded: false
08:58:54.415 [FXGL Background Thread 3 ] DEBUG Engine               - isEntityPreloadEnabled: true
08:58:54.415 [FXGL Background Thread 3 ] DEBUG Engine               - isExperimentalTiledLargeMap: false
08:58:54.415 [FXGL Background Thread 3 ] DEBUG Engine               - isFileSystemWriteAllowed: true
08:58:54.415 [FXGL Background Thread 3 ] DEBUG Engine               - isFullScreenAllowed: false
08:58:54.415 [FXGL Background Thread 3 ] DEBUG Engine               - isFullScreenFromStart: false
08:58:54.415 [FXGL Background Thread 3 ] DEBUG Engine               - isGameMenuEnabled: true
08:58:54.415 [FXGL Background Thread 3 ] DEBUG Engine               - isIOS: false
08:58:54.415 [FXGL Background Thread 3 ] DEBUG Engine               - isIntroEnabled: false
08:58:54.415 [FXGL Background Thread 3 ] DEBUG Engine               - isLinux: false
08:58:54.415 [FXGL Background Thread 3 ] DEBUG Engine               - isMac: false
08:58:54.415 [FXGL Background Thread 3 ] DEBUG Engine               - isMainMenuEnabled: false
08:58:54.415 [FXGL Background Thread 3 ] DEBUG Engine               - isManualResizeEnabled: false
08:58:54.415 [FXGL Background Thread 3 ] DEBUG Engine               - isMobile: false
08:58:54.415 [FXGL Background Thread 3 ] DEBUG Engine               - isNative: false
08:58:54.415 [FXGL Background Thread 3 ] DEBUG Engine               - isPauseMusicWhenMinimized: true
08:58:54.415 [FXGL Background Thread 3 ] DEBUG Engine               - isPreserveResizeRatio: false
08:58:54.415 [FXGL Background Thread 3 ] DEBUG Engine               - isProfilingEnabled: false
08:58:54.415 [FXGL Background Thread 3 ] DEBUG Engine               - isScaleAffectedOnResize: true
08:58:54.415 [FXGL Background Thread 3 ] DEBUG Engine               - isSingleStep: false
08:58:54.415 [FXGL Background Thread 3 ] DEBUG Engine               - isUserProfileEnabled: false
08:58:54.415 [FXGL Background Thread 3 ] DEBUG Engine               - isWindows: true
08:58:54.415 [FXGL Background Thread 3 ] DEBUG Engine               - language: ObjectProperty [value: ENGLISH]
08:58:54.415 [FXGL Background Thread 3 ] DEBUG Engine               - menuKey: ESCAPE
08:58:54.416 [FXGL Background Thread 3 ] DEBUG Engine               - mouseSensitivity: 0.2
08:58:54.416 [FXGL Background Thread 3 ] DEBUG Engine               - notificationViewClass: class com.almasb.fxgl.notification.view.XboxNotificationView
08:58:54.416 [FXGL Background Thread 3 ] DEBUG Engine               - pixelsPerMeter: 50.0
08:58:54.416 [FXGL Background Thread 3 ] DEBUG Engine               - platform: WINDOWS
08:58:54.416 [FXGL Background Thread 3 ] DEBUG Engine               - prefHeightProperty: ReadOnlyDoubleProperty [value: 480.0]
08:58:54.416 [FXGL Background Thread 3 ] DEBUG Engine               - prefWidthProperty: ReadOnlyDoubleProperty [value: 640.0]
08:58:54.416 [FXGL Background Thread 3 ] DEBUG Engine               - profileDir: profiles/
08:58:54.416 [FXGL Background Thread 3 ] DEBUG Engine               - profileName: StringProperty [value: DEFAULT]
08:58:54.416 [FXGL Background Thread 3 ] DEBUG Engine               - randomSeed: -1
08:58:54.416 [FXGL Background Thread 3 ] DEBUG Engine               - runtimeInfo: RuntimeInfo(platform=WINDOWS, version=21.1, build=27.03.2024 07.52)
08:58:54.417 [FXGL Background Thread 3 ] DEBUG Engine               - saveFileExt: sav
08:58:54.417 [FXGL Background Thread 3 ] DEBUG Engine               - scaledHeightProp$fxgl: DoubleProperty [bound, value: 480.0]
08:58:54.417 [FXGL Background Thread 3 ] DEBUG Engine               - scaledWidthProp$fxgl: DoubleProperty [bound, value: 640.0]
08:58:54.417 [FXGL Background Thread 3 ] DEBUG Engine               - sceneFactory: com.almasb.fxgl.app.scene.SceneFactory@75f6f78c
08:58:54.417 [FXGL Background Thread 3 ] DEBUG Engine               - secondsIn24h: 60
08:58:54.417 [FXGL Background Thread 3 ] DEBUG Engine               - soundMenuBack: menu/back.wav
08:58:54.417 [FXGL Background Thread 3 ] DEBUG Engine               - soundMenuPress: menu/press.wav
08:58:54.417 [FXGL Background Thread 3 ] DEBUG Engine               - soundMenuSelect: menu/select.wav
08:58:54.417 [FXGL Background Thread 3 ] DEBUG Engine               - soundNotification: core/notification.wav
08:58:54.417 [FXGL Background Thread 3 ] DEBUG Engine               - stageStyle: DECORATED
08:58:54.417 [FXGL Background Thread 3 ] DEBUG Engine               - supportedLanguages: [ENGLISH, FRENCH, GERMAN, HUNGARIAN, RUSSIAN]
08:58:54.417 [FXGL Background Thread 3 ] DEBUG Engine               - ticksPerSecond: -1
08:58:54.417 [FXGL Background Thread 3 ] DEBUG Engine               - title: BomberMan
08:58:54.417 [FXGL Background Thread 3 ] DEBUG Engine               - urlGithub: https://github.com/AlmasB/FXGL
08:58:54.417 [FXGL Background Thread 3 ] DEBUG Engine               - urlLeaderboard: http://fxgl-top.herokuapp.com/
08:58:54.417 [FXGL Background Thread 3 ] DEBUG Engine               - urlPOM: https://raw.githubusercontent.com/AlmasB/FXGL/release/README.md
08:58:54.417 [FXGL Background Thread 3 ] DEBUG Engine               - userAppClass: class me.pooh.bakudun.App
08:58:54.417 [FXGL Background Thread 3 ] DEBUG Engine               - version: 0.1
08:58:54.417 [FXGL Background Thread 3 ] DEBUG Engine               - versionCheckDays: 7
08:58:54.418 [FXGL Background Thread 3 ] DEBUG Engine               - width: 640
08:58:54.418 [FXGL Background Thread 3 ] DEBUG Engine               - Logging services
08:58:54.418 [FXGL Background Thread 3 ] DEBUG Engine               - class com.almasb.fxgl.app.services.FXGLAssetLoaderService
08:58:54.418 [FXGL Background Thread 3 ] DEBUG Engine               - class com.almasb.fxgl.app.FXGLApplication$GameApplicationService
08:58:54.418 [FXGL Background Thread 3 ] DEBUG Engine               - class com.almasb.fxgl.app.services.FXGLDialogService
08:58:54.418 [FXGL Background Thread 3 ] DEBUG Engine               - class com.almasb.fxgl.app.services.IOTaskExecutorService
08:58:54.418 [FXGL Background Thread 3 ] DEBUG Engine               - class com.almasb.fxgl.io.FileSystemService
08:58:54.418 [FXGL Background Thread 3 ] DEBUG Engine               - class com.almasb.fxgl.localization.LocalizationService
08:58:54.418 [FXGL Background Thread 3 ] DEBUG Engine               - class com.almasb.fxgl.app.services.SystemBundleService
08:58:54.418 [FXGL Background Thread 3 ] DEBUG Engine               - class com.almasb.fxgl.profile.SaveLoadService
08:58:54.418 [FXGL Background Thread 3 ] DEBUG Engine               - class com.almasb.fxgl.ui.FXGLUIFactoryServiceProvider
08:58:54.418 [FXGL Background Thread 3 ] DEBUG Engine               - class com.almasb.fxgl.ui.FXGLDialogFactoryServiceProvider
08:58:54.418 [FXGL Background Thread 3 ] DEBUG Engine               - class com.almasb.fxgl.audio.AudioPlayer
08:58:54.418 [FXGL Background Thread 3 ] DEBUG Engine               - class com.almasb.fxgl.notification.impl.NotificationServiceProvider
08:58:54.418 [FXGL Background Thread 3 ] DEBUG Engine               - class com.almasb.fxgl.achievement.AchievementService
08:58:54.418 [FXGL Background Thread 3 ] DEBUG Engine               - class com.almasb.fxgl.cutscene.CutsceneService
08:58:54.418 [FXGL Background Thread 3 ] DEBUG Engine               - class com.almasb.fxgl.minigames.MiniGameService
08:58:54.418 [FXGL Background Thread 3 ] DEBUG Engine               - class com.almasb.fxgl.net.NetService
08:58:54.418 [FXGL Background Thread 3 ] DEBUG Engine               - class com.almasb.fxgl.app.services.UpdaterService
08:58:54.418 [FXGL Background Thread 3 ] DEBUG Engine               - class com.almasb.fxgl.dev.DevService
08:58:55.535 [JavaFX Application Thread] WARN  Entity               - Entity already has component: com.almasb.fxgl.physics.PhysicsComponent
08:58:55.537 [JavaFX Application Thread] DEBUG FXGLAssetLoaderServi - Loading from file system: file:/C:/Users/POO/intellij/Bakudun/target/classes/assets/textures/bombball.png
08:58:55.539 [JavaFX Application Thread] DEBUG FXGLAssetLoaderServi - Loading from file system: file:/C:/Users/POO/intellij/Bakudun/target/classes/assets/textures/bombblast.png
08:58:55.732 [JavaFX Application Thread] WARN  Entity               - Entity already has component: com.almasb.fxgl.physics.PhysicsComponent
08:58:55.979 [JavaFX Application Thread] WARN  Entity               - Entity already has component: com.almasb.fxgl.physics.PhysicsComponent
08:58:58.116 [JavaFX Application Thread] WARN  Entity               - Entity already has component: com.almasb.fxgl.physics.PhysicsComponent
08:58:58.595 [JavaFX Application Thread] WARN  Entity               - Entity already has component: com.almasb.fxgl.physics.PhysicsComponent
08:58:59.079 [JavaFX Application Thread] WARN  Entity               - Entity already has component: com.almasb.fxgl.physics.PhysicsComponent
08:59:02.711 [JavaFX Application Thread] WARN  Entity               - Entity already has component: com.almasb.fxgl.physics.PhysicsComponent
08:59:02.908 [JavaFX Application Thread] WARN  Entity               - Entity already has component: com.almasb.fxgl.physics.PhysicsComponent
08:59:03.104 [JavaFX Application Thread] WARN  Entity               - Entity already has component: com.almasb.fxgl.physics.PhysicsComponent
08:59:05.804 [JavaFX Application Thread] WARN  Entity               - Entity already has component: com.almasb.fxgl.physics.PhysicsComponent
08:59:06.009 [JavaFX Application Thread] WARN  Entity               - Entity already has component: com.almasb.fxgl.physics.PhysicsComponent
08:59:06.199 [JavaFX Application Thread] WARN  Entity               - Entity already has component: com.almasb.fxgl.physics.PhysicsComponent
08:59:10.071 [JavaFX Application Thread] WARN  Entity               - Entity already has component: com.almasb.fxgl.physics.PhysicsComponent
08:59:10.244 [JavaFX Application Thread] WARN  Entity               - Entity already has component: com.almasb.fxgl.physics.PhysicsComponent
08:59:10.452 [JavaFX Application Thread] WARN  Entity               - Entity already has component: com.almasb.fxgl.physics.PhysicsComponent
08:59:15.915 [JavaFX Application Thread] WARN  Entity               - Entity already has component: com.almasb.fxgl.physics.PhysicsComponent
08:59:16.139 [JavaFX Application Thread] WARN  Entity               - Entity already has component: com.almasb.fxgl.physics.PhysicsComponent
08:59:16.360 [JavaFX Application Thread] WARN  Entity               - Entity already has component: com.almasb.fxgl.physics.PhysicsComponent
08:59:17.981 [JavaFX Application Thread] DEBUG FXGLApplication      - Exiting FXGL
08:59:17.981 [JavaFX Application Thread] DEBUG LoopRunner           - Stopping loop
08:59:17.981 [JavaFX Application Thread] DEBUG SystemBundleService  - Saving FXGL system data
08:59:17.983 [JavaFX Application Thread] DEBUG FileSystemAccess     - Writing to: C:\Users\POO\intellij\Bakudun\system\fxgl.bundle
08:59:17.984 [JavaFX Application Thread] DEBUG Async                - Shutting down background threads
08:59:17.985 [JavaFX Application Thread] DEBUG PrimaryStageWindow   - Closing main window
08:59:18.000 [JavaFX Application Thread] DEBUG Logger               - Closing Logger
