21:08:21.964 [main                     ] DEBUG Logger               - Configured Logger
21:08:21.987 [main                     ] DEBUG GameApplication      - Logging settings
Title: BomberMan
Version: 0.1
Width: 1280
Height: 720
Fullscreen: false
Intro: false
Profiling: false
Single step:false
App Mode: DEVELOPER
Menu Key: ESCAPE
Stage Style: DECORATED
Scene Factory: class com.almasb.fxgl.app.scene.SceneFactory

21:08:22.505 [JavaFX Application Thread] DEBUG FXGLApplication      - Initializing FXGL
21:08:22.507 [JavaFX Application Thread] INFO  Engine               - FXGL-21.1 (27.03.2024 07.52) on WINDOWS (J:21.0.2 FX:21.0.1)
21:08:22.508 [JavaFX Application Thread] DEBUG Engine               - JRE Vendor Name: Eclipse Adoptium
21:08:22.508 [JavaFX Application Thread] DEBUG Engine               - Running on OS: Windows 11 version 10.0
21:08:22.508 [JavaFX Application Thread] DEBUG Engine               - Architecture: amd64
21:08:22.508 [JavaFX Application Thread] INFO  Engine               - Source code and latest versions at: https://github.com/AlmasB/FXGL
21:08:22.508 [JavaFX Application Thread] INFO  Engine               -       Ask questions and discuss at: https://github.com/AlmasB/FXGL/discussions
21:08:22.508 [JavaFX Application Thread] INFO  Engine               -              Join the FXGL chat at: https://gitter.im/AlmasB/FXGL
21:08:22.570 [JavaFX Application Thread] DEBUG PrimaryStageWindow   - Creating a JavaFX scene
21:08:22.607 [JavaFX Application Thread] DEBUG PrimaryStageWindow   - Target settings size: 1280.0 x 720.0
21:08:22.607 [JavaFX Application Thread] DEBUG PrimaryStageWindow   - Scaled scene size:    1280.0 x 720.0
21:08:22.607 [JavaFX Application Thread] DEBUG PrimaryStageWindow   - Scaled ratio: (1.0, 1.0)
21:08:22.608 [JavaFX Application Thread] DEBUG PrimaryStageWindow   - Set initial scene to FXGLStartupScene
21:08:22.611 [JavaFX Application Thread] DEBUG PrimaryStageWindow   - Opening main window
21:08:22.691 [JavaFX Application Thread] DEBUG PrimaryStageWindow   - Window border size: (14.4000244140625, 37.5999755859375)
21:08:22.691 [JavaFX Application Thread] DEBUG PrimaryStageWindow   - Scaled size: 1280.0 x 720.0
21:08:22.692 [JavaFX Application Thread] DEBUG PrimaryStageWindow   - Scaled ratio: (1.0, 1.0)
21:08:22.692 [JavaFX Application Thread] DEBUG PrimaryStageWindow   - Scene size: 1280.0 x 720.0
21:08:22.692 [JavaFX Application Thread] DEBUG PrimaryStageWindow   - Stage size: 1294.4000244140625 x 757.5999755859375
21:08:22.697 [FXGL Background Thread 1 ] DEBUG Engine               - Initializing environment variables
21:08:22.747 [FXGL Background Thread 1 ] DEBUG FXGLAssetLoaderServi - User app class for loading assets: class me.pooh.bakudun.App
21:08:22.748 [FXGL Background Thread 1 ] DEBUG GameApplicationServi - Applying CSS: fxgl_dark.css
21:08:22.749 [FXGL Background Thread 1 ] DEBUG FXGLAssetLoaderServi - Loading from file system: jar:file:///C:/Users/POO/.m2/repository/com/github/almasb/fxgl/21.1/fxgl-21.1.jar!/fxglassets/ui/css/fxgl_dark.css
21:08:22.792 [FXGL Background Thread 1 ] DEBUG GameApplicationServi - Initializing application scenes
21:08:22.820 [FXGL Background Thread 1 ] DEBUG GameWorld            - Game world initialized
21:08:22.863 [FXGL Background Thread 1 ] DEBUG PhysicsWorld         - Physics world initialized: appHeight=720, physics.ppm=50.0
21:08:22.864 [FXGL Background Thread 1 ] DEBUG PhysicsWorld         - Using strategy: BRUTE_FORCE
21:08:22.868 [FXGL Background Thread 1 ] DEBUG GameScene            - Game scene initialized: 1280x720
21:08:22.879 [FXGL Background Thread 1 ] DEBUG FXGL.DefaultMenu     - createMenuBodyGameMenu()
21:08:22.888 [FXGL Background Thread 1 ] DEBUG FXGL.DefaultMenu     - createOptionsMenu()
21:08:22.895 [FXGL Background Thread 1 ] DEBUG FXGLAssetLoaderServi - Loading from file system: jar:file:///C:/Users/POO/.m2/repository/com/github/almasb/fxgl/21.1/fxgl-21.1.jar!/fxglassets/textures/particles/smoke.png
21:08:22.964 [FXGL Background Thread 1 ] DEBUG FXGLAssetLoaderServi - Loading from file system: jar:file:///C:/Users/POO/.m2/repository/com/github/almasb/fxgl/21.1/fxgl-21.1.jar!/fxglassets/textures/particles/trace_horizontal.png
21:08:22.986 [FXGL Background Thread 1 ] DEBUG GameApplicationServi - Application scenes initialized
21:08:22.999 [FXGL Background Thread 1 ] DEBUG SystemBundleService  - Loading FXGL system data
21:08:23.002 [FXGL Background Thread 1 ] DEBUG FileSystemAccess     - Reading from: C:\Users\POO\intellij\Bakudun\system\fxgl.bundle
21:08:23.011 [FXGL Background Thread 1 ] DEBUG SystemBundleService  - Bundle FXGL: {}
21:08:23.011 [FXGL Background Thread 1 ] DEBUG UpdaterService       - Checking for updates
21:08:23.015 [FXGL Background Thread 4 ] DEBUG FXGLApplication      - Loading fonts
21:08:23.016 [FXGL Background Thread 4 ] DEBUG FXGLAssetLoaderServi - Loading from file system: jar:file:///C:/Users/POO/.m2/repository/com/github/almasb/fxgl/21.1/fxgl-21.1.jar!/fxglassets/ui/fonts/VarelaRound-Regular.ttf
21:08:23.016 [FXGL Background Thread 1 ] DEBUG FXGLApplication      - Loading default localization
21:08:23.016 [FXGL Background Thread 1 ] DEBUG FXGLAssetLoaderServi - Loading from file system: jar:file:///C:/Users/POO/.m2/repository/com/github/almasb/fxgl/21.1/fxgl-21.1.jar!/fxglassets/languages/english.lang
21:08:23.042 [FXGL Background Thread 1 ] INFO  FXGLApplication      - FXGL initialization took: 0.344 sec
21:08:23.048 [FXGL Background Thread 4 ] DEBUG FXGLAssetLoaderServi - Loading from file system: jar:file:///C:/Users/POO/.m2/repository/com/github/almasb/fxgl/21.1/fxgl-21.1.jar!/fxglassets/ui/fonts/Abel-Regular.ttf
21:08:23.051 [JavaFX Application Thread] DEBUG Input                - Registered new binding: action0 - A
21:08:23.051 [JavaFX Application Thread] DEBUG Input                - Registered new binding: action1 - D
21:08:23.051 [FXGL Background Thread 4 ] DEBUG FXGLAssetLoaderServi - Loading from file system: jar:file:///C:/Users/POO/.m2/repository/com/github/almasb/fxgl/21.1/fxgl-21.1.jar!/fxglassets/ui/fonts/TerminalLandMono-Regular.otf
21:08:23.051 [JavaFX Application Thread] DEBUG Input                - Registered new binding: action2 - W
21:08:23.052 [JavaFX Application Thread] DEBUG Input                - Registered new binding: action3 - S
21:08:23.052 [JavaFX Application Thread] DEBUG FXGLAssetLoaderServi - Loading from file system: jar:file:///C:/Users/POO/.m2/repository/com/github/almasb/fxgl/21.1/fxgl-21.1.jar!/fxglassets/textures/fxgl_icon.png
21:08:23.055 [FXGL Background Thread 4 ] DEBUG FXGLAssetLoaderServi - Loading from file system: jar:file:///C:/Users/POO/.m2/repository/com/github/almasb/fxgl/21.1/fxgl-21.1.jar!/fxglassets/ui/fonts/Courier-Prime.ttf
21:08:23.067 [JavaFX Application Thread] DEBUG FXGLAssetLoaderServi - Loading from file system: jar:file:///C:/Users/POO/.m2/repository/com/github/almasb/fxgl/21.1/fxgl-21.1.jar!/fxglassets/textures/fxgl_default_cursor.png
21:08:23.069 [JavaFX Application Thread] DEBUG Input                - Registered new binding: Screenshot - CTRL+8
21:08:23.069 [JavaFX Application Thread] DEBUG Input                - Registered new binding: System info dump - CTRL+9
21:08:23.069 [JavaFX Application Thread] DEBUG Input                - Registered new binding: Restart - CTRL+R
21:08:23.070 [JavaFX Application Thread] DEBUG Input                - Registered new binding: Toggle Debug Camera - CTRL+7
21:08:23.072 [JavaFX Application Thread] DEBUG LoopRunner           - Starting loop
21:08:23.073 [JavaFX Application Thread] DEBUG LoopRunner           - Initializing JavaFX AnimationTimerLoop
21:08:23.074 [JavaFX Application Thread] DEBUG GameApplicationServi - Starting new game
21:08:23.075 [JavaFX Application Thread] DEBUG Input                - Clearing active input actions
21:08:23.084 [JavaFX Application Thread] DEBUG GameApplicationServi - Removing overlay from FXGLStartupScene and adding to FXGLLoadingScene
21:08:23.084 [JavaFX Application Thread] DEBUG PrimaryStageWindow   - FXGLStartupScene -> FXGLLoadingScene
21:08:23.084 [JavaFX Application Thread] DEBUG GameApplicationServi - Clearing previous game
21:08:23.084 [JavaFX Application Thread] DEBUG GameScene            - Clearing game scene
21:08:23.084 [JavaFX Application Thread] DEBUG GameWorld            - Clearing game world
21:08:23.084 [JavaFX Application Thread] DEBUG PhysicsWorld         - Clearing physics world
21:08:23.086 [FXGL Background Thread 4 ] DEBUG FXGLApplication      - Initializing game
21:08:23.086 [JavaFX Application Thread] DEBUG FXGLApplication      - Registering font factories with UI factory
21:08:23.159 [FXGL Background Thread 4 ] WARN  TMXLevelLoader       - TiledMap generated from 1.11.2. Supported version: 1.9.0. Some features may not be parsed fully.
21:08:23.163 [FXGL Background Thread 4 ] DEBUG TMXLevelLoader       - Parsed TiledMap: file:/C:/Users/POO/intellij/Bakudun/target/classes/assets/levels/Map0-0.tmx
21:08:23.165 [FXGL Background Thread 4 ] DEBUG TMXLevelLoader       - Creating tile layer entities
21:08:23.168 [FXGL Background Thread 4 ] DEBUG TilesetLoader        - Loading view for layer เลเยอร์ไทล์ 1
21:08:23.169 [FXGL Background Thread 4 ] DEBUG TilesetLoader        - Created buffer with size 640.0x480.0
21:08:23.177 [FXGL Background Thread 4 ] WARN  TilesetLoader        - Diagonally flipped tiles are not currently supported
21:08:23.178 [FXGL Background Thread 4 ] WARN  TilesetLoader        - Diagonally flipped tiles are not currently supported
21:08:23.178 [FXGL Background Thread 4 ] WARN  TilesetLoader        - Diagonally flipped tiles are not currently supported
21:08:23.178 [FXGL Background Thread 4 ] WARN  TilesetLoader        - Diagonally flipped tiles are not currently supported
21:08:23.179 [FXGL Background Thread 4 ] WARN  TilesetLoader        - Diagonally flipped tiles are not currently supported
21:08:23.179 [FXGL Background Thread 4 ] WARN  TilesetLoader        - Diagonally flipped tiles are not currently supported
21:08:23.180 [FXGL Background Thread 4 ] WARN  TilesetLoader        - Diagonally flipped tiles are not currently supported
21:08:23.180 [FXGL Background Thread 4 ] WARN  TilesetLoader        - Diagonally flipped tiles are not currently supported
21:08:23.180 [FXGL Background Thread 4 ] WARN  TilesetLoader        - Diagonally flipped tiles are not currently supported
21:08:23.181 [FXGL Background Thread 4 ] WARN  TilesetLoader        - Diagonally flipped tiles are not currently supported
21:08:23.181 [FXGL Background Thread 4 ] WARN  TilesetLoader        - Diagonally flipped tiles are not currently supported
21:08:23.182 [FXGL Background Thread 4 ] WARN  TilesetLoader        - Diagonally flipped tiles are not currently supported
21:08:23.182 [FXGL Background Thread 4 ] WARN  TilesetLoader        - Diagonally flipped tiles are not currently supported
21:08:23.183 [FXGL Background Thread 4 ] WARN  TilesetLoader        - Diagonally flipped tiles are not currently supported
21:08:23.183 [FXGL Background Thread 4 ] WARN  TilesetLoader        - Diagonally flipped tiles are not currently supported
21:08:23.184 [FXGL Background Thread 4 ] WARN  TilesetLoader        - Diagonally flipped tiles are not currently supported
21:08:23.184 [FXGL Background Thread 4 ] WARN  TilesetLoader        - Diagonally flipped tiles are not currently supported
21:08:23.192 [FXGL Background Thread 4 ] WARN  TilesetLoader        - Diagonally flipped tiles are not currently supported
21:08:23.193 [FXGL Background Thread 4 ] WARN  TilesetLoader        - Diagonally flipped tiles are not currently supported
21:08:23.193 [FXGL Background Thread 4 ] WARN  TilesetLoader        - Diagonally flipped tiles are not currently supported
21:08:23.194 [FXGL Background Thread 4 ] WARN  TilesetLoader        - Diagonally flipped tiles are not currently supported
21:08:23.195 [FXGL Background Thread 4 ] WARN  TilesetLoader        - Diagonally flipped tiles are not currently supported
21:08:23.195 [FXGL Background Thread 4 ] WARN  TilesetLoader        - Diagonally flipped tiles are not currently supported
21:08:23.196 [FXGL Background Thread 4 ] WARN  TilesetLoader        - Diagonally flipped tiles are not currently supported
21:08:23.196 [FXGL Background Thread 4 ] WARN  TilesetLoader        - Diagonally flipped tiles are not currently supported
21:08:23.197 [FXGL Background Thread 4 ] WARN  TilesetLoader        - Diagonally flipped tiles are not currently supported
21:08:23.197 [FXGL Background Thread 4 ] WARN  TilesetLoader        - Diagonally flipped tiles are not currently supported
21:08:23.198 [FXGL Background Thread 4 ] WARN  TilesetLoader        - Diagonally flipped tiles are not currently supported
21:08:23.198 [FXGL Background Thread 4 ] WARN  TilesetLoader        - Diagonally flipped tiles are not currently supported
21:08:23.199 [FXGL Background Thread 4 ] WARN  TilesetLoader        - Diagonally flipped tiles are not currently supported
21:08:23.199 [FXGL Background Thread 4 ] WARN  TilesetLoader        - Diagonally flipped tiles are not currently supported
21:08:23.199 [FXGL Background Thread 4 ] WARN  TilesetLoader        - Diagonally flipped tiles are not currently supported
21:08:23.200 [FXGL Background Thread 4 ] WARN  TilesetLoader        - Diagonally flipped tiles are not currently supported
21:08:23.200 [FXGL Background Thread 4 ] WARN  TilesetLoader        - Diagonally flipped tiles are not currently supported
21:08:23.202 [FXGL Background Thread 4 ] DEBUG TilesetLoader        - Loading view for layer เลเยอร์ไทล์ 2
21:08:23.202 [FXGL Background Thread 4 ] DEBUG TilesetLoader        - Created buffer with size 640.0x480.0
21:08:23.203 [FXGL Background Thread 4 ] DEBUG TilesetLoader        - Loading view for layer เลเยอร์ไทล์ 3
21:08:23.204 [FXGL Background Thread 4 ] DEBUG TilesetLoader        - Created buffer with size 640.0x480.0
21:08:23.205 [FXGL Background Thread 4 ] DEBUG TilesetLoader        - Loading view for layer เลเยอร์ไทล์ 4
21:08:23.206 [FXGL Background Thread 4 ] DEBUG TilesetLoader        - Created buffer with size 640.0x480.0
21:08:23.206 [FXGL Background Thread 4 ] DEBUG TMXLevelLoader       - Creating object layer entities
21:08:23.209 [FXGL Background Thread 4 ] WARN  TMXLevelLoader       - TiledMap generated from 1.11.2. Supported version: 1.9.0. Some features may not be parsed fully.
21:08:23.213 [FXGL Background Thread 4 ] DEBUG TMXLevelLoader       - Parsed TiledMap: file:/C:/Users/POO/intellij/Bakudun/target/classes/assets/levels/Map0-0.tmx
21:08:23.213 [FXGL Background Thread 4 ] DEBUG TMXLevelLoader       - Creating tile layer entities
21:08:23.214 [FXGL Background Thread 4 ] DEBUG TilesetLoader        - Loading view for layer เลเยอร์ไทล์ 1
21:08:23.214 [FXGL Background Thread 4 ] DEBUG TilesetLoader        - Created buffer with size 640.0x480.0
21:08:23.218 [FXGL Background Thread 4 ] WARN  TilesetLoader        - Diagonally flipped tiles are not currently supported
21:08:23.219 [FXGL Background Thread 4 ] WARN  TilesetLoader        - Diagonally flipped tiles are not currently supported
21:08:23.219 [FXGL Background Thread 4 ] WARN  TilesetLoader        - Diagonally flipped tiles are not currently supported
21:08:23.220 [FXGL Background Thread 4 ] WARN  TilesetLoader        - Diagonally flipped tiles are not currently supported
21:08:23.220 [FXGL Background Thread 4 ] WARN  TilesetLoader        - Diagonally flipped tiles are not currently supported
21:08:23.221 [FXGL Background Thread 4 ] WARN  TilesetLoader        - Diagonally flipped tiles are not currently supported
21:08:23.221 [FXGL Background Thread 4 ] WARN  TilesetLoader        - Diagonally flipped tiles are not currently supported
21:08:23.222 [FXGL Background Thread 4 ] WARN  TilesetLoader        - Diagonally flipped tiles are not currently supported
21:08:23.222 [FXGL Background Thread 4 ] WARN  TilesetLoader        - Diagonally flipped tiles are not currently supported
21:08:23.223 [FXGL Background Thread 4 ] WARN  TilesetLoader        - Diagonally flipped tiles are not currently supported
21:08:23.223 [FXGL Background Thread 4 ] WARN  TilesetLoader        - Diagonally flipped tiles are not currently supported
21:08:23.224 [FXGL Background Thread 4 ] WARN  TilesetLoader        - Diagonally flipped tiles are not currently supported
21:08:23.224 [FXGL Background Thread 4 ] WARN  TilesetLoader        - Diagonally flipped tiles are not currently supported
21:08:23.225 [FXGL Background Thread 4 ] WARN  TilesetLoader        - Diagonally flipped tiles are not currently supported
21:08:23.225 [FXGL Background Thread 4 ] WARN  TilesetLoader        - Diagonally flipped tiles are not currently supported
21:08:23.226 [FXGL Background Thread 4 ] WARN  TilesetLoader        - Diagonally flipped tiles are not currently supported
21:08:23.226 [FXGL Background Thread 4 ] WARN  TilesetLoader        - Diagonally flipped tiles are not currently supported
21:08:23.238 [FXGL Background Thread 4 ] WARN  TilesetLoader        - Diagonally flipped tiles are not currently supported
21:08:23.239 [FXGL Background Thread 4 ] WARN  TilesetLoader        - Diagonally flipped tiles are not currently supported
21:08:23.239 [FXGL Background Thread 4 ] WARN  TilesetLoader        - Diagonally flipped tiles are not currently supported
21:08:23.240 [FXGL Background Thread 4 ] WARN  TilesetLoader        - Diagonally flipped tiles are not currently supported
21:08:23.240 [FXGL Background Thread 4 ] WARN  TilesetLoader        - Diagonally flipped tiles are not currently supported
21:08:23.240 [FXGL Background Thread 4 ] WARN  TilesetLoader        - Diagonally flipped tiles are not currently supported
21:08:23.240 [FXGL Background Thread 4 ] WARN  TilesetLoader        - Diagonally flipped tiles are not currently supported
21:08:23.240 [FXGL Background Thread 4 ] WARN  TilesetLoader        - Diagonally flipped tiles are not currently supported
21:08:23.241 [FXGL Background Thread 4 ] WARN  TilesetLoader        - Diagonally flipped tiles are not currently supported
21:08:23.241 [FXGL Background Thread 4 ] WARN  TilesetLoader        - Diagonally flipped tiles are not currently supported
21:08:23.241 [FXGL Background Thread 4 ] WARN  TilesetLoader        - Diagonally flipped tiles are not currently supported
21:08:23.241 [FXGL Background Thread 4 ] WARN  TilesetLoader        - Diagonally flipped tiles are not currently supported
21:08:23.242 [FXGL Background Thread 4 ] WARN  TilesetLoader        - Diagonally flipped tiles are not currently supported
21:08:23.242 [FXGL Background Thread 4 ] WARN  TilesetLoader        - Diagonally flipped tiles are not currently supported
21:08:23.242 [FXGL Background Thread 4 ] WARN  TilesetLoader        - Diagonally flipped tiles are not currently supported
21:08:23.242 [FXGL Background Thread 4 ] WARN  TilesetLoader        - Diagonally flipped tiles are not currently supported
21:08:23.242 [FXGL Background Thread 4 ] WARN  TilesetLoader        - Diagonally flipped tiles are not currently supported
21:08:23.243 [FXGL Background Thread 4 ] DEBUG TilesetLoader        - Loading view for layer เลเยอร์ไทล์ 2
21:08:23.243 [FXGL Background Thread 4 ] DEBUG TilesetLoader        - Created buffer with size 640.0x480.0
21:08:23.244 [FXGL Background Thread 4 ] DEBUG TilesetLoader        - Loading view for layer เลเยอร์ไทล์ 3
21:08:23.245 [FXGL Background Thread 4 ] DEBUG TilesetLoader        - Created buffer with size 640.0x480.0
21:08:23.245 [FXGL Background Thread 4 ] DEBUG TilesetLoader        - Loading view for layer เลเยอร์ไทล์ 4
21:08:23.245 [FXGL Background Thread 4 ] DEBUG TilesetLoader        - Created buffer with size 640.0x480.0
21:08:23.246 [FXGL Background Thread 4 ] DEBUG TMXLevelLoader       - Creating object layer entities
21:08:23.246 [FXGL Background Thread 4 ] DEBUG GameWorld            - Clearing removable entities
21:08:23.246 [FXGL Background Thread 4 ] DEBUG GameWorld            - Setting level: com.almasb.fxgl.entity.level.Level@6c222051
21:08:23.250 [FXGL Background Thread 4 ] DEBUG FXGLAssetLoaderServi - Loading from file system: file:/C:/Users/POO/intellij/Bakudun/target/classes/assets/textures/bomb3_resized.png
21:08:23.267 [JavaFX Application Thread] DEBUG LoopRunner           - Stopping loop
21:08:23.270 [JavaFX Application Thread] FATAL FXGLApplication      - Uncaught Exception:
java.lang.RuntimeException: Initialization failed
	at com.almasb.fxgl.all@21.1/com.almasb.fxgl.app.FXGLApplication$InitAppTask.failed(FXGLApplication.kt:347)
	at javafx.graphics@21.0.1/javafx.concurrent.Task.setState(Task.java:710)
	at javafx.graphics@21.0.1/javafx.concurrent.Task$TaskCallable.lambda$call$2(Task.java:1429)
	at javafx.graphics@21.0.1/com.sun.javafx.application.PlatformImpl.lambda$runLater$10(PlatformImpl.java:456)
	at java.base/java.security.AccessController.doPrivileged(AccessController.java:400)
	at javafx.graphics@21.0.1/com.sun.javafx.application.PlatformImpl.lambda$runLater$11(PlatformImpl.java:455)
	at javafx.graphics@21.0.1/com.sun.glass.ui.InvokeLaterDispatcher$Future.run(InvokeLaterDispatcher.java:95)
	at javafx.graphics@21.0.1/com.sun.glass.ui.win.WinApplication._runLoop(Native Method)
	at javafx.graphics@21.0.1/com.sun.glass.ui.win.WinApplication.lambda$runLoop$3(WinApplication.java:185)
	at java.base/java.lang.Thread.run(Thread.java:1583)
Caused by: java.lang.IllegalArgumentException: Property pixelsMoved does not exist
	at com.almasb.fxgl.core@21.1/com.almasb.fxgl.core.collection.PropertyMap.get(PropertyMap.kt:298)
	at com.almasb.fxgl.core@21.1/com.almasb.fxgl.core.collection.PropertyMap.intProperty(PropertyMap.kt:191)
	at me.pooh.bakudun/me.pooh.bakudun.App.initUI(App.java:110)
	at com.almasb.fxgl.all@21.1/com.almasb.fxgl.app.FXGLApplication$InitAppTask.call(FXGLApplication.kt:323)
	at com.almasb.fxgl.all@21.1/com.almasb.fxgl.app.FXGLApplication$InitAppTask.call(FXGLApplication.kt:313)
	at javafx.graphics@21.0.1/javafx.concurrent.Task$TaskCallable.call(Task.java:1399)
	at java.base/java.util.concurrent.FutureTask.run(FutureTask.java:317)
	at java.base/java.util.concurrent.Executors$RunnableAdapter.call(Executors.java:572)
	at java.base/java.util.concurrent.FutureTask.run(FutureTask.java:317)
	at java.base/java.util.concurrent.ThreadPoolExecutor.runWorker(ThreadPoolExecutor.java:1144)
	at java.base/java.util.concurrent.ThreadPoolExecutor$Worker.run(ThreadPoolExecutor.java:642)
	... 1 more

21:08:23.270 [JavaFX Application Thread] FATAL FXGLApplication      - Application will now exit
21:08:23.286 [JavaFX Application Thread] DEBUG PrimaryStageWindow   - Push state: ErrorSubScene
21:08:23.287 [JavaFX Application Thread] DEBUG Input                - Clearing active input actions
21:08:23.292 [JavaFX Application Thread] DEBUG GameApplicationServi - Removing overlay from FXGLLoadingScene and adding to ErrorSubScene
21:08:23.293 [JavaFX Application Thread] DEBUG PrimaryStageWindow   - FXGLLoadingScene -> ErrorSubScene
21:08:26.014 [FXGL Background Thread 3 ] DEBUG Engine               - Logging environment variables
21:08:26.014 [FXGL Background Thread 3 ] DEBUG Engine               - achievements: []
21:08:26.014 [FXGL Background Thread 3 ] DEBUG Engine               - actualHeight: 720.0
21:08:26.014 [FXGL Background Thread 3 ] DEBUG Engine               - actualHeightProperty: ReadOnlyDoubleProperty [value: 720.0]
21:08:26.014 [FXGL Background Thread 3 ] DEBUG Engine               - actualWidth: 1280.0
21:08:26.014 [FXGL Background Thread 3 ] DEBUG Engine               - actualWidthProperty: ReadOnlyDoubleProperty [value: 1280.0]
21:08:26.015 [FXGL Background Thread 3 ] DEBUG Engine               - appIcon: fxgl_icon.png
21:08:26.015 [FXGL Background Thread 3 ] DEBUG Engine               - applicationMode: DEVELOPER
21:08:26.015 [FXGL Background Thread 3 ] DEBUG Engine               - cSSList: [fxgl_dark.css]
21:08:26.015 [FXGL Background Thread 3 ] DEBUG Engine               - collisionDetectionStrategy: BRUTE_FORCE
21:08:26.015 [FXGL Background Thread 3 ] DEBUG Engine               - configClass: Optional.empty
21:08:26.015 [FXGL Background Thread 3 ] DEBUG Engine               - credits: []
21:08:26.015 [FXGL Background Thread 3 ] DEBUG Engine               - defaultCursor: CursorInfo(imageName=fxgl_default_cursor.png, hotspotX=7.0, hotspotY=6.0)
21:08:26.015 [FXGL Background Thread 3 ] DEBUG Engine               - devBBoxColorProperty: ObjectProperty [value: 0xff0000ff]
21:08:26.015 [FXGL Background Thread 3 ] DEBUG Engine               - devEnableDebugCameraProperty: BooleanProperty [value: false]
21:08:26.015 [FXGL Background Thread 3 ] DEBUG Engine               - devSensorColorProperty: ObjectProperty [value: 0xffff00ff]
21:08:26.015 [FXGL Background Thread 3 ] DEBUG Engine               - devShowBBoxProperty: BooleanProperty [value: false]
21:08:26.015 [FXGL Background Thread 3 ] DEBUG Engine               - devShowPositionProperty: BooleanProperty [value: false]
21:08:26.015 [FXGL Background Thread 3 ] DEBUG Engine               - enabledMenuItems: []
21:08:26.015 [FXGL Background Thread 3 ] DEBUG Engine               - engineServices: [class com.almasb.fxgl.app.services.FXGLAssetLoaderService, class com.almasb.fxgl.app.FXGLApplication$GameApplicationService, class com.almasb.fxgl.app.services.FXGLDialogService, class com.almasb.fxgl.app.services.IOTaskExecutorService, class com.almasb.fxgl.io.FileSystemService, class com.almasb.fxgl.localization.LocalizationService, class com.almasb.fxgl.app.services.SystemBundleService, class com.almasb.fxgl.profile.SaveLoadService, class com.almasb.fxgl.ui.FXGLUIFactoryServiceProvider, class com.almasb.fxgl.ui.FXGLDialogFactoryServiceProvider, class com.almasb.fxgl.audio.AudioPlayer, class com.almasb.fxgl.notification.impl.NotificationServiceProvider, class com.almasb.fxgl.achievement.AchievementService, class com.almasb.fxgl.cutscene.CutsceneService, class com.almasb.fxgl.minigames.MiniGameService, class com.almasb.fxgl.net.NetService, class com.almasb.fxgl.app.services.UpdaterService, class com.almasb.fxgl.dev.DevService]
21:08:26.015 [FXGL Background Thread 3 ] DEBUG Engine               - fontGame: Abel-Regular.ttf
21:08:26.016 [FXGL Background Thread 3 ] DEBUG Engine               - fontMono: TerminalLandMono-Regular.otf
21:08:26.016 [FXGL Background Thread 3 ] DEBUG Engine               - fontSizeScaleUI: 1.0
21:08:26.016 [FXGL Background Thread 3 ] DEBUG Engine               - fontText: Courier-Prime.ttf
21:08:26.016 [FXGL Background Thread 3 ] DEBUG Engine               - fontUI: VarelaRound-Regular.ttf
21:08:26.016 [FXGL Background Thread 3 ] DEBUG Engine               - fullScreen: BooleanProperty [value: false]
21:08:26.016 [FXGL Background Thread 3 ] DEBUG Engine               - gameDifficulty: MEDIUM
21:08:26.016 [FXGL Background Thread 3 ] DEBUG Engine               - gameDifficultyProperty: ObjectProperty [value: MEDIUM]
21:08:26.016 [FXGL Background Thread 3 ] DEBUG Engine               - globalMusicVolume: 0.5
21:08:26.016 [FXGL Background Thread 3 ] DEBUG Engine               - globalMusicVolumeProperty: DoubleProperty [value: 0.5]
21:08:26.016 [FXGL Background Thread 3 ] DEBUG Engine               - globalSoundVolume: 0.5
21:08:26.016 [FXGL Background Thread 3 ] DEBUG Engine               - globalSoundVolumeProperty: DoubleProperty [value: 0.5]
21:08:26.016 [FXGL Background Thread 3 ] DEBUG Engine               - height: 720
21:08:26.016 [FXGL Background Thread 3 ] DEBUG Engine               - is3D: false
21:08:26.016 [FXGL Background Thread 3 ] DEBUG Engine               - isAndroid: false
21:08:26.016 [FXGL Background Thread 3 ] DEBUG Engine               - isBrowser: false
21:08:26.016 [FXGL Background Thread 3 ] DEBUG Engine               - isClickFeedbackEnabled: false
21:08:26.016 [FXGL Background Thread 3 ] DEBUG Engine               - isCloseConfirmation: false
21:08:26.016 [FXGL Background Thread 3 ] DEBUG Engine               - isDesktop: true
21:08:26.016 [FXGL Background Thread 3 ] DEBUG Engine               - isDeveloperMenuEnabled: false
21:08:26.016 [FXGL Background Thread 3 ] DEBUG Engine               - isEmbedded: false
21:08:26.016 [FXGL Background Thread 3 ] DEBUG Engine               - isEntityPreloadEnabled: true
21:08:26.016 [FXGL Background Thread 3 ] DEBUG Engine               - isExperimentalTiledLargeMap: false
21:08:26.016 [FXGL Background Thread 3 ] DEBUG Engine               - isFileSystemWriteAllowed: true
21:08:26.016 [FXGL Background Thread 3 ] DEBUG Engine               - isFullScreenAllowed: false
21:08:26.016 [FXGL Background Thread 3 ] DEBUG Engine               - isFullScreenFromStart: false
21:08:26.016 [FXGL Background Thread 3 ] DEBUG Engine               - isGameMenuEnabled: true
21:08:26.016 [FXGL Background Thread 3 ] DEBUG Engine               - isIOS: false
21:08:26.016 [FXGL Background Thread 3 ] DEBUG Engine               - isIntroEnabled: false
21:08:26.016 [FXGL Background Thread 3 ] DEBUG Engine               - isLinux: false
21:08:26.016 [FXGL Background Thread 3 ] DEBUG Engine               - isMac: false
21:08:26.016 [FXGL Background Thread 3 ] DEBUG Engine               - isMainMenuEnabled: false
21:08:26.016 [FXGL Background Thread 3 ] DEBUG Engine               - isManualResizeEnabled: false
21:08:26.016 [FXGL Background Thread 3 ] DEBUG Engine               - isMobile: false
21:08:26.016 [FXGL Background Thread 3 ] DEBUG Engine               - isNative: false
21:08:26.016 [FXGL Background Thread 3 ] DEBUG Engine               - isPauseMusicWhenMinimized: true
21:08:26.016 [FXGL Background Thread 3 ] DEBUG Engine               - isPreserveResizeRatio: false
21:08:26.016 [FXGL Background Thread 3 ] DEBUG Engine               - isProfilingEnabled: false
21:08:26.016 [FXGL Background Thread 3 ] DEBUG Engine               - isScaleAffectedOnResize: true
21:08:26.016 [FXGL Background Thread 3 ] DEBUG Engine               - isSingleStep: false
21:08:26.017 [FXGL Background Thread 3 ] DEBUG Engine               - isUserProfileEnabled: false
21:08:26.017 [FXGL Background Thread 3 ] DEBUG Engine               - isWindows: true
21:08:26.017 [FXGL Background Thread 3 ] DEBUG Engine               - language: ObjectProperty [value: ENGLISH]
21:08:26.017 [FXGL Background Thread 3 ] DEBUG Engine               - menuKey: ESCAPE
21:08:26.017 [FXGL Background Thread 3 ] DEBUG Engine               - mouseSensitivity: 0.2
21:08:26.017 [FXGL Background Thread 3 ] DEBUG Engine               - notificationViewClass: class com.almasb.fxgl.notification.view.XboxNotificationView
21:08:26.017 [FXGL Background Thread 3 ] DEBUG Engine               - pixelsPerMeter: 50.0
21:08:26.017 [FXGL Background Thread 3 ] DEBUG Engine               - platform: WINDOWS
21:08:26.017 [FXGL Background Thread 3 ] DEBUG Engine               - prefHeightProperty: ReadOnlyDoubleProperty [value: 720.0]
21:08:26.017 [FXGL Background Thread 3 ] DEBUG Engine               - prefWidthProperty: ReadOnlyDoubleProperty [value: 1280.0]
21:08:26.017 [FXGL Background Thread 3 ] DEBUG Engine               - profileDir: profiles/
21:08:26.017 [FXGL Background Thread 3 ] DEBUG Engine               - profileName: StringProperty [value: DEFAULT]
21:08:26.017 [FXGL Background Thread 3 ] DEBUG Engine               - randomSeed: -1
21:08:26.017 [FXGL Background Thread 3 ] DEBUG Engine               - runtimeInfo: RuntimeInfo(platform=WINDOWS, version=21.1, build=27.03.2024 07.52)
21:08:26.017 [FXGL Background Thread 3 ] DEBUG Engine               - saveFileExt: sav
21:08:26.017 [FXGL Background Thread 3 ] DEBUG Engine               - scaledHeightProp$fxgl: DoubleProperty [bound, value: 720.0]
21:08:26.017 [FXGL Background Thread 3 ] DEBUG Engine               - scaledWidthProp$fxgl: DoubleProperty [bound, value: 1280.0]
21:08:26.017 [FXGL Background Thread 3 ] DEBUG Engine               - sceneFactory: com.almasb.fxgl.app.scene.SceneFactory@78fd5be
21:08:26.017 [FXGL Background Thread 3 ] DEBUG Engine               - secondsIn24h: 60
21:08:26.017 [FXGL Background Thread 3 ] DEBUG Engine               - soundMenuBack: menu/back.wav
21:08:26.017 [FXGL Background Thread 3 ] DEBUG Engine               - soundMenuPress: menu/press.wav
21:08:26.017 [FXGL Background Thread 3 ] DEBUG Engine               - soundMenuSelect: menu/select.wav
21:08:26.017 [FXGL Background Thread 3 ] DEBUG Engine               - soundNotification: core/notification.wav
21:08:26.018 [FXGL Background Thread 3 ] DEBUG Engine               - stageStyle: DECORATED
21:08:26.018 [FXGL Background Thread 3 ] DEBUG Engine               - supportedLanguages: [ENGLISH, FRENCH, GERMAN, HUNGARIAN, RUSSIAN]
21:08:26.018 [FXGL Background Thread 3 ] DEBUG Engine               - ticksPerSecond: -1
21:08:26.018 [FXGL Background Thread 3 ] DEBUG Engine               - title: BomberMan
21:08:26.018 [FXGL Background Thread 3 ] DEBUG Engine               - urlGithub: https://github.com/AlmasB/FXGL
21:08:26.018 [FXGL Background Thread 3 ] DEBUG Engine               - urlLeaderboard: http://fxgl-top.herokuapp.com/
21:08:26.018 [FXGL Background Thread 3 ] DEBUG Engine               - urlPOM: https://raw.githubusercontent.com/AlmasB/FXGL/release/README.md
21:08:26.018 [FXGL Background Thread 3 ] DEBUG Engine               - userAppClass: class me.pooh.bakudun.App
21:08:26.018 [FXGL Background Thread 3 ] DEBUG Engine               - version: 0.1
21:08:26.018 [FXGL Background Thread 3 ] DEBUG Engine               - versionCheckDays: 7
21:08:26.018 [FXGL Background Thread 3 ] DEBUG Engine               - width: 1280
21:08:26.018 [FXGL Background Thread 3 ] DEBUG Engine               - Logging services
21:08:26.018 [FXGL Background Thread 3 ] DEBUG Engine               - class com.almasb.fxgl.app.services.FXGLAssetLoaderService
21:08:26.018 [FXGL Background Thread 3 ] DEBUG Engine               - class com.almasb.fxgl.app.FXGLApplication$GameApplicationService
21:08:26.018 [FXGL Background Thread 3 ] DEBUG Engine               - class com.almasb.fxgl.app.services.FXGLDialogService
21:08:26.018 [FXGL Background Thread 3 ] DEBUG Engine               - class com.almasb.fxgl.app.services.IOTaskExecutorService
21:08:26.018 [FXGL Background Thread 3 ] DEBUG Engine               - class com.almasb.fxgl.io.FileSystemService
21:08:26.018 [FXGL Background Thread 3 ] DEBUG Engine               - class com.almasb.fxgl.localization.LocalizationService
21:08:26.018 [FXGL Background Thread 3 ] DEBUG Engine               - class com.almasb.fxgl.app.services.SystemBundleService
21:08:26.018 [FXGL Background Thread 3 ] DEBUG Engine               - class com.almasb.fxgl.profile.SaveLoadService
21:08:26.018 [FXGL Background Thread 3 ] DEBUG Engine               - class com.almasb.fxgl.ui.FXGLUIFactoryServiceProvider
21:08:26.018 [FXGL Background Thread 3 ] DEBUG Engine               - class com.almasb.fxgl.ui.FXGLDialogFactoryServiceProvider
21:08:26.018 [FXGL Background Thread 3 ] DEBUG Engine               - class com.almasb.fxgl.audio.AudioPlayer
21:08:26.018 [FXGL Background Thread 3 ] DEBUG Engine               - class com.almasb.fxgl.notification.impl.NotificationServiceProvider
21:08:26.018 [FXGL Background Thread 3 ] DEBUG Engine               - class com.almasb.fxgl.achievement.AchievementService
21:08:26.018 [FXGL Background Thread 3 ] DEBUG Engine               - class com.almasb.fxgl.cutscene.CutsceneService
21:08:26.018 [FXGL Background Thread 3 ] DEBUG Engine               - class com.almasb.fxgl.minigames.MiniGameService
21:08:26.018 [FXGL Background Thread 3 ] DEBUG Engine               - class com.almasb.fxgl.net.NetService
21:08:26.018 [FXGL Background Thread 3 ] DEBUG Engine               - class com.almasb.fxgl.app.services.UpdaterService
21:08:26.018 [FXGL Background Thread 3 ] DEBUG Engine               - class com.almasb.fxgl.dev.DevService
21:08:30.430 [JavaFX Application Thread] DEBUG LoopRunner           - Pausing loop
21:09:31.818 [JavaFX Application Thread] DEBUG FXGLApplication      - Exiting FXGL
21:09:31.818 [JavaFX Application Thread] DEBUG Async                - Shutting down background threads
21:09:31.819 [JavaFX Application Thread] DEBUG PrimaryStageWindow   - Closing main window
21:09:31.835 [JavaFX Application Thread] DEBUG Logger               - Closing Logger
