04:24:32.747 [main                     ] DEBUG Logger               - Configured Logger
04:24:32.767 [main                     ] DEBUG GameApplication      - Logging settings
Title: BomberMan
Version: 0.1
Width: 640
Height: 480
Fullscreen: false
Intro: false
Profiling: false
Single step:false
App Mode: DEVELOPER
Menu Key: ESCAPE
Stage Style: DECORATED
Scene Factory: class com.almasb.fxgl.app.scene.SceneFactory

04:24:33.322 [JavaFX Application Thread] DEBUG FXGLApplication      - Initializing FXGL
04:24:33.326 [JavaFX Application Thread] INFO  Engine               - FXGL-21.1 (27.03.2024 07.52) on WINDOWS (J:21.0.2 FX:21.0.1)
04:24:33.326 [JavaFX Application Thread] DEBUG Engine               - JRE Vendor Name: Eclipse Adoptium
04:24:33.326 [JavaFX Application Thread] DEBUG Engine               - Running on OS: Windows 11 version 10.0
04:24:33.326 [JavaFX Application Thread] DEBUG Engine               - Architecture: amd64
04:24:33.326 [JavaFX Application Thread] INFO  Engine               - Source code and latest versions at: https://github.com/AlmasB/FXGL
04:24:33.326 [JavaFX Application Thread] INFO  Engine               -       Ask questions and discuss at: https://github.com/AlmasB/FXGL/discussions
04:24:33.326 [JavaFX Application Thread] INFO  Engine               -              Join the FXGL chat at: https://gitter.im/AlmasB/FXGL
04:24:33.392 [JavaFX Application Thread] DEBUG PrimaryStageWindow   - Creating a JavaFX scene
04:24:33.428 [JavaFX Application Thread] DEBUG PrimaryStageWindow   - Target settings size: 640.0 x 480.0
04:24:33.428 [JavaFX Application Thread] DEBUG PrimaryStageWindow   - Scaled scene size:    640.0 x 480.0
04:24:33.428 [JavaFX Application Thread] DEBUG PrimaryStageWindow   - Scaled ratio: (1.0, 1.0)
04:24:33.429 [JavaFX Application Thread] DEBUG PrimaryStageWindow   - Set initial scene to FXGLStartupScene
04:24:33.431 [JavaFX Application Thread] DEBUG PrimaryStageWindow   - Opening main window
04:24:33.515 [JavaFX Application Thread] DEBUG PrimaryStageWindow   - Window border size: (14.4000244140625, 37.5999755859375)
04:24:33.516 [JavaFX Application Thread] DEBUG PrimaryStageWindow   - Scaled size: 640.0 x 480.0
04:24:33.516 [JavaFX Application Thread] DEBUG PrimaryStageWindow   - Scaled ratio: (1.0, 1.0)
04:24:33.516 [JavaFX Application Thread] DEBUG PrimaryStageWindow   - Scene size: 640.0 x 480.0
04:24:33.516 [JavaFX Application Thread] DEBUG PrimaryStageWindow   - Stage size: 654.4000244140625 x 517.5999755859375
04:24:33.523 [FXGL Background Thread 1 ] DEBUG Engine               - Initializing environment variables
04:24:33.580 [FXGL Background Thread 1 ] DEBUG FXGLAssetLoaderServi - User app class for loading assets: class me.pooh.bakudun.App
04:24:33.581 [FXGL Background Thread 1 ] DEBUG GameApplicationServi - Applying CSS: fxgl_dark.css
04:24:33.581 [FXGL Background Thread 1 ] DEBUG FXGLAssetLoaderServi - Loading from file system: jar:file:///C:/Users/POO/.m2/repository/com/github/almasb/fxgl/21.1/fxgl-21.1.jar!/fxglassets/ui/css/fxgl_dark.css
04:24:33.619 [FXGL Background Thread 1 ] DEBUG GameApplicationServi - Initializing application scenes
04:24:33.652 [FXGL Background Thread 1 ] DEBUG GameWorld            - Game world initialized
04:24:33.698 [FXGL Background Thread 1 ] DEBUG PhysicsWorld         - Physics world initialized: appHeight=480, physics.ppm=50.0
04:24:33.698 [FXGL Background Thread 1 ] DEBUG PhysicsWorld         - Using strategy: BRUTE_FORCE
04:24:33.701 [FXGL Background Thread 1 ] DEBUG GameScene            - Game scene initialized: 640x480
04:24:33.712 [FXGL Background Thread 1 ] WARN  FXGL.DefaultMenu     - FXGLDefaultMenu is not designed for resolutions < 800x600
04:24:33.712 [FXGL Background Thread 1 ] DEBUG FXGL.DefaultMenu     - createMenuBodyGameMenu()
04:24:33.722 [FXGL Background Thread 1 ] DEBUG FXGL.DefaultMenu     - createOptionsMenu()
04:24:33.729 [FXGL Background Thread 1 ] DEBUG FXGLAssetLoaderServi - Loading from file system: jar:file:///C:/Users/POO/.m2/repository/com/github/almasb/fxgl/21.1/fxgl-21.1.jar!/fxglassets/textures/particles/smoke.png
04:24:33.795 [FXGL Background Thread 1 ] DEBUG FXGLAssetLoaderServi - Loading from file system: jar:file:///C:/Users/POO/.m2/repository/com/github/almasb/fxgl/21.1/fxgl-21.1.jar!/fxglassets/textures/particles/trace_horizontal.png
04:24:33.817 [FXGL Background Thread 1 ] DEBUG GameApplicationServi - Application scenes initialized
04:24:33.828 [FXGL Background Thread 1 ] DEBUG SystemBundleService  - Loading FXGL system data
04:24:33.831 [FXGL Background Thread 1 ] DEBUG FileSystemAccess     - Reading from: C:\Users\POO\intellij\Bakudun\system\fxgl.bundle
04:24:33.839 [FXGL Background Thread 1 ] DEBUG SystemBundleService  - Bundle FXGL: {}
04:24:33.839 [FXGL Background Thread 1 ] DEBUG UpdaterService       - Checking for updates
04:24:33.868 [FXGL Background Thread 4 ] DEBUG FXGLApplication      - Loading fonts
04:24:33.868 [FXGL Background Thread 4 ] DEBUG FXGLAssetLoaderServi - Loading from file system: jar:file:///C:/Users/POO/.m2/repository/com/github/almasb/fxgl/21.1/fxgl-21.1.jar!/fxglassets/ui/fonts/VarelaRound-Regular.ttf
04:24:33.869 [FXGL Background Thread 1 ] DEBUG FXGLApplication      - Loading default localization
04:24:33.870 [FXGL Background Thread 1 ] DEBUG FXGLAssetLoaderServi - Loading from file system: jar:file:///C:/Users/POO/.m2/repository/com/github/almasb/fxgl/21.1/fxgl-21.1.jar!/fxglassets/languages/english.lang
04:24:33.896 [FXGL Background Thread 1 ] INFO  FXGLApplication      - FXGL initialization took: 0.373 sec
04:24:33.908 [JavaFX Application Thread] DEBUG Input                - Registered new binding: Right - D
04:24:33.908 [JavaFX Application Thread] DEBUG Input                - Registered new binding: Left - A
04:24:33.908 [JavaFX Application Thread] DEBUG Input                - Registered new binding: Up - W
04:24:33.909 [JavaFX Application Thread] DEBUG Input                - Registered new binding: Down - S
04:24:33.909 [FXGL Background Thread 4 ] DEBUG FXGLAssetLoaderServi - Loading from file system: jar:file:///C:/Users/POO/.m2/repository/com/github/almasb/fxgl/21.1/fxgl-21.1.jar!/fxglassets/ui/fonts/Abel-Regular.ttf
04:24:33.909 [JavaFX Application Thread] DEBUG FXGLAssetLoaderServi - Loading from file system: jar:file:///C:/Users/POO/.m2/repository/com/github/almasb/fxgl/21.1/fxgl-21.1.jar!/fxglassets/textures/fxgl_icon.png
04:24:33.913 [FXGL Background Thread 4 ] DEBUG FXGLAssetLoaderServi - Loading from file system: jar:file:///C:/Users/POO/.m2/repository/com/github/almasb/fxgl/21.1/fxgl-21.1.jar!/fxglassets/ui/fonts/TerminalLandMono-Regular.otf
04:24:33.918 [FXGL Background Thread 4 ] DEBUG FXGLAssetLoaderServi - Loading from file system: jar:file:///C:/Users/POO/.m2/repository/com/github/almasb/fxgl/21.1/fxgl-21.1.jar!/fxglassets/ui/fonts/Courier-Prime.ttf
04:24:33.928 [JavaFX Application Thread] DEBUG FXGLAssetLoaderServi - Loading from file system: jar:file:///C:/Users/POO/.m2/repository/com/github/almasb/fxgl/21.1/fxgl-21.1.jar!/fxglassets/textures/fxgl_default_cursor.png
04:24:33.931 [JavaFX Application Thread] DEBUG Input                - Registered new binding: Screenshot - CTRL+8
04:24:33.931 [JavaFX Application Thread] DEBUG Input                - Registered new binding: Dev Options - 1
04:24:33.932 [JavaFX Application Thread] DEBUG Input                - Registered new binding: Dev Console - 2
04:24:33.933 [JavaFX Application Thread] DEBUG Input                - Registered new binding: System info dump - CTRL+9
04:24:33.933 [JavaFX Application Thread] DEBUG Input                - Registered new binding: Restart - CTRL+R
04:24:33.934 [JavaFX Application Thread] DEBUG Input                - Registered new binding: Toggle Debug Camera - CTRL+7
04:24:33.939 [JavaFX Application Thread] DEBUG LoopRunner           - Starting loop
04:24:33.956 [JavaFX Application Thread] DEBUG LoopRunner           - Initializing JavaFX AnimationTimerLoop
04:24:33.957 [JavaFX Application Thread] DEBUG GameApplicationServi - Starting new game
04:24:33.958 [JavaFX Application Thread] DEBUG Input                - Clearing active input actions
04:24:33.968 [JavaFX Application Thread] DEBUG GameApplicationServi - Removing overlay from FXGLStartupScene and adding to FXGLLoadingScene
04:24:33.973 [JavaFX Application Thread] DEBUG PrimaryStageWindow   - FXGLStartupScene -> FXGLLoadingScene
04:24:33.973 [JavaFX Application Thread] DEBUG GameApplicationServi - Clearing previous game
04:24:33.973 [JavaFX Application Thread] DEBUG GameScene            - Clearing game scene
04:24:33.973 [JavaFX Application Thread] DEBUG GameWorld            - Clearing game world
04:24:33.973 [JavaFX Application Thread] DEBUG PhysicsWorld         - Clearing physics world
04:24:33.975 [FXGL Background Thread 4 ] DEBUG FXGLApplication      - Initializing game
04:24:33.975 [JavaFX Application Thread] DEBUG FXGLApplication      - Registering font factories with UI factory
04:24:34.025 [FXGL Background Thread 4 ] DEBUG FXGLAssetLoaderServi - Loading from file system: file:/C:/Users/POO/intellij/Bakudun/target/classes/assets/textures/repixel.png
04:24:34.040 [FXGL Background Thread 4 ] DEBUG FXGLAssetLoaderServi - Loading from file system: file:/C:/Users/POO/intellij/Bakudun/target/classes/assets/textures/Jim.png
04:24:34.050 [FXGL Background Thread 4 ] INFO  FXGLApplication      - Game initialization took: 0.075 sec
04:24:34.162 [JavaFX Application Thread] DEBUG Input                - Clearing active input actions
04:24:34.170 [JavaFX Application Thread] DEBUG GameApplicationServi - Removing overlay from FXGLLoadingScene and adding to GameScene
04:24:34.174 [JavaFX Application Thread] DEBUG PrimaryStageWindow   - FXGLLoadingScene -> GameScene
04:24:36.227 [JavaFX Application Thread] DEBUG FXGLApplication      - Exiting FXGL
04:24:36.227 [JavaFX Application Thread] DEBUG LoopRunner           - Stopping loop
04:24:36.227 [JavaFX Application Thread] DEBUG SystemBundleService  - Saving FXGL system data
04:24:36.229 [JavaFX Application Thread] DEBUG FileSystemAccess     - Writing to: C:\Users\POO\intellij\Bakudun\system\fxgl.bundle
04:24:36.230 [JavaFX Application Thread] DEBUG Async                - Shutting down background threads
04:24:36.231 [JavaFX Application Thread] DEBUG PrimaryStageWindow   - Closing main window
04:24:36.246 [JavaFX Application Thread] DEBUG Logger               - Closing Logger
