04:37:51.787 [main                     ] DEBUG Logger               - Configured Logger
04:37:51.807 [main                     ] DEBUG GameApplication      - Logging settings
Title: BomberMan
Version: 0.1
Width: 640
Height: 480
Fullscreen: false
Intro: false
Profiling: false
Single step:false
App Mode: DEVELOPER
Menu Key: ESCAPE
Stage Style: DECORATED
Scene Factory: class com.almasb.fxgl.app.scene.SceneFactory

04:37:52.349 [JavaFX Application Thread] DEBUG FXGLApplication      - Initializing FXGL
04:37:52.353 [JavaFX Application Thread] INFO  Engine               - FXGL-21.1 (27.03.2024 07.52) on WINDOWS (J:21.0.2 FX:21.0.1)
04:37:52.353 [JavaFX Application Thread] DEBUG Engine               - JRE Vendor Name: Eclipse Adoptium
04:37:52.353 [JavaFX Application Thread] DEBUG Engine               - Running on OS: Windows 11 version 10.0
04:37:52.353 [JavaFX Application Thread] DEBUG Engine               - Architecture: amd64
04:37:52.353 [JavaFX Application Thread] INFO  Engine               - Source code and latest versions at: https://github.com/AlmasB/FXGL
04:37:52.353 [JavaFX Application Thread] INFO  Engine               -       Ask questions and discuss at: https://github.com/AlmasB/FXGL/discussions
04:37:52.354 [JavaFX Application Thread] INFO  Engine               -              Join the FXGL chat at: https://gitter.im/AlmasB/FXGL
04:37:52.421 [JavaFX Application Thread] DEBUG PrimaryStageWindow   - Creating a JavaFX scene
04:37:52.460 [JavaFX Application Thread] DEBUG PrimaryStageWindow   - Target settings size: 640.0 x 480.0
04:37:52.460 [JavaFX Application Thread] DEBUG PrimaryStageWindow   - Scaled scene size:    640.0 x 480.0
04:37:52.460 [JavaFX Application Thread] DEBUG PrimaryStageWindow   - Scaled ratio: (1.0, 1.0)
04:37:52.461 [JavaFX Application Thread] DEBUG PrimaryStageWindow   - Set initial scene to FXGLStartupScene
04:37:52.463 [JavaFX Application Thread] DEBUG PrimaryStageWindow   - Opening main window
04:37:52.540 [JavaFX Application Thread] DEBUG PrimaryStageWindow   - Window border size: (14.4000244140625, 37.5999755859375)
04:37:52.540 [JavaFX Application Thread] DEBUG PrimaryStageWindow   - Scaled size: 640.0 x 480.0
04:37:52.540 [JavaFX Application Thread] DEBUG PrimaryStageWindow   - Scaled ratio: (1.0, 1.0)
04:37:52.540 [JavaFX Application Thread] DEBUG PrimaryStageWindow   - Scene size: 640.0 x 480.0
04:37:52.540 [JavaFX Application Thread] DEBUG PrimaryStageWindow   - Stage size: 654.4000244140625 x 517.5999755859375
04:37:52.547 [FXGL Background Thread 1 ] DEBUG Engine               - Initializing environment variables
04:37:52.592 [FXGL Background Thread 1 ] DEBUG FXGLAssetLoaderServi - User app class for loading assets: class me.pooh.bakudun.App
04:37:52.592 [FXGL Background Thread 1 ] DEBUG GameApplicationServi - Applying CSS: fxgl_dark.css
04:37:52.593 [FXGL Background Thread 1 ] DEBUG FXGLAssetLoaderServi - Loading from file system: jar:file:///C:/Users/POO/.m2/repository/com/github/almasb/fxgl/21.1/fxgl-21.1.jar!/fxglassets/ui/css/fxgl_dark.css
04:37:52.638 [FXGL Background Thread 1 ] DEBUG GameApplicationServi - Initializing application scenes
04:37:52.672 [FXGL Background Thread 1 ] DEBUG GameWorld            - Game world initialized
04:37:52.722 [FXGL Background Thread 1 ] DEBUG PhysicsWorld         - Physics world initialized: appHeight=480, physics.ppm=50.0
04:37:52.722 [FXGL Background Thread 1 ] DEBUG PhysicsWorld         - Using strategy: BRUTE_FORCE
04:37:52.727 [FXGL Background Thread 1 ] DEBUG GameScene            - Game scene initialized: 640x480
04:37:52.736 [FXGL Background Thread 1 ] WARN  FXGL.DefaultMenu     - FXGLDefaultMenu is not designed for resolutions < 800x600
04:37:52.736 [FXGL Background Thread 1 ] DEBUG FXGL.DefaultMenu     - createMenuBodyGameMenu()
04:37:52.745 [FXGL Background Thread 1 ] DEBUG FXGL.DefaultMenu     - createOptionsMenu()
04:37:52.754 [FXGL Background Thread 1 ] DEBUG FXGLAssetLoaderServi - Loading from file system: jar:file:///C:/Users/POO/.m2/repository/com/github/almasb/fxgl/21.1/fxgl-21.1.jar!/fxglassets/textures/particles/smoke.png
04:37:52.817 [FXGL Background Thread 1 ] DEBUG FXGLAssetLoaderServi - Loading from file system: jar:file:///C:/Users/POO/.m2/repository/com/github/almasb/fxgl/21.1/fxgl-21.1.jar!/fxglassets/textures/particles/trace_horizontal.png
04:37:52.841 [FXGL Background Thread 1 ] DEBUG GameApplicationServi - Application scenes initialized
04:37:52.854 [FXGL Background Thread 1 ] DEBUG SystemBundleService  - Loading FXGL system data
04:37:52.857 [FXGL Background Thread 1 ] DEBUG FileSystemAccess     - Reading from: C:\Users\POO\intellij\Bakudun\system\fxgl.bundle
04:37:52.866 [FXGL Background Thread 1 ] DEBUG SystemBundleService  - Bundle FXGL: {}
04:37:52.866 [FXGL Background Thread 1 ] DEBUG UpdaterService       - Checking for updates
04:37:52.895 [FXGL Background Thread 4 ] DEBUG FXGLApplication      - Loading fonts
04:37:52.896 [FXGL Background Thread 4 ] DEBUG FXGLAssetLoaderServi - Loading from file system: jar:file:///C:/Users/POO/.m2/repository/com/github/almasb/fxgl/21.1/fxgl-21.1.jar!/fxglassets/ui/fonts/VarelaRound-Regular.ttf
04:37:52.896 [FXGL Background Thread 1 ] DEBUG FXGLApplication      - Loading default localization
04:37:52.897 [FXGL Background Thread 1 ] DEBUG FXGLAssetLoaderServi - Loading from file system: jar:file:///C:/Users/POO/.m2/repository/com/github/almasb/fxgl/21.1/fxgl-21.1.jar!/fxglassets/languages/english.lang
04:37:52.919 [FXGL Background Thread 1 ] INFO  FXGLApplication      - FXGL initialization took: 0.372 sec
04:37:52.928 [FXGL Background Thread 4 ] DEBUG FXGLAssetLoaderServi - Loading from file system: jar:file:///C:/Users/POO/.m2/repository/com/github/almasb/fxgl/21.1/fxgl-21.1.jar!/fxglassets/ui/fonts/Abel-Regular.ttf
04:37:52.931 [JavaFX Application Thread] DEBUG Input                - Registered new binding: Right - D
04:37:52.931 [JavaFX Application Thread] DEBUG Input                - Registered new binding: Left - A
04:37:52.932 [JavaFX Application Thread] DEBUG Input                - Registered new binding: Up - W
04:37:52.932 [JavaFX Application Thread] DEBUG Input                - Registered new binding: Down - S
04:37:52.932 [JavaFX Application Thread] DEBUG FXGLAssetLoaderServi - Loading from file system: jar:file:///C:/Users/POO/.m2/repository/com/github/almasb/fxgl/21.1/fxgl-21.1.jar!/fxglassets/textures/fxgl_icon.png
04:37:52.933 [FXGL Background Thread 4 ] DEBUG FXGLAssetLoaderServi - Loading from file system: jar:file:///C:/Users/POO/.m2/repository/com/github/almasb/fxgl/21.1/fxgl-21.1.jar!/fxglassets/ui/fonts/TerminalLandMono-Regular.otf
04:37:52.936 [FXGL Background Thread 4 ] DEBUG FXGLAssetLoaderServi - Loading from file system: jar:file:///C:/Users/POO/.m2/repository/com/github/almasb/fxgl/21.1/fxgl-21.1.jar!/fxglassets/ui/fonts/Courier-Prime.ttf
04:37:52.951 [JavaFX Application Thread] DEBUG FXGLAssetLoaderServi - Loading from file system: jar:file:///C:/Users/POO/.m2/repository/com/github/almasb/fxgl/21.1/fxgl-21.1.jar!/fxglassets/textures/fxgl_default_cursor.png
04:37:52.953 [JavaFX Application Thread] DEBUG Input                - Registered new binding: Screenshot - CTRL+8
04:37:52.954 [JavaFX Application Thread] DEBUG Input                - Registered new binding: Dev Options - 1
04:37:52.954 [JavaFX Application Thread] DEBUG Input                - Registered new binding: Dev Console - 2
04:37:52.954 [JavaFX Application Thread] DEBUG Input                - Registered new binding: System info dump - CTRL+9
04:37:52.955 [JavaFX Application Thread] DEBUG Input                - Registered new binding: Restart - CTRL+R
04:37:52.956 [JavaFX Application Thread] DEBUG Input                - Registered new binding: Toggle Debug Camera - CTRL+7
04:37:52.960 [JavaFX Application Thread] DEBUG LoopRunner           - Starting loop
04:37:52.977 [JavaFX Application Thread] DEBUG LoopRunner           - Initializing JavaFX AnimationTimerLoop
04:37:52.979 [JavaFX Application Thread] DEBUG GameApplicationServi - Starting new game
04:37:52.979 [JavaFX Application Thread] DEBUG Input                - Clearing active input actions
04:37:52.989 [JavaFX Application Thread] DEBUG GameApplicationServi - Removing overlay from FXGLStartupScene and adding to FXGLLoadingScene
04:37:52.991 [JavaFX Application Thread] DEBUG PrimaryStageWindow   - FXGLStartupScene -> FXGLLoadingScene
04:37:52.991 [JavaFX Application Thread] DEBUG GameApplicationServi - Clearing previous game
04:37:52.991 [JavaFX Application Thread] DEBUG GameScene            - Clearing game scene
04:37:52.992 [JavaFX Application Thread] DEBUG GameWorld            - Clearing game world
04:37:52.992 [JavaFX Application Thread] DEBUG PhysicsWorld         - Clearing physics world
04:37:52.993 [FXGL Background Thread 4 ] DEBUG FXGLApplication      - Initializing game
04:37:52.995 [JavaFX Application Thread] DEBUG FXGLApplication      - Registering font factories with UI factory
04:37:53.044 [FXGL Background Thread 4 ] WARN  TMXLevelLoader       - TiledMap generated from 1.11.2. Supported version: 1.9.0. Some features may not be parsed fully.
04:37:53.064 [FXGL Background Thread 4 ] DEBUG TMXLevelLoader       - Parsed TiledMap: file:/C:/Users/POO/intellij/Bakudun/target/classes/assets/levels/Map.tmx
04:37:53.066 [FXGL Background Thread 4 ] DEBUG TMXLevelLoader       - Creating tile layer entities
04:37:53.069 [FXGL Background Thread 4 ] DEBUG TilesetLoader        - Loading view for layer เลเยอร์ไทล์ 1
04:37:53.070 [FXGL Background Thread 4 ] DEBUG TilesetLoader        - Created buffer with size 640.0x480.0
04:37:53.080 [FXGL Background Thread 4 ] WARN  TilesetLoader        - Diagonally flipped tiles are not currently supported
04:37:53.088 [FXGL Background Thread 4 ] WARN  TilesetLoader        - Diagonally flipped tiles are not currently supported
04:37:53.097 [FXGL Background Thread 4 ] DEBUG TilesetLoader        - Loading view for layer เลเยอร์ไทล์ 2
04:37:53.097 [FXGL Background Thread 4 ] DEBUG TilesetLoader        - Created buffer with size 640.0x480.0
04:37:53.098 [FXGL Background Thread 4 ] DEBUG TilesetLoader        - Loading view for layer เลเยอร์ไทล์ 3
04:37:53.099 [FXGL Background Thread 4 ] DEBUG TilesetLoader        - Created buffer with size 640.0x480.0
04:37:53.100 [FXGL Background Thread 4 ] DEBUG TilesetLoader        - Loading view for layer เลเยอร์ไทล์ 4
04:37:53.100 [FXGL Background Thread 4 ] DEBUG TilesetLoader        - Created buffer with size 640.0x480.0
04:37:53.100 [FXGL Background Thread 4 ] DEBUG TMXLevelLoader       - Creating object layer entities
04:37:53.147 [FXGL Background Thread 4 ] DEBUG FXGLAssetLoaderServi - Loading from file system: file:/C:/Users/POO/intellij/Bakudun/target/classes/assets/textures/Jim1.png
04:37:53.161 [FXGL Background Thread 4 ] WARN  TMXLevelLoader       - TiledMap generated from 1.11.2. Supported version: 1.9.0. Some features may not be parsed fully.
04:37:53.169 [FXGL Background Thread 4 ] DEBUG TMXLevelLoader       - Parsed TiledMap: file:/C:/Users/POO/intellij/Bakudun/target/classes/assets/levels/Map.tmx
04:37:53.170 [FXGL Background Thread 4 ] DEBUG TMXLevelLoader       - Creating tile layer entities
04:37:53.170 [FXGL Background Thread 4 ] DEBUG TilesetLoader        - Loading view for layer เลเยอร์ไทล์ 1
04:37:53.170 [FXGL Background Thread 4 ] DEBUG TilesetLoader        - Created buffer with size 640.0x480.0
04:37:53.174 [FXGL Background Thread 4 ] WARN  TilesetLoader        - Diagonally flipped tiles are not currently supported
04:37:53.186 [FXGL Background Thread 4 ] WARN  TilesetLoader        - Diagonally flipped tiles are not currently supported
04:37:53.192 [FXGL Background Thread 4 ] DEBUG TilesetLoader        - Loading view for layer เลเยอร์ไทล์ 2
04:37:53.192 [FXGL Background Thread 4 ] DEBUG TilesetLoader        - Created buffer with size 640.0x480.0
04:37:53.193 [FXGL Background Thread 4 ] DEBUG TilesetLoader        - Loading view for layer เลเยอร์ไทล์ 3
04:37:53.193 [FXGL Background Thread 4 ] DEBUG TilesetLoader        - Created buffer with size 640.0x480.0
04:37:53.193 [FXGL Background Thread 4 ] DEBUG TilesetLoader        - Loading view for layer เลเยอร์ไทล์ 4
04:37:53.193 [FXGL Background Thread 4 ] DEBUG TilesetLoader        - Created buffer with size 640.0x480.0
04:37:53.194 [FXGL Background Thread 4 ] DEBUG TMXLevelLoader       - Creating object layer entities
04:37:53.208 [FXGL Background Thread 4 ] DEBUG GameWorld            - Clearing removable entities
04:37:53.208 [FXGL Background Thread 4 ] DEBUG GameWorld            - Setting level: com.almasb.fxgl.entity.level.Level@5251a76b
04:37:53.217 [FXGL Background Thread 4 ] INFO  FXGLApplication      - Game initialization took: 0.224 sec
04:37:53.227 [JavaFX Application Thread] DEBUG Input                - Clearing active input actions
04:37:53.236 [JavaFX Application Thread] DEBUG GameApplicationServi - Removing overlay from FXGLLoadingScene and adding to GameScene
04:37:53.240 [JavaFX Application Thread] DEBUG PrimaryStageWindow   - FXGLLoadingScene -> GameScene
04:37:55.893 [FXGL Background Thread 3 ] DEBUG Engine               - Logging environment variables
04:37:55.893 [FXGL Background Thread 3 ] DEBUG Engine               - achievements: []
04:37:55.893 [FXGL Background Thread 3 ] DEBUG Engine               - actualHeight: 480.0
04:37:55.893 [FXGL Background Thread 3 ] DEBUG Engine               - actualHeightProperty: ReadOnlyDoubleProperty [value: 480.0]
04:37:55.894 [FXGL Background Thread 3 ] DEBUG Engine               - actualWidth: 640.0
04:37:55.894 [FXGL Background Thread 3 ] DEBUG Engine               - actualWidthProperty: ReadOnlyDoubleProperty [value: 640.0]
04:37:55.894 [FXGL Background Thread 3 ] DEBUG Engine               - appIcon: fxgl_icon.png
04:37:55.894 [FXGL Background Thread 3 ] DEBUG Engine               - applicationMode: DEVELOPER
04:37:55.894 [FXGL Background Thread 3 ] DEBUG Engine               - cSSList: [fxgl_dark.css]
04:37:55.894 [FXGL Background Thread 3 ] DEBUG Engine               - collisionDetectionStrategy: BRUTE_FORCE
04:37:55.894 [FXGL Background Thread 3 ] DEBUG Engine               - configClass: Optional.empty
04:37:55.894 [FXGL Background Thread 3 ] DEBUG Engine               - credits: []
04:37:55.894 [FXGL Background Thread 3 ] DEBUG Engine               - defaultCursor: CursorInfo(imageName=fxgl_default_cursor.png, hotspotX=7.0, hotspotY=6.0)
04:37:55.894 [FXGL Background Thread 3 ] DEBUG Engine               - devBBoxColorProperty: ObjectProperty [value: 0xff0000ff]
04:37:55.894 [FXGL Background Thread 3 ] DEBUG Engine               - devEnableDebugCameraProperty: BooleanProperty [value: false]
04:37:55.894 [FXGL Background Thread 3 ] DEBUG Engine               - devSensorColorProperty: ObjectProperty [value: 0xffff00ff]
04:37:55.894 [FXGL Background Thread 3 ] DEBUG Engine               - devShowBBoxProperty: BooleanProperty [value: false]
04:37:55.894 [FXGL Background Thread 3 ] DEBUG Engine               - devShowPositionProperty: BooleanProperty [value: false]
04:37:55.894 [FXGL Background Thread 3 ] DEBUG Engine               - enabledMenuItems: []
04:37:55.895 [FXGL Background Thread 3 ] DEBUG Engine               - engineServices: [class com.almasb.fxgl.app.services.FXGLAssetLoaderService, class com.almasb.fxgl.app.FXGLApplication$GameApplicationService, class com.almasb.fxgl.app.services.FXGLDialogService, class com.almasb.fxgl.app.services.IOTaskExecutorService, class com.almasb.fxgl.io.FileSystemService, class com.almasb.fxgl.localization.LocalizationService, class com.almasb.fxgl.app.services.SystemBundleService, class com.almasb.fxgl.profile.SaveLoadService, class com.almasb.fxgl.ui.FXGLUIFactoryServiceProvider, class com.almasb.fxgl.ui.FXGLDialogFactoryServiceProvider, class com.almasb.fxgl.audio.AudioPlayer, class com.almasb.fxgl.notification.impl.NotificationServiceProvider, class com.almasb.fxgl.achievement.AchievementService, class com.almasb.fxgl.cutscene.CutsceneService, class com.almasb.fxgl.minigames.MiniGameService, class com.almasb.fxgl.net.NetService, class com.almasb.fxgl.app.services.UpdaterService, class com.almasb.fxgl.dev.DevService]
04:37:55.895 [FXGL Background Thread 3 ] DEBUG Engine               - fontGame: Abel-Regular.ttf
04:37:55.895 [FXGL Background Thread 3 ] DEBUG Engine               - fontMono: TerminalLandMono-Regular.otf
04:37:55.895 [FXGL Background Thread 3 ] DEBUG Engine               - fontSizeScaleUI: 1.0
04:37:55.895 [FXGL Background Thread 3 ] DEBUG Engine               - fontText: Courier-Prime.ttf
04:37:55.895 [FXGL Background Thread 3 ] DEBUG Engine               - fontUI: VarelaRound-Regular.ttf
04:37:55.895 [FXGL Background Thread 3 ] DEBUG Engine               - fullScreen: BooleanProperty [value: false]
04:37:55.895 [FXGL Background Thread 3 ] DEBUG Engine               - gameDifficulty: MEDIUM
04:37:55.895 [FXGL Background Thread 3 ] DEBUG Engine               - gameDifficultyProperty: ObjectProperty [value: MEDIUM]
04:37:55.895 [FXGL Background Thread 3 ] DEBUG Engine               - globalMusicVolume: 0.5
04:37:55.895 [FXGL Background Thread 3 ] DEBUG Engine               - globalMusicVolumeProperty: DoubleProperty [value: 0.5]
04:37:55.895 [FXGL Background Thread 3 ] DEBUG Engine               - globalSoundVolume: 0.5
04:37:55.895 [FXGL Background Thread 3 ] DEBUG Engine               - globalSoundVolumeProperty: DoubleProperty [value: 0.5]
04:37:55.895 [FXGL Background Thread 3 ] DEBUG Engine               - height: 480
04:37:55.895 [FXGL Background Thread 3 ] DEBUG Engine               - is3D: false
04:37:55.895 [FXGL Background Thread 3 ] DEBUG Engine               - isAndroid: false
04:37:55.895 [FXGL Background Thread 3 ] DEBUG Engine               - isBrowser: false
04:37:55.895 [FXGL Background Thread 3 ] DEBUG Engine               - isClickFeedbackEnabled: false
04:37:55.895 [FXGL Background Thread 3 ] DEBUG Engine               - isCloseConfirmation: false
04:37:55.895 [FXGL Background Thread 3 ] DEBUG Engine               - isDesktop: true
04:37:55.896 [FXGL Background Thread 3 ] DEBUG Engine               - isDeveloperMenuEnabled: true
04:37:55.896 [FXGL Background Thread 3 ] DEBUG Engine               - isEmbedded: false
04:37:55.896 [FXGL Background Thread 3 ] DEBUG Engine               - isEntityPreloadEnabled: true
04:37:55.896 [FXGL Background Thread 3 ] DEBUG Engine               - isExperimentalTiledLargeMap: false
04:37:55.896 [FXGL Background Thread 3 ] DEBUG Engine               - isFileSystemWriteAllowed: true
04:37:55.896 [FXGL Background Thread 3 ] DEBUG Engine               - isFullScreenAllowed: false
04:37:55.896 [FXGL Background Thread 3 ] DEBUG Engine               - isFullScreenFromStart: false
04:37:55.896 [FXGL Background Thread 3 ] DEBUG Engine               - isGameMenuEnabled: true
04:37:55.896 [FXGL Background Thread 3 ] DEBUG Engine               - isIOS: false
04:37:55.896 [FXGL Background Thread 3 ] DEBUG Engine               - isIntroEnabled: false
04:37:55.896 [FXGL Background Thread 3 ] DEBUG Engine               - isLinux: false
04:37:55.896 [FXGL Background Thread 3 ] DEBUG Engine               - isMac: false
04:37:55.896 [FXGL Background Thread 3 ] DEBUG Engine               - isMainMenuEnabled: false
04:37:55.896 [FXGL Background Thread 3 ] DEBUG Engine               - isManualResizeEnabled: false
04:37:55.896 [FXGL Background Thread 3 ] DEBUG Engine               - isMobile: false
04:37:55.896 [FXGL Background Thread 3 ] DEBUG Engine               - isNative: false
04:37:55.896 [FXGL Background Thread 3 ] DEBUG Engine               - isPauseMusicWhenMinimized: true
04:37:55.896 [FXGL Background Thread 3 ] DEBUG Engine               - isPreserveResizeRatio: false
04:37:55.896 [FXGL Background Thread 3 ] DEBUG Engine               - isProfilingEnabled: false
04:37:55.896 [FXGL Background Thread 3 ] DEBUG Engine               - isScaleAffectedOnResize: true
04:37:55.896 [FXGL Background Thread 3 ] DEBUG Engine               - isSingleStep: false
04:37:55.896 [FXGL Background Thread 3 ] DEBUG Engine               - isUserProfileEnabled: false
04:37:55.896 [FXGL Background Thread 3 ] DEBUG Engine               - isWindows: true
04:37:55.896 [FXGL Background Thread 3 ] DEBUG Engine               - language: ObjectProperty [value: ENGLISH]
04:37:55.897 [FXGL Background Thread 3 ] DEBUG Engine               - menuKey: ESCAPE
04:37:55.897 [FXGL Background Thread 3 ] DEBUG Engine               - mouseSensitivity: 0.2
04:37:55.897 [FXGL Background Thread 3 ] DEBUG Engine               - notificationViewClass: class com.almasb.fxgl.notification.view.XboxNotificationView
04:37:55.897 [FXGL Background Thread 3 ] DEBUG Engine               - pixelsPerMeter: 50.0
04:37:55.897 [FXGL Background Thread 3 ] DEBUG Engine               - platform: WINDOWS
04:37:55.897 [FXGL Background Thread 3 ] DEBUG Engine               - prefHeightProperty: ReadOnlyDoubleProperty [value: 480.0]
04:37:55.897 [FXGL Background Thread 3 ] DEBUG Engine               - prefWidthProperty: ReadOnlyDoubleProperty [value: 640.0]
04:37:55.897 [FXGL Background Thread 3 ] DEBUG Engine               - profileDir: profiles/
04:37:55.897 [FXGL Background Thread 3 ] DEBUG Engine               - profileName: StringProperty [value: DEFAULT]
04:37:55.897 [FXGL Background Thread 3 ] DEBUG Engine               - randomSeed: -1
04:37:55.897 [FXGL Background Thread 3 ] DEBUG Engine               - runtimeInfo: RuntimeInfo(platform=WINDOWS, version=21.1, build=27.03.2024 07.52)
04:37:55.897 [FXGL Background Thread 3 ] DEBUG Engine               - saveFileExt: sav
04:37:55.897 [FXGL Background Thread 3 ] DEBUG Engine               - scaledHeightProp$fxgl: DoubleProperty [bound, value: 480.0]
04:37:55.897 [FXGL Background Thread 3 ] DEBUG Engine               - scaledWidthProp$fxgl: DoubleProperty [bound, value: 640.0]
04:37:55.897 [FXGL Background Thread 3 ] DEBUG Engine               - sceneFactory: com.almasb.fxgl.app.scene.SceneFactory@f5bba0
04:37:55.897 [FXGL Background Thread 3 ] DEBUG Engine               - secondsIn24h: 60
04:37:55.897 [FXGL Background Thread 3 ] DEBUG Engine               - soundMenuBack: menu/back.wav
04:37:55.897 [FXGL Background Thread 3 ] DEBUG Engine               - soundMenuPress: menu/press.wav
04:37:55.897 [FXGL Background Thread 3 ] DEBUG Engine               - soundMenuSelect: menu/select.wav
04:37:55.898 [FXGL Background Thread 3 ] DEBUG Engine               - soundNotification: core/notification.wav
04:37:55.898 [FXGL Background Thread 3 ] DEBUG Engine               - stageStyle: DECORATED
04:37:55.898 [FXGL Background Thread 3 ] DEBUG Engine               - supportedLanguages: [ENGLISH, FRENCH, GERMAN, HUNGARIAN, RUSSIAN]
04:37:55.898 [FXGL Background Thread 3 ] DEBUG Engine               - ticksPerSecond: -1
04:37:55.898 [FXGL Background Thread 3 ] DEBUG Engine               - title: BomberMan
04:37:55.898 [FXGL Background Thread 3 ] DEBUG Engine               - urlGithub: https://github.com/AlmasB/FXGL
04:37:55.898 [FXGL Background Thread 3 ] DEBUG Engine               - urlLeaderboard: http://fxgl-top.herokuapp.com/
04:37:55.898 [FXGL Background Thread 3 ] DEBUG Engine               - urlPOM: https://raw.githubusercontent.com/AlmasB/FXGL/release/README.md
04:37:55.898 [FXGL Background Thread 3 ] DEBUG Engine               - userAppClass: class me.pooh.bakudun.App
04:37:55.898 [FXGL Background Thread 3 ] DEBUG Engine               - version: 0.1
04:37:55.898 [FXGL Background Thread 3 ] DEBUG Engine               - versionCheckDays: 7
04:37:55.898 [FXGL Background Thread 3 ] DEBUG Engine               - width: 640
04:37:55.898 [FXGL Background Thread 3 ] DEBUG Engine               - Logging services
04:37:55.898 [FXGL Background Thread 3 ] DEBUG Engine               - class com.almasb.fxgl.app.services.FXGLAssetLoaderService
04:37:55.898 [FXGL Background Thread 3 ] DEBUG Engine               - class com.almasb.fxgl.app.FXGLApplication$GameApplicationService
04:37:55.898 [FXGL Background Thread 3 ] DEBUG Engine               - class com.almasb.fxgl.app.services.FXGLDialogService
04:37:55.898 [FXGL Background Thread 3 ] DEBUG Engine               - class com.almasb.fxgl.app.services.IOTaskExecutorService
04:37:55.898 [FXGL Background Thread 3 ] DEBUG Engine               - class com.almasb.fxgl.io.FileSystemService
04:37:55.898 [FXGL Background Thread 3 ] DEBUG Engine               - class com.almasb.fxgl.localization.LocalizationService
04:37:55.898 [FXGL Background Thread 3 ] DEBUG Engine               - class com.almasb.fxgl.app.services.SystemBundleService
04:37:55.898 [FXGL Background Thread 3 ] DEBUG Engine               - class com.almasb.fxgl.profile.SaveLoadService
04:37:55.898 [FXGL Background Thread 3 ] DEBUG Engine               - class com.almasb.fxgl.ui.FXGLUIFactoryServiceProvider
04:37:55.898 [FXGL Background Thread 3 ] DEBUG Engine               - class com.almasb.fxgl.ui.FXGLDialogFactoryServiceProvider
04:37:55.898 [FXGL Background Thread 3 ] DEBUG Engine               - class com.almasb.fxgl.audio.AudioPlayer
04:37:55.898 [FXGL Background Thread 3 ] DEBUG Engine               - class com.almasb.fxgl.notification.impl.NotificationServiceProvider
04:37:55.898 [FXGL Background Thread 3 ] DEBUG Engine               - class com.almasb.fxgl.achievement.AchievementService
04:37:55.898 [FXGL Background Thread 3 ] DEBUG Engine               - class com.almasb.fxgl.cutscene.CutsceneService
04:37:55.898 [FXGL Background Thread 3 ] DEBUG Engine               - class com.almasb.fxgl.minigames.MiniGameService
04:37:55.898 [FXGL Background Thread 3 ] DEBUG Engine               - class com.almasb.fxgl.net.NetService
04:37:55.899 [FXGL Background Thread 3 ] DEBUG Engine               - class com.almasb.fxgl.app.services.UpdaterService
04:37:55.899 [FXGL Background Thread 3 ] DEBUG Engine               - class com.almasb.fxgl.dev.DevService
04:37:59.950 [JavaFX Application Thread] DEBUG PrimaryStageWindow   - Push state: FXGLDefaultMenu
04:37:59.954 [JavaFX Application Thread] DEBUG Input                - Clearing active input actions
04:37:59.956 [JavaFX Application Thread] DEBUG GameApplicationServi - Removing overlay from GameScene and adding to FXGLDefaultMenu
04:37:59.958 [JavaFX Application Thread] DEBUG PrimaryStageWindow   - GameScene -> FXGLDefaultMenu
04:38:00.383 [JavaFX Application Thread] DEBUG PrimaryStageWindow   - Pop state: FXGLDefaultMenu
04:38:00.384 [JavaFX Application Thread] DEBUG Input                - Clearing active input actions
04:38:00.384 [JavaFX Application Thread] DEBUG GameApplicationServi - Removing overlay from FXGLDefaultMenu and adding to GameScene
04:38:00.386 [JavaFX Application Thread] DEBUG PrimaryStageWindow   - GameScene <- FXGLDefaultMenu
04:38:42.968 [JavaFX Application Thread] DEBUG FXGLApplication      - Exiting FXGL
04:38:42.968 [JavaFX Application Thread] DEBUG LoopRunner           - Stopping loop
04:38:42.968 [JavaFX Application Thread] DEBUG SystemBundleService  - Saving FXGL system data
04:38:42.970 [JavaFX Application Thread] DEBUG FileSystemAccess     - Writing to: C:\Users\POO\intellij\Bakudun\system\fxgl.bundle
04:38:42.973 [JavaFX Application Thread] DEBUG Async                - Shutting down background threads
04:38:42.973 [JavaFX Application Thread] DEBUG PrimaryStageWindow   - Closing main window
04:38:42.986 [JavaFX Application Thread] DEBUG Logger               - Closing Logger
