03:59:29.871 [main                     ] DEBUG Logger               - Configured Logger
03:59:29.894 [main                     ] DEBUG GameApplication      - Logging settings
Title: BomberMan
Version: 0.1
Width: 640
Height: 480
Fullscreen: false
Intro: false
Profiling: false
Single step:false
App Mode: DEVELOPER
Menu Key: ESCAPE
Stage Style: DECORATED
Scene Factory: class com.almasb.fxgl.app.scene.SceneFactory

03:59:30.468 [JavaFX Application Thread] DEBUG FXGLApplication      - Initializing FXGL
03:59:30.471 [JavaFX Application Thread] INFO  Engine               - FXGL-21.1 (27.03.2024 07.52) on WINDOWS (J:21.0.2 FX:21.0.1)
03:59:30.471 [JavaFX Application Thread] DEBUG Engine               - JRE Vendor Name: Eclipse Adoptium
03:59:30.471 [JavaFX Application Thread] DEBUG Engine               - Running on OS: Windows 11 version 10.0
03:59:30.471 [JavaFX Application Thread] DEBUG Engine               - Architecture: amd64
03:59:30.471 [JavaFX Application Thread] INFO  Engine               - Source code and latest versions at: https://github.com/AlmasB/FXGL
03:59:30.472 [JavaFX Application Thread] INFO  Engine               -       Ask questions and discuss at: https://github.com/AlmasB/FXGL/discussions
03:59:30.472 [JavaFX Application Thread] INFO  Engine               -              Join the FXGL chat at: https://gitter.im/AlmasB/FXGL
03:59:30.545 [JavaFX Application Thread] DEBUG PrimaryStageWindow   - Creating a JavaFX scene
03:59:30.585 [JavaFX Application Thread] DEBUG PrimaryStageWindow   - Target settings size: 640.0 x 480.0
03:59:30.585 [JavaFX Application Thread] DEBUG PrimaryStageWindow   - Scaled scene size:    640.0 x 480.0
03:59:30.586 [JavaFX Application Thread] DEBUG PrimaryStageWindow   - Scaled ratio: (1.0, 1.0)
03:59:30.586 [JavaFX Application Thread] DEBUG PrimaryStageWindow   - Set initial scene to FXGLStartupScene
03:59:30.589 [JavaFX Application Thread] DEBUG PrimaryStageWindow   - Opening main window
03:59:30.693 [JavaFX Application Thread] DEBUG PrimaryStageWindow   - Window border size: (14.4000244140625, 37.5999755859375)
03:59:30.694 [JavaFX Application Thread] DEBUG PrimaryStageWindow   - Scaled size: 640.0 x 480.0
03:59:30.694 [JavaFX Application Thread] DEBUG PrimaryStageWindow   - Scaled ratio: (1.0, 1.0)
03:59:30.694 [JavaFX Application Thread] DEBUG PrimaryStageWindow   - Scene size: 640.0 x 480.0
03:59:30.695 [JavaFX Application Thread] DEBUG PrimaryStageWindow   - Stage size: 654.4000244140625 x 517.5999755859375
03:59:30.701 [FXGL Background Thread 1 ] DEBUG Engine               - Initializing environment variables
03:59:30.758 [FXGL Background Thread 1 ] DEBUG FXGLAssetLoaderServi - User app class for loading assets: class me.pooh.bakudun.App
03:59:30.758 [FXGL Background Thread 1 ] DEBUG GameApplicationServi - Applying CSS: fxgl_dark.css
03:59:30.759 [FXGL Background Thread 1 ] DEBUG FXGLAssetLoaderServi - Loading from file system: jar:file:///C:/Users/POO/.m2/repository/com/github/almasb/fxgl/21.1/fxgl-21.1.jar!/fxglassets/ui/css/fxgl_dark.css
03:59:30.803 [FXGL Background Thread 1 ] DEBUG GameApplicationServi - Initializing application scenes
03:59:30.837 [FXGL Background Thread 1 ] DEBUG GameWorld            - Game world initialized
03:59:30.890 [FXGL Background Thread 1 ] DEBUG PhysicsWorld         - Physics world initialized: appHeight=480, physics.ppm=50.0
03:59:30.890 [FXGL Background Thread 1 ] DEBUG PhysicsWorld         - Using strategy: BRUTE_FORCE
03:59:30.894 [FXGL Background Thread 1 ] DEBUG GameScene            - Game scene initialized: 640x480
03:59:30.904 [FXGL Background Thread 1 ] WARN  FXGL.DefaultMenu     - FXGLDefaultMenu is not designed for resolutions < 800x600
03:59:30.904 [FXGL Background Thread 1 ] DEBUG FXGL.DefaultMenu     - createMenuBodyGameMenu()
03:59:30.914 [FXGL Background Thread 1 ] DEBUG FXGL.DefaultMenu     - createOptionsMenu()
03:59:30.921 [FXGL Background Thread 1 ] DEBUG FXGLAssetLoaderServi - Loading from file system: jar:file:///C:/Users/POO/.m2/repository/com/github/almasb/fxgl/21.1/fxgl-21.1.jar!/fxglassets/textures/particles/smoke.png
03:59:30.992 [FXGL Background Thread 1 ] DEBUG FXGLAssetLoaderServi - Loading from file system: jar:file:///C:/Users/POO/.m2/repository/com/github/almasb/fxgl/21.1/fxgl-21.1.jar!/fxglassets/textures/particles/trace_horizontal.png
03:59:31.014 [FXGL Background Thread 1 ] DEBUG GameApplicationServi - Application scenes initialized
03:59:31.027 [FXGL Background Thread 1 ] DEBUG SystemBundleService  - Loading FXGL system data
03:59:31.031 [FXGL Background Thread 1 ] DEBUG FileSystemAccess     - Reading from: C:\Users\POO\intellij\Bakudun\system\fxgl.bundle
03:59:31.040 [FXGL Background Thread 1 ] DEBUG SystemBundleService  - Bundle FXGL: {}
03:59:31.040 [FXGL Background Thread 1 ] DEBUG UpdaterService       - Checking for updates
03:59:31.065 [FXGL Background Thread 4 ] DEBUG FXGLApplication      - Loading fonts
03:59:31.066 [FXGL Background Thread 4 ] DEBUG FXGLAssetLoaderServi - Loading from file system: jar:file:///C:/Users/POO/.m2/repository/com/github/almasb/fxgl/21.1/fxgl-21.1.jar!/fxglassets/ui/fonts/VarelaRound-Regular.ttf
03:59:31.066 [FXGL Background Thread 1 ] DEBUG FXGLApplication      - Loading default localization
03:59:31.066 [FXGL Background Thread 1 ] DEBUG FXGLAssetLoaderServi - Loading from file system: jar:file:///C:/Users/POO/.m2/repository/com/github/almasb/fxgl/21.1/fxgl-21.1.jar!/fxglassets/languages/english.lang
03:59:31.091 [FXGL Background Thread 1 ] INFO  FXGLApplication      - FXGL initialization took: 0.390 sec
03:59:31.103 [JavaFX Application Thread] DEBUG Input                - Registered new binding: Right - D
03:59:31.104 [JavaFX Application Thread] DEBUG Input                - Registered new binding: Left - A
03:59:31.104 [JavaFX Application Thread] DEBUG Input                - Registered new binding: Up - W
03:59:31.104 [JavaFX Application Thread] DEBUG Input                - Registered new binding: Down - S
03:59:31.104 [FXGL Background Thread 4 ] DEBUG FXGLAssetLoaderServi - Loading from file system: jar:file:///C:/Users/POO/.m2/repository/com/github/almasb/fxgl/21.1/fxgl-21.1.jar!/fxglassets/ui/fonts/Abel-Regular.ttf
03:59:31.104 [JavaFX Application Thread] DEBUG FXGLAssetLoaderServi - Loading from file system: jar:file:///C:/Users/POO/.m2/repository/com/github/almasb/fxgl/21.1/fxgl-21.1.jar!/fxglassets/textures/fxgl_icon.png
03:59:31.108 [FXGL Background Thread 4 ] DEBUG FXGLAssetLoaderServi - Loading from file system: jar:file:///C:/Users/POO/.m2/repository/com/github/almasb/fxgl/21.1/fxgl-21.1.jar!/fxglassets/ui/fonts/TerminalLandMono-Regular.otf
03:59:31.114 [FXGL Background Thread 4 ] DEBUG FXGLAssetLoaderServi - Loading from file system: jar:file:///C:/Users/POO/.m2/repository/com/github/almasb/fxgl/21.1/fxgl-21.1.jar!/fxglassets/ui/fonts/Courier-Prime.ttf
03:59:31.122 [JavaFX Application Thread] DEBUG FXGLAssetLoaderServi - Loading from file system: jar:file:///C:/Users/POO/.m2/repository/com/github/almasb/fxgl/21.1/fxgl-21.1.jar!/fxglassets/textures/fxgl_default_cursor.png
03:59:31.125 [JavaFX Application Thread] DEBUG Input                - Registered new binding: Screenshot - CTRL+8
03:59:31.126 [JavaFX Application Thread] DEBUG Input                - Registered new binding: Dev Options - 1
03:59:31.126 [JavaFX Application Thread] DEBUG Input                - Registered new binding: Dev Console - 2
03:59:31.127 [JavaFX Application Thread] DEBUG Input                - Registered new binding: System info dump - CTRL+9
03:59:31.127 [JavaFX Application Thread] DEBUG Input                - Registered new binding: Restart - CTRL+R
03:59:31.128 [JavaFX Application Thread] DEBUG Input                - Registered new binding: Toggle Debug Camera - CTRL+7
03:59:31.134 [JavaFX Application Thread] DEBUG LoopRunner           - Starting loop
03:59:31.158 [JavaFX Application Thread] DEBUG LoopRunner           - Initializing JavaFX AnimationTimerLoop
03:59:31.160 [JavaFX Application Thread] DEBUG GameApplicationServi - Starting new game
03:59:31.161 [JavaFX Application Thread] DEBUG Input                - Clearing active input actions
03:59:31.173 [JavaFX Application Thread] DEBUG GameApplicationServi - Removing overlay from FXGLStartupScene and adding to FXGLLoadingScene
03:59:31.177 [JavaFX Application Thread] DEBUG PrimaryStageWindow   - FXGLStartupScene -> FXGLLoadingScene
03:59:31.177 [JavaFX Application Thread] DEBUG GameApplicationServi - Clearing previous game
03:59:31.177 [JavaFX Application Thread] DEBUG GameScene            - Clearing game scene
03:59:31.177 [JavaFX Application Thread] DEBUG GameWorld            - Clearing game world
03:59:31.177 [JavaFX Application Thread] DEBUG PhysicsWorld         - Clearing physics world
03:59:31.177 [FXGL Background Thread 4 ] DEBUG FXGLApplication      - Initializing game
03:59:31.177 [JavaFX Application Thread] DEBUG FXGLApplication      - Registering font factories with UI factory
03:59:31.234 [FXGL Background Thread 4 ] WARN  TMXLevelLoader       - TiledMap generated from 1.11.2. Supported version: 1.9.0. Some features may not be parsed fully.
03:59:31.250 [FXGL Background Thread 4 ] DEBUG TMXLevelLoader       - Parsed TiledMap: file:/C:/Users/POO/intellij/Bakudun/target/classes/assets/levels/Map0-0.tmx
03:59:31.252 [FXGL Background Thread 4 ] DEBUG TMXLevelLoader       - Creating tile layer entities
03:59:31.255 [FXGL Background Thread 4 ] DEBUG TilesetLoader        - Loading view for layer เลเยอร์ไทล์ 1
03:59:31.256 [FXGL Background Thread 4 ] DEBUG TilesetLoader        - Created buffer with size 640.0x480.0
03:59:31.264 [FXGL Background Thread 4 ] WARN  TilesetLoader        - Diagonally flipped tiles are not currently supported
03:59:31.274 [FXGL Background Thread 4 ] WARN  TilesetLoader        - Diagonally flipped tiles are not currently supported
03:59:31.282 [FXGL Background Thread 4 ] DEBUG TilesetLoader        - Loading view for layer เลเยอร์ไทล์ 2
03:59:31.283 [FXGL Background Thread 4 ] DEBUG TilesetLoader        - Created buffer with size 640.0x480.0
03:59:31.284 [FXGL Background Thread 4 ] DEBUG TilesetLoader        - Loading view for layer เลเยอร์ไทล์ 3
03:59:31.284 [FXGL Background Thread 4 ] DEBUG TilesetLoader        - Created buffer with size 640.0x480.0
03:59:31.285 [FXGL Background Thread 4 ] DEBUG TilesetLoader        - Loading view for layer เลเยอร์ไทล์ 4
03:59:31.286 [FXGL Background Thread 4 ] DEBUG TilesetLoader        - Created buffer with size 640.0x480.0
03:59:31.286 [FXGL Background Thread 4 ] DEBUG TMXLevelLoader       - Creating object layer entities
03:59:31.289 [FXGL Background Thread 4 ] WARN  TMXLevelLoader       - Parse error
java.lang.IllegalArgumentException: No EntityFactory has a method annotated @Spawns()
	at com.almasb.fxgl.entity@21.1/com.almasb.fxgl.entity.GameWorld.create(GameWorld.kt:413)
	at com.almasb.fxgl.entity@21.1/com.almasb.fxgl.entity.level.tiled.TMXLevelLoader.createObjectLayerEntities(TMXLevelLoader.kt:154)
	at com.almasb.fxgl.entity@21.1/com.almasb.fxgl.entity.level.tiled.TMXLevelLoader.load(TMXLevelLoader.kt:60)
	at com.almasb.fxgl.all@21.1/com.almasb.fxgl.app.services.FXGLAssetLoaderService.loadLevel(FXGLAssetLoaderService.kt:449)
	at com.almasb.fxgl.all@21.1/com.almasb.fxgl.dsl.FXGL$Companion.setLevelFromMap(FXGL.kt:643)
	at com.almasb.fxgl.all@21.1/com.almasb.fxgl.dsl.FXGL.setLevelFromMap(FXGL.kt)
	at me.pooh.bakudun/me.pooh.bakudun.App.initGame(App.java:67)
	at com.almasb.fxgl.all@21.1/com.almasb.fxgl.app.FXGLApplication$InitAppTask.initGame(FXGLApplication.kt:343)
	at com.almasb.fxgl.all@21.1/com.almasb.fxgl.app.FXGLApplication$InitAppTask.call(FXGLApplication.kt:321)
	at com.almasb.fxgl.all@21.1/com.almasb.fxgl.app.FXGLApplication$InitAppTask.call(FXGLApplication.kt:313)
	at javafx.graphics@21.0.1/javafx.concurrent.Task$TaskCallable.call(Task.java:1399)
	at java.base/java.util.concurrent.FutureTask.run(FutureTask.java:317)
	at java.base/java.util.concurrent.Executors$RunnableAdapter.call(Executors.java:572)
	at java.base/java.util.concurrent.FutureTask.run(FutureTask.java:317)
	at java.base/java.util.concurrent.ThreadPoolExecutor.runWorker(ThreadPoolExecutor.java:1144)
	at java.base/java.util.concurrent.ThreadPoolExecutor$Worker.run(ThreadPoolExecutor.java:642)
	at java.base/java.lang.Thread.run(Thread.java:1583)

03:59:31.395 [JavaFX Application Thread] DEBUG LoopRunner           - Stopping loop
03:59:31.396 [JavaFX Application Thread] FATAL FXGLApplication      - Uncaught Exception:
java.lang.RuntimeException: Initialization failed
	at com.almasb.fxgl.all@21.1/com.almasb.fxgl.app.FXGLApplication$InitAppTask.failed(FXGLApplication.kt:347)
	at javafx.graphics@21.0.1/javafx.concurrent.Task.setState(Task.java:710)
	at javafx.graphics@21.0.1/javafx.concurrent.Task$TaskCallable.lambda$call$2(Task.java:1429)
	at javafx.graphics@21.0.1/com.sun.javafx.application.PlatformImpl.lambda$runLater$10(PlatformImpl.java:456)
	at java.base/java.security.AccessController.doPrivileged(AccessController.java:400)
	at javafx.graphics@21.0.1/com.sun.javafx.application.PlatformImpl.lambda$runLater$11(PlatformImpl.java:455)
	at javafx.graphics@21.0.1/com.sun.glass.ui.InvokeLaterDispatcher$Future.run(InvokeLaterDispatcher.java:95)
	at javafx.graphics@21.0.1/com.sun.glass.ui.win.WinApplication._runLoop(Native Method)
	at javafx.graphics@21.0.1/com.sun.glass.ui.win.WinApplication.lambda$runLoop$3(WinApplication.java:185)
	at java.base/java.lang.Thread.run(Thread.java:1583)
Caused by: com.almasb.fxgl.entity.level.LevelLoadingException: No EntityFactory has a method annotated @Spawns()
	at com.almasb.fxgl.entity@21.1/com.almasb.fxgl.entity.level.tiled.TMXLevelLoader.load(TMXLevelLoader.kt:77)
	at com.almasb.fxgl.all@21.1/com.almasb.fxgl.app.services.FXGLAssetLoaderService.loadLevel(FXGLAssetLoaderService.kt:449)
	at com.almasb.fxgl.all@21.1/com.almasb.fxgl.dsl.FXGL$Companion.setLevelFromMap(FXGL.kt:643)
	at com.almasb.fxgl.all@21.1/com.almasb.fxgl.dsl.FXGL.setLevelFromMap(FXGL.kt)
	at me.pooh.bakudun/me.pooh.bakudun.App.initGame(App.java:67)
	at com.almasb.fxgl.all@21.1/com.almasb.fxgl.app.FXGLApplication$InitAppTask.initGame(FXGLApplication.kt:343)
	at com.almasb.fxgl.all@21.1/com.almasb.fxgl.app.FXGLApplication$InitAppTask.call(FXGLApplication.kt:321)
	at com.almasb.fxgl.all@21.1/com.almasb.fxgl.app.FXGLApplication$InitAppTask.call(FXGLApplication.kt:313)
	at javafx.graphics@21.0.1/javafx.concurrent.Task$TaskCallable.call(Task.java:1399)
	at java.base/java.util.concurrent.FutureTask.run(FutureTask.java:317)
	at java.base/java.util.concurrent.Executors$RunnableAdapter.call(Executors.java:572)
	at java.base/java.util.concurrent.FutureTask.run(FutureTask.java:317)
	at java.base/java.util.concurrent.ThreadPoolExecutor.runWorker(ThreadPoolExecutor.java:1144)
	at java.base/java.util.concurrent.ThreadPoolExecutor$Worker.run(ThreadPoolExecutor.java:642)
	... 1 more
Caused by: java.lang.IllegalArgumentException: No EntityFactory has a method annotated @Spawns()
	at com.almasb.fxgl.entity@21.1/com.almasb.fxgl.entity.GameWorld.create(GameWorld.kt:413)
	at com.almasb.fxgl.entity@21.1/com.almasb.fxgl.entity.level.tiled.TMXLevelLoader.createObjectLayerEntities(TMXLevelLoader.kt:154)
	at com.almasb.fxgl.entity@21.1/com.almasb.fxgl.entity.level.tiled.TMXLevelLoader.load(TMXLevelLoader.kt:60)
	... 14 more

03:59:31.396 [JavaFX Application Thread] FATAL FXGLApplication      - Application will now exit
03:59:31.402 [JavaFX Application Thread] DEBUG PrimaryStageWindow   - Push state: ErrorSubScene
03:59:31.403 [JavaFX Application Thread] DEBUG Input                - Clearing active input actions
03:59:31.404 [JavaFX Application Thread] DEBUG GameApplicationServi - Removing overlay from FXGLLoadingScene and adding to ErrorSubScene
03:59:31.406 [JavaFX Application Thread] DEBUG PrimaryStageWindow   - FXGLLoadingScene -> ErrorSubScene
03:59:34.065 [FXGL Background Thread 3 ] DEBUG Engine               - Logging environment variables
03:59:34.066 [FXGL Background Thread 3 ] DEBUG Engine               - achievements: []
03:59:34.066 [FXGL Background Thread 3 ] DEBUG Engine               - actualHeight: 480.0
03:59:34.066 [FXGL Background Thread 3 ] DEBUG Engine               - actualHeightProperty: ReadOnlyDoubleProperty [value: 480.0]
03:59:34.066 [FXGL Background Thread 3 ] DEBUG Engine               - actualWidth: 640.0
03:59:34.066 [FXGL Background Thread 3 ] DEBUG Engine               - actualWidthProperty: ReadOnlyDoubleProperty [value: 640.0]
03:59:34.066 [FXGL Background Thread 3 ] DEBUG Engine               - appIcon: fxgl_icon.png
03:59:34.066 [FXGL Background Thread 3 ] DEBUG Engine               - applicationMode: DEVELOPER
03:59:34.066 [FXGL Background Thread 3 ] DEBUG Engine               - cSSList: [fxgl_dark.css]
03:59:34.066 [FXGL Background Thread 3 ] DEBUG Engine               - collisionDetectionStrategy: BRUTE_FORCE
03:59:34.066 [FXGL Background Thread 3 ] DEBUG Engine               - configClass: Optional.empty
03:59:34.066 [FXGL Background Thread 3 ] DEBUG Engine               - credits: []
03:59:34.067 [FXGL Background Thread 3 ] DEBUG Engine               - defaultCursor: CursorInfo(imageName=fxgl_default_cursor.png, hotspotX=7.0, hotspotY=6.0)
03:59:34.067 [FXGL Background Thread 3 ] DEBUG Engine               - devBBoxColorProperty: ObjectProperty [value: 0xff0000ff]
03:59:34.067 [FXGL Background Thread 3 ] DEBUG Engine               - devEnableDebugCameraProperty: BooleanProperty [value: false]
03:59:34.067 [FXGL Background Thread 3 ] DEBUG Engine               - devSensorColorProperty: ObjectProperty [value: 0xffff00ff]
03:59:34.067 [FXGL Background Thread 3 ] DEBUG Engine               - devShowBBoxProperty: BooleanProperty [value: false]
03:59:34.067 [FXGL Background Thread 3 ] DEBUG Engine               - devShowPositionProperty: BooleanProperty [value: false]
03:59:34.068 [FXGL Background Thread 3 ] DEBUG Engine               - enabledMenuItems: []
03:59:34.068 [FXGL Background Thread 3 ] DEBUG Engine               - engineServices: [class com.almasb.fxgl.app.services.FXGLAssetLoaderService, class com.almasb.fxgl.app.FXGLApplication$GameApplicationService, class com.almasb.fxgl.app.services.FXGLDialogService, class com.almasb.fxgl.app.services.IOTaskExecutorService, class com.almasb.fxgl.io.FileSystemService, class com.almasb.fxgl.localization.LocalizationService, class com.almasb.fxgl.app.services.SystemBundleService, class com.almasb.fxgl.profile.SaveLoadService, class com.almasb.fxgl.ui.FXGLUIFactoryServiceProvider, class com.almasb.fxgl.ui.FXGLDialogFactoryServiceProvider, class com.almasb.fxgl.audio.AudioPlayer, class com.almasb.fxgl.notification.impl.NotificationServiceProvider, class com.almasb.fxgl.achievement.AchievementService, class com.almasb.fxgl.cutscene.CutsceneService, class com.almasb.fxgl.minigames.MiniGameService, class com.almasb.fxgl.net.NetService, class com.almasb.fxgl.app.services.UpdaterService, class com.almasb.fxgl.dev.DevService]
03:59:34.068 [FXGL Background Thread 3 ] DEBUG Engine               - fontGame: Abel-Regular.ttf
03:59:34.068 [FXGL Background Thread 3 ] DEBUG Engine               - fontMono: TerminalLandMono-Regular.otf
03:59:34.068 [FXGL Background Thread 3 ] DEBUG Engine               - fontSizeScaleUI: 1.0
03:59:34.068 [FXGL Background Thread 3 ] DEBUG Engine               - fontText: Courier-Prime.ttf
03:59:34.068 [FXGL Background Thread 3 ] DEBUG Engine               - fontUI: VarelaRound-Regular.ttf
03:59:34.068 [FXGL Background Thread 3 ] DEBUG Engine               - fullScreen: BooleanProperty [value: false]
03:59:34.068 [FXGL Background Thread 3 ] DEBUG Engine               - gameDifficulty: MEDIUM
03:59:34.068 [FXGL Background Thread 3 ] DEBUG Engine               - gameDifficultyProperty: ObjectProperty [value: MEDIUM]
03:59:34.068 [FXGL Background Thread 3 ] DEBUG Engine               - globalMusicVolume: 0.5
03:59:34.068 [FXGL Background Thread 3 ] DEBUG Engine               - globalMusicVolumeProperty: DoubleProperty [value: 0.5]
03:59:34.068 [FXGL Background Thread 3 ] DEBUG Engine               - globalSoundVolume: 0.5
03:59:34.068 [FXGL Background Thread 3 ] DEBUG Engine               - globalSoundVolumeProperty: DoubleProperty [value: 0.5]
03:59:34.068 [FXGL Background Thread 3 ] DEBUG Engine               - height: 480
03:59:34.068 [FXGL Background Thread 3 ] DEBUG Engine               - is3D: false
03:59:34.068 [FXGL Background Thread 3 ] DEBUG Engine               - isAndroid: false
03:59:34.068 [FXGL Background Thread 3 ] DEBUG Engine               - isBrowser: false
03:59:34.068 [FXGL Background Thread 3 ] DEBUG Engine               - isClickFeedbackEnabled: false
03:59:34.069 [FXGL Background Thread 3 ] DEBUG Engine               - isCloseConfirmation: false
03:59:34.069 [FXGL Background Thread 3 ] DEBUG Engine               - isDesktop: true
03:59:34.069 [FXGL Background Thread 3 ] DEBUG Engine               - isDeveloperMenuEnabled: true
03:59:34.069 [FXGL Background Thread 3 ] DEBUG Engine               - isEmbedded: false
03:59:34.069 [FXGL Background Thread 3 ] DEBUG Engine               - isEntityPreloadEnabled: true
03:59:34.069 [FXGL Background Thread 3 ] DEBUG Engine               - isExperimentalTiledLargeMap: false
03:59:34.069 [FXGL Background Thread 3 ] DEBUG Engine               - isFileSystemWriteAllowed: true
03:59:34.069 [FXGL Background Thread 3 ] DEBUG Engine               - isFullScreenAllowed: false
03:59:34.069 [FXGL Background Thread 3 ] DEBUG Engine               - isFullScreenFromStart: false
03:59:34.069 [FXGL Background Thread 3 ] DEBUG Engine               - isGameMenuEnabled: true
03:59:34.069 [FXGL Background Thread 3 ] DEBUG Engine               - isIOS: false
03:59:34.069 [FXGL Background Thread 3 ] DEBUG Engine               - isIntroEnabled: false
03:59:34.069 [FXGL Background Thread 3 ] DEBUG Engine               - isLinux: false
03:59:34.069 [FXGL Background Thread 3 ] DEBUG Engine               - isMac: false
03:59:34.069 [FXGL Background Thread 3 ] DEBUG Engine               - isMainMenuEnabled: false
03:59:34.069 [FXGL Background Thread 3 ] DEBUG Engine               - isManualResizeEnabled: false
03:59:34.069 [FXGL Background Thread 3 ] DEBUG Engine               - isMobile: false
03:59:34.069 [FXGL Background Thread 3 ] DEBUG Engine               - isNative: false
03:59:34.069 [FXGL Background Thread 3 ] DEBUG Engine               - isPauseMusicWhenMinimized: true
03:59:34.069 [FXGL Background Thread 3 ] DEBUG Engine               - isPreserveResizeRatio: false
03:59:34.069 [FXGL Background Thread 3 ] DEBUG Engine               - isProfilingEnabled: false
03:59:34.069 [FXGL Background Thread 3 ] DEBUG Engine               - isScaleAffectedOnResize: true
03:59:34.070 [FXGL Background Thread 3 ] DEBUG Engine               - isSingleStep: false
03:59:34.070 [FXGL Background Thread 3 ] DEBUG Engine               - isUserProfileEnabled: false
03:59:34.070 [FXGL Background Thread 3 ] DEBUG Engine               - isWindows: true
03:59:34.070 [FXGL Background Thread 3 ] DEBUG Engine               - language: ObjectProperty [value: ENGLISH]
03:59:34.070 [FXGL Background Thread 3 ] DEBUG Engine               - menuKey: ESCAPE
03:59:34.070 [FXGL Background Thread 3 ] DEBUG Engine               - mouseSensitivity: 0.2
03:59:34.070 [FXGL Background Thread 3 ] DEBUG Engine               - notificationViewClass: class com.almasb.fxgl.notification.view.XboxNotificationView
03:59:34.070 [FXGL Background Thread 3 ] DEBUG Engine               - pixelsPerMeter: 50.0
03:59:34.070 [FXGL Background Thread 3 ] DEBUG Engine               - platform: WINDOWS
03:59:34.070 [FXGL Background Thread 3 ] DEBUG Engine               - prefHeightProperty: ReadOnlyDoubleProperty [value: 480.0]
03:59:34.070 [FXGL Background Thread 3 ] DEBUG Engine               - prefWidthProperty: ReadOnlyDoubleProperty [value: 640.0]
03:59:34.070 [FXGL Background Thread 3 ] DEBUG Engine               - profileDir: profiles/
03:59:34.070 [FXGL Background Thread 3 ] DEBUG Engine               - profileName: StringProperty [value: DEFAULT]
03:59:34.070 [FXGL Background Thread 3 ] DEBUG Engine               - randomSeed: -1
03:59:34.070 [FXGL Background Thread 3 ] DEBUG Engine               - runtimeInfo: RuntimeInfo(platform=WINDOWS, version=21.1, build=27.03.2024 07.52)
03:59:34.071 [FXGL Background Thread 3 ] DEBUG Engine               - saveFileExt: sav
03:59:34.071 [FXGL Background Thread 3 ] DEBUG Engine               - scaledHeightProp$fxgl: DoubleProperty [bound, value: 480.0]
03:59:34.071 [FXGL Background Thread 3 ] DEBUG Engine               - scaledWidthProp$fxgl: DoubleProperty [bound, value: 640.0]
03:59:34.071 [FXGL Background Thread 3 ] DEBUG Engine               - sceneFactory: com.almasb.fxgl.app.scene.SceneFactory@18e4e073
03:59:34.071 [FXGL Background Thread 3 ] DEBUG Engine               - secondsIn24h: 60
03:59:34.071 [FXGL Background Thread 3 ] DEBUG Engine               - soundMenuBack: menu/back.wav
03:59:34.071 [FXGL Background Thread 3 ] DEBUG Engine               - soundMenuPress: menu/press.wav
03:59:34.071 [FXGL Background Thread 3 ] DEBUG Engine               - soundMenuSelect: menu/select.wav
03:59:34.071 [FXGL Background Thread 3 ] DEBUG Engine               - soundNotification: core/notification.wav
03:59:34.071 [FXGL Background Thread 3 ] DEBUG Engine               - stageStyle: DECORATED
03:59:34.071 [FXGL Background Thread 3 ] DEBUG Engine               - supportedLanguages: [ENGLISH, FRENCH, GERMAN, HUNGARIAN, RUSSIAN]
03:59:34.071 [FXGL Background Thread 3 ] DEBUG Engine               - ticksPerSecond: -1
03:59:34.071 [FXGL Background Thread 3 ] DEBUG Engine               - title: BomberMan
03:59:34.071 [FXGL Background Thread 3 ] DEBUG Engine               - urlGithub: https://github.com/AlmasB/FXGL
03:59:34.072 [FXGL Background Thread 3 ] DEBUG Engine               - urlLeaderboard: http://fxgl-top.herokuapp.com/
03:59:34.072 [FXGL Background Thread 3 ] DEBUG Engine               - urlPOM: https://raw.githubusercontent.com/AlmasB/FXGL/release/README.md
03:59:34.072 [FXGL Background Thread 3 ] DEBUG Engine               - userAppClass: class me.pooh.bakudun.App
03:59:34.072 [FXGL Background Thread 3 ] DEBUG Engine               - version: 0.1
03:59:34.072 [FXGL Background Thread 3 ] DEBUG Engine               - versionCheckDays: 7
03:59:34.072 [FXGL Background Thread 3 ] DEBUG Engine               - width: 640
03:59:34.072 [FXGL Background Thread 3 ] DEBUG Engine               - Logging services
03:59:34.072 [FXGL Background Thread 3 ] DEBUG Engine               - class com.almasb.fxgl.app.services.FXGLAssetLoaderService
03:59:34.072 [FXGL Background Thread 3 ] DEBUG Engine               - class com.almasb.fxgl.app.FXGLApplication$GameApplicationService
03:59:34.072 [FXGL Background Thread 3 ] DEBUG Engine               - class com.almasb.fxgl.app.services.FXGLDialogService
03:59:34.072 [FXGL Background Thread 3 ] DEBUG Engine               - class com.almasb.fxgl.app.services.IOTaskExecutorService
03:59:34.072 [FXGL Background Thread 3 ] DEBUG Engine               - class com.almasb.fxgl.io.FileSystemService
03:59:34.072 [FXGL Background Thread 3 ] DEBUG Engine               - class com.almasb.fxgl.localization.LocalizationService
03:59:34.072 [FXGL Background Thread 3 ] DEBUG Engine               - class com.almasb.fxgl.app.services.SystemBundleService
03:59:34.072 [FXGL Background Thread 3 ] DEBUG Engine               - class com.almasb.fxgl.profile.SaveLoadService
03:59:34.072 [FXGL Background Thread 3 ] DEBUG Engine               - class com.almasb.fxgl.ui.FXGLUIFactoryServiceProvider
03:59:34.072 [FXGL Background Thread 3 ] DEBUG Engine               - class com.almasb.fxgl.ui.FXGLDialogFactoryServiceProvider
03:59:34.072 [FXGL Background Thread 3 ] DEBUG Engine               - class com.almasb.fxgl.audio.AudioPlayer
03:59:34.072 [FXGL Background Thread 3 ] DEBUG Engine               - class com.almasb.fxgl.notification.impl.NotificationServiceProvider
03:59:34.073 [FXGL Background Thread 3 ] DEBUG Engine               - class com.almasb.fxgl.achievement.AchievementService
03:59:34.073 [FXGL Background Thread 3 ] DEBUG Engine               - class com.almasb.fxgl.cutscene.CutsceneService
03:59:34.073 [FXGL Background Thread 3 ] DEBUG Engine               - class com.almasb.fxgl.minigames.MiniGameService
03:59:34.073 [FXGL Background Thread 3 ] DEBUG Engine               - class com.almasb.fxgl.net.NetService
03:59:34.073 [FXGL Background Thread 3 ] DEBUG Engine               - class com.almasb.fxgl.app.services.UpdaterService
03:59:34.073 [FXGL Background Thread 3 ] DEBUG Engine               - class com.almasb.fxgl.dev.DevService
03:59:34.625 [JavaFX Application Thread] DEBUG FXGLApplication      - Exiting FXGL
03:59:34.626 [JavaFX Application Thread] DEBUG Async                - Shutting down background threads
03:59:34.626 [JavaFX Application Thread] DEBUG PrimaryStageWindow   - Closing main window
03:59:34.650 [JavaFX Application Thread] DEBUG Logger               - Closing Logger
