21:50:58.029 [main                     ] DEBUG Logger               - Configured Logger
21:50:58.049 [main                     ] DEBUG GameApplication      - Logging settings
Title: BomberMan
Version: 0.1
Width: 1250
Height: 600
Fullscreen: false
Intro: false
Profiling: false
Single step:false
App Mode: DEVELOPER
Menu Key: ESCAPE
Stage Style: DECORATED
Scene Factory: class com.almasb.fxgl.app.scene.SceneFactory

21:50:58.784 [JavaFX Application Thread] DEBUG FXGLApplication      - Initializing FXGL
21:50:58.788 [JavaFX Application Thread] INFO  Engine               - FXGL-17.3 (30.03.2023 11.49) on WINDOWS (J:21.0.2 FX:21)
21:50:58.788 [JavaFX Application Thread] DEBUG Engine               - JRE Vendor Name: Eclipse Adoptium
21:50:58.788 [JavaFX Application Thread] DEBUG Engine               - Running on OS: Windows 11 version 10.0
21:50:58.788 [JavaFX Application Thread] DEBUG Engine               - Architecture: amd64
21:50:58.788 [JavaFX Application Thread] INFO  Engine               - Source code and latest versions at: https://github.com/AlmasB/FXGL
21:50:58.788 [JavaFX Application Thread] INFO  Engine               -       Ask questions and discuss at: https://github.com/AlmasB/FXGL/discussions
21:50:58.788 [JavaFX Application Thread] INFO  Engine               -              Join the FXGL chat at: https://gitter.im/AlmasB/FXGL
21:50:58.892 [JavaFX Application Thread] DEBUG PrimaryStageWindow   - Creating a JavaFX scene
21:50:58.950 [JavaFX Application Thread] DEBUG PrimaryStageWindow   - Target settings size: 1250.0 x 600.0
21:50:58.950 [JavaFX Application Thread] DEBUG PrimaryStageWindow   - Scaled scene size:    1250.0 x 600.0
21:50:58.950 [JavaFX Application Thread] DEBUG PrimaryStageWindow   - Scaled ratio: (1.0, 1.0)
21:50:58.951 [JavaFX Application Thread] DEBUG PrimaryStageWindow   - Set initial scene to FXGLStartupScene
21:50:58.955 [JavaFX Application Thread] DEBUG PrimaryStageWindow   - Opening main window
21:50:59.054 [JavaFX Application Thread] DEBUG PrimaryStageWindow   - Window border size: (14.800048828125, 37.5999755859375)
21:50:59.055 [JavaFX Application Thread] DEBUG PrimaryStageWindow   - Scaled size: 1250.0 x 600.0
21:50:59.055 [JavaFX Application Thread] DEBUG PrimaryStageWindow   - Scaled ratio: (1.0, 1.0)
21:50:59.055 [JavaFX Application Thread] DEBUG PrimaryStageWindow   - Scene size: 1250.0 x 600.0
21:50:59.056 [JavaFX Application Thread] DEBUG PrimaryStageWindow   - Stage size: 1264.800048828125 x 637.5999755859375
21:50:59.065 [FXGL Background Thread 1 ] DEBUG Engine               - Initializing environment variables
21:50:59.114 [FXGL Background Thread 1 ] DEBUG FXGLAssetLoaderServi - User app class for loading assets: class me.pooh.bakudun.App
21:50:59.114 [FXGL Background Thread 1 ] DEBUG GameApplicationServi - Applying CSS: fxgl_dark.css
21:50:59.119 [FXGL Background Thread 1 ] DEBUG FXGLAssetLoaderServi - Loading from file system: jar:file:///C:/Users/POO/.m2/repository/com/github/almasb/fxgl/17.3/fxgl-17.3.jar!/fxglassets/ui/css/fxgl_dark.css
21:50:59.156 [FXGL Background Thread 1 ] DEBUG GameApplicationServi - Initializing application scenes
21:50:59.198 [FXGL Background Thread 1 ] DEBUG GameWorld            - Game world initialized
21:50:59.261 [FXGL Background Thread 1 ] DEBUG PhysicsWorld         - Physics world initialized: appHeight=600, physics.ppm=50.0
21:50:59.262 [FXGL Background Thread 1 ] DEBUG PhysicsWorld         - Using strategy: BRUTE_FORCE
21:50:59.266 [FXGL Background Thread 1 ] DEBUG GameScene            - Game scene initialized: 1250x600
21:50:59.278 [FXGL Background Thread 1 ] DEBUG FXGL.DefaultMenu     - createMenuBodyGameMenu()
21:50:59.291 [FXGL Background Thread 1 ] DEBUG FXGL.DefaultMenu     - createOptionsMenu()
21:50:59.299 [FXGL Background Thread 1 ] DEBUG FXGLAssetLoaderServi - Loading from file system: jar:file:///C:/Users/POO/.m2/repository/com/github/almasb/fxgl/17.3/fxgl-17.3.jar!/fxglassets/textures/particles/smoke.png
21:50:59.410 [FXGL Background Thread 1 ] DEBUG FXGLAssetLoaderServi - Loading from file system: jar:file:///C:/Users/POO/.m2/repository/com/github/almasb/fxgl/17.3/fxgl-17.3.jar!/fxglassets/textures/particles/trace_horizontal.png
21:50:59.441 [FXGL Background Thread 1 ] DEBUG GameApplicationServi - Application scenes initialized
21:50:59.453 [FXGL Background Thread 1 ] DEBUG SystemBundleService  - Loading FXGL system data
21:50:59.457 [FXGL Background Thread 1 ] DEBUG FileSystemAccess     - Reading from: C:\Users\POO\intellij\Bakudun\system\fxgl.bundle
21:50:59.465 [FXGL Background Thread 1 ] DEBUG SystemBundleService  - Bundle FXGL: {}
21:50:59.465 [FXGL Background Thread 1 ] DEBUG UpdaterService       - Checking for updates
21:50:59.469 [FXGL Background Thread 4 ] DEBUG FXGLApplication      - Loading fonts
21:50:59.469 [FXGL Background Thread 4 ] DEBUG FXGLAssetLoaderServi - Loading from file system: jar:file:///C:/Users/POO/.m2/repository/com/github/almasb/fxgl/17.3/fxgl-17.3.jar!/fxglassets/ui/fonts/VarelaRound-Regular.ttf
21:50:59.469 [FXGL Background Thread 1 ] DEBUG FXGLApplication      - Loading default localization
21:50:59.470 [FXGL Background Thread 1 ] DEBUG FXGLAssetLoaderServi - Loading from file system: jar:file:///C:/Users/POO/.m2/repository/com/github/almasb/fxgl/17.3/fxgl-17.3.jar!/fxglassets/languages/english.lang
21:50:59.493 [FXGL Background Thread 1 ] INFO  FXGLApplication      - FXGL initialization took: 0.428 sec
21:50:59.500 [FXGL Background Thread 4 ] DEBUG FXGLAssetLoaderServi - Loading from file system: jar:file:///C:/Users/POO/.m2/repository/com/github/almasb/fxgl/17.3/fxgl-17.3.jar!/fxglassets/ui/fonts/Abel-Regular.ttf
21:50:59.503 [FXGL Background Thread 4 ] DEBUG FXGLAssetLoaderServi - Loading from file system: jar:file:///C:/Users/POO/.m2/repository/com/github/almasb/fxgl/17.3/fxgl-17.3.jar!/fxglassets/ui/fonts/TerminalLandMono-Regular.otf
21:50:59.505 [JavaFX Application Thread] DEBUG Input                - Registered new binding: action0 - A
21:50:59.505 [JavaFX Application Thread] DEBUG Input                - Registered new binding: action1 - D
21:50:59.506 [JavaFX Application Thread] DEBUG Input                - Registered new binding: action2 - W
21:50:59.506 [JavaFX Application Thread] DEBUG Input                - Registered new binding: action3 - S
21:50:59.506 [FXGL Background Thread 4 ] DEBUG FXGLAssetLoaderServi - Loading from file system: jar:file:///C:/Users/POO/.m2/repository/com/github/almasb/fxgl/17.3/fxgl-17.3.jar!/fxglassets/ui/fonts/Courier-Prime.ttf
21:50:59.507 [JavaFX Application Thread] DEBUG FXGLAssetLoaderServi - Loading from file system: jar:file:///C:/Users/POO/.m2/repository/com/github/almasb/fxgl/17.3/fxgl-17.3.jar!/fxglassets/textures/fxgl_icon.png
21:50:59.524 [JavaFX Application Thread] DEBUG FXGLAssetLoaderServi - Loading from file system: jar:file:///C:/Users/POO/.m2/repository/com/github/almasb/fxgl/17.3/fxgl-17.3.jar!/fxglassets/textures/fxgl_default_cursor.png
21:50:59.526 [JavaFX Application Thread] DEBUG Input                - Registered new binding: Screenshot - CTRL+8
21:50:59.527 [JavaFX Application Thread] DEBUG Input                - Registered new binding: System info dump - CTRL+9
21:50:59.527 [JavaFX Application Thread] DEBUG Input                - Registered new binding: Restart - CTRL+R
21:50:59.528 [JavaFX Application Thread] DEBUG Input                - Registered new binding: Toggle Debug Camera - CTRL+7
21:50:59.530 [JavaFX Application Thread] DEBUG LoopRunner           - Starting loop
21:50:59.530 [JavaFX Application Thread] DEBUG LoopRunner           - Initializing JavaFX AnimationTimerLoop
21:50:59.533 [JavaFX Application Thread] DEBUG GameApplicationServi - Starting new game
21:50:59.534 [JavaFX Application Thread] DEBUG Input                - Clearing active input actions
21:50:59.542 [JavaFX Application Thread] DEBUG GameApplicationServi - Removing overlay from FXGLStartupScene and adding to FXGLLoadingScene
21:50:59.543 [JavaFX Application Thread] DEBUG PrimaryStageWindow   - FXGLStartupScene -> FXGLLoadingScene
21:50:59.543 [JavaFX Application Thread] DEBUG GameApplicationServi - Clearing previous game
21:50:59.543 [JavaFX Application Thread] DEBUG GameScene            - Clearing game scene
21:50:59.543 [JavaFX Application Thread] DEBUG GameWorld            - Clearing game world
21:50:59.543 [JavaFX Application Thread] DEBUG PhysicsWorld         - Clearing physics world
21:50:59.544 [FXGL Background Thread 4 ] DEBUG FXGLApplication      - Initializing game
21:50:59.544 [JavaFX Application Thread] DEBUG FXGLApplication      - Registering font factories with UI factory
21:50:59.547 [FXGL Background Thread 4 ] WARN  FXGLAssetLoaderServi - Asset "/assets/textures/ship.png" was not found!
21:50:59.547 [FXGL Background Thread 4 ] WARN  FXGLAssetLoaderServi - Failed to load IMAGE
21:50:59.694 [FXGL Background Thread 4 ] WARN  FXGLAssetLoaderServi - Asset "/assets/textures/ship.png" was not found!
21:50:59.694 [FXGL Background Thread 4 ] WARN  FXGLAssetLoaderServi - Failed to load IMAGE
21:50:59.696 [FXGL Background Thread 4 ] INFO  FXGLApplication      - Game initialization took: 0.152 sec
21:50:59.697 [JavaFX Application Thread] DEBUG Input                - Clearing active input actions
21:50:59.709 [JavaFX Application Thread] DEBUG GameApplicationServi - Removing overlay from FXGLLoadingScene and adding to GameScene
21:50:59.709 [JavaFX Application Thread] DEBUG PrimaryStageWindow   - FXGLLoadingScene -> GameScene
21:51:00.683 [JavaFX Application Thread] DEBUG FXGLApplication      - Exiting FXGL
21:51:00.683 [JavaFX Application Thread] DEBUG LoopRunner           - Stopping loop
21:51:00.683 [JavaFX Application Thread] DEBUG SystemBundleService  - Saving FXGL system data
21:51:00.685 [JavaFX Application Thread] DEBUG FileSystemAccess     - Writing to: C:\Users\POO\intellij\Bakudun\system\fxgl.bundle
21:51:00.687 [JavaFX Application Thread] DEBUG Async                - Shutting down background threads
21:51:00.687 [JavaFX Application Thread] DEBUG PrimaryStageWindow   - Closing main window
21:51:00.702 [JavaFX Application Thread] DEBUG Logger               - Closing Logger
