15:18:33.650 [main                     ] DEBUG Logger               - Configured Logger
15:18:33.679 [main                     ] DEBUG GameApplication      - Logging settings
Title: BomberMan
Version: 0.1
Width: 640
Height: 480
Fullscreen: false
Intro: false
Profiling: false
Single step:false
App Mode: DEVELOPER
Menu Key: ESCAPE
Stage Style: DECORATED
Scene Factory: class com.almasb.fxgl.app.scene.SceneFactory

15:18:34.511 [JavaFX Application Thread] DEBUG FXGLApplication      - Initializing FXGL
15:18:34.515 [JavaFX Application Thread] INFO  Engine               - FXGL-21.1 (27.03.2024 07.52) on WINDOWS (J:21.0.2 FX:21.0.1)
15:18:34.516 [JavaFX Application Thread] DEBUG Engine               - JRE Vendor Name: Eclipse Adoptium
15:18:34.516 [JavaFX Application Thread] DEBUG Engine               - Running on OS: Windows 11 version 10.0
15:18:34.517 [JavaFX Application Thread] DEBUG Engine               - Architecture: amd64
15:18:34.517 [JavaFX Application Thread] INFO  Engine               - Source code and latest versions at: https://github.com/AlmasB/FXGL
15:18:34.517 [JavaFX Application Thread] INFO  Engine               -       Ask questions and discuss at: https://github.com/AlmasB/FXGL/discussions
15:18:34.517 [JavaFX Application Thread] INFO  Engine               -              Join the FXGL chat at: https://gitter.im/AlmasB/FXGL
15:18:34.655 [JavaFX Application Thread] DEBUG PrimaryStageWindow   - Creating a JavaFX scene
15:18:34.710 [JavaFX Application Thread] DEBUG PrimaryStageWindow   - Target settings size: 640.0 x 480.0
15:18:34.710 [JavaFX Application Thread] DEBUG PrimaryStageWindow   - Scaled scene size:    640.0 x 480.0
15:18:34.710 [JavaFX Application Thread] DEBUG PrimaryStageWindow   - Scaled ratio: (1.0, 1.0)
15:18:34.711 [JavaFX Application Thread] DEBUG PrimaryStageWindow   - Set initial scene to FXGLStartupScene
15:18:34.714 [JavaFX Application Thread] DEBUG PrimaryStageWindow   - Opening main window
15:18:34.819 [JavaFX Application Thread] DEBUG PrimaryStageWindow   - Window border size: (14.4000244140625, 37.5999755859375)
15:18:34.819 [JavaFX Application Thread] DEBUG PrimaryStageWindow   - Scaled size: 640.0 x 480.0
15:18:34.819 [JavaFX Application Thread] DEBUG PrimaryStageWindow   - Scaled ratio: (1.0, 1.0)
15:18:34.819 [JavaFX Application Thread] DEBUG PrimaryStageWindow   - Scene size: 640.0 x 480.0
15:18:34.819 [JavaFX Application Thread] DEBUG PrimaryStageWindow   - Stage size: 654.4000244140625 x 517.5999755859375
15:18:34.826 [FXGL Background Thread 1 ] DEBUG Engine               - Initializing environment variables
15:18:34.877 [FXGL Background Thread 1 ] DEBUG FXGLAssetLoaderServi - User app class for loading assets: class me.pooh.bakudun.App
15:18:34.877 [FXGL Background Thread 1 ] DEBUG GameApplicationServi - Applying CSS: fxgl_dark.css
15:18:34.878 [FXGL Background Thread 1 ] DEBUG FXGLAssetLoaderServi - Loading from file system: jar:file:///C:/Users/POO/.m2/repository/com/github/almasb/fxgl/21.1/fxgl-21.1.jar!/fxglassets/ui/css/fxgl_dark.css
15:18:34.914 [FXGL Background Thread 1 ] DEBUG GameApplicationServi - Initializing application scenes
15:18:34.948 [FXGL Background Thread 1 ] DEBUG GameWorld            - Game world initialized
15:18:35.012 [FXGL Background Thread 1 ] DEBUG PhysicsWorld         - Physics world initialized: appHeight=480, physics.ppm=50.0
15:18:35.012 [FXGL Background Thread 1 ] DEBUG PhysicsWorld         - Using strategy: BRUTE_FORCE
15:18:35.019 [FXGL Background Thread 1 ] DEBUG GameScene            - Game scene initialized: 640x480
15:18:35.033 [FXGL Background Thread 1 ] WARN  FXGL.DefaultMenu     - FXGLDefaultMenu is not designed for resolutions < 800x600
15:18:35.034 [FXGL Background Thread 1 ] DEBUG FXGL.DefaultMenu     - createMenuBodyGameMenu()
15:18:35.047 [FXGL Background Thread 1 ] DEBUG FXGL.DefaultMenu     - createOptionsMenu()
15:18:35.062 [FXGL Background Thread 1 ] DEBUG FXGLAssetLoaderServi - Loading from file system: jar:file:///C:/Users/POO/.m2/repository/com/github/almasb/fxgl/21.1/fxgl-21.1.jar!/fxglassets/textures/particles/smoke.png
15:18:35.151 [FXGL Background Thread 1 ] DEBUG FXGLAssetLoaderServi - Loading from file system: jar:file:///C:/Users/POO/.m2/repository/com/github/almasb/fxgl/21.1/fxgl-21.1.jar!/fxglassets/textures/particles/trace_horizontal.png
15:18:35.174 [FXGL Background Thread 1 ] DEBUG GameApplicationServi - Application scenes initialized
15:18:35.188 [FXGL Background Thread 1 ] DEBUG SystemBundleService  - Loading FXGL system data
15:18:35.191 [FXGL Background Thread 1 ] DEBUG FileSystemAccess     - Reading from: C:\Users\POO\intellij\Bakudun\system\fxgl.bundle
15:18:35.201 [FXGL Background Thread 1 ] DEBUG SystemBundleService  - Bundle FXGL: {}
15:18:35.201 [FXGL Background Thread 1 ] DEBUG UpdaterService       - Checking for updates
15:18:35.230 [FXGL Background Thread 4 ] DEBUG FXGLApplication      - Loading fonts
15:18:35.230 [FXGL Background Thread 4 ] DEBUG FXGLAssetLoaderServi - Loading from file system: jar:file:///C:/Users/POO/.m2/repository/com/github/almasb/fxgl/21.1/fxgl-21.1.jar!/fxglassets/ui/fonts/VarelaRound-Regular.ttf
15:18:35.230 [FXGL Background Thread 1 ] DEBUG FXGLApplication      - Loading default localization
15:18:35.231 [FXGL Background Thread 1 ] DEBUG FXGLAssetLoaderServi - Loading from file system: jar:file:///C:/Users/POO/.m2/repository/com/github/almasb/fxgl/21.1/fxgl-21.1.jar!/fxglassets/languages/english.lang
15:18:35.254 [FXGL Background Thread 1 ] INFO  FXGLApplication      - FXGL initialization took: 0.427 sec
15:18:35.266 [JavaFX Application Thread] DEBUG Input                - Registered new binding: Right - D
15:18:35.267 [JavaFX Application Thread] DEBUG Input                - Registered new binding: Left - A
15:18:35.267 [JavaFX Application Thread] DEBUG Input                - Registered new binding: Up - W
15:18:35.267 [JavaFX Application Thread] DEBUG Input                - Registered new binding: Down - S
15:18:35.267 [JavaFX Application Thread] DEBUG Input                - Registered new binding: Place Bomb - Space
15:18:35.267 [JavaFX Application Thread] DEBUG FXGLAssetLoaderServi - Loading from file system: jar:file:///C:/Users/POO/.m2/repository/com/github/almasb/fxgl/21.1/fxgl-21.1.jar!/fxglassets/textures/fxgl_icon.png
15:18:35.277 [FXGL Background Thread 4 ] DEBUG FXGLAssetLoaderServi - Loading from file system: jar:file:///C:/Users/POO/.m2/repository/com/github/almasb/fxgl/21.1/fxgl-21.1.jar!/fxglassets/ui/fonts/Abel-Regular.ttf
15:18:35.284 [FXGL Background Thread 4 ] DEBUG FXGLAssetLoaderServi - Loading from file system: jar:file:///C:/Users/POO/.m2/repository/com/github/almasb/fxgl/21.1/fxgl-21.1.jar!/fxglassets/ui/fonts/TerminalLandMono-Regular.otf
15:18:35.284 [JavaFX Application Thread] DEBUG FXGLAssetLoaderServi - Loading from file system: jar:file:///C:/Users/POO/.m2/repository/com/github/almasb/fxgl/21.1/fxgl-21.1.jar!/fxglassets/textures/fxgl_default_cursor.png
15:18:35.286 [JavaFX Application Thread] DEBUG Input                - Registered new binding: Screenshot - CTRL+8
15:18:35.286 [JavaFX Application Thread] DEBUG Input                - Registered new binding: Dev Options - 1
15:18:35.286 [JavaFX Application Thread] DEBUG Input                - Registered new binding: Dev Console - 2
15:18:35.287 [JavaFX Application Thread] DEBUG Input                - Registered new binding: System info dump - CTRL+9
15:18:35.287 [JavaFX Application Thread] DEBUG Input                - Registered new binding: Restart - CTRL+R
15:18:35.289 [FXGL Background Thread 4 ] DEBUG FXGLAssetLoaderServi - Loading from file system: jar:file:///C:/Users/POO/.m2/repository/com/github/almasb/fxgl/21.1/fxgl-21.1.jar!/fxglassets/ui/fonts/Courier-Prime.ttf
15:18:35.289 [JavaFX Application Thread] DEBUG Input                - Registered new binding: Toggle Debug Camera - CTRL+7
15:18:35.293 [JavaFX Application Thread] DEBUG LoopRunner           - Starting loop
15:18:35.307 [JavaFX Application Thread] DEBUG LoopRunner           - Initializing JavaFX AnimationTimerLoop
15:18:35.308 [JavaFX Application Thread] DEBUG GameApplicationServi - Starting new game
15:18:35.308 [JavaFX Application Thread] DEBUG Input                - Clearing active input actions
15:18:35.321 [JavaFX Application Thread] DEBUG GameApplicationServi - Removing overlay from FXGLStartupScene and adding to FXGLLoadingScene
15:18:35.326 [JavaFX Application Thread] DEBUG PrimaryStageWindow   - FXGLStartupScene -> FXGLLoadingScene
15:18:35.326 [JavaFX Application Thread] DEBUG GameApplicationServi - Clearing previous game
15:18:35.326 [JavaFX Application Thread] DEBUG GameScene            - Clearing game scene
15:18:35.326 [JavaFX Application Thread] DEBUG GameWorld            - Clearing game world
15:18:35.326 [JavaFX Application Thread] DEBUG PhysicsWorld         - Clearing physics world
15:18:35.328 [FXGL Background Thread 4 ] DEBUG FXGLApplication      - Initializing game
15:18:35.328 [JavaFX Application Thread] DEBUG FXGLApplication      - Registering font factories with UI factory
15:18:35.396 [FXGL Background Thread 4 ] WARN  TMXLevelLoader       - TiledMap generated from 1.11.2. Supported version: 1.9.0. Some features may not be parsed fully.
15:18:35.432 [FXGL Background Thread 4 ] DEBUG TMXLevelLoader       - Parsed TiledMap: file:/C:/Users/POO/intellij/Bakudun/target/classes/assets/levels/Map.tmx
15:18:35.433 [FXGL Background Thread 4 ] DEBUG TMXLevelLoader       - Creating tile layer entities
15:18:35.436 [FXGL Background Thread 4 ] DEBUG TilesetLoader        - Loading view for layer เลเยอร์ไทล์ 1
15:18:35.436 [FXGL Background Thread 4 ] DEBUG TilesetLoader        - Created buffer with size 640.0x480.0
15:18:35.445 [FXGL Background Thread 4 ] WARN  TilesetLoader        - Diagonally flipped tiles are not currently supported
15:18:35.454 [FXGL Background Thread 4 ] WARN  TilesetLoader        - Diagonally flipped tiles are not currently supported
15:18:35.466 [FXGL Background Thread 4 ] DEBUG TilesetLoader        - Loading view for layer WALL46
15:18:35.467 [FXGL Background Thread 4 ] DEBUG TilesetLoader        - Created buffer with size 640.0x480.0
15:18:35.469 [FXGL Background Thread 4 ] DEBUG TilesetLoader        - Loading view for layer WALL45
15:18:35.469 [FXGL Background Thread 4 ] DEBUG TilesetLoader        - Created buffer with size 640.0x480.0
15:18:35.470 [FXGL Background Thread 4 ] DEBUG TilesetLoader        - Loading view for layer WALL44
15:18:35.471 [FXGL Background Thread 4 ] DEBUG TilesetLoader        - Created buffer with size 640.0x480.0
15:18:35.471 [FXGL Background Thread 4 ] DEBUG TilesetLoader        - Loading view for layer WALL43
15:18:35.472 [FXGL Background Thread 4 ] DEBUG TilesetLoader        - Created buffer with size 640.0x480.0
15:18:35.473 [FXGL Background Thread 4 ] DEBUG TilesetLoader        - Loading view for layer WALL42
15:18:35.474 [FXGL Background Thread 4 ] DEBUG TilesetLoader        - Created buffer with size 640.0x480.0
15:18:35.475 [FXGL Background Thread 4 ] DEBUG TilesetLoader        - Loading view for layer WALL41
15:18:35.476 [FXGL Background Thread 4 ] DEBUG TilesetLoader        - Created buffer with size 640.0x480.0
15:18:35.477 [FXGL Background Thread 4 ] DEBUG TilesetLoader        - Loading view for layer WALL38
15:18:35.477 [FXGL Background Thread 4 ] DEBUG TilesetLoader        - Created buffer with size 640.0x480.0
15:18:35.488 [FXGL Background Thread 4 ] DEBUG TilesetLoader        - Loading view for layer WALL37
15:18:35.489 [FXGL Background Thread 4 ] DEBUG TilesetLoader        - Created buffer with size 640.0x480.0
15:18:35.490 [FXGL Background Thread 4 ] DEBUG TilesetLoader        - Loading view for layer WALL36
15:18:35.490 [FXGL Background Thread 4 ] DEBUG TilesetLoader        - Created buffer with size 640.0x480.0
15:18:35.491 [FXGL Background Thread 4 ] DEBUG TilesetLoader        - Loading view for layer WALL35
15:18:35.491 [FXGL Background Thread 4 ] DEBUG TilesetLoader        - Created buffer with size 640.0x480.0
15:18:35.492 [FXGL Background Thread 4 ] DEBUG TilesetLoader        - Loading view for layer WALL34
15:18:35.492 [FXGL Background Thread 4 ] DEBUG TilesetLoader        - Created buffer with size 640.0x480.0
15:18:35.493 [FXGL Background Thread 4 ] DEBUG TilesetLoader        - Loading view for layer WALL33
15:18:35.498 [FXGL Background Thread 4 ] DEBUG TilesetLoader        - Created buffer with size 640.0x480.0
15:18:35.499 [FXGL Background Thread 4 ] DEBUG TilesetLoader        - Loading view for layer WALL32
15:18:35.499 [FXGL Background Thread 4 ] DEBUG TilesetLoader        - Created buffer with size 640.0x480.0
15:18:35.500 [FXGL Background Thread 4 ] DEBUG TilesetLoader        - Loading view for layer WALL31
15:18:35.500 [FXGL Background Thread 4 ] DEBUG TilesetLoader        - Created buffer with size 640.0x480.0
15:18:35.501 [FXGL Background Thread 4 ] DEBUG TilesetLoader        - Loading view for layer WALL30
15:18:35.501 [FXGL Background Thread 4 ] DEBUG TilesetLoader        - Created buffer with size 640.0x480.0
15:18:35.501 [FXGL Background Thread 4 ] DEBUG TilesetLoader        - Loading view for layer WALL29
15:18:35.501 [FXGL Background Thread 4 ] DEBUG TilesetLoader        - Created buffer with size 640.0x480.0
15:18:35.505 [FXGL Background Thread 4 ] DEBUG TilesetLoader        - Loading view for layer WALL28
15:18:35.505 [FXGL Background Thread 4 ] DEBUG TilesetLoader        - Created buffer with size 640.0x480.0
15:18:35.505 [FXGL Background Thread 4 ] DEBUG TilesetLoader        - Loading view for layer WALL27
15:18:35.506 [FXGL Background Thread 4 ] DEBUG TilesetLoader        - Created buffer with size 640.0x480.0
15:18:35.506 [FXGL Background Thread 4 ] DEBUG TilesetLoader        - Loading view for layer WALL26
15:18:35.508 [FXGL Background Thread 4 ] DEBUG TilesetLoader        - Created buffer with size 640.0x480.0
15:18:35.510 [FXGL Background Thread 4 ] DEBUG TilesetLoader        - Loading view for layer WALL25
15:18:35.510 [FXGL Background Thread 4 ] DEBUG TilesetLoader        - Created buffer with size 640.0x480.0
15:18:35.511 [FXGL Background Thread 4 ] DEBUG TilesetLoader        - Loading view for layer WALL24
15:18:35.512 [FXGL Background Thread 4 ] DEBUG TilesetLoader        - Created buffer with size 640.0x480.0
15:18:35.513 [FXGL Background Thread 4 ] DEBUG TilesetLoader        - Loading view for layer WALL23
15:18:35.513 [FXGL Background Thread 4 ] DEBUG TilesetLoader        - Created buffer with size 640.0x480.0
15:18:35.515 [FXGL Background Thread 4 ] DEBUG TilesetLoader        - Loading view for layer WALL22
15:18:35.516 [FXGL Background Thread 4 ] DEBUG TilesetLoader        - Created buffer with size 640.0x480.0
15:18:35.517 [FXGL Background Thread 4 ] DEBUG TilesetLoader        - Loading view for layer WALL21
15:18:35.519 [FXGL Background Thread 4 ] DEBUG TilesetLoader        - Created buffer with size 640.0x480.0
15:18:35.520 [FXGL Background Thread 4 ] DEBUG TilesetLoader        - Loading view for layer WALL20
15:18:35.521 [FXGL Background Thread 4 ] DEBUG TilesetLoader        - Created buffer with size 640.0x480.0
15:18:35.522 [FXGL Background Thread 4 ] DEBUG TilesetLoader        - Loading view for layer WALL19
15:18:35.525 [FXGL Background Thread 4 ] DEBUG TilesetLoader        - Created buffer with size 640.0x480.0
15:18:35.526 [FXGL Background Thread 4 ] DEBUG TilesetLoader        - Loading view for layer WALL18
15:18:35.528 [FXGL Background Thread 4 ] DEBUG TilesetLoader        - Created buffer with size 640.0x480.0
15:18:35.528 [FXGL Background Thread 4 ] DEBUG TilesetLoader        - Loading view for layer WALL17
15:18:35.529 [FXGL Background Thread 4 ] DEBUG TilesetLoader        - Created buffer with size 640.0x480.0
15:18:35.530 [FXGL Background Thread 4 ] DEBUG TilesetLoader        - Loading view for layer WALL16
15:18:35.530 [FXGL Background Thread 4 ] DEBUG TilesetLoader        - Created buffer with size 640.0x480.0
15:18:35.531 [FXGL Background Thread 4 ] DEBUG TilesetLoader        - Loading view for layer WALL15
15:18:35.532 [FXGL Background Thread 4 ] DEBUG TilesetLoader        - Created buffer with size 640.0x480.0
15:18:35.532 [FXGL Background Thread 4 ] DEBUG TilesetLoader        - Loading view for layer WALL14
15:18:35.533 [FXGL Background Thread 4 ] DEBUG TilesetLoader        - Created buffer with size 640.0x480.0
15:18:35.535 [FXGL Background Thread 4 ] DEBUG TilesetLoader        - Loading view for layer WALL13
15:18:35.536 [FXGL Background Thread 4 ] DEBUG TilesetLoader        - Created buffer with size 640.0x480.0
15:18:35.536 [FXGL Background Thread 4 ] DEBUG TilesetLoader        - Loading view for layer WALL12
15:18:35.541 [FXGL Background Thread 4 ] DEBUG TilesetLoader        - Created buffer with size 640.0x480.0
15:18:35.542 [FXGL Background Thread 4 ] DEBUG TilesetLoader        - Loading view for layer WALL11
15:18:35.543 [FXGL Background Thread 4 ] DEBUG TilesetLoader        - Created buffer with size 640.0x480.0
15:18:35.543 [FXGL Background Thread 4 ] DEBUG TilesetLoader        - Loading view for layer WALL10
15:18:35.544 [FXGL Background Thread 4 ] DEBUG TilesetLoader        - Created buffer with size 640.0x480.0
15:18:35.545 [FXGL Background Thread 4 ] DEBUG TilesetLoader        - Loading view for layer WALL9
15:18:35.545 [FXGL Background Thread 4 ] DEBUG TilesetLoader        - Created buffer with size 640.0x480.0
15:18:35.546 [FXGL Background Thread 4 ] DEBUG TilesetLoader        - Loading view for layer WALL8
15:18:35.547 [FXGL Background Thread 4 ] DEBUG TilesetLoader        - Created buffer with size 640.0x480.0
15:18:35.548 [FXGL Background Thread 4 ] DEBUG TilesetLoader        - Loading view for layer WALL7
15:18:35.548 [FXGL Background Thread 4 ] DEBUG TilesetLoader        - Created buffer with size 640.0x480.0
15:18:35.549 [FXGL Background Thread 4 ] DEBUG TilesetLoader        - Loading view for layer WALL6
15:18:35.549 [FXGL Background Thread 4 ] DEBUG TilesetLoader        - Created buffer with size 640.0x480.0
15:18:35.550 [FXGL Background Thread 4 ] DEBUG TilesetLoader        - Loading view for layer WALL5
15:18:35.550 [FXGL Background Thread 4 ] DEBUG TilesetLoader        - Created buffer with size 640.0x480.0
15:18:35.551 [FXGL Background Thread 4 ] DEBUG TilesetLoader        - Loading view for layer WALL4
15:18:35.551 [FXGL Background Thread 4 ] DEBUG TilesetLoader        - Created buffer with size 640.0x480.0
15:18:35.552 [FXGL Background Thread 4 ] DEBUG TilesetLoader        - Loading view for layer WALL3
15:18:35.553 [FXGL Background Thread 4 ] DEBUG TilesetLoader        - Created buffer with size 640.0x480.0
15:18:35.553 [FXGL Background Thread 4 ] DEBUG TilesetLoader        - Loading view for layer WALL2
15:18:35.555 [FXGL Background Thread 4 ] DEBUG TilesetLoader        - Created buffer with size 640.0x480.0
15:18:35.556 [FXGL Background Thread 4 ] DEBUG TilesetLoader        - Loading view for layer WALL1
15:18:35.556 [FXGL Background Thread 4 ] DEBUG TilesetLoader        - Created buffer with size 640.0x480.0
15:18:35.557 [FXGL Background Thread 4 ] DEBUG TilesetLoader        - Loading view for layer เลเยอร์ไทล์ 2
15:18:35.557 [FXGL Background Thread 4 ] DEBUG TilesetLoader        - Created buffer with size 640.0x480.0
15:18:35.559 [FXGL Background Thread 4 ] DEBUG TilesetLoader        - Loading view for layer เลเยอร์ไทล์ 3
15:18:35.562 [FXGL Background Thread 4 ] DEBUG TilesetLoader        - Created buffer with size 640.0x480.0
15:18:35.563 [FXGL Background Thread 4 ] DEBUG TMXLevelLoader       - Creating object layer entities
15:18:35.589 [FXGL Background Thread 4 ] DEBUG FXGLAssetLoaderServi - Loading from file system: file:/C:/Users/POO/intellij/Bakudun/target/classes/assets/textures/Jim2.png
15:18:35.617 [FXGL Background Thread 4 ] DEBUG FXGLAssetLoaderServi - Loading from file system: file:/C:/Users/POO/intellij/Bakudun/target/classes/assets/textures/wallbreakas.png
15:18:35.624 [FXGL Background Thread 4 ] WARN  TMXLevelLoader       - TiledMap generated from 1.11.2. Supported version: 1.9.0. Some features may not be parsed fully.
15:18:35.642 [FXGL Background Thread 4 ] DEBUG TMXLevelLoader       - Parsed TiledMap: file:/C:/Users/POO/intellij/Bakudun/target/classes/assets/levels/Map.tmx
15:18:35.644 [FXGL Background Thread 4 ] DEBUG TMXLevelLoader       - Creating tile layer entities
15:18:35.644 [FXGL Background Thread 4 ] DEBUG TilesetLoader        - Loading view for layer เลเยอร์ไทล์ 1
15:18:35.645 [FXGL Background Thread 4 ] DEBUG TilesetLoader        - Created buffer with size 640.0x480.0
15:18:35.648 [FXGL Background Thread 4 ] WARN  TilesetLoader        - Diagonally flipped tiles are not currently supported
15:18:35.653 [FXGL Background Thread 4 ] WARN  TilesetLoader        - Diagonally flipped tiles are not currently supported
15:18:35.658 [FXGL Background Thread 4 ] DEBUG TilesetLoader        - Loading view for layer WALL46
15:18:35.661 [FXGL Background Thread 4 ] DEBUG TilesetLoader        - Created buffer with size 640.0x480.0
15:18:35.662 [FXGL Background Thread 4 ] DEBUG TilesetLoader        - Loading view for layer WALL45
15:18:35.663 [FXGL Background Thread 4 ] DEBUG TilesetLoader        - Created buffer with size 640.0x480.0
15:18:35.664 [FXGL Background Thread 4 ] DEBUG TilesetLoader        - Loading view for layer WALL44
15:18:35.664 [FXGL Background Thread 4 ] DEBUG TilesetLoader        - Created buffer with size 640.0x480.0
15:18:35.665 [FXGL Background Thread 4 ] DEBUG TilesetLoader        - Loading view for layer WALL43
15:18:35.665 [FXGL Background Thread 4 ] DEBUG TilesetLoader        - Created buffer with size 640.0x480.0
15:18:35.666 [FXGL Background Thread 4 ] DEBUG TilesetLoader        - Loading view for layer WALL42
15:18:35.666 [FXGL Background Thread 4 ] DEBUG TilesetLoader        - Created buffer with size 640.0x480.0
15:18:35.667 [FXGL Background Thread 4 ] DEBUG TilesetLoader        - Loading view for layer WALL41
15:18:35.667 [FXGL Background Thread 4 ] DEBUG TilesetLoader        - Created buffer with size 640.0x480.0
15:18:35.668 [FXGL Background Thread 4 ] DEBUG TilesetLoader        - Loading view for layer WALL38
15:18:35.668 [FXGL Background Thread 4 ] DEBUG TilesetLoader        - Created buffer with size 640.0x480.0
15:18:35.670 [FXGL Background Thread 4 ] DEBUG TilesetLoader        - Loading view for layer WALL37
15:18:35.671 [FXGL Background Thread 4 ] DEBUG TilesetLoader        - Created buffer with size 640.0x480.0
15:18:35.671 [FXGL Background Thread 4 ] DEBUG TilesetLoader        - Loading view for layer WALL36
15:18:35.676 [FXGL Background Thread 4 ] DEBUG TilesetLoader        - Created buffer with size 640.0x480.0
15:18:35.677 [FXGL Background Thread 4 ] DEBUG TilesetLoader        - Loading view for layer WALL35
15:18:35.678 [FXGL Background Thread 4 ] DEBUG TilesetLoader        - Created buffer with size 640.0x480.0
15:18:35.678 [FXGL Background Thread 4 ] DEBUG TilesetLoader        - Loading view for layer WALL34
15:18:35.679 [FXGL Background Thread 4 ] DEBUG TilesetLoader        - Created buffer with size 640.0x480.0
15:18:35.680 [FXGL Background Thread 4 ] DEBUG TilesetLoader        - Loading view for layer WALL33
15:18:35.680 [FXGL Background Thread 4 ] DEBUG TilesetLoader        - Created buffer with size 640.0x480.0
15:18:35.681 [FXGL Background Thread 4 ] DEBUG TilesetLoader        - Loading view for layer WALL32
15:18:35.681 [FXGL Background Thread 4 ] DEBUG TilesetLoader        - Created buffer with size 640.0x480.0
15:18:35.682 [FXGL Background Thread 4 ] DEBUG TilesetLoader        - Loading view for layer WALL31
15:18:35.682 [FXGL Background Thread 4 ] DEBUG TilesetLoader        - Created buffer with size 640.0x480.0
15:18:35.683 [FXGL Background Thread 4 ] DEBUG TilesetLoader        - Loading view for layer WALL30
15:18:35.684 [FXGL Background Thread 4 ] DEBUG TilesetLoader        - Created buffer with size 640.0x480.0
15:18:35.684 [FXGL Background Thread 4 ] DEBUG TilesetLoader        - Loading view for layer WALL29
15:18:35.685 [FXGL Background Thread 4 ] DEBUG TilesetLoader        - Created buffer with size 640.0x480.0
15:18:35.686 [FXGL Background Thread 4 ] DEBUG TilesetLoader        - Loading view for layer WALL28
15:18:35.686 [FXGL Background Thread 4 ] DEBUG TilesetLoader        - Created buffer with size 640.0x480.0
15:18:35.687 [FXGL Background Thread 4 ] DEBUG TilesetLoader        - Loading view for layer WALL27
15:18:35.687 [FXGL Background Thread 4 ] DEBUG TilesetLoader        - Created buffer with size 640.0x480.0
15:18:35.688 [FXGL Background Thread 4 ] DEBUG TilesetLoader        - Loading view for layer WALL26
15:18:35.689 [FXGL Background Thread 4 ] DEBUG TilesetLoader        - Created buffer with size 640.0x480.0
15:18:35.689 [FXGL Background Thread 4 ] DEBUG TilesetLoader        - Loading view for layer WALL25
15:18:35.690 [FXGL Background Thread 4 ] DEBUG TilesetLoader        - Created buffer with size 640.0x480.0
15:18:35.690 [FXGL Background Thread 4 ] DEBUG TilesetLoader        - Loading view for layer WALL24
15:18:35.691 [FXGL Background Thread 4 ] DEBUG TilesetLoader        - Created buffer with size 640.0x480.0
15:18:35.691 [FXGL Background Thread 4 ] DEBUG TilesetLoader        - Loading view for layer WALL23
15:18:35.692 [FXGL Background Thread 4 ] DEBUG TilesetLoader        - Created buffer with size 640.0x480.0
15:18:35.692 [FXGL Background Thread 4 ] DEBUG TilesetLoader        - Loading view for layer WALL22
15:18:35.693 [FXGL Background Thread 4 ] DEBUG TilesetLoader        - Created buffer with size 640.0x480.0
15:18:35.693 [FXGL Background Thread 4 ] DEBUG TilesetLoader        - Loading view for layer WALL21
15:18:35.693 [FXGL Background Thread 4 ] DEBUG TilesetLoader        - Created buffer with size 640.0x480.0
15:18:35.694 [FXGL Background Thread 4 ] DEBUG TilesetLoader        - Loading view for layer WALL20
15:18:35.694 [FXGL Background Thread 4 ] DEBUG TilesetLoader        - Created buffer with size 640.0x480.0
15:18:35.694 [FXGL Background Thread 4 ] DEBUG TilesetLoader        - Loading view for layer WALL19
15:18:35.695 [FXGL Background Thread 4 ] DEBUG TilesetLoader        - Created buffer with size 640.0x480.0
15:18:35.695 [FXGL Background Thread 4 ] DEBUG TilesetLoader        - Loading view for layer WALL18
15:18:35.695 [FXGL Background Thread 4 ] DEBUG TilesetLoader        - Created buffer with size 640.0x480.0
15:18:35.696 [FXGL Background Thread 4 ] DEBUG TilesetLoader        - Loading view for layer WALL17
15:18:35.696 [FXGL Background Thread 4 ] DEBUG TilesetLoader        - Created buffer with size 640.0x480.0
15:18:35.696 [FXGL Background Thread 4 ] DEBUG TilesetLoader        - Loading view for layer WALL16
15:18:35.697 [FXGL Background Thread 4 ] DEBUG TilesetLoader        - Created buffer with size 640.0x480.0
15:18:35.697 [FXGL Background Thread 4 ] DEBUG TilesetLoader        - Loading view for layer WALL15
15:18:35.698 [FXGL Background Thread 4 ] DEBUG TilesetLoader        - Created buffer with size 640.0x480.0
15:18:35.698 [FXGL Background Thread 4 ] DEBUG TilesetLoader        - Loading view for layer WALL14
15:18:35.699 [FXGL Background Thread 4 ] DEBUG TilesetLoader        - Created buffer with size 640.0x480.0
15:18:35.699 [FXGL Background Thread 4 ] DEBUG TilesetLoader        - Loading view for layer WALL13
15:18:35.700 [FXGL Background Thread 4 ] DEBUG TilesetLoader        - Created buffer with size 640.0x480.0
15:18:35.700 [FXGL Background Thread 4 ] DEBUG TilesetLoader        - Loading view for layer WALL12
15:18:35.701 [FXGL Background Thread 4 ] DEBUG TilesetLoader        - Created buffer with size 640.0x480.0
15:18:35.701 [FXGL Background Thread 4 ] DEBUG TilesetLoader        - Loading view for layer WALL11
15:18:35.702 [FXGL Background Thread 4 ] DEBUG TilesetLoader        - Created buffer with size 640.0x480.0
15:18:35.702 [FXGL Background Thread 4 ] DEBUG TilesetLoader        - Loading view for layer WALL10
15:18:35.702 [FXGL Background Thread 4 ] DEBUG TilesetLoader        - Created buffer with size 640.0x480.0
15:18:35.703 [FXGL Background Thread 4 ] DEBUG TilesetLoader        - Loading view for layer WALL9
15:18:35.703 [FXGL Background Thread 4 ] DEBUG TilesetLoader        - Created buffer with size 640.0x480.0
15:18:35.703 [FXGL Background Thread 4 ] DEBUG TilesetLoader        - Loading view for layer WALL8
15:18:35.704 [FXGL Background Thread 4 ] DEBUG TilesetLoader        - Created buffer with size 640.0x480.0
15:18:35.704 [FXGL Background Thread 4 ] DEBUG TilesetLoader        - Loading view for layer WALL7
15:18:35.705 [FXGL Background Thread 4 ] DEBUG TilesetLoader        - Created buffer with size 640.0x480.0
15:18:35.705 [FXGL Background Thread 4 ] DEBUG TilesetLoader        - Loading view for layer WALL6
15:18:35.706 [FXGL Background Thread 4 ] DEBUG TilesetLoader        - Created buffer with size 640.0x480.0
15:18:35.706 [FXGL Background Thread 4 ] DEBUG TilesetLoader        - Loading view for layer WALL5
15:18:35.706 [FXGL Background Thread 4 ] DEBUG TilesetLoader        - Created buffer with size 640.0x480.0
15:18:35.707 [FXGL Background Thread 4 ] DEBUG TilesetLoader        - Loading view for layer WALL4
15:18:35.707 [FXGL Background Thread 4 ] DEBUG TilesetLoader        - Created buffer with size 640.0x480.0
15:18:35.707 [FXGL Background Thread 4 ] DEBUG TilesetLoader        - Loading view for layer WALL3
15:18:35.707 [FXGL Background Thread 4 ] DEBUG TilesetLoader        - Created buffer with size 640.0x480.0
15:18:35.708 [FXGL Background Thread 4 ] DEBUG TilesetLoader        - Loading view for layer WALL2
15:18:35.708 [FXGL Background Thread 4 ] DEBUG TilesetLoader        - Created buffer with size 640.0x480.0
15:18:35.708 [FXGL Background Thread 4 ] DEBUG TilesetLoader        - Loading view for layer WALL1
15:18:35.708 [FXGL Background Thread 4 ] DEBUG TilesetLoader        - Created buffer with size 640.0x480.0
15:18:35.708 [FXGL Background Thread 4 ] DEBUG TilesetLoader        - Loading view for layer เลเยอร์ไทล์ 2
15:18:35.708 [FXGL Background Thread 4 ] DEBUG TilesetLoader        - Created buffer with size 640.0x480.0
15:18:35.708 [FXGL Background Thread 4 ] DEBUG TilesetLoader        - Loading view for layer เลเยอร์ไทล์ 3
15:18:35.708 [FXGL Background Thread 4 ] DEBUG TilesetLoader        - Created buffer with size 640.0x480.0
15:18:35.709 [FXGL Background Thread 4 ] DEBUG TMXLevelLoader       - Creating object layer entities
15:18:35.725 [FXGL Background Thread 4 ] DEBUG GameWorld            - Clearing removable entities
15:18:35.726 [FXGL Background Thread 4 ] DEBUG GameWorld            - Setting level: com.almasb.fxgl.entity.level.Level@5a9f41c4
15:18:35.738 [FXGL Background Thread 4 ] INFO  FXGLApplication      - Game initialization took: 0.411 sec
15:18:35.766 [JavaFX Application Thread] DEBUG Input                - Clearing active input actions
15:18:35.775 [JavaFX Application Thread] DEBUG GameApplicationServi - Removing overlay from FXGLLoadingScene and adding to GameScene
15:18:35.779 [JavaFX Application Thread] DEBUG PrimaryStageWindow   - FXGLLoadingScene -> GameScene
15:18:38.158 [JavaFX Application Thread] DEBUG FXGLApplication      - Exiting FXGL
15:18:38.159 [JavaFX Application Thread] DEBUG LoopRunner           - Stopping loop
15:18:38.159 [JavaFX Application Thread] DEBUG SystemBundleService  - Saving FXGL system data
15:18:38.163 [JavaFX Application Thread] DEBUG FileSystemAccess     - Writing to: C:\Users\POO\intellij\Bakudun\system\fxgl.bundle
15:18:38.164 [JavaFX Application Thread] DEBUG Async                - Shutting down background threads
15:18:38.164 [JavaFX Application Thread] DEBUG PrimaryStageWindow   - Closing main window
15:18:38.183 [JavaFX Application Thread] DEBUG Logger               - Closing Logger
