15:12:06.753 [main                     ] DEBUG Logger               - Configured Logger
15:12:06.780 [main                     ] DEBUG GameApplication      - Logging settings
Title: BomberMan
Version: 0.1
Width: 640
Height: 480
Fullscreen: false
Intro: false
Profiling: false
Single step:false
App Mode: DEVELOPER
Menu Key: ESCAPE
Stage Style: DECORATED
Scene Factory: class com.almasb.fxgl.app.scene.SceneFactory

15:12:07.394 [JavaFX Application Thread] DEBUG FXGLApplication      - Initializing FXGL
15:12:07.399 [JavaFX Application Thread] INFO  Engine               - FXGL-21.1 (27.03.2024 07.52) on WINDOWS (J:21.0.2 FX:21.0.1)
15:12:07.399 [JavaFX Application Thread] DEBUG Engine               - JRE Vendor Name: Eclipse Adoptium
15:12:07.400 [JavaFX Application Thread] DEBUG Engine               - Running on OS: Windows 11 version 10.0
15:12:07.400 [JavaFX Application Thread] DEBUG Engine               - Architecture: amd64
15:12:07.400 [JavaFX Application Thread] INFO  Engine               - Source code and latest versions at: https://github.com/AlmasB/FXGL
15:12:07.400 [JavaFX Application Thread] INFO  Engine               -       Ask questions and discuss at: https://github.com/AlmasB/FXGL/discussions
15:12:07.400 [JavaFX Application Thread] INFO  Engine               -              Join the FXGL chat at: https://gitter.im/AlmasB/FXGL
15:12:07.512 [JavaFX Application Thread] DEBUG PrimaryStageWindow   - Creating a JavaFX scene
15:12:07.573 [JavaFX Application Thread] DEBUG PrimaryStageWindow   - Target settings size: 640.0 x 480.0
15:12:07.573 [JavaFX Application Thread] DEBUG PrimaryStageWindow   - Scaled scene size:    640.0 x 480.0
15:12:07.573 [JavaFX Application Thread] DEBUG PrimaryStageWindow   - Scaled ratio: (1.0, 1.0)
15:12:07.574 [JavaFX Application Thread] DEBUG PrimaryStageWindow   - Set initial scene to FXGLStartupScene
15:12:07.577 [JavaFX Application Thread] DEBUG PrimaryStageWindow   - Opening main window
15:12:07.692 [JavaFX Application Thread] DEBUG PrimaryStageWindow   - Window border size: (14.4000244140625, 37.5999755859375)
15:12:07.692 [JavaFX Application Thread] DEBUG PrimaryStageWindow   - Scaled size: 640.0 x 480.0
15:12:07.692 [JavaFX Application Thread] DEBUG PrimaryStageWindow   - Scaled ratio: (1.0, 1.0)
15:12:07.692 [JavaFX Application Thread] DEBUG PrimaryStageWindow   - Scene size: 640.0 x 480.0
15:12:07.692 [JavaFX Application Thread] DEBUG PrimaryStageWindow   - Stage size: 654.4000244140625 x 517.5999755859375
15:12:07.698 [FXGL Background Thread 1 ] DEBUG Engine               - Initializing environment variables
15:12:07.747 [FXGL Background Thread 1 ] DEBUG FXGLAssetLoaderServi - User app class for loading assets: class me.pooh.bakudun.App
15:12:07.747 [FXGL Background Thread 1 ] DEBUG GameApplicationServi - Applying CSS: fxgl_dark.css
15:12:07.748 [FXGL Background Thread 1 ] DEBUG FXGLAssetLoaderServi - Loading from file system: jar:file:///C:/Users/POO/.m2/repository/com/github/almasb/fxgl/21.1/fxgl-21.1.jar!/fxglassets/ui/css/fxgl_dark.css
15:12:07.798 [FXGL Background Thread 1 ] DEBUG GameApplicationServi - Initializing application scenes
15:12:07.839 [FXGL Background Thread 1 ] DEBUG GameWorld            - Game world initialized
15:12:07.891 [FXGL Background Thread 1 ] DEBUG PhysicsWorld         - Physics world initialized: appHeight=480, physics.ppm=50.0
15:12:07.892 [FXGL Background Thread 1 ] DEBUG PhysicsWorld         - Using strategy: BRUTE_FORCE
15:12:07.898 [FXGL Background Thread 1 ] DEBUG GameScene            - Game scene initialized: 640x480
15:12:07.911 [FXGL Background Thread 1 ] WARN  FXGL.DefaultMenu     - FXGLDefaultMenu is not designed for resolutions < 800x600
15:12:07.911 [FXGL Background Thread 1 ] DEBUG FXGL.DefaultMenu     - createMenuBodyGameMenu()
15:12:07.923 [FXGL Background Thread 1 ] DEBUG FXGL.DefaultMenu     - createOptionsMenu()
15:12:07.932 [FXGL Background Thread 1 ] DEBUG FXGLAssetLoaderServi - Loading from file system: jar:file:///C:/Users/POO/.m2/repository/com/github/almasb/fxgl/21.1/fxgl-21.1.jar!/fxglassets/textures/particles/smoke.png
15:12:08.013 [FXGL Background Thread 1 ] DEBUG FXGLAssetLoaderServi - Loading from file system: jar:file:///C:/Users/POO/.m2/repository/com/github/almasb/fxgl/21.1/fxgl-21.1.jar!/fxglassets/textures/particles/trace_horizontal.png
15:12:08.039 [FXGL Background Thread 1 ] DEBUG GameApplicationServi - Application scenes initialized
15:12:08.050 [FXGL Background Thread 1 ] DEBUG SystemBundleService  - Loading FXGL system data
15:12:08.055 [FXGL Background Thread 1 ] DEBUG FileSystemAccess     - Reading from: C:\Users\POO\intellij\Bakudun\system\fxgl.bundle
15:12:08.064 [FXGL Background Thread 1 ] DEBUG SystemBundleService  - Bundle FXGL: {}
15:12:08.064 [FXGL Background Thread 1 ] DEBUG UpdaterService       - Checking for updates
15:12:08.089 [FXGL Background Thread 4 ] DEBUG FXGLApplication      - Loading fonts
15:12:08.090 [FXGL Background Thread 4 ] DEBUG FXGLAssetLoaderServi - Loading from file system: jar:file:///C:/Users/POO/.m2/repository/com/github/almasb/fxgl/21.1/fxgl-21.1.jar!/fxglassets/ui/fonts/VarelaRound-Regular.ttf
15:12:08.090 [FXGL Background Thread 1 ] DEBUG FXGLApplication      - Loading default localization
15:12:08.091 [FXGL Background Thread 1 ] DEBUG FXGLAssetLoaderServi - Loading from file system: jar:file:///C:/Users/POO/.m2/repository/com/github/almasb/fxgl/21.1/fxgl-21.1.jar!/fxglassets/languages/english.lang
15:12:08.113 [FXGL Background Thread 1 ] INFO  FXGLApplication      - FXGL initialization took: 0.415 sec
15:12:08.124 [JavaFX Application Thread] DEBUG Input                - Registered new binding: Right - D
15:12:08.125 [JavaFX Application Thread] DEBUG Input                - Registered new binding: Left - A
15:12:08.125 [JavaFX Application Thread] DEBUG Input                - Registered new binding: Up - W
15:12:08.125 [JavaFX Application Thread] DEBUG Input                - Registered new binding: Down - S
15:12:08.125 [JavaFX Application Thread] DEBUG Input                - Registered new binding: Place Bomb - Space
15:12:08.125 [JavaFX Application Thread] DEBUG FXGLAssetLoaderServi - Loading from file system: jar:file:///C:/Users/POO/.m2/repository/com/github/almasb/fxgl/21.1/fxgl-21.1.jar!/fxglassets/textures/fxgl_icon.png
15:12:08.130 [FXGL Background Thread 4 ] DEBUG FXGLAssetLoaderServi - Loading from file system: jar:file:///C:/Users/POO/.m2/repository/com/github/almasb/fxgl/21.1/fxgl-21.1.jar!/fxglassets/ui/fonts/Abel-Regular.ttf
15:12:08.134 [FXGL Background Thread 4 ] DEBUG FXGLAssetLoaderServi - Loading from file system: jar:file:///C:/Users/POO/.m2/repository/com/github/almasb/fxgl/21.1/fxgl-21.1.jar!/fxglassets/ui/fonts/TerminalLandMono-Regular.otf
15:12:08.137 [FXGL Background Thread 4 ] DEBUG FXGLAssetLoaderServi - Loading from file system: jar:file:///C:/Users/POO/.m2/repository/com/github/almasb/fxgl/21.1/fxgl-21.1.jar!/fxglassets/ui/fonts/Courier-Prime.ttf
15:12:08.138 [JavaFX Application Thread] DEBUG FXGLAssetLoaderServi - Loading from file system: jar:file:///C:/Users/POO/.m2/repository/com/github/almasb/fxgl/21.1/fxgl-21.1.jar!/fxglassets/textures/fxgl_default_cursor.png
15:12:08.140 [JavaFX Application Thread] DEBUG Input                - Registered new binding: Screenshot - CTRL+8
15:12:08.141 [JavaFX Application Thread] DEBUG Input                - Registered new binding: Dev Options - 1
15:12:08.141 [JavaFX Application Thread] DEBUG Input                - Registered new binding: Dev Console - 2
15:12:08.141 [JavaFX Application Thread] DEBUG Input                - Registered new binding: System info dump - CTRL+9
15:12:08.141 [JavaFX Application Thread] DEBUG Input                - Registered new binding: Restart - CTRL+R
15:12:08.142 [JavaFX Application Thread] DEBUG Input                - Registered new binding: Toggle Debug Camera - CTRL+7
15:12:08.148 [JavaFX Application Thread] DEBUG LoopRunner           - Starting loop
15:12:08.163 [JavaFX Application Thread] DEBUG LoopRunner           - Initializing JavaFX AnimationTimerLoop
15:12:08.165 [JavaFX Application Thread] DEBUG GameApplicationServi - Starting new game
15:12:08.165 [JavaFX Application Thread] DEBUG Input                - Clearing active input actions
15:12:08.174 [JavaFX Application Thread] DEBUG GameApplicationServi - Removing overlay from FXGLStartupScene and adding to FXGLLoadingScene
15:12:08.178 [JavaFX Application Thread] DEBUG PrimaryStageWindow   - FXGLStartupScene -> FXGLLoadingScene
15:12:08.178 [JavaFX Application Thread] DEBUG GameApplicationServi - Clearing previous game
15:12:08.178 [JavaFX Application Thread] DEBUG GameScene            - Clearing game scene
15:12:08.178 [JavaFX Application Thread] DEBUG GameWorld            - Clearing game world
15:12:08.178 [JavaFX Application Thread] DEBUG PhysicsWorld         - Clearing physics world
15:12:08.181 [FXGL Background Thread 4 ] DEBUG FXGLApplication      - Initializing game
15:12:08.181 [JavaFX Application Thread] DEBUG FXGLApplication      - Registering font factories with UI factory
15:12:08.237 [FXGL Background Thread 4 ] WARN  TMXLevelLoader       - TiledMap generated from 1.11.2. Supported version: 1.9.0. Some features may not be parsed fully.
15:12:08.268 [FXGL Background Thread 4 ] DEBUG TMXLevelLoader       - Parsed TiledMap: file:/C:/Users/POO/intellij/Bakudun/target/classes/assets/levels/Map.tmx
15:12:08.269 [FXGL Background Thread 4 ] DEBUG TMXLevelLoader       - Creating tile layer entities
15:12:08.271 [FXGL Background Thread 4 ] DEBUG TilesetLoader        - Loading view for layer เลเยอร์ไทล์ 1
15:12:08.272 [FXGL Background Thread 4 ] DEBUG TilesetLoader        - Created buffer with size 640.0x480.0
15:12:08.278 [FXGL Background Thread 4 ] WARN  TilesetLoader        - Diagonally flipped tiles are not currently supported
15:12:08.288 [FXGL Background Thread 4 ] WARN  TilesetLoader        - Diagonally flipped tiles are not currently supported
15:12:08.298 [FXGL Background Thread 4 ] DEBUG TilesetLoader        - Loading view for layer WALL46
15:12:08.298 [FXGL Background Thread 4 ] DEBUG TilesetLoader        - Created buffer with size 640.0x480.0
15:12:08.299 [FXGL Background Thread 4 ] DEBUG TilesetLoader        - Loading view for layer WALL45
15:12:08.299 [FXGL Background Thread 4 ] DEBUG TilesetLoader        - Created buffer with size 640.0x480.0
15:12:08.299 [FXGL Background Thread 4 ] DEBUG TilesetLoader        - Loading view for layer WALL44
15:12:08.300 [FXGL Background Thread 4 ] DEBUG TilesetLoader        - Created buffer with size 640.0x480.0
15:12:08.301 [FXGL Background Thread 4 ] DEBUG TilesetLoader        - Loading view for layer WALL43
15:12:08.302 [FXGL Background Thread 4 ] DEBUG TilesetLoader        - Created buffer with size 640.0x480.0
15:12:08.302 [FXGL Background Thread 4 ] DEBUG TilesetLoader        - Loading view for layer WALL42
15:12:08.303 [FXGL Background Thread 4 ] DEBUG TilesetLoader        - Created buffer with size 640.0x480.0
15:12:08.303 [FXGL Background Thread 4 ] DEBUG TilesetLoader        - Loading view for layer WALL41
15:12:08.303 [FXGL Background Thread 4 ] DEBUG TilesetLoader        - Created buffer with size 640.0x480.0
15:12:08.304 [FXGL Background Thread 4 ] DEBUG TilesetLoader        - Loading view for layer WALL38
15:12:08.304 [FXGL Background Thread 4 ] DEBUG TilesetLoader        - Created buffer with size 640.0x480.0
15:12:08.304 [FXGL Background Thread 4 ] DEBUG TilesetLoader        - Loading view for layer WALL37
15:12:08.304 [FXGL Background Thread 4 ] DEBUG TilesetLoader        - Created buffer with size 640.0x480.0
15:12:08.306 [FXGL Background Thread 4 ] DEBUG TilesetLoader        - Loading view for layer WALL36
15:12:08.306 [FXGL Background Thread 4 ] DEBUG TilesetLoader        - Created buffer with size 640.0x480.0
15:12:08.306 [FXGL Background Thread 4 ] DEBUG TilesetLoader        - Loading view for layer WALL35
15:12:08.307 [FXGL Background Thread 4 ] DEBUG TilesetLoader        - Created buffer with size 640.0x480.0
15:12:08.307 [FXGL Background Thread 4 ] DEBUG TilesetLoader        - Loading view for layer WALL34
15:12:08.307 [FXGL Background Thread 4 ] DEBUG TilesetLoader        - Created buffer with size 640.0x480.0
15:12:08.308 [FXGL Background Thread 4 ] DEBUG TilesetLoader        - Loading view for layer WALL33
15:12:08.308 [FXGL Background Thread 4 ] DEBUG TilesetLoader        - Created buffer with size 640.0x480.0
15:12:08.309 [FXGL Background Thread 4 ] DEBUG TilesetLoader        - Loading view for layer WALL32
15:12:08.316 [FXGL Background Thread 4 ] DEBUG TilesetLoader        - Created buffer with size 640.0x480.0
15:12:08.317 [FXGL Background Thread 4 ] DEBUG TilesetLoader        - Loading view for layer WALL31
15:12:08.317 [FXGL Background Thread 4 ] DEBUG TilesetLoader        - Created buffer with size 640.0x480.0
15:12:08.318 [FXGL Background Thread 4 ] DEBUG TilesetLoader        - Loading view for layer WALL30
15:12:08.323 [FXGL Background Thread 4 ] DEBUG TilesetLoader        - Created buffer with size 640.0x480.0
15:12:08.324 [FXGL Background Thread 4 ] DEBUG TilesetLoader        - Loading view for layer WALL29
15:12:08.324 [FXGL Background Thread 4 ] DEBUG TilesetLoader        - Created buffer with size 640.0x480.0
15:12:08.325 [FXGL Background Thread 4 ] DEBUG TilesetLoader        - Loading view for layer WALL28
15:12:08.325 [FXGL Background Thread 4 ] DEBUG TilesetLoader        - Created buffer with size 640.0x480.0
15:12:08.325 [FXGL Background Thread 4 ] DEBUG TilesetLoader        - Loading view for layer WALL27
15:12:08.325 [FXGL Background Thread 4 ] DEBUG TilesetLoader        - Created buffer with size 640.0x480.0
15:12:08.326 [FXGL Background Thread 4 ] DEBUG TilesetLoader        - Loading view for layer WALL26
15:12:08.328 [FXGL Background Thread 4 ] DEBUG TilesetLoader        - Created buffer with size 640.0x480.0
15:12:08.330 [FXGL Background Thread 4 ] DEBUG TilesetLoader        - Loading view for layer WALL25
15:12:08.330 [FXGL Background Thread 4 ] DEBUG TilesetLoader        - Created buffer with size 640.0x480.0
15:12:08.331 [FXGL Background Thread 4 ] DEBUG TilesetLoader        - Loading view for layer WALL24
15:12:08.333 [FXGL Background Thread 4 ] DEBUG TilesetLoader        - Created buffer with size 640.0x480.0
15:12:08.334 [FXGL Background Thread 4 ] DEBUG TilesetLoader        - Loading view for layer WALL23
15:12:08.335 [FXGL Background Thread 4 ] DEBUG TilesetLoader        - Created buffer with size 640.0x480.0
15:12:08.335 [FXGL Background Thread 4 ] DEBUG TilesetLoader        - Loading view for layer WALL22
15:12:08.335 [FXGL Background Thread 4 ] DEBUG TilesetLoader        - Created buffer with size 640.0x480.0
15:12:08.337 [FXGL Background Thread 4 ] DEBUG TilesetLoader        - Loading view for layer WALL21
15:12:08.338 [FXGL Background Thread 4 ] DEBUG TilesetLoader        - Created buffer with size 640.0x480.0
15:12:08.338 [FXGL Background Thread 4 ] DEBUG TilesetLoader        - Loading view for layer WALL20
15:12:08.339 [FXGL Background Thread 4 ] DEBUG TilesetLoader        - Created buffer with size 640.0x480.0
15:12:08.339 [FXGL Background Thread 4 ] DEBUG TilesetLoader        - Loading view for layer WALL19
15:12:08.340 [FXGL Background Thread 4 ] DEBUG TilesetLoader        - Created buffer with size 640.0x480.0
15:12:08.340 [FXGL Background Thread 4 ] DEBUG TilesetLoader        - Loading view for layer WALL18
15:12:08.341 [FXGL Background Thread 4 ] DEBUG TilesetLoader        - Created buffer with size 640.0x480.0
15:12:08.341 [FXGL Background Thread 4 ] DEBUG TilesetLoader        - Loading view for layer WALL17
15:12:08.344 [FXGL Background Thread 4 ] DEBUG TilesetLoader        - Created buffer with size 640.0x480.0
15:12:08.344 [FXGL Background Thread 4 ] DEBUG TilesetLoader        - Loading view for layer WALL16
15:12:08.345 [FXGL Background Thread 4 ] DEBUG TilesetLoader        - Created buffer with size 640.0x480.0
15:12:08.346 [FXGL Background Thread 4 ] DEBUG TilesetLoader        - Loading view for layer WALL15
15:12:08.349 [FXGL Background Thread 4 ] DEBUG TilesetLoader        - Created buffer with size 640.0x480.0
15:12:08.350 [FXGL Background Thread 4 ] DEBUG TilesetLoader        - Loading view for layer WALL14
15:12:08.351 [FXGL Background Thread 4 ] DEBUG TilesetLoader        - Created buffer with size 640.0x480.0
15:12:08.352 [FXGL Background Thread 4 ] DEBUG TilesetLoader        - Loading view for layer WALL13
15:12:08.353 [FXGL Background Thread 4 ] DEBUG TilesetLoader        - Created buffer with size 640.0x480.0
15:12:08.354 [FXGL Background Thread 4 ] DEBUG TilesetLoader        - Loading view for layer WALL12
15:12:08.355 [FXGL Background Thread 4 ] DEBUG TilesetLoader        - Created buffer with size 640.0x480.0
15:12:08.356 [FXGL Background Thread 4 ] DEBUG TilesetLoader        - Loading view for layer WALL11
15:12:08.356 [FXGL Background Thread 4 ] DEBUG TilesetLoader        - Created buffer with size 640.0x480.0
15:12:08.356 [FXGL Background Thread 4 ] DEBUG TilesetLoader        - Loading view for layer WALL10
15:12:08.359 [FXGL Background Thread 4 ] DEBUG TilesetLoader        - Created buffer with size 640.0x480.0
15:12:08.360 [FXGL Background Thread 4 ] DEBUG TilesetLoader        - Loading view for layer WALL9
15:12:08.361 [FXGL Background Thread 4 ] DEBUG TilesetLoader        - Created buffer with size 640.0x480.0
15:12:08.362 [FXGL Background Thread 4 ] DEBUG TilesetLoader        - Loading view for layer WALL8
15:12:08.364 [FXGL Background Thread 4 ] DEBUG TilesetLoader        - Created buffer with size 640.0x480.0
15:12:08.365 [FXGL Background Thread 4 ] DEBUG TilesetLoader        - Loading view for layer WALL7
15:12:08.366 [FXGL Background Thread 4 ] DEBUG TilesetLoader        - Created buffer with size 640.0x480.0
15:12:08.367 [FXGL Background Thread 4 ] DEBUG TilesetLoader        - Loading view for layer WALL6
15:12:08.367 [FXGL Background Thread 4 ] DEBUG TilesetLoader        - Created buffer with size 640.0x480.0
15:12:08.368 [FXGL Background Thread 4 ] DEBUG TilesetLoader        - Loading view for layer WALL5
15:12:08.370 [FXGL Background Thread 4 ] DEBUG TilesetLoader        - Created buffer with size 640.0x480.0
15:12:08.374 [FXGL Background Thread 4 ] DEBUG TilesetLoader        - Loading view for layer WALL4
15:12:08.375 [FXGL Background Thread 4 ] DEBUG TilesetLoader        - Created buffer with size 640.0x480.0
15:12:08.376 [FXGL Background Thread 4 ] DEBUG TilesetLoader        - Loading view for layer WALL3
15:12:08.379 [FXGL Background Thread 4 ] DEBUG TilesetLoader        - Created buffer with size 640.0x480.0
15:12:08.381 [FXGL Background Thread 4 ] DEBUG TilesetLoader        - Loading view for layer WALL2
15:12:08.381 [FXGL Background Thread 4 ] DEBUG TilesetLoader        - Created buffer with size 640.0x480.0
15:12:08.381 [FXGL Background Thread 4 ] DEBUG TilesetLoader        - Loading view for layer WALL1
15:12:08.382 [FXGL Background Thread 4 ] DEBUG TilesetLoader        - Created buffer with size 640.0x480.0
15:12:08.382 [FXGL Background Thread 4 ] DEBUG TilesetLoader        - Loading view for layer เลเยอร์ไทล์ 2
15:12:08.384 [FXGL Background Thread 4 ] DEBUG TilesetLoader        - Created buffer with size 640.0x480.0
15:12:08.384 [FXGL Background Thread 4 ] DEBUG TilesetLoader        - Loading view for layer เลเยอร์ไทล์ 3
15:12:08.385 [FXGL Background Thread 4 ] DEBUG TilesetLoader        - Created buffer with size 640.0x480.0
15:12:08.385 [FXGL Background Thread 4 ] DEBUG TMXLevelLoader       - Creating object layer entities
15:12:08.419 [FXGL Background Thread 4 ] DEBUG FXGLAssetLoaderServi - Loading from file system: file:/C:/Users/POO/intellij/Bakudun/target/classes/assets/textures/Jim2.png
15:12:08.448 [FXGL Background Thread 4 ] DEBUG FXGLAssetLoaderServi - Loading from file system: file:/C:/Users/POO/intellij/Bakudun/target/classes/assets/textures/wallbreak.png
15:12:08.456 [FXGL Background Thread 4 ] WARN  TMXLevelLoader       - TiledMap generated from 1.11.2. Supported version: 1.9.0. Some features may not be parsed fully.
15:12:08.484 [FXGL Background Thread 4 ] DEBUG TMXLevelLoader       - Parsed TiledMap: file:/C:/Users/POO/intellij/Bakudun/target/classes/assets/levels/Map.tmx
15:12:08.484 [FXGL Background Thread 4 ] DEBUG TMXLevelLoader       - Creating tile layer entities
15:12:08.485 [FXGL Background Thread 4 ] DEBUG TilesetLoader        - Loading view for layer เลเยอร์ไทล์ 1
15:12:08.488 [FXGL Background Thread 4 ] DEBUG TilesetLoader        - Created buffer with size 640.0x480.0
15:12:08.495 [FXGL Background Thread 4 ] WARN  TilesetLoader        - Diagonally flipped tiles are not currently supported
15:12:08.505 [FXGL Background Thread 4 ] WARN  TilesetLoader        - Diagonally flipped tiles are not currently supported
15:12:08.513 [FXGL Background Thread 4 ] DEBUG TilesetLoader        - Loading view for layer WALL46
15:12:08.518 [FXGL Background Thread 4 ] DEBUG TilesetLoader        - Created buffer with size 640.0x480.0
15:12:08.519 [FXGL Background Thread 4 ] DEBUG TilesetLoader        - Loading view for layer WALL45
15:12:08.520 [FXGL Background Thread 4 ] DEBUG TilesetLoader        - Created buffer with size 640.0x480.0
15:12:08.521 [FXGL Background Thread 4 ] DEBUG TilesetLoader        - Loading view for layer WALL44
15:12:08.521 [FXGL Background Thread 4 ] DEBUG TilesetLoader        - Created buffer with size 640.0x480.0
15:12:08.522 [FXGL Background Thread 4 ] DEBUG TilesetLoader        - Loading view for layer WALL43
15:12:08.522 [FXGL Background Thread 4 ] DEBUG TilesetLoader        - Created buffer with size 640.0x480.0
15:12:08.524 [FXGL Background Thread 4 ] DEBUG TilesetLoader        - Loading view for layer WALL42
15:12:08.524 [FXGL Background Thread 4 ] DEBUG TilesetLoader        - Created buffer with size 640.0x480.0
15:12:08.525 [FXGL Background Thread 4 ] DEBUG TilesetLoader        - Loading view for layer WALL41
15:12:08.525 [FXGL Background Thread 4 ] DEBUG TilesetLoader        - Created buffer with size 640.0x480.0
15:12:08.526 [FXGL Background Thread 4 ] DEBUG TilesetLoader        - Loading view for layer WALL38
15:12:08.530 [FXGL Background Thread 4 ] DEBUG TilesetLoader        - Created buffer with size 640.0x480.0
15:12:08.532 [FXGL Background Thread 4 ] DEBUG TilesetLoader        - Loading view for layer WALL37
15:12:08.538 [FXGL Background Thread 4 ] DEBUG TilesetLoader        - Created buffer with size 640.0x480.0
15:12:08.539 [FXGL Background Thread 4 ] DEBUG TilesetLoader        - Loading view for layer WALL36
15:12:08.540 [FXGL Background Thread 4 ] DEBUG TilesetLoader        - Created buffer with size 640.0x480.0
15:12:08.541 [FXGL Background Thread 4 ] DEBUG TilesetLoader        - Loading view for layer WALL35
15:12:08.541 [FXGL Background Thread 4 ] DEBUG TilesetLoader        - Created buffer with size 640.0x480.0
15:12:08.542 [FXGL Background Thread 4 ] DEBUG TilesetLoader        - Loading view for layer WALL34
15:12:08.542 [FXGL Background Thread 4 ] DEBUG TilesetLoader        - Created buffer with size 640.0x480.0
15:12:08.543 [FXGL Background Thread 4 ] DEBUG TilesetLoader        - Loading view for layer WALL33
15:12:08.543 [FXGL Background Thread 4 ] DEBUG TilesetLoader        - Created buffer with size 640.0x480.0
15:12:08.544 [FXGL Background Thread 4 ] DEBUG TilesetLoader        - Loading view for layer WALL32
15:12:08.544 [FXGL Background Thread 4 ] DEBUG TilesetLoader        - Created buffer with size 640.0x480.0
15:12:08.547 [FXGL Background Thread 4 ] DEBUG TilesetLoader        - Loading view for layer WALL31
15:12:08.548 [FXGL Background Thread 4 ] DEBUG TilesetLoader        - Created buffer with size 640.0x480.0
15:12:08.549 [FXGL Background Thread 4 ] DEBUG TilesetLoader        - Loading view for layer WALL30
15:12:08.553 [FXGL Background Thread 4 ] DEBUG TilesetLoader        - Created buffer with size 640.0x480.0
15:12:08.554 [FXGL Background Thread 4 ] DEBUG TilesetLoader        - Loading view for layer WALL29
15:12:08.556 [FXGL Background Thread 4 ] DEBUG TilesetLoader        - Created buffer with size 640.0x480.0
15:12:08.557 [FXGL Background Thread 4 ] DEBUG TilesetLoader        - Loading view for layer WALL28
15:12:08.557 [FXGL Background Thread 4 ] DEBUG TilesetLoader        - Created buffer with size 640.0x480.0
15:12:08.558 [FXGL Background Thread 4 ] DEBUG TilesetLoader        - Loading view for layer WALL27
15:12:08.558 [FXGL Background Thread 4 ] DEBUG TilesetLoader        - Created buffer with size 640.0x480.0
15:12:08.559 [FXGL Background Thread 4 ] DEBUG TilesetLoader        - Loading view for layer WALL26
15:12:08.560 [FXGL Background Thread 4 ] DEBUG TilesetLoader        - Created buffer with size 640.0x480.0
15:12:08.560 [FXGL Background Thread 4 ] DEBUG TilesetLoader        - Loading view for layer WALL25
15:12:08.561 [FXGL Background Thread 4 ] DEBUG TilesetLoader        - Created buffer with size 640.0x480.0
15:12:08.563 [FXGL Background Thread 4 ] DEBUG TilesetLoader        - Loading view for layer WALL24
15:12:08.564 [FXGL Background Thread 4 ] DEBUG TilesetLoader        - Created buffer with size 640.0x480.0
15:12:08.565 [FXGL Background Thread 4 ] DEBUG TilesetLoader        - Loading view for layer WALL23
15:12:08.570 [FXGL Background Thread 4 ] DEBUG TilesetLoader        - Created buffer with size 640.0x480.0
15:12:08.571 [FXGL Background Thread 4 ] DEBUG TilesetLoader        - Loading view for layer WALL22
15:12:08.572 [FXGL Background Thread 4 ] DEBUG TilesetLoader        - Created buffer with size 640.0x480.0
15:12:08.572 [FXGL Background Thread 4 ] DEBUG TilesetLoader        - Loading view for layer WALL21
15:12:08.574 [FXGL Background Thread 4 ] DEBUG TilesetLoader        - Created buffer with size 640.0x480.0
15:12:08.574 [FXGL Background Thread 4 ] DEBUG TilesetLoader        - Loading view for layer WALL20
15:12:08.575 [FXGL Background Thread 4 ] DEBUG TilesetLoader        - Created buffer with size 640.0x480.0
15:12:08.576 [FXGL Background Thread 4 ] DEBUG TilesetLoader        - Loading view for layer WALL19
15:12:08.576 [FXGL Background Thread 4 ] DEBUG TilesetLoader        - Created buffer with size 640.0x480.0
15:12:08.578 [FXGL Background Thread 4 ] DEBUG TilesetLoader        - Loading view for layer WALL18
15:12:08.578 [FXGL Background Thread 4 ] DEBUG TilesetLoader        - Created buffer with size 640.0x480.0
15:12:08.579 [FXGL Background Thread 4 ] DEBUG TilesetLoader        - Loading view for layer WALL17
15:12:08.579 [FXGL Background Thread 4 ] DEBUG TilesetLoader        - Created buffer with size 640.0x480.0
15:12:08.580 [FXGL Background Thread 4 ] DEBUG TilesetLoader        - Loading view for layer WALL16
15:12:08.580 [FXGL Background Thread 4 ] DEBUG TilesetLoader        - Created buffer with size 640.0x480.0
15:12:08.580 [FXGL Background Thread 4 ] DEBUG TilesetLoader        - Loading view for layer WALL15
15:12:08.580 [FXGL Background Thread 4 ] DEBUG TilesetLoader        - Created buffer with size 640.0x480.0
15:12:08.581 [FXGL Background Thread 4 ] DEBUG TilesetLoader        - Loading view for layer WALL14
15:12:08.581 [FXGL Background Thread 4 ] DEBUG TilesetLoader        - Created buffer with size 640.0x480.0
15:12:08.582 [FXGL Background Thread 4 ] DEBUG TilesetLoader        - Loading view for layer WALL13
15:12:08.582 [FXGL Background Thread 4 ] DEBUG TilesetLoader        - Created buffer with size 640.0x480.0
15:12:08.583 [FXGL Background Thread 4 ] DEBUG TilesetLoader        - Loading view for layer WALL12
15:12:08.583 [FXGL Background Thread 4 ] DEBUG TilesetLoader        - Created buffer with size 640.0x480.0
15:12:08.583 [FXGL Background Thread 4 ] DEBUG TilesetLoader        - Loading view for layer WALL11
15:12:08.583 [FXGL Background Thread 4 ] DEBUG TilesetLoader        - Created buffer with size 640.0x480.0
15:12:08.584 [FXGL Background Thread 4 ] DEBUG TilesetLoader        - Loading view for layer WALL10
15:12:08.584 [FXGL Background Thread 4 ] DEBUG TilesetLoader        - Created buffer with size 640.0x480.0
15:12:08.584 [FXGL Background Thread 4 ] DEBUG TilesetLoader        - Loading view for layer WALL9
15:12:08.584 [FXGL Background Thread 4 ] DEBUG TilesetLoader        - Created buffer with size 640.0x480.0
15:12:08.586 [FXGL Background Thread 4 ] DEBUG TilesetLoader        - Loading view for layer WALL8
15:12:08.586 [FXGL Background Thread 4 ] DEBUG TilesetLoader        - Created buffer with size 640.0x480.0
15:12:08.587 [FXGL Background Thread 4 ] DEBUG TilesetLoader        - Loading view for layer WALL7
15:12:08.587 [FXGL Background Thread 4 ] DEBUG TilesetLoader        - Created buffer with size 640.0x480.0
15:12:08.587 [FXGL Background Thread 4 ] DEBUG TilesetLoader        - Loading view for layer WALL6
15:12:08.588 [FXGL Background Thread 4 ] DEBUG TilesetLoader        - Created buffer with size 640.0x480.0
15:12:08.588 [FXGL Background Thread 4 ] DEBUG TilesetLoader        - Loading view for layer WALL5
15:12:08.589 [FXGL Background Thread 4 ] DEBUG TilesetLoader        - Created buffer with size 640.0x480.0
15:12:08.589 [FXGL Background Thread 4 ] DEBUG TilesetLoader        - Loading view for layer WALL4
15:12:08.589 [FXGL Background Thread 4 ] DEBUG TilesetLoader        - Created buffer with size 640.0x480.0
15:12:08.590 [FXGL Background Thread 4 ] DEBUG TilesetLoader        - Loading view for layer WALL3
15:12:08.590 [FXGL Background Thread 4 ] DEBUG TilesetLoader        - Created buffer with size 640.0x480.0
15:12:08.590 [FXGL Background Thread 4 ] DEBUG TilesetLoader        - Loading view for layer WALL2
15:12:08.590 [FXGL Background Thread 4 ] DEBUG TilesetLoader        - Created buffer with size 640.0x480.0
15:12:08.591 [FXGL Background Thread 4 ] DEBUG TilesetLoader        - Loading view for layer WALL1
15:12:08.591 [FXGL Background Thread 4 ] DEBUG TilesetLoader        - Created buffer with size 640.0x480.0
15:12:08.591 [FXGL Background Thread 4 ] DEBUG TilesetLoader        - Loading view for layer เลเยอร์ไทล์ 2
15:12:08.591 [FXGL Background Thread 4 ] DEBUG TilesetLoader        - Created buffer with size 640.0x480.0
15:12:08.592 [FXGL Background Thread 4 ] DEBUG TilesetLoader        - Loading view for layer เลเยอร์ไทล์ 3
15:12:08.592 [FXGL Background Thread 4 ] DEBUG TilesetLoader        - Created buffer with size 640.0x480.0
15:12:08.593 [FXGL Background Thread 4 ] DEBUG TMXLevelLoader       - Creating object layer entities
15:12:08.612 [FXGL Background Thread 4 ] DEBUG GameWorld            - Clearing removable entities
15:12:08.612 [FXGL Background Thread 4 ] DEBUG GameWorld            - Setting level: com.almasb.fxgl.entity.level.Level@43f9ed1f
15:12:08.626 [FXGL Background Thread 4 ] INFO  FXGLApplication      - Game initialization took: 0.446 sec
15:12:08.647 [JavaFX Application Thread] DEBUG Input                - Clearing active input actions
15:12:08.660 [JavaFX Application Thread] DEBUG GameApplicationServi - Removing overlay from FXGLLoadingScene and adding to GameScene
15:12:08.667 [JavaFX Application Thread] DEBUG PrimaryStageWindow   - FXGLLoadingScene -> GameScene
15:12:11.089 [FXGL Background Thread 3 ] DEBUG Engine               - Logging environment variables
15:12:11.089 [FXGL Background Thread 3 ] DEBUG Engine               - achievements: []
15:12:11.090 [FXGL Background Thread 3 ] DEBUG Engine               - actualHeight: 480.0
15:12:11.090 [FXGL Background Thread 3 ] DEBUG Engine               - actualHeightProperty: ReadOnlyDoubleProperty [value: 480.0]
15:12:11.090 [FXGL Background Thread 3 ] DEBUG Engine               - actualWidth: 640.0
15:12:11.090 [FXGL Background Thread 3 ] DEBUG Engine               - actualWidthProperty: ReadOnlyDoubleProperty [value: 640.0]
15:12:11.090 [FXGL Background Thread 3 ] DEBUG Engine               - appIcon: fxgl_icon.png
15:12:11.090 [FXGL Background Thread 3 ] DEBUG Engine               - applicationMode: DEVELOPER
15:12:11.090 [FXGL Background Thread 3 ] DEBUG Engine               - cSSList: [fxgl_dark.css]
15:12:11.090 [FXGL Background Thread 3 ] DEBUG Engine               - collisionDetectionStrategy: BRUTE_FORCE
15:12:11.090 [FXGL Background Thread 3 ] DEBUG Engine               - configClass: Optional.empty
15:12:11.090 [FXGL Background Thread 3 ] DEBUG Engine               - credits: []
15:12:11.090 [FXGL Background Thread 3 ] DEBUG Engine               - defaultCursor: CursorInfo(imageName=fxgl_default_cursor.png, hotspotX=7.0, hotspotY=6.0)
15:12:11.091 [FXGL Background Thread 3 ] DEBUG Engine               - devBBoxColorProperty: ObjectProperty [value: 0xff0000ff]
15:12:11.091 [FXGL Background Thread 3 ] DEBUG Engine               - devEnableDebugCameraProperty: BooleanProperty [value: false]
15:12:11.091 [FXGL Background Thread 3 ] DEBUG Engine               - devSensorColorProperty: ObjectProperty [value: 0xffff00ff]
15:12:11.091 [FXGL Background Thread 3 ] DEBUG Engine               - devShowBBoxProperty: BooleanProperty [value: false]
15:12:11.091 [FXGL Background Thread 3 ] DEBUG Engine               - devShowPositionProperty: BooleanProperty [value: false]
15:12:11.091 [FXGL Background Thread 3 ] DEBUG Engine               - enabledMenuItems: []
15:12:11.091 [FXGL Background Thread 3 ] DEBUG Engine               - engineServices: [class com.almasb.fxgl.app.services.FXGLAssetLoaderService, class com.almasb.fxgl.app.FXGLApplication$GameApplicationService, class com.almasb.fxgl.app.services.FXGLDialogService, class com.almasb.fxgl.app.services.IOTaskExecutorService, class com.almasb.fxgl.io.FileSystemService, class com.almasb.fxgl.localization.LocalizationService, class com.almasb.fxgl.app.services.SystemBundleService, class com.almasb.fxgl.profile.SaveLoadService, class com.almasb.fxgl.ui.FXGLUIFactoryServiceProvider, class com.almasb.fxgl.ui.FXGLDialogFactoryServiceProvider, class com.almasb.fxgl.audio.AudioPlayer, class com.almasb.fxgl.notification.impl.NotificationServiceProvider, class com.almasb.fxgl.achievement.AchievementService, class com.almasb.fxgl.cutscene.CutsceneService, class com.almasb.fxgl.minigames.MiniGameService, class com.almasb.fxgl.net.NetService, class com.almasb.fxgl.app.services.UpdaterService, class com.almasb.fxgl.dev.DevService]
15:12:11.091 [FXGL Background Thread 3 ] DEBUG Engine               - fontGame: Abel-Regular.ttf
15:12:11.091 [FXGL Background Thread 3 ] DEBUG Engine               - fontMono: TerminalLandMono-Regular.otf
15:12:11.091 [FXGL Background Thread 3 ] DEBUG Engine               - fontSizeScaleUI: 1.0
15:12:11.091 [FXGL Background Thread 3 ] DEBUG Engine               - fontText: Courier-Prime.ttf
15:12:11.091 [FXGL Background Thread 3 ] DEBUG Engine               - fontUI: VarelaRound-Regular.ttf
15:12:11.091 [FXGL Background Thread 3 ] DEBUG Engine               - fullScreen: BooleanProperty [value: false]
15:12:11.091 [FXGL Background Thread 3 ] DEBUG Engine               - gameDifficulty: MEDIUM
15:12:11.091 [FXGL Background Thread 3 ] DEBUG Engine               - gameDifficultyProperty: ObjectProperty [value: MEDIUM]
15:12:11.091 [FXGL Background Thread 3 ] DEBUG Engine               - globalMusicVolume: 0.5
15:12:11.091 [FXGL Background Thread 3 ] DEBUG Engine               - globalMusicVolumeProperty: DoubleProperty [value: 0.5]
15:12:11.092 [FXGL Background Thread 3 ] DEBUG Engine               - globalSoundVolume: 0.5
15:12:11.092 [FXGL Background Thread 3 ] DEBUG Engine               - globalSoundVolumeProperty: DoubleProperty [value: 0.5]
15:12:11.092 [FXGL Background Thread 3 ] DEBUG Engine               - height: 480
15:12:11.092 [FXGL Background Thread 3 ] DEBUG Engine               - is3D: false
15:12:11.092 [FXGL Background Thread 3 ] DEBUG Engine               - isAndroid: false
15:12:11.092 [FXGL Background Thread 3 ] DEBUG Engine               - isBrowser: false
15:12:11.092 [FXGL Background Thread 3 ] DEBUG Engine               - isClickFeedbackEnabled: false
15:12:11.092 [FXGL Background Thread 3 ] DEBUG Engine               - isCloseConfirmation: false
15:12:11.092 [FXGL Background Thread 3 ] DEBUG Engine               - isDesktop: true
15:12:11.092 [FXGL Background Thread 3 ] DEBUG Engine               - isDeveloperMenuEnabled: true
15:12:11.092 [FXGL Background Thread 3 ] DEBUG Engine               - isEmbedded: false
15:12:11.092 [FXGL Background Thread 3 ] DEBUG Engine               - isEntityPreloadEnabled: true
15:12:11.092 [FXGL Background Thread 3 ] DEBUG Engine               - isExperimentalTiledLargeMap: false
15:12:11.092 [FXGL Background Thread 3 ] DEBUG Engine               - isFileSystemWriteAllowed: true
15:12:11.092 [FXGL Background Thread 3 ] DEBUG Engine               - isFullScreenAllowed: false
15:12:11.092 [FXGL Background Thread 3 ] DEBUG Engine               - isFullScreenFromStart: false
15:12:11.092 [FXGL Background Thread 3 ] DEBUG Engine               - isGameMenuEnabled: true
15:12:11.092 [FXGL Background Thread 3 ] DEBUG Engine               - isIOS: false
15:12:11.092 [FXGL Background Thread 3 ] DEBUG Engine               - isIntroEnabled: false
15:12:11.092 [FXGL Background Thread 3 ] DEBUG Engine               - isLinux: false
15:12:11.092 [FXGL Background Thread 3 ] DEBUG Engine               - isMac: false
15:12:11.092 [FXGL Background Thread 3 ] DEBUG Engine               - isMainMenuEnabled: false
15:12:11.092 [FXGL Background Thread 3 ] DEBUG Engine               - isManualResizeEnabled: false
15:12:11.092 [FXGL Background Thread 3 ] DEBUG Engine               - isMobile: false
15:12:11.092 [FXGL Background Thread 3 ] DEBUG Engine               - isNative: false
15:12:11.092 [FXGL Background Thread 3 ] DEBUG Engine               - isPauseMusicWhenMinimized: true
15:12:11.092 [FXGL Background Thread 3 ] DEBUG Engine               - isPreserveResizeRatio: false
15:12:11.092 [FXGL Background Thread 3 ] DEBUG Engine               - isProfilingEnabled: false
15:12:11.093 [FXGL Background Thread 3 ] DEBUG Engine               - isScaleAffectedOnResize: true
15:12:11.093 [FXGL Background Thread 3 ] DEBUG Engine               - isSingleStep: false
15:12:11.093 [FXGL Background Thread 3 ] DEBUG Engine               - isUserProfileEnabled: false
15:12:11.093 [FXGL Background Thread 3 ] DEBUG Engine               - isWindows: true
15:12:11.093 [FXGL Background Thread 3 ] DEBUG Engine               - language: ObjectProperty [value: ENGLISH]
15:12:11.093 [FXGL Background Thread 3 ] DEBUG Engine               - menuKey: ESCAPE
15:12:11.093 [FXGL Background Thread 3 ] DEBUG Engine               - mouseSensitivity: 0.2
15:12:11.093 [FXGL Background Thread 3 ] DEBUG Engine               - notificationViewClass: class com.almasb.fxgl.notification.view.XboxNotificationView
15:12:11.093 [FXGL Background Thread 3 ] DEBUG Engine               - pixelsPerMeter: 50.0
15:12:11.093 [FXGL Background Thread 3 ] DEBUG Engine               - platform: WINDOWS
15:12:11.093 [FXGL Background Thread 3 ] DEBUG Engine               - prefHeightProperty: ReadOnlyDoubleProperty [value: 480.0]
15:12:11.093 [FXGL Background Thread 3 ] DEBUG Engine               - prefWidthProperty: ReadOnlyDoubleProperty [value: 640.0]
15:12:11.093 [FXGL Background Thread 3 ] DEBUG Engine               - profileDir: profiles/
15:12:11.093 [FXGL Background Thread 3 ] DEBUG Engine               - profileName: StringProperty [value: DEFAULT]
15:12:11.093 [FXGL Background Thread 3 ] DEBUG Engine               - randomSeed: -1
15:12:11.094 [FXGL Background Thread 3 ] DEBUG Engine               - runtimeInfo: RuntimeInfo(platform=WINDOWS, version=21.1, build=27.03.2024 07.52)
15:12:11.094 [FXGL Background Thread 3 ] DEBUG Engine               - saveFileExt: sav
15:12:11.094 [FXGL Background Thread 3 ] DEBUG Engine               - scaledHeightProp$fxgl: DoubleProperty [bound, value: 480.0]
15:12:11.094 [FXGL Background Thread 3 ] DEBUG Engine               - scaledWidthProp$fxgl: DoubleProperty [bound, value: 640.0]
15:12:11.094 [FXGL Background Thread 3 ] DEBUG Engine               - sceneFactory: com.almasb.fxgl.app.scene.SceneFactory@3a4c4ce6
15:12:11.094 [FXGL Background Thread 3 ] DEBUG Engine               - secondsIn24h: 60
15:12:11.094 [FXGL Background Thread 3 ] DEBUG Engine               - soundMenuBack: menu/back.wav
15:12:11.094 [FXGL Background Thread 3 ] DEBUG Engine               - soundMenuPress: menu/press.wav
15:12:11.094 [FXGL Background Thread 3 ] DEBUG Engine               - soundMenuSelect: menu/select.wav
15:12:11.094 [FXGL Background Thread 3 ] DEBUG Engine               - soundNotification: core/notification.wav
15:12:11.094 [FXGL Background Thread 3 ] DEBUG Engine               - stageStyle: DECORATED
15:12:11.094 [FXGL Background Thread 3 ] DEBUG Engine               - supportedLanguages: [ENGLISH, FRENCH, GERMAN, HUNGARIAN, RUSSIAN]
15:12:11.094 [FXGL Background Thread 3 ] DEBUG Engine               - ticksPerSecond: -1
15:12:11.094 [FXGL Background Thread 3 ] DEBUG Engine               - title: BomberMan
15:12:11.094 [FXGL Background Thread 3 ] DEBUG Engine               - urlGithub: https://github.com/AlmasB/FXGL
15:12:11.094 [FXGL Background Thread 3 ] DEBUG Engine               - urlLeaderboard: http://fxgl-top.herokuapp.com/
15:12:11.094 [FXGL Background Thread 3 ] DEBUG Engine               - urlPOM: https://raw.githubusercontent.com/AlmasB/FXGL/release/README.md
15:12:11.095 [FXGL Background Thread 3 ] DEBUG Engine               - userAppClass: class me.pooh.bakudun.App
15:12:11.095 [FXGL Background Thread 3 ] DEBUG Engine               - version: 0.1
15:12:11.095 [FXGL Background Thread 3 ] DEBUG Engine               - versionCheckDays: 7
15:12:11.095 [FXGL Background Thread 3 ] DEBUG Engine               - width: 640
15:12:11.095 [FXGL Background Thread 3 ] DEBUG Engine               - Logging services
15:12:11.095 [FXGL Background Thread 3 ] DEBUG Engine               - class com.almasb.fxgl.app.services.FXGLAssetLoaderService
15:12:11.095 [FXGL Background Thread 3 ] DEBUG Engine               - class com.almasb.fxgl.app.FXGLApplication$GameApplicationService
15:12:11.095 [FXGL Background Thread 3 ] DEBUG Engine               - class com.almasb.fxgl.app.services.FXGLDialogService
15:12:11.095 [FXGL Background Thread 3 ] DEBUG Engine               - class com.almasb.fxgl.app.services.IOTaskExecutorService
15:12:11.095 [FXGL Background Thread 3 ] DEBUG Engine               - class com.almasb.fxgl.io.FileSystemService
15:12:11.095 [FXGL Background Thread 3 ] DEBUG Engine               - class com.almasb.fxgl.localization.LocalizationService
15:12:11.095 [FXGL Background Thread 3 ] DEBUG Engine               - class com.almasb.fxgl.app.services.SystemBundleService
15:12:11.095 [FXGL Background Thread 3 ] DEBUG Engine               - class com.almasb.fxgl.profile.SaveLoadService
15:12:11.095 [FXGL Background Thread 3 ] DEBUG Engine               - class com.almasb.fxgl.ui.FXGLUIFactoryServiceProvider
15:12:11.095 [FXGL Background Thread 3 ] DEBUG Engine               - class com.almasb.fxgl.ui.FXGLDialogFactoryServiceProvider
15:12:11.095 [FXGL Background Thread 3 ] DEBUG Engine               - class com.almasb.fxgl.audio.AudioPlayer
15:12:11.095 [FXGL Background Thread 3 ] DEBUG Engine               - class com.almasb.fxgl.notification.impl.NotificationServiceProvider
15:12:11.095 [FXGL Background Thread 3 ] DEBUG Engine               - class com.almasb.fxgl.achievement.AchievementService
15:12:11.095 [FXGL Background Thread 3 ] DEBUG Engine               - class com.almasb.fxgl.cutscene.CutsceneService
15:12:11.095 [FXGL Background Thread 3 ] DEBUG Engine               - class com.almasb.fxgl.minigames.MiniGameService
15:12:11.095 [FXGL Background Thread 3 ] DEBUG Engine               - class com.almasb.fxgl.net.NetService
15:12:11.095 [FXGL Background Thread 3 ] DEBUG Engine               - class com.almasb.fxgl.app.services.UpdaterService
15:12:11.095 [FXGL Background Thread 3 ] DEBUG Engine               - class com.almasb.fxgl.dev.DevService
15:12:13.569 [JavaFX Application Thread] WARN  Entity               - Entity already has component: com.almasb.fxgl.physics.PhysicsComponent
15:12:13.572 [JavaFX Application Thread] DEBUG FXGLAssetLoaderServi - Loading from file system: file:/C:/Users/POO/intellij/Bakudun/target/classes/assets/textures/bombball.png
15:12:13.573 [JavaFX Application Thread] DEBUG FXGLAssetLoaderServi - Loading from file system: file:/C:/Users/POO/intellij/Bakudun/target/classes/assets/textures/bombblast.png
15:12:13.933 [JavaFX Application Thread] WARN  Entity               - Entity already has component: com.almasb.fxgl.physics.PhysicsComponent
15:12:19.812 [JavaFX Application Thread] WARN  Entity               - Entity already has component: com.almasb.fxgl.physics.PhysicsComponent
15:12:23.967 [JavaFX Application Thread] DEBUG FXGLApplication      - Exiting FXGL
15:12:23.967 [JavaFX Application Thread] DEBUG LoopRunner           - Stopping loop
15:12:23.967 [JavaFX Application Thread] DEBUG SystemBundleService  - Saving FXGL system data
15:12:23.969 [JavaFX Application Thread] DEBUG FileSystemAccess     - Writing to: C:\Users\POO\intellij\Bakudun\system\fxgl.bundle
15:12:23.972 [JavaFX Application Thread] DEBUG Async                - Shutting down background threads
15:12:23.972 [JavaFX Application Thread] DEBUG PrimaryStageWindow   - Closing main window
15:12:23.993 [JavaFX Application Thread] DEBUG Logger               - Closing Logger
