15:34:28.396 [main                     ] DEBUG Logger               - Configured Logger
15:34:28.419 [main                     ] DEBUG GameApplication      - Logging settings
Title: BomberMan
Version: 0.1
Width: 640
Height: 480
Fullscreen: false
Intro: false
Profiling: false
Single step:false
App Mode: DEVELOPER
Menu Key: ESCAPE
Stage Style: DECORATED
Scene Factory: class com.almasb.fxgl.app.scene.SceneFactory

15:34:28.985 [JavaFX Application Thread] DEBUG FXGLApplication      - Initializing FXGL
15:34:28.988 [JavaFX Application Thread] INFO  Engine               - FXGL-21.1 (27.03.2024 07.52) on WINDOWS (J:21.0.2 FX:21.0.1)
15:34:28.988 [JavaFX Application Thread] DEBUG Engine               - JRE Vendor Name: Eclipse Adoptium
15:34:28.989 [JavaFX Application Thread] DEBUG Engine               - Running on OS: Windows 11 version 10.0
15:34:28.989 [JavaFX Application Thread] DEBUG Engine               - Architecture: amd64
15:34:28.989 [JavaFX Application Thread] INFO  Engine               - Source code and latest versions at: https://github.com/AlmasB/FXGL
15:34:28.989 [JavaFX Application Thread] INFO  Engine               -       Ask questions and discuss at: https://github.com/AlmasB/FXGL/discussions
15:34:28.989 [JavaFX Application Thread] INFO  Engine               -              Join the FXGL chat at: https://gitter.im/AlmasB/FXGL
15:34:29.055 [JavaFX Application Thread] DEBUG PrimaryStageWindow   - Creating a JavaFX scene
15:34:29.094 [JavaFX Application Thread] DEBUG PrimaryStageWindow   - Target settings size: 640.0 x 480.0
15:34:29.094 [JavaFX Application Thread] DEBUG PrimaryStageWindow   - Scaled scene size:    640.0 x 480.0
15:34:29.095 [JavaFX Application Thread] DEBUG PrimaryStageWindow   - Scaled ratio: (1.0, 1.0)
15:34:29.095 [JavaFX Application Thread] DEBUG PrimaryStageWindow   - Set initial scene to FXGLStartupScene
15:34:29.097 [JavaFX Application Thread] DEBUG PrimaryStageWindow   - Opening main window
15:34:29.184 [JavaFX Application Thread] DEBUG PrimaryStageWindow   - Window border size: (14.4000244140625, 37.5999755859375)
15:34:29.184 [JavaFX Application Thread] DEBUG PrimaryStageWindow   - Scaled size: 640.0 x 480.0
15:34:29.184 [JavaFX Application Thread] DEBUG PrimaryStageWindow   - Scaled ratio: (1.0, 1.0)
15:34:29.184 [JavaFX Application Thread] DEBUG PrimaryStageWindow   - Scene size: 640.0 x 480.0
15:34:29.184 [JavaFX Application Thread] DEBUG PrimaryStageWindow   - Stage size: 654.4000244140625 x 517.5999755859375
15:34:29.191 [FXGL Background Thread 1 ] DEBUG Engine               - Initializing environment variables
15:34:29.246 [FXGL Background Thread 1 ] DEBUG FXGLAssetLoaderServi - User app class for loading assets: class me.pooh.bakudun.App
15:34:29.246 [FXGL Background Thread 1 ] DEBUG GameApplicationServi - Applying CSS: fxgl_dark.css
15:34:29.247 [FXGL Background Thread 1 ] DEBUG FXGLAssetLoaderServi - Loading from file system: jar:file:///C:/Users/POO/.m2/repository/com/github/almasb/fxgl/21.1/fxgl-21.1.jar!/fxglassets/ui/css/fxgl_dark.css
15:34:29.279 [FXGL Background Thread 1 ] DEBUG GameApplicationServi - Initializing application scenes
15:34:29.308 [FXGL Background Thread 1 ] DEBUG GameWorld            - Game world initialized
15:34:29.351 [FXGL Background Thread 1 ] DEBUG PhysicsWorld         - Physics world initialized: appHeight=480, physics.ppm=50.0
15:34:29.351 [FXGL Background Thread 1 ] DEBUG PhysicsWorld         - Using strategy: BRUTE_FORCE
15:34:29.355 [FXGL Background Thread 1 ] DEBUG GameScene            - Game scene initialized: 640x480
15:34:29.365 [FXGL Background Thread 1 ] WARN  FXGL.DefaultMenu     - FXGLDefaultMenu is not designed for resolutions < 800x600
15:34:29.365 [FXGL Background Thread 1 ] DEBUG FXGL.DefaultMenu     - createMenuBodyGameMenu()
15:34:29.375 [FXGL Background Thread 1 ] DEBUG FXGL.DefaultMenu     - createOptionsMenu()
15:34:29.384 [FXGL Background Thread 1 ] DEBUG FXGLAssetLoaderServi - Loading from file system: jar:file:///C:/Users/POO/.m2/repository/com/github/almasb/fxgl/21.1/fxgl-21.1.jar!/fxglassets/textures/particles/smoke.png
15:34:29.450 [FXGL Background Thread 1 ] DEBUG FXGLAssetLoaderServi - Loading from file system: jar:file:///C:/Users/POO/.m2/repository/com/github/almasb/fxgl/21.1/fxgl-21.1.jar!/fxglassets/textures/particles/trace_horizontal.png
15:34:29.473 [FXGL Background Thread 1 ] DEBUG GameApplicationServi - Application scenes initialized
15:34:29.483 [FXGL Background Thread 1 ] DEBUG SystemBundleService  - Loading FXGL system data
15:34:29.486 [FXGL Background Thread 1 ] DEBUG FileSystemAccess     - Reading from: C:\Users\POO\intellij\Bakudun\system\fxgl.bundle
15:34:29.496 [FXGL Background Thread 1 ] DEBUG SystemBundleService  - Bundle FXGL: {}
15:34:29.496 [FXGL Background Thread 1 ] DEBUG UpdaterService       - Checking for updates
15:34:29.522 [FXGL Background Thread 4 ] DEBUG FXGLApplication      - Loading fonts
15:34:29.522 [FXGL Background Thread 1 ] DEBUG FXGLApplication      - Loading default localization
15:34:29.522 [FXGL Background Thread 4 ] DEBUG FXGLAssetLoaderServi - Loading from file system: jar:file:///C:/Users/POO/.m2/repository/com/github/almasb/fxgl/21.1/fxgl-21.1.jar!/fxglassets/ui/fonts/VarelaRound-Regular.ttf
15:34:29.522 [FXGL Background Thread 1 ] DEBUG FXGLAssetLoaderServi - Loading from file system: jar:file:///C:/Users/POO/.m2/repository/com/github/almasb/fxgl/21.1/fxgl-21.1.jar!/fxglassets/languages/english.lang
15:34:29.545 [FXGL Background Thread 1 ] INFO  FXGLApplication      - FXGL initialization took: 0.353 sec
15:34:29.552 [JavaFX Application Thread] DEBUG Input                - Registered new binding: Right - D
15:34:29.552 [JavaFX Application Thread] DEBUG Input                - Registered new binding: Left - A
15:34:29.552 [JavaFX Application Thread] DEBUG Input                - Registered new binding: Up - W
15:34:29.552 [JavaFX Application Thread] DEBUG Input                - Registered new binding: Down - S
15:34:29.552 [JavaFX Application Thread] DEBUG Input                - Registered new binding: Place Bomb - Space
15:34:29.554 [JavaFX Application Thread] DEBUG FXGLAssetLoaderServi - Loading from file system: jar:file:///C:/Users/POO/.m2/repository/com/github/almasb/fxgl/21.1/fxgl-21.1.jar!/fxglassets/textures/fxgl_icon.png
15:34:29.554 [FXGL Background Thread 4 ] DEBUG FXGLAssetLoaderServi - Loading from file system: jar:file:///C:/Users/POO/.m2/repository/com/github/almasb/fxgl/21.1/fxgl-21.1.jar!/fxglassets/ui/fonts/Abel-Regular.ttf
15:34:29.557 [FXGL Background Thread 4 ] DEBUG FXGLAssetLoaderServi - Loading from file system: jar:file:///C:/Users/POO/.m2/repository/com/github/almasb/fxgl/21.1/fxgl-21.1.jar!/fxglassets/ui/fonts/TerminalLandMono-Regular.otf
15:34:29.561 [FXGL Background Thread 4 ] DEBUG FXGLAssetLoaderServi - Loading from file system: jar:file:///C:/Users/POO/.m2/repository/com/github/almasb/fxgl/21.1/fxgl-21.1.jar!/fxglassets/ui/fonts/Courier-Prime.ttf
15:34:29.570 [JavaFX Application Thread] DEBUG FXGLAssetLoaderServi - Loading from file system: jar:file:///C:/Users/POO/.m2/repository/com/github/almasb/fxgl/21.1/fxgl-21.1.jar!/fxglassets/textures/fxgl_default_cursor.png
15:34:29.572 [JavaFX Application Thread] DEBUG Input                - Registered new binding: Screenshot - CTRL+8
15:34:29.572 [JavaFX Application Thread] DEBUG Input                - Registered new binding: Dev Options - 1
15:34:29.573 [JavaFX Application Thread] DEBUG Input                - Registered new binding: Dev Console - 2
15:34:29.573 [JavaFX Application Thread] DEBUG Input                - Registered new binding: System info dump - CTRL+9
15:34:29.574 [JavaFX Application Thread] DEBUG Input                - Registered new binding: Restart - CTRL+R
15:34:29.574 [JavaFX Application Thread] DEBUG Input                - Registered new binding: Toggle Debug Camera - CTRL+7
15:34:29.579 [JavaFX Application Thread] DEBUG LoopRunner           - Starting loop
15:34:29.596 [JavaFX Application Thread] DEBUG LoopRunner           - Initializing JavaFX AnimationTimerLoop
15:34:29.598 [JavaFX Application Thread] DEBUG GameApplicationServi - Starting new game
15:34:29.599 [JavaFX Application Thread] DEBUG Input                - Clearing active input actions
15:34:29.609 [JavaFX Application Thread] DEBUG GameApplicationServi - Removing overlay from FXGLStartupScene and adding to FXGLLoadingScene
15:34:29.612 [JavaFX Application Thread] DEBUG PrimaryStageWindow   - FXGLStartupScene -> FXGLLoadingScene
15:34:29.612 [JavaFX Application Thread] DEBUG GameApplicationServi - Clearing previous game
15:34:29.612 [JavaFX Application Thread] DEBUG GameScene            - Clearing game scene
15:34:29.612 [JavaFX Application Thread] DEBUG GameWorld            - Clearing game world
15:34:29.612 [JavaFX Application Thread] DEBUG PhysicsWorld         - Clearing physics world
15:34:29.614 [FXGL Background Thread 4 ] DEBUG FXGLApplication      - Initializing game
15:34:29.614 [JavaFX Application Thread] DEBUG FXGLApplication      - Registering font factories with UI factory
15:34:29.669 [FXGL Background Thread 4 ] WARN  TMXLevelLoader       - TiledMap generated from 1.11.2. Supported version: 1.9.0. Some features may not be parsed fully.
15:34:29.703 [FXGL Background Thread 4 ] DEBUG TMXLevelLoader       - Parsed TiledMap: file:/C:/Users/POO/intellij/Bakudun/target/classes/assets/levels/Map.tmx
15:34:29.705 [FXGL Background Thread 4 ] DEBUG TMXLevelLoader       - Creating tile layer entities
15:34:29.707 [FXGL Background Thread 4 ] DEBUG TilesetLoader        - Loading view for layer เลเยอร์ไทล์ 1
15:34:29.708 [FXGL Background Thread 4 ] DEBUG TilesetLoader        - Created buffer with size 640.0x480.0
15:34:29.715 [FXGL Background Thread 4 ] WARN  TilesetLoader        - Diagonally flipped tiles are not currently supported
15:34:29.723 [FXGL Background Thread 4 ] WARN  TilesetLoader        - Diagonally flipped tiles are not currently supported
15:34:29.733 [FXGL Background Thread 4 ] DEBUG TilesetLoader        - Loading view for layer WALL46
15:34:29.734 [FXGL Background Thread 4 ] DEBUG TilesetLoader        - Created buffer with size 640.0x480.0
15:34:29.735 [FXGL Background Thread 4 ] DEBUG TilesetLoader        - Loading view for layer WALL45
15:34:29.735 [FXGL Background Thread 4 ] DEBUG TilesetLoader        - Created buffer with size 640.0x480.0
15:34:29.736 [FXGL Background Thread 4 ] DEBUG TilesetLoader        - Loading view for layer WALL44
15:34:29.736 [FXGL Background Thread 4 ] DEBUG TilesetLoader        - Created buffer with size 640.0x480.0
15:34:29.736 [FXGL Background Thread 4 ] DEBUG TilesetLoader        - Loading view for layer WALL43
15:34:29.737 [FXGL Background Thread 4 ] DEBUG TilesetLoader        - Created buffer with size 640.0x480.0
15:34:29.737 [FXGL Background Thread 4 ] DEBUG TilesetLoader        - Loading view for layer WALL42
15:34:29.737 [FXGL Background Thread 4 ] DEBUG TilesetLoader        - Created buffer with size 640.0x480.0
15:34:29.738 [FXGL Background Thread 4 ] DEBUG TilesetLoader        - Loading view for layer WALL41
15:34:29.738 [FXGL Background Thread 4 ] DEBUG TilesetLoader        - Created buffer with size 640.0x480.0
15:34:29.739 [FXGL Background Thread 4 ] DEBUG TilesetLoader        - Loading view for layer WALL38
15:34:29.739 [FXGL Background Thread 4 ] DEBUG TilesetLoader        - Created buffer with size 640.0x480.0
15:34:29.739 [FXGL Background Thread 4 ] DEBUG TilesetLoader        - Loading view for layer WALL37
15:34:29.740 [FXGL Background Thread 4 ] DEBUG TilesetLoader        - Created buffer with size 640.0x480.0
15:34:29.740 [FXGL Background Thread 4 ] DEBUG TilesetLoader        - Loading view for layer WALL36
15:34:29.740 [FXGL Background Thread 4 ] DEBUG TilesetLoader        - Created buffer with size 640.0x480.0
15:34:29.741 [FXGL Background Thread 4 ] DEBUG TilesetLoader        - Loading view for layer WALL35
15:34:29.741 [FXGL Background Thread 4 ] DEBUG TilesetLoader        - Created buffer with size 640.0x480.0
15:34:29.742 [FXGL Background Thread 4 ] DEBUG TilesetLoader        - Loading view for layer WALL34
15:34:29.742 [FXGL Background Thread 4 ] DEBUG TilesetLoader        - Created buffer with size 640.0x480.0
15:34:29.749 [FXGL Background Thread 4 ] DEBUG TilesetLoader        - Loading view for layer WALL33
15:34:29.751 [FXGL Background Thread 4 ] DEBUG TilesetLoader        - Created buffer with size 640.0x480.0
15:34:29.751 [FXGL Background Thread 4 ] DEBUG TilesetLoader        - Loading view for layer WALL32
15:34:29.752 [FXGL Background Thread 4 ] DEBUG TilesetLoader        - Created buffer with size 640.0x480.0
15:34:29.752 [FXGL Background Thread 4 ] DEBUG TilesetLoader        - Loading view for layer WALL31
15:34:29.757 [FXGL Background Thread 4 ] DEBUG TilesetLoader        - Created buffer with size 640.0x480.0
15:34:29.758 [FXGL Background Thread 4 ] DEBUG TilesetLoader        - Loading view for layer WALL30
15:34:29.758 [FXGL Background Thread 4 ] DEBUG TilesetLoader        - Created buffer with size 640.0x480.0
15:34:29.758 [FXGL Background Thread 4 ] DEBUG TilesetLoader        - Loading view for layer WALL29
15:34:29.759 [FXGL Background Thread 4 ] DEBUG TilesetLoader        - Created buffer with size 640.0x480.0
15:34:29.759 [FXGL Background Thread 4 ] DEBUG TilesetLoader        - Loading view for layer WALL28
15:34:29.759 [FXGL Background Thread 4 ] DEBUG TilesetLoader        - Created buffer with size 640.0x480.0
15:34:29.760 [FXGL Background Thread 4 ] DEBUG TilesetLoader        - Loading view for layer WALL27
15:34:29.760 [FXGL Background Thread 4 ] DEBUG TilesetLoader        - Created buffer with size 640.0x480.0
15:34:29.760 [FXGL Background Thread 4 ] DEBUG TilesetLoader        - Loading view for layer WALL26
15:34:29.762 [FXGL Background Thread 4 ] DEBUG TilesetLoader        - Created buffer with size 640.0x480.0
15:34:29.763 [FXGL Background Thread 4 ] DEBUG TilesetLoader        - Loading view for layer WALL25
15:34:29.763 [FXGL Background Thread 4 ] DEBUG TilesetLoader        - Created buffer with size 640.0x480.0
15:34:29.764 [FXGL Background Thread 4 ] DEBUG TilesetLoader        - Loading view for layer WALL24
15:34:29.766 [FXGL Background Thread 4 ] DEBUG TilesetLoader        - Created buffer with size 640.0x480.0
15:34:29.767 [FXGL Background Thread 4 ] DEBUG TilesetLoader        - Loading view for layer WALL23
15:34:29.767 [FXGL Background Thread 4 ] DEBUG TilesetLoader        - Created buffer with size 640.0x480.0
15:34:29.768 [FXGL Background Thread 4 ] DEBUG TilesetLoader        - Loading view for layer WALL22
15:34:29.768 [FXGL Background Thread 4 ] DEBUG TilesetLoader        - Created buffer with size 640.0x480.0
15:34:29.769 [FXGL Background Thread 4 ] DEBUG TilesetLoader        - Loading view for layer WALL21
15:34:29.769 [FXGL Background Thread 4 ] DEBUG TilesetLoader        - Created buffer with size 640.0x480.0
15:34:29.770 [FXGL Background Thread 4 ] DEBUG TilesetLoader        - Loading view for layer WALL20
15:34:29.771 [FXGL Background Thread 4 ] DEBUG TilesetLoader        - Created buffer with size 640.0x480.0
15:34:29.772 [FXGL Background Thread 4 ] DEBUG TilesetLoader        - Loading view for layer WALL19
15:34:29.772 [FXGL Background Thread 4 ] DEBUG TilesetLoader        - Created buffer with size 640.0x480.0
15:34:29.774 [FXGL Background Thread 4 ] DEBUG TilesetLoader        - Loading view for layer WALL18
15:34:29.775 [FXGL Background Thread 4 ] DEBUG TilesetLoader        - Created buffer with size 640.0x480.0
15:34:29.776 [FXGL Background Thread 4 ] DEBUG TilesetLoader        - Loading view for layer WALL17
15:34:29.776 [FXGL Background Thread 4 ] DEBUG TilesetLoader        - Created buffer with size 640.0x480.0
15:34:29.777 [FXGL Background Thread 4 ] DEBUG TilesetLoader        - Loading view for layer WALL16
15:34:29.779 [FXGL Background Thread 4 ] DEBUG TilesetLoader        - Created buffer with size 640.0x480.0
15:34:29.780 [FXGL Background Thread 4 ] DEBUG TilesetLoader        - Loading view for layer WALL15
15:34:29.781 [FXGL Background Thread 4 ] DEBUG TilesetLoader        - Created buffer with size 640.0x480.0
15:34:29.781 [FXGL Background Thread 4 ] DEBUG TilesetLoader        - Loading view for layer WALL14
15:34:29.782 [FXGL Background Thread 4 ] DEBUG TilesetLoader        - Created buffer with size 640.0x480.0
15:34:29.782 [FXGL Background Thread 4 ] DEBUG TilesetLoader        - Loading view for layer WALL13
15:34:29.782 [FXGL Background Thread 4 ] DEBUG TilesetLoader        - Created buffer with size 640.0x480.0
15:34:29.783 [FXGL Background Thread 4 ] DEBUG TilesetLoader        - Loading view for layer WALL12
15:34:29.783 [FXGL Background Thread 4 ] DEBUG TilesetLoader        - Created buffer with size 640.0x480.0
15:34:29.784 [FXGL Background Thread 4 ] DEBUG TilesetLoader        - Loading view for layer WALL11
15:34:29.784 [FXGL Background Thread 4 ] DEBUG TilesetLoader        - Created buffer with size 640.0x480.0
15:34:29.785 [FXGL Background Thread 4 ] DEBUG TilesetLoader        - Loading view for layer WALL10
15:34:29.786 [FXGL Background Thread 4 ] DEBUG TilesetLoader        - Created buffer with size 640.0x480.0
15:34:29.787 [FXGL Background Thread 4 ] DEBUG TilesetLoader        - Loading view for layer WALL9
15:34:29.788 [FXGL Background Thread 4 ] DEBUG TilesetLoader        - Created buffer with size 640.0x480.0
15:34:29.788 [FXGL Background Thread 4 ] DEBUG TilesetLoader        - Loading view for layer WALL8
15:34:29.791 [FXGL Background Thread 4 ] DEBUG TilesetLoader        - Created buffer with size 640.0x480.0
15:34:29.791 [FXGL Background Thread 4 ] DEBUG TilesetLoader        - Loading view for layer WALL7
15:34:29.793 [FXGL Background Thread 4 ] DEBUG TilesetLoader        - Created buffer with size 640.0x480.0
15:34:29.794 [FXGL Background Thread 4 ] DEBUG TilesetLoader        - Loading view for layer WALL6
15:34:29.797 [FXGL Background Thread 4 ] DEBUG TilesetLoader        - Created buffer with size 640.0x480.0
15:34:29.798 [FXGL Background Thread 4 ] DEBUG TilesetLoader        - Loading view for layer WALL5
15:34:29.798 [FXGL Background Thread 4 ] DEBUG TilesetLoader        - Created buffer with size 640.0x480.0
15:34:29.799 [FXGL Background Thread 4 ] DEBUG TilesetLoader        - Loading view for layer WALL4
15:34:29.800 [FXGL Background Thread 4 ] DEBUG TilesetLoader        - Created buffer with size 640.0x480.0
15:34:29.800 [FXGL Background Thread 4 ] DEBUG TilesetLoader        - Loading view for layer WALL3
15:34:29.801 [FXGL Background Thread 4 ] DEBUG TilesetLoader        - Created buffer with size 640.0x480.0
15:34:29.801 [FXGL Background Thread 4 ] DEBUG TilesetLoader        - Loading view for layer WALL2
15:34:29.802 [FXGL Background Thread 4 ] DEBUG TilesetLoader        - Created buffer with size 640.0x480.0
15:34:29.802 [FXGL Background Thread 4 ] DEBUG TilesetLoader        - Loading view for layer WALL1
15:34:29.803 [FXGL Background Thread 4 ] DEBUG TilesetLoader        - Created buffer with size 640.0x480.0
15:34:29.803 [FXGL Background Thread 4 ] DEBUG TilesetLoader        - Loading view for layer เลเยอร์ไทล์ 2
15:34:29.804 [FXGL Background Thread 4 ] DEBUG TilesetLoader        - Created buffer with size 640.0x480.0
15:34:29.805 [FXGL Background Thread 4 ] DEBUG TilesetLoader        - Loading view for layer เลเยอร์ไทล์ 3
15:34:29.807 [FXGL Background Thread 4 ] DEBUG TilesetLoader        - Created buffer with size 640.0x480.0
15:34:29.807 [FXGL Background Thread 4 ] DEBUG TMXLevelLoader       - Creating object layer entities
15:34:29.829 [FXGL Background Thread 4 ] DEBUG FXGLAssetLoaderServi - Loading from file system: file:/C:/Users/POO/intellij/Bakudun/target/classes/assets/textures/Jim2.png
15:34:29.839 [FXGL Background Thread 4 ] DEBUG FXGLAssetLoaderServi - Loading from file system: file:/C:/Users/POO/intellij/Bakudun/target/classes/assets/textures/wallbreakas.png
15:34:29.876 [FXGL Background Thread 4 ] WARN  TMXLevelLoader       - TiledMap generated from 1.11.2. Supported version: 1.9.0. Some features may not be parsed fully.
15:34:29.892 [FXGL Background Thread 4 ] DEBUG TMXLevelLoader       - Parsed TiledMap: file:/C:/Users/POO/intellij/Bakudun/target/classes/assets/levels/Map.tmx
15:34:29.892 [FXGL Background Thread 4 ] DEBUG TMXLevelLoader       - Creating tile layer entities
15:34:29.893 [FXGL Background Thread 4 ] DEBUG TilesetLoader        - Loading view for layer เลเยอร์ไทล์ 1
15:34:29.897 [FXGL Background Thread 4 ] DEBUG TilesetLoader        - Created buffer with size 640.0x480.0
15:34:29.903 [FXGL Background Thread 4 ] WARN  TilesetLoader        - Diagonally flipped tiles are not currently supported
15:34:29.912 [FXGL Background Thread 4 ] WARN  TilesetLoader        - Diagonally flipped tiles are not currently supported
15:34:29.919 [FXGL Background Thread 4 ] DEBUG TilesetLoader        - Loading view for layer WALL46
15:34:29.920 [FXGL Background Thread 4 ] DEBUG TilesetLoader        - Created buffer with size 640.0x480.0
15:34:29.921 [FXGL Background Thread 4 ] DEBUG TilesetLoader        - Loading view for layer WALL45
15:34:29.921 [FXGL Background Thread 4 ] DEBUG TilesetLoader        - Created buffer with size 640.0x480.0
15:34:29.922 [FXGL Background Thread 4 ] DEBUG TilesetLoader        - Loading view for layer WALL44
15:34:29.922 [FXGL Background Thread 4 ] DEBUG TilesetLoader        - Created buffer with size 640.0x480.0
15:34:29.923 [FXGL Background Thread 4 ] DEBUG TilesetLoader        - Loading view for layer WALL43
15:34:29.923 [FXGL Background Thread 4 ] DEBUG TilesetLoader        - Created buffer with size 640.0x480.0
15:34:29.923 [FXGL Background Thread 4 ] DEBUG TilesetLoader        - Loading view for layer WALL42
15:34:29.924 [FXGL Background Thread 4 ] DEBUG TilesetLoader        - Created buffer with size 640.0x480.0
15:34:29.924 [FXGL Background Thread 4 ] DEBUG TilesetLoader        - Loading view for layer WALL41
15:34:29.924 [FXGL Background Thread 4 ] DEBUG TilesetLoader        - Created buffer with size 640.0x480.0
15:34:29.925 [FXGL Background Thread 4 ] DEBUG TilesetLoader        - Loading view for layer WALL38
15:34:29.925 [FXGL Background Thread 4 ] DEBUG TilesetLoader        - Created buffer with size 640.0x480.0
15:34:29.926 [FXGL Background Thread 4 ] DEBUG TilesetLoader        - Loading view for layer WALL37
15:34:29.926 [FXGL Background Thread 4 ] DEBUG TilesetLoader        - Created buffer with size 640.0x480.0
15:34:29.926 [FXGL Background Thread 4 ] DEBUG TilesetLoader        - Loading view for layer WALL36
15:34:29.927 [FXGL Background Thread 4 ] DEBUG TilesetLoader        - Created buffer with size 640.0x480.0
15:34:29.927 [FXGL Background Thread 4 ] DEBUG TilesetLoader        - Loading view for layer WALL35
15:34:29.927 [FXGL Background Thread 4 ] DEBUG TilesetLoader        - Created buffer with size 640.0x480.0
15:34:29.929 [FXGL Background Thread 4 ] DEBUG TilesetLoader        - Loading view for layer WALL34
15:34:29.929 [FXGL Background Thread 4 ] DEBUG TilesetLoader        - Created buffer with size 640.0x480.0
15:34:29.930 [FXGL Background Thread 4 ] DEBUG TilesetLoader        - Loading view for layer WALL33
15:34:29.930 [FXGL Background Thread 4 ] DEBUG TilesetLoader        - Created buffer with size 640.0x480.0
15:34:29.931 [FXGL Background Thread 4 ] DEBUG TilesetLoader        - Loading view for layer WALL32
15:34:29.931 [FXGL Background Thread 4 ] DEBUG TilesetLoader        - Created buffer with size 640.0x480.0
15:34:29.932 [FXGL Background Thread 4 ] DEBUG TilesetLoader        - Loading view for layer WALL31
15:34:29.932 [FXGL Background Thread 4 ] DEBUG TilesetLoader        - Created buffer with size 640.0x480.0
15:34:29.932 [FXGL Background Thread 4 ] DEBUG TilesetLoader        - Loading view for layer WALL30
15:34:29.933 [FXGL Background Thread 4 ] DEBUG TilesetLoader        - Created buffer with size 640.0x480.0
15:34:29.933 [FXGL Background Thread 4 ] DEBUG TilesetLoader        - Loading view for layer WALL29
15:34:29.934 [FXGL Background Thread 4 ] DEBUG TilesetLoader        - Created buffer with size 640.0x480.0
15:34:29.934 [FXGL Background Thread 4 ] DEBUG TilesetLoader        - Loading view for layer WALL28
15:34:29.935 [FXGL Background Thread 4 ] DEBUG TilesetLoader        - Created buffer with size 640.0x480.0
15:34:29.935 [FXGL Background Thread 4 ] DEBUG TilesetLoader        - Loading view for layer WALL27
15:34:29.936 [FXGL Background Thread 4 ] DEBUG TilesetLoader        - Created buffer with size 640.0x480.0
15:34:29.936 [FXGL Background Thread 4 ] DEBUG TilesetLoader        - Loading view for layer WALL26
15:34:29.937 [FXGL Background Thread 4 ] DEBUG TilesetLoader        - Created buffer with size 640.0x480.0
15:34:29.937 [FXGL Background Thread 4 ] DEBUG TilesetLoader        - Loading view for layer WALL25
15:34:29.938 [FXGL Background Thread 4 ] DEBUG TilesetLoader        - Created buffer with size 640.0x480.0
15:34:29.939 [FXGL Background Thread 4 ] DEBUG TilesetLoader        - Loading view for layer WALL24
15:34:29.939 [FXGL Background Thread 4 ] DEBUG TilesetLoader        - Created buffer with size 640.0x480.0
15:34:29.939 [FXGL Background Thread 4 ] DEBUG TilesetLoader        - Loading view for layer WALL23
15:34:29.940 [FXGL Background Thread 4 ] DEBUG TilesetLoader        - Created buffer with size 640.0x480.0
15:34:29.940 [FXGL Background Thread 4 ] DEBUG TilesetLoader        - Loading view for layer WALL22
15:34:29.940 [FXGL Background Thread 4 ] DEBUG TilesetLoader        - Created buffer with size 640.0x480.0
15:34:29.941 [FXGL Background Thread 4 ] DEBUG TilesetLoader        - Loading view for layer WALL21
15:34:29.941 [FXGL Background Thread 4 ] DEBUG TilesetLoader        - Created buffer with size 640.0x480.0
15:34:29.941 [FXGL Background Thread 4 ] DEBUG TilesetLoader        - Loading view for layer WALL20
15:34:29.942 [FXGL Background Thread 4 ] DEBUG TilesetLoader        - Created buffer with size 640.0x480.0
15:34:29.942 [FXGL Background Thread 4 ] DEBUG TilesetLoader        - Loading view for layer WALL19
15:34:29.943 [FXGL Background Thread 4 ] DEBUG TilesetLoader        - Created buffer with size 640.0x480.0
15:34:29.943 [FXGL Background Thread 4 ] DEBUG TilesetLoader        - Loading view for layer WALL18
15:34:29.943 [FXGL Background Thread 4 ] DEBUG TilesetLoader        - Created buffer with size 640.0x480.0
15:34:29.944 [FXGL Background Thread 4 ] DEBUG TilesetLoader        - Loading view for layer WALL17
15:34:29.944 [FXGL Background Thread 4 ] DEBUG TilesetLoader        - Created buffer with size 640.0x480.0
15:34:29.944 [FXGL Background Thread 4 ] DEBUG TilesetLoader        - Loading view for layer WALL16
15:34:29.945 [FXGL Background Thread 4 ] DEBUG TilesetLoader        - Created buffer with size 640.0x480.0
15:34:29.945 [FXGL Background Thread 4 ] DEBUG TilesetLoader        - Loading view for layer WALL15
15:34:29.945 [FXGL Background Thread 4 ] DEBUG TilesetLoader        - Created buffer with size 640.0x480.0
15:34:29.945 [FXGL Background Thread 4 ] DEBUG TilesetLoader        - Loading view for layer WALL14
15:34:29.946 [FXGL Background Thread 4 ] DEBUG TilesetLoader        - Created buffer with size 640.0x480.0
15:34:29.946 [FXGL Background Thread 4 ] DEBUG TilesetLoader        - Loading view for layer WALL13
15:34:29.946 [FXGL Background Thread 4 ] DEBUG TilesetLoader        - Created buffer with size 640.0x480.0
15:34:29.947 [FXGL Background Thread 4 ] DEBUG TilesetLoader        - Loading view for layer WALL12
15:34:29.947 [FXGL Background Thread 4 ] DEBUG TilesetLoader        - Created buffer with size 640.0x480.0
15:34:29.947 [FXGL Background Thread 4 ] DEBUG TilesetLoader        - Loading view for layer WALL11
15:34:29.948 [FXGL Background Thread 4 ] DEBUG TilesetLoader        - Created buffer with size 640.0x480.0
15:34:29.948 [FXGL Background Thread 4 ] DEBUG TilesetLoader        - Loading view for layer WALL10
15:34:29.948 [FXGL Background Thread 4 ] DEBUG TilesetLoader        - Created buffer with size 640.0x480.0
15:34:29.948 [FXGL Background Thread 4 ] DEBUG TilesetLoader        - Loading view for layer WALL9
15:34:29.949 [FXGL Background Thread 4 ] DEBUG TilesetLoader        - Created buffer with size 640.0x480.0
15:34:29.949 [FXGL Background Thread 4 ] DEBUG TilesetLoader        - Loading view for layer WALL8
15:34:29.950 [FXGL Background Thread 4 ] DEBUG TilesetLoader        - Created buffer with size 640.0x480.0
15:34:29.951 [FXGL Background Thread 4 ] DEBUG TilesetLoader        - Loading view for layer WALL7
15:34:29.951 [FXGL Background Thread 4 ] DEBUG TilesetLoader        - Created buffer with size 640.0x480.0
15:34:29.951 [FXGL Background Thread 4 ] DEBUG TilesetLoader        - Loading view for layer WALL6
15:34:29.952 [FXGL Background Thread 4 ] DEBUG TilesetLoader        - Created buffer with size 640.0x480.0
15:34:29.952 [FXGL Background Thread 4 ] DEBUG TilesetLoader        - Loading view for layer WALL5
15:34:29.953 [FXGL Background Thread 4 ] DEBUG TilesetLoader        - Created buffer with size 640.0x480.0
15:34:29.953 [FXGL Background Thread 4 ] DEBUG TilesetLoader        - Loading view for layer WALL4
15:34:29.953 [FXGL Background Thread 4 ] DEBUG TilesetLoader        - Created buffer with size 640.0x480.0
15:34:29.954 [FXGL Background Thread 4 ] DEBUG TilesetLoader        - Loading view for layer WALL3
15:34:29.954 [FXGL Background Thread 4 ] DEBUG TilesetLoader        - Created buffer with size 640.0x480.0
15:34:29.954 [FXGL Background Thread 4 ] DEBUG TilesetLoader        - Loading view for layer WALL2
15:34:29.954 [FXGL Background Thread 4 ] DEBUG TilesetLoader        - Created buffer with size 640.0x480.0
15:34:29.955 [FXGL Background Thread 4 ] DEBUG TilesetLoader        - Loading view for layer WALL1
15:34:29.955 [FXGL Background Thread 4 ] DEBUG TilesetLoader        - Created buffer with size 640.0x480.0
15:34:29.955 [FXGL Background Thread 4 ] DEBUG TilesetLoader        - Loading view for layer เลเยอร์ไทล์ 2
15:34:29.956 [FXGL Background Thread 4 ] DEBUG TilesetLoader        - Created buffer with size 640.0x480.0
15:34:29.956 [FXGL Background Thread 4 ] DEBUG TilesetLoader        - Loading view for layer เลเยอร์ไทล์ 3
15:34:29.957 [FXGL Background Thread 4 ] DEBUG TilesetLoader        - Created buffer with size 640.0x480.0
15:34:29.957 [FXGL Background Thread 4 ] DEBUG TMXLevelLoader       - Creating object layer entities
15:34:29.989 [FXGL Background Thread 4 ] DEBUG GameWorld            - Clearing removable entities
15:34:29.990 [FXGL Background Thread 4 ] DEBUG GameWorld            - Setting level: com.almasb.fxgl.entity.level.Level@4cbdf4fa
15:34:30.000 [FXGL Background Thread 4 ] INFO  FXGLApplication      - Game initialization took: 0.387 sec
15:34:30.001 [JavaFX Application Thread] DEBUG Input                - Clearing active input actions
15:34:30.013 [JavaFX Application Thread] DEBUG GameApplicationServi - Removing overlay from FXGLLoadingScene and adding to GameScene
15:34:30.016 [JavaFX Application Thread] DEBUG PrimaryStageWindow   - FXGLLoadingScene -> GameScene
15:34:32.519 [FXGL Background Thread 3 ] DEBUG Engine               - Logging environment variables
15:34:32.519 [FXGL Background Thread 3 ] DEBUG Engine               - achievements: []
15:34:32.519 [FXGL Background Thread 3 ] DEBUG Engine               - actualHeight: 480.0
15:34:32.519 [FXGL Background Thread 3 ] DEBUG Engine               - actualHeightProperty: ReadOnlyDoubleProperty [value: 480.0]
15:34:32.520 [FXGL Background Thread 3 ] DEBUG Engine               - actualWidth: 640.0
15:34:32.520 [FXGL Background Thread 3 ] DEBUG Engine               - actualWidthProperty: ReadOnlyDoubleProperty [value: 640.0]
15:34:32.520 [FXGL Background Thread 3 ] DEBUG Engine               - appIcon: fxgl_icon.png
15:34:32.520 [FXGL Background Thread 3 ] DEBUG Engine               - applicationMode: DEVELOPER
15:34:32.520 [FXGL Background Thread 3 ] DEBUG Engine               - cSSList: [fxgl_dark.css]
15:34:32.520 [FXGL Background Thread 3 ] DEBUG Engine               - collisionDetectionStrategy: BRUTE_FORCE
15:34:32.520 [FXGL Background Thread 3 ] DEBUG Engine               - configClass: Optional.empty
15:34:32.520 [FXGL Background Thread 3 ] DEBUG Engine               - credits: []
15:34:32.520 [FXGL Background Thread 3 ] DEBUG Engine               - defaultCursor: CursorInfo(imageName=fxgl_default_cursor.png, hotspotX=7.0, hotspotY=6.0)
15:34:32.520 [FXGL Background Thread 3 ] DEBUG Engine               - devBBoxColorProperty: ObjectProperty [value: 0xff0000ff]
15:34:32.520 [FXGL Background Thread 3 ] DEBUG Engine               - devEnableDebugCameraProperty: BooleanProperty [value: false]
15:34:32.520 [FXGL Background Thread 3 ] DEBUG Engine               - devSensorColorProperty: ObjectProperty [value: 0xffff00ff]
15:34:32.520 [FXGL Background Thread 3 ] DEBUG Engine               - devShowBBoxProperty: BooleanProperty [value: false]
15:34:32.520 [FXGL Background Thread 3 ] DEBUG Engine               - devShowPositionProperty: BooleanProperty [value: false]
15:34:32.520 [FXGL Background Thread 3 ] DEBUG Engine               - enabledMenuItems: []
15:34:32.520 [FXGL Background Thread 3 ] DEBUG Engine               - engineServices: [class com.almasb.fxgl.app.services.FXGLAssetLoaderService, class com.almasb.fxgl.app.FXGLApplication$GameApplicationService, class com.almasb.fxgl.app.services.FXGLDialogService, class com.almasb.fxgl.app.services.IOTaskExecutorService, class com.almasb.fxgl.io.FileSystemService, class com.almasb.fxgl.localization.LocalizationService, class com.almasb.fxgl.app.services.SystemBundleService, class com.almasb.fxgl.profile.SaveLoadService, class com.almasb.fxgl.ui.FXGLUIFactoryServiceProvider, class com.almasb.fxgl.ui.FXGLDialogFactoryServiceProvider, class com.almasb.fxgl.audio.AudioPlayer, class com.almasb.fxgl.notification.impl.NotificationServiceProvider, class com.almasb.fxgl.achievement.AchievementService, class com.almasb.fxgl.cutscene.CutsceneService, class com.almasb.fxgl.minigames.MiniGameService, class com.almasb.fxgl.net.NetService, class com.almasb.fxgl.app.services.UpdaterService, class com.almasb.fxgl.dev.DevService]
15:34:32.520 [FXGL Background Thread 3 ] DEBUG Engine               - fontGame: Abel-Regular.ttf
15:34:32.520 [FXGL Background Thread 3 ] DEBUG Engine               - fontMono: TerminalLandMono-Regular.otf
15:34:32.520 [FXGL Background Thread 3 ] DEBUG Engine               - fontSizeScaleUI: 1.0
15:34:32.520 [FXGL Background Thread 3 ] DEBUG Engine               - fontText: Courier-Prime.ttf
15:34:32.520 [FXGL Background Thread 3 ] DEBUG Engine               - fontUI: VarelaRound-Regular.ttf
15:34:32.520 [FXGL Background Thread 3 ] DEBUG Engine               - fullScreen: BooleanProperty [value: false]
15:34:32.520 [FXGL Background Thread 3 ] DEBUG Engine               - gameDifficulty: MEDIUM
15:34:32.521 [FXGL Background Thread 3 ] DEBUG Engine               - gameDifficultyProperty: ObjectProperty [value: MEDIUM]
15:34:32.521 [FXGL Background Thread 3 ] DEBUG Engine               - globalMusicVolume: 0.5
15:34:32.521 [FXGL Background Thread 3 ] DEBUG Engine               - globalMusicVolumeProperty: DoubleProperty [value: 0.5]
15:34:32.521 [FXGL Background Thread 3 ] DEBUG Engine               - globalSoundVolume: 0.5
15:34:32.521 [FXGL Background Thread 3 ] DEBUG Engine               - globalSoundVolumeProperty: DoubleProperty [value: 0.5]
15:34:32.521 [FXGL Background Thread 3 ] DEBUG Engine               - height: 480
15:34:32.521 [FXGL Background Thread 3 ] DEBUG Engine               - is3D: false
15:34:32.521 [FXGL Background Thread 3 ] DEBUG Engine               - isAndroid: false
15:34:32.521 [FXGL Background Thread 3 ] DEBUG Engine               - isBrowser: false
15:34:32.521 [FXGL Background Thread 3 ] DEBUG Engine               - isClickFeedbackEnabled: false
15:34:32.521 [FXGL Background Thread 3 ] DEBUG Engine               - isCloseConfirmation: false
15:34:32.521 [FXGL Background Thread 3 ] DEBUG Engine               - isDesktop: true
15:34:32.521 [FXGL Background Thread 3 ] DEBUG Engine               - isDeveloperMenuEnabled: true
15:34:32.521 [FXGL Background Thread 3 ] DEBUG Engine               - isEmbedded: false
15:34:32.521 [FXGL Background Thread 3 ] DEBUG Engine               - isEntityPreloadEnabled: true
15:34:32.521 [FXGL Background Thread 3 ] DEBUG Engine               - isExperimentalTiledLargeMap: false
15:34:32.521 [FXGL Background Thread 3 ] DEBUG Engine               - isFileSystemWriteAllowed: true
15:34:32.521 [FXGL Background Thread 3 ] DEBUG Engine               - isFullScreenAllowed: false
15:34:32.521 [FXGL Background Thread 3 ] DEBUG Engine               - isFullScreenFromStart: false
15:34:32.521 [FXGL Background Thread 3 ] DEBUG Engine               - isGameMenuEnabled: true
15:34:32.521 [FXGL Background Thread 3 ] DEBUG Engine               - isIOS: false
15:34:32.521 [FXGL Background Thread 3 ] DEBUG Engine               - isIntroEnabled: false
15:34:32.521 [FXGL Background Thread 3 ] DEBUG Engine               - isLinux: false
15:34:32.521 [FXGL Background Thread 3 ] DEBUG Engine               - isMac: false
15:34:32.521 [FXGL Background Thread 3 ] DEBUG Engine               - isMainMenuEnabled: false
15:34:32.521 [FXGL Background Thread 3 ] DEBUG Engine               - isManualResizeEnabled: false
15:34:32.521 [FXGL Background Thread 3 ] DEBUG Engine               - isMobile: false
15:34:32.521 [FXGL Background Thread 3 ] DEBUG Engine               - isNative: false
15:34:32.521 [FXGL Background Thread 3 ] DEBUG Engine               - isPauseMusicWhenMinimized: true
15:34:32.521 [FXGL Background Thread 3 ] DEBUG Engine               - isPreserveResizeRatio: false
15:34:32.521 [FXGL Background Thread 3 ] DEBUG Engine               - isProfilingEnabled: false
15:34:32.521 [FXGL Background Thread 3 ] DEBUG Engine               - isScaleAffectedOnResize: true
15:34:32.521 [FXGL Background Thread 3 ] DEBUG Engine               - isSingleStep: false
15:34:32.521 [FXGL Background Thread 3 ] DEBUG Engine               - isUserProfileEnabled: false
15:34:32.521 [FXGL Background Thread 3 ] DEBUG Engine               - isWindows: true
15:34:32.521 [FXGL Background Thread 3 ] DEBUG Engine               - language: ObjectProperty [value: ENGLISH]
15:34:32.521 [FXGL Background Thread 3 ] DEBUG Engine               - menuKey: ESCAPE
15:34:32.521 [FXGL Background Thread 3 ] DEBUG Engine               - mouseSensitivity: 0.2
15:34:32.522 [FXGL Background Thread 3 ] DEBUG Engine               - notificationViewClass: class com.almasb.fxgl.notification.view.XboxNotificationView
15:34:32.522 [FXGL Background Thread 3 ] DEBUG Engine               - pixelsPerMeter: 50.0
15:34:32.522 [FXGL Background Thread 3 ] DEBUG Engine               - platform: WINDOWS
15:34:32.522 [FXGL Background Thread 3 ] DEBUG Engine               - prefHeightProperty: ReadOnlyDoubleProperty [value: 480.0]
15:34:32.522 [FXGL Background Thread 3 ] DEBUG Engine               - prefWidthProperty: ReadOnlyDoubleProperty [value: 640.0]
15:34:32.522 [FXGL Background Thread 3 ] DEBUG Engine               - profileDir: profiles/
15:34:32.522 [FXGL Background Thread 3 ] DEBUG Engine               - profileName: StringProperty [value: DEFAULT]
15:34:32.522 [FXGL Background Thread 3 ] DEBUG Engine               - randomSeed: -1
15:34:32.522 [FXGL Background Thread 3 ] DEBUG Engine               - runtimeInfo: RuntimeInfo(platform=WINDOWS, version=21.1, build=27.03.2024 07.52)
15:34:32.522 [FXGL Background Thread 3 ] DEBUG Engine               - saveFileExt: sav
15:34:32.522 [FXGL Background Thread 3 ] DEBUG Engine               - scaledHeightProp$fxgl: DoubleProperty [bound, value: 480.0]
15:34:32.522 [FXGL Background Thread 3 ] DEBUG Engine               - scaledWidthProp$fxgl: DoubleProperty [bound, value: 640.0]
15:34:32.522 [FXGL Background Thread 3 ] DEBUG Engine               - sceneFactory: com.almasb.fxgl.app.scene.SceneFactory@3bf6d600
15:34:32.522 [FXGL Background Thread 3 ] DEBUG Engine               - secondsIn24h: 60
15:34:32.522 [FXGL Background Thread 3 ] DEBUG Engine               - soundMenuBack: menu/back.wav
15:34:32.522 [FXGL Background Thread 3 ] DEBUG Engine               - soundMenuPress: menu/press.wav
15:34:32.522 [FXGL Background Thread 3 ] DEBUG Engine               - soundMenuSelect: menu/select.wav
15:34:32.522 [FXGL Background Thread 3 ] DEBUG Engine               - soundNotification: core/notification.wav
15:34:32.522 [FXGL Background Thread 3 ] DEBUG Engine               - stageStyle: DECORATED
15:34:32.522 [FXGL Background Thread 3 ] DEBUG Engine               - supportedLanguages: [ENGLISH, FRENCH, GERMAN, HUNGARIAN, RUSSIAN]
15:34:32.522 [FXGL Background Thread 3 ] DEBUG Engine               - ticksPerSecond: -1
15:34:32.522 [FXGL Background Thread 3 ] DEBUG Engine               - title: BomberMan
15:34:32.522 [FXGL Background Thread 3 ] DEBUG Engine               - urlGithub: https://github.com/AlmasB/FXGL
15:34:32.522 [FXGL Background Thread 3 ] DEBUG Engine               - urlLeaderboard: http://fxgl-top.herokuapp.com/
15:34:32.522 [FXGL Background Thread 3 ] DEBUG Engine               - urlPOM: https://raw.githubusercontent.com/AlmasB/FXGL/release/README.md
15:34:32.522 [FXGL Background Thread 3 ] DEBUG Engine               - userAppClass: class me.pooh.bakudun.App
15:34:32.522 [FXGL Background Thread 3 ] DEBUG Engine               - version: 0.1
15:34:32.522 [FXGL Background Thread 3 ] DEBUG Engine               - versionCheckDays: 7
15:34:32.522 [FXGL Background Thread 3 ] DEBUG Engine               - width: 640
15:34:32.523 [FXGL Background Thread 3 ] DEBUG Engine               - Logging services
15:34:32.523 [FXGL Background Thread 3 ] DEBUG Engine               - class com.almasb.fxgl.app.services.FXGLAssetLoaderService
15:34:32.523 [FXGL Background Thread 3 ] DEBUG Engine               - class com.almasb.fxgl.app.FXGLApplication$GameApplicationService
15:34:32.523 [FXGL Background Thread 3 ] DEBUG Engine               - class com.almasb.fxgl.app.services.FXGLDialogService
15:34:32.523 [FXGL Background Thread 3 ] DEBUG Engine               - class com.almasb.fxgl.app.services.IOTaskExecutorService
15:34:32.523 [FXGL Background Thread 3 ] DEBUG Engine               - class com.almasb.fxgl.io.FileSystemService
15:34:32.523 [FXGL Background Thread 3 ] DEBUG Engine               - class com.almasb.fxgl.localization.LocalizationService
15:34:32.523 [FXGL Background Thread 3 ] DEBUG Engine               - class com.almasb.fxgl.app.services.SystemBundleService
15:34:32.523 [FXGL Background Thread 3 ] DEBUG Engine               - class com.almasb.fxgl.profile.SaveLoadService
15:34:32.523 [FXGL Background Thread 3 ] DEBUG Engine               - class com.almasb.fxgl.ui.FXGLUIFactoryServiceProvider
15:34:32.523 [FXGL Background Thread 3 ] DEBUG Engine               - class com.almasb.fxgl.ui.FXGLDialogFactoryServiceProvider
15:34:32.523 [FXGL Background Thread 3 ] DEBUG Engine               - class com.almasb.fxgl.audio.AudioPlayer
15:34:32.523 [FXGL Background Thread 3 ] DEBUG Engine               - class com.almasb.fxgl.notification.impl.NotificationServiceProvider
15:34:32.523 [FXGL Background Thread 3 ] DEBUG Engine               - class com.almasb.fxgl.achievement.AchievementService
15:34:32.523 [FXGL Background Thread 3 ] DEBUG Engine               - class com.almasb.fxgl.cutscene.CutsceneService
15:34:32.523 [FXGL Background Thread 3 ] DEBUG Engine               - class com.almasb.fxgl.minigames.MiniGameService
15:34:32.523 [FXGL Background Thread 3 ] DEBUG Engine               - class com.almasb.fxgl.net.NetService
15:34:32.523 [FXGL Background Thread 3 ] DEBUG Engine               - class com.almasb.fxgl.app.services.UpdaterService
15:34:32.523 [FXGL Background Thread 3 ] DEBUG Engine               - class com.almasb.fxgl.dev.DevService
15:34:36.464 [JavaFX Application Thread] WARN  Entity               - Entity already has component: com.almasb.fxgl.physics.PhysicsComponent
15:34:36.466 [JavaFX Application Thread] DEBUG FXGLAssetLoaderServi - Loading from file system: file:/C:/Users/POO/intellij/Bakudun/target/classes/assets/textures/bombball.png
15:34:36.468 [JavaFX Application Thread] DEBUG FXGLAssetLoaderServi - Loading from file system: file:/C:/Users/POO/intellij/Bakudun/target/classes/assets/textures/bombblast.png
15:34:36.742 [JavaFX Application Thread] WARN  Entity               - Entity already has component: com.almasb.fxgl.physics.PhysicsComponent
15:34:36.952 [JavaFX Application Thread] WARN  Entity               - Entity already has component: com.almasb.fxgl.physics.PhysicsComponent
15:34:43.891 [JavaFX Application Thread] WARN  Entity               - Entity already has component: com.almasb.fxgl.physics.PhysicsComponent
15:34:44.342 [JavaFX Application Thread] WARN  Entity               - Entity already has component: com.almasb.fxgl.physics.PhysicsComponent
15:34:44.751 [JavaFX Application Thread] WARN  Entity               - Entity already has component: com.almasb.fxgl.physics.PhysicsComponent
15:35:00.482 [JavaFX Application Thread] DEBUG FXGLApplication      - Exiting FXGL
15:35:00.482 [JavaFX Application Thread] DEBUG LoopRunner           - Stopping loop
15:35:00.482 [JavaFX Application Thread] DEBUG SystemBundleService  - Saving FXGL system data
15:35:00.484 [JavaFX Application Thread] DEBUG FileSystemAccess     - Writing to: C:\Users\POO\intellij\Bakudun\system\fxgl.bundle
15:35:00.486 [JavaFX Application Thread] DEBUG Async                - Shutting down background threads
15:35:00.486 [JavaFX Application Thread] DEBUG PrimaryStageWindow   - Closing main window
15:35:00.503 [JavaFX Application Thread] DEBUG Logger               - Closing Logger
