04:26:09.025 [main                     ] DEBUG Logger               - Configured Logger
04:26:09.050 [main                     ] DEBUG GameApplication      - Logging settings
Title: BomberMan
Version: 0.1
Width: 640
Height: 480
Fullscreen: false
Intro: false
Profiling: false
Single step:false
App Mode: DEVELOPER
Menu Key: ESCAPE
Stage Style: DECORATED
Scene Factory: class com.almasb.fxgl.app.scene.SceneFactory

04:26:09.612 [JavaFX Application Thread] DEBUG FXGLApplication      - Initializing FXGL
04:26:09.615 [JavaFX Application Thread] INFO  Engine               - FXGL-21.1 (27.03.2024 07.52) on WINDOWS (J:21.0.2 FX:21.0.1)
04:26:09.616 [JavaFX Application Thread] DEBUG Engine               - JRE Vendor Name: Eclipse Adoptium
04:26:09.616 [JavaFX Application Thread] DEBUG Engine               - Running on OS: Windows 11 version 10.0
04:26:09.616 [JavaFX Application Thread] DEBUG Engine               - Architecture: amd64
04:26:09.616 [JavaFX Application Thread] INFO  Engine               - Source code and latest versions at: https://github.com/AlmasB/FXGL
04:26:09.616 [JavaFX Application Thread] INFO  Engine               -       Ask questions and discuss at: https://github.com/AlmasB/FXGL/discussions
04:26:09.616 [JavaFX Application Thread] INFO  Engine               -              Join the FXGL chat at: https://gitter.im/AlmasB/FXGL
04:26:09.683 [JavaFX Application Thread] DEBUG PrimaryStageWindow   - Creating a JavaFX scene
04:26:09.720 [JavaFX Application Thread] DEBUG PrimaryStageWindow   - Target settings size: 640.0 x 480.0
04:26:09.720 [JavaFX Application Thread] DEBUG PrimaryStageWindow   - Scaled scene size:    640.0 x 480.0
04:26:09.721 [JavaFX Application Thread] DEBUG PrimaryStageWindow   - Scaled ratio: (1.0, 1.0)
04:26:09.721 [JavaFX Application Thread] DEBUG PrimaryStageWindow   - Set initial scene to FXGLStartupScene
04:26:09.723 [JavaFX Application Thread] DEBUG PrimaryStageWindow   - Opening main window
04:26:09.818 [JavaFX Application Thread] DEBUG PrimaryStageWindow   - Window border size: (14.4000244140625, 37.5999755859375)
04:26:09.818 [JavaFX Application Thread] DEBUG PrimaryStageWindow   - Scaled size: 640.0 x 480.0
04:26:09.818 [JavaFX Application Thread] DEBUG PrimaryStageWindow   - Scaled ratio: (1.0, 1.0)
04:26:09.819 [JavaFX Application Thread] DEBUG PrimaryStageWindow   - Scene size: 640.0 x 480.0
04:26:09.819 [JavaFX Application Thread] DEBUG PrimaryStageWindow   - Stage size: 654.4000244140625 x 517.5999755859375
04:26:09.828 [FXGL Background Thread 1 ] DEBUG Engine               - Initializing environment variables
04:26:09.879 [FXGL Background Thread 1 ] DEBUG FXGLAssetLoaderServi - User app class for loading assets: class me.pooh.bakudun.App
04:26:09.879 [FXGL Background Thread 1 ] DEBUG GameApplicationServi - Applying CSS: fxgl_dark.css
04:26:09.880 [FXGL Background Thread 1 ] DEBUG FXGLAssetLoaderServi - Loading from file system: jar:file:///C:/Users/POO/.m2/repository/com/github/almasb/fxgl/21.1/fxgl-21.1.jar!/fxglassets/ui/css/fxgl_dark.css
04:26:09.913 [FXGL Background Thread 1 ] DEBUG GameApplicationServi - Initializing application scenes
04:26:09.945 [FXGL Background Thread 1 ] DEBUG GameWorld            - Game world initialized
04:26:09.991 [FXGL Background Thread 1 ] DEBUG PhysicsWorld         - Physics world initialized: appHeight=480, physics.ppm=50.0
04:26:09.991 [FXGL Background Thread 1 ] DEBUG PhysicsWorld         - Using strategy: BRUTE_FORCE
04:26:09.995 [FXGL Background Thread 1 ] DEBUG GameScene            - Game scene initialized: 640x480
04:26:10.007 [FXGL Background Thread 1 ] WARN  FXGL.DefaultMenu     - FXGLDefaultMenu is not designed for resolutions < 800x600
04:26:10.008 [FXGL Background Thread 1 ] DEBUG FXGL.DefaultMenu     - createMenuBodyGameMenu()
04:26:10.017 [FXGL Background Thread 1 ] DEBUG FXGL.DefaultMenu     - createOptionsMenu()
04:26:10.026 [FXGL Background Thread 1 ] DEBUG FXGLAssetLoaderServi - Loading from file system: jar:file:///C:/Users/POO/.m2/repository/com/github/almasb/fxgl/21.1/fxgl-21.1.jar!/fxglassets/textures/particles/smoke.png
04:26:10.094 [FXGL Background Thread 1 ] DEBUG FXGLAssetLoaderServi - Loading from file system: jar:file:///C:/Users/POO/.m2/repository/com/github/almasb/fxgl/21.1/fxgl-21.1.jar!/fxglassets/textures/particles/trace_horizontal.png
04:26:10.125 [FXGL Background Thread 1 ] DEBUG GameApplicationServi - Application scenes initialized
04:26:10.138 [FXGL Background Thread 1 ] DEBUG SystemBundleService  - Loading FXGL system data
04:26:10.143 [FXGL Background Thread 1 ] DEBUG FileSystemAccess     - Reading from: C:\Users\POO\intellij\Bakudun\system\fxgl.bundle
04:26:10.152 [FXGL Background Thread 1 ] DEBUG SystemBundleService  - Bundle FXGL: {}
04:26:10.152 [FXGL Background Thread 1 ] DEBUG UpdaterService       - Checking for updates
04:26:10.181 [FXGL Background Thread 4 ] DEBUG FXGLApplication      - Loading fonts
04:26:10.182 [FXGL Background Thread 4 ] DEBUG FXGLAssetLoaderServi - Loading from file system: jar:file:///C:/Users/POO/.m2/repository/com/github/almasb/fxgl/21.1/fxgl-21.1.jar!/fxglassets/ui/fonts/VarelaRound-Regular.ttf
04:26:10.182 [FXGL Background Thread 1 ] DEBUG FXGLApplication      - Loading default localization
04:26:10.183 [FXGL Background Thread 1 ] DEBUG FXGLAssetLoaderServi - Loading from file system: jar:file:///C:/Users/POO/.m2/repository/com/github/almasb/fxgl/21.1/fxgl-21.1.jar!/fxglassets/languages/english.lang
04:26:10.212 [FXGL Background Thread 1 ] INFO  FXGLApplication      - FXGL initialization took: 0.384 sec
04:26:10.222 [FXGL Background Thread 4 ] DEBUG FXGLAssetLoaderServi - Loading from file system: jar:file:///C:/Users/POO/.m2/repository/com/github/almasb/fxgl/21.1/fxgl-21.1.jar!/fxglassets/ui/fonts/Abel-Regular.ttf
04:26:10.225 [JavaFX Application Thread] DEBUG Input                - Registered new binding: Right - D
04:26:10.225 [JavaFX Application Thread] DEBUG Input                - Registered new binding: Left - A
04:26:10.225 [JavaFX Application Thread] DEBUG Input                - Registered new binding: Up - W
04:26:10.225 [JavaFX Application Thread] DEBUG Input                - Registered new binding: Down - S
04:26:10.226 [JavaFX Application Thread] DEBUG FXGLAssetLoaderServi - Loading from file system: jar:file:///C:/Users/POO/.m2/repository/com/github/almasb/fxgl/21.1/fxgl-21.1.jar!/fxglassets/textures/fxgl_icon.png
04:26:10.228 [FXGL Background Thread 4 ] DEBUG FXGLAssetLoaderServi - Loading from file system: jar:file:///C:/Users/POO/.m2/repository/com/github/almasb/fxgl/21.1/fxgl-21.1.jar!/fxglassets/ui/fonts/TerminalLandMono-Regular.otf
04:26:10.232 [FXGL Background Thread 4 ] DEBUG FXGLAssetLoaderServi - Loading from file system: jar:file:///C:/Users/POO/.m2/repository/com/github/almasb/fxgl/21.1/fxgl-21.1.jar!/fxglassets/ui/fonts/Courier-Prime.ttf
04:26:10.244 [JavaFX Application Thread] DEBUG FXGLAssetLoaderServi - Loading from file system: jar:file:///C:/Users/POO/.m2/repository/com/github/almasb/fxgl/21.1/fxgl-21.1.jar!/fxglassets/textures/fxgl_default_cursor.png
04:26:10.246 [JavaFX Application Thread] DEBUG Input                - Registered new binding: Screenshot - CTRL+8
04:26:10.247 [JavaFX Application Thread] DEBUG Input                - Registered new binding: Dev Options - 1
04:26:10.247 [JavaFX Application Thread] DEBUG Input                - Registered new binding: Dev Console - 2
04:26:10.247 [JavaFX Application Thread] DEBUG Input                - Registered new binding: System info dump - CTRL+9
04:26:10.247 [JavaFX Application Thread] DEBUG Input                - Registered new binding: Restart - CTRL+R
04:26:10.248 [JavaFX Application Thread] DEBUG Input                - Registered new binding: Toggle Debug Camera - CTRL+7
04:26:10.252 [JavaFX Application Thread] DEBUG LoopRunner           - Starting loop
04:26:10.263 [JavaFX Application Thread] DEBUG LoopRunner           - Initializing JavaFX AnimationTimerLoop
04:26:10.264 [JavaFX Application Thread] DEBUG GameApplicationServi - Starting new game
04:26:10.265 [JavaFX Application Thread] DEBUG Input                - Clearing active input actions
04:26:10.277 [JavaFX Application Thread] DEBUG GameApplicationServi - Removing overlay from FXGLStartupScene and adding to FXGLLoadingScene
04:26:10.282 [JavaFX Application Thread] DEBUG PrimaryStageWindow   - FXGLStartupScene -> FXGLLoadingScene
04:26:10.282 [JavaFX Application Thread] DEBUG GameApplicationServi - Clearing previous game
04:26:10.282 [JavaFX Application Thread] DEBUG GameScene            - Clearing game scene
04:26:10.282 [JavaFX Application Thread] DEBUG GameWorld            - Clearing game world
04:26:10.282 [JavaFX Application Thread] DEBUG PhysicsWorld         - Clearing physics world
04:26:10.284 [FXGL Background Thread 4 ] DEBUG FXGLApplication      - Initializing game
04:26:10.284 [JavaFX Application Thread] DEBUG FXGLApplication      - Registering font factories with UI factory
04:26:10.329 [FXGL Background Thread 4 ] DEBUG FXGLAssetLoaderServi - Loading from file system: file:/C:/Users/POO/intellij/Bakudun/target/classes/assets/textures/Jim.png
04:26:10.359 [FXGL Background Thread 4 ] INFO  FXGLApplication      - Game initialization took: 0.075 sec
04:26:10.512 [JavaFX Application Thread] DEBUG Input                - Clearing active input actions
04:26:10.525 [JavaFX Application Thread] DEBUG GameApplicationServi - Removing overlay from FXGLLoadingScene and adding to GameScene
04:26:10.529 [JavaFX Application Thread] DEBUG PrimaryStageWindow   - FXGLLoadingScene -> GameScene
04:26:13.180 [FXGL Background Thread 3 ] DEBUG Engine               - Logging environment variables
04:26:13.180 [FXGL Background Thread 3 ] DEBUG Engine               - achievements: []
04:26:13.180 [FXGL Background Thread 3 ] DEBUG Engine               - actualHeight: 480.0
04:26:13.180 [FXGL Background Thread 3 ] DEBUG Engine               - actualHeightProperty: ReadOnlyDoubleProperty [value: 480.0]
04:26:13.180 [FXGL Background Thread 3 ] DEBUG Engine               - actualWidth: 640.0
04:26:13.180 [FXGL Background Thread 3 ] DEBUG Engine               - actualWidthProperty: ReadOnlyDoubleProperty [value: 640.0]
04:26:13.181 [FXGL Background Thread 3 ] DEBUG Engine               - appIcon: fxgl_icon.png
04:26:13.181 [FXGL Background Thread 3 ] DEBUG Engine               - applicationMode: DEVELOPER
04:26:13.181 [FXGL Background Thread 3 ] DEBUG Engine               - cSSList: [fxgl_dark.css]
04:26:13.181 [FXGL Background Thread 3 ] DEBUG Engine               - collisionDetectionStrategy: BRUTE_FORCE
04:26:13.181 [FXGL Background Thread 3 ] DEBUG Engine               - configClass: Optional.empty
04:26:13.181 [FXGL Background Thread 3 ] DEBUG Engine               - credits: []
04:26:13.181 [FXGL Background Thread 3 ] DEBUG Engine               - defaultCursor: CursorInfo(imageName=fxgl_default_cursor.png, hotspotX=7.0, hotspotY=6.0)
04:26:13.181 [FXGL Background Thread 3 ] DEBUG Engine               - devBBoxColorProperty: ObjectProperty [value: 0xff0000ff]
04:26:13.181 [FXGL Background Thread 3 ] DEBUG Engine               - devEnableDebugCameraProperty: BooleanProperty [value: false]
04:26:13.181 [FXGL Background Thread 3 ] DEBUG Engine               - devSensorColorProperty: ObjectProperty [value: 0xffff00ff]
04:26:13.181 [FXGL Background Thread 3 ] DEBUG Engine               - devShowBBoxProperty: BooleanProperty [value: false]
04:26:13.182 [FXGL Background Thread 3 ] DEBUG Engine               - devShowPositionProperty: BooleanProperty [value: false]
04:26:13.182 [FXGL Background Thread 3 ] DEBUG Engine               - enabledMenuItems: []
04:26:13.182 [FXGL Background Thread 3 ] DEBUG Engine               - engineServices: [class com.almasb.fxgl.app.services.FXGLAssetLoaderService, class com.almasb.fxgl.app.FXGLApplication$GameApplicationService, class com.almasb.fxgl.app.services.FXGLDialogService, class com.almasb.fxgl.app.services.IOTaskExecutorService, class com.almasb.fxgl.io.FileSystemService, class com.almasb.fxgl.localization.LocalizationService, class com.almasb.fxgl.app.services.SystemBundleService, class com.almasb.fxgl.profile.SaveLoadService, class com.almasb.fxgl.ui.FXGLUIFactoryServiceProvider, class com.almasb.fxgl.ui.FXGLDialogFactoryServiceProvider, class com.almasb.fxgl.audio.AudioPlayer, class com.almasb.fxgl.notification.impl.NotificationServiceProvider, class com.almasb.fxgl.achievement.AchievementService, class com.almasb.fxgl.cutscene.CutsceneService, class com.almasb.fxgl.minigames.MiniGameService, class com.almasb.fxgl.net.NetService, class com.almasb.fxgl.app.services.UpdaterService, class com.almasb.fxgl.dev.DevService]
04:26:13.182 [FXGL Background Thread 3 ] DEBUG Engine               - fontGame: Abel-Regular.ttf
04:26:13.182 [FXGL Background Thread 3 ] DEBUG Engine               - fontMono: TerminalLandMono-Regular.otf
04:26:13.182 [FXGL Background Thread 3 ] DEBUG Engine               - fontSizeScaleUI: 1.0
04:26:13.182 [FXGL Background Thread 3 ] DEBUG Engine               - fontText: Courier-Prime.ttf
04:26:13.182 [FXGL Background Thread 3 ] DEBUG Engine               - fontUI: VarelaRound-Regular.ttf
04:26:13.182 [FXGL Background Thread 3 ] DEBUG Engine               - fullScreen: BooleanProperty [value: false]
04:26:13.182 [FXGL Background Thread 3 ] DEBUG Engine               - gameDifficulty: MEDIUM
04:26:13.182 [FXGL Background Thread 3 ] DEBUG Engine               - gameDifficultyProperty: ObjectProperty [value: MEDIUM]
04:26:13.182 [FXGL Background Thread 3 ] DEBUG Engine               - globalMusicVolume: 0.5
04:26:13.182 [FXGL Background Thread 3 ] DEBUG Engine               - globalMusicVolumeProperty: DoubleProperty [value: 0.5]
04:26:13.182 [FXGL Background Thread 3 ] DEBUG Engine               - globalSoundVolume: 0.5
04:26:13.182 [FXGL Background Thread 3 ] DEBUG Engine               - globalSoundVolumeProperty: DoubleProperty [value: 0.5]
04:26:13.182 [FXGL Background Thread 3 ] DEBUG Engine               - height: 480
04:26:13.182 [FXGL Background Thread 3 ] DEBUG Engine               - is3D: false
04:26:13.182 [FXGL Background Thread 3 ] DEBUG Engine               - isAndroid: false
04:26:13.183 [FXGL Background Thread 3 ] DEBUG Engine               - isBrowser: false
04:26:13.183 [FXGL Background Thread 3 ] DEBUG Engine               - isClickFeedbackEnabled: false
04:26:13.183 [FXGL Background Thread 3 ] DEBUG Engine               - isCloseConfirmation: false
04:26:13.183 [FXGL Background Thread 3 ] DEBUG Engine               - isDesktop: true
04:26:13.183 [FXGL Background Thread 3 ] DEBUG Engine               - isDeveloperMenuEnabled: true
04:26:13.183 [FXGL Background Thread 3 ] DEBUG Engine               - isEmbedded: false
04:26:13.183 [FXGL Background Thread 3 ] DEBUG Engine               - isEntityPreloadEnabled: true
04:26:13.183 [FXGL Background Thread 3 ] DEBUG Engine               - isExperimentalTiledLargeMap: false
04:26:13.183 [FXGL Background Thread 3 ] DEBUG Engine               - isFileSystemWriteAllowed: true
04:26:13.183 [FXGL Background Thread 3 ] DEBUG Engine               - isFullScreenAllowed: false
04:26:13.183 [FXGL Background Thread 3 ] DEBUG Engine               - isFullScreenFromStart: false
04:26:13.183 [FXGL Background Thread 3 ] DEBUG Engine               - isGameMenuEnabled: true
04:26:13.183 [FXGL Background Thread 3 ] DEBUG Engine               - isIOS: false
04:26:13.183 [FXGL Background Thread 3 ] DEBUG Engine               - isIntroEnabled: false
04:26:13.183 [FXGL Background Thread 3 ] DEBUG Engine               - isLinux: false
04:26:13.183 [FXGL Background Thread 3 ] DEBUG Engine               - isMac: false
04:26:13.183 [FXGL Background Thread 3 ] DEBUG Engine               - isMainMenuEnabled: false
04:26:13.183 [FXGL Background Thread 3 ] DEBUG Engine               - isManualResizeEnabled: false
04:26:13.183 [FXGL Background Thread 3 ] DEBUG Engine               - isMobile: false
04:26:13.184 [FXGL Background Thread 3 ] DEBUG Engine               - isNative: false
04:26:13.184 [FXGL Background Thread 3 ] DEBUG Engine               - isPauseMusicWhenMinimized: true
04:26:13.184 [FXGL Background Thread 3 ] DEBUG Engine               - isPreserveResizeRatio: false
04:26:13.184 [FXGL Background Thread 3 ] DEBUG Engine               - isProfilingEnabled: false
04:26:13.184 [FXGL Background Thread 3 ] DEBUG Engine               - isScaleAffectedOnResize: true
04:26:13.184 [FXGL Background Thread 3 ] DEBUG Engine               - isSingleStep: false
04:26:13.184 [FXGL Background Thread 3 ] DEBUG Engine               - isUserProfileEnabled: false
04:26:13.184 [FXGL Background Thread 3 ] DEBUG Engine               - isWindows: true
04:26:13.184 [FXGL Background Thread 3 ] DEBUG Engine               - language: ObjectProperty [value: ENGLISH]
04:26:13.184 [FXGL Background Thread 3 ] DEBUG Engine               - menuKey: ESCAPE
04:26:13.184 [FXGL Background Thread 3 ] DEBUG Engine               - mouseSensitivity: 0.2
04:26:13.184 [FXGL Background Thread 3 ] DEBUG Engine               - notificationViewClass: class com.almasb.fxgl.notification.view.XboxNotificationView
04:26:13.184 [FXGL Background Thread 3 ] DEBUG Engine               - pixelsPerMeter: 50.0
04:26:13.184 [FXGL Background Thread 3 ] DEBUG Engine               - platform: WINDOWS
04:26:13.184 [FXGL Background Thread 3 ] DEBUG Engine               - prefHeightProperty: ReadOnlyDoubleProperty [value: 480.0]
04:26:13.184 [FXGL Background Thread 3 ] DEBUG Engine               - prefWidthProperty: ReadOnlyDoubleProperty [value: 640.0]
04:26:13.184 [FXGL Background Thread 3 ] DEBUG Engine               - profileDir: profiles/
04:26:13.184 [FXGL Background Thread 3 ] DEBUG Engine               - profileName: StringProperty [value: DEFAULT]
04:26:13.184 [FXGL Background Thread 3 ] DEBUG Engine               - randomSeed: -1
04:26:13.185 [FXGL Background Thread 3 ] DEBUG Engine               - runtimeInfo: RuntimeInfo(platform=WINDOWS, version=21.1, build=27.03.2024 07.52)
04:26:13.185 [FXGL Background Thread 3 ] DEBUG Engine               - saveFileExt: sav
04:26:13.185 [FXGL Background Thread 3 ] DEBUG Engine               - scaledHeightProp$fxgl: DoubleProperty [bound, value: 480.0]
04:26:13.185 [FXGL Background Thread 3 ] DEBUG Engine               - scaledWidthProp$fxgl: DoubleProperty [bound, value: 640.0]
04:26:13.185 [FXGL Background Thread 3 ] DEBUG Engine               - sceneFactory: com.almasb.fxgl.app.scene.SceneFactory@161d1d0c
04:26:13.185 [FXGL Background Thread 3 ] DEBUG Engine               - secondsIn24h: 60
04:26:13.185 [FXGL Background Thread 3 ] DEBUG Engine               - soundMenuBack: menu/back.wav
04:26:13.185 [FXGL Background Thread 3 ] DEBUG Engine               - soundMenuPress: menu/press.wav
04:26:13.185 [FXGL Background Thread 3 ] DEBUG Engine               - soundMenuSelect: menu/select.wav
04:26:13.185 [FXGL Background Thread 3 ] DEBUG Engine               - soundNotification: core/notification.wav
04:26:13.185 [FXGL Background Thread 3 ] DEBUG Engine               - stageStyle: DECORATED
04:26:13.185 [FXGL Background Thread 3 ] DEBUG Engine               - supportedLanguages: [ENGLISH, FRENCH, GERMAN, HUNGARIAN, RUSSIAN]
04:26:13.185 [FXGL Background Thread 3 ] DEBUG Engine               - ticksPerSecond: -1
04:26:13.185 [FXGL Background Thread 3 ] DEBUG Engine               - title: BomberMan
04:26:13.186 [FXGL Background Thread 3 ] DEBUG Engine               - urlGithub: https://github.com/AlmasB/FXGL
04:26:13.186 [FXGL Background Thread 3 ] DEBUG Engine               - urlLeaderboard: http://fxgl-top.herokuapp.com/
04:26:13.186 [FXGL Background Thread 3 ] DEBUG Engine               - urlPOM: https://raw.githubusercontent.com/AlmasB/FXGL/release/README.md
04:26:13.186 [FXGL Background Thread 3 ] DEBUG Engine               - userAppClass: class me.pooh.bakudun.App
04:26:13.186 [FXGL Background Thread 3 ] DEBUG Engine               - version: 0.1
04:26:13.186 [FXGL Background Thread 3 ] DEBUG Engine               - versionCheckDays: 7
04:26:13.186 [FXGL Background Thread 3 ] DEBUG Engine               - width: 640
04:26:13.186 [FXGL Background Thread 3 ] DEBUG Engine               - Logging services
04:26:13.186 [FXGL Background Thread 3 ] DEBUG Engine               - class com.almasb.fxgl.app.services.FXGLAssetLoaderService
04:26:13.186 [FXGL Background Thread 3 ] DEBUG Engine               - class com.almasb.fxgl.app.FXGLApplication$GameApplicationService
04:26:13.186 [FXGL Background Thread 3 ] DEBUG Engine               - class com.almasb.fxgl.app.services.FXGLDialogService
04:26:13.186 [FXGL Background Thread 3 ] DEBUG Engine               - class com.almasb.fxgl.app.services.IOTaskExecutorService
04:26:13.186 [FXGL Background Thread 3 ] DEBUG Engine               - class com.almasb.fxgl.io.FileSystemService
04:26:13.186 [FXGL Background Thread 3 ] DEBUG Engine               - class com.almasb.fxgl.localization.LocalizationService
04:26:13.186 [FXGL Background Thread 3 ] DEBUG Engine               - class com.almasb.fxgl.app.services.SystemBundleService
04:26:13.186 [FXGL Background Thread 3 ] DEBUG Engine               - class com.almasb.fxgl.profile.SaveLoadService
04:26:13.186 [FXGL Background Thread 3 ] DEBUG Engine               - class com.almasb.fxgl.ui.FXGLUIFactoryServiceProvider
04:26:13.187 [FXGL Background Thread 3 ] DEBUG Engine               - class com.almasb.fxgl.ui.FXGLDialogFactoryServiceProvider
04:26:13.187 [FXGL Background Thread 3 ] DEBUG Engine               - class com.almasb.fxgl.audio.AudioPlayer
04:26:13.187 [FXGL Background Thread 3 ] DEBUG Engine               - class com.almasb.fxgl.notification.impl.NotificationServiceProvider
04:26:13.187 [FXGL Background Thread 3 ] DEBUG Engine               - class com.almasb.fxgl.achievement.AchievementService
04:26:13.187 [FXGL Background Thread 3 ] DEBUG Engine               - class com.almasb.fxgl.cutscene.CutsceneService
04:26:13.187 [FXGL Background Thread 3 ] DEBUG Engine               - class com.almasb.fxgl.minigames.MiniGameService
04:26:13.187 [FXGL Background Thread 3 ] DEBUG Engine               - class com.almasb.fxgl.net.NetService
04:26:13.187 [FXGL Background Thread 3 ] DEBUG Engine               - class com.almasb.fxgl.app.services.UpdaterService
04:26:13.187 [FXGL Background Thread 3 ] DEBUG Engine               - class com.almasb.fxgl.dev.DevService
04:26:32.580 [JavaFX Application Thread] DEBUG FXGLApplication      - Exiting FXGL
04:26:32.580 [JavaFX Application Thread] DEBUG LoopRunner           - Stopping loop
04:26:32.580 [JavaFX Application Thread] DEBUG SystemBundleService  - Saving FXGL system data
04:26:32.582 [JavaFX Application Thread] DEBUG FileSystemAccess     - Writing to: C:\Users\POO\intellij\Bakudun\system\fxgl.bundle
04:26:32.584 [JavaFX Application Thread] DEBUG Async                - Shutting down background threads
04:26:32.584 [JavaFX Application Thread] DEBUG PrimaryStageWindow   - Closing main window
04:26:32.601 [JavaFX Application Thread] DEBUG Logger               - Closing Logger
