04:40:10.143 [main                     ] DEBUG Logger               - Configured Logger
04:40:10.170 [main                     ] DEBUG GameApplication      - Logging settings
Title: BomberMan
Version: 0.1
Width: 640
Height: 480
Fullscreen: false
Intro: false
Profiling: false
Single step:false
App Mode: DEVELOPER
Menu Key: ESCAPE
Stage Style: DECORATED
Scene Factory: class com.almasb.fxgl.app.scene.SceneFactory

04:40:10.804 [JavaFX Application Thread] DEBUG FXGLApplication      - Initializing FXGL
04:40:10.809 [JavaFX Application Thread] INFO  Engine               - FXGL-21.1 (27.03.2024 07.52) on WINDOWS (J:21.0.2 FX:21.0.1)
04:40:10.809 [JavaFX Application Thread] DEBUG Engine               - JRE Vendor Name: Eclipse Adoptium
04:40:10.809 [JavaFX Application Thread] DEBUG Engine               - Running on OS: Windows 11 version 10.0
04:40:10.809 [JavaFX Application Thread] DEBUG Engine               - Architecture: amd64
04:40:10.809 [JavaFX Application Thread] INFO  Engine               - Source code and latest versions at: https://github.com/AlmasB/FXGL
04:40:10.809 [JavaFX Application Thread] INFO  Engine               -       Ask questions and discuss at: https://github.com/AlmasB/FXGL/discussions
04:40:10.810 [JavaFX Application Thread] INFO  Engine               -              Join the FXGL chat at: https://gitter.im/AlmasB/FXGL
04:40:10.891 [JavaFX Application Thread] DEBUG PrimaryStageWindow   - Creating a JavaFX scene
04:40:10.937 [JavaFX Application Thread] DEBUG PrimaryStageWindow   - Target settings size: 640.0 x 480.0
04:40:10.937 [JavaFX Application Thread] DEBUG PrimaryStageWindow   - Scaled scene size:    640.0 x 480.0
04:40:10.937 [JavaFX Application Thread] DEBUG PrimaryStageWindow   - Scaled ratio: (1.0, 1.0)
04:40:10.938 [JavaFX Application Thread] DEBUG PrimaryStageWindow   - Set initial scene to FXGLStartupScene
04:40:10.941 [JavaFX Application Thread] DEBUG PrimaryStageWindow   - Opening main window
04:40:11.030 [JavaFX Application Thread] DEBUG PrimaryStageWindow   - Window border size: (14.4000244140625, 37.5999755859375)
04:40:11.030 [JavaFX Application Thread] DEBUG PrimaryStageWindow   - Scaled size: 640.0 x 480.0
04:40:11.030 [JavaFX Application Thread] DEBUG PrimaryStageWindow   - Scaled ratio: (1.0, 1.0)
04:40:11.031 [JavaFX Application Thread] DEBUG PrimaryStageWindow   - Scene size: 640.0 x 480.0
04:40:11.031 [JavaFX Application Thread] DEBUG PrimaryStageWindow   - Stage size: 654.4000244140625 x 517.5999755859375
04:40:11.039 [FXGL Background Thread 1 ] DEBUG Engine               - Initializing environment variables
04:40:11.090 [FXGL Background Thread 1 ] DEBUG FXGLAssetLoaderServi - User app class for loading assets: class me.pooh.bakudun.App
04:40:11.090 [FXGL Background Thread 1 ] DEBUG GameApplicationServi - Applying CSS: fxgl_dark.css
04:40:11.091 [FXGL Background Thread 1 ] DEBUG FXGLAssetLoaderServi - Loading from file system: jar:file:///C:/Users/POO/.m2/repository/com/github/almasb/fxgl/21.1/fxgl-21.1.jar!/fxglassets/ui/css/fxgl_dark.css
04:40:11.127 [FXGL Background Thread 1 ] DEBUG GameApplicationServi - Initializing application scenes
04:40:11.160 [FXGL Background Thread 1 ] DEBUG GameWorld            - Game world initialized
04:40:11.216 [FXGL Background Thread 1 ] DEBUG PhysicsWorld         - Physics world initialized: appHeight=480, physics.ppm=50.0
04:40:11.216 [FXGL Background Thread 1 ] DEBUG PhysicsWorld         - Using strategy: BRUTE_FORCE
04:40:11.221 [FXGL Background Thread 1 ] DEBUG GameScene            - Game scene initialized: 640x480
04:40:11.232 [FXGL Background Thread 1 ] WARN  FXGL.DefaultMenu     - FXGLDefaultMenu is not designed for resolutions < 800x600
04:40:11.233 [FXGL Background Thread 1 ] DEBUG FXGL.DefaultMenu     - createMenuBodyGameMenu()
04:40:11.243 [FXGL Background Thread 1 ] DEBUG FXGL.DefaultMenu     - createOptionsMenu()
04:40:11.253 [FXGL Background Thread 1 ] DEBUG FXGLAssetLoaderServi - Loading from file system: jar:file:///C:/Users/POO/.m2/repository/com/github/almasb/fxgl/21.1/fxgl-21.1.jar!/fxglassets/textures/particles/smoke.png
04:40:11.328 [FXGL Background Thread 1 ] DEBUG FXGLAssetLoaderServi - Loading from file system: jar:file:///C:/Users/POO/.m2/repository/com/github/almasb/fxgl/21.1/fxgl-21.1.jar!/fxglassets/textures/particles/trace_horizontal.png
04:40:11.352 [FXGL Background Thread 1 ] DEBUG GameApplicationServi - Application scenes initialized
04:40:11.363 [FXGL Background Thread 1 ] DEBUG SystemBundleService  - Loading FXGL system data
04:40:11.367 [FXGL Background Thread 1 ] DEBUG FileSystemAccess     - Reading from: C:\Users\POO\intellij\Bakudun\system\fxgl.bundle
04:40:11.375 [FXGL Background Thread 1 ] DEBUG SystemBundleService  - Bundle FXGL: {}
04:40:11.375 [FXGL Background Thread 1 ] DEBUG UpdaterService       - Checking for updates
04:40:11.398 [FXGL Background Thread 4 ] DEBUG FXGLApplication      - Loading fonts
04:40:11.399 [FXGL Background Thread 4 ] DEBUG FXGLAssetLoaderServi - Loading from file system: jar:file:///C:/Users/POO/.m2/repository/com/github/almasb/fxgl/21.1/fxgl-21.1.jar!/fxglassets/ui/fonts/VarelaRound-Regular.ttf
04:40:11.399 [FXGL Background Thread 1 ] DEBUG FXGLApplication      - Loading default localization
04:40:11.400 [FXGL Background Thread 1 ] DEBUG FXGLAssetLoaderServi - Loading from file system: jar:file:///C:/Users/POO/.m2/repository/com/github/almasb/fxgl/21.1/fxgl-21.1.jar!/fxglassets/languages/english.lang
04:40:11.421 [FXGL Background Thread 1 ] INFO  FXGLApplication      - FXGL initialization took: 0.382 sec
04:40:11.431 [JavaFX Application Thread] DEBUG Input                - Registered new binding: Right - D
04:40:11.432 [JavaFX Application Thread] DEBUG Input                - Registered new binding: Left - A
04:40:11.432 [JavaFX Application Thread] DEBUG Input                - Registered new binding: Up - W
04:40:11.432 [JavaFX Application Thread] DEBUG Input                - Registered new binding: Down - S
04:40:11.432 [JavaFX Application Thread] DEBUG FXGLAssetLoaderServi - Loading from file system: jar:file:///C:/Users/POO/.m2/repository/com/github/almasb/fxgl/21.1/fxgl-21.1.jar!/fxglassets/textures/fxgl_icon.png
04:40:11.435 [FXGL Background Thread 4 ] DEBUG FXGLAssetLoaderServi - Loading from file system: jar:file:///C:/Users/POO/.m2/repository/com/github/almasb/fxgl/21.1/fxgl-21.1.jar!/fxglassets/ui/fonts/Abel-Regular.ttf
04:40:11.439 [FXGL Background Thread 4 ] DEBUG FXGLAssetLoaderServi - Loading from file system: jar:file:///C:/Users/POO/.m2/repository/com/github/almasb/fxgl/21.1/fxgl-21.1.jar!/fxglassets/ui/fonts/TerminalLandMono-Regular.otf
04:40:11.444 [FXGL Background Thread 4 ] DEBUG FXGLAssetLoaderServi - Loading from file system: jar:file:///C:/Users/POO/.m2/repository/com/github/almasb/fxgl/21.1/fxgl-21.1.jar!/fxglassets/ui/fonts/Courier-Prime.ttf
04:40:11.455 [JavaFX Application Thread] DEBUG FXGLAssetLoaderServi - Loading from file system: jar:file:///C:/Users/POO/.m2/repository/com/github/almasb/fxgl/21.1/fxgl-21.1.jar!/fxglassets/textures/fxgl_default_cursor.png
04:40:11.457 [JavaFX Application Thread] DEBUG Input                - Registered new binding: Screenshot - CTRL+8
04:40:11.457 [JavaFX Application Thread] DEBUG Input                - Registered new binding: Dev Options - 1
04:40:11.458 [JavaFX Application Thread] DEBUG Input                - Registered new binding: Dev Console - 2
04:40:11.458 [JavaFX Application Thread] DEBUG Input                - Registered new binding: System info dump - CTRL+9
04:40:11.458 [JavaFX Application Thread] DEBUG Input                - Registered new binding: Restart - CTRL+R
04:40:11.459 [JavaFX Application Thread] DEBUG Input                - Registered new binding: Toggle Debug Camera - CTRL+7
04:40:11.465 [JavaFX Application Thread] DEBUG LoopRunner           - Starting loop
04:40:11.488 [JavaFX Application Thread] DEBUG LoopRunner           - Initializing JavaFX AnimationTimerLoop
04:40:11.490 [JavaFX Application Thread] DEBUG GameApplicationServi - Starting new game
04:40:11.490 [JavaFX Application Thread] DEBUG Input                - Clearing active input actions
04:40:11.499 [JavaFX Application Thread] DEBUG GameApplicationServi - Removing overlay from FXGLStartupScene and adding to FXGLLoadingScene
04:40:11.503 [JavaFX Application Thread] DEBUG PrimaryStageWindow   - FXGLStartupScene -> FXGLLoadingScene
04:40:11.503 [JavaFX Application Thread] DEBUG GameApplicationServi - Clearing previous game
04:40:11.503 [JavaFX Application Thread] DEBUG GameScene            - Clearing game scene
04:40:11.503 [JavaFX Application Thread] DEBUG GameWorld            - Clearing game world
04:40:11.504 [JavaFX Application Thread] DEBUG PhysicsWorld         - Clearing physics world
04:40:11.505 [FXGL Background Thread 4 ] DEBUG FXGLApplication      - Initializing game
04:40:11.507 [JavaFX Application Thread] DEBUG FXGLApplication      - Registering font factories with UI factory
04:40:11.557 [FXGL Background Thread 4 ] WARN  TMXLevelLoader       - TiledMap generated from 1.11.2. Supported version: 1.9.0. Some features may not be parsed fully.
04:40:11.580 [FXGL Background Thread 4 ] DEBUG TMXLevelLoader       - Parsed TiledMap: file:/C:/Users/POO/intellij/Bakudun/target/classes/assets/levels/Map.tmx
04:40:11.582 [FXGL Background Thread 4 ] DEBUG TMXLevelLoader       - Creating tile layer entities
04:40:11.585 [FXGL Background Thread 4 ] DEBUG TilesetLoader        - Loading view for layer เลเยอร์ไทล์ 1
04:40:11.585 [FXGL Background Thread 4 ] DEBUG TilesetLoader        - Created buffer with size 640.0x480.0
04:40:11.593 [FXGL Background Thread 4 ] WARN  TilesetLoader        - Diagonally flipped tiles are not currently supported
04:40:11.606 [FXGL Background Thread 4 ] WARN  TilesetLoader        - Diagonally flipped tiles are not currently supported
04:40:11.617 [FXGL Background Thread 4 ] DEBUG TilesetLoader        - Loading view for layer เลเยอร์ไทล์ 2
04:40:11.617 [FXGL Background Thread 4 ] DEBUG TilesetLoader        - Created buffer with size 640.0x480.0
04:40:11.618 [FXGL Background Thread 4 ] DEBUG TilesetLoader        - Loading view for layer เลเยอร์ไทล์ 3
04:40:11.618 [FXGL Background Thread 4 ] DEBUG TilesetLoader        - Created buffer with size 640.0x480.0
04:40:11.619 [FXGL Background Thread 4 ] DEBUG TilesetLoader        - Loading view for layer เลเยอร์ไทล์ 4
04:40:11.619 [FXGL Background Thread 4 ] DEBUG TilesetLoader        - Created buffer with size 640.0x480.0
04:40:11.620 [FXGL Background Thread 4 ] DEBUG TMXLevelLoader       - Creating object layer entities
04:40:11.660 [FXGL Background Thread 4 ] DEBUG FXGLAssetLoaderServi - Loading from file system: file:/C:/Users/POO/intellij/Bakudun/target/classes/assets/textures/Jim1.png
04:40:11.675 [FXGL Background Thread 4 ] WARN  TMXLevelLoader       - TiledMap generated from 1.11.2. Supported version: 1.9.0. Some features may not be parsed fully.
04:40:11.683 [FXGL Background Thread 4 ] DEBUG TMXLevelLoader       - Parsed TiledMap: file:/C:/Users/POO/intellij/Bakudun/target/classes/assets/levels/Map.tmx
04:40:11.683 [FXGL Background Thread 4 ] DEBUG TMXLevelLoader       - Creating tile layer entities
04:40:11.684 [FXGL Background Thread 4 ] DEBUG TilesetLoader        - Loading view for layer เลเยอร์ไทล์ 1
04:40:11.684 [FXGL Background Thread 4 ] DEBUG TilesetLoader        - Created buffer with size 640.0x480.0
04:40:11.692 [FXGL Background Thread 4 ] WARN  TilesetLoader        - Diagonally flipped tiles are not currently supported
04:40:11.710 [FXGL Background Thread 4 ] WARN  TilesetLoader        - Diagonally flipped tiles are not currently supported
04:40:11.718 [FXGL Background Thread 4 ] DEBUG TilesetLoader        - Loading view for layer เลเยอร์ไทล์ 2
04:40:11.719 [FXGL Background Thread 4 ] DEBUG TilesetLoader        - Created buffer with size 640.0x480.0
04:40:11.719 [FXGL Background Thread 4 ] DEBUG TilesetLoader        - Loading view for layer เลเยอร์ไทล์ 3
04:40:11.720 [FXGL Background Thread 4 ] DEBUG TilesetLoader        - Created buffer with size 640.0x480.0
04:40:11.720 [FXGL Background Thread 4 ] DEBUG TilesetLoader        - Loading view for layer เลเยอร์ไทล์ 4
04:40:11.721 [FXGL Background Thread 4 ] DEBUG TilesetLoader        - Created buffer with size 640.0x480.0
04:40:11.721 [FXGL Background Thread 4 ] DEBUG TMXLevelLoader       - Creating object layer entities
04:40:11.738 [FXGL Background Thread 4 ] DEBUG GameWorld            - Clearing removable entities
04:40:11.738 [FXGL Background Thread 4 ] DEBUG GameWorld            - Setting level: com.almasb.fxgl.entity.level.Level@7dcd59c2
04:40:11.749 [FXGL Background Thread 4 ] INFO  FXGLApplication      - Game initialization took: 0.243 sec
04:40:11.801 [JavaFX Application Thread] DEBUG Input                - Clearing active input actions
04:40:11.815 [JavaFX Application Thread] DEBUG GameApplicationServi - Removing overlay from FXGLLoadingScene and adding to GameScene
04:40:11.821 [JavaFX Application Thread] DEBUG PrimaryStageWindow   - FXGLLoadingScene -> GameScene
04:40:14.397 [FXGL Background Thread 3 ] DEBUG Engine               - Logging environment variables
04:40:14.397 [FXGL Background Thread 3 ] DEBUG Engine               - achievements: []
04:40:14.397 [FXGL Background Thread 3 ] DEBUG Engine               - actualHeight: 480.0
04:40:14.398 [FXGL Background Thread 3 ] DEBUG Engine               - actualHeightProperty: ReadOnlyDoubleProperty [value: 480.0]
04:40:14.398 [FXGL Background Thread 3 ] DEBUG Engine               - actualWidth: 640.0
04:40:14.398 [FXGL Background Thread 3 ] DEBUG Engine               - actualWidthProperty: ReadOnlyDoubleProperty [value: 640.0]
04:40:14.398 [FXGL Background Thread 3 ] DEBUG Engine               - appIcon: fxgl_icon.png
04:40:14.398 [FXGL Background Thread 3 ] DEBUG Engine               - applicationMode: DEVELOPER
04:40:14.398 [FXGL Background Thread 3 ] DEBUG Engine               - cSSList: [fxgl_dark.css]
04:40:14.398 [FXGL Background Thread 3 ] DEBUG Engine               - collisionDetectionStrategy: BRUTE_FORCE
04:40:14.398 [FXGL Background Thread 3 ] DEBUG Engine               - configClass: Optional.empty
04:40:14.398 [FXGL Background Thread 3 ] DEBUG Engine               - credits: []
04:40:14.398 [FXGL Background Thread 3 ] DEBUG Engine               - defaultCursor: CursorInfo(imageName=fxgl_default_cursor.png, hotspotX=7.0, hotspotY=6.0)
04:40:14.398 [FXGL Background Thread 3 ] DEBUG Engine               - devBBoxColorProperty: ObjectProperty [value: 0xff0000ff]
04:40:14.398 [FXGL Background Thread 3 ] DEBUG Engine               - devEnableDebugCameraProperty: BooleanProperty [value: false]
04:40:14.399 [FXGL Background Thread 3 ] DEBUG Engine               - devSensorColorProperty: ObjectProperty [value: 0xffff00ff]
04:40:14.399 [FXGL Background Thread 3 ] DEBUG Engine               - devShowBBoxProperty: BooleanProperty [value: false]
04:40:14.399 [FXGL Background Thread 3 ] DEBUG Engine               - devShowPositionProperty: BooleanProperty [value: false]
04:40:14.399 [FXGL Background Thread 3 ] DEBUG Engine               - enabledMenuItems: []
04:40:14.399 [FXGL Background Thread 3 ] DEBUG Engine               - engineServices: [class com.almasb.fxgl.app.services.FXGLAssetLoaderService, class com.almasb.fxgl.app.FXGLApplication$GameApplicationService, class com.almasb.fxgl.app.services.FXGLDialogService, class com.almasb.fxgl.app.services.IOTaskExecutorService, class com.almasb.fxgl.io.FileSystemService, class com.almasb.fxgl.localization.LocalizationService, class com.almasb.fxgl.app.services.SystemBundleService, class com.almasb.fxgl.profile.SaveLoadService, class com.almasb.fxgl.ui.FXGLUIFactoryServiceProvider, class com.almasb.fxgl.ui.FXGLDialogFactoryServiceProvider, class com.almasb.fxgl.audio.AudioPlayer, class com.almasb.fxgl.notification.impl.NotificationServiceProvider, class com.almasb.fxgl.achievement.AchievementService, class com.almasb.fxgl.cutscene.CutsceneService, class com.almasb.fxgl.minigames.MiniGameService, class com.almasb.fxgl.net.NetService, class com.almasb.fxgl.app.services.UpdaterService, class com.almasb.fxgl.dev.DevService]
04:40:14.399 [FXGL Background Thread 3 ] DEBUG Engine               - fontGame: Abel-Regular.ttf
04:40:14.399 [FXGL Background Thread 3 ] DEBUG Engine               - fontMono: TerminalLandMono-Regular.otf
04:40:14.399 [FXGL Background Thread 3 ] DEBUG Engine               - fontSizeScaleUI: 1.0
04:40:14.399 [FXGL Background Thread 3 ] DEBUG Engine               - fontText: Courier-Prime.ttf
04:40:14.399 [FXGL Background Thread 3 ] DEBUG Engine               - fontUI: VarelaRound-Regular.ttf
04:40:14.399 [FXGL Background Thread 3 ] DEBUG Engine               - fullScreen: BooleanProperty [value: false]
04:40:14.399 [FXGL Background Thread 3 ] DEBUG Engine               - gameDifficulty: MEDIUM
04:40:14.400 [FXGL Background Thread 3 ] DEBUG Engine               - gameDifficultyProperty: ObjectProperty [value: MEDIUM]
04:40:14.400 [FXGL Background Thread 3 ] DEBUG Engine               - globalMusicVolume: 0.5
04:40:14.400 [FXGL Background Thread 3 ] DEBUG Engine               - globalMusicVolumeProperty: DoubleProperty [value: 0.5]
04:40:14.400 [FXGL Background Thread 3 ] DEBUG Engine               - globalSoundVolume: 0.5
04:40:14.400 [FXGL Background Thread 3 ] DEBUG Engine               - globalSoundVolumeProperty: DoubleProperty [value: 0.5]
04:40:14.400 [FXGL Background Thread 3 ] DEBUG Engine               - height: 480
04:40:14.400 [FXGL Background Thread 3 ] DEBUG Engine               - is3D: false
04:40:14.400 [FXGL Background Thread 3 ] DEBUG Engine               - isAndroid: false
04:40:14.400 [FXGL Background Thread 3 ] DEBUG Engine               - isBrowser: false
04:40:14.400 [FXGL Background Thread 3 ] DEBUG Engine               - isClickFeedbackEnabled: false
04:40:14.400 [FXGL Background Thread 3 ] DEBUG Engine               - isCloseConfirmation: false
04:40:14.400 [FXGL Background Thread 3 ] DEBUG Engine               - isDesktop: true
04:40:14.400 [FXGL Background Thread 3 ] DEBUG Engine               - isDeveloperMenuEnabled: true
04:40:14.400 [FXGL Background Thread 3 ] DEBUG Engine               - isEmbedded: false
04:40:14.400 [FXGL Background Thread 3 ] DEBUG Engine               - isEntityPreloadEnabled: true
04:40:14.400 [FXGL Background Thread 3 ] DEBUG Engine               - isExperimentalTiledLargeMap: false
04:40:14.400 [FXGL Background Thread 3 ] DEBUG Engine               - isFileSystemWriteAllowed: true
04:40:14.400 [FXGL Background Thread 3 ] DEBUG Engine               - isFullScreenAllowed: false
04:40:14.400 [FXGL Background Thread 3 ] DEBUG Engine               - isFullScreenFromStart: false
04:40:14.400 [FXGL Background Thread 3 ] DEBUG Engine               - isGameMenuEnabled: true
04:40:14.400 [FXGL Background Thread 3 ] DEBUG Engine               - isIOS: false
04:40:14.400 [FXGL Background Thread 3 ] DEBUG Engine               - isIntroEnabled: false
04:40:14.401 [FXGL Background Thread 3 ] DEBUG Engine               - isLinux: false
04:40:14.401 [FXGL Background Thread 3 ] DEBUG Engine               - isMac: false
04:40:14.401 [FXGL Background Thread 3 ] DEBUG Engine               - isMainMenuEnabled: false
04:40:14.401 [FXGL Background Thread 3 ] DEBUG Engine               - isManualResizeEnabled: false
04:40:14.401 [FXGL Background Thread 3 ] DEBUG Engine               - isMobile: false
04:40:14.401 [FXGL Background Thread 3 ] DEBUG Engine               - isNative: false
04:40:14.401 [FXGL Background Thread 3 ] DEBUG Engine               - isPauseMusicWhenMinimized: true
04:40:14.401 [FXGL Background Thread 3 ] DEBUG Engine               - isPreserveResizeRatio: false
04:40:14.401 [FXGL Background Thread 3 ] DEBUG Engine               - isProfilingEnabled: false
04:40:14.401 [FXGL Background Thread 3 ] DEBUG Engine               - isScaleAffectedOnResize: true
04:40:14.401 [FXGL Background Thread 3 ] DEBUG Engine               - isSingleStep: false
04:40:14.401 [FXGL Background Thread 3 ] DEBUG Engine               - isUserProfileEnabled: false
04:40:14.401 [FXGL Background Thread 3 ] DEBUG Engine               - isWindows: true
04:40:14.401 [FXGL Background Thread 3 ] DEBUG Engine               - language: ObjectProperty [value: ENGLISH]
04:40:14.401 [FXGL Background Thread 3 ] DEBUG Engine               - menuKey: ESCAPE
04:40:14.401 [FXGL Background Thread 3 ] DEBUG Engine               - mouseSensitivity: 0.2
04:40:14.401 [FXGL Background Thread 3 ] DEBUG Engine               - notificationViewClass: class com.almasb.fxgl.notification.view.XboxNotificationView
04:40:14.401 [FXGL Background Thread 3 ] DEBUG Engine               - pixelsPerMeter: 50.0
04:40:14.401 [FXGL Background Thread 3 ] DEBUG Engine               - platform: WINDOWS
04:40:14.401 [FXGL Background Thread 3 ] DEBUG Engine               - prefHeightProperty: ReadOnlyDoubleProperty [value: 480.0]
04:40:14.402 [FXGL Background Thread 3 ] DEBUG Engine               - prefWidthProperty: ReadOnlyDoubleProperty [value: 640.0]
04:40:14.402 [FXGL Background Thread 3 ] DEBUG Engine               - profileDir: profiles/
04:40:14.402 [FXGL Background Thread 3 ] DEBUG Engine               - profileName: StringProperty [value: DEFAULT]
04:40:14.402 [FXGL Background Thread 3 ] DEBUG Engine               - randomSeed: -1
04:40:14.402 [FXGL Background Thread 3 ] DEBUG Engine               - runtimeInfo: RuntimeInfo(platform=WINDOWS, version=21.1, build=27.03.2024 07.52)
04:40:14.402 [FXGL Background Thread 3 ] DEBUG Engine               - saveFileExt: sav
04:40:14.402 [FXGL Background Thread 3 ] DEBUG Engine               - scaledHeightProp$fxgl: DoubleProperty [bound, value: 480.0]
04:40:14.402 [FXGL Background Thread 3 ] DEBUG Engine               - scaledWidthProp$fxgl: DoubleProperty [bound, value: 640.0]
04:40:14.402 [FXGL Background Thread 3 ] DEBUG Engine               - sceneFactory: com.almasb.fxgl.app.scene.SceneFactory@5058196d
04:40:14.402 [FXGL Background Thread 3 ] DEBUG Engine               - secondsIn24h: 60
04:40:14.402 [FXGL Background Thread 3 ] DEBUG Engine               - soundMenuBack: menu/back.wav
04:40:14.402 [FXGL Background Thread 3 ] DEBUG Engine               - soundMenuPress: menu/press.wav
04:40:14.402 [FXGL Background Thread 3 ] DEBUG Engine               - soundMenuSelect: menu/select.wav
04:40:14.402 [FXGL Background Thread 3 ] DEBUG Engine               - soundNotification: core/notification.wav
04:40:14.402 [FXGL Background Thread 3 ] DEBUG Engine               - stageStyle: DECORATED
04:40:14.402 [FXGL Background Thread 3 ] DEBUG Engine               - supportedLanguages: [ENGLISH, FRENCH, GERMAN, HUNGARIAN, RUSSIAN]
04:40:14.402 [FXGL Background Thread 3 ] DEBUG Engine               - ticksPerSecond: -1
04:40:14.402 [FXGL Background Thread 3 ] DEBUG Engine               - title: BomberMan
04:40:14.403 [FXGL Background Thread 3 ] DEBUG Engine               - urlGithub: https://github.com/AlmasB/FXGL
04:40:14.403 [FXGL Background Thread 3 ] DEBUG Engine               - urlLeaderboard: http://fxgl-top.herokuapp.com/
04:40:14.403 [FXGL Background Thread 3 ] DEBUG Engine               - urlPOM: https://raw.githubusercontent.com/AlmasB/FXGL/release/README.md
04:40:14.403 [FXGL Background Thread 3 ] DEBUG Engine               - userAppClass: class me.pooh.bakudun.App
04:40:14.403 [FXGL Background Thread 3 ] DEBUG Engine               - version: 0.1
04:40:14.403 [FXGL Background Thread 3 ] DEBUG Engine               - versionCheckDays: 7
04:40:14.403 [FXGL Background Thread 3 ] DEBUG Engine               - width: 640
04:40:14.403 [FXGL Background Thread 3 ] DEBUG Engine               - Logging services
04:40:14.403 [FXGL Background Thread 3 ] DEBUG Engine               - class com.almasb.fxgl.app.services.FXGLAssetLoaderService
04:40:14.403 [FXGL Background Thread 3 ] DEBUG Engine               - class com.almasb.fxgl.app.FXGLApplication$GameApplicationService
04:40:14.403 [FXGL Background Thread 3 ] DEBUG Engine               - class com.almasb.fxgl.app.services.FXGLDialogService
04:40:14.403 [FXGL Background Thread 3 ] DEBUG Engine               - class com.almasb.fxgl.app.services.IOTaskExecutorService
04:40:14.403 [FXGL Background Thread 3 ] DEBUG Engine               - class com.almasb.fxgl.io.FileSystemService
04:40:14.403 [FXGL Background Thread 3 ] DEBUG Engine               - class com.almasb.fxgl.localization.LocalizationService
04:40:14.403 [FXGL Background Thread 3 ] DEBUG Engine               - class com.almasb.fxgl.app.services.SystemBundleService
04:40:14.403 [FXGL Background Thread 3 ] DEBUG Engine               - class com.almasb.fxgl.profile.SaveLoadService
04:40:14.403 [FXGL Background Thread 3 ] DEBUG Engine               - class com.almasb.fxgl.ui.FXGLUIFactoryServiceProvider
04:40:14.403 [FXGL Background Thread 3 ] DEBUG Engine               - class com.almasb.fxgl.ui.FXGLDialogFactoryServiceProvider
04:40:14.403 [FXGL Background Thread 3 ] DEBUG Engine               - class com.almasb.fxgl.audio.AudioPlayer
04:40:14.403 [FXGL Background Thread 3 ] DEBUG Engine               - class com.almasb.fxgl.notification.impl.NotificationServiceProvider
04:40:14.403 [FXGL Background Thread 3 ] DEBUG Engine               - class com.almasb.fxgl.achievement.AchievementService
04:40:14.403 [FXGL Background Thread 3 ] DEBUG Engine               - class com.almasb.fxgl.cutscene.CutsceneService
04:40:14.404 [FXGL Background Thread 3 ] DEBUG Engine               - class com.almasb.fxgl.minigames.MiniGameService
04:40:14.404 [FXGL Background Thread 3 ] DEBUG Engine               - class com.almasb.fxgl.net.NetService
04:40:14.404 [FXGL Background Thread 3 ] DEBUG Engine               - class com.almasb.fxgl.app.services.UpdaterService
04:40:14.404 [FXGL Background Thread 3 ] DEBUG Engine               - class com.almasb.fxgl.dev.DevService
04:40:45.579 [JavaFX Application Thread] DEBUG FXGLApplication      - Exiting FXGL
04:40:45.579 [JavaFX Application Thread] DEBUG LoopRunner           - Stopping loop
04:40:45.579 [JavaFX Application Thread] DEBUG SystemBundleService  - Saving FXGL system data
04:40:45.583 [JavaFX Application Thread] DEBUG FileSystemAccess     - Writing to: C:\Users\POO\intellij\Bakudun\system\fxgl.bundle
04:40:45.585 [JavaFX Application Thread] DEBUG Async                - Shutting down background threads
04:40:45.586 [JavaFX Application Thread] DEBUG PrimaryStageWindow   - Closing main window
04:40:45.607 [JavaFX Application Thread] DEBUG Logger               - Closing Logger
