15:42:00.528 [main                     ] DEBUG Logger               - Configured Logger
15:42:00.554 [main                     ] DEBUG GameApplication      - Logging settings
Title: BomberMan
Version: 0.1
Width: 640
Height: 480
Fullscreen: false
Intro: false
Profiling: false
Single step:false
App Mode: DEVELOPER
Menu Key: ESCAPE
Stage Style: DECORATED
Scene Factory: class com.almasb.fxgl.app.scene.SceneFactory

15:42:01.203 [JavaFX Application Thread] DEBUG FXGLApplication      - Initializing FXGL
15:42:01.207 [JavaFX Application Thread] INFO  Engine               - FXGL-21.1 (27.03.2024 07.52) on WINDOWS (J:21.0.2 FX:21.0.1)
15:42:01.207 [JavaFX Application Thread] DEBUG Engine               - JRE Vendor Name: Eclipse Adoptium
15:42:01.208 [JavaFX Application Thread] DEBUG Engine               - Running on OS: Windows 11 version 10.0
15:42:01.208 [JavaFX Application Thread] DEBUG Engine               - Architecture: amd64
15:42:01.208 [JavaFX Application Thread] INFO  Engine               - Source code and latest versions at: https://github.com/AlmasB/FXGL
15:42:01.208 [JavaFX Application Thread] INFO  Engine               -       Ask questions and discuss at: https://github.com/AlmasB/FXGL/discussions
15:42:01.208 [JavaFX Application Thread] INFO  Engine               -              Join the FXGL chat at: https://gitter.im/AlmasB/FXGL
15:42:01.290 [JavaFX Application Thread] DEBUG PrimaryStageWindow   - Creating a JavaFX scene
15:42:01.336 [JavaFX Application Thread] DEBUG PrimaryStageWindow   - Target settings size: 640.0 x 480.0
15:42:01.336 [JavaFX Application Thread] DEBUG PrimaryStageWindow   - Scaled scene size:    640.0 x 480.0
15:42:01.337 [JavaFX Application Thread] DEBUG PrimaryStageWindow   - Scaled ratio: (1.0, 1.0)
15:42:01.338 [JavaFX Application Thread] DEBUG PrimaryStageWindow   - Set initial scene to FXGLStartupScene
15:42:01.340 [JavaFX Application Thread] DEBUG PrimaryStageWindow   - Opening main window
15:42:01.438 [JavaFX Application Thread] DEBUG PrimaryStageWindow   - Window border size: (14.4000244140625, 37.5999755859375)
15:42:01.439 [JavaFX Application Thread] DEBUG PrimaryStageWindow   - Scaled size: 640.0 x 480.0
15:42:01.439 [JavaFX Application Thread] DEBUG PrimaryStageWindow   - Scaled ratio: (1.0, 1.0)
15:42:01.439 [JavaFX Application Thread] DEBUG PrimaryStageWindow   - Scene size: 640.0 x 480.0
15:42:01.439 [JavaFX Application Thread] DEBUG PrimaryStageWindow   - Stage size: 654.4000244140625 x 517.5999755859375
15:42:01.445 [FXGL Background Thread 1 ] DEBUG Engine               - Initializing environment variables
15:42:01.508 [FXGL Background Thread 1 ] DEBUG FXGLAssetLoaderServi - User app class for loading assets: class me.pooh.bakudun.App
15:42:01.508 [FXGL Background Thread 1 ] DEBUG GameApplicationServi - Applying CSS: fxgl_dark.css
15:42:01.509 [FXGL Background Thread 1 ] DEBUG FXGLAssetLoaderServi - Loading from file system: jar:file:///C:/Users/POO/.m2/repository/com/github/almasb/fxgl/21.1/fxgl-21.1.jar!/fxglassets/ui/css/fxgl_dark.css
15:42:01.549 [FXGL Background Thread 1 ] DEBUG GameApplicationServi - Initializing application scenes
15:42:01.586 [FXGL Background Thread 1 ] DEBUG GameWorld            - Game world initialized
15:42:01.641 [FXGL Background Thread 1 ] DEBUG PhysicsWorld         - Physics world initialized: appHeight=480, physics.ppm=50.0
15:42:01.641 [FXGL Background Thread 1 ] DEBUG PhysicsWorld         - Using strategy: BRUTE_FORCE
15:42:01.645 [FXGL Background Thread 1 ] DEBUG GameScene            - Game scene initialized: 640x480
15:42:01.658 [FXGL Background Thread 1 ] WARN  FXGL.DefaultMenu     - FXGLDefaultMenu is not designed for resolutions < 800x600
15:42:01.658 [FXGL Background Thread 1 ] DEBUG FXGL.DefaultMenu     - createMenuBodyGameMenu()
15:42:01.669 [FXGL Background Thread 1 ] DEBUG FXGL.DefaultMenu     - createOptionsMenu()
15:42:01.677 [FXGL Background Thread 1 ] DEBUG FXGLAssetLoaderServi - Loading from file system: jar:file:///C:/Users/POO/.m2/repository/com/github/almasb/fxgl/21.1/fxgl-21.1.jar!/fxglassets/textures/particles/smoke.png
15:42:01.744 [FXGL Background Thread 1 ] DEBUG FXGLAssetLoaderServi - Loading from file system: jar:file:///C:/Users/POO/.m2/repository/com/github/almasb/fxgl/21.1/fxgl-21.1.jar!/fxglassets/textures/particles/trace_horizontal.png
15:42:01.764 [FXGL Background Thread 1 ] DEBUG GameApplicationServi - Application scenes initialized
15:42:01.776 [FXGL Background Thread 1 ] DEBUG SystemBundleService  - Loading FXGL system data
15:42:01.779 [FXGL Background Thread 1 ] DEBUG FileSystemAccess     - Reading from: C:\Users\POO\intellij\Bakudun\system\fxgl.bundle
15:42:01.788 [FXGL Background Thread 1 ] DEBUG SystemBundleService  - Bundle FXGL: {}
15:42:01.788 [FXGL Background Thread 1 ] DEBUG UpdaterService       - Checking for updates
15:42:01.813 [FXGL Background Thread 4 ] DEBUG FXGLApplication      - Loading fonts
15:42:01.813 [FXGL Background Thread 4 ] DEBUG FXGLAssetLoaderServi - Loading from file system: jar:file:///C:/Users/POO/.m2/repository/com/github/almasb/fxgl/21.1/fxgl-21.1.jar!/fxglassets/ui/fonts/VarelaRound-Regular.ttf
15:42:01.813 [FXGL Background Thread 1 ] DEBUG FXGLApplication      - Loading default localization
15:42:01.814 [FXGL Background Thread 1 ] DEBUG FXGLAssetLoaderServi - Loading from file system: jar:file:///C:/Users/POO/.m2/repository/com/github/almasb/fxgl/21.1/fxgl-21.1.jar!/fxglassets/languages/english.lang
15:42:01.831 [FXGL Background Thread 1 ] INFO  FXGLApplication      - FXGL initialization took: 0.387 sec
15:42:01.843 [JavaFX Application Thread] DEBUG Input                - Registered new binding: Right - D
15:42:01.843 [JavaFX Application Thread] DEBUG Input                - Registered new binding: Left - A
15:42:01.843 [JavaFX Application Thread] DEBUG Input                - Registered new binding: Up - W
15:42:01.843 [JavaFX Application Thread] DEBUG Input                - Registered new binding: Down - S
15:42:01.843 [JavaFX Application Thread] DEBUG Input                - Registered new binding: Place Bomb - Space
15:42:01.844 [JavaFX Application Thread] DEBUG FXGLAssetLoaderServi - Loading from file system: jar:file:///C:/Users/POO/.m2/repository/com/github/almasb/fxgl/21.1/fxgl-21.1.jar!/fxglassets/textures/fxgl_icon.png
15:42:01.845 [FXGL Background Thread 4 ] DEBUG FXGLAssetLoaderServi - Loading from file system: jar:file:///C:/Users/POO/.m2/repository/com/github/almasb/fxgl/21.1/fxgl-21.1.jar!/fxglassets/ui/fonts/Abel-Regular.ttf
15:42:01.851 [FXGL Background Thread 4 ] DEBUG FXGLAssetLoaderServi - Loading from file system: jar:file:///C:/Users/POO/.m2/repository/com/github/almasb/fxgl/21.1/fxgl-21.1.jar!/fxglassets/ui/fonts/TerminalLandMono-Regular.otf
15:42:01.855 [FXGL Background Thread 4 ] DEBUG FXGLAssetLoaderServi - Loading from file system: jar:file:///C:/Users/POO/.m2/repository/com/github/almasb/fxgl/21.1/fxgl-21.1.jar!/fxglassets/ui/fonts/Courier-Prime.ttf
15:42:01.860 [JavaFX Application Thread] DEBUG FXGLAssetLoaderServi - Loading from file system: jar:file:///C:/Users/POO/.m2/repository/com/github/almasb/fxgl/21.1/fxgl-21.1.jar!/fxglassets/textures/fxgl_default_cursor.png
15:42:01.863 [JavaFX Application Thread] DEBUG Input                - Registered new binding: Screenshot - CTRL+8
15:42:01.863 [JavaFX Application Thread] DEBUG Input                - Registered new binding: Dev Options - 1
15:42:01.864 [JavaFX Application Thread] DEBUG Input                - Registered new binding: Dev Console - 2
15:42:01.864 [JavaFX Application Thread] DEBUG Input                - Registered new binding: System info dump - CTRL+9
15:42:01.865 [JavaFX Application Thread] DEBUG Input                - Registered new binding: Restart - CTRL+R
15:42:01.866 [JavaFX Application Thread] DEBUG Input                - Registered new binding: Toggle Debug Camera - CTRL+7
15:42:01.871 [JavaFX Application Thread] DEBUG LoopRunner           - Starting loop
15:42:01.889 [JavaFX Application Thread] DEBUG LoopRunner           - Initializing JavaFX AnimationTimerLoop
15:42:01.891 [JavaFX Application Thread] DEBUG GameApplicationServi - Starting new game
15:42:01.891 [JavaFX Application Thread] DEBUG Input                - Clearing active input actions
15:42:01.902 [JavaFX Application Thread] DEBUG GameApplicationServi - Removing overlay from FXGLStartupScene and adding to FXGLLoadingScene
15:42:01.906 [JavaFX Application Thread] DEBUG PrimaryStageWindow   - FXGLStartupScene -> FXGLLoadingScene
15:42:01.906 [JavaFX Application Thread] DEBUG GameApplicationServi - Clearing previous game
15:42:01.907 [JavaFX Application Thread] DEBUG GameScene            - Clearing game scene
15:42:01.907 [JavaFX Application Thread] DEBUG GameWorld            - Clearing game world
15:42:01.907 [JavaFX Application Thread] DEBUG PhysicsWorld         - Clearing physics world
15:42:01.909 [FXGL Background Thread 4 ] DEBUG FXGLApplication      - Initializing game
15:42:01.910 [JavaFX Application Thread] DEBUG FXGLApplication      - Registering font factories with UI factory
15:42:01.971 [FXGL Background Thread 4 ] WARN  TMXLevelLoader       - TiledMap generated from 1.11.2. Supported version: 1.9.0. Some features may not be parsed fully.
15:42:02.017 [FXGL Background Thread 4 ] DEBUG TMXLevelLoader       - Parsed TiledMap: file:/C:/Users/POO/intellij/Bakudun/target/classes/assets/levels/Map.tmx
15:42:02.019 [FXGL Background Thread 4 ] DEBUG TMXLevelLoader       - Creating tile layer entities
15:42:02.022 [FXGL Background Thread 4 ] DEBUG TilesetLoader        - Loading view for layer เลเยอร์ไทล์ 1
15:42:02.023 [FXGL Background Thread 4 ] DEBUG TilesetLoader        - Created buffer with size 640.0x480.0
15:42:02.034 [FXGL Background Thread 4 ] WARN  TilesetLoader        - Diagonally flipped tiles are not currently supported
15:42:02.049 [FXGL Background Thread 4 ] WARN  TilesetLoader        - Diagonally flipped tiles are not currently supported
15:42:02.063 [FXGL Background Thread 4 ] DEBUG TilesetLoader        - Loading view for layer WALL46
15:42:02.064 [FXGL Background Thread 4 ] DEBUG TilesetLoader        - Created buffer with size 640.0x480.0
15:42:02.065 [FXGL Background Thread 4 ] DEBUG TilesetLoader        - Loading view for layer WALL45
15:42:02.066 [FXGL Background Thread 4 ] DEBUG TilesetLoader        - Created buffer with size 640.0x480.0
15:42:02.067 [FXGL Background Thread 4 ] DEBUG TilesetLoader        - Loading view for layer WALL44
15:42:02.068 [FXGL Background Thread 4 ] DEBUG TilesetLoader        - Created buffer with size 640.0x480.0
15:42:02.068 [FXGL Background Thread 4 ] DEBUG TilesetLoader        - Loading view for layer WALL43
15:42:02.069 [FXGL Background Thread 4 ] DEBUG TilesetLoader        - Created buffer with size 640.0x480.0
15:42:02.070 [FXGL Background Thread 4 ] DEBUG TilesetLoader        - Loading view for layer WALL42
15:42:02.071 [FXGL Background Thread 4 ] DEBUG TilesetLoader        - Created buffer with size 640.0x480.0
15:42:02.071 [FXGL Background Thread 4 ] DEBUG TilesetLoader        - Loading view for layer WALL41
15:42:02.072 [FXGL Background Thread 4 ] DEBUG TilesetLoader        - Created buffer with size 640.0x480.0
15:42:02.073 [FXGL Background Thread 4 ] DEBUG TilesetLoader        - Loading view for layer WALL38
15:42:02.075 [FXGL Background Thread 4 ] DEBUG TilesetLoader        - Created buffer with size 640.0x480.0
15:42:02.075 [FXGL Background Thread 4 ] DEBUG TilesetLoader        - Loading view for layer WALL37
15:42:02.076 [FXGL Background Thread 4 ] DEBUG TilesetLoader        - Created buffer with size 640.0x480.0
15:42:02.077 [FXGL Background Thread 4 ] DEBUG TilesetLoader        - Loading view for layer WALL36
15:42:02.078 [FXGL Background Thread 4 ] DEBUG TilesetLoader        - Created buffer with size 640.0x480.0
15:42:02.079 [FXGL Background Thread 4 ] DEBUG TilesetLoader        - Loading view for layer WALL35
15:42:02.079 [FXGL Background Thread 4 ] DEBUG TilesetLoader        - Created buffer with size 640.0x480.0
15:42:02.080 [FXGL Background Thread 4 ] DEBUG TilesetLoader        - Loading view for layer WALL34
15:42:02.080 [FXGL Background Thread 4 ] DEBUG TilesetLoader        - Created buffer with size 640.0x480.0
15:42:02.081 [FXGL Background Thread 4 ] DEBUG TilesetLoader        - Loading view for layer WALL33
15:42:02.081 [FXGL Background Thread 4 ] DEBUG TilesetLoader        - Created buffer with size 640.0x480.0
15:42:02.083 [FXGL Background Thread 4 ] DEBUG TilesetLoader        - Loading view for layer WALL32
15:42:02.084 [FXGL Background Thread 4 ] DEBUG TilesetLoader        - Created buffer with size 640.0x480.0
15:42:02.084 [FXGL Background Thread 4 ] DEBUG TilesetLoader        - Loading view for layer WALL31
15:42:02.093 [FXGL Background Thread 4 ] DEBUG TilesetLoader        - Created buffer with size 640.0x480.0
15:42:02.095 [FXGL Background Thread 4 ] DEBUG TilesetLoader        - Loading view for layer WALL30
15:42:02.103 [FXGL Background Thread 4 ] DEBUG TilesetLoader        - Created buffer with size 640.0x480.0
15:42:02.104 [FXGL Background Thread 4 ] DEBUG TilesetLoader        - Loading view for layer WALL29
15:42:02.104 [FXGL Background Thread 4 ] DEBUG TilesetLoader        - Created buffer with size 640.0x480.0
15:42:02.105 [FXGL Background Thread 4 ] DEBUG TilesetLoader        - Loading view for layer WALL28
15:42:02.108 [FXGL Background Thread 4 ] DEBUG TilesetLoader        - Created buffer with size 640.0x480.0
15:42:02.110 [FXGL Background Thread 4 ] DEBUG TilesetLoader        - Loading view for layer WALL27
15:42:02.110 [FXGL Background Thread 4 ] DEBUG TilesetLoader        - Created buffer with size 640.0x480.0
15:42:02.110 [FXGL Background Thread 4 ] DEBUG TilesetLoader        - Loading view for layer WALL26
15:42:02.112 [FXGL Background Thread 4 ] DEBUG TilesetLoader        - Created buffer with size 640.0x480.0
15:42:02.113 [FXGL Background Thread 4 ] DEBUG TilesetLoader        - Loading view for layer WALL25
15:42:02.115 [FXGL Background Thread 4 ] DEBUG TilesetLoader        - Created buffer with size 640.0x480.0
15:42:02.116 [FXGL Background Thread 4 ] DEBUG TilesetLoader        - Loading view for layer WALL24
15:42:02.117 [FXGL Background Thread 4 ] DEBUG TilesetLoader        - Created buffer with size 640.0x480.0
15:42:02.117 [FXGL Background Thread 4 ] DEBUG TilesetLoader        - Loading view for layer WALL23
15:42:02.118 [FXGL Background Thread 4 ] DEBUG TilesetLoader        - Created buffer with size 640.0x480.0
15:42:02.118 [FXGL Background Thread 4 ] DEBUG TilesetLoader        - Loading view for layer WALL22
15:42:02.118 [FXGL Background Thread 4 ] DEBUG TilesetLoader        - Created buffer with size 640.0x480.0
15:42:02.119 [FXGL Background Thread 4 ] DEBUG TilesetLoader        - Loading view for layer WALL21
15:42:02.119 [FXGL Background Thread 4 ] DEBUG TilesetLoader        - Created buffer with size 640.0x480.0
15:42:02.121 [FXGL Background Thread 4 ] DEBUG TilesetLoader        - Loading view for layer WALL20
15:42:02.121 [FXGL Background Thread 4 ] DEBUG TilesetLoader        - Created buffer with size 640.0x480.0
15:42:02.121 [FXGL Background Thread 4 ] DEBUG TilesetLoader        - Loading view for layer WALL19
15:42:02.123 [FXGL Background Thread 4 ] DEBUG TilesetLoader        - Created buffer with size 640.0x480.0
15:42:02.123 [FXGL Background Thread 4 ] DEBUG TilesetLoader        - Loading view for layer WALL18
15:42:02.124 [FXGL Background Thread 4 ] DEBUG TilesetLoader        - Created buffer with size 640.0x480.0
15:42:02.126 [FXGL Background Thread 4 ] DEBUG TilesetLoader        - Loading view for layer WALL17
15:42:02.127 [FXGL Background Thread 4 ] DEBUG TilesetLoader        - Created buffer with size 640.0x480.0
15:42:02.128 [FXGL Background Thread 4 ] DEBUG TilesetLoader        - Loading view for layer WALL16
15:42:02.132 [FXGL Background Thread 4 ] DEBUG TilesetLoader        - Created buffer with size 640.0x480.0
15:42:02.133 [FXGL Background Thread 4 ] DEBUG TilesetLoader        - Loading view for layer WALL15
15:42:02.136 [FXGL Background Thread 4 ] DEBUG TilesetLoader        - Created buffer with size 640.0x480.0
15:42:02.137 [FXGL Background Thread 4 ] DEBUG TilesetLoader        - Loading view for layer WALL14
15:42:02.138 [FXGL Background Thread 4 ] DEBUG TilesetLoader        - Created buffer with size 640.0x480.0
15:42:02.138 [FXGL Background Thread 4 ] DEBUG TilesetLoader        - Loading view for layer WALL13
15:42:02.139 [FXGL Background Thread 4 ] DEBUG TilesetLoader        - Created buffer with size 640.0x480.0
15:42:02.139 [FXGL Background Thread 4 ] DEBUG TilesetLoader        - Loading view for layer WALL12
15:42:02.140 [FXGL Background Thread 4 ] DEBUG TilesetLoader        - Created buffer with size 640.0x480.0
15:42:02.140 [FXGL Background Thread 4 ] DEBUG TilesetLoader        - Loading view for layer WALL11
15:42:02.143 [FXGL Background Thread 4 ] DEBUG TilesetLoader        - Created buffer with size 640.0x480.0
15:42:02.143 [FXGL Background Thread 4 ] DEBUG TilesetLoader        - Loading view for layer WALL10
15:42:02.144 [FXGL Background Thread 4 ] DEBUG TilesetLoader        - Created buffer with size 640.0x480.0
15:42:02.145 [FXGL Background Thread 4 ] DEBUG TilesetLoader        - Loading view for layer WALL9
15:42:02.147 [FXGL Background Thread 4 ] DEBUG TilesetLoader        - Created buffer with size 640.0x480.0
15:42:02.150 [FXGL Background Thread 4 ] DEBUG TilesetLoader        - Loading view for layer WALL8
15:42:02.150 [FXGL Background Thread 4 ] DEBUG TilesetLoader        - Created buffer with size 640.0x480.0
15:42:02.151 [FXGL Background Thread 4 ] DEBUG TilesetLoader        - Loading view for layer WALL7
15:42:02.152 [FXGL Background Thread 4 ] DEBUG TilesetLoader        - Created buffer with size 640.0x480.0
15:42:02.152 [FXGL Background Thread 4 ] DEBUG TilesetLoader        - Loading view for layer WALL6
15:42:02.153 [FXGL Background Thread 4 ] DEBUG TilesetLoader        - Created buffer with size 640.0x480.0
15:42:02.154 [FXGL Background Thread 4 ] DEBUG TilesetLoader        - Loading view for layer WALL5
15:42:02.154 [FXGL Background Thread 4 ] DEBUG TilesetLoader        - Created buffer with size 640.0x480.0
15:42:02.154 [FXGL Background Thread 4 ] DEBUG TilesetLoader        - Loading view for layer WALL4
15:42:02.155 [FXGL Background Thread 4 ] DEBUG TilesetLoader        - Created buffer with size 640.0x480.0
15:42:02.155 [FXGL Background Thread 4 ] DEBUG TilesetLoader        - Loading view for layer WALL3
15:42:02.158 [FXGL Background Thread 4 ] DEBUG TilesetLoader        - Created buffer with size 640.0x480.0
15:42:02.159 [FXGL Background Thread 4 ] DEBUG TilesetLoader        - Loading view for layer WALL2
15:42:02.160 [FXGL Background Thread 4 ] DEBUG TilesetLoader        - Created buffer with size 640.0x480.0
15:42:02.161 [FXGL Background Thread 4 ] DEBUG TilesetLoader        - Loading view for layer WALL1
15:42:02.164 [FXGL Background Thread 4 ] DEBUG TilesetLoader        - Created buffer with size 640.0x480.0
15:42:02.165 [FXGL Background Thread 4 ] DEBUG TilesetLoader        - Loading view for layer เลเยอร์ไทล์ 2
15:42:02.166 [FXGL Background Thread 4 ] DEBUG TilesetLoader        - Created buffer with size 640.0x480.0
15:42:02.168 [FXGL Background Thread 4 ] DEBUG TilesetLoader        - Loading view for layer เลเยอร์ไทล์ 3
15:42:02.168 [FXGL Background Thread 4 ] DEBUG TilesetLoader        - Created buffer with size 640.0x480.0
15:42:02.169 [FXGL Background Thread 4 ] DEBUG TMXLevelLoader       - Creating object layer entities
15:42:02.221 [FXGL Background Thread 4 ] DEBUG FXGLAssetLoaderServi - Loading from file system: file:/C:/Users/POO/intellij/Bakudun/target/classes/assets/textures/Jim2.png
15:42:02.235 [FXGL Background Thread 4 ] DEBUG FXGLAssetLoaderServi - Loading from file system: file:/C:/Users/POO/intellij/Bakudun/target/classes/assets/textures/wallbreakas.png
15:42:02.304 [FXGL Background Thread 4 ] WARN  TMXLevelLoader       - TiledMap generated from 1.11.2. Supported version: 1.9.0. Some features may not be parsed fully.
15:42:02.334 [FXGL Background Thread 4 ] DEBUG TMXLevelLoader       - Parsed TiledMap: file:/C:/Users/POO/intellij/Bakudun/target/classes/assets/levels/Map.tmx
15:42:02.334 [FXGL Background Thread 4 ] DEBUG TMXLevelLoader       - Creating tile layer entities
15:42:02.335 [FXGL Background Thread 4 ] DEBUG TilesetLoader        - Loading view for layer เลเยอร์ไทล์ 1
15:42:02.343 [FXGL Background Thread 4 ] DEBUG TilesetLoader        - Created buffer with size 640.0x480.0
15:42:02.360 [FXGL Background Thread 4 ] WARN  TilesetLoader        - Diagonally flipped tiles are not currently supported
15:42:02.367 [FXGL Background Thread 4 ] WARN  TilesetLoader        - Diagonally flipped tiles are not currently supported
15:42:02.376 [FXGL Background Thread 4 ] DEBUG TilesetLoader        - Loading view for layer WALL46
15:42:02.377 [FXGL Background Thread 4 ] DEBUG TilesetLoader        - Created buffer with size 640.0x480.0
15:42:02.378 [FXGL Background Thread 4 ] DEBUG TilesetLoader        - Loading view for layer WALL45
15:42:02.380 [FXGL Background Thread 4 ] DEBUG TilesetLoader        - Created buffer with size 640.0x480.0
15:42:02.381 [FXGL Background Thread 4 ] DEBUG TilesetLoader        - Loading view for layer WALL44
15:42:02.382 [FXGL Background Thread 4 ] DEBUG TilesetLoader        - Created buffer with size 640.0x480.0
15:42:02.382 [FXGL Background Thread 4 ] DEBUG TilesetLoader        - Loading view for layer WALL43
15:42:02.383 [FXGL Background Thread 4 ] DEBUG TilesetLoader        - Created buffer with size 640.0x480.0
15:42:02.384 [FXGL Background Thread 4 ] DEBUG TilesetLoader        - Loading view for layer WALL42
15:42:02.384 [FXGL Background Thread 4 ] DEBUG TilesetLoader        - Created buffer with size 640.0x480.0
15:42:02.386 [FXGL Background Thread 4 ] DEBUG TilesetLoader        - Loading view for layer WALL41
15:42:02.386 [FXGL Background Thread 4 ] DEBUG TilesetLoader        - Created buffer with size 640.0x480.0
15:42:02.387 [FXGL Background Thread 4 ] DEBUG TilesetLoader        - Loading view for layer WALL38
15:42:02.388 [FXGL Background Thread 4 ] DEBUG TilesetLoader        - Created buffer with size 640.0x480.0
15:42:02.388 [FXGL Background Thread 4 ] DEBUG TilesetLoader        - Loading view for layer WALL37
15:42:02.388 [FXGL Background Thread 4 ] DEBUG TilesetLoader        - Created buffer with size 640.0x480.0
15:42:02.390 [FXGL Background Thread 4 ] DEBUG TilesetLoader        - Loading view for layer WALL36
15:42:02.391 [FXGL Background Thread 4 ] DEBUG TilesetLoader        - Created buffer with size 640.0x480.0
15:42:02.391 [FXGL Background Thread 4 ] DEBUG TilesetLoader        - Loading view for layer WALL35
15:42:02.392 [FXGL Background Thread 4 ] DEBUG TilesetLoader        - Created buffer with size 640.0x480.0
15:42:02.392 [FXGL Background Thread 4 ] DEBUG TilesetLoader        - Loading view for layer WALL34
15:42:02.393 [FXGL Background Thread 4 ] DEBUG TilesetLoader        - Created buffer with size 640.0x480.0
15:42:02.393 [FXGL Background Thread 4 ] DEBUG TilesetLoader        - Loading view for layer WALL33
15:42:02.394 [FXGL Background Thread 4 ] DEBUG TilesetLoader        - Created buffer with size 640.0x480.0
15:42:02.395 [FXGL Background Thread 4 ] DEBUG TilesetLoader        - Loading view for layer WALL32
15:42:02.395 [FXGL Background Thread 4 ] DEBUG TilesetLoader        - Created buffer with size 640.0x480.0
15:42:02.397 [FXGL Background Thread 4 ] DEBUG TilesetLoader        - Loading view for layer WALL31
15:42:02.397 [FXGL Background Thread 4 ] DEBUG TilesetLoader        - Created buffer with size 640.0x480.0
15:42:02.398 [FXGL Background Thread 4 ] DEBUG TilesetLoader        - Loading view for layer WALL30
15:42:02.399 [FXGL Background Thread 4 ] DEBUG TilesetLoader        - Created buffer with size 640.0x480.0
15:42:02.399 [FXGL Background Thread 4 ] DEBUG TilesetLoader        - Loading view for layer WALL29
15:42:02.400 [FXGL Background Thread 4 ] DEBUG TilesetLoader        - Created buffer with size 640.0x480.0
15:42:02.400 [FXGL Background Thread 4 ] DEBUG TilesetLoader        - Loading view for layer WALL28
15:42:02.401 [FXGL Background Thread 4 ] DEBUG TilesetLoader        - Created buffer with size 640.0x480.0
15:42:02.402 [FXGL Background Thread 4 ] DEBUG TilesetLoader        - Loading view for layer WALL27
15:42:02.402 [FXGL Background Thread 4 ] DEBUG TilesetLoader        - Created buffer with size 640.0x480.0
15:42:02.403 [FXGL Background Thread 4 ] DEBUG TilesetLoader        - Loading view for layer WALL26
15:42:02.403 [FXGL Background Thread 4 ] DEBUG TilesetLoader        - Created buffer with size 640.0x480.0
15:42:02.404 [FXGL Background Thread 4 ] DEBUG TilesetLoader        - Loading view for layer WALL25
15:42:02.405 [FXGL Background Thread 4 ] DEBUG TilesetLoader        - Created buffer with size 640.0x480.0
15:42:02.405 [FXGL Background Thread 4 ] DEBUG TilesetLoader        - Loading view for layer WALL24
15:42:02.406 [FXGL Background Thread 4 ] DEBUG TilesetLoader        - Created buffer with size 640.0x480.0
15:42:02.407 [FXGL Background Thread 4 ] DEBUG TilesetLoader        - Loading view for layer WALL23
15:42:02.408 [FXGL Background Thread 4 ] DEBUG TilesetLoader        - Created buffer with size 640.0x480.0
15:42:02.409 [FXGL Background Thread 4 ] DEBUG TilesetLoader        - Loading view for layer WALL22
15:42:02.409 [FXGL Background Thread 4 ] DEBUG TilesetLoader        - Created buffer with size 640.0x480.0
15:42:02.410 [FXGL Background Thread 4 ] DEBUG TilesetLoader        - Loading view for layer WALL21
15:42:02.411 [FXGL Background Thread 4 ] DEBUG TilesetLoader        - Created buffer with size 640.0x480.0
15:42:02.412 [FXGL Background Thread 4 ] DEBUG TilesetLoader        - Loading view for layer WALL20
15:42:02.412 [FXGL Background Thread 4 ] DEBUG TilesetLoader        - Created buffer with size 640.0x480.0
15:42:02.413 [FXGL Background Thread 4 ] DEBUG TilesetLoader        - Loading view for layer WALL19
15:42:02.413 [FXGL Background Thread 4 ] DEBUG TilesetLoader        - Created buffer with size 640.0x480.0
15:42:02.414 [FXGL Background Thread 4 ] DEBUG TilesetLoader        - Loading view for layer WALL18
15:42:02.414 [FXGL Background Thread 4 ] DEBUG TilesetLoader        - Created buffer with size 640.0x480.0
15:42:02.415 [FXGL Background Thread 4 ] DEBUG TilesetLoader        - Loading view for layer WALL17
15:42:02.415 [FXGL Background Thread 4 ] DEBUG TilesetLoader        - Created buffer with size 640.0x480.0
15:42:02.416 [FXGL Background Thread 4 ] DEBUG TilesetLoader        - Loading view for layer WALL16
15:42:02.416 [FXGL Background Thread 4 ] DEBUG TilesetLoader        - Created buffer with size 640.0x480.0
15:42:02.416 [FXGL Background Thread 4 ] DEBUG TilesetLoader        - Loading view for layer WALL15
15:42:02.422 [FXGL Background Thread 4 ] DEBUG TilesetLoader        - Created buffer with size 640.0x480.0
15:42:02.422 [FXGL Background Thread 4 ] DEBUG TilesetLoader        - Loading view for layer WALL14
15:42:02.423 [FXGL Background Thread 4 ] DEBUG TilesetLoader        - Created buffer with size 640.0x480.0
15:42:02.423 [FXGL Background Thread 4 ] DEBUG TilesetLoader        - Loading view for layer WALL13
15:42:02.423 [FXGL Background Thread 4 ] DEBUG TilesetLoader        - Created buffer with size 640.0x480.0
15:42:02.424 [FXGL Background Thread 4 ] DEBUG TilesetLoader        - Loading view for layer WALL12
15:42:02.424 [FXGL Background Thread 4 ] DEBUG TilesetLoader        - Created buffer with size 640.0x480.0
15:42:02.425 [FXGL Background Thread 4 ] DEBUG TilesetLoader        - Loading view for layer WALL11
15:42:02.425 [FXGL Background Thread 4 ] DEBUG TilesetLoader        - Created buffer with size 640.0x480.0
15:42:02.426 [FXGL Background Thread 4 ] DEBUG TilesetLoader        - Loading view for layer WALL10
15:42:02.427 [FXGL Background Thread 4 ] DEBUG TilesetLoader        - Created buffer with size 640.0x480.0
15:42:02.427 [FXGL Background Thread 4 ] DEBUG TilesetLoader        - Loading view for layer WALL9
15:42:02.428 [FXGL Background Thread 4 ] DEBUG TilesetLoader        - Created buffer with size 640.0x480.0
15:42:02.428 [FXGL Background Thread 4 ] DEBUG TilesetLoader        - Loading view for layer WALL8
15:42:02.428 [FXGL Background Thread 4 ] DEBUG TilesetLoader        - Created buffer with size 640.0x480.0
15:42:02.429 [FXGL Background Thread 4 ] DEBUG TilesetLoader        - Loading view for layer WALL7
15:42:02.429 [FXGL Background Thread 4 ] DEBUG TilesetLoader        - Created buffer with size 640.0x480.0
15:42:02.429 [FXGL Background Thread 4 ] DEBUG TilesetLoader        - Loading view for layer WALL6
15:42:02.430 [FXGL Background Thread 4 ] DEBUG TilesetLoader        - Created buffer with size 640.0x480.0
15:42:02.430 [FXGL Background Thread 4 ] DEBUG TilesetLoader        - Loading view for layer WALL5
15:42:02.430 [FXGL Background Thread 4 ] DEBUG TilesetLoader        - Created buffer with size 640.0x480.0
15:42:02.430 [FXGL Background Thread 4 ] DEBUG TilesetLoader        - Loading view for layer WALL4
15:42:02.431 [FXGL Background Thread 4 ] DEBUG TilesetLoader        - Created buffer with size 640.0x480.0
15:42:02.431 [FXGL Background Thread 4 ] DEBUG TilesetLoader        - Loading view for layer WALL3
15:42:02.431 [FXGL Background Thread 4 ] DEBUG TilesetLoader        - Created buffer with size 640.0x480.0
15:42:02.432 [FXGL Background Thread 4 ] DEBUG TilesetLoader        - Loading view for layer WALL2
15:42:02.432 [FXGL Background Thread 4 ] DEBUG TilesetLoader        - Created buffer with size 640.0x480.0
15:42:02.433 [FXGL Background Thread 4 ] DEBUG TilesetLoader        - Loading view for layer WALL1
15:42:02.433 [FXGL Background Thread 4 ] DEBUG TilesetLoader        - Created buffer with size 640.0x480.0
15:42:02.433 [FXGL Background Thread 4 ] DEBUG TilesetLoader        - Loading view for layer เลเยอร์ไทล์ 2
15:42:02.434 [FXGL Background Thread 4 ] DEBUG TilesetLoader        - Created buffer with size 640.0x480.0
15:42:02.434 [FXGL Background Thread 4 ] DEBUG TilesetLoader        - Loading view for layer เลเยอร์ไทล์ 3
15:42:02.435 [FXGL Background Thread 4 ] DEBUG TilesetLoader        - Created buffer with size 640.0x480.0
15:42:02.436 [FXGL Background Thread 4 ] DEBUG TMXLevelLoader       - Creating object layer entities
15:42:02.490 [FXGL Background Thread 4 ] DEBUG GameWorld            - Clearing removable entities
15:42:02.491 [FXGL Background Thread 4 ] DEBUG GameWorld            - Setting level: com.almasb.fxgl.entity.level.Level@2f4c09fe
15:42:02.510 [FXGL Background Thread 4 ] INFO  FXGLApplication      - Game initialization took: 0.601 sec
15:42:02.515 [JavaFX Application Thread] DEBUG Input                - Clearing active input actions
15:42:02.529 [JavaFX Application Thread] DEBUG GameApplicationServi - Removing overlay from FXGLLoadingScene and adding to GameScene
15:42:02.536 [JavaFX Application Thread] DEBUG PrimaryStageWindow   - FXGLLoadingScene -> GameScene
15:42:04.811 [FXGL Background Thread 3 ] DEBUG Engine               - Logging environment variables
15:42:04.811 [FXGL Background Thread 3 ] DEBUG Engine               - achievements: []
15:42:04.815 [FXGL Background Thread 3 ] DEBUG Engine               - actualHeight: 480.0
15:42:04.816 [FXGL Background Thread 3 ] DEBUG Engine               - actualHeightProperty: ReadOnlyDoubleProperty [value: 480.0]
15:42:04.816 [FXGL Background Thread 3 ] DEBUG Engine               - actualWidth: 640.0
15:42:04.816 [FXGL Background Thread 3 ] DEBUG Engine               - actualWidthProperty: ReadOnlyDoubleProperty [value: 640.0]
15:42:04.816 [FXGL Background Thread 3 ] DEBUG Engine               - appIcon: fxgl_icon.png
15:42:04.816 [FXGL Background Thread 3 ] DEBUG Engine               - applicationMode: DEVELOPER
15:42:04.816 [FXGL Background Thread 3 ] DEBUG Engine               - cSSList: [fxgl_dark.css]
15:42:04.816 [FXGL Background Thread 3 ] DEBUG Engine               - collisionDetectionStrategy: BRUTE_FORCE
15:42:04.816 [FXGL Background Thread 3 ] DEBUG Engine               - configClass: Optional.empty
15:42:04.816 [FXGL Background Thread 3 ] DEBUG Engine               - credits: []
15:42:04.817 [FXGL Background Thread 3 ] DEBUG Engine               - defaultCursor: CursorInfo(imageName=fxgl_default_cursor.png, hotspotX=7.0, hotspotY=6.0)
15:42:04.817 [FXGL Background Thread 3 ] DEBUG Engine               - devBBoxColorProperty: ObjectProperty [value: 0xff0000ff]
15:42:04.817 [FXGL Background Thread 3 ] DEBUG Engine               - devEnableDebugCameraProperty: BooleanProperty [value: false]
15:42:04.817 [FXGL Background Thread 3 ] DEBUG Engine               - devSensorColorProperty: ObjectProperty [value: 0xffff00ff]
15:42:04.817 [FXGL Background Thread 3 ] DEBUG Engine               - devShowBBoxProperty: BooleanProperty [value: false]
15:42:04.817 [FXGL Background Thread 3 ] DEBUG Engine               - devShowPositionProperty: BooleanProperty [value: false]
15:42:04.817 [FXGL Background Thread 3 ] DEBUG Engine               - enabledMenuItems: []
15:42:04.818 [FXGL Background Thread 3 ] DEBUG Engine               - engineServices: [class com.almasb.fxgl.app.services.FXGLAssetLoaderService, class com.almasb.fxgl.app.FXGLApplication$GameApplicationService, class com.almasb.fxgl.app.services.FXGLDialogService, class com.almasb.fxgl.app.services.IOTaskExecutorService, class com.almasb.fxgl.io.FileSystemService, class com.almasb.fxgl.localization.LocalizationService, class com.almasb.fxgl.app.services.SystemBundleService, class com.almasb.fxgl.profile.SaveLoadService, class com.almasb.fxgl.ui.FXGLUIFactoryServiceProvider, class com.almasb.fxgl.ui.FXGLDialogFactoryServiceProvider, class com.almasb.fxgl.audio.AudioPlayer, class com.almasb.fxgl.notification.impl.NotificationServiceProvider, class com.almasb.fxgl.achievement.AchievementService, class com.almasb.fxgl.cutscene.CutsceneService, class com.almasb.fxgl.minigames.MiniGameService, class com.almasb.fxgl.net.NetService, class com.almasb.fxgl.app.services.UpdaterService, class com.almasb.fxgl.dev.DevService]
15:42:04.818 [FXGL Background Thread 3 ] DEBUG Engine               - fontGame: Abel-Regular.ttf
15:42:04.818 [FXGL Background Thread 3 ] DEBUG Engine               - fontMono: TerminalLandMono-Regular.otf
15:42:04.818 [FXGL Background Thread 3 ] DEBUG Engine               - fontSizeScaleUI: 1.0
15:42:04.818 [FXGL Background Thread 3 ] DEBUG Engine               - fontText: Courier-Prime.ttf
15:42:04.818 [FXGL Background Thread 3 ] DEBUG Engine               - fontUI: VarelaRound-Regular.ttf
15:42:04.818 [FXGL Background Thread 3 ] DEBUG Engine               - fullScreen: BooleanProperty [value: false]
15:42:04.818 [FXGL Background Thread 3 ] DEBUG Engine               - gameDifficulty: MEDIUM
15:42:04.818 [FXGL Background Thread 3 ] DEBUG Engine               - gameDifficultyProperty: ObjectProperty [value: MEDIUM]
15:42:04.818 [FXGL Background Thread 3 ] DEBUG Engine               - globalMusicVolume: 0.5
15:42:04.818 [FXGL Background Thread 3 ] DEBUG Engine               - globalMusicVolumeProperty: DoubleProperty [value: 0.5]
15:42:04.818 [FXGL Background Thread 3 ] DEBUG Engine               - globalSoundVolume: 0.5
15:42:04.818 [FXGL Background Thread 3 ] DEBUG Engine               - globalSoundVolumeProperty: DoubleProperty [value: 0.5]
15:42:04.818 [FXGL Background Thread 3 ] DEBUG Engine               - height: 480
15:42:04.818 [FXGL Background Thread 3 ] DEBUG Engine               - is3D: false
15:42:04.818 [FXGL Background Thread 3 ] DEBUG Engine               - isAndroid: false
15:42:04.818 [FXGL Background Thread 3 ] DEBUG Engine               - isBrowser: false
15:42:04.818 [FXGL Background Thread 3 ] DEBUG Engine               - isClickFeedbackEnabled: false
15:42:04.818 [FXGL Background Thread 3 ] DEBUG Engine               - isCloseConfirmation: false
15:42:04.818 [FXGL Background Thread 3 ] DEBUG Engine               - isDesktop: true
15:42:04.818 [FXGL Background Thread 3 ] DEBUG Engine               - isDeveloperMenuEnabled: true
15:42:04.818 [FXGL Background Thread 3 ] DEBUG Engine               - isEmbedded: false
15:42:04.818 [FXGL Background Thread 3 ] DEBUG Engine               - isEntityPreloadEnabled: true
15:42:04.818 [FXGL Background Thread 3 ] DEBUG Engine               - isExperimentalTiledLargeMap: false
15:42:04.818 [FXGL Background Thread 3 ] DEBUG Engine               - isFileSystemWriteAllowed: true
15:42:04.818 [FXGL Background Thread 3 ] DEBUG Engine               - isFullScreenAllowed: false
15:42:04.819 [FXGL Background Thread 3 ] DEBUG Engine               - isFullScreenFromStart: false
15:42:04.819 [FXGL Background Thread 3 ] DEBUG Engine               - isGameMenuEnabled: true
15:42:04.819 [FXGL Background Thread 3 ] DEBUG Engine               - isIOS: false
15:42:04.819 [FXGL Background Thread 3 ] DEBUG Engine               - isIntroEnabled: false
15:42:04.819 [FXGL Background Thread 3 ] DEBUG Engine               - isLinux: false
15:42:04.819 [FXGL Background Thread 3 ] DEBUG Engine               - isMac: false
15:42:04.819 [FXGL Background Thread 3 ] DEBUG Engine               - isMainMenuEnabled: false
15:42:04.819 [FXGL Background Thread 3 ] DEBUG Engine               - isManualResizeEnabled: false
15:42:04.819 [FXGL Background Thread 3 ] DEBUG Engine               - isMobile: false
15:42:04.819 [FXGL Background Thread 3 ] DEBUG Engine               - isNative: false
15:42:04.819 [FXGL Background Thread 3 ] DEBUG Engine               - isPauseMusicWhenMinimized: true
15:42:04.819 [FXGL Background Thread 3 ] DEBUG Engine               - isPreserveResizeRatio: false
15:42:04.819 [FXGL Background Thread 3 ] DEBUG Engine               - isProfilingEnabled: false
15:42:04.819 [FXGL Background Thread 3 ] DEBUG Engine               - isScaleAffectedOnResize: true
15:42:04.819 [FXGL Background Thread 3 ] DEBUG Engine               - isSingleStep: false
15:42:04.819 [FXGL Background Thread 3 ] DEBUG Engine               - isUserProfileEnabled: false
15:42:04.819 [FXGL Background Thread 3 ] DEBUG Engine               - isWindows: true
15:42:04.819 [FXGL Background Thread 3 ] DEBUG Engine               - language: ObjectProperty [value: ENGLISH]
15:42:04.819 [FXGL Background Thread 3 ] DEBUG Engine               - menuKey: ESCAPE
15:42:04.819 [FXGL Background Thread 3 ] DEBUG Engine               - mouseSensitivity: 0.2
15:42:04.819 [FXGL Background Thread 3 ] DEBUG Engine               - notificationViewClass: class com.almasb.fxgl.notification.view.XboxNotificationView
15:42:04.819 [FXGL Background Thread 3 ] DEBUG Engine               - pixelsPerMeter: 50.0
15:42:04.819 [FXGL Background Thread 3 ] DEBUG Engine               - platform: WINDOWS
15:42:04.819 [FXGL Background Thread 3 ] DEBUG Engine               - prefHeightProperty: ReadOnlyDoubleProperty [value: 480.0]
15:42:04.819 [FXGL Background Thread 3 ] DEBUG Engine               - prefWidthProperty: ReadOnlyDoubleProperty [value: 640.0]
15:42:04.819 [FXGL Background Thread 3 ] DEBUG Engine               - profileDir: profiles/
15:42:04.819 [FXGL Background Thread 3 ] DEBUG Engine               - profileName: StringProperty [value: DEFAULT]
15:42:04.819 [FXGL Background Thread 3 ] DEBUG Engine               - randomSeed: -1
15:42:04.820 [FXGL Background Thread 3 ] DEBUG Engine               - runtimeInfo: RuntimeInfo(platform=WINDOWS, version=21.1, build=27.03.2024 07.52)
15:42:04.820 [FXGL Background Thread 3 ] DEBUG Engine               - saveFileExt: sav
15:42:04.820 [FXGL Background Thread 3 ] DEBUG Engine               - scaledHeightProp$fxgl: DoubleProperty [bound, value: 480.0]
15:42:04.820 [FXGL Background Thread 3 ] DEBUG Engine               - scaledWidthProp$fxgl: DoubleProperty [bound, value: 640.0]
15:42:04.820 [FXGL Background Thread 3 ] DEBUG Engine               - sceneFactory: com.almasb.fxgl.app.scene.SceneFactory@3a4c4ce6
15:42:04.820 [FXGL Background Thread 3 ] DEBUG Engine               - secondsIn24h: 60
15:42:04.820 [FXGL Background Thread 3 ] DEBUG Engine               - soundMenuBack: menu/back.wav
15:42:04.820 [FXGL Background Thread 3 ] DEBUG Engine               - soundMenuPress: menu/press.wav
15:42:04.820 [FXGL Background Thread 3 ] DEBUG Engine               - soundMenuSelect: menu/select.wav
15:42:04.820 [FXGL Background Thread 3 ] DEBUG Engine               - soundNotification: core/notification.wav
15:42:04.820 [FXGL Background Thread 3 ] DEBUG Engine               - stageStyle: DECORATED
15:42:04.820 [FXGL Background Thread 3 ] DEBUG Engine               - supportedLanguages: [ENGLISH, FRENCH, GERMAN, HUNGARIAN, RUSSIAN]
15:42:04.820 [FXGL Background Thread 3 ] DEBUG Engine               - ticksPerSecond: -1
15:42:04.820 [FXGL Background Thread 3 ] DEBUG Engine               - title: BomberMan
15:42:04.820 [FXGL Background Thread 3 ] DEBUG Engine               - urlGithub: https://github.com/AlmasB/FXGL
15:42:04.820 [FXGL Background Thread 3 ] DEBUG Engine               - urlLeaderboard: http://fxgl-top.herokuapp.com/
15:42:04.820 [FXGL Background Thread 3 ] DEBUG Engine               - urlPOM: https://raw.githubusercontent.com/AlmasB/FXGL/release/README.md
15:42:04.820 [FXGL Background Thread 3 ] DEBUG Engine               - userAppClass: class me.pooh.bakudun.App
15:42:04.820 [FXGL Background Thread 3 ] DEBUG Engine               - version: 0.1
15:42:04.820 [FXGL Background Thread 3 ] DEBUG Engine               - versionCheckDays: 7
15:42:04.820 [FXGL Background Thread 3 ] DEBUG Engine               - width: 640
15:42:04.820 [FXGL Background Thread 3 ] DEBUG Engine               - Logging services
15:42:04.820 [FXGL Background Thread 3 ] DEBUG Engine               - class com.almasb.fxgl.app.services.FXGLAssetLoaderService
15:42:04.821 [FXGL Background Thread 3 ] DEBUG Engine               - class com.almasb.fxgl.app.FXGLApplication$GameApplicationService
15:42:04.821 [FXGL Background Thread 3 ] DEBUG Engine               - class com.almasb.fxgl.app.services.FXGLDialogService
15:42:04.821 [FXGL Background Thread 3 ] DEBUG Engine               - class com.almasb.fxgl.app.services.IOTaskExecutorService
15:42:04.821 [FXGL Background Thread 3 ] DEBUG Engine               - class com.almasb.fxgl.io.FileSystemService
15:42:04.821 [FXGL Background Thread 3 ] DEBUG Engine               - class com.almasb.fxgl.localization.LocalizationService
15:42:04.821 [FXGL Background Thread 3 ] DEBUG Engine               - class com.almasb.fxgl.app.services.SystemBundleService
15:42:04.821 [FXGL Background Thread 3 ] DEBUG Engine               - class com.almasb.fxgl.profile.SaveLoadService
15:42:04.821 [FXGL Background Thread 3 ] DEBUG Engine               - class com.almasb.fxgl.ui.FXGLUIFactoryServiceProvider
15:42:04.821 [FXGL Background Thread 3 ] DEBUG Engine               - class com.almasb.fxgl.ui.FXGLDialogFactoryServiceProvider
15:42:04.821 [FXGL Background Thread 3 ] DEBUG Engine               - class com.almasb.fxgl.audio.AudioPlayer
15:42:04.821 [FXGL Background Thread 3 ] DEBUG Engine               - class com.almasb.fxgl.notification.impl.NotificationServiceProvider
15:42:04.821 [FXGL Background Thread 3 ] DEBUG Engine               - class com.almasb.fxgl.achievement.AchievementService
15:42:04.821 [FXGL Background Thread 3 ] DEBUG Engine               - class com.almasb.fxgl.cutscene.CutsceneService
15:42:04.821 [FXGL Background Thread 3 ] DEBUG Engine               - class com.almasb.fxgl.minigames.MiniGameService
15:42:04.821 [FXGL Background Thread 3 ] DEBUG Engine               - class com.almasb.fxgl.net.NetService
15:42:04.821 [FXGL Background Thread 3 ] DEBUG Engine               - class com.almasb.fxgl.app.services.UpdaterService
15:42:04.821 [FXGL Background Thread 3 ] DEBUG Engine               - class com.almasb.fxgl.dev.DevService
15:42:05.417 [JavaFX Application Thread] WARN  Entity               - Entity already has component: com.almasb.fxgl.physics.PhysicsComponent
15:42:05.420 [JavaFX Application Thread] DEBUG FXGLAssetLoaderServi - Loading from file system: file:/C:/Users/POO/intellij/Bakudun/target/classes/assets/textures/bombball.png
15:42:05.421 [JavaFX Application Thread] DEBUG FXGLAssetLoaderServi - Loading from file system: file:/C:/Users/POO/intellij/Bakudun/target/classes/assets/textures/bombblast.png
15:42:05.690 [JavaFX Application Thread] WARN  Entity               - Entity already has component: com.almasb.fxgl.physics.PhysicsComponent
15:42:08.701 [JavaFX Application Thread] WARN  Entity               - Entity already has component: com.almasb.fxgl.physics.PhysicsComponent
15:42:11.776 [JavaFX Application Thread] WARN  Entity               - Entity already has component: com.almasb.fxgl.physics.PhysicsComponent
15:42:13.505 [JavaFX Application Thread] WARN  Entity               - Entity already has component: com.almasb.fxgl.physics.PhysicsComponent
15:42:13.861 [JavaFX Application Thread] WARN  Entity               - Entity already has component: com.almasb.fxgl.physics.PhysicsComponent
15:42:16.974 [JavaFX Application Thread] WARN  Entity               - Entity already has component: com.almasb.fxgl.physics.PhysicsComponent
15:42:17.304 [JavaFX Application Thread] WARN  Entity               - Entity already has component: com.almasb.fxgl.physics.PhysicsComponent
15:42:17.592 [JavaFX Application Thread] WARN  Entity               - Entity already has component: com.almasb.fxgl.physics.PhysicsComponent
15:42:22.881 [JavaFX Application Thread] WARN  Entity               - Entity already has component: com.almasb.fxgl.physics.PhysicsComponent
15:42:23.170 [JavaFX Application Thread] WARN  Entity               - Entity already has component: com.almasb.fxgl.physics.PhysicsComponent
15:42:23.444 [JavaFX Application Thread] WARN  Entity               - Entity already has component: com.almasb.fxgl.physics.PhysicsComponent
15:42:29.403 [JavaFX Application Thread] WARN  Entity               - Entity already has component: com.almasb.fxgl.physics.PhysicsComponent
15:42:30.323 [JavaFX Application Thread] WARN  Entity               - Entity already has component: com.almasb.fxgl.physics.PhysicsComponent
15:42:30.913 [JavaFX Application Thread] WARN  Entity               - Entity already has component: com.almasb.fxgl.physics.PhysicsComponent
15:42:34.528 [JavaFX Application Thread] WARN  Entity               - Entity already has component: com.almasb.fxgl.physics.PhysicsComponent
15:42:35.124 [JavaFX Application Thread] WARN  Entity               - Entity already has component: com.almasb.fxgl.physics.PhysicsComponent
15:42:35.706 [JavaFX Application Thread] WARN  Entity               - Entity already has component: com.almasb.fxgl.physics.PhysicsComponent
15:42:39.149 [JavaFX Application Thread] WARN  Entity               - Entity already has component: com.almasb.fxgl.physics.PhysicsComponent
15:42:39.381 [JavaFX Application Thread] WARN  Entity               - Entity already has component: com.almasb.fxgl.physics.PhysicsComponent
15:42:39.832 [JavaFX Application Thread] WARN  Entity               - Entity already has component: com.almasb.fxgl.physics.PhysicsComponent
15:42:42.457 [JavaFX Application Thread] WARN  Entity               - Entity already has component: com.almasb.fxgl.physics.PhysicsComponent
15:42:42.726 [JavaFX Application Thread] WARN  Entity               - Entity already has component: com.almasb.fxgl.physics.PhysicsComponent
15:42:42.988 [JavaFX Application Thread] WARN  Entity               - Entity already has component: com.almasb.fxgl.physics.PhysicsComponent
15:42:47.857 [JavaFX Application Thread] DEBUG FXGLApplication      - Exiting FXGL
15:42:47.857 [JavaFX Application Thread] DEBUG LoopRunner           - Stopping loop
15:42:47.857 [JavaFX Application Thread] DEBUG SystemBundleService  - Saving FXGL system data
15:42:47.860 [JavaFX Application Thread] DEBUG FileSystemAccess     - Writing to: C:\Users\POO\intellij\Bakudun\system\fxgl.bundle
15:42:47.862 [JavaFX Application Thread] DEBUG Async                - Shutting down background threads
15:42:47.862 [JavaFX Application Thread] DEBUG PrimaryStageWindow   - Closing main window
15:42:47.881 [JavaFX Application Thread] DEBUG Logger               - Closing Logger
