16:45:21.358 [main                     ] DEBUG Logger               - Configured Logger
16:45:21.380 [main                     ] DEBUG GameApplication      - Logging settings
Title: Basic Game App
Version: 0.1
Width: 600
Height: 600
Fullscreen: false
Intro: false
Profiling: false
Single step:false
App Mode: DEVELOPER
Menu Key: ESCAPE
Stage Style: DECORATED
Scene Factory: class com.almasb.fxgl.app.scene.SceneFactory

16:45:22.028 [JavaFX Application Thread] DEBUG FXGLApplication      - Initializing FXGL
16:45:22.032 [JavaFX Application Thread] INFO  Engine               - FXGL-17.3 (30.03.2023 11.49) on WINDOWS (J:21.0.2 FX:21)
16:45:22.032 [JavaFX Application Thread] DEBUG Engine               - JRE Vendor Name: Eclipse Adoptium
16:45:22.032 [JavaFX Application Thread] DEBUG Engine               - Running on OS: Windows 11 version 10.0
16:45:22.032 [JavaFX Application Thread] DEBUG Engine               - Architecture: amd64
16:45:22.033 [JavaFX Application Thread] INFO  Engine               - Source code and latest versions at: https://github.com/AlmasB/FXGL
16:45:22.033 [JavaFX Application Thread] INFO  Engine               -       Ask questions and discuss at: https://github.com/AlmasB/FXGL/discussions
16:45:22.033 [JavaFX Application Thread] INFO  Engine               -              Join the FXGL chat at: https://gitter.im/AlmasB/FXGL
16:45:22.118 [JavaFX Application Thread] DEBUG PrimaryStageWindow   - Creating a JavaFX scene
16:45:22.172 [JavaFX Application Thread] DEBUG PrimaryStageWindow   - Target settings size: 600.0 x 600.0
16:45:22.173 [JavaFX Application Thread] DEBUG PrimaryStageWindow   - Scaled scene size:    600.0 x 600.0
16:45:22.173 [JavaFX Application Thread] DEBUG PrimaryStageWindow   - Scaled ratio: (1.0, 1.0)
16:45:22.174 [JavaFX Application Thread] DEBUG PrimaryStageWindow   - Set initial scene to FXGLStartupScene
16:45:22.177 [JavaFX Application Thread] DEBUG PrimaryStageWindow   - Opening main window
16:45:22.281 [JavaFX Application Thread] DEBUG PrimaryStageWindow   - Window border size: (14.4000244140625, 37.5999755859375)
16:45:22.281 [JavaFX Application Thread] DEBUG PrimaryStageWindow   - Scaled size: 600.0 x 600.0
16:45:22.281 [JavaFX Application Thread] DEBUG PrimaryStageWindow   - Scaled ratio: (1.0, 1.0)
16:45:22.281 [JavaFX Application Thread] DEBUG PrimaryStageWindow   - Scene size: 600.0 x 600.0
16:45:22.282 [JavaFX Application Thread] DEBUG PrimaryStageWindow   - Stage size: 614.4000244140625 x 637.5999755859375
16:45:22.289 [FXGL Background Thread 1 ] DEBUG Engine               - Initializing environment variables
16:45:22.334 [FXGL Background Thread 1 ] DEBUG FXGLAssetLoaderServi - User app class for loading assets: class me.pooh.bakudun.App
16:45:22.335 [FXGL Background Thread 1 ] DEBUG GameApplicationServi - Applying CSS: fxgl_dark.css
16:45:22.335 [FXGL Background Thread 1 ] DEBUG FXGLAssetLoaderServi - Loading from file system: jar:file:///C:/Users/POO/.m2/repository/com/github/almasb/fxgl/17.3/fxgl-17.3.jar!/fxglassets/ui/css/fxgl_dark.css
16:45:22.374 [FXGL Background Thread 1 ] DEBUG GameApplicationServi - Initializing application scenes
16:45:22.411 [FXGL Background Thread 1 ] DEBUG GameWorld            - Game world initialized
16:45:22.465 [FXGL Background Thread 1 ] DEBUG PhysicsWorld         - Physics world initialized: appHeight=600, physics.ppm=50.0
16:45:22.465 [FXGL Background Thread 1 ] DEBUG PhysicsWorld         - Using strategy: BRUTE_FORCE
16:45:22.468 [FXGL Background Thread 1 ] DEBUG GameScene            - Game scene initialized: 600x600
16:45:22.479 [FXGL Background Thread 1 ] WARN  FXGL.DefaultMenu     - FXGLDefaultMenu is not designed for resolutions < 800x600
16:45:22.479 [FXGL Background Thread 1 ] DEBUG FXGL.DefaultMenu     - createMenuBodyGameMenu()
16:45:22.491 [FXGL Background Thread 1 ] DEBUG FXGL.DefaultMenu     - createOptionsMenu()
16:45:22.499 [FXGL Background Thread 1 ] DEBUG FXGLAssetLoaderServi - Loading from file system: jar:file:///C:/Users/POO/.m2/repository/com/github/almasb/fxgl/17.3/fxgl-17.3.jar!/fxglassets/textures/particles/smoke.png
16:45:22.578 [FXGL Background Thread 1 ] DEBUG FXGLAssetLoaderServi - Loading from file system: jar:file:///C:/Users/POO/.m2/repository/com/github/almasb/fxgl/17.3/fxgl-17.3.jar!/fxglassets/textures/particles/trace_horizontal.png
16:45:22.622 [FXGL Background Thread 1 ] DEBUG GameApplicationServi - Application scenes initialized
16:45:22.634 [FXGL Background Thread 1 ] DEBUG SystemBundleService  - Loading FXGL system data
16:45:22.639 [FXGL Background Thread 1 ] DEBUG FileSystemAccess     - Reading from: C:\Users\POO\intellij\Bakudun\system\fxgl.bundle
16:45:22.646 [FXGL Background Thread 1 ] DEBUG SystemBundleService  - Bundle FXGL: {}
16:45:22.646 [FXGL Background Thread 1 ] DEBUG UpdaterService       - Checking for updates
16:45:22.651 [FXGL Background Thread 4 ] DEBUG FXGLApplication      - Loading fonts
16:45:22.651 [FXGL Background Thread 1 ] DEBUG FXGLApplication      - Loading default localization
16:45:22.652 [FXGL Background Thread 4 ] DEBUG FXGLAssetLoaderServi - Loading from file system: jar:file:///C:/Users/POO/.m2/repository/com/github/almasb/fxgl/17.3/fxgl-17.3.jar!/fxglassets/ui/fonts/VarelaRound-Regular.ttf
16:45:22.652 [FXGL Background Thread 1 ] DEBUG FXGLAssetLoaderServi - Loading from file system: jar:file:///C:/Users/POO/.m2/repository/com/github/almasb/fxgl/17.3/fxgl-17.3.jar!/fxglassets/languages/english.lang
16:45:22.677 [FXGL Background Thread 1 ] INFO  FXGLApplication      - FXGL initialization took: 0.388 sec
16:45:22.689 [FXGL Background Thread 4 ] DEBUG FXGLAssetLoaderServi - Loading from file system: jar:file:///C:/Users/POO/.m2/repository/com/github/almasb/fxgl/17.3/fxgl-17.3.jar!/fxglassets/ui/fonts/Abel-Regular.ttf
16:45:22.689 [JavaFX Application Thread] DEBUG Input                - Registered new binding: action0 - A
16:45:22.690 [JavaFX Application Thread] DEBUG Input                - Registered new binding: action1 - D
16:45:22.690 [JavaFX Application Thread] DEBUG Input                - Registered new binding: action2 - W
16:45:22.692 [JavaFX Application Thread] DEBUG Input                - Registered new binding: action3 - S
16:45:22.692 [JavaFX Application Thread] DEBUG FXGLAssetLoaderServi - Loading from file system: jar:file:///C:/Users/POO/.m2/repository/com/github/almasb/fxgl/17.3/fxgl-17.3.jar!/fxglassets/textures/fxgl_icon.png
16:45:22.694 [FXGL Background Thread 4 ] DEBUG FXGLAssetLoaderServi - Loading from file system: jar:file:///C:/Users/POO/.m2/repository/com/github/almasb/fxgl/17.3/fxgl-17.3.jar!/fxglassets/ui/fonts/TerminalLandMono-Regular.otf
16:45:22.699 [FXGL Background Thread 4 ] DEBUG FXGLAssetLoaderServi - Loading from file system: jar:file:///C:/Users/POO/.m2/repository/com/github/almasb/fxgl/17.3/fxgl-17.3.jar!/fxglassets/ui/fonts/Courier-Prime.ttf
16:45:22.712 [JavaFX Application Thread] DEBUG FXGLAssetLoaderServi - Loading from file system: jar:file:///C:/Users/POO/.m2/repository/com/github/almasb/fxgl/17.3/fxgl-17.3.jar!/fxglassets/textures/fxgl_default_cursor.png
16:45:22.715 [JavaFX Application Thread] DEBUG Input                - Registered new binding: Screenshot - CTRL+8
16:45:22.716 [JavaFX Application Thread] DEBUG Input                - Registered new binding: System info dump - CTRL+9
16:45:22.716 [JavaFX Application Thread] DEBUG Input                - Registered new binding: Restart - CTRL+R
16:45:22.717 [JavaFX Application Thread] DEBUG Input                - Registered new binding: Toggle Debug Camera - CTRL+7
16:45:22.718 [JavaFX Application Thread] DEBUG LoopRunner           - Starting loop
16:45:22.718 [JavaFX Application Thread] DEBUG LoopRunner           - Initializing JavaFX AnimationTimerLoop
16:45:22.720 [JavaFX Application Thread] DEBUG GameApplicationServi - Starting new game
16:45:22.720 [JavaFX Application Thread] DEBUG Input                - Clearing active input actions
16:45:22.730 [JavaFX Application Thread] DEBUG GameApplicationServi - Removing overlay from FXGLStartupScene and adding to FXGLLoadingScene
16:45:22.730 [JavaFX Application Thread] DEBUG PrimaryStageWindow   - FXGLStartupScene -> FXGLLoadingScene
16:45:22.730 [JavaFX Application Thread] DEBUG GameApplicationServi - Clearing previous game
16:45:22.730 [JavaFX Application Thread] DEBUG GameScene            - Clearing game scene
16:45:22.730 [JavaFX Application Thread] DEBUG GameWorld            - Clearing game world
16:45:22.730 [JavaFX Application Thread] DEBUG PhysicsWorld         - Clearing physics world
16:45:22.732 [FXGL Background Thread 4 ] DEBUG FXGLApplication      - Initializing game
16:45:22.734 [JavaFX Application Thread] DEBUG FXGLApplication      - Registering font factories with UI factory
16:45:22.738 [FXGL Background Thread 4 ] WARN  FXGLAssetLoaderServi - Asset "/assets/textures/ship.png" was not found!
16:45:22.738 [FXGL Background Thread 4 ] WARN  FXGLAssetLoaderServi - Failed to load IMAGE
16:45:22.849 [FXGL Background Thread 4 ] INFO  FXGLApplication      - Game initialization took: 0.116 sec
16:45:22.850 [JavaFX Application Thread] DEBUG Input                - Clearing active input actions
16:45:22.856 [JavaFX Application Thread] DEBUG GameApplicationServi - Removing overlay from FXGLLoadingScene and adding to GameScene
16:45:22.856 [JavaFX Application Thread] DEBUG PrimaryStageWindow   - FXGLLoadingScene -> GameScene
16:45:23.367 [FXGL Background Thread 2 ] INFO  UpdaterService       - Your current version:  17.3
16:45:23.367 [FXGL Background Thread 2 ] INFO  UpdaterService       - Latest stable version: 21.1
16:45:24.130 [JavaFX Application Thread] DEBUG FXGLApplication      - Exiting FXGL
16:45:24.130 [JavaFX Application Thread] DEBUG LoopRunner           - Stopping loop
16:45:24.130 [JavaFX Application Thread] DEBUG SystemBundleService  - Saving FXGL system data
16:45:24.132 [JavaFX Application Thread] DEBUG FileSystemAccess     - Writing to: C:\Users\POO\intellij\Bakudun\system\fxgl.bundle
16:45:24.134 [JavaFX Application Thread] DEBUG Async                - Shutting down background threads
16:45:24.134 [JavaFX Application Thread] DEBUG PrimaryStageWindow   - Closing main window
16:45:24.148 [JavaFX Application Thread] DEBUG Logger               - Closing Logger
