04:33:52.973 [main                     ] DEBUG Logger               - Configured Logger
04:33:52.995 [main                     ] DEBUG GameApplication      - Logging settings
Title: BomberMan
Version: 0.1
Width: 640
Height: 480
Fullscreen: false
Intro: false
Profiling: false
Single step:false
App Mode: DEVELOPER
Menu Key: ESCAPE
Stage Style: DECORATED
Scene Factory: class com.almasb.fxgl.app.scene.SceneFactory

04:33:53.535 [JavaFX Application Thread] DEBUG FXGLApplication      - Initializing FXGL
04:33:53.538 [JavaFX Application Thread] INFO  Engine               - FXGL-21.1 (27.03.2024 07.52) on WINDOWS (J:21.0.2 FX:21.0.1)
04:33:53.538 [JavaFX Application Thread] DEBUG Engine               - JRE Vendor Name: Eclipse Adoptium
04:33:53.539 [JavaFX Application Thread] DEBUG Engine               - Running on OS: Windows 11 version 10.0
04:33:53.539 [JavaFX Application Thread] DEBUG Engine               - Architecture: amd64
04:33:53.539 [JavaFX Application Thread] INFO  Engine               - Source code and latest versions at: https://github.com/AlmasB/FXGL
04:33:53.539 [JavaFX Application Thread] INFO  Engine               -       Ask questions and discuss at: https://github.com/AlmasB/FXGL/discussions
04:33:53.539 [JavaFX Application Thread] INFO  Engine               -              Join the FXGL chat at: https://gitter.im/AlmasB/FXGL
04:33:53.602 [JavaFX Application Thread] DEBUG PrimaryStageWindow   - Creating a JavaFX scene
04:33:53.641 [JavaFX Application Thread] DEBUG PrimaryStageWindow   - Target settings size: 640.0 x 480.0
04:33:53.641 [JavaFX Application Thread] DEBUG PrimaryStageWindow   - Scaled scene size:    640.0 x 480.0
04:33:53.641 [JavaFX Application Thread] DEBUG PrimaryStageWindow   - Scaled ratio: (1.0, 1.0)
04:33:53.642 [JavaFX Application Thread] DEBUG PrimaryStageWindow   - Set initial scene to FXGLStartupScene
04:33:53.645 [JavaFX Application Thread] DEBUG PrimaryStageWindow   - Opening main window
04:33:53.726 [JavaFX Application Thread] DEBUG PrimaryStageWindow   - Window border size: (14.4000244140625, 37.5999755859375)
04:33:53.726 [JavaFX Application Thread] DEBUG PrimaryStageWindow   - Scaled size: 640.0 x 480.0
04:33:53.726 [JavaFX Application Thread] DEBUG PrimaryStageWindow   - Scaled ratio: (1.0, 1.0)
04:33:53.726 [JavaFX Application Thread] DEBUG PrimaryStageWindow   - Scene size: 640.0 x 480.0
04:33:53.726 [JavaFX Application Thread] DEBUG PrimaryStageWindow   - Stage size: 654.4000244140625 x 517.5999755859375
04:33:53.732 [FXGL Background Thread 1 ] DEBUG Engine               - Initializing environment variables
04:33:53.778 [FXGL Background Thread 1 ] DEBUG FXGLAssetLoaderServi - User app class for loading assets: class me.pooh.bakudun.App
04:33:53.778 [FXGL Background Thread 1 ] DEBUG GameApplicationServi - Applying CSS: fxgl_dark.css
04:33:53.779 [FXGL Background Thread 1 ] DEBUG FXGLAssetLoaderServi - Loading from file system: jar:file:///C:/Users/POO/.m2/repository/com/github/almasb/fxgl/21.1/fxgl-21.1.jar!/fxglassets/ui/css/fxgl_dark.css
04:33:53.821 [FXGL Background Thread 1 ] DEBUG GameApplicationServi - Initializing application scenes
04:33:53.855 [FXGL Background Thread 1 ] DEBUG GameWorld            - Game world initialized
04:33:53.906 [FXGL Background Thread 1 ] DEBUG PhysicsWorld         - Physics world initialized: appHeight=480, physics.ppm=50.0
04:33:53.907 [FXGL Background Thread 1 ] DEBUG PhysicsWorld         - Using strategy: BRUTE_FORCE
04:33:53.911 [FXGL Background Thread 1 ] DEBUG GameScene            - Game scene initialized: 640x480
04:33:53.921 [FXGL Background Thread 1 ] WARN  FXGL.DefaultMenu     - FXGLDefaultMenu is not designed for resolutions < 800x600
04:33:53.921 [FXGL Background Thread 1 ] DEBUG FXGL.DefaultMenu     - createMenuBodyGameMenu()
04:33:53.932 [FXGL Background Thread 1 ] DEBUG FXGL.DefaultMenu     - createOptionsMenu()
04:33:53.939 [FXGL Background Thread 1 ] DEBUG FXGLAssetLoaderServi - Loading from file system: jar:file:///C:/Users/POO/.m2/repository/com/github/almasb/fxgl/21.1/fxgl-21.1.jar!/fxglassets/textures/particles/smoke.png
04:33:54.007 [FXGL Background Thread 1 ] DEBUG FXGLAssetLoaderServi - Loading from file system: jar:file:///C:/Users/POO/.m2/repository/com/github/almasb/fxgl/21.1/fxgl-21.1.jar!/fxglassets/textures/particles/trace_horizontal.png
04:33:54.029 [FXGL Background Thread 1 ] DEBUG GameApplicationServi - Application scenes initialized
04:33:54.040 [FXGL Background Thread 1 ] DEBUG SystemBundleService  - Loading FXGL system data
04:33:54.044 [FXGL Background Thread 1 ] DEBUG FileSystemAccess     - Reading from: C:\Users\POO\intellij\Bakudun\system\fxgl.bundle
04:33:54.052 [FXGL Background Thread 1 ] DEBUG SystemBundleService  - Bundle FXGL: {}
04:33:54.052 [FXGL Background Thread 1 ] DEBUG UpdaterService       - Checking for updates
04:33:54.078 [FXGL Background Thread 4 ] DEBUG FXGLApplication      - Loading fonts
04:33:54.078 [FXGL Background Thread 1 ] DEBUG FXGLApplication      - Loading default localization
04:33:54.078 [FXGL Background Thread 4 ] DEBUG FXGLAssetLoaderServi - Loading from file system: jar:file:///C:/Users/POO/.m2/repository/com/github/almasb/fxgl/21.1/fxgl-21.1.jar!/fxglassets/ui/fonts/VarelaRound-Regular.ttf
04:33:54.079 [FXGL Background Thread 1 ] DEBUG FXGLAssetLoaderServi - Loading from file system: jar:file:///C:/Users/POO/.m2/repository/com/github/almasb/fxgl/21.1/fxgl-21.1.jar!/fxglassets/languages/english.lang
04:33:54.110 [FXGL Background Thread 1 ] INFO  FXGLApplication      - FXGL initialization took: 0.377 sec
04:33:54.115 [FXGL Background Thread 4 ] DEBUG FXGLAssetLoaderServi - Loading from file system: jar:file:///C:/Users/POO/.m2/repository/com/github/almasb/fxgl/21.1/fxgl-21.1.jar!/fxglassets/ui/fonts/Abel-Regular.ttf
04:33:54.118 [FXGL Background Thread 4 ] DEBUG FXGLAssetLoaderServi - Loading from file system: jar:file:///C:/Users/POO/.m2/repository/com/github/almasb/fxgl/21.1/fxgl-21.1.jar!/fxglassets/ui/fonts/TerminalLandMono-Regular.otf
04:33:54.121 [JavaFX Application Thread] DEBUG Input                - Registered new binding: Right - D
04:33:54.121 [JavaFX Application Thread] DEBUG Input                - Registered new binding: Left - A
04:33:54.121 [JavaFX Application Thread] DEBUG Input                - Registered new binding: Up - W
04:33:54.121 [JavaFX Application Thread] DEBUG Input                - Registered new binding: Down - S
04:33:54.122 [JavaFX Application Thread] DEBUG FXGLAssetLoaderServi - Loading from file system: jar:file:///C:/Users/POO/.m2/repository/com/github/almasb/fxgl/21.1/fxgl-21.1.jar!/fxglassets/textures/fxgl_icon.png
04:33:54.122 [FXGL Background Thread 4 ] DEBUG FXGLAssetLoaderServi - Loading from file system: jar:file:///C:/Users/POO/.m2/repository/com/github/almasb/fxgl/21.1/fxgl-21.1.jar!/fxglassets/ui/fonts/Courier-Prime.ttf
04:33:54.138 [JavaFX Application Thread] DEBUG FXGLAssetLoaderServi - Loading from file system: jar:file:///C:/Users/POO/.m2/repository/com/github/almasb/fxgl/21.1/fxgl-21.1.jar!/fxglassets/textures/fxgl_default_cursor.png
04:33:54.142 [JavaFX Application Thread] DEBUG Input                - Registered new binding: Screenshot - CTRL+8
04:33:54.143 [JavaFX Application Thread] DEBUG Input                - Registered new binding: Dev Options - 1
04:33:54.144 [JavaFX Application Thread] DEBUG Input                - Registered new binding: Dev Console - 2
04:33:54.145 [JavaFX Application Thread] DEBUG Input                - Registered new binding: System info dump - CTRL+9
04:33:54.146 [JavaFX Application Thread] DEBUG Input                - Registered new binding: Restart - CTRL+R
04:33:54.148 [JavaFX Application Thread] DEBUG Input                - Registered new binding: Toggle Debug Camera - CTRL+7
04:33:54.153 [JavaFX Application Thread] DEBUG LoopRunner           - Starting loop
04:33:54.167 [JavaFX Application Thread] DEBUG LoopRunner           - Initializing JavaFX AnimationTimerLoop
04:33:54.168 [JavaFX Application Thread] DEBUG GameApplicationServi - Starting new game
04:33:54.169 [JavaFX Application Thread] DEBUG Input                - Clearing active input actions
04:33:54.178 [JavaFX Application Thread] DEBUG GameApplicationServi - Removing overlay from FXGLStartupScene and adding to FXGLLoadingScene
04:33:54.181 [JavaFX Application Thread] DEBUG PrimaryStageWindow   - FXGLStartupScene -> FXGLLoadingScene
04:33:54.181 [JavaFX Application Thread] DEBUG GameApplicationServi - Clearing previous game
04:33:54.181 [JavaFX Application Thread] DEBUG GameScene            - Clearing game scene
04:33:54.181 [JavaFX Application Thread] DEBUG GameWorld            - Clearing game world
04:33:54.182 [JavaFX Application Thread] DEBUG PhysicsWorld         - Clearing physics world
04:33:54.183 [FXGL Background Thread 4 ] DEBUG FXGLApplication      - Initializing game
04:33:54.183 [JavaFX Application Thread] DEBUG FXGLApplication      - Registering font factories with UI factory
04:33:54.232 [FXGL Background Thread 4 ] WARN  TMXLevelLoader       - TiledMap generated from 1.11.2. Supported version: 1.9.0. Some features may not be parsed fully.
04:33:54.245 [FXGL Background Thread 4 ] DEBUG TMXLevelLoader       - Parsed TiledMap: file:/C:/Users/POO/intellij/Bakudun/target/classes/assets/levels/Map.tmx
04:33:54.246 [FXGL Background Thread 4 ] DEBUG TMXLevelLoader       - Creating tile layer entities
04:33:54.248 [FXGL Background Thread 4 ] DEBUG TilesetLoader        - Loading view for layer เลเยอร์ไทล์ 1
04:33:54.249 [FXGL Background Thread 4 ] DEBUG TilesetLoader        - Created buffer with size 640.0x480.0
04:33:54.258 [FXGL Background Thread 4 ] WARN  TilesetLoader        - Diagonally flipped tiles are not currently supported
04:33:54.269 [FXGL Background Thread 4 ] WARN  TilesetLoader        - Diagonally flipped tiles are not currently supported
04:33:54.278 [FXGL Background Thread 4 ] DEBUG TilesetLoader        - Loading view for layer เลเยอร์ไทล์ 2
04:33:54.278 [FXGL Background Thread 4 ] DEBUG TilesetLoader        - Created buffer with size 640.0x480.0
04:33:54.280 [FXGL Background Thread 4 ] DEBUG TilesetLoader        - Loading view for layer เลเยอร์ไทล์ 3
04:33:54.280 [FXGL Background Thread 4 ] DEBUG TilesetLoader        - Created buffer with size 640.0x480.0
04:33:54.281 [FXGL Background Thread 4 ] DEBUG TilesetLoader        - Loading view for layer เลเยอร์ไทล์ 4
04:33:54.281 [FXGL Background Thread 4 ] DEBUG TilesetLoader        - Created buffer with size 640.0x480.0
04:33:54.281 [FXGL Background Thread 4 ] DEBUG TMXLevelLoader       - Creating object layer entities
04:33:54.325 [FXGL Background Thread 4 ] DEBUG FXGLAssetLoaderServi - Loading from file system: file:/C:/Users/POO/intellij/Bakudun/target/classes/assets/textures/Jim.png
04:33:54.339 [FXGL Background Thread 4 ] WARN  TMXLevelLoader       - TiledMap generated from 1.11.2. Supported version: 1.9.0. Some features may not be parsed fully.
04:33:54.347 [FXGL Background Thread 4 ] DEBUG TMXLevelLoader       - Parsed TiledMap: file:/C:/Users/POO/intellij/Bakudun/target/classes/assets/levels/Map.tmx
04:33:54.347 [FXGL Background Thread 4 ] DEBUG TMXLevelLoader       - Creating tile layer entities
04:33:54.347 [FXGL Background Thread 4 ] DEBUG TilesetLoader        - Loading view for layer เลเยอร์ไทล์ 1
04:33:54.348 [FXGL Background Thread 4 ] DEBUG TilesetLoader        - Created buffer with size 640.0x480.0
04:33:54.351 [FXGL Background Thread 4 ] WARN  TilesetLoader        - Diagonally flipped tiles are not currently supported
04:33:54.356 [FXGL Background Thread 4 ] WARN  TilesetLoader        - Diagonally flipped tiles are not currently supported
04:33:54.371 [FXGL Background Thread 4 ] DEBUG TilesetLoader        - Loading view for layer เลเยอร์ไทล์ 2
04:33:54.371 [FXGL Background Thread 4 ] DEBUG TilesetLoader        - Created buffer with size 640.0x480.0
04:33:54.372 [FXGL Background Thread 4 ] DEBUG TilesetLoader        - Loading view for layer เลเยอร์ไทล์ 3
04:33:54.372 [FXGL Background Thread 4 ] DEBUG TilesetLoader        - Created buffer with size 640.0x480.0
04:33:54.372 [FXGL Background Thread 4 ] DEBUG TilesetLoader        - Loading view for layer เลเยอร์ไทล์ 4
04:33:54.372 [FXGL Background Thread 4 ] DEBUG TilesetLoader        - Created buffer with size 640.0x480.0
04:33:54.373 [FXGL Background Thread 4 ] DEBUG TMXLevelLoader       - Creating object layer entities
04:33:54.386 [FXGL Background Thread 4 ] DEBUG GameWorld            - Clearing removable entities
04:33:54.387 [FXGL Background Thread 4 ] DEBUG GameWorld            - Setting level: com.almasb.fxgl.entity.level.Level@1f8942be
04:33:54.395 [FXGL Background Thread 4 ] INFO  FXGLApplication      - Game initialization took: 0.211 sec
04:33:54.416 [JavaFX Application Thread] DEBUG Input                - Clearing active input actions
04:33:54.423 [JavaFX Application Thread] DEBUG GameApplicationServi - Removing overlay from FXGLLoadingScene and adding to GameScene
04:33:54.427 [JavaFX Application Thread] DEBUG PrimaryStageWindow   - FXGLLoadingScene -> GameScene
04:33:57.077 [FXGL Background Thread 3 ] DEBUG Engine               - Logging environment variables
04:33:57.077 [FXGL Background Thread 3 ] DEBUG Engine               - achievements: []
04:33:57.077 [FXGL Background Thread 3 ] DEBUG Engine               - actualHeight: 480.0
04:33:57.077 [FXGL Background Thread 3 ] DEBUG Engine               - actualHeightProperty: ReadOnlyDoubleProperty [value: 480.0]
04:33:57.077 [FXGL Background Thread 3 ] DEBUG Engine               - actualWidth: 640.0
04:33:57.077 [FXGL Background Thread 3 ] DEBUG Engine               - actualWidthProperty: ReadOnlyDoubleProperty [value: 640.0]
04:33:57.078 [FXGL Background Thread 3 ] DEBUG Engine               - appIcon: fxgl_icon.png
04:33:57.078 [FXGL Background Thread 3 ] DEBUG Engine               - applicationMode: DEVELOPER
04:33:57.078 [FXGL Background Thread 3 ] DEBUG Engine               - cSSList: [fxgl_dark.css]
04:33:57.078 [FXGL Background Thread 3 ] DEBUG Engine               - collisionDetectionStrategy: BRUTE_FORCE
04:33:57.078 [FXGL Background Thread 3 ] DEBUG Engine               - configClass: Optional.empty
04:33:57.078 [FXGL Background Thread 3 ] DEBUG Engine               - credits: []
04:33:57.078 [FXGL Background Thread 3 ] DEBUG Engine               - defaultCursor: CursorInfo(imageName=fxgl_default_cursor.png, hotspotX=7.0, hotspotY=6.0)
04:33:57.078 [FXGL Background Thread 3 ] DEBUG Engine               - devBBoxColorProperty: ObjectProperty [value: 0xff0000ff]
04:33:57.078 [FXGL Background Thread 3 ] DEBUG Engine               - devEnableDebugCameraProperty: BooleanProperty [value: false]
04:33:57.078 [FXGL Background Thread 3 ] DEBUG Engine               - devSensorColorProperty: ObjectProperty [value: 0xffff00ff]
04:33:57.078 [FXGL Background Thread 3 ] DEBUG Engine               - devShowBBoxProperty: BooleanProperty [value: false]
04:33:57.078 [FXGL Background Thread 3 ] DEBUG Engine               - devShowPositionProperty: BooleanProperty [value: false]
04:33:57.078 [FXGL Background Thread 3 ] DEBUG Engine               - enabledMenuItems: []
04:33:57.078 [FXGL Background Thread 3 ] DEBUG Engine               - engineServices: [class com.almasb.fxgl.app.services.FXGLAssetLoaderService, class com.almasb.fxgl.app.FXGLApplication$GameApplicationService, class com.almasb.fxgl.app.services.FXGLDialogService, class com.almasb.fxgl.app.services.IOTaskExecutorService, class com.almasb.fxgl.io.FileSystemService, class com.almasb.fxgl.localization.LocalizationService, class com.almasb.fxgl.app.services.SystemBundleService, class com.almasb.fxgl.profile.SaveLoadService, class com.almasb.fxgl.ui.FXGLUIFactoryServiceProvider, class com.almasb.fxgl.ui.FXGLDialogFactoryServiceProvider, class com.almasb.fxgl.audio.AudioPlayer, class com.almasb.fxgl.notification.impl.NotificationServiceProvider, class com.almasb.fxgl.achievement.AchievementService, class com.almasb.fxgl.cutscene.CutsceneService, class com.almasb.fxgl.minigames.MiniGameService, class com.almasb.fxgl.net.NetService, class com.almasb.fxgl.app.services.UpdaterService, class com.almasb.fxgl.dev.DevService]
04:33:57.078 [FXGL Background Thread 3 ] DEBUG Engine               - fontGame: Abel-Regular.ttf
04:33:57.079 [FXGL Background Thread 3 ] DEBUG Engine               - fontMono: TerminalLandMono-Regular.otf
04:33:57.079 [FXGL Background Thread 3 ] DEBUG Engine               - fontSizeScaleUI: 1.0
04:33:57.079 [FXGL Background Thread 3 ] DEBUG Engine               - fontText: Courier-Prime.ttf
04:33:57.079 [FXGL Background Thread 3 ] DEBUG Engine               - fontUI: VarelaRound-Regular.ttf
04:33:57.079 [FXGL Background Thread 3 ] DEBUG Engine               - fullScreen: BooleanProperty [value: false]
04:33:57.079 [FXGL Background Thread 3 ] DEBUG Engine               - gameDifficulty: MEDIUM
04:33:57.079 [FXGL Background Thread 3 ] DEBUG Engine               - gameDifficultyProperty: ObjectProperty [value: MEDIUM]
04:33:57.079 [FXGL Background Thread 3 ] DEBUG Engine               - globalMusicVolume: 0.5
04:33:57.079 [FXGL Background Thread 3 ] DEBUG Engine               - globalMusicVolumeProperty: DoubleProperty [value: 0.5]
04:33:57.079 [FXGL Background Thread 3 ] DEBUG Engine               - globalSoundVolume: 0.5
04:33:57.079 [FXGL Background Thread 3 ] DEBUG Engine               - globalSoundVolumeProperty: DoubleProperty [value: 0.5]
04:33:57.079 [FXGL Background Thread 3 ] DEBUG Engine               - height: 480
04:33:57.079 [FXGL Background Thread 3 ] DEBUG Engine               - is3D: false
04:33:57.079 [FXGL Background Thread 3 ] DEBUG Engine               - isAndroid: false
04:33:57.079 [FXGL Background Thread 3 ] DEBUG Engine               - isBrowser: false
04:33:57.079 [FXGL Background Thread 3 ] DEBUG Engine               - isClickFeedbackEnabled: false
04:33:57.079 [FXGL Background Thread 3 ] DEBUG Engine               - isCloseConfirmation: false
04:33:57.079 [FXGL Background Thread 3 ] DEBUG Engine               - isDesktop: true
04:33:57.079 [FXGL Background Thread 3 ] DEBUG Engine               - isDeveloperMenuEnabled: true
04:33:57.079 [FXGL Background Thread 3 ] DEBUG Engine               - isEmbedded: false
04:33:57.080 [FXGL Background Thread 3 ] DEBUG Engine               - isEntityPreloadEnabled: true
04:33:57.080 [FXGL Background Thread 3 ] DEBUG Engine               - isExperimentalTiledLargeMap: false
04:33:57.080 [FXGL Background Thread 3 ] DEBUG Engine               - isFileSystemWriteAllowed: true
04:33:57.080 [FXGL Background Thread 3 ] DEBUG Engine               - isFullScreenAllowed: false
04:33:57.080 [FXGL Background Thread 3 ] DEBUG Engine               - isFullScreenFromStart: false
04:33:57.080 [FXGL Background Thread 3 ] DEBUG Engine               - isGameMenuEnabled: true
04:33:57.080 [FXGL Background Thread 3 ] DEBUG Engine               - isIOS: false
04:33:57.080 [FXGL Background Thread 3 ] DEBUG Engine               - isIntroEnabled: false
04:33:57.080 [FXGL Background Thread 3 ] DEBUG Engine               - isLinux: false
04:33:57.080 [FXGL Background Thread 3 ] DEBUG Engine               - isMac: false
04:33:57.080 [FXGL Background Thread 3 ] DEBUG Engine               - isMainMenuEnabled: false
04:33:57.080 [FXGL Background Thread 3 ] DEBUG Engine               - isManualResizeEnabled: false
04:33:57.080 [FXGL Background Thread 3 ] DEBUG Engine               - isMobile: false
04:33:57.080 [FXGL Background Thread 3 ] DEBUG Engine               - isNative: false
04:33:57.080 [FXGL Background Thread 3 ] DEBUG Engine               - isPauseMusicWhenMinimized: true
04:33:57.080 [FXGL Background Thread 3 ] DEBUG Engine               - isPreserveResizeRatio: false
04:33:57.080 [FXGL Background Thread 3 ] DEBUG Engine               - isProfilingEnabled: false
04:33:57.080 [FXGL Background Thread 3 ] DEBUG Engine               - isScaleAffectedOnResize: true
04:33:57.081 [FXGL Background Thread 3 ] DEBUG Engine               - isSingleStep: false
04:33:57.081 [FXGL Background Thread 3 ] DEBUG Engine               - isUserProfileEnabled: false
04:33:57.081 [FXGL Background Thread 3 ] DEBUG Engine               - isWindows: true
04:33:57.081 [FXGL Background Thread 3 ] DEBUG Engine               - language: ObjectProperty [value: ENGLISH]
04:33:57.081 [FXGL Background Thread 3 ] DEBUG Engine               - menuKey: ESCAPE
04:33:57.081 [FXGL Background Thread 3 ] DEBUG Engine               - mouseSensitivity: 0.2
04:33:57.081 [FXGL Background Thread 3 ] DEBUG Engine               - notificationViewClass: class com.almasb.fxgl.notification.view.XboxNotificationView
04:33:57.081 [FXGL Background Thread 3 ] DEBUG Engine               - pixelsPerMeter: 50.0
04:33:57.081 [FXGL Background Thread 3 ] DEBUG Engine               - platform: WINDOWS
04:33:57.081 [FXGL Background Thread 3 ] DEBUG Engine               - prefHeightProperty: ReadOnlyDoubleProperty [value: 480.0]
04:33:57.081 [FXGL Background Thread 3 ] DEBUG Engine               - prefWidthProperty: ReadOnlyDoubleProperty [value: 640.0]
04:33:57.081 [FXGL Background Thread 3 ] DEBUG Engine               - profileDir: profiles/
04:33:57.081 [FXGL Background Thread 3 ] DEBUG Engine               - profileName: StringProperty [value: DEFAULT]
04:33:57.081 [FXGL Background Thread 3 ] DEBUG Engine               - randomSeed: -1
04:33:57.081 [FXGL Background Thread 3 ] DEBUG Engine               - runtimeInfo: RuntimeInfo(platform=WINDOWS, version=21.1, build=27.03.2024 07.52)
04:33:57.081 [FXGL Background Thread 3 ] DEBUG Engine               - saveFileExt: sav
04:33:57.081 [FXGL Background Thread 3 ] DEBUG Engine               - scaledHeightProp$fxgl: DoubleProperty [bound, value: 480.0]
04:33:57.081 [FXGL Background Thread 3 ] DEBUG Engine               - scaledWidthProp$fxgl: DoubleProperty [bound, value: 640.0]
04:33:57.081 [FXGL Background Thread 3 ] DEBUG Engine               - sceneFactory: com.almasb.fxgl.app.scene.SceneFactory@3a4c4ce6
04:33:57.081 [FXGL Background Thread 3 ] DEBUG Engine               - secondsIn24h: 60
04:33:57.081 [FXGL Background Thread 3 ] DEBUG Engine               - soundMenuBack: menu/back.wav
04:33:57.081 [FXGL Background Thread 3 ] DEBUG Engine               - soundMenuPress: menu/press.wav
04:33:57.081 [FXGL Background Thread 3 ] DEBUG Engine               - soundMenuSelect: menu/select.wav
04:33:57.081 [FXGL Background Thread 3 ] DEBUG Engine               - soundNotification: core/notification.wav
04:33:57.081 [FXGL Background Thread 3 ] DEBUG Engine               - stageStyle: DECORATED
04:33:57.081 [FXGL Background Thread 3 ] DEBUG Engine               - supportedLanguages: [ENGLISH, FRENCH, GERMAN, HUNGARIAN, RUSSIAN]
04:33:57.081 [FXGL Background Thread 3 ] DEBUG Engine               - ticksPerSecond: -1
04:33:57.081 [FXGL Background Thread 3 ] DEBUG Engine               - title: BomberMan
04:33:57.081 [FXGL Background Thread 3 ] DEBUG Engine               - urlGithub: https://github.com/AlmasB/FXGL
04:33:57.083 [FXGL Background Thread 3 ] DEBUG Engine               - urlLeaderboard: http://fxgl-top.herokuapp.com/
04:33:57.083 [FXGL Background Thread 3 ] DEBUG Engine               - urlPOM: https://raw.githubusercontent.com/AlmasB/FXGL/release/README.md
04:33:57.083 [FXGL Background Thread 3 ] DEBUG Engine               - userAppClass: class me.pooh.bakudun.App
04:33:57.083 [FXGL Background Thread 3 ] DEBUG Engine               - version: 0.1
04:33:57.083 [FXGL Background Thread 3 ] DEBUG Engine               - versionCheckDays: 7
04:33:57.083 [FXGL Background Thread 3 ] DEBUG Engine               - width: 640
04:33:57.083 [FXGL Background Thread 3 ] DEBUG Engine               - Logging services
04:33:57.083 [FXGL Background Thread 3 ] DEBUG Engine               - class com.almasb.fxgl.app.services.FXGLAssetLoaderService
04:33:57.083 [FXGL Background Thread 3 ] DEBUG Engine               - class com.almasb.fxgl.app.FXGLApplication$GameApplicationService
04:33:57.083 [FXGL Background Thread 3 ] DEBUG Engine               - class com.almasb.fxgl.app.services.FXGLDialogService
04:33:57.083 [FXGL Background Thread 3 ] DEBUG Engine               - class com.almasb.fxgl.app.services.IOTaskExecutorService
04:33:57.083 [FXGL Background Thread 3 ] DEBUG Engine               - class com.almasb.fxgl.io.FileSystemService
04:33:57.083 [FXGL Background Thread 3 ] DEBUG Engine               - class com.almasb.fxgl.localization.LocalizationService
04:33:57.083 [FXGL Background Thread 3 ] DEBUG Engine               - class com.almasb.fxgl.app.services.SystemBundleService
04:33:57.083 [FXGL Background Thread 3 ] DEBUG Engine               - class com.almasb.fxgl.profile.SaveLoadService
04:33:57.083 [FXGL Background Thread 3 ] DEBUG Engine               - class com.almasb.fxgl.ui.FXGLUIFactoryServiceProvider
04:33:57.083 [FXGL Background Thread 3 ] DEBUG Engine               - class com.almasb.fxgl.ui.FXGLDialogFactoryServiceProvider
04:33:57.083 [FXGL Background Thread 3 ] DEBUG Engine               - class com.almasb.fxgl.audio.AudioPlayer
04:33:57.083 [FXGL Background Thread 3 ] DEBUG Engine               - class com.almasb.fxgl.notification.impl.NotificationServiceProvider
04:33:57.083 [FXGL Background Thread 3 ] DEBUG Engine               - class com.almasb.fxgl.achievement.AchievementService
04:33:57.083 [FXGL Background Thread 3 ] DEBUG Engine               - class com.almasb.fxgl.cutscene.CutsceneService
04:33:57.084 [FXGL Background Thread 3 ] DEBUG Engine               - class com.almasb.fxgl.minigames.MiniGameService
04:33:57.084 [FXGL Background Thread 3 ] DEBUG Engine               - class com.almasb.fxgl.net.NetService
04:33:57.084 [FXGL Background Thread 3 ] DEBUG Engine               - class com.almasb.fxgl.app.services.UpdaterService
04:33:57.084 [FXGL Background Thread 3 ] DEBUG Engine               - class com.almasb.fxgl.dev.DevService
04:36:51.420 [JavaFX Application Thread] DEBUG FXGLApplication      - Exiting FXGL
04:36:51.420 [JavaFX Application Thread] DEBUG LoopRunner           - Stopping loop
04:36:51.420 [JavaFX Application Thread] DEBUG SystemBundleService  - Saving FXGL system data
04:36:51.422 [JavaFX Application Thread] DEBUG FileSystemAccess     - Writing to: C:\Users\POO\intellij\Bakudun\system\fxgl.bundle
04:36:51.424 [JavaFX Application Thread] DEBUG Async                - Shutting down background threads
04:36:51.425 [JavaFX Application Thread] DEBUG PrimaryStageWindow   - Closing main window
04:36:51.434 [JavaFX Application Thread] DEBUG Logger               - Closing Logger
