05:13:40.881 [main                     ] DEBUG Logger               - Configured Logger
05:13:40.901 [main                     ] DEBUG GameApplication      - Logging settings
Title: BomberMan
Version: 0.1
Width: 640
Height: 480
Fullscreen: false
Intro: false
Profiling: false
Single step:false
App Mode: DEVELOPER
Menu Key: ESCAPE
Stage Style: DECORATED
Scene Factory: class com.almasb.fxgl.app.scene.SceneFactory

05:13:41.525 [JavaFX Application Thread] DEBUG FXGLApplication      - Initializing FXGL
05:13:41.528 [JavaFX Application Thread] INFO  Engine               - FXGL-21.1 (27.03.2024 07.52) on WINDOWS (J:21.0.2 FX:21.0.1)
05:13:41.528 [JavaFX Application Thread] DEBUG Engine               - JRE Vendor Name: Eclipse Adoptium
05:13:41.528 [JavaFX Application Thread] DEBUG Engine               - Running on OS: Windows 11 version 10.0
05:13:41.528 [JavaFX Application Thread] DEBUG Engine               - Architecture: amd64
05:13:41.528 [JavaFX Application Thread] INFO  Engine               - Source code and latest versions at: https://github.com/AlmasB/FXGL
05:13:41.529 [JavaFX Application Thread] INFO  Engine               -       Ask questions and discuss at: https://github.com/AlmasB/FXGL/discussions
05:13:41.529 [JavaFX Application Thread] INFO  Engine               -              Join the FXGL chat at: https://gitter.im/AlmasB/FXGL
05:13:41.603 [JavaFX Application Thread] DEBUG PrimaryStageWindow   - Creating a JavaFX scene
05:13:41.680 [JavaFX Application Thread] DEBUG PrimaryStageWindow   - Target settings size: 640.0 x 480.0
05:13:41.681 [JavaFX Application Thread] DEBUG PrimaryStageWindow   - Scaled scene size:    640.0 x 480.0
05:13:41.681 [JavaFX Application Thread] DEBUG PrimaryStageWindow   - Scaled ratio: (1.0, 1.0)
05:13:41.682 [JavaFX Application Thread] DEBUG PrimaryStageWindow   - Set initial scene to FXGLStartupScene
05:13:41.684 [JavaFX Application Thread] DEBUG PrimaryStageWindow   - Opening main window
05:13:41.826 [JavaFX Application Thread] DEBUG PrimaryStageWindow   - Window border size: (14.4000244140625, 37.5999755859375)
05:13:41.826 [JavaFX Application Thread] DEBUG PrimaryStageWindow   - Scaled size: 640.0 x 480.0
05:13:41.826 [JavaFX Application Thread] DEBUG PrimaryStageWindow   - Scaled ratio: (1.0, 1.0)
05:13:41.826 [JavaFX Application Thread] DEBUG PrimaryStageWindow   - Scene size: 640.0 x 480.0
05:13:41.827 [JavaFX Application Thread] DEBUG PrimaryStageWindow   - Stage size: 654.4000244140625 x 517.5999755859375
05:13:41.860 [FXGL Background Thread 1 ] DEBUG Engine               - Initializing environment variables
05:13:41.966 [FXGL Background Thread 1 ] DEBUG FXGLAssetLoaderServi - User app class for loading assets: class me.pooh.bakudun.App
05:13:41.966 [FXGL Background Thread 1 ] DEBUG GameApplicationServi - Applying CSS: fxgl_dark.css
05:13:41.967 [FXGL Background Thread 1 ] DEBUG FXGLAssetLoaderServi - Loading from file system: jar:file:///C:/Users/POO/.m2/repository/com/github/almasb/fxgl/21.1/fxgl-21.1.jar!/fxglassets/ui/css/fxgl_dark.css
05:13:42.000 [FXGL Background Thread 1 ] DEBUG GameApplicationServi - Initializing application scenes
05:13:42.036 [FXGL Background Thread 1 ] DEBUG GameWorld            - Game world initialized
05:13:42.122 [FXGL Background Thread 1 ] DEBUG PhysicsWorld         - Physics world initialized: appHeight=480, physics.ppm=50.0
05:13:42.122 [FXGL Background Thread 1 ] DEBUG PhysicsWorld         - Using strategy: BRUTE_FORCE
05:13:42.127 [FXGL Background Thread 1 ] DEBUG GameScene            - Game scene initialized: 640x480
05:13:42.135 [FXGL Background Thread 1 ] WARN  FXGL.DefaultMenu     - FXGLDefaultMenu is not designed for resolutions < 800x600
05:13:42.135 [FXGL Background Thread 1 ] DEBUG FXGL.DefaultMenu     - createMenuBodyGameMenu()
05:13:42.146 [FXGL Background Thread 1 ] DEBUG FXGL.DefaultMenu     - createOptionsMenu()
05:13:42.153 [FXGL Background Thread 1 ] DEBUG FXGLAssetLoaderServi - Loading from file system: jar:file:///C:/Users/POO/.m2/repository/com/github/almasb/fxgl/21.1/fxgl-21.1.jar!/fxglassets/textures/particles/smoke.png
05:13:42.224 [FXGL Background Thread 1 ] DEBUG FXGLAssetLoaderServi - Loading from file system: jar:file:///C:/Users/POO/.m2/repository/com/github/almasb/fxgl/21.1/fxgl-21.1.jar!/fxglassets/textures/particles/trace_horizontal.png
05:13:42.247 [FXGL Background Thread 1 ] DEBUG GameApplicationServi - Application scenes initialized
05:13:42.259 [FXGL Background Thread 1 ] DEBUG SystemBundleService  - Loading FXGL system data
05:13:42.263 [FXGL Background Thread 1 ] DEBUG FileSystemAccess     - Reading from: C:\Users\POO\intellij\Bakudun\system\fxgl.bundle
05:13:42.272 [FXGL Background Thread 1 ] DEBUG SystemBundleService  - Bundle FXGL: {}
05:13:42.272 [FXGL Background Thread 1 ] DEBUG UpdaterService       - Checking for updates
05:13:42.296 [FXGL Background Thread 4 ] DEBUG FXGLApplication      - Loading fonts
05:13:42.297 [FXGL Background Thread 4 ] DEBUG FXGLAssetLoaderServi - Loading from file system: jar:file:///C:/Users/POO/.m2/repository/com/github/almasb/fxgl/21.1/fxgl-21.1.jar!/fxglassets/ui/fonts/VarelaRound-Regular.ttf
05:13:42.297 [FXGL Background Thread 1 ] DEBUG FXGLApplication      - Loading default localization
05:13:42.298 [FXGL Background Thread 1 ] DEBUG FXGLAssetLoaderServi - Loading from file system: jar:file:///C:/Users/POO/.m2/repository/com/github/almasb/fxgl/21.1/fxgl-21.1.jar!/fxglassets/languages/english.lang
05:13:42.313 [FXGL Background Thread 1 ] INFO  FXGLApplication      - FXGL initialization took: 0.453 sec
05:13:42.322 [JavaFX Application Thread] DEBUG Input                - Registered new binding: Right - D
05:13:42.322 [JavaFX Application Thread] DEBUG Input                - Registered new binding: Left - A
05:13:42.322 [JavaFX Application Thread] DEBUG Input                - Registered new binding: Up - W
05:13:42.322 [JavaFX Application Thread] DEBUG Input                - Registered new binding: Down - S
05:13:42.322 [JavaFX Application Thread] DEBUG FXGLAssetLoaderServi - Loading from file system: jar:file:///C:/Users/POO/.m2/repository/com/github/almasb/fxgl/21.1/fxgl-21.1.jar!/fxglassets/textures/fxgl_icon.png
05:13:42.329 [FXGL Background Thread 4 ] DEBUG FXGLAssetLoaderServi - Loading from file system: jar:file:///C:/Users/POO/.m2/repository/com/github/almasb/fxgl/21.1/fxgl-21.1.jar!/fxglassets/ui/fonts/Abel-Regular.ttf
05:13:42.332 [FXGL Background Thread 4 ] DEBUG FXGLAssetLoaderServi - Loading from file system: jar:file:///C:/Users/POO/.m2/repository/com/github/almasb/fxgl/21.1/fxgl-21.1.jar!/fxglassets/ui/fonts/TerminalLandMono-Regular.otf
05:13:42.335 [FXGL Background Thread 4 ] DEBUG FXGLAssetLoaderServi - Loading from file system: jar:file:///C:/Users/POO/.m2/repository/com/github/almasb/fxgl/21.1/fxgl-21.1.jar!/fxglassets/ui/fonts/Courier-Prime.ttf
05:13:42.340 [JavaFX Application Thread] DEBUG FXGLAssetLoaderServi - Loading from file system: jar:file:///C:/Users/POO/.m2/repository/com/github/almasb/fxgl/21.1/fxgl-21.1.jar!/fxglassets/textures/fxgl_default_cursor.png
05:13:42.343 [JavaFX Application Thread] DEBUG Input                - Registered new binding: Screenshot - CTRL+8
05:13:42.343 [JavaFX Application Thread] DEBUG Input                - Registered new binding: Dev Options - 1
05:13:42.343 [JavaFX Application Thread] DEBUG Input                - Registered new binding: Dev Console - 2
05:13:42.344 [JavaFX Application Thread] DEBUG Input                - Registered new binding: System info dump - CTRL+9
05:13:42.345 [JavaFX Application Thread] DEBUG Input                - Registered new binding: Restart - CTRL+R
05:13:42.346 [JavaFX Application Thread] DEBUG Input                - Registered new binding: Toggle Debug Camera - CTRL+7
05:13:42.350 [JavaFX Application Thread] DEBUG LoopRunner           - Starting loop
05:13:42.363 [JavaFX Application Thread] DEBUG LoopRunner           - Initializing JavaFX AnimationTimerLoop
05:13:42.364 [JavaFX Application Thread] DEBUG GameApplicationServi - Starting new game
05:13:42.364 [JavaFX Application Thread] DEBUG Input                - Clearing active input actions
05:13:42.372 [JavaFX Application Thread] DEBUG GameApplicationServi - Removing overlay from FXGLStartupScene and adding to FXGLLoadingScene
05:13:42.374 [JavaFX Application Thread] DEBUG PrimaryStageWindow   - FXGLStartupScene -> FXGLLoadingScene
05:13:42.374 [JavaFX Application Thread] DEBUG GameApplicationServi - Clearing previous game
05:13:42.375 [JavaFX Application Thread] DEBUG GameScene            - Clearing game scene
05:13:42.375 [JavaFX Application Thread] DEBUG GameWorld            - Clearing game world
05:13:42.375 [JavaFX Application Thread] DEBUG PhysicsWorld         - Clearing physics world
05:13:42.377 [FXGL Background Thread 4 ] DEBUG FXGLApplication      - Initializing game
05:13:42.377 [JavaFX Application Thread] DEBUG FXGLApplication      - Registering font factories with UI factory
05:13:42.426 [FXGL Background Thread 4 ] WARN  TMXLevelLoader       - TiledMap generated from 1.11.2. Supported version: 1.9.0. Some features may not be parsed fully.
05:13:42.443 [FXGL Background Thread 4 ] DEBUG TMXLevelLoader       - Parsed TiledMap: file:/C:/Users/POO/intellij/Bakudun/target/classes/assets/levels/Map.tmx
05:13:42.445 [FXGL Background Thread 4 ] DEBUG TMXLevelLoader       - Creating tile layer entities
05:13:42.448 [FXGL Background Thread 4 ] DEBUG TilesetLoader        - Loading view for layer เลเยอร์ไทล์ 1
05:13:42.448 [FXGL Background Thread 4 ] DEBUG TilesetLoader        - Created buffer with size 640.0x480.0
05:13:42.456 [FXGL Background Thread 4 ] WARN  TilesetLoader        - Diagonally flipped tiles are not currently supported
05:13:42.465 [FXGL Background Thread 4 ] WARN  TilesetLoader        - Diagonally flipped tiles are not currently supported
05:13:42.475 [FXGL Background Thread 4 ] DEBUG TilesetLoader        - Loading view for layer เลเยอร์ไทล์ 2
05:13:42.475 [FXGL Background Thread 4 ] DEBUG TilesetLoader        - Created buffer with size 640.0x480.0
05:13:42.476 [FXGL Background Thread 4 ] DEBUG TilesetLoader        - Loading view for layer เลเยอร์ไทล์ 3
05:13:42.476 [FXGL Background Thread 4 ] DEBUG TilesetLoader        - Created buffer with size 640.0x480.0
05:13:42.477 [FXGL Background Thread 4 ] DEBUG TilesetLoader        - Loading view for layer เลเยอร์ไทล์ 4
05:13:42.477 [FXGL Background Thread 4 ] DEBUG TilesetLoader        - Created buffer with size 640.0x480.0
05:13:42.478 [FXGL Background Thread 4 ] DEBUG TMXLevelLoader       - Creating object layer entities
05:13:42.521 [FXGL Background Thread 4 ] DEBUG FXGLAssetLoaderServi - Loading from file system: file:/C:/Users/POO/intellij/Bakudun/target/classes/assets/textures/Jim1.png
05:13:42.532 [FXGL Background Thread 4 ] WARN  TMXLevelLoader       - TiledMap generated from 1.11.2. Supported version: 1.9.0. Some features may not be parsed fully.
05:13:42.538 [FXGL Background Thread 4 ] DEBUG TMXLevelLoader       - Parsed TiledMap: file:/C:/Users/POO/intellij/Bakudun/target/classes/assets/levels/Map.tmx
05:13:42.538 [FXGL Background Thread 4 ] DEBUG TMXLevelLoader       - Creating tile layer entities
05:13:42.539 [FXGL Background Thread 4 ] DEBUG TilesetLoader        - Loading view for layer เลเยอร์ไทล์ 1
05:13:42.539 [FXGL Background Thread 4 ] DEBUG TilesetLoader        - Created buffer with size 640.0x480.0
05:13:42.542 [FXGL Background Thread 4 ] WARN  TilesetLoader        - Diagonally flipped tiles are not currently supported
05:13:42.545 [FXGL Background Thread 4 ] WARN  TilesetLoader        - Diagonally flipped tiles are not currently supported
05:13:42.557 [FXGL Background Thread 4 ] DEBUG TilesetLoader        - Loading view for layer เลเยอร์ไทล์ 2
05:13:42.557 [FXGL Background Thread 4 ] DEBUG TilesetLoader        - Created buffer with size 640.0x480.0
05:13:42.558 [FXGL Background Thread 4 ] DEBUG TilesetLoader        - Loading view for layer เลเยอร์ไทล์ 3
05:13:42.558 [FXGL Background Thread 4 ] DEBUG TilesetLoader        - Created buffer with size 640.0x480.0
05:13:42.558 [FXGL Background Thread 4 ] DEBUG TilesetLoader        - Loading view for layer เลเยอร์ไทล์ 4
05:13:42.559 [FXGL Background Thread 4 ] DEBUG TilesetLoader        - Created buffer with size 640.0x480.0
05:13:42.559 [FXGL Background Thread 4 ] DEBUG TMXLevelLoader       - Creating object layer entities
05:13:42.570 [FXGL Background Thread 4 ] DEBUG GameWorld            - Clearing removable entities
05:13:42.571 [FXGL Background Thread 4 ] DEBUG GameWorld            - Setting level: com.almasb.fxgl.entity.level.Level@c8701e2
05:13:42.579 [FXGL Background Thread 4 ] INFO  FXGLApplication      - Game initialization took: 0.202 sec
05:13:42.591 [JavaFX Application Thread] DEBUG Input                - Clearing active input actions
05:13:42.597 [JavaFX Application Thread] DEBUG GameApplicationServi - Removing overlay from FXGLLoadingScene and adding to GameScene
05:13:42.600 [JavaFX Application Thread] DEBUG PrimaryStageWindow   - FXGLLoadingScene -> GameScene
05:13:45.297 [FXGL Background Thread 3 ] DEBUG Engine               - Logging environment variables
05:13:45.297 [FXGL Background Thread 3 ] DEBUG Engine               - achievements: []
05:13:45.297 [FXGL Background Thread 3 ] DEBUG Engine               - actualHeight: 480.0
05:13:45.297 [FXGL Background Thread 3 ] DEBUG Engine               - actualHeightProperty: ReadOnlyDoubleProperty [value: 480.0]
05:13:45.297 [FXGL Background Thread 3 ] DEBUG Engine               - actualWidth: 640.0
05:13:45.297 [FXGL Background Thread 3 ] DEBUG Engine               - actualWidthProperty: ReadOnlyDoubleProperty [value: 640.0]
05:13:45.298 [FXGL Background Thread 3 ] DEBUG Engine               - appIcon: fxgl_icon.png
05:13:45.298 [FXGL Background Thread 3 ] DEBUG Engine               - applicationMode: DEVELOPER
05:13:45.298 [FXGL Background Thread 3 ] DEBUG Engine               - cSSList: [fxgl_dark.css]
05:13:45.298 [FXGL Background Thread 3 ] DEBUG Engine               - collisionDetectionStrategy: BRUTE_FORCE
05:13:45.298 [FXGL Background Thread 3 ] DEBUG Engine               - configClass: Optional.empty
05:13:45.298 [FXGL Background Thread 3 ] DEBUG Engine               - credits: []
05:13:45.298 [FXGL Background Thread 3 ] DEBUG Engine               - defaultCursor: CursorInfo(imageName=fxgl_default_cursor.png, hotspotX=7.0, hotspotY=6.0)
05:13:45.298 [FXGL Background Thread 3 ] DEBUG Engine               - devBBoxColorProperty: ObjectProperty [value: 0xff0000ff]
05:13:45.298 [FXGL Background Thread 3 ] DEBUG Engine               - devEnableDebugCameraProperty: BooleanProperty [value: false]
05:13:45.298 [FXGL Background Thread 3 ] DEBUG Engine               - devSensorColorProperty: ObjectProperty [value: 0xffff00ff]
05:13:45.298 [FXGL Background Thread 3 ] DEBUG Engine               - devShowBBoxProperty: BooleanProperty [value: false]
05:13:45.298 [FXGL Background Thread 3 ] DEBUG Engine               - devShowPositionProperty: BooleanProperty [value: false]
05:13:45.298 [FXGL Background Thread 3 ] DEBUG Engine               - enabledMenuItems: []
05:13:45.298 [FXGL Background Thread 3 ] DEBUG Engine               - engineServices: [class com.almasb.fxgl.app.services.FXGLAssetLoaderService, class com.almasb.fxgl.app.FXGLApplication$GameApplicationService, class com.almasb.fxgl.app.services.FXGLDialogService, class com.almasb.fxgl.app.services.IOTaskExecutorService, class com.almasb.fxgl.io.FileSystemService, class com.almasb.fxgl.localization.LocalizationService, class com.almasb.fxgl.app.services.SystemBundleService, class com.almasb.fxgl.profile.SaveLoadService, class com.almasb.fxgl.ui.FXGLUIFactoryServiceProvider, class com.almasb.fxgl.ui.FXGLDialogFactoryServiceProvider, class com.almasb.fxgl.audio.AudioPlayer, class com.almasb.fxgl.notification.impl.NotificationServiceProvider, class com.almasb.fxgl.achievement.AchievementService, class com.almasb.fxgl.cutscene.CutsceneService, class com.almasb.fxgl.minigames.MiniGameService, class com.almasb.fxgl.net.NetService, class com.almasb.fxgl.app.services.UpdaterService, class com.almasb.fxgl.dev.DevService]
05:13:45.299 [FXGL Background Thread 3 ] DEBUG Engine               - fontGame: Abel-Regular.ttf
05:13:45.299 [FXGL Background Thread 3 ] DEBUG Engine               - fontMono: TerminalLandMono-Regular.otf
05:13:45.299 [FXGL Background Thread 3 ] DEBUG Engine               - fontSizeScaleUI: 1.0
05:13:45.299 [FXGL Background Thread 3 ] DEBUG Engine               - fontText: Courier-Prime.ttf
05:13:45.299 [FXGL Background Thread 3 ] DEBUG Engine               - fontUI: VarelaRound-Regular.ttf
05:13:45.299 [FXGL Background Thread 3 ] DEBUG Engine               - fullScreen: BooleanProperty [value: false]
05:13:45.299 [FXGL Background Thread 3 ] DEBUG Engine               - gameDifficulty: MEDIUM
05:13:45.299 [FXGL Background Thread 3 ] DEBUG Engine               - gameDifficultyProperty: ObjectProperty [value: MEDIUM]
05:13:45.299 [FXGL Background Thread 3 ] DEBUG Engine               - globalMusicVolume: 0.5
05:13:45.299 [FXGL Background Thread 3 ] DEBUG Engine               - globalMusicVolumeProperty: DoubleProperty [value: 0.5]
05:13:45.299 [FXGL Background Thread 3 ] DEBUG Engine               - globalSoundVolume: 0.5
05:13:45.299 [FXGL Background Thread 3 ] DEBUG Engine               - globalSoundVolumeProperty: DoubleProperty [value: 0.5]
05:13:45.299 [FXGL Background Thread 3 ] DEBUG Engine               - height: 480
05:13:45.299 [FXGL Background Thread 3 ] DEBUG Engine               - is3D: false
05:13:45.299 [FXGL Background Thread 3 ] DEBUG Engine               - isAndroid: false
05:13:45.299 [FXGL Background Thread 3 ] DEBUG Engine               - isBrowser: false
05:13:45.299 [FXGL Background Thread 3 ] DEBUG Engine               - isClickFeedbackEnabled: false
05:13:45.299 [FXGL Background Thread 3 ] DEBUG Engine               - isCloseConfirmation: false
05:13:45.300 [FXGL Background Thread 3 ] DEBUG Engine               - isDesktop: true
05:13:45.300 [FXGL Background Thread 3 ] DEBUG Engine               - isDeveloperMenuEnabled: true
05:13:45.300 [FXGL Background Thread 3 ] DEBUG Engine               - isEmbedded: false
05:13:45.300 [FXGL Background Thread 3 ] DEBUG Engine               - isEntityPreloadEnabled: true
05:13:45.300 [FXGL Background Thread 3 ] DEBUG Engine               - isExperimentalTiledLargeMap: false
05:13:45.300 [FXGL Background Thread 3 ] DEBUG Engine               - isFileSystemWriteAllowed: true
05:13:45.300 [FXGL Background Thread 3 ] DEBUG Engine               - isFullScreenAllowed: false
05:13:45.300 [FXGL Background Thread 3 ] DEBUG Engine               - isFullScreenFromStart: false
05:13:45.300 [FXGL Background Thread 3 ] DEBUG Engine               - isGameMenuEnabled: true
05:13:45.300 [FXGL Background Thread 3 ] DEBUG Engine               - isIOS: false
05:13:45.300 [FXGL Background Thread 3 ] DEBUG Engine               - isIntroEnabled: false
05:13:45.300 [FXGL Background Thread 3 ] DEBUG Engine               - isLinux: false
05:13:45.300 [FXGL Background Thread 3 ] DEBUG Engine               - isMac: false
05:13:45.300 [FXGL Background Thread 3 ] DEBUG Engine               - isMainMenuEnabled: false
05:13:45.300 [FXGL Background Thread 3 ] DEBUG Engine               - isManualResizeEnabled: false
05:13:45.300 [FXGL Background Thread 3 ] DEBUG Engine               - isMobile: false
05:13:45.300 [FXGL Background Thread 3 ] DEBUG Engine               - isNative: false
05:13:45.301 [FXGL Background Thread 3 ] DEBUG Engine               - isPauseMusicWhenMinimized: true
05:13:45.301 [FXGL Background Thread 3 ] DEBUG Engine               - isPreserveResizeRatio: false
05:13:45.301 [FXGL Background Thread 3 ] DEBUG Engine               - isProfilingEnabled: false
05:13:45.301 [FXGL Background Thread 3 ] DEBUG Engine               - isScaleAffectedOnResize: true
05:13:45.301 [FXGL Background Thread 3 ] DEBUG Engine               - isSingleStep: false
05:13:45.301 [FXGL Background Thread 3 ] DEBUG Engine               - isUserProfileEnabled: false
05:13:45.301 [FXGL Background Thread 3 ] DEBUG Engine               - isWindows: true
05:13:45.301 [FXGL Background Thread 3 ] DEBUG Engine               - language: ObjectProperty [value: ENGLISH]
05:13:45.301 [FXGL Background Thread 3 ] DEBUG Engine               - menuKey: ESCAPE
05:13:45.301 [FXGL Background Thread 3 ] DEBUG Engine               - mouseSensitivity: 0.2
05:13:45.301 [FXGL Background Thread 3 ] DEBUG Engine               - notificationViewClass: class com.almasb.fxgl.notification.view.XboxNotificationView
05:13:45.301 [FXGL Background Thread 3 ] DEBUG Engine               - pixelsPerMeter: 50.0
05:13:45.301 [FXGL Background Thread 3 ] DEBUG Engine               - platform: WINDOWS
05:13:45.301 [FXGL Background Thread 3 ] DEBUG Engine               - prefHeightProperty: ReadOnlyDoubleProperty [value: 480.0]
05:13:45.301 [FXGL Background Thread 3 ] DEBUG Engine               - prefWidthProperty: ReadOnlyDoubleProperty [value: 640.0]
05:13:45.301 [FXGL Background Thread 3 ] DEBUG Engine               - profileDir: profiles/
05:13:45.301 [FXGL Background Thread 3 ] DEBUG Engine               - profileName: StringProperty [value: DEFAULT]
05:13:45.301 [FXGL Background Thread 3 ] DEBUG Engine               - randomSeed: -1
05:13:45.301 [FXGL Background Thread 3 ] DEBUG Engine               - runtimeInfo: RuntimeInfo(platform=WINDOWS, version=21.1, build=27.03.2024 07.52)
05:13:45.301 [FXGL Background Thread 3 ] DEBUG Engine               - saveFileExt: sav
05:13:45.301 [FXGL Background Thread 3 ] DEBUG Engine               - scaledHeightProp$fxgl: DoubleProperty [bound, value: 480.0]
05:13:45.301 [FXGL Background Thread 3 ] DEBUG Engine               - scaledWidthProp$fxgl: DoubleProperty [bound, value: 640.0]
05:13:45.301 [FXGL Background Thread 3 ] DEBUG Engine               - sceneFactory: com.almasb.fxgl.app.scene.SceneFactory@6ce84325
05:13:45.301 [FXGL Background Thread 3 ] DEBUG Engine               - secondsIn24h: 60
05:13:45.301 [FXGL Background Thread 3 ] DEBUG Engine               - soundMenuBack: menu/back.wav
05:13:45.302 [FXGL Background Thread 3 ] DEBUG Engine               - soundMenuPress: menu/press.wav
05:13:45.302 [FXGL Background Thread 3 ] DEBUG Engine               - soundMenuSelect: menu/select.wav
05:13:45.302 [FXGL Background Thread 3 ] DEBUG Engine               - soundNotification: core/notification.wav
05:13:45.302 [FXGL Background Thread 3 ] DEBUG Engine               - stageStyle: DECORATED
05:13:45.302 [FXGL Background Thread 3 ] DEBUG Engine               - supportedLanguages: [ENGLISH, FRENCH, GERMAN, HUNGARIAN, RUSSIAN]
05:13:45.302 [FXGL Background Thread 3 ] DEBUG Engine               - ticksPerSecond: -1
05:13:45.302 [FXGL Background Thread 3 ] DEBUG Engine               - title: BomberMan
05:13:45.302 [FXGL Background Thread 3 ] DEBUG Engine               - urlGithub: https://github.com/AlmasB/FXGL
05:13:45.302 [FXGL Background Thread 3 ] DEBUG Engine               - urlLeaderboard: http://fxgl-top.herokuapp.com/
05:13:45.302 [FXGL Background Thread 3 ] DEBUG Engine               - urlPOM: https://raw.githubusercontent.com/AlmasB/FXGL/release/README.md
05:13:45.302 [FXGL Background Thread 3 ] DEBUG Engine               - userAppClass: class me.pooh.bakudun.App
05:13:45.302 [FXGL Background Thread 3 ] DEBUG Engine               - version: 0.1
05:13:45.302 [FXGL Background Thread 3 ] DEBUG Engine               - versionCheckDays: 7
05:13:45.302 [FXGL Background Thread 3 ] DEBUG Engine               - width: 640
05:13:45.302 [FXGL Background Thread 3 ] DEBUG Engine               - Logging services
05:13:45.302 [FXGL Background Thread 3 ] DEBUG Engine               - class com.almasb.fxgl.app.services.FXGLAssetLoaderService
05:13:45.302 [FXGL Background Thread 3 ] DEBUG Engine               - class com.almasb.fxgl.app.FXGLApplication$GameApplicationService
05:13:45.302 [FXGL Background Thread 3 ] DEBUG Engine               - class com.almasb.fxgl.app.services.FXGLDialogService
05:13:45.302 [FXGL Background Thread 3 ] DEBUG Engine               - class com.almasb.fxgl.app.services.IOTaskExecutorService
05:13:45.302 [FXGL Background Thread 3 ] DEBUG Engine               - class com.almasb.fxgl.io.FileSystemService
05:13:45.302 [FXGL Background Thread 3 ] DEBUG Engine               - class com.almasb.fxgl.localization.LocalizationService
05:13:45.302 [FXGL Background Thread 3 ] DEBUG Engine               - class com.almasb.fxgl.app.services.SystemBundleService
05:13:45.302 [FXGL Background Thread 3 ] DEBUG Engine               - class com.almasb.fxgl.profile.SaveLoadService
05:13:45.302 [FXGL Background Thread 3 ] DEBUG Engine               - class com.almasb.fxgl.ui.FXGLUIFactoryServiceProvider
05:13:45.302 [FXGL Background Thread 3 ] DEBUG Engine               - class com.almasb.fxgl.ui.FXGLDialogFactoryServiceProvider
05:13:45.302 [FXGL Background Thread 3 ] DEBUG Engine               - class com.almasb.fxgl.audio.AudioPlayer
05:13:45.303 [FXGL Background Thread 3 ] DEBUG Engine               - class com.almasb.fxgl.notification.impl.NotificationServiceProvider
05:13:45.303 [FXGL Background Thread 3 ] DEBUG Engine               - class com.almasb.fxgl.achievement.AchievementService
05:13:45.303 [FXGL Background Thread 3 ] DEBUG Engine               - class com.almasb.fxgl.cutscene.CutsceneService
05:13:45.303 [FXGL Background Thread 3 ] DEBUG Engine               - class com.almasb.fxgl.minigames.MiniGameService
05:13:45.303 [FXGL Background Thread 3 ] DEBUG Engine               - class com.almasb.fxgl.net.NetService
05:13:45.303 [FXGL Background Thread 3 ] DEBUG Engine               - class com.almasb.fxgl.app.services.UpdaterService
05:13:45.303 [FXGL Background Thread 3 ] DEBUG Engine               - class com.almasb.fxgl.dev.DevService
05:13:57.338 [JavaFX Application Thread] DEBUG FXGLApplication      - Exiting FXGL
05:13:57.338 [JavaFX Application Thread] DEBUG LoopRunner           - Stopping loop
05:13:57.338 [JavaFX Application Thread] DEBUG SystemBundleService  - Saving FXGL system data
05:13:57.346 [JavaFX Application Thread] DEBUG FileSystemAccess     - Writing to: C:\Users\POO\intellij\Bakudun\system\fxgl.bundle
05:13:57.348 [JavaFX Application Thread] DEBUG Async                - Shutting down background threads
05:13:57.349 [JavaFX Application Thread] DEBUG PrimaryStageWindow   - Closing main window
05:13:57.367 [JavaFX Application Thread] DEBUG Logger               - Closing Logger
