09:03:35.025 [main                     ] DEBUG Logger               - Configured Logger
09:03:35.045 [main                     ] DEBUG GameApplication      - Logging settings
Title: BomberMan
Version: 0.1
Width: 640
Height: 480
Fullscreen: false
Intro: false
Profiling: false
Single step:false
App Mode: DEVELOPER
Menu Key: ESCAPE
Stage Style: DECORATED
Scene Factory: class com.almasb.fxgl.app.scene.SceneFactory

09:03:35.572 [JavaFX Application Thread] DEBUG FXGLApplication      - Initializing FXGL
09:03:35.575 [JavaFX Application Thread] INFO  Engine               - FXGL-21.1 (27.03.2024 07.52) on WINDOWS (J:21.0.2 FX:21.0.1)
09:03:35.575 [JavaFX Application Thread] DEBUG Engine               - JRE Vendor Name: Eclipse Adoptium
09:03:35.576 [JavaFX Application Thread] DEBUG Engine               - Running on OS: Windows 11 version 10.0
09:03:35.576 [JavaFX Application Thread] DEBUG Engine               - Architecture: amd64
09:03:35.576 [JavaFX Application Thread] INFO  Engine               - Source code and latest versions at: https://github.com/AlmasB/FXGL
09:03:35.576 [JavaFX Application Thread] INFO  Engine               -       Ask questions and discuss at: https://github.com/AlmasB/FXGL/discussions
09:03:35.576 [JavaFX Application Thread] INFO  Engine               -              Join the FXGL chat at: https://gitter.im/AlmasB/FXGL
09:03:35.640 [JavaFX Application Thread] DEBUG PrimaryStageWindow   - Creating a JavaFX scene
09:03:35.678 [JavaFX Application Thread] DEBUG PrimaryStageWindow   - Target settings size: 640.0 x 480.0
09:03:35.678 [JavaFX Application Thread] DEBUG PrimaryStageWindow   - Scaled scene size:    640.0 x 480.0
09:03:35.678 [JavaFX Application Thread] DEBUG PrimaryStageWindow   - Scaled ratio: (1.0, 1.0)
09:03:35.679 [JavaFX Application Thread] DEBUG PrimaryStageWindow   - Set initial scene to FXGLStartupScene
09:03:35.682 [JavaFX Application Thread] DEBUG PrimaryStageWindow   - Opening main window
09:03:35.757 [JavaFX Application Thread] DEBUG PrimaryStageWindow   - Window border size: (14.4000244140625, 37.5999755859375)
09:03:35.757 [JavaFX Application Thread] DEBUG PrimaryStageWindow   - Scaled size: 640.0 x 480.0
09:03:35.757 [JavaFX Application Thread] DEBUG PrimaryStageWindow   - Scaled ratio: (1.0, 1.0)
09:03:35.757 [JavaFX Application Thread] DEBUG PrimaryStageWindow   - Scene size: 640.0 x 480.0
09:03:35.757 [JavaFX Application Thread] DEBUG PrimaryStageWindow   - Stage size: 654.4000244140625 x 517.5999755859375
09:03:35.763 [FXGL Background Thread 1 ] DEBUG Engine               - Initializing environment variables
09:03:35.808 [FXGL Background Thread 1 ] DEBUG FXGLAssetLoaderServi - User app class for loading assets: class me.pooh.bakudun.App
09:03:35.808 [FXGL Background Thread 1 ] DEBUG GameApplicationServi - Applying CSS: fxgl_dark.css
09:03:35.809 [FXGL Background Thread 1 ] DEBUG FXGLAssetLoaderServi - Loading from file system: jar:file:///C:/Users/POO/.m2/repository/com/github/almasb/fxgl/21.1/fxgl-21.1.jar!/fxglassets/ui/css/fxgl_dark.css
09:03:35.852 [FXGL Background Thread 1 ] DEBUG GameApplicationServi - Initializing application scenes
09:03:35.880 [FXGL Background Thread 1 ] DEBUG GameWorld            - Game world initialized
09:03:35.921 [FXGL Background Thread 1 ] DEBUG PhysicsWorld         - Physics world initialized: appHeight=480, physics.ppm=50.0
09:03:35.921 [FXGL Background Thread 1 ] DEBUG PhysicsWorld         - Using strategy: BRUTE_FORCE
09:03:35.925 [FXGL Background Thread 1 ] DEBUG GameScene            - Game scene initialized: 640x480
09:03:35.934 [FXGL Background Thread 1 ] WARN  FXGL.DefaultMenu     - FXGLDefaultMenu is not designed for resolutions < 800x600
09:03:35.934 [FXGL Background Thread 1 ] DEBUG FXGL.DefaultMenu     - createMenuBodyGameMenu()
09:03:35.945 [FXGL Background Thread 1 ] DEBUG FXGL.DefaultMenu     - createOptionsMenu()
09:03:35.952 [FXGL Background Thread 1 ] DEBUG FXGLAssetLoaderServi - Loading from file system: jar:file:///C:/Users/POO/.m2/repository/com/github/almasb/fxgl/21.1/fxgl-21.1.jar!/fxglassets/textures/particles/smoke.png
09:03:36.016 [FXGL Background Thread 1 ] DEBUG FXGLAssetLoaderServi - Loading from file system: jar:file:///C:/Users/POO/.m2/repository/com/github/almasb/fxgl/21.1/fxgl-21.1.jar!/fxglassets/textures/particles/trace_horizontal.png
09:03:36.040 [FXGL Background Thread 1 ] DEBUG GameApplicationServi - Application scenes initialized
09:03:36.050 [FXGL Background Thread 1 ] DEBUG SystemBundleService  - Loading FXGL system data
09:03:36.053 [FXGL Background Thread 1 ] DEBUG FileSystemAccess     - Reading from: C:\Users\POO\intellij\Bakudun\system\fxgl.bundle
09:03:36.061 [FXGL Background Thread 1 ] DEBUG SystemBundleService  - Bundle FXGL: {}
09:03:36.061 [FXGL Background Thread 1 ] DEBUG UpdaterService       - Checking for updates
09:03:36.083 [FXGL Background Thread 4 ] DEBUG FXGLApplication      - Loading fonts
09:03:36.083 [FXGL Background Thread 1 ] DEBUG FXGLApplication      - Loading default localization
09:03:36.083 [FXGL Background Thread 4 ] DEBUG FXGLAssetLoaderServi - Loading from file system: jar:file:///C:/Users/POO/.m2/repository/com/github/almasb/fxgl/21.1/fxgl-21.1.jar!/fxglassets/ui/fonts/VarelaRound-Regular.ttf
09:03:36.084 [FXGL Background Thread 1 ] DEBUG FXGLAssetLoaderServi - Loading from file system: jar:file:///C:/Users/POO/.m2/repository/com/github/almasb/fxgl/21.1/fxgl-21.1.jar!/fxglassets/languages/english.lang
09:03:36.110 [FXGL Background Thread 1 ] INFO  FXGLApplication      - FXGL initialization took: 0.347 sec
09:03:36.118 [FXGL Background Thread 4 ] DEBUG FXGLAssetLoaderServi - Loading from file system: jar:file:///C:/Users/POO/.m2/repository/com/github/almasb/fxgl/21.1/fxgl-21.1.jar!/fxglassets/ui/fonts/Abel-Regular.ttf
09:03:36.119 [JavaFX Application Thread] DEBUG Input                - Registered new binding: Right - D
09:03:36.120 [JavaFX Application Thread] DEBUG Input                - Registered new binding: Left - A
09:03:36.120 [JavaFX Application Thread] DEBUG Input                - Registered new binding: Up - W
09:03:36.120 [JavaFX Application Thread] DEBUG Input                - Registered new binding: Down - S
09:03:36.120 [JavaFX Application Thread] DEBUG Input                - Registered new binding: Place Bomb - Space
09:03:36.120 [JavaFX Application Thread] DEBUG FXGLAssetLoaderServi - Loading from file system: jar:file:///C:/Users/POO/.m2/repository/com/github/almasb/fxgl/21.1/fxgl-21.1.jar!/fxglassets/textures/fxgl_icon.png
09:03:36.122 [FXGL Background Thread 4 ] DEBUG FXGLAssetLoaderServi - Loading from file system: jar:file:///C:/Users/POO/.m2/repository/com/github/almasb/fxgl/21.1/fxgl-21.1.jar!/fxglassets/ui/fonts/TerminalLandMono-Regular.otf
09:03:36.125 [FXGL Background Thread 4 ] DEBUG FXGLAssetLoaderServi - Loading from file system: jar:file:///C:/Users/POO/.m2/repository/com/github/almasb/fxgl/21.1/fxgl-21.1.jar!/fxglassets/ui/fonts/Courier-Prime.ttf
09:03:36.135 [JavaFX Application Thread] DEBUG FXGLAssetLoaderServi - Loading from file system: jar:file:///C:/Users/POO/.m2/repository/com/github/almasb/fxgl/21.1/fxgl-21.1.jar!/fxglassets/textures/fxgl_default_cursor.png
09:03:36.137 [JavaFX Application Thread] DEBUG Input                - Registered new binding: Screenshot - CTRL+8
09:03:36.138 [JavaFX Application Thread] DEBUG Input                - Registered new binding: Dev Options - 1
09:03:36.138 [JavaFX Application Thread] DEBUG Input                - Registered new binding: Dev Console - 2
09:03:36.139 [JavaFX Application Thread] DEBUG Input                - Registered new binding: System info dump - CTRL+9
09:03:36.139 [JavaFX Application Thread] DEBUG Input                - Registered new binding: Restart - CTRL+R
09:03:36.140 [JavaFX Application Thread] DEBUG Input                - Registered new binding: Toggle Debug Camera - CTRL+7
09:03:36.146 [JavaFX Application Thread] DEBUG LoopRunner           - Starting loop
09:03:36.164 [JavaFX Application Thread] DEBUG LoopRunner           - Initializing JavaFX AnimationTimerLoop
09:03:36.165 [JavaFX Application Thread] DEBUG GameApplicationServi - Starting new game
09:03:36.166 [JavaFX Application Thread] DEBUG Input                - Clearing active input actions
09:03:36.175 [JavaFX Application Thread] DEBUG GameApplicationServi - Removing overlay from FXGLStartupScene and adding to FXGLLoadingScene
09:03:36.178 [JavaFX Application Thread] DEBUG PrimaryStageWindow   - FXGLStartupScene -> FXGLLoadingScene
09:03:36.178 [JavaFX Application Thread] DEBUG GameApplicationServi - Clearing previous game
09:03:36.178 [JavaFX Application Thread] DEBUG GameScene            - Clearing game scene
09:03:36.178 [JavaFX Application Thread] DEBUG GameWorld            - Clearing game world
09:03:36.178 [JavaFX Application Thread] DEBUG PhysicsWorld         - Clearing physics world
09:03:36.179 [FXGL Background Thread 4 ] DEBUG FXGLApplication      - Initializing game
09:03:36.179 [JavaFX Application Thread] DEBUG FXGLApplication      - Registering font factories with UI factory
09:03:36.226 [FXGL Background Thread 4 ] WARN  TMXLevelLoader       - TiledMap generated from 1.11.2. Supported version: 1.9.0. Some features may not be parsed fully.
09:03:36.259 [FXGL Background Thread 4 ] DEBUG TMXLevelLoader       - Parsed TiledMap: file:/C:/Users/POO/intellij/Bakudun/target/classes/assets/levels/Map.tmx
09:03:36.260 [FXGL Background Thread 4 ] DEBUG TMXLevelLoader       - Creating tile layer entities
09:03:36.262 [FXGL Background Thread 4 ] DEBUG TilesetLoader        - Loading view for layer เลเยอร์ไทล์ 1
09:03:36.263 [FXGL Background Thread 4 ] DEBUG TilesetLoader        - Created buffer with size 640.0x480.0
09:03:36.270 [FXGL Background Thread 4 ] WARN  TilesetLoader        - Diagonally flipped tiles are not currently supported
09:03:36.280 [FXGL Background Thread 4 ] WARN  TilesetLoader        - Diagonally flipped tiles are not currently supported
09:03:36.289 [FXGL Background Thread 4 ] DEBUG TilesetLoader        - Loading view for layer WALL48
09:03:36.290 [FXGL Background Thread 4 ] DEBUG TilesetLoader        - Created buffer with size 640.0x480.0
09:03:36.290 [FXGL Background Thread 4 ] DEBUG TilesetLoader        - Loading view for layer WALL47
09:03:36.291 [FXGL Background Thread 4 ] DEBUG TilesetLoader        - Created buffer with size 640.0x480.0
09:03:36.292 [FXGL Background Thread 4 ] DEBUG TilesetLoader        - Loading view for layer WALL46
09:03:36.292 [FXGL Background Thread 4 ] DEBUG TilesetLoader        - Created buffer with size 640.0x480.0
09:03:36.292 [FXGL Background Thread 4 ] DEBUG TilesetLoader        - Loading view for layer WALL45
09:03:36.293 [FXGL Background Thread 4 ] DEBUG TilesetLoader        - Created buffer with size 640.0x480.0
09:03:36.293 [FXGL Background Thread 4 ] DEBUG TilesetLoader        - Loading view for layer WALL44
09:03:36.293 [FXGL Background Thread 4 ] DEBUG TilesetLoader        - Created buffer with size 640.0x480.0
09:03:36.294 [FXGL Background Thread 4 ] DEBUG TilesetLoader        - Loading view for layer WALL43
09:03:36.294 [FXGL Background Thread 4 ] DEBUG TilesetLoader        - Created buffer with size 640.0x480.0
09:03:36.294 [FXGL Background Thread 4 ] DEBUG TilesetLoader        - Loading view for layer WALL42
09:03:36.295 [FXGL Background Thread 4 ] DEBUG TilesetLoader        - Created buffer with size 640.0x480.0
09:03:36.295 [FXGL Background Thread 4 ] DEBUG TilesetLoader        - Loading view for layer WALL41
09:03:36.295 [FXGL Background Thread 4 ] DEBUG TilesetLoader        - Created buffer with size 640.0x480.0
09:03:36.296 [FXGL Background Thread 4 ] DEBUG TilesetLoader        - Loading view for layer WALL40
09:03:36.296 [FXGL Background Thread 4 ] DEBUG TilesetLoader        - Created buffer with size 640.0x480.0
09:03:36.296 [FXGL Background Thread 4 ] DEBUG TilesetLoader        - Loading view for layer WALL39
09:03:36.297 [FXGL Background Thread 4 ] DEBUG TilesetLoader        - Created buffer with size 640.0x480.0
09:03:36.297 [FXGL Background Thread 4 ] DEBUG TilesetLoader        - Loading view for layer WALL38
09:03:36.297 [FXGL Background Thread 4 ] DEBUG TilesetLoader        - Created buffer with size 640.0x480.0
09:03:36.298 [FXGL Background Thread 4 ] DEBUG TilesetLoader        - Loading view for layer WALL37
09:03:36.298 [FXGL Background Thread 4 ] DEBUG TilesetLoader        - Created buffer with size 640.0x480.0
09:03:36.298 [FXGL Background Thread 4 ] DEBUG TilesetLoader        - Loading view for layer WALL36
09:03:36.299 [FXGL Background Thread 4 ] DEBUG TilesetLoader        - Created buffer with size 640.0x480.0
09:03:36.299 [FXGL Background Thread 4 ] DEBUG TilesetLoader        - Loading view for layer WALL35
09:03:36.299 [FXGL Background Thread 4 ] DEBUG TilesetLoader        - Created buffer with size 640.0x480.0
09:03:36.299 [FXGL Background Thread 4 ] DEBUG TilesetLoader        - Loading view for layer WALL34
09:03:36.307 [FXGL Background Thread 4 ] DEBUG TilesetLoader        - Created buffer with size 640.0x480.0
09:03:36.308 [FXGL Background Thread 4 ] DEBUG TilesetLoader        - Loading view for layer WALL33
09:03:36.308 [FXGL Background Thread 4 ] DEBUG TilesetLoader        - Created buffer with size 640.0x480.0
09:03:36.308 [FXGL Background Thread 4 ] DEBUG TilesetLoader        - Loading view for layer WALL32
09:03:36.313 [FXGL Background Thread 4 ] DEBUG TilesetLoader        - Created buffer with size 640.0x480.0
09:03:36.314 [FXGL Background Thread 4 ] DEBUG TilesetLoader        - Loading view for layer WALL31
09:03:36.315 [FXGL Background Thread 4 ] DEBUG TilesetLoader        - Created buffer with size 640.0x480.0
09:03:36.315 [FXGL Background Thread 4 ] DEBUG TilesetLoader        - Loading view for layer WALL30
09:03:36.315 [FXGL Background Thread 4 ] DEBUG TilesetLoader        - Created buffer with size 640.0x480.0
09:03:36.316 [FXGL Background Thread 4 ] DEBUG TilesetLoader        - Loading view for layer WALL29
09:03:36.316 [FXGL Background Thread 4 ] DEBUG TilesetLoader        - Created buffer with size 640.0x480.0
09:03:36.316 [FXGL Background Thread 4 ] DEBUG TilesetLoader        - Loading view for layer WALL28
09:03:36.317 [FXGL Background Thread 4 ] DEBUG TilesetLoader        - Created buffer with size 640.0x480.0
09:03:36.317 [FXGL Background Thread 4 ] DEBUG TilesetLoader        - Loading view for layer WALL27
09:03:36.319 [FXGL Background Thread 4 ] DEBUG TilesetLoader        - Created buffer with size 640.0x480.0
09:03:36.320 [FXGL Background Thread 4 ] DEBUG TilesetLoader        - Loading view for layer WALL26
09:03:36.320 [FXGL Background Thread 4 ] DEBUG TilesetLoader        - Created buffer with size 640.0x480.0
09:03:36.321 [FXGL Background Thread 4 ] DEBUG TilesetLoader        - Loading view for layer WALL25
09:03:36.321 [FXGL Background Thread 4 ] DEBUG TilesetLoader        - Created buffer with size 640.0x480.0
09:03:36.322 [FXGL Background Thread 4 ] DEBUG TilesetLoader        - Loading view for layer WALL24
09:03:36.323 [FXGL Background Thread 4 ] DEBUG TilesetLoader        - Created buffer with size 640.0x480.0
09:03:36.324 [FXGL Background Thread 4 ] DEBUG TilesetLoader        - Loading view for layer WALL23
09:03:36.325 [FXGL Background Thread 4 ] DEBUG TilesetLoader        - Created buffer with size 640.0x480.0
09:03:36.325 [FXGL Background Thread 4 ] DEBUG TilesetLoader        - Loading view for layer WALL22
09:03:36.326 [FXGL Background Thread 4 ] DEBUG TilesetLoader        - Created buffer with size 640.0x480.0
09:03:36.326 [FXGL Background Thread 4 ] DEBUG TilesetLoader        - Loading view for layer WALL21
09:03:36.326 [FXGL Background Thread 4 ] DEBUG TilesetLoader        - Created buffer with size 640.0x480.0
09:03:36.327 [FXGL Background Thread 4 ] DEBUG TilesetLoader        - Loading view for layer WALL20
09:03:36.327 [FXGL Background Thread 4 ] DEBUG TilesetLoader        - Created buffer with size 640.0x480.0
09:03:36.328 [FXGL Background Thread 4 ] DEBUG TilesetLoader        - Loading view for layer WALL19
09:03:36.328 [FXGL Background Thread 4 ] DEBUG TilesetLoader        - Created buffer with size 640.0x480.0
09:03:36.328 [FXGL Background Thread 4 ] DEBUG TilesetLoader        - Loading view for layer WALL18
09:03:36.329 [FXGL Background Thread 4 ] DEBUG TilesetLoader        - Created buffer with size 640.0x480.0
09:03:36.329 [FXGL Background Thread 4 ] DEBUG TilesetLoader        - Loading view for layer WALL17
09:03:36.329 [FXGL Background Thread 4 ] DEBUG TilesetLoader        - Created buffer with size 640.0x480.0
09:03:36.330 [FXGL Background Thread 4 ] DEBUG TilesetLoader        - Loading view for layer WALL16
09:03:36.330 [FXGL Background Thread 4 ] DEBUG TilesetLoader        - Created buffer with size 640.0x480.0
09:03:36.332 [FXGL Background Thread 4 ] DEBUG TilesetLoader        - Loading view for layer WALL15
09:03:36.333 [FXGL Background Thread 4 ] DEBUG TilesetLoader        - Created buffer with size 640.0x480.0
09:03:36.333 [FXGL Background Thread 4 ] DEBUG TilesetLoader        - Loading view for layer WALL14
09:03:36.334 [FXGL Background Thread 4 ] DEBUG TilesetLoader        - Created buffer with size 640.0x480.0
09:03:36.334 [FXGL Background Thread 4 ] DEBUG TilesetLoader        - Loading view for layer WALL13
09:03:36.336 [FXGL Background Thread 4 ] DEBUG TilesetLoader        - Created buffer with size 640.0x480.0
09:03:36.337 [FXGL Background Thread 4 ] DEBUG TilesetLoader        - Loading view for layer WALL12
09:03:36.338 [FXGL Background Thread 4 ] DEBUG TilesetLoader        - Created buffer with size 640.0x480.0
09:03:36.338 [FXGL Background Thread 4 ] DEBUG TilesetLoader        - Loading view for layer WALL11
09:03:36.339 [FXGL Background Thread 4 ] DEBUG TilesetLoader        - Created buffer with size 640.0x480.0
09:03:36.339 [FXGL Background Thread 4 ] DEBUG TilesetLoader        - Loading view for layer WALL10
09:03:36.340 [FXGL Background Thread 4 ] DEBUG TilesetLoader        - Created buffer with size 640.0x480.0
09:03:36.340 [FXGL Background Thread 4 ] DEBUG TilesetLoader        - Loading view for layer WALL9
09:03:36.340 [FXGL Background Thread 4 ] DEBUG TilesetLoader        - Created buffer with size 640.0x480.0
09:03:36.341 [FXGL Background Thread 4 ] DEBUG TilesetLoader        - Loading view for layer WALL8
09:03:36.341 [FXGL Background Thread 4 ] DEBUG TilesetLoader        - Created buffer with size 640.0x480.0
09:03:36.342 [FXGL Background Thread 4 ] DEBUG TilesetLoader        - Loading view for layer WALL7
09:03:36.342 [FXGL Background Thread 4 ] DEBUG TilesetLoader        - Created buffer with size 640.0x480.0
09:03:36.342 [FXGL Background Thread 4 ] DEBUG TilesetLoader        - Loading view for layer WALL6
09:03:36.343 [FXGL Background Thread 4 ] DEBUG TilesetLoader        - Created buffer with size 640.0x480.0
09:03:36.343 [FXGL Background Thread 4 ] DEBUG TilesetLoader        - Loading view for layer WALL5
09:03:36.343 [FXGL Background Thread 4 ] DEBUG TilesetLoader        - Created buffer with size 640.0x480.0
09:03:36.344 [FXGL Background Thread 4 ] DEBUG TilesetLoader        - Loading view for layer WALL4
09:03:36.345 [FXGL Background Thread 4 ] DEBUG TilesetLoader        - Created buffer with size 640.0x480.0
09:03:36.346 [FXGL Background Thread 4 ] DEBUG TilesetLoader        - Loading view for layer WALL3
09:03:36.346 [FXGL Background Thread 4 ] DEBUG TilesetLoader        - Created buffer with size 640.0x480.0
09:03:36.347 [FXGL Background Thread 4 ] DEBUG TilesetLoader        - Loading view for layer WALL2
09:03:36.347 [FXGL Background Thread 4 ] DEBUG TilesetLoader        - Created buffer with size 640.0x480.0
09:03:36.348 [FXGL Background Thread 4 ] DEBUG TilesetLoader        - Loading view for layer WALL1
09:03:36.350 [FXGL Background Thread 4 ] DEBUG TilesetLoader        - Created buffer with size 640.0x480.0
09:03:36.351 [FXGL Background Thread 4 ] DEBUG TilesetLoader        - Loading view for layer เลเยอร์ไทล์ 2
09:03:36.351 [FXGL Background Thread 4 ] DEBUG TilesetLoader        - Created buffer with size 640.0x480.0
09:03:36.351 [FXGL Background Thread 4 ] DEBUG TilesetLoader        - Loading view for layer เลเยอร์ไทล์ 3
09:03:36.354 [FXGL Background Thread 4 ] DEBUG TilesetLoader        - Created buffer with size 640.0x480.0
09:03:36.354 [FXGL Background Thread 4 ] DEBUG TMXLevelLoader       - Creating object layer entities
09:03:36.374 [FXGL Background Thread 4 ] DEBUG FXGLAssetLoaderServi - Loading from file system: file:/C:/Users/POO/intellij/Bakudun/target/classes/assets/textures/Jim2.png
09:03:36.403 [FXGL Background Thread 4 ] WARN  TMXLevelLoader       - TiledMap generated from 1.11.2. Supported version: 1.9.0. Some features may not be parsed fully.
09:03:36.421 [FXGL Background Thread 4 ] DEBUG TMXLevelLoader       - Parsed TiledMap: file:/C:/Users/POO/intellij/Bakudun/target/classes/assets/levels/Map.tmx
09:03:36.421 [FXGL Background Thread 4 ] DEBUG TMXLevelLoader       - Creating tile layer entities
09:03:36.422 [FXGL Background Thread 4 ] DEBUG TilesetLoader        - Loading view for layer เลเยอร์ไทล์ 1
09:03:36.422 [FXGL Background Thread 4 ] DEBUG TilesetLoader        - Created buffer with size 640.0x480.0
09:03:36.428 [FXGL Background Thread 4 ] WARN  TilesetLoader        - Diagonally flipped tiles are not currently supported
09:03:36.435 [FXGL Background Thread 4 ] WARN  TilesetLoader        - Diagonally flipped tiles are not currently supported
09:03:36.444 [FXGL Background Thread 4 ] DEBUG TilesetLoader        - Loading view for layer WALL48
09:03:36.449 [FXGL Background Thread 4 ] DEBUG TilesetLoader        - Created buffer with size 640.0x480.0
09:03:36.450 [FXGL Background Thread 4 ] DEBUG TilesetLoader        - Loading view for layer WALL47
09:03:36.451 [FXGL Background Thread 4 ] DEBUG TilesetLoader        - Created buffer with size 640.0x480.0
09:03:36.451 [FXGL Background Thread 4 ] DEBUG TilesetLoader        - Loading view for layer WALL46
09:03:36.452 [FXGL Background Thread 4 ] DEBUG TilesetLoader        - Created buffer with size 640.0x480.0
09:03:36.452 [FXGL Background Thread 4 ] DEBUG TilesetLoader        - Loading view for layer WALL45
09:03:36.453 [FXGL Background Thread 4 ] DEBUG TilesetLoader        - Created buffer with size 640.0x480.0
09:03:36.453 [FXGL Background Thread 4 ] DEBUG TilesetLoader        - Loading view for layer WALL44
09:03:36.454 [FXGL Background Thread 4 ] DEBUG TilesetLoader        - Created buffer with size 640.0x480.0
09:03:36.454 [FXGL Background Thread 4 ] DEBUG TilesetLoader        - Loading view for layer WALL43
09:03:36.455 [FXGL Background Thread 4 ] DEBUG TilesetLoader        - Created buffer with size 640.0x480.0
09:03:36.455 [FXGL Background Thread 4 ] DEBUG TilesetLoader        - Loading view for layer WALL42
09:03:36.455 [FXGL Background Thread 4 ] DEBUG TilesetLoader        - Created buffer with size 640.0x480.0
09:03:36.456 [FXGL Background Thread 4 ] DEBUG TilesetLoader        - Loading view for layer WALL41
09:03:36.458 [FXGL Background Thread 4 ] DEBUG TilesetLoader        - Created buffer with size 640.0x480.0
09:03:36.459 [FXGL Background Thread 4 ] DEBUG TilesetLoader        - Loading view for layer WALL40
09:03:36.460 [FXGL Background Thread 4 ] DEBUG TilesetLoader        - Created buffer with size 640.0x480.0
09:03:36.462 [FXGL Background Thread 4 ] DEBUG TilesetLoader        - Loading view for layer WALL39
09:03:36.466 [FXGL Background Thread 4 ] DEBUG TilesetLoader        - Created buffer with size 640.0x480.0
09:03:36.468 [FXGL Background Thread 4 ] DEBUG TilesetLoader        - Loading view for layer WALL38
09:03:36.468 [FXGL Background Thread 4 ] DEBUG TilesetLoader        - Created buffer with size 640.0x480.0
09:03:36.468 [FXGL Background Thread 4 ] DEBUG TilesetLoader        - Loading view for layer WALL37
09:03:36.469 [FXGL Background Thread 4 ] DEBUG TilesetLoader        - Created buffer with size 640.0x480.0
09:03:36.469 [FXGL Background Thread 4 ] DEBUG TilesetLoader        - Loading view for layer WALL36
09:03:36.469 [FXGL Background Thread 4 ] DEBUG TilesetLoader        - Created buffer with size 640.0x480.0
09:03:36.469 [FXGL Background Thread 4 ] DEBUG TilesetLoader        - Loading view for layer WALL35
09:03:36.470 [FXGL Background Thread 4 ] DEBUG TilesetLoader        - Created buffer with size 640.0x480.0
09:03:36.470 [FXGL Background Thread 4 ] DEBUG TilesetLoader        - Loading view for layer WALL34
09:03:36.471 [FXGL Background Thread 4 ] DEBUG TilesetLoader        - Created buffer with size 640.0x480.0
09:03:36.471 [FXGL Background Thread 4 ] DEBUG TilesetLoader        - Loading view for layer WALL33
09:03:36.471 [FXGL Background Thread 4 ] DEBUG TilesetLoader        - Created buffer with size 640.0x480.0
09:03:36.472 [FXGL Background Thread 4 ] DEBUG TilesetLoader        - Loading view for layer WALL32
09:03:36.472 [FXGL Background Thread 4 ] DEBUG TilesetLoader        - Created buffer with size 640.0x480.0
09:03:36.472 [FXGL Background Thread 4 ] DEBUG TilesetLoader        - Loading view for layer WALL31
09:03:36.472 [FXGL Background Thread 4 ] DEBUG TilesetLoader        - Created buffer with size 640.0x480.0
09:03:36.473 [FXGL Background Thread 4 ] DEBUG TilesetLoader        - Loading view for layer WALL30
09:03:36.473 [FXGL Background Thread 4 ] DEBUG TilesetLoader        - Created buffer with size 640.0x480.0
09:03:36.473 [FXGL Background Thread 4 ] DEBUG TilesetLoader        - Loading view for layer WALL29
09:03:36.474 [FXGL Background Thread 4 ] DEBUG TilesetLoader        - Created buffer with size 640.0x480.0
09:03:36.474 [FXGL Background Thread 4 ] DEBUG TilesetLoader        - Loading view for layer WALL28
09:03:36.474 [FXGL Background Thread 4 ] DEBUG TilesetLoader        - Created buffer with size 640.0x480.0
09:03:36.474 [FXGL Background Thread 4 ] DEBUG TilesetLoader        - Loading view for layer WALL27
09:03:36.475 [FXGL Background Thread 4 ] DEBUG TilesetLoader        - Created buffer with size 640.0x480.0
09:03:36.475 [FXGL Background Thread 4 ] DEBUG TilesetLoader        - Loading view for layer WALL26
09:03:36.476 [FXGL Background Thread 4 ] DEBUG TilesetLoader        - Created buffer with size 640.0x480.0
09:03:36.476 [FXGL Background Thread 4 ] DEBUG TilesetLoader        - Loading view for layer WALL25
09:03:36.476 [FXGL Background Thread 4 ] DEBUG TilesetLoader        - Created buffer with size 640.0x480.0
09:03:36.477 [FXGL Background Thread 4 ] DEBUG TilesetLoader        - Loading view for layer WALL24
09:03:36.477 [FXGL Background Thread 4 ] DEBUG TilesetLoader        - Created buffer with size 640.0x480.0
09:03:36.477 [FXGL Background Thread 4 ] DEBUG TilesetLoader        - Loading view for layer WALL23
09:03:36.478 [FXGL Background Thread 4 ] DEBUG TilesetLoader        - Created buffer with size 640.0x480.0
09:03:36.478 [FXGL Background Thread 4 ] DEBUG TilesetLoader        - Loading view for layer WALL22
09:03:36.478 [FXGL Background Thread 4 ] DEBUG TilesetLoader        - Created buffer with size 640.0x480.0
09:03:36.478 [FXGL Background Thread 4 ] DEBUG TilesetLoader        - Loading view for layer WALL21
09:03:36.479 [FXGL Background Thread 4 ] DEBUG TilesetLoader        - Created buffer with size 640.0x480.0
09:03:36.479 [FXGL Background Thread 4 ] DEBUG TilesetLoader        - Loading view for layer WALL20
09:03:36.479 [FXGL Background Thread 4 ] DEBUG TilesetLoader        - Created buffer with size 640.0x480.0
09:03:36.480 [FXGL Background Thread 4 ] DEBUG TilesetLoader        - Loading view for layer WALL19
09:03:36.480 [FXGL Background Thread 4 ] DEBUG TilesetLoader        - Created buffer with size 640.0x480.0
09:03:36.480 [FXGL Background Thread 4 ] DEBUG TilesetLoader        - Loading view for layer WALL18
09:03:36.480 [FXGL Background Thread 4 ] DEBUG TilesetLoader        - Created buffer with size 640.0x480.0
09:03:36.481 [FXGL Background Thread 4 ] DEBUG TilesetLoader        - Loading view for layer WALL17
09:03:36.481 [FXGL Background Thread 4 ] DEBUG TilesetLoader        - Created buffer with size 640.0x480.0
09:03:36.481 [FXGL Background Thread 4 ] DEBUG TilesetLoader        - Loading view for layer WALL16
09:03:36.482 [FXGL Background Thread 4 ] DEBUG TilesetLoader        - Created buffer with size 640.0x480.0
09:03:36.482 [FXGL Background Thread 4 ] DEBUG TilesetLoader        - Loading view for layer WALL15
09:03:36.482 [FXGL Background Thread 4 ] DEBUG TilesetLoader        - Created buffer with size 640.0x480.0
09:03:36.482 [FXGL Background Thread 4 ] DEBUG TilesetLoader        - Loading view for layer WALL14
09:03:36.483 [FXGL Background Thread 4 ] DEBUG TilesetLoader        - Created buffer with size 640.0x480.0
09:03:36.483 [FXGL Background Thread 4 ] DEBUG TilesetLoader        - Loading view for layer WALL13
09:03:36.483 [FXGL Background Thread 4 ] DEBUG TilesetLoader        - Created buffer with size 640.0x480.0
09:03:36.484 [FXGL Background Thread 4 ] DEBUG TilesetLoader        - Loading view for layer WALL12
09:03:36.484 [FXGL Background Thread 4 ] DEBUG TilesetLoader        - Created buffer with size 640.0x480.0
09:03:36.484 [FXGL Background Thread 4 ] DEBUG TilesetLoader        - Loading view for layer WALL11
09:03:36.484 [FXGL Background Thread 4 ] DEBUG TilesetLoader        - Created buffer with size 640.0x480.0
09:03:36.485 [FXGL Background Thread 4 ] DEBUG TilesetLoader        - Loading view for layer WALL10
09:03:36.485 [FXGL Background Thread 4 ] DEBUG TilesetLoader        - Created buffer with size 640.0x480.0
09:03:36.485 [FXGL Background Thread 4 ] DEBUG TilesetLoader        - Loading view for layer WALL9
09:03:36.486 [FXGL Background Thread 4 ] DEBUG TilesetLoader        - Created buffer with size 640.0x480.0
09:03:36.486 [FXGL Background Thread 4 ] DEBUG TilesetLoader        - Loading view for layer WALL8
09:03:36.486 [FXGL Background Thread 4 ] DEBUG TilesetLoader        - Created buffer with size 640.0x480.0
09:03:36.486 [FXGL Background Thread 4 ] DEBUG TilesetLoader        - Loading view for layer WALL7
09:03:36.487 [FXGL Background Thread 4 ] DEBUG TilesetLoader        - Created buffer with size 640.0x480.0
09:03:36.487 [FXGL Background Thread 4 ] DEBUG TilesetLoader        - Loading view for layer WALL6
09:03:36.488 [FXGL Background Thread 4 ] DEBUG TilesetLoader        - Created buffer with size 640.0x480.0
09:03:36.488 [FXGL Background Thread 4 ] DEBUG TilesetLoader        - Loading view for layer WALL5
09:03:36.488 [FXGL Background Thread 4 ] DEBUG TilesetLoader        - Created buffer with size 640.0x480.0
09:03:36.489 [FXGL Background Thread 4 ] DEBUG TilesetLoader        - Loading view for layer WALL4
09:03:36.489 [FXGL Background Thread 4 ] DEBUG TilesetLoader        - Created buffer with size 640.0x480.0
09:03:36.489 [FXGL Background Thread 4 ] DEBUG TilesetLoader        - Loading view for layer WALL3
09:03:36.490 [FXGL Background Thread 4 ] DEBUG TilesetLoader        - Created buffer with size 640.0x480.0
09:03:36.490 [FXGL Background Thread 4 ] DEBUG TilesetLoader        - Loading view for layer WALL2
09:03:36.490 [FXGL Background Thread 4 ] DEBUG TilesetLoader        - Created buffer with size 640.0x480.0
09:03:36.490 [FXGL Background Thread 4 ] DEBUG TilesetLoader        - Loading view for layer WALL1
09:03:36.491 [FXGL Background Thread 4 ] DEBUG TilesetLoader        - Created buffer with size 640.0x480.0
09:03:36.491 [FXGL Background Thread 4 ] DEBUG TilesetLoader        - Loading view for layer เลเยอร์ไทล์ 2
09:03:36.491 [FXGL Background Thread 4 ] DEBUG TilesetLoader        - Created buffer with size 640.0x480.0
09:03:36.492 [FXGL Background Thread 4 ] DEBUG TilesetLoader        - Loading view for layer เลเยอร์ไทล์ 3
09:03:36.493 [FXGL Background Thread 4 ] DEBUG TilesetLoader        - Created buffer with size 640.0x480.0
09:03:36.493 [FXGL Background Thread 4 ] DEBUG TMXLevelLoader       - Creating object layer entities
09:03:36.504 [FXGL Background Thread 4 ] DEBUG GameWorld            - Clearing removable entities
09:03:36.505 [FXGL Background Thread 4 ] DEBUG GameWorld            - Setting level: com.almasb.fxgl.entity.level.Level@5ffc3f89
09:03:36.515 [FXGL Background Thread 4 ] INFO  FXGLApplication      - Game initialization took: 0.336 sec
09:03:36.590 [JavaFX Application Thread] DEBUG Input                - Clearing active input actions
09:03:36.600 [JavaFX Application Thread] DEBUG GameApplicationServi - Removing overlay from FXGLLoadingScene and adding to GameScene
09:03:36.604 [JavaFX Application Thread] DEBUG PrimaryStageWindow   - FXGLLoadingScene -> GameScene
09:03:37.204 [JavaFX Application Thread] WARN  Entity               - Entity already has component: com.almasb.fxgl.physics.PhysicsComponent
09:03:37.206 [JavaFX Application Thread] DEBUG FXGLAssetLoaderServi - Loading from file system: file:/C:/Users/POO/intellij/Bakudun/target/classes/assets/textures/bombball.png
09:03:37.208 [JavaFX Application Thread] DEBUG FXGLAssetLoaderServi - Loading from file system: file:/C:/Users/POO/intellij/Bakudun/target/classes/assets/textures/bombblast.png
09:03:37.435 [JavaFX Application Thread] WARN  Entity               - Entity already has component: com.almasb.fxgl.physics.PhysicsComponent
09:03:37.633 [JavaFX Application Thread] WARN  Entity               - Entity already has component: com.almasb.fxgl.physics.PhysicsComponent
09:03:39.082 [FXGL Background Thread 3 ] DEBUG Engine               - Logging environment variables
09:03:39.082 [FXGL Background Thread 3 ] DEBUG Engine               - achievements: []
09:03:39.082 [FXGL Background Thread 3 ] DEBUG Engine               - actualHeight: 480.0
09:03:39.082 [FXGL Background Thread 3 ] DEBUG Engine               - actualHeightProperty: ReadOnlyDoubleProperty [value: 480.0]
09:03:39.082 [FXGL Background Thread 3 ] DEBUG Engine               - actualWidth: 640.0
09:03:39.082 [FXGL Background Thread 3 ] DEBUG Engine               - actualWidthProperty: ReadOnlyDoubleProperty [value: 640.0]
09:03:39.082 [FXGL Background Thread 3 ] DEBUG Engine               - appIcon: fxgl_icon.png
09:03:39.083 [FXGL Background Thread 3 ] DEBUG Engine               - applicationMode: DEVELOPER
09:03:39.083 [FXGL Background Thread 3 ] DEBUG Engine               - cSSList: [fxgl_dark.css]
09:03:39.083 [FXGL Background Thread 3 ] DEBUG Engine               - collisionDetectionStrategy: BRUTE_FORCE
09:03:39.083 [FXGL Background Thread 3 ] DEBUG Engine               - configClass: Optional.empty
09:03:39.083 [FXGL Background Thread 3 ] DEBUG Engine               - credits: []
09:03:39.083 [FXGL Background Thread 3 ] DEBUG Engine               - defaultCursor: CursorInfo(imageName=fxgl_default_cursor.png, hotspotX=7.0, hotspotY=6.0)
09:03:39.083 [FXGL Background Thread 3 ] DEBUG Engine               - devBBoxColorProperty: ObjectProperty [value: 0xff0000ff]
09:03:39.083 [FXGL Background Thread 3 ] DEBUG Engine               - devEnableDebugCameraProperty: BooleanProperty [value: false]
09:03:39.083 [FXGL Background Thread 3 ] DEBUG Engine               - devSensorColorProperty: ObjectProperty [value: 0xffff00ff]
09:03:39.083 [FXGL Background Thread 3 ] DEBUG Engine               - devShowBBoxProperty: BooleanProperty [value: false]
09:03:39.083 [FXGL Background Thread 3 ] DEBUG Engine               - devShowPositionProperty: BooleanProperty [value: false]
09:03:39.083 [FXGL Background Thread 3 ] DEBUG Engine               - enabledMenuItems: []
09:03:39.083 [FXGL Background Thread 3 ] DEBUG Engine               - engineServices: [class com.almasb.fxgl.app.services.FXGLAssetLoaderService, class com.almasb.fxgl.app.FXGLApplication$GameApplicationService, class com.almasb.fxgl.app.services.FXGLDialogService, class com.almasb.fxgl.app.services.IOTaskExecutorService, class com.almasb.fxgl.io.FileSystemService, class com.almasb.fxgl.localization.LocalizationService, class com.almasb.fxgl.app.services.SystemBundleService, class com.almasb.fxgl.profile.SaveLoadService, class com.almasb.fxgl.ui.FXGLUIFactoryServiceProvider, class com.almasb.fxgl.ui.FXGLDialogFactoryServiceProvider, class com.almasb.fxgl.audio.AudioPlayer, class com.almasb.fxgl.notification.impl.NotificationServiceProvider, class com.almasb.fxgl.achievement.AchievementService, class com.almasb.fxgl.cutscene.CutsceneService, class com.almasb.fxgl.minigames.MiniGameService, class com.almasb.fxgl.net.NetService, class com.almasb.fxgl.app.services.UpdaterService, class com.almasb.fxgl.dev.DevService]
09:03:39.083 [FXGL Background Thread 3 ] DEBUG Engine               - fontGame: Abel-Regular.ttf
09:03:39.083 [FXGL Background Thread 3 ] DEBUG Engine               - fontMono: TerminalLandMono-Regular.otf
09:03:39.083 [FXGL Background Thread 3 ] DEBUG Engine               - fontSizeScaleUI: 1.0
09:03:39.083 [FXGL Background Thread 3 ] DEBUG Engine               - fontText: Courier-Prime.ttf
09:03:39.083 [FXGL Background Thread 3 ] DEBUG Engine               - fontUI: VarelaRound-Regular.ttf
09:03:39.084 [FXGL Background Thread 3 ] DEBUG Engine               - fullScreen: BooleanProperty [value: false]
09:03:39.084 [FXGL Background Thread 3 ] DEBUG Engine               - gameDifficulty: MEDIUM
09:03:39.084 [FXGL Background Thread 3 ] DEBUG Engine               - gameDifficultyProperty: ObjectProperty [value: MEDIUM]
09:03:39.084 [FXGL Background Thread 3 ] DEBUG Engine               - globalMusicVolume: 0.5
09:03:39.084 [FXGL Background Thread 3 ] DEBUG Engine               - globalMusicVolumeProperty: DoubleProperty [value: 0.5]
09:03:39.084 [FXGL Background Thread 3 ] DEBUG Engine               - globalSoundVolume: 0.5
09:03:39.084 [FXGL Background Thread 3 ] DEBUG Engine               - globalSoundVolumeProperty: DoubleProperty [value: 0.5]
09:03:39.084 [FXGL Background Thread 3 ] DEBUG Engine               - height: 480
09:03:39.084 [FXGL Background Thread 3 ] DEBUG Engine               - is3D: false
09:03:39.084 [FXGL Background Thread 3 ] DEBUG Engine               - isAndroid: false
09:03:39.084 [FXGL Background Thread 3 ] DEBUG Engine               - isBrowser: false
09:03:39.084 [FXGL Background Thread 3 ] DEBUG Engine               - isClickFeedbackEnabled: false
09:03:39.084 [FXGL Background Thread 3 ] DEBUG Engine               - isCloseConfirmation: false
09:03:39.084 [FXGL Background Thread 3 ] DEBUG Engine               - isDesktop: true
09:03:39.084 [FXGL Background Thread 3 ] DEBUG Engine               - isDeveloperMenuEnabled: true
09:03:39.084 [FXGL Background Thread 3 ] DEBUG Engine               - isEmbedded: false
09:03:39.084 [FXGL Background Thread 3 ] DEBUG Engine               - isEntityPreloadEnabled: true
09:03:39.084 [FXGL Background Thread 3 ] DEBUG Engine               - isExperimentalTiledLargeMap: false
09:03:39.084 [FXGL Background Thread 3 ] DEBUG Engine               - isFileSystemWriteAllowed: true
09:03:39.084 [FXGL Background Thread 3 ] DEBUG Engine               - isFullScreenAllowed: false
09:03:39.084 [FXGL Background Thread 3 ] DEBUG Engine               - isFullScreenFromStart: false
09:03:39.084 [FXGL Background Thread 3 ] DEBUG Engine               - isGameMenuEnabled: true
09:03:39.084 [FXGL Background Thread 3 ] DEBUG Engine               - isIOS: false
09:03:39.084 [FXGL Background Thread 3 ] DEBUG Engine               - isIntroEnabled: false
09:03:39.084 [FXGL Background Thread 3 ] DEBUG Engine               - isLinux: false
09:03:39.084 [FXGL Background Thread 3 ] DEBUG Engine               - isMac: false
09:03:39.084 [FXGL Background Thread 3 ] DEBUG Engine               - isMainMenuEnabled: false
09:03:39.084 [FXGL Background Thread 3 ] DEBUG Engine               - isManualResizeEnabled: false
09:03:39.084 [FXGL Background Thread 3 ] DEBUG Engine               - isMobile: false
09:03:39.084 [FXGL Background Thread 3 ] DEBUG Engine               - isNative: false
09:03:39.084 [FXGL Background Thread 3 ] DEBUG Engine               - isPauseMusicWhenMinimized: true
09:03:39.084 [FXGL Background Thread 3 ] DEBUG Engine               - isPreserveResizeRatio: false
09:03:39.084 [FXGL Background Thread 3 ] DEBUG Engine               - isProfilingEnabled: false
09:03:39.084 [FXGL Background Thread 3 ] DEBUG Engine               - isScaleAffectedOnResize: true
09:03:39.084 [FXGL Background Thread 3 ] DEBUG Engine               - isSingleStep: false
09:03:39.084 [FXGL Background Thread 3 ] DEBUG Engine               - isUserProfileEnabled: false
09:03:39.084 [FXGL Background Thread 3 ] DEBUG Engine               - isWindows: true
09:03:39.084 [FXGL Background Thread 3 ] DEBUG Engine               - language: ObjectProperty [value: ENGLISH]
09:03:39.085 [FXGL Background Thread 3 ] DEBUG Engine               - menuKey: ESCAPE
09:03:39.085 [FXGL Background Thread 3 ] DEBUG Engine               - mouseSensitivity: 0.2
09:03:39.085 [FXGL Background Thread 3 ] DEBUG Engine               - notificationViewClass: class com.almasb.fxgl.notification.view.XboxNotificationView
09:03:39.085 [FXGL Background Thread 3 ] DEBUG Engine               - pixelsPerMeter: 50.0
09:03:39.085 [FXGL Background Thread 3 ] DEBUG Engine               - platform: WINDOWS
09:03:39.085 [FXGL Background Thread 3 ] DEBUG Engine               - prefHeightProperty: ReadOnlyDoubleProperty [value: 480.0]
09:03:39.085 [FXGL Background Thread 3 ] DEBUG Engine               - prefWidthProperty: ReadOnlyDoubleProperty [value: 640.0]
09:03:39.085 [FXGL Background Thread 3 ] DEBUG Engine               - profileDir: profiles/
09:03:39.085 [FXGL Background Thread 3 ] DEBUG Engine               - profileName: StringProperty [value: DEFAULT]
09:03:39.085 [FXGL Background Thread 3 ] DEBUG Engine               - randomSeed: -1
09:03:39.085 [FXGL Background Thread 3 ] DEBUG Engine               - runtimeInfo: RuntimeInfo(platform=WINDOWS, version=21.1, build=27.03.2024 07.52)
09:03:39.085 [FXGL Background Thread 3 ] DEBUG Engine               - saveFileExt: sav
09:03:39.085 [FXGL Background Thread 3 ] DEBUG Engine               - scaledHeightProp$fxgl: DoubleProperty [bound, value: 480.0]
09:03:39.085 [FXGL Background Thread 3 ] DEBUG Engine               - scaledWidthProp$fxgl: DoubleProperty [bound, value: 640.0]
09:03:39.085 [FXGL Background Thread 3 ] DEBUG Engine               - sceneFactory: com.almasb.fxgl.app.scene.SceneFactory@446b0f49
09:03:39.085 [FXGL Background Thread 3 ] DEBUG Engine               - secondsIn24h: 60
09:03:39.085 [FXGL Background Thread 3 ] DEBUG Engine               - soundMenuBack: menu/back.wav
09:03:39.085 [FXGL Background Thread 3 ] DEBUG Engine               - soundMenuPress: menu/press.wav
09:03:39.085 [FXGL Background Thread 3 ] DEBUG Engine               - soundMenuSelect: menu/select.wav
09:03:39.086 [FXGL Background Thread 3 ] DEBUG Engine               - soundNotification: core/notification.wav
09:03:39.086 [FXGL Background Thread 3 ] DEBUG Engine               - stageStyle: DECORATED
09:03:39.086 [FXGL Background Thread 3 ] DEBUG Engine               - supportedLanguages: [ENGLISH, FRENCH, GERMAN, HUNGARIAN, RUSSIAN]
09:03:39.086 [FXGL Background Thread 3 ] DEBUG Engine               - ticksPerSecond: -1
09:03:39.086 [FXGL Background Thread 3 ] DEBUG Engine               - title: BomberMan
09:03:39.086 [FXGL Background Thread 3 ] DEBUG Engine               - urlGithub: https://github.com/AlmasB/FXGL
09:03:39.086 [FXGL Background Thread 3 ] DEBUG Engine               - urlLeaderboard: http://fxgl-top.herokuapp.com/
09:03:39.086 [FXGL Background Thread 3 ] DEBUG Engine               - urlPOM: https://raw.githubusercontent.com/AlmasB/FXGL/release/README.md
09:03:39.086 [FXGL Background Thread 3 ] DEBUG Engine               - userAppClass: class me.pooh.bakudun.App
09:03:39.086 [FXGL Background Thread 3 ] DEBUG Engine               - version: 0.1
09:03:39.086 [FXGL Background Thread 3 ] DEBUG Engine               - versionCheckDays: 7
09:03:39.086 [FXGL Background Thread 3 ] DEBUG Engine               - width: 640
09:03:39.086 [FXGL Background Thread 3 ] DEBUG Engine               - Logging services
09:03:39.086 [FXGL Background Thread 3 ] DEBUG Engine               - class com.almasb.fxgl.app.services.FXGLAssetLoaderService
09:03:39.086 [FXGL Background Thread 3 ] DEBUG Engine               - class com.almasb.fxgl.app.FXGLApplication$GameApplicationService
09:03:39.086 [FXGL Background Thread 3 ] DEBUG Engine               - class com.almasb.fxgl.app.services.FXGLDialogService
09:03:39.086 [FXGL Background Thread 3 ] DEBUG Engine               - class com.almasb.fxgl.app.services.IOTaskExecutorService
09:03:39.086 [FXGL Background Thread 3 ] DEBUG Engine               - class com.almasb.fxgl.io.FileSystemService
09:03:39.086 [FXGL Background Thread 3 ] DEBUG Engine               - class com.almasb.fxgl.localization.LocalizationService
09:03:39.086 [FXGL Background Thread 3 ] DEBUG Engine               - class com.almasb.fxgl.app.services.SystemBundleService
09:03:39.086 [FXGL Background Thread 3 ] DEBUG Engine               - class com.almasb.fxgl.profile.SaveLoadService
09:03:39.086 [FXGL Background Thread 3 ] DEBUG Engine               - class com.almasb.fxgl.ui.FXGLUIFactoryServiceProvider
09:03:39.086 [FXGL Background Thread 3 ] DEBUG Engine               - class com.almasb.fxgl.ui.FXGLDialogFactoryServiceProvider
09:03:39.086 [FXGL Background Thread 3 ] DEBUG Engine               - class com.almasb.fxgl.audio.AudioPlayer
09:03:39.086 [FXGL Background Thread 3 ] DEBUG Engine               - class com.almasb.fxgl.notification.impl.NotificationServiceProvider
09:03:39.086 [FXGL Background Thread 3 ] DEBUG Engine               - class com.almasb.fxgl.achievement.AchievementService
09:03:39.086 [FXGL Background Thread 3 ] DEBUG Engine               - class com.almasb.fxgl.cutscene.CutsceneService
09:03:39.086 [FXGL Background Thread 3 ] DEBUG Engine               - class com.almasb.fxgl.minigames.MiniGameService
09:03:39.086 [FXGL Background Thread 3 ] DEBUG Engine               - class com.almasb.fxgl.net.NetService
09:03:39.086 [FXGL Background Thread 3 ] DEBUG Engine               - class com.almasb.fxgl.app.services.UpdaterService
09:03:39.086 [FXGL Background Thread 3 ] DEBUG Engine               - class com.almasb.fxgl.dev.DevService
09:03:40.321 [JavaFX Application Thread] WARN  Entity               - Entity already has component: com.almasb.fxgl.physics.PhysicsComponent
09:03:40.526 [JavaFX Application Thread] WARN  Entity               - Entity already has component: com.almasb.fxgl.physics.PhysicsComponent
09:03:40.723 [JavaFX Application Thread] WARN  Entity               - Entity already has component: com.almasb.fxgl.physics.PhysicsComponent
09:03:43.684 [JavaFX Application Thread] WARN  Entity               - Entity already has component: com.almasb.fxgl.physics.PhysicsComponent
09:03:43.930 [JavaFX Application Thread] WARN  Entity               - Entity already has component: com.almasb.fxgl.physics.PhysicsComponent
09:03:44.138 [JavaFX Application Thread] WARN  Entity               - Entity already has component: com.almasb.fxgl.physics.PhysicsComponent
09:03:49.842 [JavaFX Application Thread] WARN  Entity               - Entity already has component: com.almasb.fxgl.physics.PhysicsComponent
09:03:50.032 [JavaFX Application Thread] WARN  Entity               - Entity already has component: com.almasb.fxgl.physics.PhysicsComponent
09:03:50.272 [JavaFX Application Thread] WARN  Entity               - Entity already has component: com.almasb.fxgl.physics.PhysicsComponent
09:04:02.089 [JavaFX Application Thread] WARN  Entity               - Entity already has component: com.almasb.fxgl.physics.PhysicsComponent
09:04:02.309 [JavaFX Application Thread] WARN  Entity               - Entity already has component: com.almasb.fxgl.physics.PhysicsComponent
09:04:02.532 [JavaFX Application Thread] WARN  Entity               - Entity already has component: com.almasb.fxgl.physics.PhysicsComponent
09:04:05.153 [JavaFX Application Thread] WARN  Entity               - Entity already has component: com.almasb.fxgl.physics.PhysicsComponent
09:04:05.379 [JavaFX Application Thread] WARN  Entity               - Entity already has component: com.almasb.fxgl.physics.PhysicsComponent
09:04:05.597 [JavaFX Application Thread] WARN  Entity               - Entity already has component: com.almasb.fxgl.physics.PhysicsComponent
09:04:09.562 [JavaFX Application Thread] WARN  Entity               - Entity already has component: com.almasb.fxgl.physics.PhysicsComponent
09:04:09.783 [JavaFX Application Thread] WARN  Entity               - Entity already has component: com.almasb.fxgl.physics.PhysicsComponent
09:04:10.026 [JavaFX Application Thread] WARN  Entity               - Entity already has component: com.almasb.fxgl.physics.PhysicsComponent
09:04:14.068 [JavaFX Application Thread] DEBUG FXGLApplication      - Exiting FXGL
09:04:14.068 [JavaFX Application Thread] DEBUG LoopRunner           - Stopping loop
09:04:14.068 [JavaFX Application Thread] DEBUG SystemBundleService  - Saving FXGL system data
09:04:14.070 [JavaFX Application Thread] DEBUG FileSystemAccess     - Writing to: C:\Users\POO\intellij\Bakudun\system\fxgl.bundle
09:04:14.072 [JavaFX Application Thread] DEBUG Async                - Shutting down background threads
09:04:14.072 [JavaFX Application Thread] DEBUG PrimaryStageWindow   - Closing main window
09:04:14.085 [JavaFX Application Thread] DEBUG Logger               - Closing Logger
