14:43:28.321 [main                     ] DEBUG Logger               - Configured Logger
14:43:28.341 [main                     ] DEBUG GameApplication      - Logging settings
Title: BomberMan
Version: 0.1
Width: 640
Height: 480
Fullscreen: false
Intro: false
Profiling: false
Single step:false
App Mode: DEVELOPER
Menu Key: ESCAPE
Stage Style: DECORATED
Scene Factory: class com.almasb.fxgl.app.scene.SceneFactory

14:43:28.883 [JavaFX Application Thread] DEBUG FXGLApplication      - Initializing FXGL
14:43:28.886 [JavaFX Application Thread] INFO  Engine               - FXGL-21.1 (27.03.2024 07.52) on WINDOWS (J:21.0.2 FX:21.0.1)
14:43:28.886 [JavaFX Application Thread] DEBUG Engine               - JRE Vendor Name: Eclipse Adoptium
14:43:28.886 [JavaFX Application Thread] DEBUG Engine               - Running on OS: Windows 11 version 10.0
14:43:28.887 [JavaFX Application Thread] DEBUG Engine               - Architecture: amd64
14:43:28.887 [JavaFX Application Thread] INFO  Engine               - Source code and latest versions at: https://github.com/AlmasB/FXGL
14:43:28.887 [JavaFX Application Thread] INFO  Engine               -       Ask questions and discuss at: https://github.com/AlmasB/FXGL/discussions
14:43:28.887 [JavaFX Application Thread] INFO  Engine               -              Join the FXGL chat at: https://gitter.im/AlmasB/FXGL
14:43:28.954 [JavaFX Application Thread] DEBUG PrimaryStageWindow   - Creating a JavaFX scene
14:43:28.993 [JavaFX Application Thread] DEBUG PrimaryStageWindow   - Target settings size: 640.0 x 480.0
14:43:28.993 [JavaFX Application Thread] DEBUG PrimaryStageWindow   - Scaled scene size:    640.0 x 480.0
14:43:28.993 [JavaFX Application Thread] DEBUG PrimaryStageWindow   - Scaled ratio: (1.0, 1.0)
14:43:28.994 [JavaFX Application Thread] DEBUG PrimaryStageWindow   - Set initial scene to FXGLStartupScene
14:43:28.996 [JavaFX Application Thread] DEBUG PrimaryStageWindow   - Opening main window
14:43:29.086 [JavaFX Application Thread] DEBUG PrimaryStageWindow   - Window border size: (14.4000244140625, 37.5999755859375)
14:43:29.086 [JavaFX Application Thread] DEBUG PrimaryStageWindow   - Scaled size: 640.0 x 480.0
14:43:29.086 [JavaFX Application Thread] DEBUG PrimaryStageWindow   - Scaled ratio: (1.0, 1.0)
14:43:29.087 [JavaFX Application Thread] DEBUG PrimaryStageWindow   - Scene size: 640.0 x 480.0
14:43:29.087 [JavaFX Application Thread] DEBUG PrimaryStageWindow   - Stage size: 654.4000244140625 x 517.5999755859375
14:43:29.095 [FXGL Background Thread 1 ] DEBUG Engine               - Initializing environment variables
14:43:29.151 [FXGL Background Thread 1 ] DEBUG FXGLAssetLoaderServi - User app class for loading assets: class me.pooh.bakudun.App
14:43:29.152 [FXGL Background Thread 1 ] DEBUG GameApplicationServi - Applying CSS: fxgl_dark.css
14:43:29.152 [FXGL Background Thread 1 ] DEBUG FXGLAssetLoaderServi - Loading from file system: jar:file:///C:/Users/POO/.m2/repository/com/github/almasb/fxgl/21.1/fxgl-21.1.jar!/fxglassets/ui/css/fxgl_dark.css
14:43:29.193 [FXGL Background Thread 1 ] DEBUG GameApplicationServi - Initializing application scenes
14:43:29.225 [FXGL Background Thread 1 ] DEBUG GameWorld            - Game world initialized
14:43:29.274 [FXGL Background Thread 1 ] DEBUG PhysicsWorld         - Physics world initialized: appHeight=480, physics.ppm=50.0
14:43:29.274 [FXGL Background Thread 1 ] DEBUG PhysicsWorld         - Using strategy: BRUTE_FORCE
14:43:29.277 [FXGL Background Thread 1 ] DEBUG GameScene            - Game scene initialized: 640x480
14:43:29.288 [FXGL Background Thread 1 ] WARN  FXGL.DefaultMenu     - FXGLDefaultMenu is not designed for resolutions < 800x600
14:43:29.288 [FXGL Background Thread 1 ] DEBUG FXGL.DefaultMenu     - createMenuBodyGameMenu()
14:43:29.297 [FXGL Background Thread 1 ] DEBUG FXGL.DefaultMenu     - createOptionsMenu()
14:43:29.305 [FXGL Background Thread 1 ] DEBUG FXGLAssetLoaderServi - Loading from file system: jar:file:///C:/Users/POO/.m2/repository/com/github/almasb/fxgl/21.1/fxgl-21.1.jar!/fxglassets/textures/particles/smoke.png
14:43:29.370 [FXGL Background Thread 1 ] DEBUG FXGLAssetLoaderServi - Loading from file system: jar:file:///C:/Users/POO/.m2/repository/com/github/almasb/fxgl/21.1/fxgl-21.1.jar!/fxglassets/textures/particles/trace_horizontal.png
14:43:29.394 [FXGL Background Thread 1 ] DEBUG GameApplicationServi - Application scenes initialized
14:43:29.405 [FXGL Background Thread 1 ] DEBUG SystemBundleService  - Loading FXGL system data
14:43:29.408 [FXGL Background Thread 1 ] DEBUG FileSystemAccess     - Reading from: C:\Users\POO\intellij\Bakudun\system\fxgl.bundle
14:43:29.417 [FXGL Background Thread 1 ] DEBUG SystemBundleService  - Bundle FXGL: {}
14:43:29.417 [FXGL Background Thread 1 ] DEBUG UpdaterService       - Checking for updates
14:43:29.438 [FXGL Background Thread 4 ] DEBUG FXGLApplication      - Loading fonts
14:43:29.438 [FXGL Background Thread 4 ] DEBUG FXGLAssetLoaderServi - Loading from file system: jar:file:///C:/Users/POO/.m2/repository/com/github/almasb/fxgl/21.1/fxgl-21.1.jar!/fxglassets/ui/fonts/VarelaRound-Regular.ttf
14:43:29.439 [FXGL Background Thread 1 ] DEBUG FXGLApplication      - Loading default localization
14:43:29.439 [FXGL Background Thread 1 ] DEBUG FXGLAssetLoaderServi - Loading from file system: jar:file:///C:/Users/POO/.m2/repository/com/github/almasb/fxgl/21.1/fxgl-21.1.jar!/fxglassets/languages/english.lang
14:43:29.458 [FXGL Background Thread 1 ] INFO  FXGLApplication      - FXGL initialization took: 0.362 sec
14:43:29.468 [JavaFX Application Thread] DEBUG Input                - Registered new binding: Right - D
14:43:29.468 [JavaFX Application Thread] DEBUG Input                - Registered new binding: Left - A
14:43:29.468 [JavaFX Application Thread] DEBUG Input                - Registered new binding: Up - W
14:43:29.468 [FXGL Background Thread 4 ] DEBUG FXGLAssetLoaderServi - Loading from file system: jar:file:///C:/Users/POO/.m2/repository/com/github/almasb/fxgl/21.1/fxgl-21.1.jar!/fxglassets/ui/fonts/Abel-Regular.ttf
14:43:29.468 [JavaFX Application Thread] DEBUG Input                - Registered new binding: Down - S
14:43:29.468 [JavaFX Application Thread] DEBUG Input                - Registered new binding: Place Bomb - Space
14:43:29.469 [JavaFX Application Thread] DEBUG FXGLAssetLoaderServi - Loading from file system: jar:file:///C:/Users/POO/.m2/repository/com/github/almasb/fxgl/21.1/fxgl-21.1.jar!/fxglassets/textures/fxgl_icon.png
14:43:29.471 [FXGL Background Thread 4 ] DEBUG FXGLAssetLoaderServi - Loading from file system: jar:file:///C:/Users/POO/.m2/repository/com/github/almasb/fxgl/21.1/fxgl-21.1.jar!/fxglassets/ui/fonts/TerminalLandMono-Regular.otf
14:43:29.475 [FXGL Background Thread 4 ] DEBUG FXGLAssetLoaderServi - Loading from file system: jar:file:///C:/Users/POO/.m2/repository/com/github/almasb/fxgl/21.1/fxgl-21.1.jar!/fxglassets/ui/fonts/Courier-Prime.ttf
14:43:29.483 [JavaFX Application Thread] DEBUG FXGLAssetLoaderServi - Loading from file system: jar:file:///C:/Users/POO/.m2/repository/com/github/almasb/fxgl/21.1/fxgl-21.1.jar!/fxglassets/textures/fxgl_default_cursor.png
14:43:29.486 [JavaFX Application Thread] DEBUG Input                - Registered new binding: Screenshot - CTRL+8
14:43:29.486 [JavaFX Application Thread] DEBUG Input                - Registered new binding: Dev Options - 1
14:43:29.487 [JavaFX Application Thread] DEBUG Input                - Registered new binding: Dev Console - 2
14:43:29.487 [JavaFX Application Thread] DEBUG Input                - Registered new binding: System info dump - CTRL+9
14:43:29.488 [JavaFX Application Thread] DEBUG Input                - Registered new binding: Restart - CTRL+R
14:43:29.489 [JavaFX Application Thread] DEBUG Input                - Registered new binding: Toggle Debug Camera - CTRL+7
14:43:29.495 [JavaFX Application Thread] DEBUG LoopRunner           - Starting loop
14:43:29.511 [JavaFX Application Thread] DEBUG LoopRunner           - Initializing JavaFX AnimationTimerLoop
14:43:29.513 [JavaFX Application Thread] DEBUG GameApplicationServi - Starting new game
14:43:29.513 [JavaFX Application Thread] DEBUG Input                - Clearing active input actions
14:43:29.524 [JavaFX Application Thread] DEBUG GameApplicationServi - Removing overlay from FXGLStartupScene and adding to FXGLLoadingScene
14:43:29.527 [JavaFX Application Thread] DEBUG PrimaryStageWindow   - FXGLStartupScene -> FXGLLoadingScene
14:43:29.527 [JavaFX Application Thread] DEBUG GameApplicationServi - Clearing previous game
14:43:29.527 [JavaFX Application Thread] DEBUG GameScene            - Clearing game scene
14:43:29.527 [JavaFX Application Thread] DEBUG GameWorld            - Clearing game world
14:43:29.527 [JavaFX Application Thread] DEBUG PhysicsWorld         - Clearing physics world
14:43:29.528 [JavaFX Application Thread] DEBUG FXGLApplication      - Registering font factories with UI factory
14:43:29.528 [FXGL Background Thread 4 ] DEBUG FXGLApplication      - Initializing game
14:43:29.583 [FXGL Background Thread 4 ] WARN  TMXLevelLoader       - TiledMap generated from 1.11.2. Supported version: 1.9.0. Some features may not be parsed fully.
14:43:29.613 [FXGL Background Thread 4 ] DEBUG TMXLevelLoader       - Parsed TiledMap: file:/C:/Users/POO/intellij/Bakudun/target/classes/assets/levels/Map.tmx
14:43:29.614 [FXGL Background Thread 4 ] DEBUG TMXLevelLoader       - Creating tile layer entities
14:43:29.616 [FXGL Background Thread 4 ] DEBUG TilesetLoader        - Loading view for layer เลเยอร์ไทล์ 1
14:43:29.617 [FXGL Background Thread 4 ] DEBUG TilesetLoader        - Created buffer with size 640.0x480.0
14:43:29.625 [FXGL Background Thread 4 ] WARN  TilesetLoader        - Diagonally flipped tiles are not currently supported
14:43:29.634 [FXGL Background Thread 4 ] WARN  TilesetLoader        - Diagonally flipped tiles are not currently supported
14:43:29.643 [FXGL Background Thread 4 ] DEBUG TilesetLoader        - Loading view for layer WALL48
14:43:29.643 [FXGL Background Thread 4 ] DEBUG TilesetLoader        - Created buffer with size 640.0x480.0
14:43:29.644 [FXGL Background Thread 4 ] DEBUG TilesetLoader        - Loading view for layer WALL47
14:43:29.644 [FXGL Background Thread 4 ] DEBUG TilesetLoader        - Created buffer with size 640.0x480.0
14:43:29.645 [FXGL Background Thread 4 ] DEBUG TilesetLoader        - Loading view for layer WALL46
14:43:29.645 [FXGL Background Thread 4 ] DEBUG TilesetLoader        - Created buffer with size 640.0x480.0
14:43:29.646 [FXGL Background Thread 4 ] DEBUG TilesetLoader        - Loading view for layer WALL45
14:43:29.646 [FXGL Background Thread 4 ] DEBUG TilesetLoader        - Created buffer with size 640.0x480.0
14:43:29.646 [FXGL Background Thread 4 ] DEBUG TilesetLoader        - Loading view for layer WALL44
14:43:29.647 [FXGL Background Thread 4 ] DEBUG TilesetLoader        - Created buffer with size 640.0x480.0
14:43:29.647 [FXGL Background Thread 4 ] DEBUG TilesetLoader        - Loading view for layer WALL43
14:43:29.647 [FXGL Background Thread 4 ] DEBUG TilesetLoader        - Created buffer with size 640.0x480.0
14:43:29.648 [FXGL Background Thread 4 ] DEBUG TilesetLoader        - Loading view for layer WALL42
14:43:29.648 [FXGL Background Thread 4 ] DEBUG TilesetLoader        - Created buffer with size 640.0x480.0
14:43:29.649 [FXGL Background Thread 4 ] DEBUG TilesetLoader        - Loading view for layer WALL41
14:43:29.649 [FXGL Background Thread 4 ] DEBUG TilesetLoader        - Created buffer with size 640.0x480.0
14:43:29.649 [FXGL Background Thread 4 ] DEBUG TilesetLoader        - Loading view for layer WALL40
14:43:29.650 [FXGL Background Thread 4 ] DEBUG TilesetLoader        - Created buffer with size 640.0x480.0
14:43:29.650 [FXGL Background Thread 4 ] DEBUG TilesetLoader        - Loading view for layer WALL39
14:43:29.650 [FXGL Background Thread 4 ] DEBUG TilesetLoader        - Created buffer with size 640.0x480.0
14:43:29.651 [FXGL Background Thread 4 ] DEBUG TilesetLoader        - Loading view for layer WALL38
14:43:29.651 [FXGL Background Thread 4 ] DEBUG TilesetLoader        - Created buffer with size 640.0x480.0
14:43:29.652 [FXGL Background Thread 4 ] DEBUG TilesetLoader        - Loading view for layer WALL37
14:43:29.652 [FXGL Background Thread 4 ] DEBUG TilesetLoader        - Created buffer with size 640.0x480.0
14:43:29.652 [FXGL Background Thread 4 ] DEBUG TilesetLoader        - Loading view for layer WALL36
14:43:29.653 [FXGL Background Thread 4 ] DEBUG TilesetLoader        - Created buffer with size 640.0x480.0
14:43:29.653 [FXGL Background Thread 4 ] DEBUG TilesetLoader        - Loading view for layer WALL35
14:43:29.654 [FXGL Background Thread 4 ] DEBUG TilesetLoader        - Created buffer with size 640.0x480.0
14:43:29.654 [FXGL Background Thread 4 ] DEBUG TilesetLoader        - Loading view for layer WALL34
14:43:29.661 [FXGL Background Thread 4 ] DEBUG TilesetLoader        - Created buffer with size 640.0x480.0
14:43:29.662 [FXGL Background Thread 4 ] DEBUG TilesetLoader        - Loading view for layer WALL33
14:43:29.662 [FXGL Background Thread 4 ] DEBUG TilesetLoader        - Created buffer with size 640.0x480.0
14:43:29.663 [FXGL Background Thread 4 ] DEBUG TilesetLoader        - Loading view for layer WALL32
14:43:29.665 [FXGL Background Thread 4 ] DEBUG TilesetLoader        - Created buffer with size 640.0x480.0
14:43:29.666 [FXGL Background Thread 4 ] DEBUG TilesetLoader        - Loading view for layer WALL31
14:43:29.666 [FXGL Background Thread 4 ] DEBUG TilesetLoader        - Created buffer with size 640.0x480.0
14:43:29.667 [FXGL Background Thread 4 ] DEBUG TilesetLoader        - Loading view for layer WALL30
14:43:29.669 [FXGL Background Thread 4 ] DEBUG TilesetLoader        - Created buffer with size 640.0x480.0
14:43:29.670 [FXGL Background Thread 4 ] DEBUG TilesetLoader        - Loading view for layer WALL29
14:43:29.670 [FXGL Background Thread 4 ] DEBUG TilesetLoader        - Created buffer with size 640.0x480.0
14:43:29.671 [FXGL Background Thread 4 ] DEBUG TilesetLoader        - Loading view for layer WALL28
14:43:29.671 [FXGL Background Thread 4 ] DEBUG TilesetLoader        - Created buffer with size 640.0x480.0
14:43:29.671 [FXGL Background Thread 4 ] DEBUG TilesetLoader        - Loading view for layer WALL27
14:43:29.672 [FXGL Background Thread 4 ] DEBUG TilesetLoader        - Created buffer with size 640.0x480.0
14:43:29.672 [FXGL Background Thread 4 ] DEBUG TilesetLoader        - Loading view for layer WALL26
14:43:29.672 [FXGL Background Thread 4 ] DEBUG TilesetLoader        - Created buffer with size 640.0x480.0
14:43:29.673 [FXGL Background Thread 4 ] DEBUG TilesetLoader        - Loading view for layer WALL25
14:43:29.673 [FXGL Background Thread 4 ] DEBUG TilesetLoader        - Created buffer with size 640.0x480.0
14:43:29.673 [FXGL Background Thread 4 ] DEBUG TilesetLoader        - Loading view for layer WALL24
14:43:29.674 [FXGL Background Thread 4 ] DEBUG TilesetLoader        - Created buffer with size 640.0x480.0
14:43:29.674 [FXGL Background Thread 4 ] DEBUG TilesetLoader        - Loading view for layer WALL23
14:43:29.675 [FXGL Background Thread 4 ] DEBUG TilesetLoader        - Created buffer with size 640.0x480.0
14:43:29.675 [FXGL Background Thread 4 ] DEBUG TilesetLoader        - Loading view for layer WALL22
14:43:29.676 [FXGL Background Thread 4 ] DEBUG TilesetLoader        - Created buffer with size 640.0x480.0
14:43:29.676 [FXGL Background Thread 4 ] DEBUG TilesetLoader        - Loading view for layer WALL21
14:43:29.676 [FXGL Background Thread 4 ] DEBUG TilesetLoader        - Created buffer with size 640.0x480.0
14:43:29.678 [FXGL Background Thread 4 ] DEBUG TilesetLoader        - Loading view for layer WALL20
14:43:29.679 [FXGL Background Thread 4 ] DEBUG TilesetLoader        - Created buffer with size 640.0x480.0
14:43:29.679 [FXGL Background Thread 4 ] DEBUG TilesetLoader        - Loading view for layer WALL19
14:43:29.680 [FXGL Background Thread 4 ] DEBUG TilesetLoader        - Created buffer with size 640.0x480.0
14:43:29.680 [FXGL Background Thread 4 ] DEBUG TilesetLoader        - Loading view for layer WALL18
14:43:29.681 [FXGL Background Thread 4 ] DEBUG TilesetLoader        - Created buffer with size 640.0x480.0
14:43:29.681 [FXGL Background Thread 4 ] DEBUG TilesetLoader        - Loading view for layer WALL17
14:43:29.682 [FXGL Background Thread 4 ] DEBUG TilesetLoader        - Created buffer with size 640.0x480.0
14:43:29.682 [FXGL Background Thread 4 ] DEBUG TilesetLoader        - Loading view for layer WALL16
14:43:29.682 [FXGL Background Thread 4 ] DEBUG TilesetLoader        - Created buffer with size 640.0x480.0
14:43:29.683 [FXGL Background Thread 4 ] DEBUG TilesetLoader        - Loading view for layer WALL15
14:43:29.683 [FXGL Background Thread 4 ] DEBUG TilesetLoader        - Created buffer with size 640.0x480.0
14:43:29.683 [FXGL Background Thread 4 ] DEBUG TilesetLoader        - Loading view for layer WALL14
14:43:29.684 [FXGL Background Thread 4 ] DEBUG TilesetLoader        - Created buffer with size 640.0x480.0
14:43:29.684 [FXGL Background Thread 4 ] DEBUG TilesetLoader        - Loading view for layer WALL13
14:43:29.685 [FXGL Background Thread 4 ] DEBUG TilesetLoader        - Created buffer with size 640.0x480.0
14:43:29.685 [FXGL Background Thread 4 ] DEBUG TilesetLoader        - Loading view for layer WALL12
14:43:29.686 [FXGL Background Thread 4 ] DEBUG TilesetLoader        - Created buffer with size 640.0x480.0
14:43:29.686 [FXGL Background Thread 4 ] DEBUG TilesetLoader        - Loading view for layer WALL11
14:43:29.686 [FXGL Background Thread 4 ] DEBUG TilesetLoader        - Created buffer with size 640.0x480.0
14:43:29.687 [FXGL Background Thread 4 ] DEBUG TilesetLoader        - Loading view for layer WALL10
14:43:29.687 [FXGL Background Thread 4 ] DEBUG TilesetLoader        - Created buffer with size 640.0x480.0
14:43:29.688 [FXGL Background Thread 4 ] DEBUG TilesetLoader        - Loading view for layer WALL9
14:43:29.688 [FXGL Background Thread 4 ] DEBUG TilesetLoader        - Created buffer with size 640.0x480.0
14:43:29.689 [FXGL Background Thread 4 ] DEBUG TilesetLoader        - Loading view for layer WALL8
14:43:29.689 [FXGL Background Thread 4 ] DEBUG TilesetLoader        - Created buffer with size 640.0x480.0
14:43:29.689 [FXGL Background Thread 4 ] DEBUG TilesetLoader        - Loading view for layer WALL7
14:43:29.690 [FXGL Background Thread 4 ] DEBUG TilesetLoader        - Created buffer with size 640.0x480.0
14:43:29.690 [FXGL Background Thread 4 ] DEBUG TilesetLoader        - Loading view for layer WALL6
14:43:29.691 [FXGL Background Thread 4 ] DEBUG TilesetLoader        - Created buffer with size 640.0x480.0
14:43:29.691 [FXGL Background Thread 4 ] DEBUG TilesetLoader        - Loading view for layer WALL5
14:43:29.692 [FXGL Background Thread 4 ] DEBUG TilesetLoader        - Created buffer with size 640.0x480.0
14:43:29.692 [FXGL Background Thread 4 ] DEBUG TilesetLoader        - Loading view for layer WALL4
14:43:29.693 [FXGL Background Thread 4 ] DEBUG TilesetLoader        - Created buffer with size 640.0x480.0
14:43:29.693 [FXGL Background Thread 4 ] DEBUG TilesetLoader        - Loading view for layer WALL3
14:43:29.693 [FXGL Background Thread 4 ] DEBUG TilesetLoader        - Created buffer with size 640.0x480.0
14:43:29.694 [FXGL Background Thread 4 ] DEBUG TilesetLoader        - Loading view for layer WALL2
14:43:29.694 [FXGL Background Thread 4 ] DEBUG TilesetLoader        - Created buffer with size 640.0x480.0
14:43:29.694 [FXGL Background Thread 4 ] DEBUG TilesetLoader        - Loading view for layer WALL1
14:43:29.695 [FXGL Background Thread 4 ] DEBUG TilesetLoader        - Created buffer with size 640.0x480.0
14:43:29.695 [FXGL Background Thread 4 ] DEBUG TilesetLoader        - Loading view for layer เลเยอร์ไทล์ 2
14:43:29.695 [FXGL Background Thread 4 ] DEBUG TilesetLoader        - Created buffer with size 640.0x480.0
14:43:29.696 [FXGL Background Thread 4 ] DEBUG TilesetLoader        - Loading view for layer เลเยอร์ไทล์ 3
14:43:29.696 [FXGL Background Thread 4 ] DEBUG TilesetLoader        - Created buffer with size 640.0x480.0
14:43:29.696 [FXGL Background Thread 4 ] DEBUG TMXLevelLoader       - Creating object layer entities
14:43:29.726 [FXGL Background Thread 4 ] DEBUG FXGLAssetLoaderServi - Loading from file system: file:/C:/Users/POO/intellij/Bakudun/target/classes/assets/textures/Jim2.png
14:43:29.759 [FXGL Background Thread 4 ] WARN  TMXLevelLoader       - TiledMap generated from 1.11.2. Supported version: 1.9.0. Some features may not be parsed fully.
14:43:29.779 [FXGL Background Thread 4 ] DEBUG TMXLevelLoader       - Parsed TiledMap: file:/C:/Users/POO/intellij/Bakudun/target/classes/assets/levels/Map.tmx
14:43:29.780 [FXGL Background Thread 4 ] DEBUG TMXLevelLoader       - Creating tile layer entities
14:43:29.780 [FXGL Background Thread 4 ] DEBUG TilesetLoader        - Loading view for layer เลเยอร์ไทล์ 1
14:43:29.781 [FXGL Background Thread 4 ] DEBUG TilesetLoader        - Created buffer with size 640.0x480.0
14:43:29.784 [FXGL Background Thread 4 ] WARN  TilesetLoader        - Diagonally flipped tiles are not currently supported
14:43:29.790 [FXGL Background Thread 4 ] WARN  TilesetLoader        - Diagonally flipped tiles are not currently supported
14:43:29.799 [FXGL Background Thread 4 ] DEBUG TilesetLoader        - Loading view for layer WALL48
14:43:29.800 [FXGL Background Thread 4 ] DEBUG TilesetLoader        - Created buffer with size 640.0x480.0
14:43:29.800 [FXGL Background Thread 4 ] DEBUG TilesetLoader        - Loading view for layer WALL47
14:43:29.801 [FXGL Background Thread 4 ] DEBUG TilesetLoader        - Created buffer with size 640.0x480.0
14:43:29.801 [FXGL Background Thread 4 ] DEBUG TilesetLoader        - Loading view for layer WALL46
14:43:29.802 [FXGL Background Thread 4 ] DEBUG TilesetLoader        - Created buffer with size 640.0x480.0
14:43:29.803 [FXGL Background Thread 4 ] DEBUG TilesetLoader        - Loading view for layer WALL45
14:43:29.803 [FXGL Background Thread 4 ] DEBUG TilesetLoader        - Created buffer with size 640.0x480.0
14:43:29.804 [FXGL Background Thread 4 ] DEBUG TilesetLoader        - Loading view for layer WALL44
14:43:29.804 [FXGL Background Thread 4 ] DEBUG TilesetLoader        - Created buffer with size 640.0x480.0
14:43:29.804 [FXGL Background Thread 4 ] DEBUG TilesetLoader        - Loading view for layer WALL43
14:43:29.806 [FXGL Background Thread 4 ] DEBUG TilesetLoader        - Created buffer with size 640.0x480.0
14:43:29.806 [FXGL Background Thread 4 ] DEBUG TilesetLoader        - Loading view for layer WALL42
14:43:29.807 [FXGL Background Thread 4 ] DEBUG TilesetLoader        - Created buffer with size 640.0x480.0
14:43:29.808 [FXGL Background Thread 4 ] DEBUG TilesetLoader        - Loading view for layer WALL41
14:43:29.808 [FXGL Background Thread 4 ] DEBUG TilesetLoader        - Created buffer with size 640.0x480.0
14:43:29.809 [FXGL Background Thread 4 ] DEBUG TilesetLoader        - Loading view for layer WALL40
14:43:29.810 [FXGL Background Thread 4 ] DEBUG TilesetLoader        - Created buffer with size 640.0x480.0
14:43:29.810 [FXGL Background Thread 4 ] DEBUG TilesetLoader        - Loading view for layer WALL39
14:43:29.811 [FXGL Background Thread 4 ] DEBUG TilesetLoader        - Created buffer with size 640.0x480.0
14:43:29.811 [FXGL Background Thread 4 ] DEBUG TilesetLoader        - Loading view for layer WALL38
14:43:29.812 [FXGL Background Thread 4 ] DEBUG TilesetLoader        - Created buffer with size 640.0x480.0
14:43:29.813 [FXGL Background Thread 4 ] DEBUG TilesetLoader        - Loading view for layer WALL37
14:43:29.813 [FXGL Background Thread 4 ] DEBUG TilesetLoader        - Created buffer with size 640.0x480.0
14:43:29.814 [FXGL Background Thread 4 ] DEBUG TilesetLoader        - Loading view for layer WALL36
14:43:29.815 [FXGL Background Thread 4 ] DEBUG TilesetLoader        - Created buffer with size 640.0x480.0
14:43:29.815 [FXGL Background Thread 4 ] DEBUG TilesetLoader        - Loading view for layer WALL35
14:43:29.816 [FXGL Background Thread 4 ] DEBUG TilesetLoader        - Created buffer with size 640.0x480.0
14:43:29.818 [FXGL Background Thread 4 ] DEBUG TilesetLoader        - Loading view for layer WALL34
14:43:29.818 [FXGL Background Thread 4 ] DEBUG TilesetLoader        - Created buffer with size 640.0x480.0
14:43:29.819 [FXGL Background Thread 4 ] DEBUG TilesetLoader        - Loading view for layer WALL33
14:43:29.819 [FXGL Background Thread 4 ] DEBUG TilesetLoader        - Created buffer with size 640.0x480.0
14:43:29.820 [FXGL Background Thread 4 ] DEBUG TilesetLoader        - Loading view for layer WALL32
14:43:29.820 [FXGL Background Thread 4 ] DEBUG TilesetLoader        - Created buffer with size 640.0x480.0
14:43:29.821 [FXGL Background Thread 4 ] DEBUG TilesetLoader        - Loading view for layer WALL31
14:43:29.821 [FXGL Background Thread 4 ] DEBUG TilesetLoader        - Created buffer with size 640.0x480.0
14:43:29.822 [FXGL Background Thread 4 ] DEBUG TilesetLoader        - Loading view for layer WALL30
14:43:29.822 [FXGL Background Thread 4 ] DEBUG TilesetLoader        - Created buffer with size 640.0x480.0
14:43:29.823 [FXGL Background Thread 4 ] DEBUG TilesetLoader        - Loading view for layer WALL29
14:43:29.823 [FXGL Background Thread 4 ] DEBUG TilesetLoader        - Created buffer with size 640.0x480.0
14:43:29.824 [FXGL Background Thread 4 ] DEBUG TilesetLoader        - Loading view for layer WALL28
14:43:29.824 [FXGL Background Thread 4 ] DEBUG TilesetLoader        - Created buffer with size 640.0x480.0
14:43:29.824 [FXGL Background Thread 4 ] DEBUG TilesetLoader        - Loading view for layer WALL27
14:43:29.825 [FXGL Background Thread 4 ] DEBUG TilesetLoader        - Created buffer with size 640.0x480.0
14:43:29.825 [FXGL Background Thread 4 ] DEBUG TilesetLoader        - Loading view for layer WALL26
14:43:29.826 [FXGL Background Thread 4 ] DEBUG TilesetLoader        - Created buffer with size 640.0x480.0
14:43:29.826 [FXGL Background Thread 4 ] DEBUG TilesetLoader        - Loading view for layer WALL25
14:43:29.827 [FXGL Background Thread 4 ] DEBUG TilesetLoader        - Created buffer with size 640.0x480.0
14:43:29.827 [FXGL Background Thread 4 ] DEBUG TilesetLoader        - Loading view for layer WALL24
14:43:29.828 [FXGL Background Thread 4 ] DEBUG TilesetLoader        - Created buffer with size 640.0x480.0
14:43:29.828 [FXGL Background Thread 4 ] DEBUG TilesetLoader        - Loading view for layer WALL23
14:43:29.828 [FXGL Background Thread 4 ] DEBUG TilesetLoader        - Created buffer with size 640.0x480.0
14:43:29.828 [FXGL Background Thread 4 ] DEBUG TilesetLoader        - Loading view for layer WALL22
14:43:29.829 [FXGL Background Thread 4 ] DEBUG TilesetLoader        - Created buffer with size 640.0x480.0
14:43:29.829 [FXGL Background Thread 4 ] DEBUG TilesetLoader        - Loading view for layer WALL21
14:43:29.829 [FXGL Background Thread 4 ] DEBUG TilesetLoader        - Created buffer with size 640.0x480.0
14:43:29.830 [FXGL Background Thread 4 ] DEBUG TilesetLoader        - Loading view for layer WALL20
14:43:29.830 [FXGL Background Thread 4 ] DEBUG TilesetLoader        - Created buffer with size 640.0x480.0
14:43:29.831 [FXGL Background Thread 4 ] DEBUG TilesetLoader        - Loading view for layer WALL19
14:43:29.831 [FXGL Background Thread 4 ] DEBUG TilesetLoader        - Created buffer with size 640.0x480.0
14:43:29.831 [FXGL Background Thread 4 ] DEBUG TilesetLoader        - Loading view for layer WALL18
14:43:29.832 [FXGL Background Thread 4 ] DEBUG TilesetLoader        - Created buffer with size 640.0x480.0
14:43:29.832 [FXGL Background Thread 4 ] DEBUG TilesetLoader        - Loading view for layer WALL17
14:43:29.833 [FXGL Background Thread 4 ] DEBUG TilesetLoader        - Created buffer with size 640.0x480.0
14:43:29.833 [FXGL Background Thread 4 ] DEBUG TilesetLoader        - Loading view for layer WALL16
14:43:29.834 [FXGL Background Thread 4 ] DEBUG TilesetLoader        - Created buffer with size 640.0x480.0
14:43:29.834 [FXGL Background Thread 4 ] DEBUG TilesetLoader        - Loading view for layer WALL15
14:43:29.835 [FXGL Background Thread 4 ] DEBUG TilesetLoader        - Created buffer with size 640.0x480.0
14:43:29.835 [FXGL Background Thread 4 ] DEBUG TilesetLoader        - Loading view for layer WALL14
14:43:29.835 [FXGL Background Thread 4 ] DEBUG TilesetLoader        - Created buffer with size 640.0x480.0
14:43:29.836 [FXGL Background Thread 4 ] DEBUG TilesetLoader        - Loading view for layer WALL13
14:43:29.836 [FXGL Background Thread 4 ] DEBUG TilesetLoader        - Created buffer with size 640.0x480.0
14:43:29.836 [FXGL Background Thread 4 ] DEBUG TilesetLoader        - Loading view for layer WALL12
14:43:29.837 [FXGL Background Thread 4 ] DEBUG TilesetLoader        - Created buffer with size 640.0x480.0
14:43:29.837 [FXGL Background Thread 4 ] DEBUG TilesetLoader        - Loading view for layer WALL11
14:43:29.838 [FXGL Background Thread 4 ] DEBUG TilesetLoader        - Created buffer with size 640.0x480.0
14:43:29.838 [FXGL Background Thread 4 ] DEBUG TilesetLoader        - Loading view for layer WALL10
14:43:29.839 [FXGL Background Thread 4 ] DEBUG TilesetLoader        - Created buffer with size 640.0x480.0
14:43:29.839 [FXGL Background Thread 4 ] DEBUG TilesetLoader        - Loading view for layer WALL9
14:43:29.840 [FXGL Background Thread 4 ] DEBUG TilesetLoader        - Created buffer with size 640.0x480.0
14:43:29.840 [FXGL Background Thread 4 ] DEBUG TilesetLoader        - Loading view for layer WALL8
14:43:29.841 [FXGL Background Thread 4 ] DEBUG TilesetLoader        - Created buffer with size 640.0x480.0
14:43:29.841 [FXGL Background Thread 4 ] DEBUG TilesetLoader        - Loading view for layer WALL7
14:43:29.842 [FXGL Background Thread 4 ] DEBUG TilesetLoader        - Created buffer with size 640.0x480.0
14:43:29.842 [FXGL Background Thread 4 ] DEBUG TilesetLoader        - Loading view for layer WALL6
14:43:29.842 [FXGL Background Thread 4 ] DEBUG TilesetLoader        - Created buffer with size 640.0x480.0
14:43:29.843 [FXGL Background Thread 4 ] DEBUG TilesetLoader        - Loading view for layer WALL5
14:43:29.843 [FXGL Background Thread 4 ] DEBUG TilesetLoader        - Created buffer with size 640.0x480.0
14:43:29.844 [FXGL Background Thread 4 ] DEBUG TilesetLoader        - Loading view for layer WALL4
14:43:29.845 [FXGL Background Thread 4 ] DEBUG TilesetLoader        - Created buffer with size 640.0x480.0
14:43:29.845 [FXGL Background Thread 4 ] DEBUG TilesetLoader        - Loading view for layer WALL3
14:43:29.846 [FXGL Background Thread 4 ] DEBUG TilesetLoader        - Created buffer with size 640.0x480.0
14:43:29.846 [FXGL Background Thread 4 ] DEBUG TilesetLoader        - Loading view for layer WALL2
14:43:29.847 [FXGL Background Thread 4 ] DEBUG TilesetLoader        - Created buffer with size 640.0x480.0
14:43:29.847 [FXGL Background Thread 4 ] DEBUG TilesetLoader        - Loading view for layer WALL1
14:43:29.848 [FXGL Background Thread 4 ] DEBUG TilesetLoader        - Created buffer with size 640.0x480.0
14:43:29.848 [FXGL Background Thread 4 ] DEBUG TilesetLoader        - Loading view for layer เลเยอร์ไทล์ 2
14:43:29.848 [FXGL Background Thread 4 ] DEBUG TilesetLoader        - Created buffer with size 640.0x480.0
14:43:29.849 [FXGL Background Thread 4 ] DEBUG TilesetLoader        - Loading view for layer เลเยอร์ไทล์ 3
14:43:29.849 [FXGL Background Thread 4 ] DEBUG TilesetLoader        - Created buffer with size 640.0x480.0
14:43:29.849 [FXGL Background Thread 4 ] DEBUG TMXLevelLoader       - Creating object layer entities
14:43:29.863 [FXGL Background Thread 4 ] DEBUG GameWorld            - Clearing removable entities
14:43:29.864 [FXGL Background Thread 4 ] DEBUG GameWorld            - Setting level: com.almasb.fxgl.entity.level.Level@712c260d
14:43:29.880 [FXGL Background Thread 4 ] INFO  FXGLApplication      - Game initialization took: 0.351 sec
14:43:29.893 [JavaFX Application Thread] DEBUG Input                - Clearing active input actions
14:43:29.901 [JavaFX Application Thread] DEBUG GameApplicationServi - Removing overlay from FXGLLoadingScene and adding to GameScene
14:43:29.904 [JavaFX Application Thread] DEBUG PrimaryStageWindow   - FXGLLoadingScene -> GameScene
14:43:32.438 [FXGL Background Thread 3 ] DEBUG Engine               - Logging environment variables
14:43:32.438 [FXGL Background Thread 3 ] DEBUG Engine               - achievements: []
14:43:32.438 [FXGL Background Thread 3 ] DEBUG Engine               - actualHeight: 480.0
14:43:32.438 [FXGL Background Thread 3 ] DEBUG Engine               - actualHeightProperty: ReadOnlyDoubleProperty [value: 480.0]
14:43:32.438 [FXGL Background Thread 3 ] DEBUG Engine               - actualWidth: 640.0
14:43:32.439 [FXGL Background Thread 3 ] DEBUG Engine               - actualWidthProperty: ReadOnlyDoubleProperty [value: 640.0]
14:43:32.439 [FXGL Background Thread 3 ] DEBUG Engine               - appIcon: fxgl_icon.png
14:43:32.439 [FXGL Background Thread 3 ] DEBUG Engine               - applicationMode: DEVELOPER
14:43:32.439 [FXGL Background Thread 3 ] DEBUG Engine               - cSSList: [fxgl_dark.css]
14:43:32.439 [FXGL Background Thread 3 ] DEBUG Engine               - collisionDetectionStrategy: BRUTE_FORCE
14:43:32.439 [FXGL Background Thread 3 ] DEBUG Engine               - configClass: Optional.empty
14:43:32.439 [FXGL Background Thread 3 ] DEBUG Engine               - credits: []
14:43:32.439 [FXGL Background Thread 3 ] DEBUG Engine               - defaultCursor: CursorInfo(imageName=fxgl_default_cursor.png, hotspotX=7.0, hotspotY=6.0)
14:43:32.439 [FXGL Background Thread 3 ] DEBUG Engine               - devBBoxColorProperty: ObjectProperty [value: 0xff0000ff]
14:43:32.439 [FXGL Background Thread 3 ] DEBUG Engine               - devEnableDebugCameraProperty: BooleanProperty [value: false]
14:43:32.439 [FXGL Background Thread 3 ] DEBUG Engine               - devSensorColorProperty: ObjectProperty [value: 0xffff00ff]
14:43:32.439 [FXGL Background Thread 3 ] DEBUG Engine               - devShowBBoxProperty: BooleanProperty [value: false]
14:43:32.439 [FXGL Background Thread 3 ] DEBUG Engine               - devShowPositionProperty: BooleanProperty [value: false]
14:43:32.439 [FXGL Background Thread 3 ] DEBUG Engine               - enabledMenuItems: []
14:43:32.439 [FXGL Background Thread 3 ] DEBUG Engine               - engineServices: [class com.almasb.fxgl.app.services.FXGLAssetLoaderService, class com.almasb.fxgl.app.FXGLApplication$GameApplicationService, class com.almasb.fxgl.app.services.FXGLDialogService, class com.almasb.fxgl.app.services.IOTaskExecutorService, class com.almasb.fxgl.io.FileSystemService, class com.almasb.fxgl.localization.LocalizationService, class com.almasb.fxgl.app.services.SystemBundleService, class com.almasb.fxgl.profile.SaveLoadService, class com.almasb.fxgl.ui.FXGLUIFactoryServiceProvider, class com.almasb.fxgl.ui.FXGLDialogFactoryServiceProvider, class com.almasb.fxgl.audio.AudioPlayer, class com.almasb.fxgl.notification.impl.NotificationServiceProvider, class com.almasb.fxgl.achievement.AchievementService, class com.almasb.fxgl.cutscene.CutsceneService, class com.almasb.fxgl.minigames.MiniGameService, class com.almasb.fxgl.net.NetService, class com.almasb.fxgl.app.services.UpdaterService, class com.almasb.fxgl.dev.DevService]
14:43:32.439 [FXGL Background Thread 3 ] DEBUG Engine               - fontGame: Abel-Regular.ttf
14:43:32.440 [FXGL Background Thread 3 ] DEBUG Engine               - fontMono: TerminalLandMono-Regular.otf
14:43:32.440 [FXGL Background Thread 3 ] DEBUG Engine               - fontSizeScaleUI: 1.0
14:43:32.440 [FXGL Background Thread 3 ] DEBUG Engine               - fontText: Courier-Prime.ttf
14:43:32.440 [FXGL Background Thread 3 ] DEBUG Engine               - fontUI: VarelaRound-Regular.ttf
14:43:32.440 [FXGL Background Thread 3 ] DEBUG Engine               - fullScreen: BooleanProperty [value: false]
14:43:32.440 [FXGL Background Thread 3 ] DEBUG Engine               - gameDifficulty: MEDIUM
14:43:32.440 [FXGL Background Thread 3 ] DEBUG Engine               - gameDifficultyProperty: ObjectProperty [value: MEDIUM]
14:43:32.440 [FXGL Background Thread 3 ] DEBUG Engine               - globalMusicVolume: 0.5
14:43:32.440 [FXGL Background Thread 3 ] DEBUG Engine               - globalMusicVolumeProperty: DoubleProperty [value: 0.5]
14:43:32.440 [FXGL Background Thread 3 ] DEBUG Engine               - globalSoundVolume: 0.5
14:43:32.440 [FXGL Background Thread 3 ] DEBUG Engine               - globalSoundVolumeProperty: DoubleProperty [value: 0.5]
14:43:32.440 [FXGL Background Thread 3 ] DEBUG Engine               - height: 480
14:43:32.440 [FXGL Background Thread 3 ] DEBUG Engine               - is3D: false
14:43:32.440 [FXGL Background Thread 3 ] DEBUG Engine               - isAndroid: false
14:43:32.440 [FXGL Background Thread 3 ] DEBUG Engine               - isBrowser: false
14:43:32.440 [FXGL Background Thread 3 ] DEBUG Engine               - isClickFeedbackEnabled: false
14:43:32.440 [FXGL Background Thread 3 ] DEBUG Engine               - isCloseConfirmation: false
14:43:32.440 [FXGL Background Thread 3 ] DEBUG Engine               - isDesktop: true
14:43:32.440 [FXGL Background Thread 3 ] DEBUG Engine               - isDeveloperMenuEnabled: true
14:43:32.440 [FXGL Background Thread 3 ] DEBUG Engine               - isEmbedded: false
14:43:32.440 [FXGL Background Thread 3 ] DEBUG Engine               - isEntityPreloadEnabled: true
14:43:32.440 [FXGL Background Thread 3 ] DEBUG Engine               - isExperimentalTiledLargeMap: false
14:43:32.440 [FXGL Background Thread 3 ] DEBUG Engine               - isFileSystemWriteAllowed: true
14:43:32.440 [FXGL Background Thread 3 ] DEBUG Engine               - isFullScreenAllowed: false
14:43:32.440 [FXGL Background Thread 3 ] DEBUG Engine               - isFullScreenFromStart: false
14:43:32.440 [FXGL Background Thread 3 ] DEBUG Engine               - isGameMenuEnabled: true
14:43:32.440 [FXGL Background Thread 3 ] DEBUG Engine               - isIOS: false
14:43:32.440 [FXGL Background Thread 3 ] DEBUG Engine               - isIntroEnabled: false
14:43:32.440 [FXGL Background Thread 3 ] DEBUG Engine               - isLinux: false
14:43:32.440 [FXGL Background Thread 3 ] DEBUG Engine               - isMac: false
14:43:32.440 [FXGL Background Thread 3 ] DEBUG Engine               - isMainMenuEnabled: false
14:43:32.440 [FXGL Background Thread 3 ] DEBUG Engine               - isManualResizeEnabled: false
14:43:32.440 [FXGL Background Thread 3 ] DEBUG Engine               - isMobile: false
14:43:32.440 [FXGL Background Thread 3 ] DEBUG Engine               - isNative: false
14:43:32.443 [FXGL Background Thread 3 ] DEBUG Engine               - isPauseMusicWhenMinimized: true
14:43:32.443 [FXGL Background Thread 3 ] DEBUG Engine               - isPreserveResizeRatio: false
14:43:32.443 [FXGL Background Thread 3 ] DEBUG Engine               - isProfilingEnabled: false
14:43:32.443 [FXGL Background Thread 3 ] DEBUG Engine               - isScaleAffectedOnResize: true
14:43:32.443 [FXGL Background Thread 3 ] DEBUG Engine               - isSingleStep: false
14:43:32.443 [FXGL Background Thread 3 ] DEBUG Engine               - isUserProfileEnabled: false
14:43:32.443 [FXGL Background Thread 3 ] DEBUG Engine               - isWindows: true
14:43:32.443 [FXGL Background Thread 3 ] DEBUG Engine               - language: ObjectProperty [value: ENGLISH]
14:43:32.443 [FXGL Background Thread 3 ] DEBUG Engine               - menuKey: ESCAPE
14:43:32.443 [FXGL Background Thread 3 ] DEBUG Engine               - mouseSensitivity: 0.2
14:43:32.443 [FXGL Background Thread 3 ] DEBUG Engine               - notificationViewClass: class com.almasb.fxgl.notification.view.XboxNotificationView
14:43:32.443 [FXGL Background Thread 3 ] DEBUG Engine               - pixelsPerMeter: 50.0
14:43:32.443 [FXGL Background Thread 3 ] DEBUG Engine               - platform: WINDOWS
14:43:32.443 [FXGL Background Thread 3 ] DEBUG Engine               - prefHeightProperty: ReadOnlyDoubleProperty [value: 480.0]
14:43:32.443 [FXGL Background Thread 3 ] DEBUG Engine               - prefWidthProperty: ReadOnlyDoubleProperty [value: 640.0]
14:43:32.443 [FXGL Background Thread 3 ] DEBUG Engine               - profileDir: profiles/
14:43:32.443 [FXGL Background Thread 3 ] DEBUG Engine               - profileName: StringProperty [value: DEFAULT]
14:43:32.443 [FXGL Background Thread 3 ] DEBUG Engine               - randomSeed: -1
14:43:32.444 [FXGL Background Thread 3 ] DEBUG Engine               - runtimeInfo: RuntimeInfo(platform=WINDOWS, version=21.1, build=27.03.2024 07.52)
14:43:32.444 [FXGL Background Thread 3 ] DEBUG Engine               - saveFileExt: sav
14:43:32.444 [FXGL Background Thread 3 ] DEBUG Engine               - scaledHeightProp$fxgl: DoubleProperty [bound, value: 480.0]
14:43:32.444 [FXGL Background Thread 3 ] DEBUG Engine               - scaledWidthProp$fxgl: DoubleProperty [bound, value: 640.0]
14:43:32.444 [FXGL Background Thread 3 ] DEBUG Engine               - sceneFactory: com.almasb.fxgl.app.scene.SceneFactory@4fc4c374
14:43:32.444 [FXGL Background Thread 3 ] DEBUG Engine               - secondsIn24h: 60
14:43:32.444 [FXGL Background Thread 3 ] DEBUG Engine               - soundMenuBack: menu/back.wav
14:43:32.444 [FXGL Background Thread 3 ] DEBUG Engine               - soundMenuPress: menu/press.wav
14:43:32.444 [FXGL Background Thread 3 ] DEBUG Engine               - soundMenuSelect: menu/select.wav
14:43:32.444 [FXGL Background Thread 3 ] DEBUG Engine               - soundNotification: core/notification.wav
14:43:32.444 [FXGL Background Thread 3 ] DEBUG Engine               - stageStyle: DECORATED
14:43:32.444 [FXGL Background Thread 3 ] DEBUG Engine               - supportedLanguages: [ENGLISH, FRENCH, GERMAN, HUNGARIAN, RUSSIAN]
14:43:32.444 [FXGL Background Thread 3 ] DEBUG Engine               - ticksPerSecond: -1
14:43:32.444 [FXGL Background Thread 3 ] DEBUG Engine               - title: BomberMan
14:43:32.444 [FXGL Background Thread 3 ] DEBUG Engine               - urlGithub: https://github.com/AlmasB/FXGL
14:43:32.444 [FXGL Background Thread 3 ] DEBUG Engine               - urlLeaderboard: http://fxgl-top.herokuapp.com/
14:43:32.444 [FXGL Background Thread 3 ] DEBUG Engine               - urlPOM: https://raw.githubusercontent.com/AlmasB/FXGL/release/README.md
14:43:32.444 [FXGL Background Thread 3 ] DEBUG Engine               - userAppClass: class me.pooh.bakudun.App
14:43:32.444 [FXGL Background Thread 3 ] DEBUG Engine               - version: 0.1
14:43:32.445 [FXGL Background Thread 3 ] DEBUG Engine               - versionCheckDays: 7
14:43:32.445 [FXGL Background Thread 3 ] DEBUG Engine               - width: 640
14:43:32.445 [FXGL Background Thread 3 ] DEBUG Engine               - Logging services
14:43:32.445 [FXGL Background Thread 3 ] DEBUG Engine               - class com.almasb.fxgl.app.services.FXGLAssetLoaderService
14:43:32.445 [FXGL Background Thread 3 ] DEBUG Engine               - class com.almasb.fxgl.app.FXGLApplication$GameApplicationService
14:43:32.445 [FXGL Background Thread 3 ] DEBUG Engine               - class com.almasb.fxgl.app.services.FXGLDialogService
14:43:32.445 [FXGL Background Thread 3 ] DEBUG Engine               - class com.almasb.fxgl.app.services.IOTaskExecutorService
14:43:32.445 [FXGL Background Thread 3 ] DEBUG Engine               - class com.almasb.fxgl.io.FileSystemService
14:43:32.445 [FXGL Background Thread 3 ] DEBUG Engine               - class com.almasb.fxgl.localization.LocalizationService
14:43:32.445 [FXGL Background Thread 3 ] DEBUG Engine               - class com.almasb.fxgl.app.services.SystemBundleService
14:43:32.445 [FXGL Background Thread 3 ] DEBUG Engine               - class com.almasb.fxgl.profile.SaveLoadService
14:43:32.445 [FXGL Background Thread 3 ] DEBUG Engine               - class com.almasb.fxgl.ui.FXGLUIFactoryServiceProvider
14:43:32.445 [FXGL Background Thread 3 ] DEBUG Engine               - class com.almasb.fxgl.ui.FXGLDialogFactoryServiceProvider
14:43:32.445 [FXGL Background Thread 3 ] DEBUG Engine               - class com.almasb.fxgl.audio.AudioPlayer
14:43:32.445 [FXGL Background Thread 3 ] DEBUG Engine               - class com.almasb.fxgl.notification.impl.NotificationServiceProvider
14:43:32.445 [FXGL Background Thread 3 ] DEBUG Engine               - class com.almasb.fxgl.achievement.AchievementService
14:43:32.445 [FXGL Background Thread 3 ] DEBUG Engine               - class com.almasb.fxgl.cutscene.CutsceneService
14:43:32.445 [FXGL Background Thread 3 ] DEBUG Engine               - class com.almasb.fxgl.minigames.MiniGameService
14:43:32.445 [FXGL Background Thread 3 ] DEBUG Engine               - class com.almasb.fxgl.net.NetService
14:43:32.445 [FXGL Background Thread 3 ] DEBUG Engine               - class com.almasb.fxgl.app.services.UpdaterService
14:43:32.445 [FXGL Background Thread 3 ] DEBUG Engine               - class com.almasb.fxgl.dev.DevService
14:45:55.811 [JavaFX Application Thread] DEBUG FXGLApplication      - Exiting FXGL
14:45:55.812 [JavaFX Application Thread] DEBUG LoopRunner           - Stopping loop
14:45:55.812 [JavaFX Application Thread] DEBUG SystemBundleService  - Saving FXGL system data
14:45:55.814 [JavaFX Application Thread] DEBUG FileSystemAccess     - Writing to: C:\Users\POO\intellij\Bakudun\system\fxgl.bundle
14:45:55.816 [JavaFX Application Thread] DEBUG Async                - Shutting down background threads
14:45:55.817 [JavaFX Application Thread] DEBUG PrimaryStageWindow   - Closing main window
14:45:55.830 [JavaFX Application Thread] DEBUG Logger               - Closing Logger
