00:34:52.087 [main                     ] DEBUG Logger               - Configured Logger
00:34:52.110 [main                     ] DEBUG GameApplication      - Logging settings
Title: BomberMan
Version: 0.1
Width: 640
Height: 480
Fullscreen: false
Intro: false
Profiling: false
Single step:false
App Mode: DEVELOPER
Menu Key: ESCAPE
Stage Style: DECORATED
Scene Factory: class com.almasb.fxgl.app.scene.SceneFactory

00:34:52.777 [JavaFX Application Thread] DEBUG FXGLApplication      - Initializing FXGL
00:34:52.780 [JavaFX Application Thread] INFO  Engine               - FXGL-17.3 (30.03.2023 11.49) on WINDOWS (J:21.0.2 FX:21)
00:34:52.781 [JavaFX Application Thread] DEBUG Engine               - JRE Vendor Name: Eclipse Adoptium
00:34:52.781 [JavaFX Application Thread] DEBUG Engine               - Running on OS: Windows 11 version 10.0
00:34:52.781 [JavaFX Application Thread] DEBUG Engine               - Architecture: amd64
00:34:52.781 [JavaFX Application Thread] INFO  Engine               - Source code and latest versions at: https://github.com/AlmasB/FXGL
00:34:52.781 [JavaFX Application Thread] INFO  Engine               -       Ask questions and discuss at: https://github.com/AlmasB/FXGL/discussions
00:34:52.781 [JavaFX Application Thread] INFO  Engine               -              Join the FXGL chat at: https://gitter.im/AlmasB/FXGL
00:34:52.872 [JavaFX Application Thread] DEBUG PrimaryStageWindow   - Creating a JavaFX scene
00:34:52.924 [JavaFX Application Thread] DEBUG PrimaryStageWindow   - Target settings size: 640.0 x 480.0
00:34:52.924 [JavaFX Application Thread] DEBUG PrimaryStageWindow   - Scaled scene size:    640.0 x 480.0
00:34:52.925 [JavaFX Application Thread] DEBUG PrimaryStageWindow   - Scaled ratio: (1.0, 1.0)
00:34:52.925 [JavaFX Application Thread] DEBUG PrimaryStageWindow   - Set initial scene to FXGLStartupScene
00:34:52.928 [JavaFX Application Thread] DEBUG PrimaryStageWindow   - Opening main window
00:34:53.044 [JavaFX Application Thread] DEBUG PrimaryStageWindow   - Window border size: (14.4000244140625, 37.5999755859375)
00:34:53.045 [JavaFX Application Thread] DEBUG PrimaryStageWindow   - Scaled size: 640.0 x 480.0
00:34:53.045 [JavaFX Application Thread] DEBUG PrimaryStageWindow   - Scaled ratio: (1.0, 1.0)
00:34:53.046 [JavaFX Application Thread] DEBUG PrimaryStageWindow   - Scene size: 640.0 x 480.0
00:34:53.046 [JavaFX Application Thread] DEBUG PrimaryStageWindow   - Stage size: 654.4000244140625 x 517.5999755859375
00:34:53.057 [FXGL Background Thread 1 ] DEBUG Engine               - Initializing environment variables
00:34:53.107 [FXGL Background Thread 1 ] DEBUG FXGLAssetLoaderServi - User app class for loading assets: class me.pooh.bakudun.App
00:34:53.107 [FXGL Background Thread 1 ] DEBUG GameApplicationServi - Applying CSS: fxgl_dark.css
00:34:53.108 [FXGL Background Thread 1 ] DEBUG FXGLAssetLoaderServi - Loading from file system: jar:file:///C:/Users/POO/.m2/repository/com/github/almasb/fxgl/17.3/fxgl-17.3.jar!/fxglassets/ui/css/fxgl_dark.css
00:34:53.153 [FXGL Background Thread 1 ] DEBUG GameApplicationServi - Initializing application scenes
00:34:53.187 [FXGL Background Thread 1 ] DEBUG GameWorld            - Game world initialized
00:34:53.241 [FXGL Background Thread 1 ] DEBUG PhysicsWorld         - Physics world initialized: appHeight=480, physics.ppm=50.0
00:34:53.242 [FXGL Background Thread 1 ] DEBUG PhysicsWorld         - Using strategy: BRUTE_FORCE
00:34:53.248 [FXGL Background Thread 1 ] DEBUG GameScene            - Game scene initialized: 640x480
00:34:53.257 [FXGL Background Thread 1 ] WARN  FXGL.DefaultMenu     - FXGLDefaultMenu is not designed for resolutions < 800x600
00:34:53.257 [FXGL Background Thread 1 ] DEBUG FXGL.DefaultMenu     - createMenuBodyGameMenu()
00:34:53.271 [FXGL Background Thread 1 ] DEBUG FXGL.DefaultMenu     - createOptionsMenu()
00:34:53.279 [FXGL Background Thread 1 ] DEBUG FXGLAssetLoaderServi - Loading from file system: jar:file:///C:/Users/POO/.m2/repository/com/github/almasb/fxgl/17.3/fxgl-17.3.jar!/fxglassets/textures/particles/smoke.png
00:34:53.355 [FXGL Background Thread 1 ] DEBUG FXGLAssetLoaderServi - Loading from file system: jar:file:///C:/Users/POO/.m2/repository/com/github/almasb/fxgl/17.3/fxgl-17.3.jar!/fxglassets/textures/particles/trace_horizontal.png
00:34:53.379 [FXGL Background Thread 1 ] DEBUG GameApplicationServi - Application scenes initialized
00:34:53.391 [FXGL Background Thread 1 ] DEBUG SystemBundleService  - Loading FXGL system data
00:34:53.396 [FXGL Background Thread 1 ] DEBUG FileSystemAccess     - Reading from: C:\Users\POO\intellij\Bakudun\system\fxgl.bundle
00:34:53.409 [FXGL Background Thread 1 ] DEBUG SystemBundleService  - Bundle FXGL: {}
00:34:53.409 [FXGL Background Thread 1 ] DEBUG UpdaterService       - Checking for updates
00:34:53.438 [FXGL Background Thread 4 ] DEBUG FXGLApplication      - Loading fonts
00:34:53.438 [FXGL Background Thread 4 ] DEBUG FXGLAssetLoaderServi - Loading from file system: jar:file:///C:/Users/POO/.m2/repository/com/github/almasb/fxgl/17.3/fxgl-17.3.jar!/fxglassets/ui/fonts/VarelaRound-Regular.ttf
00:34:53.441 [FXGL Background Thread 1 ] DEBUG FXGLApplication      - Loading default localization
00:34:53.441 [FXGL Background Thread 1 ] DEBUG FXGLAssetLoaderServi - Loading from file system: jar:file:///C:/Users/POO/.m2/repository/com/github/almasb/fxgl/17.3/fxgl-17.3.jar!/fxglassets/languages/english.lang
00:34:53.458 [FXGL Background Thread 1 ] INFO  FXGLApplication      - FXGL initialization took: 0.401 sec
00:34:53.471 [JavaFX Application Thread] DEBUG Input                - Registered new binding: action0 - A
00:34:53.471 [JavaFX Application Thread] DEBUG Input                - Registered new binding: action1 - D
00:34:53.472 [JavaFX Application Thread] DEBUG Input                - Registered new binding: action2 - W
00:34:53.472 [JavaFX Application Thread] DEBUG Input                - Registered new binding: action3 - S
00:34:53.472 [JavaFX Application Thread] DEBUG FXGLAssetLoaderServi - Loading from file system: jar:file:///C:/Users/POO/.m2/repository/com/github/almasb/fxgl/17.3/fxgl-17.3.jar!/fxglassets/textures/fxgl_icon.png
00:34:53.474 [FXGL Background Thread 4 ] DEBUG FXGLAssetLoaderServi - Loading from file system: jar:file:///C:/Users/POO/.m2/repository/com/github/almasb/fxgl/17.3/fxgl-17.3.jar!/fxglassets/ui/fonts/Abel-Regular.ttf
00:34:53.479 [FXGL Background Thread 4 ] DEBUG FXGLAssetLoaderServi - Loading from file system: jar:file:///C:/Users/POO/.m2/repository/com/github/almasb/fxgl/17.3/fxgl-17.3.jar!/fxglassets/ui/fonts/TerminalLandMono-Regular.otf
00:34:53.483 [FXGL Background Thread 4 ] DEBUG FXGLAssetLoaderServi - Loading from file system: jar:file:///C:/Users/POO/.m2/repository/com/github/almasb/fxgl/17.3/fxgl-17.3.jar!/fxglassets/ui/fonts/Courier-Prime.ttf
00:34:53.492 [JavaFX Application Thread] DEBUG FXGLAssetLoaderServi - Loading from file system: jar:file:///C:/Users/POO/.m2/repository/com/github/almasb/fxgl/17.3/fxgl-17.3.jar!/fxglassets/textures/fxgl_default_cursor.png
00:34:53.495 [JavaFX Application Thread] DEBUG Input                - Registered new binding: Screenshot - CTRL+8
00:34:53.495 [JavaFX Application Thread] DEBUG Input                - Registered new binding: Dev Options - 1
00:34:53.496 [JavaFX Application Thread] DEBUG Input                - Registered new binding: Dev Console - 2
00:34:53.496 [JavaFX Application Thread] DEBUG Input                - Registered new binding: System info dump - CTRL+9
00:34:53.497 [JavaFX Application Thread] DEBUG Input                - Registered new binding: Restart - CTRL+R
00:34:53.498 [JavaFX Application Thread] DEBUG Input                - Registered new binding: Toggle Debug Camera - CTRL+7
00:34:53.503 [JavaFX Application Thread] DEBUG LoopRunner           - Starting loop
00:34:53.518 [JavaFX Application Thread] DEBUG LoopRunner           - Initializing JavaFX AnimationTimerLoop
00:34:53.520 [JavaFX Application Thread] DEBUG GameApplicationServi - Starting new game
00:34:53.520 [JavaFX Application Thread] DEBUG Input                - Clearing active input actions
00:34:53.532 [JavaFX Application Thread] DEBUG GameApplicationServi - Removing overlay from FXGLStartupScene and adding to FXGLLoadingScene
00:34:53.535 [JavaFX Application Thread] DEBUG PrimaryStageWindow   - FXGLStartupScene -> FXGLLoadingScene
00:34:53.535 [JavaFX Application Thread] DEBUG GameApplicationServi - Clearing previous game
00:34:53.535 [JavaFX Application Thread] DEBUG GameScene            - Clearing game scene
00:34:53.535 [JavaFX Application Thread] DEBUG GameWorld            - Clearing game world
00:34:53.535 [JavaFX Application Thread] DEBUG PhysicsWorld         - Clearing physics world
00:34:53.537 [JavaFX Application Thread] DEBUG FXGLApplication      - Registering font factories with UI factory
00:34:53.537 [FXGL Background Thread 4 ] DEBUG FXGLApplication      - Initializing game
00:34:53.541 [FXGL Background Thread 4 ] DEBUG FXGLAssetLoaderServi - Loading from file system: file:/C:/Users/POO/intellij/Bakudun/target/classes/assets/textures/bomb3_resized.png
00:34:53.544 [FXGL Background Thread 4 ] DEBUG FXGLAssetLoaderServi - Loading from file system: file:/C:/Users/POO/intellij/Bakudun/target/classes/assets/textures/ship.png
00:34:53.551 [FXGL Background Thread 4 ] INFO  FXGLApplication      - Game initialization took: 0.014 sec
00:34:53.706 [JavaFX Application Thread] DEBUG Input                - Clearing active input actions
00:34:53.712 [JavaFX Application Thread] DEBUG GameApplicationServi - Removing overlay from FXGLLoadingScene and adding to GameScene
00:34:53.717 [JavaFX Application Thread] DEBUG PrimaryStageWindow   - FXGLLoadingScene -> GameScene
00:34:54.300 [FXGL Background Thread 2 ] INFO  UpdaterService       - Your current version:  17.3
00:34:54.301 [FXGL Background Thread 2 ] INFO  UpdaterService       - Latest stable version: 21.1
00:34:56.095 [JavaFX Application Thread] DEBUG FXGLApplication      - Exiting FXGL
00:34:56.095 [JavaFX Application Thread] DEBUG LoopRunner           - Stopping loop
00:34:56.095 [JavaFX Application Thread] DEBUG SystemBundleService  - Saving FXGL system data
00:34:56.096 [JavaFX Application Thread] DEBUG FileSystemAccess     - Writing to: C:\Users\POO\intellij\Bakudun\system\fxgl.bundle
00:34:56.098 [JavaFX Application Thread] DEBUG Async                - Shutting down background threads
00:34:56.098 [JavaFX Application Thread] DEBUG PrimaryStageWindow   - Closing main window
00:34:56.122 [JavaFX Application Thread] DEBUG Logger               - Closing Logger
