09:02:00.965 [main                     ] DEBUG Logger               - Configured Logger
09:02:00.988 [main                     ] DEBUG GameApplication      - Logging settings
Title: BomberMan
Version: 0.1
Width: 640
Height: 480
Fullscreen: false
Intro: false
Profiling: false
Single step:false
App Mode: DEVELOPER
Menu Key: ESCAPE
Stage Style: DECORATED
Scene Factory: class com.almasb.fxgl.app.scene.SceneFactory

09:02:01.629 [JavaFX Application Thread] DEBUG FXGLApplication      - Initializing FXGL
09:02:01.633 [JavaFX Application Thread] INFO  Engine               - FXGL-21.1 (27.03.2024 07.52) on WINDOWS (J:21.0.2 FX:21.0.1)
09:02:01.634 [JavaFX Application Thread] DEBUG Engine               - JRE Vendor Name: Eclipse Adoptium
09:02:01.634 [JavaFX Application Thread] DEBUG Engine               - Running on OS: Windows 11 version 10.0
09:02:01.634 [JavaFX Application Thread] DEBUG Engine               - Architecture: amd64
09:02:01.634 [JavaFX Application Thread] INFO  Engine               - Source code and latest versions at: https://github.com/AlmasB/FXGL
09:02:01.634 [JavaFX Application Thread] INFO  Engine               -       Ask questions and discuss at: https://github.com/AlmasB/FXGL/discussions
09:02:01.634 [JavaFX Application Thread] INFO  Engine               -              Join the FXGL chat at: https://gitter.im/AlmasB/FXGL
09:02:01.713 [JavaFX Application Thread] DEBUG PrimaryStageWindow   - Creating a JavaFX scene
09:02:01.757 [JavaFX Application Thread] DEBUG PrimaryStageWindow   - Target settings size: 640.0 x 480.0
09:02:01.757 [JavaFX Application Thread] DEBUG PrimaryStageWindow   - Scaled scene size:    640.0 x 480.0
09:02:01.757 [JavaFX Application Thread] DEBUG PrimaryStageWindow   - Scaled ratio: (1.0, 1.0)
09:02:01.758 [JavaFX Application Thread] DEBUG PrimaryStageWindow   - Set initial scene to FXGLStartupScene
09:02:01.761 [JavaFX Application Thread] DEBUG PrimaryStageWindow   - Opening main window
09:02:01.835 [JavaFX Application Thread] DEBUG PrimaryStageWindow   - Window border size: (14.4000244140625, 37.5999755859375)
09:02:01.836 [JavaFX Application Thread] DEBUG PrimaryStageWindow   - Scaled size: 640.0 x 480.0
09:02:01.836 [JavaFX Application Thread] DEBUG PrimaryStageWindow   - Scaled ratio: (1.0, 1.0)
09:02:01.836 [JavaFX Application Thread] DEBUG PrimaryStageWindow   - Scene size: 640.0 x 480.0
09:02:01.836 [JavaFX Application Thread] DEBUG PrimaryStageWindow   - Stage size: 654.4000244140625 x 517.5999755859375
09:02:01.842 [FXGL Background Thread 1 ] DEBUG Engine               - Initializing environment variables
09:02:01.888 [FXGL Background Thread 1 ] DEBUG FXGLAssetLoaderServi - User app class for loading assets: class me.pooh.bakudun.App
09:02:01.888 [FXGL Background Thread 1 ] DEBUG GameApplicationServi - Applying CSS: fxgl_dark.css
09:02:01.889 [FXGL Background Thread 1 ] DEBUG FXGLAssetLoaderServi - Loading from file system: jar:file:///C:/Users/POO/.m2/repository/com/github/almasb/fxgl/21.1/fxgl-21.1.jar!/fxglassets/ui/css/fxgl_dark.css
09:02:01.922 [FXGL Background Thread 1 ] DEBUG GameApplicationServi - Initializing application scenes
09:02:01.953 [FXGL Background Thread 1 ] DEBUG GameWorld            - Game world initialized
09:02:01.999 [FXGL Background Thread 1 ] DEBUG PhysicsWorld         - Physics world initialized: appHeight=480, physics.ppm=50.0
09:02:01.999 [FXGL Background Thread 1 ] DEBUG PhysicsWorld         - Using strategy: BRUTE_FORCE
09:02:02.004 [FXGL Background Thread 1 ] DEBUG GameScene            - Game scene initialized: 640x480
09:02:02.012 [FXGL Background Thread 1 ] WARN  FXGL.DefaultMenu     - FXGLDefaultMenu is not designed for resolutions < 800x600
09:02:02.012 [FXGL Background Thread 1 ] DEBUG FXGL.DefaultMenu     - createMenuBodyGameMenu()
09:02:02.022 [FXGL Background Thread 1 ] DEBUG FXGL.DefaultMenu     - createOptionsMenu()
09:02:02.033 [FXGL Background Thread 1 ] DEBUG FXGLAssetLoaderServi - Loading from file system: jar:file:///C:/Users/POO/.m2/repository/com/github/almasb/fxgl/21.1/fxgl-21.1.jar!/fxglassets/textures/particles/smoke.png
09:02:02.099 [FXGL Background Thread 1 ] DEBUG FXGLAssetLoaderServi - Loading from file system: jar:file:///C:/Users/POO/.m2/repository/com/github/almasb/fxgl/21.1/fxgl-21.1.jar!/fxglassets/textures/particles/trace_horizontal.png
09:02:02.121 [FXGL Background Thread 1 ] DEBUG GameApplicationServi - Application scenes initialized
09:02:02.134 [FXGL Background Thread 1 ] DEBUG SystemBundleService  - Loading FXGL system data
09:02:02.138 [FXGL Background Thread 1 ] DEBUG FileSystemAccess     - Reading from: C:\Users\POO\intellij\Bakudun\system\fxgl.bundle
09:02:02.147 [FXGL Background Thread 1 ] DEBUG SystemBundleService  - Bundle FXGL: {}
09:02:02.147 [FXGL Background Thread 1 ] DEBUG UpdaterService       - Checking for updates
09:02:02.174 [FXGL Background Thread 4 ] DEBUG FXGLApplication      - Loading fonts
09:02:02.174 [FXGL Background Thread 1 ] DEBUG FXGLApplication      - Loading default localization
09:02:02.174 [FXGL Background Thread 4 ] DEBUG FXGLAssetLoaderServi - Loading from file system: jar:file:///C:/Users/POO/.m2/repository/com/github/almasb/fxgl/21.1/fxgl-21.1.jar!/fxglassets/ui/fonts/VarelaRound-Regular.ttf
09:02:02.175 [FXGL Background Thread 1 ] DEBUG FXGLAssetLoaderServi - Loading from file system: jar:file:///C:/Users/POO/.m2/repository/com/github/almasb/fxgl/21.1/fxgl-21.1.jar!/fxglassets/languages/english.lang
09:02:02.195 [FXGL Background Thread 1 ] INFO  FXGLApplication      - FXGL initialization took: 0.352 sec
09:02:02.205 [JavaFX Application Thread] DEBUG Input                - Registered new binding: Right - D
09:02:02.205 [FXGL Background Thread 4 ] DEBUG FXGLAssetLoaderServi - Loading from file system: jar:file:///C:/Users/POO/.m2/repository/com/github/almasb/fxgl/21.1/fxgl-21.1.jar!/fxglassets/ui/fonts/Abel-Regular.ttf
09:02:02.205 [JavaFX Application Thread] DEBUG Input                - Registered new binding: Left - A
09:02:02.205 [JavaFX Application Thread] DEBUG Input                - Registered new binding: Up - W
09:02:02.205 [JavaFX Application Thread] DEBUG Input                - Registered new binding: Down - S
09:02:02.205 [JavaFX Application Thread] DEBUG Input                - Registered new binding: Place Bomb - Space
09:02:02.206 [JavaFX Application Thread] DEBUG FXGLAssetLoaderServi - Loading from file system: jar:file:///C:/Users/POO/.m2/repository/com/github/almasb/fxgl/21.1/fxgl-21.1.jar!/fxglassets/textures/fxgl_icon.png
09:02:02.208 [FXGL Background Thread 4 ] DEBUG FXGLAssetLoaderServi - Loading from file system: jar:file:///C:/Users/POO/.m2/repository/com/github/almasb/fxgl/21.1/fxgl-21.1.jar!/fxglassets/ui/fonts/TerminalLandMono-Regular.otf
09:02:02.211 [FXGL Background Thread 4 ] DEBUG FXGLAssetLoaderServi - Loading from file system: jar:file:///C:/Users/POO/.m2/repository/com/github/almasb/fxgl/21.1/fxgl-21.1.jar!/fxglassets/ui/fonts/Courier-Prime.ttf
09:02:02.221 [JavaFX Application Thread] DEBUG FXGLAssetLoaderServi - Loading from file system: jar:file:///C:/Users/POO/.m2/repository/com/github/almasb/fxgl/21.1/fxgl-21.1.jar!/fxglassets/textures/fxgl_default_cursor.png
09:02:02.223 [JavaFX Application Thread] DEBUG Input                - Registered new binding: Screenshot - CTRL+8
09:02:02.224 [JavaFX Application Thread] DEBUG Input                - Registered new binding: Dev Options - 1
09:02:02.224 [JavaFX Application Thread] DEBUG Input                - Registered new binding: Dev Console - 2
09:02:02.225 [JavaFX Application Thread] DEBUG Input                - Registered new binding: System info dump - CTRL+9
09:02:02.225 [JavaFX Application Thread] DEBUG Input                - Registered new binding: Restart - CTRL+R
09:02:02.227 [JavaFX Application Thread] DEBUG Input                - Registered new binding: Toggle Debug Camera - CTRL+7
09:02:02.232 [JavaFX Application Thread] DEBUG LoopRunner           - Starting loop
09:02:02.252 [JavaFX Application Thread] DEBUG LoopRunner           - Initializing JavaFX AnimationTimerLoop
09:02:02.255 [JavaFX Application Thread] DEBUG GameApplicationServi - Starting new game
09:02:02.255 [JavaFX Application Thread] DEBUG Input                - Clearing active input actions
09:02:02.264 [JavaFX Application Thread] DEBUG GameApplicationServi - Removing overlay from FXGLStartupScene and adding to FXGLLoadingScene
09:02:02.267 [JavaFX Application Thread] DEBUG PrimaryStageWindow   - FXGLStartupScene -> FXGLLoadingScene
09:02:02.267 [JavaFX Application Thread] DEBUG GameApplicationServi - Clearing previous game
09:02:02.267 [JavaFX Application Thread] DEBUG GameScene            - Clearing game scene
09:02:02.267 [JavaFX Application Thread] DEBUG GameWorld            - Clearing game world
09:02:02.267 [JavaFX Application Thread] DEBUG PhysicsWorld         - Clearing physics world
09:02:02.269 [FXGL Background Thread 4 ] DEBUG FXGLApplication      - Initializing game
09:02:02.276 [JavaFX Application Thread] DEBUG FXGLApplication      - Registering font factories with UI factory
09:02:02.329 [FXGL Background Thread 4 ] WARN  TMXLevelLoader       - TiledMap generated from 1.11.2. Supported version: 1.9.0. Some features may not be parsed fully.
09:02:02.366 [FXGL Background Thread 4 ] DEBUG TMXLevelLoader       - Parsed TiledMap: file:/C:/Users/POO/intellij/Bakudun/target/classes/assets/levels/Map.tmx
09:02:02.368 [FXGL Background Thread 4 ] DEBUG TMXLevelLoader       - Creating tile layer entities
09:02:02.372 [FXGL Background Thread 4 ] DEBUG TilesetLoader        - Loading view for layer เลเยอร์ไทล์ 1
09:02:02.372 [FXGL Background Thread 4 ] DEBUG TilesetLoader        - Created buffer with size 640.0x480.0
09:02:02.381 [FXGL Background Thread 4 ] WARN  TilesetLoader        - Diagonally flipped tiles are not currently supported
09:02:02.393 [FXGL Background Thread 4 ] WARN  TilesetLoader        - Diagonally flipped tiles are not currently supported
09:02:02.407 [FXGL Background Thread 4 ] DEBUG TilesetLoader        - Loading view for layer WALL48
09:02:02.408 [FXGL Background Thread 4 ] DEBUG TilesetLoader        - Created buffer with size 640.0x480.0
09:02:02.408 [FXGL Background Thread 4 ] DEBUG TilesetLoader        - Loading view for layer WALL47
09:02:02.409 [FXGL Background Thread 4 ] DEBUG TilesetLoader        - Created buffer with size 640.0x480.0
09:02:02.409 [FXGL Background Thread 4 ] DEBUG TilesetLoader        - Loading view for layer WALL46
09:02:02.409 [FXGL Background Thread 4 ] DEBUG TilesetLoader        - Created buffer with size 640.0x480.0
09:02:02.410 [FXGL Background Thread 4 ] DEBUG TilesetLoader        - Loading view for layer WALL45
09:02:02.410 [FXGL Background Thread 4 ] DEBUG TilesetLoader        - Created buffer with size 640.0x480.0
09:02:02.411 [FXGL Background Thread 4 ] DEBUG TilesetLoader        - Loading view for layer WALL44
09:02:02.411 [FXGL Background Thread 4 ] DEBUG TilesetLoader        - Created buffer with size 640.0x480.0
09:02:02.411 [FXGL Background Thread 4 ] DEBUG TilesetLoader        - Loading view for layer WALL43
09:02:02.412 [FXGL Background Thread 4 ] DEBUG TilesetLoader        - Created buffer with size 640.0x480.0
09:02:02.412 [FXGL Background Thread 4 ] DEBUG TilesetLoader        - Loading view for layer WALL42
09:02:02.413 [FXGL Background Thread 4 ] DEBUG TilesetLoader        - Created buffer with size 640.0x480.0
09:02:02.413 [FXGL Background Thread 4 ] DEBUG TilesetLoader        - Loading view for layer WALL41
09:02:02.414 [FXGL Background Thread 4 ] DEBUG TilesetLoader        - Created buffer with size 640.0x480.0
09:02:02.414 [FXGL Background Thread 4 ] DEBUG TilesetLoader        - Loading view for layer WALL40
09:02:02.415 [FXGL Background Thread 4 ] DEBUG TilesetLoader        - Created buffer with size 640.0x480.0
09:02:02.415 [FXGL Background Thread 4 ] DEBUG TilesetLoader        - Loading view for layer WALL39
09:02:02.415 [FXGL Background Thread 4 ] DEBUG TilesetLoader        - Created buffer with size 640.0x480.0
09:02:02.416 [FXGL Background Thread 4 ] DEBUG TilesetLoader        - Loading view for layer WALL38
09:02:02.416 [FXGL Background Thread 4 ] DEBUG TilesetLoader        - Created buffer with size 640.0x480.0
09:02:02.417 [FXGL Background Thread 4 ] DEBUG TilesetLoader        - Loading view for layer WALL37
09:02:02.417 [FXGL Background Thread 4 ] DEBUG TilesetLoader        - Created buffer with size 640.0x480.0
09:02:02.417 [FXGL Background Thread 4 ] DEBUG TilesetLoader        - Loading view for layer WALL36
09:02:02.418 [FXGL Background Thread 4 ] DEBUG TilesetLoader        - Created buffer with size 640.0x480.0
09:02:02.418 [FXGL Background Thread 4 ] DEBUG TilesetLoader        - Loading view for layer WALL35
09:02:02.419 [FXGL Background Thread 4 ] DEBUG TilesetLoader        - Created buffer with size 640.0x480.0
09:02:02.419 [FXGL Background Thread 4 ] DEBUG TilesetLoader        - Loading view for layer WALL34
09:02:02.427 [FXGL Background Thread 4 ] DEBUG TilesetLoader        - Created buffer with size 640.0x480.0
09:02:02.428 [FXGL Background Thread 4 ] DEBUG TilesetLoader        - Loading view for layer WALL33
09:02:02.429 [FXGL Background Thread 4 ] DEBUG TilesetLoader        - Created buffer with size 640.0x480.0
09:02:02.429 [FXGL Background Thread 4 ] DEBUG TilesetLoader        - Loading view for layer WALL32
09:02:02.434 [FXGL Background Thread 4 ] DEBUG TilesetLoader        - Created buffer with size 640.0x480.0
09:02:02.435 [FXGL Background Thread 4 ] DEBUG TilesetLoader        - Loading view for layer WALL31
09:02:02.436 [FXGL Background Thread 4 ] DEBUG TilesetLoader        - Created buffer with size 640.0x480.0
09:02:02.436 [FXGL Background Thread 4 ] DEBUG TilesetLoader        - Loading view for layer WALL30
09:02:02.437 [FXGL Background Thread 4 ] DEBUG TilesetLoader        - Created buffer with size 640.0x480.0
09:02:02.437 [FXGL Background Thread 4 ] DEBUG TilesetLoader        - Loading view for layer WALL29
09:02:02.437 [FXGL Background Thread 4 ] DEBUG TilesetLoader        - Created buffer with size 640.0x480.0
09:02:02.440 [FXGL Background Thread 4 ] DEBUG TilesetLoader        - Loading view for layer WALL28
09:02:02.440 [FXGL Background Thread 4 ] DEBUG TilesetLoader        - Created buffer with size 640.0x480.0
09:02:02.441 [FXGL Background Thread 4 ] DEBUG TilesetLoader        - Loading view for layer WALL27
09:02:02.441 [FXGL Background Thread 4 ] DEBUG TilesetLoader        - Created buffer with size 640.0x480.0
09:02:02.442 [FXGL Background Thread 4 ] DEBUG TilesetLoader        - Loading view for layer WALL26
09:02:02.442 [FXGL Background Thread 4 ] DEBUG TilesetLoader        - Created buffer with size 640.0x480.0
09:02:02.442 [FXGL Background Thread 4 ] DEBUG TilesetLoader        - Loading view for layer WALL25
09:02:02.444 [FXGL Background Thread 4 ] DEBUG TilesetLoader        - Created buffer with size 640.0x480.0
09:02:02.445 [FXGL Background Thread 4 ] DEBUG TilesetLoader        - Loading view for layer WALL24
09:02:02.446 [FXGL Background Thread 4 ] DEBUG TilesetLoader        - Created buffer with size 640.0x480.0
09:02:02.446 [FXGL Background Thread 4 ] DEBUG TilesetLoader        - Loading view for layer WALL23
09:02:02.446 [FXGL Background Thread 4 ] DEBUG TilesetLoader        - Created buffer with size 640.0x480.0
09:02:02.447 [FXGL Background Thread 4 ] DEBUG TilesetLoader        - Loading view for layer WALL22
09:02:02.447 [FXGL Background Thread 4 ] DEBUG TilesetLoader        - Created buffer with size 640.0x480.0
09:02:02.448 [FXGL Background Thread 4 ] DEBUG TilesetLoader        - Loading view for layer WALL21
09:02:02.449 [FXGL Background Thread 4 ] DEBUG TilesetLoader        - Created buffer with size 640.0x480.0
09:02:02.449 [FXGL Background Thread 4 ] DEBUG TilesetLoader        - Loading view for layer WALL20
09:02:02.450 [FXGL Background Thread 4 ] DEBUG TilesetLoader        - Created buffer with size 640.0x480.0
09:02:02.450 [FXGL Background Thread 4 ] DEBUG TilesetLoader        - Loading view for layer WALL19
09:02:02.451 [FXGL Background Thread 4 ] DEBUG TilesetLoader        - Created buffer with size 640.0x480.0
09:02:02.452 [FXGL Background Thread 4 ] DEBUG TilesetLoader        - Loading view for layer WALL18
09:02:02.453 [FXGL Background Thread 4 ] DEBUG TilesetLoader        - Created buffer with size 640.0x480.0
09:02:02.454 [FXGL Background Thread 4 ] DEBUG TilesetLoader        - Loading view for layer WALL17
09:02:02.454 [FXGL Background Thread 4 ] DEBUG TilesetLoader        - Created buffer with size 640.0x480.0
09:02:02.455 [FXGL Background Thread 4 ] DEBUG TilesetLoader        - Loading view for layer WALL16
09:02:02.455 [FXGL Background Thread 4 ] DEBUG TilesetLoader        - Created buffer with size 640.0x480.0
09:02:02.456 [FXGL Background Thread 4 ] DEBUG TilesetLoader        - Loading view for layer WALL15
09:02:02.458 [FXGL Background Thread 4 ] DEBUG TilesetLoader        - Created buffer with size 640.0x480.0
09:02:02.459 [FXGL Background Thread 4 ] DEBUG TilesetLoader        - Loading view for layer WALL14
09:02:02.459 [FXGL Background Thread 4 ] DEBUG TilesetLoader        - Created buffer with size 640.0x480.0
09:02:02.460 [FXGL Background Thread 4 ] DEBUG TilesetLoader        - Loading view for layer WALL13
09:02:02.460 [FXGL Background Thread 4 ] DEBUG TilesetLoader        - Created buffer with size 640.0x480.0
09:02:02.461 [FXGL Background Thread 4 ] DEBUG TilesetLoader        - Loading view for layer WALL12
09:02:02.462 [FXGL Background Thread 4 ] DEBUG TilesetLoader        - Created buffer with size 640.0x480.0
09:02:02.462 [FXGL Background Thread 4 ] DEBUG TilesetLoader        - Loading view for layer WALL11
09:02:02.463 [FXGL Background Thread 4 ] DEBUG TilesetLoader        - Created buffer with size 640.0x480.0
09:02:02.463 [FXGL Background Thread 4 ] DEBUG TilesetLoader        - Loading view for layer WALL10
09:02:02.464 [FXGL Background Thread 4 ] DEBUG TilesetLoader        - Created buffer with size 640.0x480.0
09:02:02.464 [FXGL Background Thread 4 ] DEBUG TilesetLoader        - Loading view for layer WALL9
09:02:02.465 [FXGL Background Thread 4 ] DEBUG TilesetLoader        - Created buffer with size 640.0x480.0
09:02:02.465 [FXGL Background Thread 4 ] DEBUG TilesetLoader        - Loading view for layer WALL8
09:02:02.466 [FXGL Background Thread 4 ] DEBUG TilesetLoader        - Created buffer with size 640.0x480.0
09:02:02.468 [FXGL Background Thread 4 ] DEBUG TilesetLoader        - Loading view for layer WALL7
09:02:02.468 [FXGL Background Thread 4 ] DEBUG TilesetLoader        - Created buffer with size 640.0x480.0
09:02:02.469 [FXGL Background Thread 4 ] DEBUG TilesetLoader        - Loading view for layer WALL6
09:02:02.470 [FXGL Background Thread 4 ] DEBUG TilesetLoader        - Created buffer with size 640.0x480.0
09:02:02.470 [FXGL Background Thread 4 ] DEBUG TilesetLoader        - Loading view for layer WALL5
09:02:02.472 [FXGL Background Thread 4 ] DEBUG TilesetLoader        - Created buffer with size 640.0x480.0
09:02:02.473 [FXGL Background Thread 4 ] DEBUG TilesetLoader        - Loading view for layer WALL4
09:02:02.474 [FXGL Background Thread 4 ] DEBUG TilesetLoader        - Created buffer with size 640.0x480.0
09:02:02.474 [FXGL Background Thread 4 ] DEBUG TilesetLoader        - Loading view for layer WALL3
09:02:02.475 [FXGL Background Thread 4 ] DEBUG TilesetLoader        - Created buffer with size 640.0x480.0
09:02:02.475 [FXGL Background Thread 4 ] DEBUG TilesetLoader        - Loading view for layer WALL2
09:02:02.476 [FXGL Background Thread 4 ] DEBUG TilesetLoader        - Created buffer with size 640.0x480.0
09:02:02.476 [FXGL Background Thread 4 ] DEBUG TilesetLoader        - Loading view for layer WALL1
09:02:02.477 [FXGL Background Thread 4 ] DEBUG TilesetLoader        - Created buffer with size 640.0x480.0
09:02:02.477 [FXGL Background Thread 4 ] DEBUG TilesetLoader        - Loading view for layer เลเยอร์ไทล์ 2
09:02:02.477 [FXGL Background Thread 4 ] DEBUG TilesetLoader        - Created buffer with size 640.0x480.0
09:02:02.478 [FXGL Background Thread 4 ] DEBUG TilesetLoader        - Loading view for layer เลเยอร์ไทล์ 3
09:02:02.479 [FXGL Background Thread 4 ] DEBUG TilesetLoader        - Created buffer with size 640.0x480.0
09:02:02.479 [FXGL Background Thread 4 ] DEBUG TMXLevelLoader       - Creating object layer entities
09:02:02.501 [FXGL Background Thread 4 ] DEBUG FXGLAssetLoaderServi - Loading from file system: file:/C:/Users/POO/intellij/Bakudun/target/classes/assets/textures/Jim2.png
09:02:02.540 [FXGL Background Thread 4 ] WARN  TMXLevelLoader       - TiledMap generated from 1.11.2. Supported version: 1.9.0. Some features may not be parsed fully.
09:02:02.560 [FXGL Background Thread 4 ] DEBUG TMXLevelLoader       - Parsed TiledMap: file:/C:/Users/POO/intellij/Bakudun/target/classes/assets/levels/Map.tmx
09:02:02.560 [FXGL Background Thread 4 ] DEBUG TMXLevelLoader       - Creating tile layer entities
09:02:02.561 [FXGL Background Thread 4 ] DEBUG TilesetLoader        - Loading view for layer เลเยอร์ไทล์ 1
09:02:02.566 [FXGL Background Thread 4 ] DEBUG TilesetLoader        - Created buffer with size 640.0x480.0
09:02:02.573 [FXGL Background Thread 4 ] WARN  TilesetLoader        - Diagonally flipped tiles are not currently supported
09:02:02.584 [FXGL Background Thread 4 ] WARN  TilesetLoader        - Diagonally flipped tiles are not currently supported
09:02:02.600 [FXGL Background Thread 4 ] DEBUG TilesetLoader        - Loading view for layer WALL48
09:02:02.601 [FXGL Background Thread 4 ] DEBUG TilesetLoader        - Created buffer with size 640.0x480.0
09:02:02.602 [FXGL Background Thread 4 ] DEBUG TilesetLoader        - Loading view for layer WALL47
09:02:02.602 [FXGL Background Thread 4 ] DEBUG TilesetLoader        - Created buffer with size 640.0x480.0
09:02:02.603 [FXGL Background Thread 4 ] DEBUG TilesetLoader        - Loading view for layer WALL46
09:02:02.603 [FXGL Background Thread 4 ] DEBUG TilesetLoader        - Created buffer with size 640.0x480.0
09:02:02.604 [FXGL Background Thread 4 ] DEBUG TilesetLoader        - Loading view for layer WALL45
09:02:02.604 [FXGL Background Thread 4 ] DEBUG TilesetLoader        - Created buffer with size 640.0x480.0
09:02:02.605 [FXGL Background Thread 4 ] DEBUG TilesetLoader        - Loading view for layer WALL44
09:02:02.605 [FXGL Background Thread 4 ] DEBUG TilesetLoader        - Created buffer with size 640.0x480.0
09:02:02.608 [FXGL Background Thread 4 ] DEBUG TilesetLoader        - Loading view for layer WALL43
09:02:02.610 [FXGL Background Thread 4 ] DEBUG TilesetLoader        - Created buffer with size 640.0x480.0
09:02:02.611 [FXGL Background Thread 4 ] DEBUG TilesetLoader        - Loading view for layer WALL42
09:02:02.615 [FXGL Background Thread 4 ] DEBUG TilesetLoader        - Created buffer with size 640.0x480.0
09:02:02.617 [FXGL Background Thread 4 ] DEBUG TilesetLoader        - Loading view for layer WALL41
09:02:02.617 [FXGL Background Thread 4 ] DEBUG TilesetLoader        - Created buffer with size 640.0x480.0
09:02:02.619 [FXGL Background Thread 4 ] DEBUG TilesetLoader        - Loading view for layer WALL40
09:02:02.620 [FXGL Background Thread 4 ] DEBUG TilesetLoader        - Created buffer with size 640.0x480.0
09:02:02.620 [FXGL Background Thread 4 ] DEBUG TilesetLoader        - Loading view for layer WALL39
09:02:02.621 [FXGL Background Thread 4 ] DEBUG TilesetLoader        - Created buffer with size 640.0x480.0
09:02:02.621 [FXGL Background Thread 4 ] DEBUG TilesetLoader        - Loading view for layer WALL38
09:02:02.622 [FXGL Background Thread 4 ] DEBUG TilesetLoader        - Created buffer with size 640.0x480.0
09:02:02.623 [FXGL Background Thread 4 ] DEBUG TilesetLoader        - Loading view for layer WALL37
09:02:02.627 [FXGL Background Thread 4 ] DEBUG TilesetLoader        - Created buffer with size 640.0x480.0
09:02:02.629 [FXGL Background Thread 4 ] DEBUG TilesetLoader        - Loading view for layer WALL36
09:02:02.634 [FXGL Background Thread 4 ] DEBUG TilesetLoader        - Created buffer with size 640.0x480.0
09:02:02.635 [FXGL Background Thread 4 ] DEBUG TilesetLoader        - Loading view for layer WALL35
09:02:02.636 [FXGL Background Thread 4 ] DEBUG TilesetLoader        - Created buffer with size 640.0x480.0
09:02:02.636 [FXGL Background Thread 4 ] DEBUG TilesetLoader        - Loading view for layer WALL34
09:02:02.637 [FXGL Background Thread 4 ] DEBUG TilesetLoader        - Created buffer with size 640.0x480.0
09:02:02.637 [FXGL Background Thread 4 ] DEBUG TilesetLoader        - Loading view for layer WALL33
09:02:02.637 [FXGL Background Thread 4 ] DEBUG TilesetLoader        - Created buffer with size 640.0x480.0
09:02:02.638 [FXGL Background Thread 4 ] DEBUG TilesetLoader        - Loading view for layer WALL32
09:02:02.638 [FXGL Background Thread 4 ] DEBUG TilesetLoader        - Created buffer with size 640.0x480.0
09:02:02.639 [FXGL Background Thread 4 ] DEBUG TilesetLoader        - Loading view for layer WALL31
09:02:02.639 [FXGL Background Thread 4 ] DEBUG TilesetLoader        - Created buffer with size 640.0x480.0
09:02:02.639 [FXGL Background Thread 4 ] DEBUG TilesetLoader        - Loading view for layer WALL30
09:02:02.640 [FXGL Background Thread 4 ] DEBUG TilesetLoader        - Created buffer with size 640.0x480.0
09:02:02.640 [FXGL Background Thread 4 ] DEBUG TilesetLoader        - Loading view for layer WALL29
09:02:02.641 [FXGL Background Thread 4 ] DEBUG TilesetLoader        - Created buffer with size 640.0x480.0
09:02:02.643 [FXGL Background Thread 4 ] DEBUG TilesetLoader        - Loading view for layer WALL28
09:02:02.644 [FXGL Background Thread 4 ] DEBUG TilesetLoader        - Created buffer with size 640.0x480.0
09:02:02.645 [FXGL Background Thread 4 ] DEBUG TilesetLoader        - Loading view for layer WALL27
09:02:02.645 [FXGL Background Thread 4 ] DEBUG TilesetLoader        - Created buffer with size 640.0x480.0
09:02:02.646 [FXGL Background Thread 4 ] DEBUG TilesetLoader        - Loading view for layer WALL26
09:02:02.647 [FXGL Background Thread 4 ] DEBUG TilesetLoader        - Created buffer with size 640.0x480.0
09:02:02.647 [FXGL Background Thread 4 ] DEBUG TilesetLoader        - Loading view for layer WALL25
09:02:02.648 [FXGL Background Thread 4 ] DEBUG TilesetLoader        - Created buffer with size 640.0x480.0
09:02:02.648 [FXGL Background Thread 4 ] DEBUG TilesetLoader        - Loading view for layer WALL24
09:02:02.649 [FXGL Background Thread 4 ] DEBUG TilesetLoader        - Created buffer with size 640.0x480.0
09:02:02.649 [FXGL Background Thread 4 ] DEBUG TilesetLoader        - Loading view for layer WALL23
09:02:02.650 [FXGL Background Thread 4 ] DEBUG TilesetLoader        - Created buffer with size 640.0x480.0
09:02:02.650 [FXGL Background Thread 4 ] DEBUG TilesetLoader        - Loading view for layer WALL22
09:02:02.651 [FXGL Background Thread 4 ] DEBUG TilesetLoader        - Created buffer with size 640.0x480.0
09:02:02.651 [FXGL Background Thread 4 ] DEBUG TilesetLoader        - Loading view for layer WALL21
09:02:02.652 [FXGL Background Thread 4 ] DEBUG TilesetLoader        - Created buffer with size 640.0x480.0
09:02:02.652 [FXGL Background Thread 4 ] DEBUG TilesetLoader        - Loading view for layer WALL20
09:02:02.653 [FXGL Background Thread 4 ] DEBUG TilesetLoader        - Created buffer with size 640.0x480.0
09:02:02.653 [FXGL Background Thread 4 ] DEBUG TilesetLoader        - Loading view for layer WALL19
09:02:02.654 [FXGL Background Thread 4 ] DEBUG TilesetLoader        - Created buffer with size 640.0x480.0
09:02:02.654 [FXGL Background Thread 4 ] DEBUG TilesetLoader        - Loading view for layer WALL18
09:02:02.654 [FXGL Background Thread 4 ] DEBUG TilesetLoader        - Created buffer with size 640.0x480.0
09:02:02.655 [FXGL Background Thread 4 ] DEBUG TilesetLoader        - Loading view for layer WALL17
09:02:02.655 [FXGL Background Thread 4 ] DEBUG TilesetLoader        - Created buffer with size 640.0x480.0
09:02:02.656 [FXGL Background Thread 4 ] DEBUG TilesetLoader        - Loading view for layer WALL16
09:02:02.656 [FXGL Background Thread 4 ] DEBUG TilesetLoader        - Created buffer with size 640.0x480.0
09:02:02.657 [FXGL Background Thread 4 ] DEBUG TilesetLoader        - Loading view for layer WALL15
09:02:02.657 [FXGL Background Thread 4 ] DEBUG TilesetLoader        - Created buffer with size 640.0x480.0
09:02:02.658 [FXGL Background Thread 4 ] DEBUG TilesetLoader        - Loading view for layer WALL14
09:02:02.658 [FXGL Background Thread 4 ] DEBUG TilesetLoader        - Created buffer with size 640.0x480.0
09:02:02.659 [FXGL Background Thread 4 ] DEBUG TilesetLoader        - Loading view for layer WALL13
09:02:02.659 [FXGL Background Thread 4 ] DEBUG TilesetLoader        - Created buffer with size 640.0x480.0
09:02:02.660 [FXGL Background Thread 4 ] DEBUG TilesetLoader        - Loading view for layer WALL12
09:02:02.660 [FXGL Background Thread 4 ] DEBUG TilesetLoader        - Created buffer with size 640.0x480.0
09:02:02.661 [FXGL Background Thread 4 ] DEBUG TilesetLoader        - Loading view for layer WALL11
09:02:02.661 [FXGL Background Thread 4 ] DEBUG TilesetLoader        - Created buffer with size 640.0x480.0
09:02:02.662 [FXGL Background Thread 4 ] DEBUG TilesetLoader        - Loading view for layer WALL10
09:02:02.662 [FXGL Background Thread 4 ] DEBUG TilesetLoader        - Created buffer with size 640.0x480.0
09:02:02.662 [FXGL Background Thread 4 ] DEBUG TilesetLoader        - Loading view for layer WALL9
09:02:02.663 [FXGL Background Thread 4 ] DEBUG TilesetLoader        - Created buffer with size 640.0x480.0
09:02:02.663 [FXGL Background Thread 4 ] DEBUG TilesetLoader        - Loading view for layer WALL8
09:02:02.663 [FXGL Background Thread 4 ] DEBUG TilesetLoader        - Created buffer with size 640.0x480.0
09:02:02.664 [FXGL Background Thread 4 ] DEBUG TilesetLoader        - Loading view for layer WALL7
09:02:02.664 [FXGL Background Thread 4 ] DEBUG TilesetLoader        - Created buffer with size 640.0x480.0
09:02:02.664 [FXGL Background Thread 4 ] DEBUG TilesetLoader        - Loading view for layer WALL6
09:02:02.665 [FXGL Background Thread 4 ] DEBUG TilesetLoader        - Created buffer with size 640.0x480.0
09:02:02.665 [FXGL Background Thread 4 ] DEBUG TilesetLoader        - Loading view for layer WALL5
09:02:02.665 [FXGL Background Thread 4 ] DEBUG TilesetLoader        - Created buffer with size 640.0x480.0
09:02:02.666 [FXGL Background Thread 4 ] DEBUG TilesetLoader        - Loading view for layer WALL4
09:02:02.666 [FXGL Background Thread 4 ] DEBUG TilesetLoader        - Created buffer with size 640.0x480.0
09:02:02.667 [FXGL Background Thread 4 ] DEBUG TilesetLoader        - Loading view for layer WALL3
09:02:02.667 [FXGL Background Thread 4 ] DEBUG TilesetLoader        - Created buffer with size 640.0x480.0
09:02:02.668 [FXGL Background Thread 4 ] DEBUG TilesetLoader        - Loading view for layer WALL2
09:02:02.668 [FXGL Background Thread 4 ] DEBUG TilesetLoader        - Created buffer with size 640.0x480.0
09:02:02.669 [FXGL Background Thread 4 ] DEBUG TilesetLoader        - Loading view for layer WALL1
09:02:02.669 [FXGL Background Thread 4 ] DEBUG TilesetLoader        - Created buffer with size 640.0x480.0
09:02:02.670 [FXGL Background Thread 4 ] DEBUG TilesetLoader        - Loading view for layer เลเยอร์ไทล์ 2
09:02:02.670 [FXGL Background Thread 4 ] DEBUG TilesetLoader        - Created buffer with size 640.0x480.0
09:02:02.671 [FXGL Background Thread 4 ] DEBUG TilesetLoader        - Loading view for layer เลเยอร์ไทล์ 3
09:02:02.671 [FXGL Background Thread 4 ] DEBUG TilesetLoader        - Created buffer with size 640.0x480.0
09:02:02.672 [FXGL Background Thread 4 ] DEBUG TMXLevelLoader       - Creating object layer entities
09:02:02.690 [FXGL Background Thread 4 ] DEBUG GameWorld            - Clearing removable entities
09:02:02.691 [FXGL Background Thread 4 ] DEBUG GameWorld            - Setting level: com.almasb.fxgl.entity.level.Level@3b8e355e
09:02:02.703 [FXGL Background Thread 4 ] INFO  FXGLApplication      - Game initialization took: 0.434 sec
09:02:02.762 [JavaFX Application Thread] DEBUG Input                - Clearing active input actions
09:02:02.774 [JavaFX Application Thread] DEBUG GameApplicationServi - Removing overlay from FXGLLoadingScene and adding to GameScene
09:02:02.781 [JavaFX Application Thread] DEBUG PrimaryStageWindow   - FXGLLoadingScene -> GameScene
09:02:03.817 [JavaFX Application Thread] WARN  Entity               - Entity already has component: com.almasb.fxgl.physics.PhysicsComponent
09:02:03.819 [JavaFX Application Thread] DEBUG FXGLAssetLoaderServi - Loading from file system: file:/C:/Users/POO/intellij/Bakudun/target/classes/assets/textures/bombball.png
09:02:03.821 [JavaFX Application Thread] DEBUG FXGLAssetLoaderServi - Loading from file system: file:/C:/Users/POO/intellij/Bakudun/target/classes/assets/textures/bombblast.png
09:02:04.039 [JavaFX Application Thread] WARN  Entity               - Entity already has component: com.almasb.fxgl.physics.PhysicsComponent
09:02:04.257 [JavaFX Application Thread] WARN  Entity               - Entity already has component: com.almasb.fxgl.physics.PhysicsComponent
09:02:05.173 [FXGL Background Thread 3 ] DEBUG Engine               - Logging environment variables
09:02:05.173 [FXGL Background Thread 3 ] DEBUG Engine               - achievements: []
09:02:05.173 [FXGL Background Thread 3 ] DEBUG Engine               - actualHeight: 480.0
09:02:05.173 [FXGL Background Thread 3 ] DEBUG Engine               - actualHeightProperty: ReadOnlyDoubleProperty [value: 480.0]
09:02:05.174 [FXGL Background Thread 3 ] DEBUG Engine               - actualWidth: 640.0
09:02:05.174 [FXGL Background Thread 3 ] DEBUG Engine               - actualWidthProperty: ReadOnlyDoubleProperty [value: 640.0]
09:02:05.174 [FXGL Background Thread 3 ] DEBUG Engine               - appIcon: fxgl_icon.png
09:02:05.174 [FXGL Background Thread 3 ] DEBUG Engine               - applicationMode: DEVELOPER
09:02:05.174 [FXGL Background Thread 3 ] DEBUG Engine               - cSSList: [fxgl_dark.css]
09:02:05.174 [FXGL Background Thread 3 ] DEBUG Engine               - collisionDetectionStrategy: BRUTE_FORCE
09:02:05.174 [FXGL Background Thread 3 ] DEBUG Engine               - configClass: Optional.empty
09:02:05.174 [FXGL Background Thread 3 ] DEBUG Engine               - credits: []
09:02:05.174 [FXGL Background Thread 3 ] DEBUG Engine               - defaultCursor: CursorInfo(imageName=fxgl_default_cursor.png, hotspotX=7.0, hotspotY=6.0)
09:02:05.174 [FXGL Background Thread 3 ] DEBUG Engine               - devBBoxColorProperty: ObjectProperty [value: 0xff0000ff]
09:02:05.174 [FXGL Background Thread 3 ] DEBUG Engine               - devEnableDebugCameraProperty: BooleanProperty [value: false]
09:02:05.174 [FXGL Background Thread 3 ] DEBUG Engine               - devSensorColorProperty: ObjectProperty [value: 0xffff00ff]
09:02:05.175 [FXGL Background Thread 3 ] DEBUG Engine               - devShowBBoxProperty: BooleanProperty [value: false]
09:02:05.175 [FXGL Background Thread 3 ] DEBUG Engine               - devShowPositionProperty: BooleanProperty [value: false]
09:02:05.175 [FXGL Background Thread 3 ] DEBUG Engine               - enabledMenuItems: []
09:02:05.175 [FXGL Background Thread 3 ] DEBUG Engine               - engineServices: [class com.almasb.fxgl.app.services.FXGLAssetLoaderService, class com.almasb.fxgl.app.FXGLApplication$GameApplicationService, class com.almasb.fxgl.app.services.FXGLDialogService, class com.almasb.fxgl.app.services.IOTaskExecutorService, class com.almasb.fxgl.io.FileSystemService, class com.almasb.fxgl.localization.LocalizationService, class com.almasb.fxgl.app.services.SystemBundleService, class com.almasb.fxgl.profile.SaveLoadService, class com.almasb.fxgl.ui.FXGLUIFactoryServiceProvider, class com.almasb.fxgl.ui.FXGLDialogFactoryServiceProvider, class com.almasb.fxgl.audio.AudioPlayer, class com.almasb.fxgl.notification.impl.NotificationServiceProvider, class com.almasb.fxgl.achievement.AchievementService, class com.almasb.fxgl.cutscene.CutsceneService, class com.almasb.fxgl.minigames.MiniGameService, class com.almasb.fxgl.net.NetService, class com.almasb.fxgl.app.services.UpdaterService, class com.almasb.fxgl.dev.DevService]
09:02:05.175 [FXGL Background Thread 3 ] DEBUG Engine               - fontGame: Abel-Regular.ttf
09:02:05.175 [FXGL Background Thread 3 ] DEBUG Engine               - fontMono: TerminalLandMono-Regular.otf
09:02:05.175 [FXGL Background Thread 3 ] DEBUG Engine               - fontSizeScaleUI: 1.0
09:02:05.175 [FXGL Background Thread 3 ] DEBUG Engine               - fontText: Courier-Prime.ttf
09:02:05.175 [FXGL Background Thread 3 ] DEBUG Engine               - fontUI: VarelaRound-Regular.ttf
09:02:05.175 [FXGL Background Thread 3 ] DEBUG Engine               - fullScreen: BooleanProperty [value: false]
09:02:05.175 [FXGL Background Thread 3 ] DEBUG Engine               - gameDifficulty: MEDIUM
09:02:05.175 [FXGL Background Thread 3 ] DEBUG Engine               - gameDifficultyProperty: ObjectProperty [value: MEDIUM]
09:02:05.175 [FXGL Background Thread 3 ] DEBUG Engine               - globalMusicVolume: 0.5
09:02:05.175 [FXGL Background Thread 3 ] DEBUG Engine               - globalMusicVolumeProperty: DoubleProperty [value: 0.5]
09:02:05.175 [FXGL Background Thread 3 ] DEBUG Engine               - globalSoundVolume: 0.5
09:02:05.175 [FXGL Background Thread 3 ] DEBUG Engine               - globalSoundVolumeProperty: DoubleProperty [value: 0.5]
09:02:05.175 [FXGL Background Thread 3 ] DEBUG Engine               - height: 480
09:02:05.175 [FXGL Background Thread 3 ] DEBUG Engine               - is3D: false
09:02:05.175 [FXGL Background Thread 3 ] DEBUG Engine               - isAndroid: false
09:02:05.175 [FXGL Background Thread 3 ] DEBUG Engine               - isBrowser: false
09:02:05.176 [FXGL Background Thread 3 ] DEBUG Engine               - isClickFeedbackEnabled: false
09:02:05.176 [FXGL Background Thread 3 ] DEBUG Engine               - isCloseConfirmation: false
09:02:05.176 [FXGL Background Thread 3 ] DEBUG Engine               - isDesktop: true
09:02:05.176 [FXGL Background Thread 3 ] DEBUG Engine               - isDeveloperMenuEnabled: true
09:02:05.176 [FXGL Background Thread 3 ] DEBUG Engine               - isEmbedded: false
09:02:05.176 [FXGL Background Thread 3 ] DEBUG Engine               - isEntityPreloadEnabled: true
09:02:05.176 [FXGL Background Thread 3 ] DEBUG Engine               - isExperimentalTiledLargeMap: false
09:02:05.176 [FXGL Background Thread 3 ] DEBUG Engine               - isFileSystemWriteAllowed: true
09:02:05.176 [FXGL Background Thread 3 ] DEBUG Engine               - isFullScreenAllowed: false
09:02:05.176 [FXGL Background Thread 3 ] DEBUG Engine               - isFullScreenFromStart: false
09:02:05.176 [FXGL Background Thread 3 ] DEBUG Engine               - isGameMenuEnabled: true
09:02:05.176 [FXGL Background Thread 3 ] DEBUG Engine               - isIOS: false
09:02:05.176 [FXGL Background Thread 3 ] DEBUG Engine               - isIntroEnabled: false
09:02:05.176 [FXGL Background Thread 3 ] DEBUG Engine               - isLinux: false
09:02:05.176 [FXGL Background Thread 3 ] DEBUG Engine               - isMac: false
09:02:05.176 [FXGL Background Thread 3 ] DEBUG Engine               - isMainMenuEnabled: false
09:02:05.176 [FXGL Background Thread 3 ] DEBUG Engine               - isManualResizeEnabled: false
09:02:05.176 [FXGL Background Thread 3 ] DEBUG Engine               - isMobile: false
09:02:05.176 [FXGL Background Thread 3 ] DEBUG Engine               - isNative: false
09:02:05.176 [FXGL Background Thread 3 ] DEBUG Engine               - isPauseMusicWhenMinimized: true
09:02:05.176 [FXGL Background Thread 3 ] DEBUG Engine               - isPreserveResizeRatio: false
09:02:05.176 [FXGL Background Thread 3 ] DEBUG Engine               - isProfilingEnabled: false
09:02:05.176 [FXGL Background Thread 3 ] DEBUG Engine               - isScaleAffectedOnResize: true
09:02:05.177 [FXGL Background Thread 3 ] DEBUG Engine               - isSingleStep: false
09:02:05.177 [FXGL Background Thread 3 ] DEBUG Engine               - isUserProfileEnabled: false
09:02:05.177 [FXGL Background Thread 3 ] DEBUG Engine               - isWindows: true
09:02:05.177 [FXGL Background Thread 3 ] DEBUG Engine               - language: ObjectProperty [value: ENGLISH]
09:02:05.177 [FXGL Background Thread 3 ] DEBUG Engine               - menuKey: ESCAPE
09:02:05.177 [FXGL Background Thread 3 ] DEBUG Engine               - mouseSensitivity: 0.2
09:02:05.177 [FXGL Background Thread 3 ] DEBUG Engine               - notificationViewClass: class com.almasb.fxgl.notification.view.XboxNotificationView
09:02:05.177 [FXGL Background Thread 3 ] DEBUG Engine               - pixelsPerMeter: 50.0
09:02:05.177 [FXGL Background Thread 3 ] DEBUG Engine               - platform: WINDOWS
09:02:05.177 [FXGL Background Thread 3 ] DEBUG Engine               - prefHeightProperty: ReadOnlyDoubleProperty [value: 480.0]
09:02:05.177 [FXGL Background Thread 3 ] DEBUG Engine               - prefWidthProperty: ReadOnlyDoubleProperty [value: 640.0]
09:02:05.177 [FXGL Background Thread 3 ] DEBUG Engine               - profileDir: profiles/
09:02:05.177 [FXGL Background Thread 3 ] DEBUG Engine               - profileName: StringProperty [value: DEFAULT]
09:02:05.177 [FXGL Background Thread 3 ] DEBUG Engine               - randomSeed: -1
09:02:05.178 [FXGL Background Thread 3 ] DEBUG Engine               - runtimeInfo: RuntimeInfo(platform=WINDOWS, version=21.1, build=27.03.2024 07.52)
09:02:05.178 [FXGL Background Thread 3 ] DEBUG Engine               - saveFileExt: sav
09:02:05.178 [FXGL Background Thread 3 ] DEBUG Engine               - scaledHeightProp$fxgl: DoubleProperty [bound, value: 480.0]
09:02:05.178 [FXGL Background Thread 3 ] DEBUG Engine               - scaledWidthProp$fxgl: DoubleProperty [bound, value: 640.0]
09:02:05.178 [FXGL Background Thread 3 ] DEBUG Engine               - sceneFactory: com.almasb.fxgl.app.scene.SceneFactory@6dc33a60
09:02:05.178 [FXGL Background Thread 3 ] DEBUG Engine               - secondsIn24h: 60
09:02:05.178 [FXGL Background Thread 3 ] DEBUG Engine               - soundMenuBack: menu/back.wav
09:02:05.178 [FXGL Background Thread 3 ] DEBUG Engine               - soundMenuPress: menu/press.wav
09:02:05.178 [FXGL Background Thread 3 ] DEBUG Engine               - soundMenuSelect: menu/select.wav
09:02:05.178 [FXGL Background Thread 3 ] DEBUG Engine               - soundNotification: core/notification.wav
09:02:05.178 [FXGL Background Thread 3 ] DEBUG Engine               - stageStyle: DECORATED
09:02:05.178 [FXGL Background Thread 3 ] DEBUG Engine               - supportedLanguages: [ENGLISH, FRENCH, GERMAN, HUNGARIAN, RUSSIAN]
09:02:05.178 [FXGL Background Thread 3 ] DEBUG Engine               - ticksPerSecond: -1
09:02:05.178 [FXGL Background Thread 3 ] DEBUG Engine               - title: BomberMan
09:02:05.178 [FXGL Background Thread 3 ] DEBUG Engine               - urlGithub: https://github.com/AlmasB/FXGL
09:02:05.178 [FXGL Background Thread 3 ] DEBUG Engine               - urlLeaderboard: http://fxgl-top.herokuapp.com/
09:02:05.178 [FXGL Background Thread 3 ] DEBUG Engine               - urlPOM: https://raw.githubusercontent.com/AlmasB/FXGL/release/README.md
09:02:05.178 [FXGL Background Thread 3 ] DEBUG Engine               - userAppClass: class me.pooh.bakudun.App
09:02:05.178 [FXGL Background Thread 3 ] DEBUG Engine               - version: 0.1
09:02:05.178 [FXGL Background Thread 3 ] DEBUG Engine               - versionCheckDays: 7
09:02:05.178 [FXGL Background Thread 3 ] DEBUG Engine               - width: 640
09:02:05.178 [FXGL Background Thread 3 ] DEBUG Engine               - Logging services
09:02:05.179 [FXGL Background Thread 3 ] DEBUG Engine               - class com.almasb.fxgl.app.services.FXGLAssetLoaderService
09:02:05.179 [FXGL Background Thread 3 ] DEBUG Engine               - class com.almasb.fxgl.app.FXGLApplication$GameApplicationService
09:02:05.179 [FXGL Background Thread 3 ] DEBUG Engine               - class com.almasb.fxgl.app.services.FXGLDialogService
09:02:05.179 [FXGL Background Thread 3 ] DEBUG Engine               - class com.almasb.fxgl.app.services.IOTaskExecutorService
09:02:05.179 [FXGL Background Thread 3 ] DEBUG Engine               - class com.almasb.fxgl.io.FileSystemService
09:02:05.179 [FXGL Background Thread 3 ] DEBUG Engine               - class com.almasb.fxgl.localization.LocalizationService
09:02:05.179 [FXGL Background Thread 3 ] DEBUG Engine               - class com.almasb.fxgl.app.services.SystemBundleService
09:02:05.179 [FXGL Background Thread 3 ] DEBUG Engine               - class com.almasb.fxgl.profile.SaveLoadService
09:02:05.179 [FXGL Background Thread 3 ] DEBUG Engine               - class com.almasb.fxgl.ui.FXGLUIFactoryServiceProvider
09:02:05.179 [FXGL Background Thread 3 ] DEBUG Engine               - class com.almasb.fxgl.ui.FXGLDialogFactoryServiceProvider
09:02:05.179 [FXGL Background Thread 3 ] DEBUG Engine               - class com.almasb.fxgl.audio.AudioPlayer
09:02:05.179 [FXGL Background Thread 3 ] DEBUG Engine               - class com.almasb.fxgl.notification.impl.NotificationServiceProvider
09:02:05.179 [FXGL Background Thread 3 ] DEBUG Engine               - class com.almasb.fxgl.achievement.AchievementService
09:02:05.179 [FXGL Background Thread 3 ] DEBUG Engine               - class com.almasb.fxgl.cutscene.CutsceneService
09:02:05.179 [FXGL Background Thread 3 ] DEBUG Engine               - class com.almasb.fxgl.minigames.MiniGameService
09:02:05.179 [FXGL Background Thread 3 ] DEBUG Engine               - class com.almasb.fxgl.net.NetService
09:02:05.179 [FXGL Background Thread 3 ] DEBUG Engine               - class com.almasb.fxgl.app.services.UpdaterService
09:02:05.179 [FXGL Background Thread 3 ] DEBUG Engine               - class com.almasb.fxgl.dev.DevService
09:02:06.903 [JavaFX Application Thread] WARN  Entity               - Entity already has component: com.almasb.fxgl.physics.PhysicsComponent
09:02:07.119 [JavaFX Application Thread] WARN  Entity               - Entity already has component: com.almasb.fxgl.physics.PhysicsComponent
09:02:07.341 [JavaFX Application Thread] WARN  Entity               - Entity already has component: com.almasb.fxgl.physics.PhysicsComponent
09:02:08.644 [JavaFX Application Thread] DEBUG FXGLApplication      - Exiting FXGL
09:02:08.645 [JavaFX Application Thread] DEBUG LoopRunner           - Stopping loop
09:02:08.645 [JavaFX Application Thread] DEBUG SystemBundleService  - Saving FXGL system data
09:02:08.646 [JavaFX Application Thread] DEBUG FileSystemAccess     - Writing to: C:\Users\POO\intellij\Bakudun\system\fxgl.bundle
09:02:08.648 [JavaFX Application Thread] DEBUG Async                - Shutting down background threads
09:02:08.648 [JavaFX Application Thread] DEBUG PrimaryStageWindow   - Closing main window
09:02:08.667 [JavaFX Application Thread] DEBUG Logger               - Closing Logger
