15:18:32.339 [main                     ] DEBUG Logger               - Configured Logger
15:18:32.361 [main                     ] DEBUG GameApplication      - Logging settings
Title: BomberMan
Version: 0.1
Width: 640
Height: 480
Fullscreen: false
Intro: false
Profiling: false
Single step:false
App Mode: DEVELOPER
Menu Key: ESCAPE
Stage Style: DECORATED
Scene Factory: class com.almasb.fxgl.app.scene.SceneFactory

15:18:33.044 [JavaFX Application Thread] DEBUG FXGLApplication      - Initializing FXGL
15:18:33.048 [JavaFX Application Thread] INFO  Engine               - FXGL-21.1 (27.03.2024 07.52) on WINDOWS (J:21.0.2 FX:21.0.1)
15:18:33.048 [JavaFX Application Thread] DEBUG Engine               - JRE Vendor Name: Eclipse Adoptium
15:18:33.048 [JavaFX Application Thread] DEBUG Engine               - Running on OS: Windows 11 version 10.0
15:18:33.048 [JavaFX Application Thread] DEBUG Engine               - Architecture: amd64
15:18:33.048 [JavaFX Application Thread] INFO  Engine               - Source code and latest versions at: https://github.com/AlmasB/FXGL
15:18:33.048 [JavaFX Application Thread] INFO  Engine               -       Ask questions and discuss at: https://github.com/AlmasB/FXGL/discussions
15:18:33.049 [JavaFX Application Thread] INFO  Engine               -              Join the FXGL chat at: https://gitter.im/AlmasB/FXGL
15:18:33.165 [JavaFX Application Thread] DEBUG PrimaryStageWindow   - Creating a JavaFX scene
15:18:33.218 [JavaFX Application Thread] DEBUG PrimaryStageWindow   - Target settings size: 640.0 x 480.0
15:18:33.218 [JavaFX Application Thread] DEBUG PrimaryStageWindow   - Scaled scene size:    640.0 x 480.0
15:18:33.218 [JavaFX Application Thread] DEBUG PrimaryStageWindow   - Scaled ratio: (1.0, 1.0)
15:18:33.220 [JavaFX Application Thread] DEBUG PrimaryStageWindow   - Set initial scene to FXGLStartupScene
15:18:33.224 [JavaFX Application Thread] DEBUG PrimaryStageWindow   - Opening main window
15:18:33.341 [JavaFX Application Thread] DEBUG PrimaryStageWindow   - Window border size: (14.4000244140625, 37.5999755859375)
15:18:33.341 [JavaFX Application Thread] DEBUG PrimaryStageWindow   - Scaled size: 640.0 x 480.0
15:18:33.341 [JavaFX Application Thread] DEBUG PrimaryStageWindow   - Scaled ratio: (1.0, 1.0)
15:18:33.341 [JavaFX Application Thread] DEBUG PrimaryStageWindow   - Scene size: 640.0 x 480.0
15:18:33.341 [JavaFX Application Thread] DEBUG PrimaryStageWindow   - Stage size: 654.4000244140625 x 517.5999755859375
15:18:33.352 [FXGL Background Thread 1 ] DEBUG Engine               - Initializing environment variables
15:18:33.425 [FXGL Background Thread 1 ] DEBUG FXGLAssetLoaderServi - User app class for loading assets: class me.pooh.bakudun.App
15:18:33.426 [FXGL Background Thread 1 ] DEBUG GameApplicationServi - Applying CSS: fxgl_dark.css
15:18:33.427 [FXGL Background Thread 1 ] DEBUG FXGLAssetLoaderServi - Loading from file system: jar:file:///C:/Users/POO/.m2/repository/com/github/almasb/fxgl/21.1/fxgl-21.1.jar!/fxglassets/ui/css/fxgl_dark.css
15:18:33.471 [FXGL Background Thread 1 ] DEBUG GameApplicationServi - Initializing application scenes
15:18:33.526 [FXGL Background Thread 1 ] DEBUG GameWorld            - Game world initialized
15:18:33.589 [FXGL Background Thread 1 ] DEBUG PhysicsWorld         - Physics world initialized: appHeight=480, physics.ppm=50.0
15:18:33.590 [FXGL Background Thread 1 ] DEBUG PhysicsWorld         - Using strategy: BRUTE_FORCE
15:18:33.594 [FXGL Background Thread 1 ] DEBUG GameScene            - Game scene initialized: 640x480
15:18:33.606 [FXGL Background Thread 1 ] WARN  FXGL.DefaultMenu     - FXGLDefaultMenu is not designed for resolutions < 800x600
15:18:33.606 [FXGL Background Thread 1 ] DEBUG FXGL.DefaultMenu     - createMenuBodyGameMenu()
15:18:33.621 [FXGL Background Thread 1 ] DEBUG FXGL.DefaultMenu     - createOptionsMenu()
15:18:33.629 [FXGL Background Thread 1 ] DEBUG FXGLAssetLoaderServi - Loading from file system: jar:file:///C:/Users/POO/.m2/repository/com/github/almasb/fxgl/21.1/fxgl-21.1.jar!/fxglassets/textures/particles/smoke.png
15:18:33.721 [FXGL Background Thread 1 ] DEBUG FXGLAssetLoaderServi - Loading from file system: jar:file:///C:/Users/POO/.m2/repository/com/github/almasb/fxgl/21.1/fxgl-21.1.jar!/fxglassets/textures/particles/trace_horizontal.png
15:18:33.753 [FXGL Background Thread 1 ] DEBUG GameApplicationServi - Application scenes initialized
15:18:33.768 [FXGL Background Thread 1 ] DEBUG SystemBundleService  - Loading FXGL system data
15:18:33.772 [FXGL Background Thread 1 ] DEBUG FileSystemAccess     - Reading from: C:\Users\POO\intellij\Bakudun\system\fxgl.bundle
15:18:33.781 [FXGL Background Thread 1 ] DEBUG SystemBundleService  - Bundle FXGL: {}
15:18:33.781 [FXGL Background Thread 1 ] DEBUG UpdaterService       - Checking for updates
15:18:33.812 [FXGL Background Thread 4 ] DEBUG FXGLApplication      - Loading fonts
15:18:33.813 [FXGL Background Thread 4 ] DEBUG FXGLAssetLoaderServi - Loading from file system: jar:file:///C:/Users/POO/.m2/repository/com/github/almasb/fxgl/21.1/fxgl-21.1.jar!/fxglassets/ui/fonts/VarelaRound-Regular.ttf
15:18:33.813 [FXGL Background Thread 1 ] DEBUG FXGLApplication      - Loading default localization
15:18:33.814 [FXGL Background Thread 1 ] DEBUG FXGLAssetLoaderServi - Loading from file system: jar:file:///C:/Users/POO/.m2/repository/com/github/almasb/fxgl/21.1/fxgl-21.1.jar!/fxglassets/languages/english.lang
15:18:33.833 [FXGL Background Thread 1 ] INFO  FXGLApplication      - FXGL initialization took: 0.480 sec
15:18:33.844 [JavaFX Application Thread] DEBUG Input                - Registered new binding: Right - D
15:18:33.844 [JavaFX Application Thread] DEBUG Input                - Registered new binding: Left - A
15:18:33.844 [JavaFX Application Thread] DEBUG Input                - Registered new binding: Up - W
15:18:33.845 [JavaFX Application Thread] DEBUG Input                - Registered new binding: Down - S
15:18:33.845 [JavaFX Application Thread] DEBUG Input                - Registered new binding: Place Bomb - Space
15:18:33.846 [JavaFX Application Thread] DEBUG FXGLAssetLoaderServi - Loading from file system: jar:file:///C:/Users/POO/.m2/repository/com/github/almasb/fxgl/21.1/fxgl-21.1.jar!/fxglassets/textures/fxgl_icon.png
15:18:33.849 [FXGL Background Thread 4 ] DEBUG FXGLAssetLoaderServi - Loading from file system: jar:file:///C:/Users/POO/.m2/repository/com/github/almasb/fxgl/21.1/fxgl-21.1.jar!/fxglassets/ui/fonts/Abel-Regular.ttf
15:18:33.854 [FXGL Background Thread 4 ] DEBUG FXGLAssetLoaderServi - Loading from file system: jar:file:///C:/Users/POO/.m2/repository/com/github/almasb/fxgl/21.1/fxgl-21.1.jar!/fxglassets/ui/fonts/TerminalLandMono-Regular.otf
15:18:33.858 [FXGL Background Thread 4 ] DEBUG FXGLAssetLoaderServi - Loading from file system: jar:file:///C:/Users/POO/.m2/repository/com/github/almasb/fxgl/21.1/fxgl-21.1.jar!/fxglassets/ui/fonts/Courier-Prime.ttf
15:18:33.860 [JavaFX Application Thread] DEBUG FXGLAssetLoaderServi - Loading from file system: jar:file:///C:/Users/POO/.m2/repository/com/github/almasb/fxgl/21.1/fxgl-21.1.jar!/fxglassets/textures/fxgl_default_cursor.png
15:18:33.863 [JavaFX Application Thread] DEBUG Input                - Registered new binding: Screenshot - CTRL+8
15:18:33.863 [JavaFX Application Thread] DEBUG Input                - Registered new binding: Dev Options - 1
15:18:33.864 [JavaFX Application Thread] DEBUG Input                - Registered new binding: Dev Console - 2
15:18:33.865 [JavaFX Application Thread] DEBUG Input                - Registered new binding: System info dump - CTRL+9
15:18:33.865 [JavaFX Application Thread] DEBUG Input                - Registered new binding: Restart - CTRL+R
15:18:33.866 [JavaFX Application Thread] DEBUG Input                - Registered new binding: Toggle Debug Camera - CTRL+7
15:18:33.873 [JavaFX Application Thread] DEBUG LoopRunner           - Starting loop
15:18:33.891 [JavaFX Application Thread] DEBUG LoopRunner           - Initializing JavaFX AnimationTimerLoop
15:18:33.893 [JavaFX Application Thread] DEBUG GameApplicationServi - Starting new game
15:18:33.893 [JavaFX Application Thread] DEBUG Input                - Clearing active input actions
15:18:33.906 [JavaFX Application Thread] DEBUG GameApplicationServi - Removing overlay from FXGLStartupScene and adding to FXGLLoadingScene
15:18:33.911 [JavaFX Application Thread] DEBUG PrimaryStageWindow   - FXGLStartupScene -> FXGLLoadingScene
15:18:33.911 [JavaFX Application Thread] DEBUG GameApplicationServi - Clearing previous game
15:18:33.911 [JavaFX Application Thread] DEBUG GameScene            - Clearing game scene
15:18:33.911 [JavaFX Application Thread] DEBUG GameWorld            - Clearing game world
15:18:33.912 [JavaFX Application Thread] DEBUG PhysicsWorld         - Clearing physics world
15:18:33.913 [FXGL Background Thread 4 ] DEBUG FXGLApplication      - Initializing game
15:18:33.913 [JavaFX Application Thread] DEBUG FXGLApplication      - Registering font factories with UI factory
15:18:33.973 [FXGL Background Thread 4 ] WARN  TMXLevelLoader       - TiledMap generated from 1.11.2. Supported version: 1.9.0. Some features may not be parsed fully.
15:18:34.012 [FXGL Background Thread 4 ] DEBUG TMXLevelLoader       - Parsed TiledMap: file:/C:/Users/POO/intellij/Bakudun/target/classes/assets/levels/Map.tmx
15:18:34.014 [FXGL Background Thread 4 ] DEBUG TMXLevelLoader       - Creating tile layer entities
15:18:34.016 [FXGL Background Thread 4 ] DEBUG TilesetLoader        - Loading view for layer เลเยอร์ไทล์ 1
15:18:34.017 [FXGL Background Thread 4 ] DEBUG TilesetLoader        - Created buffer with size 640.0x480.0
15:18:34.026 [FXGL Background Thread 4 ] WARN  TilesetLoader        - Diagonally flipped tiles are not currently supported
15:18:34.039 [FXGL Background Thread 4 ] WARN  TilesetLoader        - Diagonally flipped tiles are not currently supported
15:18:34.049 [FXGL Background Thread 4 ] DEBUG TilesetLoader        - Loading view for layer WALL46
15:18:34.050 [FXGL Background Thread 4 ] DEBUG TilesetLoader        - Created buffer with size 640.0x480.0
15:18:34.050 [FXGL Background Thread 4 ] DEBUG TilesetLoader        - Loading view for layer WALL45
15:18:34.052 [FXGL Background Thread 4 ] DEBUG TilesetLoader        - Created buffer with size 640.0x480.0
15:18:34.053 [FXGL Background Thread 4 ] DEBUG TilesetLoader        - Loading view for layer WALL44
15:18:34.054 [FXGL Background Thread 4 ] DEBUG TilesetLoader        - Created buffer with size 640.0x480.0
15:18:34.055 [FXGL Background Thread 4 ] DEBUG TilesetLoader        - Loading view for layer WALL43
15:18:34.056 [FXGL Background Thread 4 ] DEBUG TilesetLoader        - Created buffer with size 640.0x480.0
15:18:34.056 [FXGL Background Thread 4 ] DEBUG TilesetLoader        - Loading view for layer WALL42
15:18:34.057 [FXGL Background Thread 4 ] DEBUG TilesetLoader        - Created buffer with size 640.0x480.0
15:18:34.057 [FXGL Background Thread 4 ] DEBUG TilesetLoader        - Loading view for layer WALL41
15:18:34.058 [FXGL Background Thread 4 ] DEBUG TilesetLoader        - Created buffer with size 640.0x480.0
15:18:34.058 [FXGL Background Thread 4 ] DEBUG TilesetLoader        - Loading view for layer WALL38
15:18:34.059 [FXGL Background Thread 4 ] DEBUG TilesetLoader        - Created buffer with size 640.0x480.0
15:18:34.060 [FXGL Background Thread 4 ] DEBUG TilesetLoader        - Loading view for layer WALL37
15:18:34.061 [FXGL Background Thread 4 ] DEBUG TilesetLoader        - Created buffer with size 640.0x480.0
15:18:34.061 [FXGL Background Thread 4 ] DEBUG TilesetLoader        - Loading view for layer WALL36
15:18:34.061 [FXGL Background Thread 4 ] DEBUG TilesetLoader        - Created buffer with size 640.0x480.0
15:18:34.063 [FXGL Background Thread 4 ] DEBUG TilesetLoader        - Loading view for layer WALL35
15:18:34.063 [FXGL Background Thread 4 ] DEBUG TilesetLoader        - Created buffer with size 640.0x480.0
15:18:34.064 [FXGL Background Thread 4 ] DEBUG TilesetLoader        - Loading view for layer WALL34
15:18:34.064 [FXGL Background Thread 4 ] DEBUG TilesetLoader        - Created buffer with size 640.0x480.0
15:18:34.065 [FXGL Background Thread 4 ] DEBUG TilesetLoader        - Loading view for layer WALL33
15:18:34.065 [FXGL Background Thread 4 ] DEBUG TilesetLoader        - Created buffer with size 640.0x480.0
15:18:34.066 [FXGL Background Thread 4 ] DEBUG TilesetLoader        - Loading view for layer WALL32
15:18:34.066 [FXGL Background Thread 4 ] DEBUG TilesetLoader        - Created buffer with size 640.0x480.0
15:18:34.067 [FXGL Background Thread 4 ] DEBUG TilesetLoader        - Loading view for layer WALL31
15:18:34.076 [FXGL Background Thread 4 ] DEBUG TilesetLoader        - Created buffer with size 640.0x480.0
15:18:34.077 [FXGL Background Thread 4 ] DEBUG TilesetLoader        - Loading view for layer WALL30
15:18:34.077 [FXGL Background Thread 4 ] DEBUG TilesetLoader        - Created buffer with size 640.0x480.0
15:18:34.077 [FXGL Background Thread 4 ] DEBUG TilesetLoader        - Loading view for layer WALL29
15:18:34.082 [FXGL Background Thread 4 ] DEBUG TilesetLoader        - Created buffer with size 640.0x480.0
15:18:34.084 [FXGL Background Thread 4 ] DEBUG TilesetLoader        - Loading view for layer WALL28
15:18:34.085 [FXGL Background Thread 4 ] DEBUG TilesetLoader        - Created buffer with size 640.0x480.0
15:18:34.085 [FXGL Background Thread 4 ] DEBUG TilesetLoader        - Loading view for layer WALL27
15:18:34.086 [FXGL Background Thread 4 ] DEBUG TilesetLoader        - Created buffer with size 640.0x480.0
15:18:34.086 [FXGL Background Thread 4 ] DEBUG TilesetLoader        - Loading view for layer WALL26
15:18:34.086 [FXGL Background Thread 4 ] DEBUG TilesetLoader        - Created buffer with size 640.0x480.0
15:18:34.087 [FXGL Background Thread 4 ] DEBUG TilesetLoader        - Loading view for layer WALL25
15:18:34.087 [FXGL Background Thread 4 ] DEBUG TilesetLoader        - Created buffer with size 640.0x480.0
15:18:34.088 [FXGL Background Thread 4 ] DEBUG TilesetLoader        - Loading view for layer WALL24
15:18:34.088 [FXGL Background Thread 4 ] DEBUG TilesetLoader        - Created buffer with size 640.0x480.0
15:18:34.088 [FXGL Background Thread 4 ] DEBUG TilesetLoader        - Loading view for layer WALL23
15:18:34.088 [FXGL Background Thread 4 ] DEBUG TilesetLoader        - Created buffer with size 640.0x480.0
15:18:34.089 [FXGL Background Thread 4 ] DEBUG TilesetLoader        - Loading view for layer WALL22
15:18:34.089 [FXGL Background Thread 4 ] DEBUG TilesetLoader        - Created buffer with size 640.0x480.0
15:18:34.089 [FXGL Background Thread 4 ] DEBUG TilesetLoader        - Loading view for layer WALL21
15:18:34.090 [FXGL Background Thread 4 ] DEBUG TilesetLoader        - Created buffer with size 640.0x480.0
15:18:34.093 [FXGL Background Thread 4 ] DEBUG TilesetLoader        - Loading view for layer WALL20
15:18:34.094 [FXGL Background Thread 4 ] DEBUG TilesetLoader        - Created buffer with size 640.0x480.0
15:18:34.094 [FXGL Background Thread 4 ] DEBUG TilesetLoader        - Loading view for layer WALL19
15:18:34.095 [FXGL Background Thread 4 ] DEBUG TilesetLoader        - Created buffer with size 640.0x480.0
15:18:34.096 [FXGL Background Thread 4 ] DEBUG TilesetLoader        - Loading view for layer WALL18
15:18:34.098 [FXGL Background Thread 4 ] DEBUG TilesetLoader        - Created buffer with size 640.0x480.0
15:18:34.100 [FXGL Background Thread 4 ] DEBUG TilesetLoader        - Loading view for layer WALL17
15:18:34.100 [FXGL Background Thread 4 ] DEBUG TilesetLoader        - Created buffer with size 640.0x480.0
15:18:34.101 [FXGL Background Thread 4 ] DEBUG TilesetLoader        - Loading view for layer WALL16
15:18:34.102 [FXGL Background Thread 4 ] DEBUG TilesetLoader        - Created buffer with size 640.0x480.0
15:18:34.102 [FXGL Background Thread 4 ] DEBUG TilesetLoader        - Loading view for layer WALL15
15:18:34.103 [FXGL Background Thread 4 ] DEBUG TilesetLoader        - Created buffer with size 640.0x480.0
15:18:34.103 [FXGL Background Thread 4 ] DEBUG TilesetLoader        - Loading view for layer WALL14
15:18:34.105 [FXGL Background Thread 4 ] DEBUG TilesetLoader        - Created buffer with size 640.0x480.0
15:18:34.105 [FXGL Background Thread 4 ] DEBUG TilesetLoader        - Loading view for layer WALL13
15:18:34.106 [FXGL Background Thread 4 ] DEBUG TilesetLoader        - Created buffer with size 640.0x480.0
15:18:34.108 [FXGL Background Thread 4 ] DEBUG TilesetLoader        - Loading view for layer WALL12
15:18:34.109 [FXGL Background Thread 4 ] DEBUG TilesetLoader        - Created buffer with size 640.0x480.0
15:18:34.110 [FXGL Background Thread 4 ] DEBUG TilesetLoader        - Loading view for layer WALL11
15:18:34.113 [FXGL Background Thread 4 ] DEBUG TilesetLoader        - Created buffer with size 640.0x480.0
15:18:34.114 [FXGL Background Thread 4 ] DEBUG TilesetLoader        - Loading view for layer WALL10
15:18:34.114 [FXGL Background Thread 4 ] DEBUG TilesetLoader        - Created buffer with size 640.0x480.0
15:18:34.115 [FXGL Background Thread 4 ] DEBUG TilesetLoader        - Loading view for layer WALL9
15:18:34.116 [FXGL Background Thread 4 ] DEBUG TilesetLoader        - Created buffer with size 640.0x480.0
15:18:34.116 [FXGL Background Thread 4 ] DEBUG TilesetLoader        - Loading view for layer WALL8
15:18:34.117 [FXGL Background Thread 4 ] DEBUG TilesetLoader        - Created buffer with size 640.0x480.0
15:18:34.117 [FXGL Background Thread 4 ] DEBUG TilesetLoader        - Loading view for layer WALL7
15:18:34.118 [FXGL Background Thread 4 ] DEBUG TilesetLoader        - Created buffer with size 640.0x480.0
15:18:34.118 [FXGL Background Thread 4 ] DEBUG TilesetLoader        - Loading view for layer WALL6
15:18:34.119 [FXGL Background Thread 4 ] DEBUG TilesetLoader        - Created buffer with size 640.0x480.0
15:18:34.121 [FXGL Background Thread 4 ] DEBUG TilesetLoader        - Loading view for layer WALL5
15:18:34.122 [FXGL Background Thread 4 ] DEBUG TilesetLoader        - Created buffer with size 640.0x480.0
15:18:34.123 [FXGL Background Thread 4 ] DEBUG TilesetLoader        - Loading view for layer WALL4
15:18:34.124 [FXGL Background Thread 4 ] DEBUG TilesetLoader        - Created buffer with size 640.0x480.0
15:18:34.125 [FXGL Background Thread 4 ] DEBUG TilesetLoader        - Loading view for layer WALL3
15:18:34.128 [FXGL Background Thread 4 ] DEBUG TilesetLoader        - Created buffer with size 640.0x480.0
15:18:34.129 [FXGL Background Thread 4 ] DEBUG TilesetLoader        - Loading view for layer WALL2
15:18:34.129 [FXGL Background Thread 4 ] DEBUG TilesetLoader        - Created buffer with size 640.0x480.0
15:18:34.130 [FXGL Background Thread 4 ] DEBUG TilesetLoader        - Loading view for layer WALL1
15:18:34.131 [FXGL Background Thread 4 ] DEBUG TilesetLoader        - Created buffer with size 640.0x480.0
15:18:34.131 [FXGL Background Thread 4 ] DEBUG TilesetLoader        - Loading view for layer เลเยอร์ไทล์ 2
15:18:34.132 [FXGL Background Thread 4 ] DEBUG TilesetLoader        - Created buffer with size 640.0x480.0
15:18:34.132 [FXGL Background Thread 4 ] DEBUG TilesetLoader        - Loading view for layer เลเยอร์ไทล์ 3
15:18:34.133 [FXGL Background Thread 4 ] DEBUG TilesetLoader        - Created buffer with size 640.0x480.0
15:18:34.133 [FXGL Background Thread 4 ] DEBUG TMXLevelLoader       - Creating object layer entities
15:18:34.169 [FXGL Background Thread 4 ] DEBUG FXGLAssetLoaderServi - Loading from file system: file:/C:/Users/POO/intellij/Bakudun/target/classes/assets/textures/Jim2.png
15:18:34.197 [FXGL Background Thread 4 ] DEBUG FXGLAssetLoaderServi - Loading from file system: file:/C:/Users/POO/intellij/Bakudun/target/classes/assets/textures/wallbreakas.png
15:18:34.211 [FXGL Background Thread 4 ] WARN  TMXLevelLoader       - TiledMap generated from 1.11.2. Supported version: 1.9.0. Some features may not be parsed fully.
15:18:34.232 [FXGL Background Thread 4 ] DEBUG TMXLevelLoader       - Parsed TiledMap: file:/C:/Users/POO/intellij/Bakudun/target/classes/assets/levels/Map.tmx
15:18:34.232 [FXGL Background Thread 4 ] DEBUG TMXLevelLoader       - Creating tile layer entities
15:18:34.233 [FXGL Background Thread 4 ] DEBUG TilesetLoader        - Loading view for layer เลเยอร์ไทล์ 1
15:18:34.237 [FXGL Background Thread 4 ] DEBUG TilesetLoader        - Created buffer with size 640.0x480.0
15:18:34.243 [FXGL Background Thread 4 ] WARN  TilesetLoader        - Diagonally flipped tiles are not currently supported
15:18:34.251 [FXGL Background Thread 4 ] WARN  TilesetLoader        - Diagonally flipped tiles are not currently supported
15:18:34.257 [FXGL Background Thread 4 ] DEBUG TilesetLoader        - Loading view for layer WALL46
15:18:34.262 [FXGL Background Thread 4 ] DEBUG TilesetLoader        - Created buffer with size 640.0x480.0
15:18:34.264 [FXGL Background Thread 4 ] DEBUG TilesetLoader        - Loading view for layer WALL45
15:18:34.264 [FXGL Background Thread 4 ] DEBUG TilesetLoader        - Created buffer with size 640.0x480.0
15:18:34.265 [FXGL Background Thread 4 ] DEBUG TilesetLoader        - Loading view for layer WALL44
15:18:34.265 [FXGL Background Thread 4 ] DEBUG TilesetLoader        - Created buffer with size 640.0x480.0
15:18:34.266 [FXGL Background Thread 4 ] DEBUG TilesetLoader        - Loading view for layer WALL43
15:18:34.267 [FXGL Background Thread 4 ] DEBUG TilesetLoader        - Created buffer with size 640.0x480.0
15:18:34.267 [FXGL Background Thread 4 ] DEBUG TilesetLoader        - Loading view for layer WALL42
15:18:34.268 [FXGL Background Thread 4 ] DEBUG TilesetLoader        - Created buffer with size 640.0x480.0
15:18:34.268 [FXGL Background Thread 4 ] DEBUG TilesetLoader        - Loading view for layer WALL41
15:18:34.269 [FXGL Background Thread 4 ] DEBUG TilesetLoader        - Created buffer with size 640.0x480.0
15:18:34.271 [FXGL Background Thread 4 ] DEBUG TilesetLoader        - Loading view for layer WALL38
15:18:34.272 [FXGL Background Thread 4 ] DEBUG TilesetLoader        - Created buffer with size 640.0x480.0
15:18:34.273 [FXGL Background Thread 4 ] DEBUG TilesetLoader        - Loading view for layer WALL37
15:18:34.278 [FXGL Background Thread 4 ] DEBUG TilesetLoader        - Created buffer with size 640.0x480.0
15:18:34.279 [FXGL Background Thread 4 ] DEBUG TilesetLoader        - Loading view for layer WALL36
15:18:34.280 [FXGL Background Thread 4 ] DEBUG TilesetLoader        - Created buffer with size 640.0x480.0
15:18:34.281 [FXGL Background Thread 4 ] DEBUG TilesetLoader        - Loading view for layer WALL35
15:18:34.281 [FXGL Background Thread 4 ] DEBUG TilesetLoader        - Created buffer with size 640.0x480.0
15:18:34.282 [FXGL Background Thread 4 ] DEBUG TilesetLoader        - Loading view for layer WALL34
15:18:34.283 [FXGL Background Thread 4 ] DEBUG TilesetLoader        - Created buffer with size 640.0x480.0
15:18:34.283 [FXGL Background Thread 4 ] DEBUG TilesetLoader        - Loading view for layer WALL33
15:18:34.284 [FXGL Background Thread 4 ] DEBUG TilesetLoader        - Created buffer with size 640.0x480.0
15:18:34.285 [FXGL Background Thread 4 ] DEBUG TilesetLoader        - Loading view for layer WALL32
15:18:34.285 [FXGL Background Thread 4 ] DEBUG TilesetLoader        - Created buffer with size 640.0x480.0
15:18:34.286 [FXGL Background Thread 4 ] DEBUG TilesetLoader        - Loading view for layer WALL31
15:18:34.288 [FXGL Background Thread 4 ] DEBUG TilesetLoader        - Created buffer with size 640.0x480.0
15:18:34.289 [FXGL Background Thread 4 ] DEBUG TilesetLoader        - Loading view for layer WALL30
15:18:34.290 [FXGL Background Thread 4 ] DEBUG TilesetLoader        - Created buffer with size 640.0x480.0
15:18:34.291 [FXGL Background Thread 4 ] DEBUG TilesetLoader        - Loading view for layer WALL29
15:18:34.295 [FXGL Background Thread 4 ] DEBUG TilesetLoader        - Created buffer with size 640.0x480.0
15:18:34.297 [FXGL Background Thread 4 ] DEBUG TilesetLoader        - Loading view for layer WALL28
15:18:34.297 [FXGL Background Thread 4 ] DEBUG TilesetLoader        - Created buffer with size 640.0x480.0
15:18:34.298 [FXGL Background Thread 4 ] DEBUG TilesetLoader        - Loading view for layer WALL27
15:18:34.298 [FXGL Background Thread 4 ] DEBUG TilesetLoader        - Created buffer with size 640.0x480.0
15:18:34.299 [FXGL Background Thread 4 ] DEBUG TilesetLoader        - Loading view for layer WALL26
15:18:34.300 [FXGL Background Thread 4 ] DEBUG TilesetLoader        - Created buffer with size 640.0x480.0
15:18:34.300 [FXGL Background Thread 4 ] DEBUG TilesetLoader        - Loading view for layer WALL25
15:18:34.301 [FXGL Background Thread 4 ] DEBUG TilesetLoader        - Created buffer with size 640.0x480.0
15:18:34.301 [FXGL Background Thread 4 ] DEBUG TilesetLoader        - Loading view for layer WALL24
15:18:34.302 [FXGL Background Thread 4 ] DEBUG TilesetLoader        - Created buffer with size 640.0x480.0
15:18:34.302 [FXGL Background Thread 4 ] DEBUG TilesetLoader        - Loading view for layer WALL23
15:18:34.304 [FXGL Background Thread 4 ] DEBUG TilesetLoader        - Created buffer with size 640.0x480.0
15:18:34.305 [FXGL Background Thread 4 ] DEBUG TilesetLoader        - Loading view for layer WALL22
15:18:34.306 [FXGL Background Thread 4 ] DEBUG TilesetLoader        - Created buffer with size 640.0x480.0
15:18:34.307 [FXGL Background Thread 4 ] DEBUG TilesetLoader        - Loading view for layer WALL21
15:18:34.311 [FXGL Background Thread 4 ] DEBUG TilesetLoader        - Created buffer with size 640.0x480.0
15:18:34.314 [FXGL Background Thread 4 ] DEBUG TilesetLoader        - Loading view for layer WALL20
15:18:34.315 [FXGL Background Thread 4 ] DEBUG TilesetLoader        - Created buffer with size 640.0x480.0
15:18:34.315 [FXGL Background Thread 4 ] DEBUG TilesetLoader        - Loading view for layer WALL19
15:18:34.316 [FXGL Background Thread 4 ] DEBUG TilesetLoader        - Created buffer with size 640.0x480.0
15:18:34.317 [FXGL Background Thread 4 ] DEBUG TilesetLoader        - Loading view for layer WALL18
15:18:34.317 [FXGL Background Thread 4 ] DEBUG TilesetLoader        - Created buffer with size 640.0x480.0
15:18:34.318 [FXGL Background Thread 4 ] DEBUG TilesetLoader        - Loading view for layer WALL17
15:18:34.318 [FXGL Background Thread 4 ] DEBUG TilesetLoader        - Created buffer with size 640.0x480.0
15:18:34.319 [FXGL Background Thread 4 ] DEBUG TilesetLoader        - Loading view for layer WALL16
15:18:34.319 [FXGL Background Thread 4 ] DEBUG TilesetLoader        - Created buffer with size 640.0x480.0
15:18:34.320 [FXGL Background Thread 4 ] DEBUG TilesetLoader        - Loading view for layer WALL15
15:18:34.322 [FXGL Background Thread 4 ] DEBUG TilesetLoader        - Created buffer with size 640.0x480.0
15:18:34.323 [FXGL Background Thread 4 ] DEBUG TilesetLoader        - Loading view for layer WALL14
15:18:34.324 [FXGL Background Thread 4 ] DEBUG TilesetLoader        - Created buffer with size 640.0x480.0
15:18:34.325 [FXGL Background Thread 4 ] DEBUG TilesetLoader        - Loading view for layer WALL13
15:18:34.329 [FXGL Background Thread 4 ] DEBUG TilesetLoader        - Created buffer with size 640.0x480.0
15:18:34.331 [FXGL Background Thread 4 ] DEBUG TilesetLoader        - Loading view for layer WALL12
15:18:34.332 [FXGL Background Thread 4 ] DEBUG TilesetLoader        - Created buffer with size 640.0x480.0
15:18:34.333 [FXGL Background Thread 4 ] DEBUG TilesetLoader        - Loading view for layer WALL11
15:18:34.333 [FXGL Background Thread 4 ] DEBUG TilesetLoader        - Created buffer with size 640.0x480.0
15:18:34.334 [FXGL Background Thread 4 ] DEBUG TilesetLoader        - Loading view for layer WALL10
15:18:34.334 [FXGL Background Thread 4 ] DEBUG TilesetLoader        - Created buffer with size 640.0x480.0
15:18:34.335 [FXGL Background Thread 4 ] DEBUG TilesetLoader        - Loading view for layer WALL9
15:18:34.335 [FXGL Background Thread 4 ] DEBUG TilesetLoader        - Created buffer with size 640.0x480.0
15:18:34.335 [FXGL Background Thread 4 ] DEBUG TilesetLoader        - Loading view for layer WALL8
15:18:34.335 [FXGL Background Thread 4 ] DEBUG TilesetLoader        - Created buffer with size 640.0x480.0
15:18:34.336 [FXGL Background Thread 4 ] DEBUG TilesetLoader        - Loading view for layer WALL7
15:18:34.336 [FXGL Background Thread 4 ] DEBUG TilesetLoader        - Created buffer with size 640.0x480.0
15:18:34.336 [FXGL Background Thread 4 ] DEBUG TilesetLoader        - Loading view for layer WALL6
15:18:34.336 [FXGL Background Thread 4 ] DEBUG TilesetLoader        - Created buffer with size 640.0x480.0
15:18:34.337 [FXGL Background Thread 4 ] DEBUG TilesetLoader        - Loading view for layer WALL5
15:18:34.337 [FXGL Background Thread 4 ] DEBUG TilesetLoader        - Created buffer with size 640.0x480.0
15:18:34.337 [FXGL Background Thread 4 ] DEBUG TilesetLoader        - Loading view for layer WALL4
15:18:34.337 [FXGL Background Thread 4 ] DEBUG TilesetLoader        - Created buffer with size 640.0x480.0
15:18:34.338 [FXGL Background Thread 4 ] DEBUG TilesetLoader        - Loading view for layer WALL3
15:18:34.338 [FXGL Background Thread 4 ] DEBUG TilesetLoader        - Created buffer with size 640.0x480.0
15:18:34.338 [FXGL Background Thread 4 ] DEBUG TilesetLoader        - Loading view for layer WALL2
15:18:34.338 [FXGL Background Thread 4 ] DEBUG TilesetLoader        - Created buffer with size 640.0x480.0
15:18:34.341 [FXGL Background Thread 4 ] DEBUG TilesetLoader        - Loading view for layer WALL1
15:18:34.342 [FXGL Background Thread 4 ] DEBUG TilesetLoader        - Created buffer with size 640.0x480.0
15:18:34.342 [FXGL Background Thread 4 ] DEBUG TilesetLoader        - Loading view for layer เลเยอร์ไทล์ 2
15:18:34.342 [FXGL Background Thread 4 ] DEBUG TilesetLoader        - Created buffer with size 640.0x480.0
15:18:34.343 [FXGL Background Thread 4 ] DEBUG TilesetLoader        - Loading view for layer เลเยอร์ไทล์ 3
15:18:34.344 [FXGL Background Thread 4 ] DEBUG TilesetLoader        - Created buffer with size 640.0x480.0
15:18:34.345 [FXGL Background Thread 4 ] DEBUG TMXLevelLoader       - Creating object layer entities
15:18:34.369 [FXGL Background Thread 4 ] DEBUG GameWorld            - Clearing removable entities
15:18:34.370 [FXGL Background Thread 4 ] DEBUG GameWorld            - Setting level: com.almasb.fxgl.entity.level.Level@6a1d7085
15:18:34.389 [FXGL Background Thread 4 ] INFO  FXGLApplication      - Game initialization took: 0.476 sec
15:18:34.452 [JavaFX Application Thread] DEBUG Input                - Clearing active input actions
15:18:34.467 [JavaFX Application Thread] DEBUG GameApplicationServi - Removing overlay from FXGLLoadingScene and adding to GameScene
15:18:34.475 [JavaFX Application Thread] DEBUG PrimaryStageWindow   - FXGLLoadingScene -> GameScene
15:18:36.812 [FXGL Background Thread 3 ] DEBUG Engine               - Logging environment variables
15:18:36.812 [FXGL Background Thread 3 ] DEBUG Engine               - achievements: []
15:18:36.812 [FXGL Background Thread 3 ] DEBUG Engine               - actualHeight: 480.0
15:18:36.812 [FXGL Background Thread 3 ] DEBUG Engine               - actualHeightProperty: ReadOnlyDoubleProperty [value: 480.0]
15:18:36.812 [FXGL Background Thread 3 ] DEBUG Engine               - actualWidth: 640.0
15:18:36.812 [FXGL Background Thread 3 ] DEBUG Engine               - actualWidthProperty: ReadOnlyDoubleProperty [value: 640.0]
15:18:36.812 [FXGL Background Thread 3 ] DEBUG Engine               - appIcon: fxgl_icon.png
15:18:36.812 [FXGL Background Thread 3 ] DEBUG Engine               - applicationMode: DEVELOPER
15:18:36.813 [FXGL Background Thread 3 ] DEBUG Engine               - cSSList: [fxgl_dark.css]
15:18:36.813 [FXGL Background Thread 3 ] DEBUG Engine               - collisionDetectionStrategy: BRUTE_FORCE
15:18:36.813 [FXGL Background Thread 3 ] DEBUG Engine               - configClass: Optional.empty
15:18:36.813 [FXGL Background Thread 3 ] DEBUG Engine               - credits: []
15:18:36.813 [FXGL Background Thread 3 ] DEBUG Engine               - defaultCursor: CursorInfo(imageName=fxgl_default_cursor.png, hotspotX=7.0, hotspotY=6.0)
15:18:36.813 [FXGL Background Thread 3 ] DEBUG Engine               - devBBoxColorProperty: ObjectProperty [value: 0xff0000ff]
15:18:36.813 [FXGL Background Thread 3 ] DEBUG Engine               - devEnableDebugCameraProperty: BooleanProperty [value: false]
15:18:36.813 [FXGL Background Thread 3 ] DEBUG Engine               - devSensorColorProperty: ObjectProperty [value: 0xffff00ff]
15:18:36.813 [FXGL Background Thread 3 ] DEBUG Engine               - devShowBBoxProperty: BooleanProperty [value: false]
15:18:36.813 [FXGL Background Thread 3 ] DEBUG Engine               - devShowPositionProperty: BooleanProperty [value: false]
15:18:36.813 [FXGL Background Thread 3 ] DEBUG Engine               - enabledMenuItems: []
15:18:36.813 [FXGL Background Thread 3 ] DEBUG Engine               - engineServices: [class com.almasb.fxgl.app.services.FXGLAssetLoaderService, class com.almasb.fxgl.app.FXGLApplication$GameApplicationService, class com.almasb.fxgl.app.services.FXGLDialogService, class com.almasb.fxgl.app.services.IOTaskExecutorService, class com.almasb.fxgl.io.FileSystemService, class com.almasb.fxgl.localization.LocalizationService, class com.almasb.fxgl.app.services.SystemBundleService, class com.almasb.fxgl.profile.SaveLoadService, class com.almasb.fxgl.ui.FXGLUIFactoryServiceProvider, class com.almasb.fxgl.ui.FXGLDialogFactoryServiceProvider, class com.almasb.fxgl.audio.AudioPlayer, class com.almasb.fxgl.notification.impl.NotificationServiceProvider, class com.almasb.fxgl.achievement.AchievementService, class com.almasb.fxgl.cutscene.CutsceneService, class com.almasb.fxgl.minigames.MiniGameService, class com.almasb.fxgl.net.NetService, class com.almasb.fxgl.app.services.UpdaterService, class com.almasb.fxgl.dev.DevService]
15:18:36.813 [FXGL Background Thread 3 ] DEBUG Engine               - fontGame: Abel-Regular.ttf
15:18:36.813 [FXGL Background Thread 3 ] DEBUG Engine               - fontMono: TerminalLandMono-Regular.otf
15:18:36.813 [FXGL Background Thread 3 ] DEBUG Engine               - fontSizeScaleUI: 1.0
15:18:36.813 [FXGL Background Thread 3 ] DEBUG Engine               - fontText: Courier-Prime.ttf
15:18:36.813 [FXGL Background Thread 3 ] DEBUG Engine               - fontUI: VarelaRound-Regular.ttf
15:18:36.813 [FXGL Background Thread 3 ] DEBUG Engine               - fullScreen: BooleanProperty [value: false]
15:18:36.814 [FXGL Background Thread 3 ] DEBUG Engine               - gameDifficulty: MEDIUM
15:18:36.814 [FXGL Background Thread 3 ] DEBUG Engine               - gameDifficultyProperty: ObjectProperty [value: MEDIUM]
15:18:36.814 [FXGL Background Thread 3 ] DEBUG Engine               - globalMusicVolume: 0.5
15:18:36.814 [FXGL Background Thread 3 ] DEBUG Engine               - globalMusicVolumeProperty: DoubleProperty [value: 0.5]
15:18:36.814 [FXGL Background Thread 3 ] DEBUG Engine               - globalSoundVolume: 0.5
15:18:36.814 [FXGL Background Thread 3 ] DEBUG Engine               - globalSoundVolumeProperty: DoubleProperty [value: 0.5]
15:18:36.814 [FXGL Background Thread 3 ] DEBUG Engine               - height: 480
15:18:36.814 [FXGL Background Thread 3 ] DEBUG Engine               - is3D: false
15:18:36.814 [FXGL Background Thread 3 ] DEBUG Engine               - isAndroid: false
15:18:36.814 [FXGL Background Thread 3 ] DEBUG Engine               - isBrowser: false
15:18:36.814 [FXGL Background Thread 3 ] DEBUG Engine               - isClickFeedbackEnabled: false
15:18:36.814 [FXGL Background Thread 3 ] DEBUG Engine               - isCloseConfirmation: false
15:18:36.814 [FXGL Background Thread 3 ] DEBUG Engine               - isDesktop: true
15:18:36.814 [FXGL Background Thread 3 ] DEBUG Engine               - isDeveloperMenuEnabled: true
15:18:36.814 [FXGL Background Thread 3 ] DEBUG Engine               - isEmbedded: false
15:18:36.814 [FXGL Background Thread 3 ] DEBUG Engine               - isEntityPreloadEnabled: true
15:18:36.814 [FXGL Background Thread 3 ] DEBUG Engine               - isExperimentalTiledLargeMap: false
15:18:36.814 [FXGL Background Thread 3 ] DEBUG Engine               - isFileSystemWriteAllowed: true
15:18:36.814 [FXGL Background Thread 3 ] DEBUG Engine               - isFullScreenAllowed: false
15:18:36.814 [FXGL Background Thread 3 ] DEBUG Engine               - isFullScreenFromStart: false
15:18:36.814 [FXGL Background Thread 3 ] DEBUG Engine               - isGameMenuEnabled: true
15:18:36.814 [FXGL Background Thread 3 ] DEBUG Engine               - isIOS: false
15:18:36.814 [FXGL Background Thread 3 ] DEBUG Engine               - isIntroEnabled: false
15:18:36.814 [FXGL Background Thread 3 ] DEBUG Engine               - isLinux: false
15:18:36.814 [FXGL Background Thread 3 ] DEBUG Engine               - isMac: false
15:18:36.814 [FXGL Background Thread 3 ] DEBUG Engine               - isMainMenuEnabled: false
15:18:36.814 [FXGL Background Thread 3 ] DEBUG Engine               - isManualResizeEnabled: false
15:18:36.814 [FXGL Background Thread 3 ] DEBUG Engine               - isMobile: false
15:18:36.814 [FXGL Background Thread 3 ] DEBUG Engine               - isNative: false
15:18:36.814 [FXGL Background Thread 3 ] DEBUG Engine               - isPauseMusicWhenMinimized: true
15:18:36.814 [FXGL Background Thread 3 ] DEBUG Engine               - isPreserveResizeRatio: false
15:18:36.815 [FXGL Background Thread 3 ] DEBUG Engine               - isProfilingEnabled: false
15:18:36.815 [FXGL Background Thread 3 ] DEBUG Engine               - isScaleAffectedOnResize: true
15:18:36.815 [FXGL Background Thread 3 ] DEBUG Engine               - isSingleStep: false
15:18:36.815 [FXGL Background Thread 3 ] DEBUG Engine               - isUserProfileEnabled: false
15:18:36.815 [FXGL Background Thread 3 ] DEBUG Engine               - isWindows: true
15:18:36.815 [FXGL Background Thread 3 ] DEBUG Engine               - language: ObjectProperty [value: ENGLISH]
15:18:36.815 [FXGL Background Thread 3 ] DEBUG Engine               - menuKey: ESCAPE
15:18:36.815 [FXGL Background Thread 3 ] DEBUG Engine               - mouseSensitivity: 0.2
15:18:36.815 [FXGL Background Thread 3 ] DEBUG Engine               - notificationViewClass: class com.almasb.fxgl.notification.view.XboxNotificationView
15:18:36.815 [FXGL Background Thread 3 ] DEBUG Engine               - pixelsPerMeter: 50.0
15:18:36.815 [FXGL Background Thread 3 ] DEBUG Engine               - platform: WINDOWS
15:18:36.815 [FXGL Background Thread 3 ] DEBUG Engine               - prefHeightProperty: ReadOnlyDoubleProperty [value: 480.0]
15:18:36.815 [FXGL Background Thread 3 ] DEBUG Engine               - prefWidthProperty: ReadOnlyDoubleProperty [value: 640.0]
15:18:36.815 [FXGL Background Thread 3 ] DEBUG Engine               - profileDir: profiles/
15:18:36.815 [FXGL Background Thread 3 ] DEBUG Engine               - profileName: StringProperty [value: DEFAULT]
15:18:36.815 [FXGL Background Thread 3 ] DEBUG Engine               - randomSeed: -1
15:18:36.816 [FXGL Background Thread 3 ] DEBUG Engine               - runtimeInfo: RuntimeInfo(platform=WINDOWS, version=21.1, build=27.03.2024 07.52)
15:18:36.816 [FXGL Background Thread 3 ] DEBUG Engine               - saveFileExt: sav
15:18:36.816 [FXGL Background Thread 3 ] DEBUG Engine               - scaledHeightProp$fxgl: DoubleProperty [bound, value: 480.0]
15:18:36.816 [FXGL Background Thread 3 ] DEBUG Engine               - scaledWidthProp$fxgl: DoubleProperty [bound, value: 640.0]
15:18:36.816 [FXGL Background Thread 3 ] DEBUG Engine               - sceneFactory: com.almasb.fxgl.app.scene.SceneFactory@3dc1188d
15:18:36.816 [FXGL Background Thread 3 ] DEBUG Engine               - secondsIn24h: 60
15:18:36.816 [FXGL Background Thread 3 ] DEBUG Engine               - soundMenuBack: menu/back.wav
15:18:36.816 [FXGL Background Thread 3 ] DEBUG Engine               - soundMenuPress: menu/press.wav
15:18:36.816 [FXGL Background Thread 3 ] DEBUG Engine               - soundMenuSelect: menu/select.wav
15:18:36.816 [FXGL Background Thread 3 ] DEBUG Engine               - soundNotification: core/notification.wav
15:18:36.816 [FXGL Background Thread 3 ] DEBUG Engine               - stageStyle: DECORATED
15:18:36.816 [FXGL Background Thread 3 ] DEBUG Engine               - supportedLanguages: [ENGLISH, FRENCH, GERMAN, HUNGARIAN, RUSSIAN]
15:18:36.816 [FXGL Background Thread 3 ] DEBUG Engine               - ticksPerSecond: -1
15:18:36.816 [FXGL Background Thread 3 ] DEBUG Engine               - title: BomberMan
15:18:36.816 [FXGL Background Thread 3 ] DEBUG Engine               - urlGithub: https://github.com/AlmasB/FXGL
15:18:36.816 [FXGL Background Thread 3 ] DEBUG Engine               - urlLeaderboard: http://fxgl-top.herokuapp.com/
15:18:36.816 [FXGL Background Thread 3 ] DEBUG Engine               - urlPOM: https://raw.githubusercontent.com/AlmasB/FXGL/release/README.md
15:18:36.816 [FXGL Background Thread 3 ] DEBUG Engine               - userAppClass: class me.pooh.bakudun.App
15:18:36.816 [FXGL Background Thread 3 ] DEBUG Engine               - version: 0.1
15:18:36.816 [FXGL Background Thread 3 ] DEBUG Engine               - versionCheckDays: 7
15:18:36.816 [FXGL Background Thread 3 ] DEBUG Engine               - width: 640
15:18:36.816 [FXGL Background Thread 3 ] DEBUG Engine               - Logging services
15:18:36.816 [FXGL Background Thread 3 ] DEBUG Engine               - class com.almasb.fxgl.app.services.FXGLAssetLoaderService
15:18:36.816 [FXGL Background Thread 3 ] DEBUG Engine               - class com.almasb.fxgl.app.FXGLApplication$GameApplicationService
15:18:36.816 [FXGL Background Thread 3 ] DEBUG Engine               - class com.almasb.fxgl.app.services.FXGLDialogService
15:18:36.816 [FXGL Background Thread 3 ] DEBUG Engine               - class com.almasb.fxgl.app.services.IOTaskExecutorService
15:18:36.817 [FXGL Background Thread 3 ] DEBUG Engine               - class com.almasb.fxgl.io.FileSystemService
15:18:36.817 [FXGL Background Thread 3 ] DEBUG Engine               - class com.almasb.fxgl.localization.LocalizationService
15:18:36.817 [FXGL Background Thread 3 ] DEBUG Engine               - class com.almasb.fxgl.app.services.SystemBundleService
15:18:36.817 [FXGL Background Thread 3 ] DEBUG Engine               - class com.almasb.fxgl.profile.SaveLoadService
15:18:36.817 [FXGL Background Thread 3 ] DEBUG Engine               - class com.almasb.fxgl.ui.FXGLUIFactoryServiceProvider
15:18:36.817 [FXGL Background Thread 3 ] DEBUG Engine               - class com.almasb.fxgl.ui.FXGLDialogFactoryServiceProvider
15:18:36.817 [FXGL Background Thread 3 ] DEBUG Engine               - class com.almasb.fxgl.audio.AudioPlayer
15:18:36.817 [FXGL Background Thread 3 ] DEBUG Engine               - class com.almasb.fxgl.notification.impl.NotificationServiceProvider
15:18:36.817 [FXGL Background Thread 3 ] DEBUG Engine               - class com.almasb.fxgl.achievement.AchievementService
15:18:36.817 [FXGL Background Thread 3 ] DEBUG Engine               - class com.almasb.fxgl.cutscene.CutsceneService
15:18:36.817 [FXGL Background Thread 3 ] DEBUG Engine               - class com.almasb.fxgl.minigames.MiniGameService
15:18:36.817 [FXGL Background Thread 3 ] DEBUG Engine               - class com.almasb.fxgl.net.NetService
15:18:36.817 [FXGL Background Thread 3 ] DEBUG Engine               - class com.almasb.fxgl.app.services.UpdaterService
15:18:36.817 [FXGL Background Thread 3 ] DEBUG Engine               - class com.almasb.fxgl.dev.DevService
15:18:42.148 [JavaFX Application Thread] WARN  Entity               - Entity already has component: com.almasb.fxgl.physics.PhysicsComponent
15:18:42.151 [JavaFX Application Thread] DEBUG FXGLAssetLoaderServi - Loading from file system: file:/C:/Users/POO/intellij/Bakudun/target/classes/assets/textures/bombball.png
15:18:42.152 [JavaFX Application Thread] DEBUG FXGLAssetLoaderServi - Loading from file system: file:/C:/Users/POO/intellij/Bakudun/target/classes/assets/textures/bombblast.png
15:18:42.372 [JavaFX Application Thread] WARN  Entity               - Entity already has component: com.almasb.fxgl.physics.PhysicsComponent
15:18:43.857 [JavaFX Application Thread] WARN  Entity               - Entity already has component: com.almasb.fxgl.physics.PhysicsComponent
15:19:14.753 [JavaFX Application Thread] WARN  Entity               - Entity already has component: com.almasb.fxgl.physics.PhysicsComponent
15:19:31.247 [JavaFX Application Thread] DEBUG FXGLApplication      - Exiting FXGL
15:19:31.247 [JavaFX Application Thread] DEBUG LoopRunner           - Stopping loop
15:19:31.247 [JavaFX Application Thread] DEBUG SystemBundleService  - Saving FXGL system data
15:19:31.249 [JavaFX Application Thread] DEBUG FileSystemAccess     - Writing to: C:\Users\POO\intellij\Bakudun\system\fxgl.bundle
15:19:31.251 [JavaFX Application Thread] DEBUG Async                - Shutting down background threads
15:19:31.251 [JavaFX Application Thread] DEBUG PrimaryStageWindow   - Closing main window
15:19:31.270 [JavaFX Application Thread] DEBUG Logger               - Closing Logger
