08:45:35.434 [main                     ] DEBUG Logger               - Configured Logger
08:45:35.460 [main                     ] DEBUG GameApplication      - Logging settings
Title: BomberMan
Version: 0.1
Width: 640
Height: 480
Fullscreen: false
Intro: false
Profiling: false
Single step:false
App Mode: DEVELOPER
Menu Key: ESCAPE
Stage Style: DECORATED
Scene Factory: class com.almasb.fxgl.app.scene.SceneFactory

08:45:36.085 [JavaFX Application Thread] DEBUG FXGLApplication      - Initializing FXGL
08:45:36.089 [JavaFX Application Thread] INFO  Engine               - FXGL-21.1 (27.03.2024 07.52) on WINDOWS (J:21.0.2 FX:21.0.1)
08:45:36.090 [JavaFX Application Thread] DEBUG Engine               - JRE Vendor Name: Eclipse Adoptium
08:45:36.090 [JavaFX Application Thread] DEBUG Engine               - Running on OS: Windows 11 version 10.0
08:45:36.090 [JavaFX Application Thread] DEBUG Engine               - Architecture: amd64
08:45:36.090 [JavaFX Application Thread] INFO  Engine               - Source code and latest versions at: https://github.com/AlmasB/FXGL
08:45:36.090 [JavaFX Application Thread] INFO  Engine               -       Ask questions and discuss at: https://github.com/AlmasB/FXGL/discussions
08:45:36.091 [JavaFX Application Thread] INFO  Engine               -              Join the FXGL chat at: https://gitter.im/AlmasB/FXGL
08:45:36.192 [JavaFX Application Thread] DEBUG PrimaryStageWindow   - Creating a JavaFX scene
08:45:36.247 [JavaFX Application Thread] DEBUG PrimaryStageWindow   - Target settings size: 640.0 x 480.0
08:45:36.248 [JavaFX Application Thread] DEBUG PrimaryStageWindow   - Scaled scene size:    640.0 x 480.0
08:45:36.248 [JavaFX Application Thread] DEBUG PrimaryStageWindow   - Scaled ratio: (1.0, 1.0)
08:45:36.249 [JavaFX Application Thread] DEBUG PrimaryStageWindow   - Set initial scene to FXGLStartupScene
08:45:36.254 [JavaFX Application Thread] DEBUG PrimaryStageWindow   - Opening main window
08:45:36.371 [JavaFX Application Thread] DEBUG PrimaryStageWindow   - Window border size: (14.4000244140625, 37.5999755859375)
08:45:36.371 [JavaFX Application Thread] DEBUG PrimaryStageWindow   - Scaled size: 640.0 x 480.0
08:45:36.371 [JavaFX Application Thread] DEBUG PrimaryStageWindow   - Scaled ratio: (1.0, 1.0)
08:45:36.371 [JavaFX Application Thread] DEBUG PrimaryStageWindow   - Scene size: 640.0 x 480.0
08:45:36.371 [JavaFX Application Thread] DEBUG PrimaryStageWindow   - Stage size: 654.4000244140625 x 517.5999755859375
08:45:36.380 [FXGL Background Thread 1 ] DEBUG Engine               - Initializing environment variables
08:45:36.459 [FXGL Background Thread 1 ] DEBUG FXGLAssetLoaderServi - User app class for loading assets: class me.pooh.bakudun.App
08:45:36.460 [FXGL Background Thread 1 ] DEBUG GameApplicationServi - Applying CSS: fxgl_dark.css
08:45:36.461 [FXGL Background Thread 1 ] DEBUG FXGLAssetLoaderServi - Loading from file system: jar:file:///C:/Users/POO/.m2/repository/com/github/almasb/fxgl/21.1/fxgl-21.1.jar!/fxglassets/ui/css/fxgl_dark.css
08:45:36.510 [FXGL Background Thread 1 ] DEBUG GameApplicationServi - Initializing application scenes
08:45:36.549 [FXGL Background Thread 1 ] DEBUG GameWorld            - Game world initialized
08:45:36.609 [FXGL Background Thread 1 ] DEBUG PhysicsWorld         - Physics world initialized: appHeight=480, physics.ppm=50.0
08:45:36.610 [FXGL Background Thread 1 ] DEBUG PhysicsWorld         - Using strategy: BRUTE_FORCE
08:45:36.614 [FXGL Background Thread 1 ] DEBUG GameScene            - Game scene initialized: 640x480
08:45:36.628 [FXGL Background Thread 1 ] WARN  FXGL.DefaultMenu     - FXGLDefaultMenu is not designed for resolutions < 800x600
08:45:36.628 [FXGL Background Thread 1 ] DEBUG FXGL.DefaultMenu     - createMenuBodyGameMenu()
08:45:36.642 [FXGL Background Thread 1 ] DEBUG FXGL.DefaultMenu     - createOptionsMenu()
08:45:36.652 [FXGL Background Thread 1 ] DEBUG FXGLAssetLoaderServi - Loading from file system: jar:file:///C:/Users/POO/.m2/repository/com/github/almasb/fxgl/21.1/fxgl-21.1.jar!/fxglassets/textures/particles/smoke.png
08:45:36.746 [FXGL Background Thread 1 ] DEBUG FXGLAssetLoaderServi - Loading from file system: jar:file:///C:/Users/POO/.m2/repository/com/github/almasb/fxgl/21.1/fxgl-21.1.jar!/fxglassets/textures/particles/trace_horizontal.png
08:45:36.779 [FXGL Background Thread 1 ] DEBUG GameApplicationServi - Application scenes initialized
08:45:36.793 [FXGL Background Thread 1 ] DEBUG SystemBundleService  - Loading FXGL system data
08:45:36.797 [FXGL Background Thread 1 ] DEBUG FileSystemAccess     - Reading from: C:\Users\POO\intellij\Bakudun\system\fxgl.bundle
08:45:36.804 [FXGL Background Thread 1 ] DEBUG SystemBundleService  - Bundle FXGL: {}
08:45:36.805 [FXGL Background Thread 1 ] DEBUG UpdaterService       - Checking for updates
08:45:36.831 [FXGL Background Thread 4 ] DEBUG FXGLApplication      - Loading fonts
08:45:36.831 [FXGL Background Thread 4 ] DEBUG FXGLAssetLoaderServi - Loading from file system: jar:file:///C:/Users/POO/.m2/repository/com/github/almasb/fxgl/21.1/fxgl-21.1.jar!/fxglassets/ui/fonts/VarelaRound-Regular.ttf
08:45:36.831 [FXGL Background Thread 1 ] DEBUG FXGLApplication      - Loading default localization
08:45:36.833 [FXGL Background Thread 1 ] DEBUG FXGLAssetLoaderServi - Loading from file system: jar:file:///C:/Users/POO/.m2/repository/com/github/almasb/fxgl/21.1/fxgl-21.1.jar!/fxglassets/languages/english.lang
08:45:36.857 [FXGL Background Thread 1 ] INFO  FXGLApplication      - FXGL initialization took: 0.476 sec
08:45:36.866 [JavaFX Application Thread] DEBUG Input                - Registered new binding: Right - D
08:45:36.866 [JavaFX Application Thread] DEBUG Input                - Registered new binding: Left - A
08:45:36.866 [JavaFX Application Thread] DEBUG Input                - Registered new binding: Up - W
08:45:36.866 [JavaFX Application Thread] DEBUG Input                - Registered new binding: Down - S
08:45:36.866 [JavaFX Application Thread] DEBUG Input                - Registered new binding: Place Bomb - Space
08:45:36.867 [FXGL Background Thread 4 ] DEBUG FXGLAssetLoaderServi - Loading from file system: jar:file:///C:/Users/POO/.m2/repository/com/github/almasb/fxgl/21.1/fxgl-21.1.jar!/fxglassets/ui/fonts/Abel-Regular.ttf
08:45:36.867 [JavaFX Application Thread] DEBUG FXGLAssetLoaderServi - Loading from file system: jar:file:///C:/Users/POO/.m2/repository/com/github/almasb/fxgl/21.1/fxgl-21.1.jar!/fxglassets/textures/fxgl_icon.png
08:45:36.870 [FXGL Background Thread 4 ] DEBUG FXGLAssetLoaderServi - Loading from file system: jar:file:///C:/Users/POO/.m2/repository/com/github/almasb/fxgl/21.1/fxgl-21.1.jar!/fxglassets/ui/fonts/TerminalLandMono-Regular.otf
08:45:36.874 [FXGL Background Thread 4 ] DEBUG FXGLAssetLoaderServi - Loading from file system: jar:file:///C:/Users/POO/.m2/repository/com/github/almasb/fxgl/21.1/fxgl-21.1.jar!/fxglassets/ui/fonts/Courier-Prime.ttf
08:45:36.889 [JavaFX Application Thread] DEBUG FXGLAssetLoaderServi - Loading from file system: jar:file:///C:/Users/POO/.m2/repository/com/github/almasb/fxgl/21.1/fxgl-21.1.jar!/fxglassets/textures/fxgl_default_cursor.png
08:45:36.893 [JavaFX Application Thread] DEBUG Input                - Registered new binding: Screenshot - CTRL+8
08:45:36.893 [JavaFX Application Thread] DEBUG Input                - Registered new binding: Dev Options - 1
08:45:36.894 [JavaFX Application Thread] DEBUG Input                - Registered new binding: Dev Console - 2
08:45:36.894 [JavaFX Application Thread] DEBUG Input                - Registered new binding: System info dump - CTRL+9
08:45:36.894 [JavaFX Application Thread] DEBUG Input                - Registered new binding: Restart - CTRL+R
08:45:36.895 [JavaFX Application Thread] DEBUG Input                - Registered new binding: Toggle Debug Camera - CTRL+7
08:45:36.901 [JavaFX Application Thread] DEBUG LoopRunner           - Starting loop
08:45:36.919 [JavaFX Application Thread] DEBUG LoopRunner           - Initializing JavaFX AnimationTimerLoop
08:45:36.921 [JavaFX Application Thread] DEBUG GameApplicationServi - Starting new game
08:45:36.922 [JavaFX Application Thread] DEBUG Input                - Clearing active input actions
08:45:36.932 [JavaFX Application Thread] DEBUG GameApplicationServi - Removing overlay from FXGLStartupScene and adding to FXGLLoadingScene
08:45:36.936 [JavaFX Application Thread] DEBUG PrimaryStageWindow   - FXGLStartupScene -> FXGLLoadingScene
08:45:36.937 [JavaFX Application Thread] DEBUG GameApplicationServi - Clearing previous game
08:45:36.937 [JavaFX Application Thread] DEBUG GameScene            - Clearing game scene
08:45:36.937 [JavaFX Application Thread] DEBUG GameWorld            - Clearing game world
08:45:36.937 [JavaFX Application Thread] DEBUG PhysicsWorld         - Clearing physics world
08:45:36.939 [FXGL Background Thread 4 ] DEBUG FXGLApplication      - Initializing game
08:45:36.939 [JavaFX Application Thread] DEBUG FXGLApplication      - Registering font factories with UI factory
08:45:36.998 [FXGL Background Thread 4 ] WARN  TMXLevelLoader       - TiledMap generated from 1.11.2. Supported version: 1.9.0. Some features may not be parsed fully.
08:45:37.031 [FXGL Background Thread 4 ] DEBUG TMXLevelLoader       - Parsed TiledMap: file:/C:/Users/POO/intellij/Bakudun/target/classes/assets/levels/Map.tmx
08:45:37.033 [FXGL Background Thread 4 ] DEBUG TMXLevelLoader       - Creating tile layer entities
08:45:37.035 [FXGL Background Thread 4 ] DEBUG TilesetLoader        - Loading view for layer เลเยอร์ไทล์ 1
08:45:37.035 [FXGL Background Thread 4 ] DEBUG TilesetLoader        - Created buffer with size 640.0x480.0
08:45:37.045 [FXGL Background Thread 4 ] WARN  TilesetLoader        - Diagonally flipped tiles are not currently supported
08:45:37.056 [FXGL Background Thread 4 ] WARN  TilesetLoader        - Diagonally flipped tiles are not currently supported
08:45:37.069 [FXGL Background Thread 4 ] DEBUG TilesetLoader        - Loading view for layer WALL48
08:45:37.070 [FXGL Background Thread 4 ] DEBUG TilesetLoader        - Created buffer with size 640.0x480.0
08:45:37.071 [FXGL Background Thread 4 ] DEBUG TilesetLoader        - Loading view for layer WALL47
08:45:37.072 [FXGL Background Thread 4 ] DEBUG TilesetLoader        - Created buffer with size 640.0x480.0
08:45:37.073 [FXGL Background Thread 4 ] DEBUG TilesetLoader        - Loading view for layer WALL46
08:45:37.073 [FXGL Background Thread 4 ] DEBUG TilesetLoader        - Created buffer with size 640.0x480.0
08:45:37.074 [FXGL Background Thread 4 ] DEBUG TilesetLoader        - Loading view for layer WALL45
08:45:37.075 [FXGL Background Thread 4 ] DEBUG TilesetLoader        - Created buffer with size 640.0x480.0
08:45:37.076 [FXGL Background Thread 4 ] DEBUG TilesetLoader        - Loading view for layer WALL44
08:45:37.077 [FXGL Background Thread 4 ] DEBUG TilesetLoader        - Created buffer with size 640.0x480.0
08:45:37.077 [FXGL Background Thread 4 ] DEBUG TilesetLoader        - Loading view for layer WALL43
08:45:37.079 [FXGL Background Thread 4 ] DEBUG TilesetLoader        - Created buffer with size 640.0x480.0
08:45:37.080 [FXGL Background Thread 4 ] DEBUG TilesetLoader        - Loading view for layer WALL42
08:45:37.080 [FXGL Background Thread 4 ] DEBUG TilesetLoader        - Created buffer with size 640.0x480.0
08:45:37.081 [FXGL Background Thread 4 ] DEBUG TilesetLoader        - Loading view for layer WALL41
08:45:37.082 [FXGL Background Thread 4 ] DEBUG TilesetLoader        - Created buffer with size 640.0x480.0
08:45:37.083 [FXGL Background Thread 4 ] DEBUG TilesetLoader        - Loading view for layer WALL40
08:45:37.084 [FXGL Background Thread 4 ] DEBUG TilesetLoader        - Created buffer with size 640.0x480.0
08:45:37.084 [FXGL Background Thread 4 ] DEBUG TilesetLoader        - Loading view for layer WALL39
08:45:37.085 [FXGL Background Thread 4 ] DEBUG TilesetLoader        - Created buffer with size 640.0x480.0
08:45:37.086 [FXGL Background Thread 4 ] DEBUG TilesetLoader        - Loading view for layer WALL38
08:45:37.087 [FXGL Background Thread 4 ] DEBUG TilesetLoader        - Created buffer with size 640.0x480.0
08:45:37.087 [FXGL Background Thread 4 ] DEBUG TilesetLoader        - Loading view for layer WALL37
08:45:37.088 [FXGL Background Thread 4 ] DEBUG TilesetLoader        - Created buffer with size 640.0x480.0
08:45:37.089 [FXGL Background Thread 4 ] DEBUG TilesetLoader        - Loading view for layer WALL36
08:45:37.090 [FXGL Background Thread 4 ] DEBUG TilesetLoader        - Created buffer with size 640.0x480.0
08:45:37.090 [FXGL Background Thread 4 ] DEBUG TilesetLoader        - Loading view for layer WALL35
08:45:37.100 [FXGL Background Thread 4 ] DEBUG TilesetLoader        - Created buffer with size 640.0x480.0
08:45:37.101 [FXGL Background Thread 4 ] DEBUG TilesetLoader        - Loading view for layer WALL34
08:45:37.107 [FXGL Background Thread 4 ] DEBUG TilesetLoader        - Created buffer with size 640.0x480.0
08:45:37.108 [FXGL Background Thread 4 ] DEBUG TilesetLoader        - Loading view for layer WALL33
08:45:37.108 [FXGL Background Thread 4 ] DEBUG TilesetLoader        - Created buffer with size 640.0x480.0
08:45:37.109 [FXGL Background Thread 4 ] DEBUG TilesetLoader        - Loading view for layer WALL32
08:45:37.109 [FXGL Background Thread 4 ] DEBUG TilesetLoader        - Created buffer with size 640.0x480.0
08:45:37.110 [FXGL Background Thread 4 ] DEBUG TilesetLoader        - Loading view for layer WALL31
08:45:37.110 [FXGL Background Thread 4 ] DEBUG TilesetLoader        - Created buffer with size 640.0x480.0
08:45:37.111 [FXGL Background Thread 4 ] DEBUG TilesetLoader        - Loading view for layer WALL30
08:45:37.113 [FXGL Background Thread 4 ] DEBUG TilesetLoader        - Created buffer with size 640.0x480.0
08:45:37.115 [FXGL Background Thread 4 ] DEBUG TilesetLoader        - Loading view for layer WALL29
08:45:37.115 [FXGL Background Thread 4 ] DEBUG TilesetLoader        - Created buffer with size 640.0x480.0
08:45:37.116 [FXGL Background Thread 4 ] DEBUG TilesetLoader        - Loading view for layer WALL28
08:45:37.118 [FXGL Background Thread 4 ] DEBUG TilesetLoader        - Created buffer with size 640.0x480.0
08:45:37.120 [FXGL Background Thread 4 ] DEBUG TilesetLoader        - Loading view for layer WALL27
08:45:37.120 [FXGL Background Thread 4 ] DEBUG TilesetLoader        - Created buffer with size 640.0x480.0
08:45:37.121 [FXGL Background Thread 4 ] DEBUG TilesetLoader        - Loading view for layer WALL26
08:45:37.121 [FXGL Background Thread 4 ] DEBUG TilesetLoader        - Created buffer with size 640.0x480.0
08:45:37.122 [FXGL Background Thread 4 ] DEBUG TilesetLoader        - Loading view for layer WALL25
08:45:37.122 [FXGL Background Thread 4 ] DEBUG TilesetLoader        - Created buffer with size 640.0x480.0
08:45:37.123 [FXGL Background Thread 4 ] DEBUG TilesetLoader        - Loading view for layer WALL24
08:45:37.123 [FXGL Background Thread 4 ] DEBUG TilesetLoader        - Created buffer with size 640.0x480.0
08:45:37.124 [FXGL Background Thread 4 ] DEBUG TilesetLoader        - Loading view for layer WALL23
08:45:37.124 [FXGL Background Thread 4 ] DEBUG TilesetLoader        - Created buffer with size 640.0x480.0
08:45:37.125 [FXGL Background Thread 4 ] DEBUG TilesetLoader        - Loading view for layer WALL22
08:45:37.126 [FXGL Background Thread 4 ] DEBUG TilesetLoader        - Created buffer with size 640.0x480.0
08:45:37.126 [FXGL Background Thread 4 ] DEBUG TilesetLoader        - Loading view for layer WALL21
08:45:37.129 [FXGL Background Thread 4 ] DEBUG TilesetLoader        - Created buffer with size 640.0x480.0
08:45:37.129 [FXGL Background Thread 4 ] DEBUG TilesetLoader        - Loading view for layer WALL20
08:45:37.130 [FXGL Background Thread 4 ] DEBUG TilesetLoader        - Created buffer with size 640.0x480.0
08:45:37.131 [FXGL Background Thread 4 ] DEBUG TilesetLoader        - Loading view for layer WALL19
08:45:37.134 [FXGL Background Thread 4 ] DEBUG TilesetLoader        - Created buffer with size 640.0x480.0
08:45:37.135 [FXGL Background Thread 4 ] DEBUG TilesetLoader        - Loading view for layer WALL18
08:45:37.137 [FXGL Background Thread 4 ] DEBUG TilesetLoader        - Created buffer with size 640.0x480.0
08:45:37.137 [FXGL Background Thread 4 ] DEBUG TilesetLoader        - Loading view for layer WALL17
08:45:37.137 [FXGL Background Thread 4 ] DEBUG TilesetLoader        - Created buffer with size 640.0x480.0
08:45:37.137 [FXGL Background Thread 4 ] DEBUG TilesetLoader        - Loading view for layer WALL16
08:45:37.138 [FXGL Background Thread 4 ] DEBUG TilesetLoader        - Created buffer with size 640.0x480.0
08:45:37.139 [FXGL Background Thread 4 ] DEBUG TilesetLoader        - Loading view for layer WALL15
08:45:37.139 [FXGL Background Thread 4 ] DEBUG TilesetLoader        - Created buffer with size 640.0x480.0
08:45:37.140 [FXGL Background Thread 4 ] DEBUG TilesetLoader        - Loading view for layer WALL14
08:45:37.141 [FXGL Background Thread 4 ] DEBUG TilesetLoader        - Created buffer with size 640.0x480.0
08:45:37.145 [FXGL Background Thread 4 ] DEBUG TilesetLoader        - Loading view for layer WALL13
08:45:37.145 [FXGL Background Thread 4 ] DEBUG TilesetLoader        - Created buffer with size 640.0x480.0
08:45:37.146 [FXGL Background Thread 4 ] DEBUG TilesetLoader        - Loading view for layer WALL12
08:45:37.149 [FXGL Background Thread 4 ] DEBUG TilesetLoader        - Created buffer with size 640.0x480.0
08:45:37.150 [FXGL Background Thread 4 ] DEBUG TilesetLoader        - Loading view for layer WALL11
08:45:37.150 [FXGL Background Thread 4 ] DEBUG TilesetLoader        - Created buffer with size 640.0x480.0
08:45:37.151 [FXGL Background Thread 4 ] DEBUG TilesetLoader        - Loading view for layer WALL10
08:45:37.151 [FXGL Background Thread 4 ] DEBUG TilesetLoader        - Created buffer with size 640.0x480.0
08:45:37.152 [FXGL Background Thread 4 ] DEBUG TilesetLoader        - Loading view for layer WALL9
08:45:37.154 [FXGL Background Thread 4 ] DEBUG TilesetLoader        - Created buffer with size 640.0x480.0
08:45:37.155 [FXGL Background Thread 4 ] DEBUG TilesetLoader        - Loading view for layer WALL8
08:45:37.158 [FXGL Background Thread 4 ] DEBUG TilesetLoader        - Created buffer with size 640.0x480.0
08:45:37.159 [FXGL Background Thread 4 ] DEBUG TilesetLoader        - Loading view for layer WALL7
08:45:37.160 [FXGL Background Thread 4 ] DEBUG TilesetLoader        - Created buffer with size 640.0x480.0
08:45:37.161 [FXGL Background Thread 4 ] DEBUG TilesetLoader        - Loading view for layer WALL6
08:45:37.161 [FXGL Background Thread 4 ] DEBUG TilesetLoader        - Created buffer with size 640.0x480.0
08:45:37.162 [FXGL Background Thread 4 ] DEBUG TilesetLoader        - Loading view for layer WALL5
08:45:37.163 [FXGL Background Thread 4 ] DEBUG TilesetLoader        - Created buffer with size 640.0x480.0
08:45:37.164 [FXGL Background Thread 4 ] DEBUG TilesetLoader        - Loading view for layer WALL4
08:45:37.165 [FXGL Background Thread 4 ] DEBUG TilesetLoader        - Created buffer with size 640.0x480.0
08:45:37.165 [FXGL Background Thread 4 ] DEBUG TilesetLoader        - Loading view for layer WALL3
08:45:37.166 [FXGL Background Thread 4 ] DEBUG TilesetLoader        - Created buffer with size 640.0x480.0
08:45:37.167 [FXGL Background Thread 4 ] DEBUG TilesetLoader        - Loading view for layer WALL2
08:45:37.168 [FXGL Background Thread 4 ] DEBUG TilesetLoader        - Created buffer with size 640.0x480.0
08:45:37.170 [FXGL Background Thread 4 ] DEBUG TilesetLoader        - Loading view for layer WALL1
08:45:37.171 [FXGL Background Thread 4 ] DEBUG TilesetLoader        - Created buffer with size 640.0x480.0
08:45:37.171 [FXGL Background Thread 4 ] DEBUG TilesetLoader        - Loading view for layer เลเยอร์ไทล์ 2
08:45:37.174 [FXGL Background Thread 4 ] DEBUG TilesetLoader        - Created buffer with size 640.0x480.0
08:45:37.175 [FXGL Background Thread 4 ] DEBUG TilesetLoader        - Loading view for layer เลเยอร์ไทล์ 3
08:45:37.176 [FXGL Background Thread 4 ] DEBUG TilesetLoader        - Created buffer with size 640.0x480.0
08:45:37.176 [FXGL Background Thread 4 ] DEBUG TMXLevelLoader       - Creating object layer entities
08:45:37.206 [FXGL Background Thread 4 ] DEBUG FXGLAssetLoaderServi - Loading from file system: file:/C:/Users/POO/intellij/Bakudun/target/classes/assets/textures/Jim2.png
08:45:37.237 [FXGL Background Thread 4 ] WARN  TMXLevelLoader       - TiledMap generated from 1.11.2. Supported version: 1.9.0. Some features may not be parsed fully.
08:45:37.257 [FXGL Background Thread 4 ] DEBUG TMXLevelLoader       - Parsed TiledMap: file:/C:/Users/POO/intellij/Bakudun/target/classes/assets/levels/Map.tmx
08:45:37.257 [FXGL Background Thread 4 ] DEBUG TMXLevelLoader       - Creating tile layer entities
08:45:37.258 [FXGL Background Thread 4 ] DEBUG TilesetLoader        - Loading view for layer เลเยอร์ไทล์ 1
08:45:37.264 [FXGL Background Thread 4 ] DEBUG TilesetLoader        - Created buffer with size 640.0x480.0
08:45:37.268 [FXGL Background Thread 4 ] WARN  TilesetLoader        - Diagonally flipped tiles are not currently supported
08:45:37.276 [FXGL Background Thread 4 ] WARN  TilesetLoader        - Diagonally flipped tiles are not currently supported
08:45:37.285 [FXGL Background Thread 4 ] DEBUG TilesetLoader        - Loading view for layer WALL48
08:45:37.286 [FXGL Background Thread 4 ] DEBUG TilesetLoader        - Created buffer with size 640.0x480.0
08:45:37.287 [FXGL Background Thread 4 ] DEBUG TilesetLoader        - Loading view for layer WALL47
08:45:37.288 [FXGL Background Thread 4 ] DEBUG TilesetLoader        - Created buffer with size 640.0x480.0
08:45:37.288 [FXGL Background Thread 4 ] DEBUG TilesetLoader        - Loading view for layer WALL46
08:45:37.289 [FXGL Background Thread 4 ] DEBUG TilesetLoader        - Created buffer with size 640.0x480.0
08:45:37.290 [FXGL Background Thread 4 ] DEBUG TilesetLoader        - Loading view for layer WALL45
08:45:37.290 [FXGL Background Thread 4 ] DEBUG TilesetLoader        - Created buffer with size 640.0x480.0
08:45:37.291 [FXGL Background Thread 4 ] DEBUG TilesetLoader        - Loading view for layer WALL44
08:45:37.291 [FXGL Background Thread 4 ] DEBUG TilesetLoader        - Created buffer with size 640.0x480.0
08:45:37.292 [FXGL Background Thread 4 ] DEBUG TilesetLoader        - Loading view for layer WALL43
08:45:37.292 [FXGL Background Thread 4 ] DEBUG TilesetLoader        - Created buffer with size 640.0x480.0
08:45:37.293 [FXGL Background Thread 4 ] DEBUG TilesetLoader        - Loading view for layer WALL42
08:45:37.294 [FXGL Background Thread 4 ] DEBUG TilesetLoader        - Created buffer with size 640.0x480.0
08:45:37.294 [FXGL Background Thread 4 ] DEBUG TilesetLoader        - Loading view for layer WALL41
08:45:37.295 [FXGL Background Thread 4 ] DEBUG TilesetLoader        - Created buffer with size 640.0x480.0
08:45:37.295 [FXGL Background Thread 4 ] DEBUG TilesetLoader        - Loading view for layer WALL40
08:45:37.296 [FXGL Background Thread 4 ] DEBUG TilesetLoader        - Created buffer with size 640.0x480.0
08:45:37.297 [FXGL Background Thread 4 ] DEBUG TilesetLoader        - Loading view for layer WALL39
08:45:37.298 [FXGL Background Thread 4 ] DEBUG TilesetLoader        - Created buffer with size 640.0x480.0
08:45:37.299 [FXGL Background Thread 4 ] DEBUG TilesetLoader        - Loading view for layer WALL38
08:45:37.299 [FXGL Background Thread 4 ] DEBUG TilesetLoader        - Created buffer with size 640.0x480.0
08:45:37.300 [FXGL Background Thread 4 ] DEBUG TilesetLoader        - Loading view for layer WALL37
08:45:37.300 [FXGL Background Thread 4 ] DEBUG TilesetLoader        - Created buffer with size 640.0x480.0
08:45:37.301 [FXGL Background Thread 4 ] DEBUG TilesetLoader        - Loading view for layer WALL36
08:45:37.301 [FXGL Background Thread 4 ] DEBUG TilesetLoader        - Created buffer with size 640.0x480.0
08:45:37.302 [FXGL Background Thread 4 ] DEBUG TilesetLoader        - Loading view for layer WALL35
08:45:37.302 [FXGL Background Thread 4 ] DEBUG TilesetLoader        - Created buffer with size 640.0x480.0
08:45:37.303 [FXGL Background Thread 4 ] DEBUG TilesetLoader        - Loading view for layer WALL34
08:45:37.304 [FXGL Background Thread 4 ] DEBUG TilesetLoader        - Created buffer with size 640.0x480.0
08:45:37.304 [FXGL Background Thread 4 ] DEBUG TilesetLoader        - Loading view for layer WALL33
08:45:37.305 [FXGL Background Thread 4 ] DEBUG TilesetLoader        - Created buffer with size 640.0x480.0
08:45:37.305 [FXGL Background Thread 4 ] DEBUG TilesetLoader        - Loading view for layer WALL32
08:45:37.305 [FXGL Background Thread 4 ] DEBUG TilesetLoader        - Created buffer with size 640.0x480.0
08:45:37.306 [FXGL Background Thread 4 ] DEBUG TilesetLoader        - Loading view for layer WALL31
08:45:37.306 [FXGL Background Thread 4 ] DEBUG TilesetLoader        - Created buffer with size 640.0x480.0
08:45:37.307 [FXGL Background Thread 4 ] DEBUG TilesetLoader        - Loading view for layer WALL30
08:45:37.307 [FXGL Background Thread 4 ] DEBUG TilesetLoader        - Created buffer with size 640.0x480.0
08:45:37.308 [FXGL Background Thread 4 ] DEBUG TilesetLoader        - Loading view for layer WALL29
08:45:37.309 [FXGL Background Thread 4 ] DEBUG TilesetLoader        - Created buffer with size 640.0x480.0
08:45:37.309 [FXGL Background Thread 4 ] DEBUG TilesetLoader        - Loading view for layer WALL28
08:45:37.310 [FXGL Background Thread 4 ] DEBUG TilesetLoader        - Created buffer with size 640.0x480.0
08:45:37.310 [FXGL Background Thread 4 ] DEBUG TilesetLoader        - Loading view for layer WALL27
08:45:37.311 [FXGL Background Thread 4 ] DEBUG TilesetLoader        - Created buffer with size 640.0x480.0
08:45:37.311 [FXGL Background Thread 4 ] DEBUG TilesetLoader        - Loading view for layer WALL26
08:45:37.312 [FXGL Background Thread 4 ] DEBUG TilesetLoader        - Created buffer with size 640.0x480.0
08:45:37.312 [FXGL Background Thread 4 ] DEBUG TilesetLoader        - Loading view for layer WALL25
08:45:37.312 [FXGL Background Thread 4 ] DEBUG TilesetLoader        - Created buffer with size 640.0x480.0
08:45:37.312 [FXGL Background Thread 4 ] DEBUG TilesetLoader        - Loading view for layer WALL24
08:45:37.313 [FXGL Background Thread 4 ] DEBUG TilesetLoader        - Created buffer with size 640.0x480.0
08:45:37.313 [FXGL Background Thread 4 ] DEBUG TilesetLoader        - Loading view for layer WALL23
08:45:37.314 [FXGL Background Thread 4 ] DEBUG TilesetLoader        - Created buffer with size 640.0x480.0
08:45:37.314 [FXGL Background Thread 4 ] DEBUG TilesetLoader        - Loading view for layer WALL22
08:45:37.315 [FXGL Background Thread 4 ] DEBUG TilesetLoader        - Created buffer with size 640.0x480.0
08:45:37.315 [FXGL Background Thread 4 ] DEBUG TilesetLoader        - Loading view for layer WALL21
08:45:37.316 [FXGL Background Thread 4 ] DEBUG TilesetLoader        - Created buffer with size 640.0x480.0
08:45:37.317 [FXGL Background Thread 4 ] DEBUG TilesetLoader        - Loading view for layer WALL20
08:45:37.317 [FXGL Background Thread 4 ] DEBUG TilesetLoader        - Created buffer with size 640.0x480.0
08:45:37.318 [FXGL Background Thread 4 ] DEBUG TilesetLoader        - Loading view for layer WALL19
08:45:37.318 [FXGL Background Thread 4 ] DEBUG TilesetLoader        - Created buffer with size 640.0x480.0
08:45:37.319 [FXGL Background Thread 4 ] DEBUG TilesetLoader        - Loading view for layer WALL18
08:45:37.319 [FXGL Background Thread 4 ] DEBUG TilesetLoader        - Created buffer with size 640.0x480.0
08:45:37.320 [FXGL Background Thread 4 ] DEBUG TilesetLoader        - Loading view for layer WALL17
08:45:37.320 [FXGL Background Thread 4 ] DEBUG TilesetLoader        - Created buffer with size 640.0x480.0
08:45:37.321 [FXGL Background Thread 4 ] DEBUG TilesetLoader        - Loading view for layer WALL16
08:45:37.321 [FXGL Background Thread 4 ] DEBUG TilesetLoader        - Created buffer with size 640.0x480.0
08:45:37.322 [FXGL Background Thread 4 ] DEBUG TilesetLoader        - Loading view for layer WALL15
08:45:37.322 [FXGL Background Thread 4 ] DEBUG TilesetLoader        - Created buffer with size 640.0x480.0
08:45:37.323 [FXGL Background Thread 4 ] DEBUG TilesetLoader        - Loading view for layer WALL14
08:45:37.323 [FXGL Background Thread 4 ] DEBUG TilesetLoader        - Created buffer with size 640.0x480.0
08:45:37.323 [FXGL Background Thread 4 ] DEBUG TilesetLoader        - Loading view for layer WALL13
08:45:37.323 [FXGL Background Thread 4 ] DEBUG TilesetLoader        - Created buffer with size 640.0x480.0
08:45:37.324 [FXGL Background Thread 4 ] DEBUG TilesetLoader        - Loading view for layer WALL12
08:45:37.324 [FXGL Background Thread 4 ] DEBUG TilesetLoader        - Created buffer with size 640.0x480.0
08:45:37.324 [FXGL Background Thread 4 ] DEBUG TilesetLoader        - Loading view for layer WALL11
08:45:37.324 [FXGL Background Thread 4 ] DEBUG TilesetLoader        - Created buffer with size 640.0x480.0
08:45:37.325 [FXGL Background Thread 4 ] DEBUG TilesetLoader        - Loading view for layer WALL10
08:45:37.325 [FXGL Background Thread 4 ] DEBUG TilesetLoader        - Created buffer with size 640.0x480.0
08:45:37.325 [FXGL Background Thread 4 ] DEBUG TilesetLoader        - Loading view for layer WALL9
08:45:37.326 [FXGL Background Thread 4 ] DEBUG TilesetLoader        - Created buffer with size 640.0x480.0
08:45:37.326 [FXGL Background Thread 4 ] DEBUG TilesetLoader        - Loading view for layer WALL8
08:45:37.327 [FXGL Background Thread 4 ] DEBUG TilesetLoader        - Created buffer with size 640.0x480.0
08:45:37.327 [FXGL Background Thread 4 ] DEBUG TilesetLoader        - Loading view for layer WALL7
08:45:37.327 [FXGL Background Thread 4 ] DEBUG TilesetLoader        - Created buffer with size 640.0x480.0
08:45:37.328 [FXGL Background Thread 4 ] DEBUG TilesetLoader        - Loading view for layer WALL6
08:45:37.328 [FXGL Background Thread 4 ] DEBUG TilesetLoader        - Created buffer with size 640.0x480.0
08:45:37.329 [FXGL Background Thread 4 ] DEBUG TilesetLoader        - Loading view for layer WALL5
08:45:37.329 [FXGL Background Thread 4 ] DEBUG TilesetLoader        - Created buffer with size 640.0x480.0
08:45:37.330 [FXGL Background Thread 4 ] DEBUG TilesetLoader        - Loading view for layer WALL4
08:45:37.330 [FXGL Background Thread 4 ] DEBUG TilesetLoader        - Created buffer with size 640.0x480.0
08:45:37.331 [FXGL Background Thread 4 ] DEBUG TilesetLoader        - Loading view for layer WALL3
08:45:37.332 [FXGL Background Thread 4 ] DEBUG TilesetLoader        - Created buffer with size 640.0x480.0
08:45:37.332 [FXGL Background Thread 4 ] DEBUG TilesetLoader        - Loading view for layer WALL2
08:45:37.333 [FXGL Background Thread 4 ] DEBUG TilesetLoader        - Created buffer with size 640.0x480.0
08:45:37.333 [FXGL Background Thread 4 ] DEBUG TilesetLoader        - Loading view for layer WALL1
08:45:37.334 [FXGL Background Thread 4 ] DEBUG TilesetLoader        - Created buffer with size 640.0x480.0
08:45:37.334 [FXGL Background Thread 4 ] DEBUG TilesetLoader        - Loading view for layer เลเยอร์ไทล์ 2
08:45:37.335 [FXGL Background Thread 4 ] DEBUG TilesetLoader        - Created buffer with size 640.0x480.0
08:45:37.336 [FXGL Background Thread 4 ] DEBUG TilesetLoader        - Loading view for layer เลเยอร์ไทล์ 3
08:45:37.336 [FXGL Background Thread 4 ] DEBUG TilesetLoader        - Created buffer with size 640.0x480.0
08:45:37.337 [FXGL Background Thread 4 ] DEBUG TMXLevelLoader       - Creating object layer entities
08:45:37.352 [FXGL Background Thread 4 ] DEBUG GameWorld            - Clearing removable entities
08:45:37.353 [FXGL Background Thread 4 ] DEBUG GameWorld            - Setting level: com.almasb.fxgl.entity.level.Level@37ba65fc
08:45:37.368 [FXGL Background Thread 4 ] INFO  FXGLApplication      - Game initialization took: 0.429 sec
08:45:37.422 [JavaFX Application Thread] DEBUG Input                - Clearing active input actions
08:45:37.432 [JavaFX Application Thread] DEBUG GameApplicationServi - Removing overlay from FXGLLoadingScene and adding to GameScene
08:45:37.437 [JavaFX Application Thread] DEBUG PrimaryStageWindow   - FXGLLoadingScene -> GameScene
08:45:38.509 [JavaFX Application Thread] WARN  Entity               - Entity already has component: com.almasb.fxgl.physics.PhysicsComponent
08:45:38.511 [JavaFX Application Thread] DEBUG FXGLAssetLoaderServi - Loading from file system: file:/C:/Users/POO/intellij/Bakudun/target/classes/assets/textures/bombball.png
08:45:38.512 [JavaFX Application Thread] DEBUG FXGLAssetLoaderServi - Loading from file system: file:/C:/Users/POO/intellij/Bakudun/target/classes/assets/textures/bombblast.png
08:45:39.829 [FXGL Background Thread 3 ] DEBUG Engine               - Logging environment variables
08:45:39.829 [FXGL Background Thread 3 ] DEBUG Engine               - achievements: []
08:45:39.829 [FXGL Background Thread 3 ] DEBUG Engine               - actualHeight: 480.0
08:45:39.829 [FXGL Background Thread 3 ] DEBUG Engine               - actualHeightProperty: ReadOnlyDoubleProperty [value: 480.0]
08:45:39.829 [FXGL Background Thread 3 ] DEBUG Engine               - actualWidth: 640.0
08:45:39.830 [FXGL Background Thread 3 ] DEBUG Engine               - actualWidthProperty: ReadOnlyDoubleProperty [value: 640.0]
08:45:39.830 [FXGL Background Thread 3 ] DEBUG Engine               - appIcon: fxgl_icon.png
08:45:39.830 [FXGL Background Thread 3 ] DEBUG Engine               - applicationMode: DEVELOPER
08:45:39.830 [FXGL Background Thread 3 ] DEBUG Engine               - cSSList: [fxgl_dark.css]
08:45:39.830 [FXGL Background Thread 3 ] DEBUG Engine               - collisionDetectionStrategy: BRUTE_FORCE
08:45:39.830 [FXGL Background Thread 3 ] DEBUG Engine               - configClass: Optional.empty
08:45:39.830 [FXGL Background Thread 3 ] DEBUG Engine               - credits: []
08:45:39.830 [FXGL Background Thread 3 ] DEBUG Engine               - defaultCursor: CursorInfo(imageName=fxgl_default_cursor.png, hotspotX=7.0, hotspotY=6.0)
08:45:39.830 [FXGL Background Thread 3 ] DEBUG Engine               - devBBoxColorProperty: ObjectProperty [value: 0xff0000ff]
08:45:39.830 [FXGL Background Thread 3 ] DEBUG Engine               - devEnableDebugCameraProperty: BooleanProperty [value: false]
08:45:39.830 [FXGL Background Thread 3 ] DEBUG Engine               - devSensorColorProperty: ObjectProperty [value: 0xffff00ff]
08:45:39.830 [FXGL Background Thread 3 ] DEBUG Engine               - devShowBBoxProperty: BooleanProperty [value: false]
08:45:39.830 [FXGL Background Thread 3 ] DEBUG Engine               - devShowPositionProperty: BooleanProperty [value: false]
08:45:39.830 [FXGL Background Thread 3 ] DEBUG Engine               - enabledMenuItems: []
08:45:39.830 [FXGL Background Thread 3 ] DEBUG Engine               - engineServices: [class com.almasb.fxgl.app.services.FXGLAssetLoaderService, class com.almasb.fxgl.app.FXGLApplication$GameApplicationService, class com.almasb.fxgl.app.services.FXGLDialogService, class com.almasb.fxgl.app.services.IOTaskExecutorService, class com.almasb.fxgl.io.FileSystemService, class com.almasb.fxgl.localization.LocalizationService, class com.almasb.fxgl.app.services.SystemBundleService, class com.almasb.fxgl.profile.SaveLoadService, class com.almasb.fxgl.ui.FXGLUIFactoryServiceProvider, class com.almasb.fxgl.ui.FXGLDialogFactoryServiceProvider, class com.almasb.fxgl.audio.AudioPlayer, class com.almasb.fxgl.notification.impl.NotificationServiceProvider, class com.almasb.fxgl.achievement.AchievementService, class com.almasb.fxgl.cutscene.CutsceneService, class com.almasb.fxgl.minigames.MiniGameService, class com.almasb.fxgl.net.NetService, class com.almasb.fxgl.app.services.UpdaterService, class com.almasb.fxgl.dev.DevService]
08:45:39.830 [FXGL Background Thread 3 ] DEBUG Engine               - fontGame: Abel-Regular.ttf
08:45:39.830 [FXGL Background Thread 3 ] DEBUG Engine               - fontMono: TerminalLandMono-Regular.otf
08:45:39.830 [FXGL Background Thread 3 ] DEBUG Engine               - fontSizeScaleUI: 1.0
08:45:39.830 [FXGL Background Thread 3 ] DEBUG Engine               - fontText: Courier-Prime.ttf
08:45:39.830 [FXGL Background Thread 3 ] DEBUG Engine               - fontUI: VarelaRound-Regular.ttf
08:45:39.831 [FXGL Background Thread 3 ] DEBUG Engine               - fullScreen: BooleanProperty [value: false]
08:45:39.831 [FXGL Background Thread 3 ] DEBUG Engine               - gameDifficulty: MEDIUM
08:45:39.831 [FXGL Background Thread 3 ] DEBUG Engine               - gameDifficultyProperty: ObjectProperty [value: MEDIUM]
08:45:39.831 [FXGL Background Thread 3 ] DEBUG Engine               - globalMusicVolume: 0.5
08:45:39.831 [FXGL Background Thread 3 ] DEBUG Engine               - globalMusicVolumeProperty: DoubleProperty [value: 0.5]
08:45:39.831 [FXGL Background Thread 3 ] DEBUG Engine               - globalSoundVolume: 0.5
08:45:39.831 [FXGL Background Thread 3 ] DEBUG Engine               - globalSoundVolumeProperty: DoubleProperty [value: 0.5]
08:45:39.831 [FXGL Background Thread 3 ] DEBUG Engine               - height: 480
08:45:39.831 [FXGL Background Thread 3 ] DEBUG Engine               - is3D: false
08:45:39.831 [FXGL Background Thread 3 ] DEBUG Engine               - isAndroid: false
08:45:39.831 [FXGL Background Thread 3 ] DEBUG Engine               - isBrowser: false
08:45:39.831 [FXGL Background Thread 3 ] DEBUG Engine               - isClickFeedbackEnabled: false
08:45:39.831 [FXGL Background Thread 3 ] DEBUG Engine               - isCloseConfirmation: false
08:45:39.831 [FXGL Background Thread 3 ] DEBUG Engine               - isDesktop: true
08:45:39.831 [FXGL Background Thread 3 ] DEBUG Engine               - isDeveloperMenuEnabled: true
08:45:39.831 [FXGL Background Thread 3 ] DEBUG Engine               - isEmbedded: false
08:45:39.831 [FXGL Background Thread 3 ] DEBUG Engine               - isEntityPreloadEnabled: true
08:45:39.831 [FXGL Background Thread 3 ] DEBUG Engine               - isExperimentalTiledLargeMap: false
08:45:39.831 [FXGL Background Thread 3 ] DEBUG Engine               - isFileSystemWriteAllowed: true
08:45:39.831 [FXGL Background Thread 3 ] DEBUG Engine               - isFullScreenAllowed: false
08:45:39.831 [FXGL Background Thread 3 ] DEBUG Engine               - isFullScreenFromStart: false
08:45:39.831 [FXGL Background Thread 3 ] DEBUG Engine               - isGameMenuEnabled: true
08:45:39.831 [FXGL Background Thread 3 ] DEBUG Engine               - isIOS: false
08:45:39.831 [FXGL Background Thread 3 ] DEBUG Engine               - isIntroEnabled: false
08:45:39.831 [FXGL Background Thread 3 ] DEBUG Engine               - isLinux: false
08:45:39.831 [FXGL Background Thread 3 ] DEBUG Engine               - isMac: false
08:45:39.831 [FXGL Background Thread 3 ] DEBUG Engine               - isMainMenuEnabled: false
08:45:39.831 [FXGL Background Thread 3 ] DEBUG Engine               - isManualResizeEnabled: false
08:45:39.831 [FXGL Background Thread 3 ] DEBUG Engine               - isMobile: false
08:45:39.831 [FXGL Background Thread 3 ] DEBUG Engine               - isNative: false
08:45:39.831 [FXGL Background Thread 3 ] DEBUG Engine               - isPauseMusicWhenMinimized: true
08:45:39.831 [FXGL Background Thread 3 ] DEBUG Engine               - isPreserveResizeRatio: false
08:45:39.831 [FXGL Background Thread 3 ] DEBUG Engine               - isProfilingEnabled: false
08:45:39.831 [FXGL Background Thread 3 ] DEBUG Engine               - isScaleAffectedOnResize: true
08:45:39.831 [FXGL Background Thread 3 ] DEBUG Engine               - isSingleStep: false
08:45:39.831 [FXGL Background Thread 3 ] DEBUG Engine               - isUserProfileEnabled: false
08:45:39.831 [FXGL Background Thread 3 ] DEBUG Engine               - isWindows: true
08:45:39.831 [FXGL Background Thread 3 ] DEBUG Engine               - language: ObjectProperty [value: ENGLISH]
08:45:39.832 [FXGL Background Thread 3 ] DEBUG Engine               - menuKey: ESCAPE
08:45:39.832 [FXGL Background Thread 3 ] DEBUG Engine               - mouseSensitivity: 0.2
08:45:39.832 [FXGL Background Thread 3 ] DEBUG Engine               - notificationViewClass: class com.almasb.fxgl.notification.view.XboxNotificationView
08:45:39.832 [FXGL Background Thread 3 ] DEBUG Engine               - pixelsPerMeter: 50.0
08:45:39.832 [FXGL Background Thread 3 ] DEBUG Engine               - platform: WINDOWS
08:45:39.832 [FXGL Background Thread 3 ] DEBUG Engine               - prefHeightProperty: ReadOnlyDoubleProperty [value: 480.0]
08:45:39.832 [FXGL Background Thread 3 ] DEBUG Engine               - prefWidthProperty: ReadOnlyDoubleProperty [value: 640.0]
08:45:39.832 [FXGL Background Thread 3 ] DEBUG Engine               - profileDir: profiles/
08:45:39.832 [FXGL Background Thread 3 ] DEBUG Engine               - profileName: StringProperty [value: DEFAULT]
08:45:39.832 [FXGL Background Thread 3 ] DEBUG Engine               - randomSeed: -1
08:45:39.832 [FXGL Background Thread 3 ] DEBUG Engine               - runtimeInfo: RuntimeInfo(platform=WINDOWS, version=21.1, build=27.03.2024 07.52)
08:45:39.832 [FXGL Background Thread 3 ] DEBUG Engine               - saveFileExt: sav
08:45:39.832 [FXGL Background Thread 3 ] DEBUG Engine               - scaledHeightProp$fxgl: DoubleProperty [bound, value: 480.0]
08:45:39.832 [FXGL Background Thread 3 ] DEBUG Engine               - scaledWidthProp$fxgl: DoubleProperty [bound, value: 640.0]
08:45:39.832 [FXGL Background Thread 3 ] DEBUG Engine               - sceneFactory: com.almasb.fxgl.app.scene.SceneFactory@16d03905
08:45:39.832 [FXGL Background Thread 3 ] DEBUG Engine               - secondsIn24h: 60
08:45:39.832 [FXGL Background Thread 3 ] DEBUG Engine               - soundMenuBack: menu/back.wav
08:45:39.832 [FXGL Background Thread 3 ] DEBUG Engine               - soundMenuPress: menu/press.wav
08:45:39.832 [FXGL Background Thread 3 ] DEBUG Engine               - soundMenuSelect: menu/select.wav
08:45:39.832 [FXGL Background Thread 3 ] DEBUG Engine               - soundNotification: core/notification.wav
08:45:39.832 [FXGL Background Thread 3 ] DEBUG Engine               - stageStyle: DECORATED
08:45:39.832 [FXGL Background Thread 3 ] DEBUG Engine               - supportedLanguages: [ENGLISH, FRENCH, GERMAN, HUNGARIAN, RUSSIAN]
08:45:39.832 [FXGL Background Thread 3 ] DEBUG Engine               - ticksPerSecond: -1
08:45:39.832 [FXGL Background Thread 3 ] DEBUG Engine               - title: BomberMan
08:45:39.832 [FXGL Background Thread 3 ] DEBUG Engine               - urlGithub: https://github.com/AlmasB/FXGL
08:45:39.832 [FXGL Background Thread 3 ] DEBUG Engine               - urlLeaderboard: http://fxgl-top.herokuapp.com/
08:45:39.832 [FXGL Background Thread 3 ] DEBUG Engine               - urlPOM: https://raw.githubusercontent.com/AlmasB/FXGL/release/README.md
08:45:39.832 [FXGL Background Thread 3 ] DEBUG Engine               - userAppClass: class me.pooh.bakudun.App
08:45:39.832 [FXGL Background Thread 3 ] DEBUG Engine               - version: 0.1
08:45:39.833 [FXGL Background Thread 3 ] DEBUG Engine               - versionCheckDays: 7
08:45:39.833 [FXGL Background Thread 3 ] DEBUG Engine               - width: 640
08:45:39.833 [FXGL Background Thread 3 ] DEBUG Engine               - Logging services
08:45:39.833 [FXGL Background Thread 3 ] DEBUG Engine               - class com.almasb.fxgl.app.services.FXGLAssetLoaderService
08:45:39.833 [FXGL Background Thread 3 ] DEBUG Engine               - class com.almasb.fxgl.app.FXGLApplication$GameApplicationService
08:45:39.833 [FXGL Background Thread 3 ] DEBUG Engine               - class com.almasb.fxgl.app.services.FXGLDialogService
08:45:39.833 [FXGL Background Thread 3 ] DEBUG Engine               - class com.almasb.fxgl.app.services.IOTaskExecutorService
08:45:39.833 [FXGL Background Thread 3 ] DEBUG Engine               - class com.almasb.fxgl.io.FileSystemService
08:45:39.833 [FXGL Background Thread 3 ] DEBUG Engine               - class com.almasb.fxgl.localization.LocalizationService
08:45:39.833 [FXGL Background Thread 3 ] DEBUG Engine               - class com.almasb.fxgl.app.services.SystemBundleService
08:45:39.833 [FXGL Background Thread 3 ] DEBUG Engine               - class com.almasb.fxgl.profile.SaveLoadService
08:45:39.833 [FXGL Background Thread 3 ] DEBUG Engine               - class com.almasb.fxgl.ui.FXGLUIFactoryServiceProvider
08:45:39.833 [FXGL Background Thread 3 ] DEBUG Engine               - class com.almasb.fxgl.ui.FXGLDialogFactoryServiceProvider
08:45:39.833 [FXGL Background Thread 3 ] DEBUG Engine               - class com.almasb.fxgl.audio.AudioPlayer
08:45:39.833 [FXGL Background Thread 3 ] DEBUG Engine               - class com.almasb.fxgl.notification.impl.NotificationServiceProvider
08:45:39.833 [FXGL Background Thread 3 ] DEBUG Engine               - class com.almasb.fxgl.achievement.AchievementService
08:45:39.833 [FXGL Background Thread 3 ] DEBUG Engine               - class com.almasb.fxgl.cutscene.CutsceneService
08:45:39.833 [FXGL Background Thread 3 ] DEBUG Engine               - class com.almasb.fxgl.minigames.MiniGameService
08:45:39.833 [FXGL Background Thread 3 ] DEBUG Engine               - class com.almasb.fxgl.net.NetService
08:45:39.833 [FXGL Background Thread 3 ] DEBUG Engine               - class com.almasb.fxgl.app.services.UpdaterService
08:45:39.833 [FXGL Background Thread 3 ] DEBUG Engine               - class com.almasb.fxgl.dev.DevService
08:45:40.504 [JavaFX Application Thread] WARN  Entity               - Entity already has component: com.almasb.fxgl.physics.PhysicsComponent
08:45:42.014 [JavaFX Application Thread] WARN  Entity               - Entity already has component: com.almasb.fxgl.physics.PhysicsComponent
08:45:43.484 [JavaFX Application Thread] WARN  Entity               - Entity already has component: com.almasb.fxgl.physics.PhysicsComponent
08:45:44.724 [JavaFX Application Thread] WARN  Entity               - Entity already has component: com.almasb.fxgl.physics.PhysicsComponent
08:45:45.398 [JavaFX Application Thread] WARN  Entity               - Entity already has component: com.almasb.fxgl.physics.PhysicsComponent
08:45:47.787 [JavaFX Application Thread] WARN  Entity               - Entity already has component: com.almasb.fxgl.physics.PhysicsComponent
08:45:51.789 [JavaFX Application Thread] WARN  Entity               - Entity already has component: com.almasb.fxgl.physics.PhysicsComponent
08:45:53.296 [JavaFX Application Thread] WARN  Entity               - Entity already has component: com.almasb.fxgl.physics.PhysicsComponent
08:45:58.145 [JavaFX Application Thread] WARN  Entity               - Entity already has component: com.almasb.fxgl.physics.PhysicsComponent
08:46:04.202 [JavaFX Application Thread] WARN  Entity               - Entity already has component: com.almasb.fxgl.physics.PhysicsComponent
08:46:05.887 [JavaFX Application Thread] WARN  Entity               - Entity already has component: com.almasb.fxgl.physics.PhysicsComponent
08:46:06.704 [JavaFX Application Thread] WARN  Entity               - Entity already has component: com.almasb.fxgl.physics.PhysicsComponent
08:46:09.053 [JavaFX Application Thread] WARN  Entity               - Entity already has component: com.almasb.fxgl.physics.PhysicsComponent
08:46:09.280 [JavaFX Application Thread] WARN  Entity               - Entity already has component: com.almasb.fxgl.physics.PhysicsComponent
08:46:10.835 [JavaFX Application Thread] WARN  Entity               - Entity already has component: com.almasb.fxgl.physics.PhysicsComponent
08:46:13.554 [JavaFX Application Thread] WARN  Entity               - Entity already has component: com.almasb.fxgl.physics.PhysicsComponent
08:46:13.808 [JavaFX Application Thread] WARN  Entity               - Entity already has component: com.almasb.fxgl.physics.PhysicsComponent
08:46:14.017 [JavaFX Application Thread] WARN  Entity               - Entity already has component: com.almasb.fxgl.physics.PhysicsComponent
08:46:20.356 [JavaFX Application Thread] WARN  Entity               - Entity already has component: com.almasb.fxgl.physics.PhysicsComponent
08:46:20.811 [JavaFX Application Thread] WARN  Entity               - Entity already has component: com.almasb.fxgl.physics.PhysicsComponent
08:46:21.220 [JavaFX Application Thread] WARN  Entity               - Entity already has component: com.almasb.fxgl.physics.PhysicsComponent
08:46:25.512 [JavaFX Application Thread] WARN  Entity               - Entity already has component: com.almasb.fxgl.physics.PhysicsComponent
08:46:25.790 [JavaFX Application Thread] WARN  Entity               - Entity already has component: com.almasb.fxgl.physics.PhysicsComponent
08:46:26.100 [JavaFX Application Thread] WARN  Entity               - Entity already has component: com.almasb.fxgl.physics.PhysicsComponent
08:46:30.785 [JavaFX Application Thread] WARN  Entity               - Entity already has component: com.almasb.fxgl.physics.PhysicsComponent
08:46:31.047 [JavaFX Application Thread] WARN  Entity               - Entity already has component: com.almasb.fxgl.physics.PhysicsComponent
08:46:31.366 [JavaFX Application Thread] WARN  Entity               - Entity already has component: com.almasb.fxgl.physics.PhysicsComponent
08:46:34.724 [JavaFX Application Thread] WARN  Entity               - Entity already has component: com.almasb.fxgl.physics.PhysicsComponent
08:46:34.944 [JavaFX Application Thread] WARN  Entity               - Entity already has component: com.almasb.fxgl.physics.PhysicsComponent
08:46:35.119 [JavaFX Application Thread] WARN  Entity               - Entity already has component: com.almasb.fxgl.physics.PhysicsComponent
08:46:38.192 [JavaFX Application Thread] WARN  Entity               - Entity already has component: com.almasb.fxgl.physics.PhysicsComponent
08:46:38.434 [JavaFX Application Thread] WARN  Entity               - Entity already has component: com.almasb.fxgl.physics.PhysicsComponent
08:46:38.691 [JavaFX Application Thread] WARN  Entity               - Entity already has component: com.almasb.fxgl.physics.PhysicsComponent
08:46:42.394 [JavaFX Application Thread] WARN  Entity               - Entity already has component: com.almasb.fxgl.physics.PhysicsComponent
08:46:42.601 [JavaFX Application Thread] WARN  Entity               - Entity already has component: com.almasb.fxgl.physics.PhysicsComponent
08:46:42.802 [JavaFX Application Thread] WARN  Entity               - Entity already has component: com.almasb.fxgl.physics.PhysicsComponent
08:46:46.602 [JavaFX Application Thread] WARN  Entity               - Entity already has component: com.almasb.fxgl.physics.PhysicsComponent
08:46:46.875 [JavaFX Application Thread] WARN  Entity               - Entity already has component: com.almasb.fxgl.physics.PhysicsComponent
08:46:47.136 [JavaFX Application Thread] WARN  Entity               - Entity already has component: com.almasb.fxgl.physics.PhysicsComponent
08:46:51.317 [JavaFX Application Thread] WARN  Entity               - Entity already has component: com.almasb.fxgl.physics.PhysicsComponent
08:46:51.560 [JavaFX Application Thread] WARN  Entity               - Entity already has component: com.almasb.fxgl.physics.PhysicsComponent
08:46:51.868 [JavaFX Application Thread] WARN  Entity               - Entity already has component: com.almasb.fxgl.physics.PhysicsComponent
08:46:54.924 [JavaFX Application Thread] WARN  Entity               - Entity already has component: com.almasb.fxgl.physics.PhysicsComponent
08:46:55.176 [JavaFX Application Thread] WARN  Entity               - Entity already has component: com.almasb.fxgl.physics.PhysicsComponent
08:46:55.444 [JavaFX Application Thread] WARN  Entity               - Entity already has component: com.almasb.fxgl.physics.PhysicsComponent
08:46:59.619 [JavaFX Application Thread] WARN  Entity               - Entity already has component: com.almasb.fxgl.physics.PhysicsComponent
08:46:59.863 [JavaFX Application Thread] WARN  Entity               - Entity already has component: com.almasb.fxgl.physics.PhysicsComponent
08:47:00.085 [JavaFX Application Thread] WARN  Entity               - Entity already has component: com.almasb.fxgl.physics.PhysicsComponent
08:47:03.609 [JavaFX Application Thread] WARN  Entity               - Entity already has component: com.almasb.fxgl.physics.PhysicsComponent
08:47:03.831 [JavaFX Application Thread] WARN  Entity               - Entity already has component: com.almasb.fxgl.physics.PhysicsComponent
08:47:04.032 [JavaFX Application Thread] WARN  Entity               - Entity already has component: com.almasb.fxgl.physics.PhysicsComponent
08:47:07.518 [JavaFX Application Thread] WARN  Entity               - Entity already has component: com.almasb.fxgl.physics.PhysicsComponent
08:47:07.750 [JavaFX Application Thread] WARN  Entity               - Entity already has component: com.almasb.fxgl.physics.PhysicsComponent
08:47:07.977 [JavaFX Application Thread] WARN  Entity               - Entity already has component: com.almasb.fxgl.physics.PhysicsComponent
08:47:09.835 [JavaFX Application Thread] WARN  Entity               - Entity already has component: com.almasb.fxgl.physics.PhysicsComponent
08:47:10.058 [JavaFX Application Thread] WARN  Entity               - Entity already has component: com.almasb.fxgl.physics.PhysicsComponent
08:47:10.488 [JavaFX Application Thread] WARN  Entity               - Entity already has component: com.almasb.fxgl.physics.PhysicsComponent
08:47:13.539 [JavaFX Application Thread] WARN  Entity               - Entity already has component: com.almasb.fxgl.physics.PhysicsComponent
08:47:13.823 [JavaFX Application Thread] WARN  Entity               - Entity already has component: com.almasb.fxgl.physics.PhysicsComponent
08:47:14.095 [JavaFX Application Thread] WARN  Entity               - Entity already has component: com.almasb.fxgl.physics.PhysicsComponent
08:47:19.913 [JavaFX Application Thread] WARN  Entity               - Entity already has component: com.almasb.fxgl.physics.PhysicsComponent
08:47:20.161 [JavaFX Application Thread] WARN  Entity               - Entity already has component: com.almasb.fxgl.physics.PhysicsComponent
08:47:20.368 [JavaFX Application Thread] WARN  Entity               - Entity already has component: com.almasb.fxgl.physics.PhysicsComponent
08:47:23.560 [JavaFX Application Thread] WARN  Entity               - Entity already has component: com.almasb.fxgl.physics.PhysicsComponent
08:47:23.791 [JavaFX Application Thread] WARN  Entity               - Entity already has component: com.almasb.fxgl.physics.PhysicsComponent
08:47:24.005 [JavaFX Application Thread] WARN  Entity               - Entity already has component: com.almasb.fxgl.physics.PhysicsComponent
08:47:28.656 [JavaFX Application Thread] WARN  Entity               - Entity already has component: com.almasb.fxgl.physics.PhysicsComponent
08:47:28.896 [JavaFX Application Thread] WARN  Entity               - Entity already has component: com.almasb.fxgl.physics.PhysicsComponent
08:47:29.162 [JavaFX Application Thread] WARN  Entity               - Entity already has component: com.almasb.fxgl.physics.PhysicsComponent
08:47:33.024 [JavaFX Application Thread] WARN  Entity               - Entity already has component: com.almasb.fxgl.physics.PhysicsComponent
08:47:33.267 [JavaFX Application Thread] WARN  Entity               - Entity already has component: com.almasb.fxgl.physics.PhysicsComponent
08:47:33.484 [JavaFX Application Thread] WARN  Entity               - Entity already has component: com.almasb.fxgl.physics.PhysicsComponent
08:47:37.131 [JavaFX Application Thread] WARN  Entity               - Entity already has component: com.almasb.fxgl.physics.PhysicsComponent
08:47:37.369 [JavaFX Application Thread] WARN  Entity               - Entity already has component: com.almasb.fxgl.physics.PhysicsComponent
08:47:37.556 [JavaFX Application Thread] WARN  Entity               - Entity already has component: com.almasb.fxgl.physics.PhysicsComponent
08:47:42.508 [JavaFX Application Thread] DEBUG FXGLApplication      - Exiting FXGL
08:47:42.509 [JavaFX Application Thread] DEBUG LoopRunner           - Stopping loop
08:47:42.509 [JavaFX Application Thread] DEBUG SystemBundleService  - Saving FXGL system data
08:47:42.510 [JavaFX Application Thread] DEBUG FileSystemAccess     - Writing to: C:\Users\POO\intellij\Bakudun\system\fxgl.bundle
08:47:42.513 [JavaFX Application Thread] DEBUG Async                - Shutting down background threads
08:47:42.513 [JavaFX Application Thread] DEBUG PrimaryStageWindow   - Closing main window
08:47:42.531 [JavaFX Application Thread] DEBUG Logger               - Closing Logger
