03:50:26.891 [main                     ] DEBUG Logger               - Configured Logger
03:50:26.910 [main                     ] DEBUG GameApplication      - Logging settings
Title: BomberMan
Version: 0.1
Width: 640
Height: 480
Fullscreen: false
Intro: false
Profiling: false
Single step:false
App Mode: DEVELOPER
Menu Key: ESCAPE
Stage Style: DECORATED
Scene Factory: class com.almasb.fxgl.app.scene.SceneFactory

03:50:27.560 [JavaFX Application Thread] DEBUG FXGLApplication      - Initializing FXGL
03:50:27.563 [JavaFX Application Thread] INFO  Engine               - FXGL-21.1 (27.03.2024 07.52) on WINDOWS (J:21.0.2 FX:21.0.1)
03:50:27.563 [JavaFX Application Thread] DEBUG Engine               - JRE Vendor Name: Eclipse Adoptium
03:50:27.563 [JavaFX Application Thread] DEBUG Engine               - Running on OS: Windows 11 version 10.0
03:50:27.563 [JavaFX Application Thread] DEBUG Engine               - Architecture: amd64
03:50:27.563 [JavaFX Application Thread] INFO  Engine               - Source code and latest versions at: https://github.com/AlmasB/FXGL
03:50:27.563 [JavaFX Application Thread] INFO  Engine               -       Ask questions and discuss at: https://github.com/AlmasB/FXGL/discussions
03:50:27.563 [JavaFX Application Thread] INFO  Engine               -              Join the FXGL chat at: https://gitter.im/AlmasB/FXGL
03:50:27.636 [JavaFX Application Thread] DEBUG PrimaryStageWindow   - Creating a JavaFX scene
03:50:27.679 [JavaFX Application Thread] DEBUG PrimaryStageWindow   - Target settings size: 640.0 x 480.0
03:50:27.680 [JavaFX Application Thread] DEBUG PrimaryStageWindow   - Scaled scene size:    640.0 x 480.0
03:50:27.680 [JavaFX Application Thread] DEBUG PrimaryStageWindow   - Scaled ratio: (1.0, 1.0)
03:50:27.680 [JavaFX Application Thread] DEBUG PrimaryStageWindow   - Set initial scene to FXGLStartupScene
03:50:27.684 [JavaFX Application Thread] DEBUG PrimaryStageWindow   - Opening main window
03:50:27.784 [JavaFX Application Thread] DEBUG PrimaryStageWindow   - Window border size: (14.4000244140625, 37.5999755859375)
03:50:27.784 [JavaFX Application Thread] DEBUG PrimaryStageWindow   - Scaled size: 640.0 x 480.0
03:50:27.784 [JavaFX Application Thread] DEBUG PrimaryStageWindow   - Scaled ratio: (1.0, 1.0)
03:50:27.784 [JavaFX Application Thread] DEBUG PrimaryStageWindow   - Scene size: 640.0 x 480.0
03:50:27.785 [JavaFX Application Thread] DEBUG PrimaryStageWindow   - Stage size: 654.4000244140625 x 517.5999755859375
03:50:27.792 [FXGL Background Thread 1 ] DEBUG Engine               - Initializing environment variables
03:50:27.845 [FXGL Background Thread 1 ] DEBUG FXGLAssetLoaderServi - User app class for loading assets: class me.pooh.bakudun.App
03:50:27.845 [FXGL Background Thread 1 ] DEBUG GameApplicationServi - Applying CSS: fxgl_dark.css
03:50:27.846 [FXGL Background Thread 1 ] DEBUG FXGLAssetLoaderServi - Loading from file system: jar:file:///C:/Users/POO/.m2/repository/com/github/almasb/fxgl/21.1/fxgl-21.1.jar!/fxglassets/ui/css/fxgl_dark.css
03:50:27.889 [FXGL Background Thread 1 ] DEBUG GameApplicationServi - Initializing application scenes
03:50:27.924 [FXGL Background Thread 1 ] DEBUG GameWorld            - Game world initialized
03:50:27.970 [FXGL Background Thread 1 ] DEBUG PhysicsWorld         - Physics world initialized: appHeight=480, physics.ppm=50.0
03:50:27.970 [FXGL Background Thread 1 ] DEBUG PhysicsWorld         - Using strategy: BRUTE_FORCE
03:50:27.975 [FXGL Background Thread 1 ] DEBUG GameScene            - Game scene initialized: 640x480
03:50:27.988 [FXGL Background Thread 1 ] WARN  FXGL.DefaultMenu     - FXGLDefaultMenu is not designed for resolutions < 800x600
03:50:27.988 [FXGL Background Thread 1 ] DEBUG FXGL.DefaultMenu     - createMenuBodyGameMenu()
03:50:27.998 [FXGL Background Thread 1 ] DEBUG FXGL.DefaultMenu     - createOptionsMenu()
03:50:28.005 [FXGL Background Thread 1 ] DEBUG FXGLAssetLoaderServi - Loading from file system: jar:file:///C:/Users/POO/.m2/repository/com/github/almasb/fxgl/21.1/fxgl-21.1.jar!/fxglassets/textures/particles/smoke.png
03:50:28.078 [FXGL Background Thread 1 ] DEBUG FXGLAssetLoaderServi - Loading from file system: jar:file:///C:/Users/POO/.m2/repository/com/github/almasb/fxgl/21.1/fxgl-21.1.jar!/fxglassets/textures/particles/trace_horizontal.png
03:50:28.101 [FXGL Background Thread 1 ] DEBUG GameApplicationServi - Application scenes initialized
03:50:28.118 [FXGL Background Thread 1 ] DEBUG SystemBundleService  - Loading FXGL system data
03:50:28.124 [FXGL Background Thread 1 ] DEBUG FileSystemAccess     - Reading from: C:\Users\POO\intellij\Bakudun\system\fxgl.bundle
03:50:28.138 [FXGL Background Thread 1 ] DEBUG SystemBundleService  - Bundle FXGL: {}
03:50:28.138 [FXGL Background Thread 1 ] DEBUG UpdaterService       - Checking for updates
03:50:28.161 [FXGL Background Thread 4 ] DEBUG FXGLApplication      - Loading fonts
03:50:28.163 [FXGL Background Thread 1 ] DEBUG FXGLApplication      - Loading default localization
03:50:28.163 [FXGL Background Thread 4 ] DEBUG FXGLAssetLoaderServi - Loading from file system: jar:file:///C:/Users/POO/.m2/repository/com/github/almasb/fxgl/21.1/fxgl-21.1.jar!/fxglassets/ui/fonts/VarelaRound-Regular.ttf
03:50:28.163 [FXGL Background Thread 1 ] DEBUG FXGLAssetLoaderServi - Loading from file system: jar:file:///C:/Users/POO/.m2/repository/com/github/almasb/fxgl/21.1/fxgl-21.1.jar!/fxglassets/languages/english.lang
03:50:28.187 [FXGL Background Thread 1 ] INFO  FXGLApplication      - FXGL initialization took: 0.395 sec
03:50:28.199 [JavaFX Application Thread] DEBUG Input                - Registered new binding: Right - D
03:50:28.199 [JavaFX Application Thread] DEBUG Input                - Registered new binding: Left - A
03:50:28.200 [JavaFX Application Thread] DEBUG Input                - Registered new binding: Up - W
03:50:28.200 [JavaFX Application Thread] DEBUG Input                - Registered new binding: Down - S
03:50:28.200 [JavaFX Application Thread] DEBUG FXGLAssetLoaderServi - Loading from file system: jar:file:///C:/Users/POO/.m2/repository/com/github/almasb/fxgl/21.1/fxgl-21.1.jar!/fxglassets/textures/fxgl_icon.png
03:50:28.206 [FXGL Background Thread 4 ] DEBUG FXGLAssetLoaderServi - Loading from file system: jar:file:///C:/Users/POO/.m2/repository/com/github/almasb/fxgl/21.1/fxgl-21.1.jar!/fxglassets/ui/fonts/Abel-Regular.ttf
03:50:28.211 [FXGL Background Thread 4 ] DEBUG FXGLAssetLoaderServi - Loading from file system: jar:file:///C:/Users/POO/.m2/repository/com/github/almasb/fxgl/21.1/fxgl-21.1.jar!/fxglassets/ui/fonts/TerminalLandMono-Regular.otf
03:50:28.216 [FXGL Background Thread 4 ] DEBUG FXGLAssetLoaderServi - Loading from file system: jar:file:///C:/Users/POO/.m2/repository/com/github/almasb/fxgl/21.1/fxgl-21.1.jar!/fxglassets/ui/fonts/Courier-Prime.ttf
03:50:28.220 [JavaFX Application Thread] DEBUG FXGLAssetLoaderServi - Loading from file system: jar:file:///C:/Users/POO/.m2/repository/com/github/almasb/fxgl/21.1/fxgl-21.1.jar!/fxglassets/textures/fxgl_default_cursor.png
03:50:28.222 [JavaFX Application Thread] DEBUG Input                - Registered new binding: Screenshot - CTRL+8
03:50:28.223 [JavaFX Application Thread] DEBUG Input                - Registered new binding: Dev Options - 1
03:50:28.223 [JavaFX Application Thread] DEBUG Input                - Registered new binding: Dev Console - 2
03:50:28.223 [JavaFX Application Thread] DEBUG Input                - Registered new binding: System info dump - CTRL+9
03:50:28.223 [JavaFX Application Thread] DEBUG Input                - Registered new binding: Restart - CTRL+R
03:50:28.224 [JavaFX Application Thread] DEBUG Input                - Registered new binding: Toggle Debug Camera - CTRL+7
03:50:28.228 [JavaFX Application Thread] DEBUG LoopRunner           - Starting loop
03:50:28.246 [JavaFX Application Thread] DEBUG LoopRunner           - Initializing JavaFX AnimationTimerLoop
03:50:28.248 [JavaFX Application Thread] DEBUG GameApplicationServi - Starting new game
03:50:28.249 [JavaFX Application Thread] DEBUG Input                - Clearing active input actions
03:50:28.259 [JavaFX Application Thread] DEBUG GameApplicationServi - Removing overlay from FXGLStartupScene and adding to FXGLLoadingScene
03:50:28.263 [JavaFX Application Thread] DEBUG PrimaryStageWindow   - FXGLStartupScene -> FXGLLoadingScene
03:50:28.263 [JavaFX Application Thread] DEBUG GameApplicationServi - Clearing previous game
03:50:28.263 [JavaFX Application Thread] DEBUG GameScene            - Clearing game scene
03:50:28.264 [JavaFX Application Thread] DEBUG GameWorld            - Clearing game world
03:50:28.264 [JavaFX Application Thread] DEBUG PhysicsWorld         - Clearing physics world
03:50:28.265 [FXGL Background Thread 4 ] DEBUG FXGLApplication      - Initializing game
03:50:28.266 [JavaFX Application Thread] DEBUG FXGLApplication      - Registering font factories with UI factory
03:50:28.318 [FXGL Background Thread 4 ] WARN  TMXLevelLoader       - TiledMap generated from 1.11.2. Supported version: 1.9.0. Some features may not be parsed fully.
03:50:28.334 [FXGL Background Thread 4 ] DEBUG TMXLevelLoader       - Parsed TiledMap: file:/C:/Users/POO/intellij/Bakudun/target/classes/assets/levels/Map0-0.tmx
03:50:28.335 [FXGL Background Thread 4 ] DEBUG TMXLevelLoader       - Creating tile layer entities
03:50:28.337 [FXGL Background Thread 4 ] DEBUG TilesetLoader        - Loading view for layer เลเยอร์ไทล์ 1
03:50:28.338 [FXGL Background Thread 4 ] DEBUG TilesetLoader        - Created buffer with size 640.0x480.0
03:50:28.346 [FXGL Background Thread 4 ] WARN  TilesetLoader        - Diagonally flipped tiles are not currently supported
03:50:28.357 [FXGL Background Thread 4 ] WARN  TilesetLoader        - Diagonally flipped tiles are not currently supported
03:50:28.364 [FXGL Background Thread 4 ] DEBUG TilesetLoader        - Loading view for layer เลเยอร์ไทล์ 2
03:50:28.365 [FXGL Background Thread 4 ] DEBUG TilesetLoader        - Created buffer with size 640.0x480.0
03:50:28.366 [FXGL Background Thread 4 ] DEBUG TilesetLoader        - Loading view for layer เลเยอร์ไทล์ 3
03:50:28.366 [FXGL Background Thread 4 ] DEBUG TilesetLoader        - Created buffer with size 640.0x480.0
03:50:28.367 [FXGL Background Thread 4 ] DEBUG TilesetLoader        - Loading view for layer เลเยอร์ไทล์ 4
03:50:28.367 [FXGL Background Thread 4 ] DEBUG TilesetLoader        - Created buffer with size 640.0x480.0
03:50:28.368 [FXGL Background Thread 4 ] DEBUG TMXLevelLoader       - Creating object layer entities
03:50:28.370 [FXGL Background Thread 4 ] WARN  TMXLevelLoader       - Parse error
java.lang.IllegalArgumentException: No EntityFactory has a method annotated @Spawns()
	at com.almasb.fxgl.entity@21.1/com.almasb.fxgl.entity.GameWorld.create(GameWorld.kt:413)
	at com.almasb.fxgl.entity@21.1/com.almasb.fxgl.entity.level.tiled.TMXLevelLoader.createObjectLayerEntities(TMXLevelLoader.kt:154)
	at com.almasb.fxgl.entity@21.1/com.almasb.fxgl.entity.level.tiled.TMXLevelLoader.load(TMXLevelLoader.kt:60)
	at com.almasb.fxgl.all@21.1/com.almasb.fxgl.app.services.FXGLAssetLoaderService.loadLevel(FXGLAssetLoaderService.kt:449)
	at me.pooh.bakudun/me.pooh.bakudun.App.initGame(App.java:66)
	at com.almasb.fxgl.all@21.1/com.almasb.fxgl.app.FXGLApplication$InitAppTask.initGame(FXGLApplication.kt:343)
	at com.almasb.fxgl.all@21.1/com.almasb.fxgl.app.FXGLApplication$InitAppTask.call(FXGLApplication.kt:321)
	at com.almasb.fxgl.all@21.1/com.almasb.fxgl.app.FXGLApplication$InitAppTask.call(FXGLApplication.kt:313)
	at javafx.graphics@21.0.1/javafx.concurrent.Task$TaskCallable.call(Task.java:1399)
	at java.base/java.util.concurrent.FutureTask.run(FutureTask.java:317)
	at java.base/java.util.concurrent.Executors$RunnableAdapter.call(Executors.java:572)
	at java.base/java.util.concurrent.FutureTask.run(FutureTask.java:317)
	at java.base/java.util.concurrent.ThreadPoolExecutor.runWorker(ThreadPoolExecutor.java:1144)
	at java.base/java.util.concurrent.ThreadPoolExecutor$Worker.run(ThreadPoolExecutor.java:642)
	at java.base/java.lang.Thread.run(Thread.java:1583)

03:50:28.471 [JavaFX Application Thread] DEBUG LoopRunner           - Stopping loop
03:50:28.472 [JavaFX Application Thread] FATAL FXGLApplication      - Uncaught Exception:
java.lang.RuntimeException: Initialization failed
	at com.almasb.fxgl.all@21.1/com.almasb.fxgl.app.FXGLApplication$InitAppTask.failed(FXGLApplication.kt:347)
	at javafx.graphics@21.0.1/javafx.concurrent.Task.setState(Task.java:710)
	at javafx.graphics@21.0.1/javafx.concurrent.Task$TaskCallable.lambda$call$2(Task.java:1429)
	at javafx.graphics@21.0.1/com.sun.javafx.application.PlatformImpl.lambda$runLater$10(PlatformImpl.java:456)
	at java.base/java.security.AccessController.doPrivileged(AccessController.java:400)
	at javafx.graphics@21.0.1/com.sun.javafx.application.PlatformImpl.lambda$runLater$11(PlatformImpl.java:455)
	at javafx.graphics@21.0.1/com.sun.glass.ui.InvokeLaterDispatcher$Future.run(InvokeLaterDispatcher.java:95)
	at javafx.graphics@21.0.1/com.sun.glass.ui.win.WinApplication._runLoop(Native Method)
	at javafx.graphics@21.0.1/com.sun.glass.ui.win.WinApplication.lambda$runLoop$3(WinApplication.java:185)
	at java.base/java.lang.Thread.run(Thread.java:1583)
Caused by: com.almasb.fxgl.entity.level.LevelLoadingException: No EntityFactory has a method annotated @Spawns()
	at com.almasb.fxgl.entity@21.1/com.almasb.fxgl.entity.level.tiled.TMXLevelLoader.load(TMXLevelLoader.kt:77)
	at com.almasb.fxgl.all@21.1/com.almasb.fxgl.app.services.FXGLAssetLoaderService.loadLevel(FXGLAssetLoaderService.kt:449)
	at me.pooh.bakudun/me.pooh.bakudun.App.initGame(App.java:66)
	at com.almasb.fxgl.all@21.1/com.almasb.fxgl.app.FXGLApplication$InitAppTask.initGame(FXGLApplication.kt:343)
	at com.almasb.fxgl.all@21.1/com.almasb.fxgl.app.FXGLApplication$InitAppTask.call(FXGLApplication.kt:321)
	at com.almasb.fxgl.all@21.1/com.almasb.fxgl.app.FXGLApplication$InitAppTask.call(FXGLApplication.kt:313)
	at javafx.graphics@21.0.1/javafx.concurrent.Task$TaskCallable.call(Task.java:1399)
	at java.base/java.util.concurrent.FutureTask.run(FutureTask.java:317)
	at java.base/java.util.concurrent.Executors$RunnableAdapter.call(Executors.java:572)
	at java.base/java.util.concurrent.FutureTask.run(FutureTask.java:317)
	at java.base/java.util.concurrent.ThreadPoolExecutor.runWorker(ThreadPoolExecutor.java:1144)
	at java.base/java.util.concurrent.ThreadPoolExecutor$Worker.run(ThreadPoolExecutor.java:642)
	... 1 more
Caused by: java.lang.IllegalArgumentException: No EntityFactory has a method annotated @Spawns()
	at com.almasb.fxgl.entity@21.1/com.almasb.fxgl.entity.GameWorld.create(GameWorld.kt:413)
	at com.almasb.fxgl.entity@21.1/com.almasb.fxgl.entity.level.tiled.TMXLevelLoader.createObjectLayerEntities(TMXLevelLoader.kt:154)
	at com.almasb.fxgl.entity@21.1/com.almasb.fxgl.entity.level.tiled.TMXLevelLoader.load(TMXLevelLoader.kt:60)
	... 12 more

03:50:28.472 [JavaFX Application Thread] FATAL FXGLApplication      - Application will now exit
03:50:28.478 [JavaFX Application Thread] DEBUG PrimaryStageWindow   - Push state: ErrorSubScene
03:50:28.478 [JavaFX Application Thread] DEBUG Input                - Clearing active input actions
03:50:28.479 [JavaFX Application Thread] DEBUG GameApplicationServi - Removing overlay from FXGLLoadingScene and adding to ErrorSubScene
03:50:28.481 [JavaFX Application Thread] DEBUG PrimaryStageWindow   - FXGLLoadingScene -> ErrorSubScene
03:50:30.618 [JavaFX Application Thread] DEBUG FXGLApplication      - Exiting FXGL
03:50:30.618 [JavaFX Application Thread] DEBUG Async                - Shutting down background threads
03:50:30.618 [JavaFX Application Thread] DEBUG PrimaryStageWindow   - Closing main window
03:50:30.636 [JavaFX Application Thread] DEBUG Logger               - Closing Logger
