11:02:49.168 [main                     ] DEBUG Logger               - Configured Logger
11:02:49.188 [main                     ] DEBUG GameApplication      - Logging settings
Title: BomberMan
Version: 0.1
Width: 640
Height: 480
Fullscreen: false
Intro: false
Profiling: false
Single step:false
App Mode: DEVELOPER
Menu Key: ESCAPE
Stage Style: DECORATED
Scene Factory: class com.almasb.fxgl.app.scene.SceneFactory

11:02:49.761 [JavaFX Application Thread] DEBUG FXGLApplication      - Initializing FXGL
11:02:49.764 [JavaFX Application Thread] INFO  Engine               - FXGL-21.1 (27.03.2024 07.52) on WINDOWS (J:21.0.2 FX:21.0.1)
11:02:49.765 [JavaFX Application Thread] DEBUG Engine               - JRE Vendor Name: Eclipse Adoptium
11:02:49.765 [JavaFX Application Thread] DEBUG Engine               - Running on OS: Windows 11 version 10.0
11:02:49.765 [JavaFX Application Thread] DEBUG Engine               - Architecture: amd64
11:02:49.765 [JavaFX Application Thread] INFO  Engine               - Source code and latest versions at: https://github.com/AlmasB/FXGL
11:02:49.765 [JavaFX Application Thread] INFO  Engine               -       Ask questions and discuss at: https://github.com/AlmasB/FXGL/discussions
11:02:49.765 [JavaFX Application Thread] INFO  Engine               -              Join the FXGL chat at: https://gitter.im/AlmasB/FXGL
11:02:49.829 [JavaFX Application Thread] DEBUG PrimaryStageWindow   - Creating a JavaFX scene
11:02:49.871 [JavaFX Application Thread] DEBUG PrimaryStageWindow   - Target settings size: 640.0 x 480.0
11:02:49.872 [JavaFX Application Thread] DEBUG PrimaryStageWindow   - Scaled scene size:    640.0 x 480.0
11:02:49.872 [JavaFX Application Thread] DEBUG PrimaryStageWindow   - Scaled ratio: (1.0, 1.0)
11:02:49.873 [JavaFX Application Thread] DEBUG PrimaryStageWindow   - Set initial scene to FXGLStartupScene
11:02:49.879 [JavaFX Application Thread] DEBUG PrimaryStageWindow   - Opening main window
11:02:49.972 [JavaFX Application Thread] DEBUG PrimaryStageWindow   - Window border size: (14.4000244140625, 37.5999755859375)
11:02:49.973 [JavaFX Application Thread] DEBUG PrimaryStageWindow   - Scaled size: 640.0 x 480.0
11:02:49.973 [JavaFX Application Thread] DEBUG PrimaryStageWindow   - Scaled ratio: (1.0, 1.0)
11:02:49.973 [JavaFX Application Thread] DEBUG PrimaryStageWindow   - Scene size: 640.0 x 480.0
11:02:49.973 [JavaFX Application Thread] DEBUG PrimaryStageWindow   - Stage size: 654.4000244140625 x 517.5999755859375
11:02:49.981 [FXGL Background Thread 1 ] DEBUG Engine               - Initializing environment variables
11:02:50.046 [FXGL Background Thread 1 ] DEBUG FXGLAssetLoaderServi - User app class for loading assets: class me.pooh.bakudun.App
11:02:50.047 [FXGL Background Thread 1 ] DEBUG GameApplicationServi - Applying CSS: fxgl_dark.css
11:02:50.047 [FXGL Background Thread 1 ] DEBUG FXGLAssetLoaderServi - Loading from file system: jar:file:///C:/Users/POO/.m2/repository/com/github/almasb/fxgl/21.1/fxgl-21.1.jar!/fxglassets/ui/css/fxgl_dark.css
11:02:50.084 [FXGL Background Thread 1 ] DEBUG GameApplicationServi - Initializing application scenes
11:02:50.113 [FXGL Background Thread 1 ] DEBUG GameWorld            - Game world initialized
11:02:50.162 [FXGL Background Thread 1 ] DEBUG PhysicsWorld         - Physics world initialized: appHeight=480, physics.ppm=50.0
11:02:50.162 [FXGL Background Thread 1 ] DEBUG PhysicsWorld         - Using strategy: BRUTE_FORCE
11:02:50.166 [FXGL Background Thread 1 ] DEBUG GameScene            - Game scene initialized: 640x480
11:02:50.178 [FXGL Background Thread 1 ] WARN  FXGL.DefaultMenu     - FXGLDefaultMenu is not designed for resolutions < 800x600
11:02:50.178 [FXGL Background Thread 1 ] DEBUG FXGL.DefaultMenu     - createMenuBodyGameMenu()
11:02:50.188 [FXGL Background Thread 1 ] DEBUG FXGL.DefaultMenu     - createOptionsMenu()
11:02:50.196 [FXGL Background Thread 1 ] DEBUG FXGLAssetLoaderServi - Loading from file system: jar:file:///C:/Users/POO/.m2/repository/com/github/almasb/fxgl/21.1/fxgl-21.1.jar!/fxglassets/textures/particles/smoke.png
11:02:50.261 [FXGL Background Thread 1 ] DEBUG FXGLAssetLoaderServi - Loading from file system: jar:file:///C:/Users/POO/.m2/repository/com/github/almasb/fxgl/21.1/fxgl-21.1.jar!/fxglassets/textures/particles/trace_horizontal.png
11:02:50.284 [FXGL Background Thread 1 ] DEBUG GameApplicationServi - Application scenes initialized
11:02:50.294 [FXGL Background Thread 1 ] DEBUG SystemBundleService  - Loading FXGL system data
11:02:50.298 [FXGL Background Thread 1 ] DEBUG FileSystemAccess     - Reading from: C:\Users\POO\intellij\Bakudun\system\fxgl.bundle
11:02:50.305 [FXGL Background Thread 1 ] DEBUG SystemBundleService  - Bundle FXGL: {}
11:02:50.305 [FXGL Background Thread 1 ] DEBUG UpdaterService       - Checking for updates
11:02:50.328 [FXGL Background Thread 4 ] DEBUG FXGLApplication      - Loading fonts
11:02:50.328 [FXGL Background Thread 4 ] DEBUG FXGLAssetLoaderServi - Loading from file system: jar:file:///C:/Users/POO/.m2/repository/com/github/almasb/fxgl/21.1/fxgl-21.1.jar!/fxglassets/ui/fonts/VarelaRound-Regular.ttf
11:02:50.329 [FXGL Background Thread 1 ] DEBUG FXGLApplication      - Loading default localization
11:02:50.330 [FXGL Background Thread 1 ] DEBUG FXGLAssetLoaderServi - Loading from file system: jar:file:///C:/Users/POO/.m2/repository/com/github/almasb/fxgl/21.1/fxgl-21.1.jar!/fxglassets/languages/english.lang
11:02:50.344 [FXGL Background Thread 1 ] INFO  FXGLApplication      - FXGL initialization took: 0.363 sec
11:02:50.354 [JavaFX Application Thread] DEBUG Input                - Registered new binding: Right - D
11:02:50.354 [JavaFX Application Thread] DEBUG Input                - Registered new binding: Left - A
11:02:50.354 [JavaFX Application Thread] DEBUG Input                - Registered new binding: Up - W
11:02:50.354 [JavaFX Application Thread] DEBUG Input                - Registered new binding: Down - S
11:02:50.355 [JavaFX Application Thread] DEBUG Input                - Registered new binding: Place Bomb - Space
11:02:50.355 [JavaFX Application Thread] DEBUG FXGLAssetLoaderServi - Loading from file system: jar:file:///C:/Users/POO/.m2/repository/com/github/almasb/fxgl/21.1/fxgl-21.1.jar!/fxglassets/textures/fxgl_icon.png
11:02:50.364 [FXGL Background Thread 4 ] DEBUG FXGLAssetLoaderServi - Loading from file system: jar:file:///C:/Users/POO/.m2/repository/com/github/almasb/fxgl/21.1/fxgl-21.1.jar!/fxglassets/ui/fonts/Abel-Regular.ttf
11:02:50.368 [FXGL Background Thread 4 ] DEBUG FXGLAssetLoaderServi - Loading from file system: jar:file:///C:/Users/POO/.m2/repository/com/github/almasb/fxgl/21.1/fxgl-21.1.jar!/fxglassets/ui/fonts/TerminalLandMono-Regular.otf
11:02:50.372 [FXGL Background Thread 4 ] DEBUG FXGLAssetLoaderServi - Loading from file system: jar:file:///C:/Users/POO/.m2/repository/com/github/almasb/fxgl/21.1/fxgl-21.1.jar!/fxglassets/ui/fonts/Courier-Prime.ttf
11:02:50.379 [JavaFX Application Thread] DEBUG FXGLAssetLoaderServi - Loading from file system: jar:file:///C:/Users/POO/.m2/repository/com/github/almasb/fxgl/21.1/fxgl-21.1.jar!/fxglassets/textures/fxgl_default_cursor.png
11:02:50.381 [JavaFX Application Thread] DEBUG Input                - Registered new binding: Screenshot - CTRL+8
11:02:50.382 [JavaFX Application Thread] DEBUG Input                - Registered new binding: Dev Options - 1
11:02:50.382 [JavaFX Application Thread] DEBUG Input                - Registered new binding: Dev Console - 2
11:02:50.383 [JavaFX Application Thread] DEBUG Input                - Registered new binding: System info dump - CTRL+9
11:02:50.384 [JavaFX Application Thread] DEBUG Input                - Registered new binding: Restart - CTRL+R
11:02:50.385 [JavaFX Application Thread] DEBUG Input                - Registered new binding: Toggle Debug Camera - CTRL+7
11:02:50.390 [JavaFX Application Thread] DEBUG LoopRunner           - Starting loop
11:02:50.405 [JavaFX Application Thread] DEBUG LoopRunner           - Initializing JavaFX AnimationTimerLoop
11:02:50.407 [JavaFX Application Thread] DEBUG GameApplicationServi - Starting new game
11:02:50.407 [JavaFX Application Thread] DEBUG Input                - Clearing active input actions
11:02:50.416 [JavaFX Application Thread] DEBUG GameApplicationServi - Removing overlay from FXGLStartupScene and adding to FXGLLoadingScene
11:02:50.420 [JavaFX Application Thread] DEBUG PrimaryStageWindow   - FXGLStartupScene -> FXGLLoadingScene
11:02:50.420 [JavaFX Application Thread] DEBUG GameApplicationServi - Clearing previous game
11:02:50.420 [JavaFX Application Thread] DEBUG GameScene            - Clearing game scene
11:02:50.420 [JavaFX Application Thread] DEBUG GameWorld            - Clearing game world
11:02:50.420 [JavaFX Application Thread] DEBUG PhysicsWorld         - Clearing physics world
11:02:50.422 [FXGL Background Thread 4 ] DEBUG FXGLApplication      - Initializing game
11:02:50.422 [JavaFX Application Thread] DEBUG FXGLApplication      - Registering font factories with UI factory
11:02:50.482 [FXGL Background Thread 4 ] WARN  TMXLevelLoader       - TiledMap generated from 1.11.2. Supported version: 1.9.0. Some features may not be parsed fully.
11:02:50.514 [FXGL Background Thread 4 ] DEBUG TMXLevelLoader       - Parsed TiledMap: file:/C:/Users/POO/intellij/Bakudun/target/classes/assets/levels/Map.tmx
11:02:50.515 [FXGL Background Thread 4 ] DEBUG TMXLevelLoader       - Creating tile layer entities
11:02:50.517 [FXGL Background Thread 4 ] DEBUG TilesetLoader        - Loading view for layer เลเยอร์ไทล์ 1
11:02:50.518 [FXGL Background Thread 4 ] DEBUG TilesetLoader        - Created buffer with size 640.0x480.0
11:02:50.525 [FXGL Background Thread 4 ] WARN  TilesetLoader        - Diagonally flipped tiles are not currently supported
11:02:50.535 [FXGL Background Thread 4 ] WARN  TilesetLoader        - Diagonally flipped tiles are not currently supported
11:02:50.544 [FXGL Background Thread 4 ] DEBUG TilesetLoader        - Loading view for layer WALL48
11:02:50.544 [FXGL Background Thread 4 ] DEBUG TilesetLoader        - Created buffer with size 640.0x480.0
11:02:50.545 [FXGL Background Thread 4 ] DEBUG TilesetLoader        - Loading view for layer WALL47
11:02:50.545 [FXGL Background Thread 4 ] DEBUG TilesetLoader        - Created buffer with size 640.0x480.0
11:02:50.545 [FXGL Background Thread 4 ] DEBUG TilesetLoader        - Loading view for layer WALL46
11:02:50.546 [FXGL Background Thread 4 ] DEBUG TilesetLoader        - Created buffer with size 640.0x480.0
11:02:50.546 [FXGL Background Thread 4 ] DEBUG TilesetLoader        - Loading view for layer WALL45
11:02:50.546 [FXGL Background Thread 4 ] DEBUG TilesetLoader        - Created buffer with size 640.0x480.0
11:02:50.547 [FXGL Background Thread 4 ] DEBUG TilesetLoader        - Loading view for layer WALL44
11:02:50.547 [FXGL Background Thread 4 ] DEBUG TilesetLoader        - Created buffer with size 640.0x480.0
11:02:50.547 [FXGL Background Thread 4 ] DEBUG TilesetLoader        - Loading view for layer WALL43
11:02:50.548 [FXGL Background Thread 4 ] DEBUG TilesetLoader        - Created buffer with size 640.0x480.0
11:02:50.548 [FXGL Background Thread 4 ] DEBUG TilesetLoader        - Loading view for layer WALL42
11:02:50.548 [FXGL Background Thread 4 ] DEBUG TilesetLoader        - Created buffer with size 640.0x480.0
11:02:50.549 [FXGL Background Thread 4 ] DEBUG TilesetLoader        - Loading view for layer WALL41
11:02:50.549 [FXGL Background Thread 4 ] DEBUG TilesetLoader        - Created buffer with size 640.0x480.0
11:02:50.550 [FXGL Background Thread 4 ] DEBUG TilesetLoader        - Loading view for layer WALL40
11:02:50.550 [FXGL Background Thread 4 ] DEBUG TilesetLoader        - Created buffer with size 640.0x480.0
11:02:50.550 [FXGL Background Thread 4 ] DEBUG TilesetLoader        - Loading view for layer WALL39
11:02:50.551 [FXGL Background Thread 4 ] DEBUG TilesetLoader        - Created buffer with size 640.0x480.0
11:02:50.551 [FXGL Background Thread 4 ] DEBUG TilesetLoader        - Loading view for layer WALL38
11:02:50.557 [FXGL Background Thread 4 ] DEBUG TilesetLoader        - Created buffer with size 640.0x480.0
11:02:50.558 [FXGL Background Thread 4 ] DEBUG TilesetLoader        - Loading view for layer WALL37
11:02:50.558 [FXGL Background Thread 4 ] DEBUG TilesetLoader        - Created buffer with size 640.0x480.0
11:02:50.559 [FXGL Background Thread 4 ] DEBUG TilesetLoader        - Loading view for layer WALL36
11:02:50.559 [FXGL Background Thread 4 ] DEBUG TilesetLoader        - Created buffer with size 640.0x480.0
11:02:50.559 [FXGL Background Thread 4 ] DEBUG TilesetLoader        - Loading view for layer WALL35
11:02:50.564 [FXGL Background Thread 4 ] DEBUG TilesetLoader        - Created buffer with size 640.0x480.0
11:02:50.565 [FXGL Background Thread 4 ] DEBUG TilesetLoader        - Loading view for layer WALL34
11:02:50.565 [FXGL Background Thread 4 ] DEBUG TilesetLoader        - Created buffer with size 640.0x480.0
11:02:50.566 [FXGL Background Thread 4 ] DEBUG TilesetLoader        - Loading view for layer WALL33
11:02:50.566 [FXGL Background Thread 4 ] DEBUG TilesetLoader        - Created buffer with size 640.0x480.0
11:02:50.566 [FXGL Background Thread 4 ] DEBUG TilesetLoader        - Loading view for layer WALL32
11:02:50.566 [FXGL Background Thread 4 ] DEBUG TilesetLoader        - Created buffer with size 640.0x480.0
11:02:50.567 [FXGL Background Thread 4 ] DEBUG TilesetLoader        - Loading view for layer WALL31
11:02:50.567 [FXGL Background Thread 4 ] DEBUG TilesetLoader        - Created buffer with size 640.0x480.0
11:02:50.570 [FXGL Background Thread 4 ] DEBUG TilesetLoader        - Loading view for layer WALL30
11:02:50.570 [FXGL Background Thread 4 ] DEBUG TilesetLoader        - Created buffer with size 640.0x480.0
11:02:50.571 [FXGL Background Thread 4 ] DEBUG TilesetLoader        - Loading view for layer WALL29
11:02:50.571 [FXGL Background Thread 4 ] DEBUG TilesetLoader        - Created buffer with size 640.0x480.0
11:02:50.571 [FXGL Background Thread 4 ] DEBUG TilesetLoader        - Loading view for layer WALL28
11:02:50.573 [FXGL Background Thread 4 ] DEBUG TilesetLoader        - Created buffer with size 640.0x480.0
11:02:50.574 [FXGL Background Thread 4 ] DEBUG TilesetLoader        - Loading view for layer WALL27
11:02:50.574 [FXGL Background Thread 4 ] DEBUG TilesetLoader        - Created buffer with size 640.0x480.0
11:02:50.574 [FXGL Background Thread 4 ] DEBUG TilesetLoader        - Loading view for layer WALL26
11:02:50.575 [FXGL Background Thread 4 ] DEBUG TilesetLoader        - Created buffer with size 640.0x480.0
11:02:50.575 [FXGL Background Thread 4 ] DEBUG TilesetLoader        - Loading view for layer WALL25
11:02:50.576 [FXGL Background Thread 4 ] DEBUG TilesetLoader        - Created buffer with size 640.0x480.0
11:02:50.576 [FXGL Background Thread 4 ] DEBUG TilesetLoader        - Loading view for layer WALL24
11:02:50.577 [FXGL Background Thread 4 ] DEBUG TilesetLoader        - Created buffer with size 640.0x480.0
11:02:50.577 [FXGL Background Thread 4 ] DEBUG TilesetLoader        - Loading view for layer WALL23
11:02:50.578 [FXGL Background Thread 4 ] DEBUG TilesetLoader        - Created buffer with size 640.0x480.0
11:02:50.578 [FXGL Background Thread 4 ] DEBUG TilesetLoader        - Loading view for layer WALL22
11:02:50.578 [FXGL Background Thread 4 ] DEBUG TilesetLoader        - Created buffer with size 640.0x480.0
11:02:50.579 [FXGL Background Thread 4 ] DEBUG TilesetLoader        - Loading view for layer WALL21
11:02:50.580 [FXGL Background Thread 4 ] DEBUG TilesetLoader        - Created buffer with size 640.0x480.0
11:02:50.581 [FXGL Background Thread 4 ] DEBUG TilesetLoader        - Loading view for layer WALL20
11:02:50.581 [FXGL Background Thread 4 ] DEBUG TilesetLoader        - Created buffer with size 640.0x480.0
11:02:50.582 [FXGL Background Thread 4 ] DEBUG TilesetLoader        - Loading view for layer WALL19
11:02:50.582 [FXGL Background Thread 4 ] DEBUG TilesetLoader        - Created buffer with size 640.0x480.0
11:02:50.583 [FXGL Background Thread 4 ] DEBUG TilesetLoader        - Loading view for layer WALL18
11:02:50.584 [FXGL Background Thread 4 ] DEBUG TilesetLoader        - Created buffer with size 640.0x480.0
11:02:50.585 [FXGL Background Thread 4 ] DEBUG TilesetLoader        - Loading view for layer WALL17
11:02:50.586 [FXGL Background Thread 4 ] DEBUG TilesetLoader        - Created buffer with size 640.0x480.0
11:02:50.586 [FXGL Background Thread 4 ] DEBUG TilesetLoader        - Loading view for layer WALL16
11:02:50.586 [FXGL Background Thread 4 ] DEBUG TilesetLoader        - Created buffer with size 640.0x480.0
11:02:50.587 [FXGL Background Thread 4 ] DEBUG TilesetLoader        - Loading view for layer WALL15
11:02:50.587 [FXGL Background Thread 4 ] DEBUG TilesetLoader        - Created buffer with size 640.0x480.0
11:02:50.587 [FXGL Background Thread 4 ] DEBUG TilesetLoader        - Loading view for layer WALL14
11:02:50.588 [FXGL Background Thread 4 ] DEBUG TilesetLoader        - Created buffer with size 640.0x480.0
11:02:50.588 [FXGL Background Thread 4 ] DEBUG TilesetLoader        - Loading view for layer WALL13
11:02:50.588 [FXGL Background Thread 4 ] DEBUG TilesetLoader        - Created buffer with size 640.0x480.0
11:02:50.589 [FXGL Background Thread 4 ] DEBUG TilesetLoader        - Loading view for layer WALL12
11:02:50.589 [FXGL Background Thread 4 ] DEBUG TilesetLoader        - Created buffer with size 640.0x480.0
11:02:50.589 [FXGL Background Thread 4 ] DEBUG TilesetLoader        - Loading view for layer WALL11
11:02:50.590 [FXGL Background Thread 4 ] DEBUG TilesetLoader        - Created buffer with size 640.0x480.0
11:02:50.591 [FXGL Background Thread 4 ] DEBUG TilesetLoader        - Loading view for layer WALL10
11:02:50.592 [FXGL Background Thread 4 ] DEBUG TilesetLoader        - Created buffer with size 640.0x480.0
11:02:50.592 [FXGL Background Thread 4 ] DEBUG TilesetLoader        - Loading view for layer WALL9
11:02:50.593 [FXGL Background Thread 4 ] DEBUG TilesetLoader        - Created buffer with size 640.0x480.0
11:02:50.594 [FXGL Background Thread 4 ] DEBUG TilesetLoader        - Loading view for layer WALL8
11:02:50.595 [FXGL Background Thread 4 ] DEBUG TilesetLoader        - Created buffer with size 640.0x480.0
11:02:50.596 [FXGL Background Thread 4 ] DEBUG TilesetLoader        - Loading view for layer WALL7
11:02:50.597 [FXGL Background Thread 4 ] DEBUG TilesetLoader        - Created buffer with size 640.0x480.0
11:02:50.597 [FXGL Background Thread 4 ] DEBUG TilesetLoader        - Loading view for layer WALL6
11:02:50.597 [FXGL Background Thread 4 ] DEBUG TilesetLoader        - Created buffer with size 640.0x480.0
11:02:50.597 [FXGL Background Thread 4 ] DEBUG TilesetLoader        - Loading view for layer WALL5
11:02:50.598 [FXGL Background Thread 4 ] DEBUG TilesetLoader        - Created buffer with size 640.0x480.0
11:02:50.598 [FXGL Background Thread 4 ] DEBUG TilesetLoader        - Loading view for layer WALL4
11:02:50.598 [FXGL Background Thread 4 ] DEBUG TilesetLoader        - Created buffer with size 640.0x480.0
11:02:50.598 [FXGL Background Thread 4 ] DEBUG TilesetLoader        - Loading view for layer WALL3
11:02:50.599 [FXGL Background Thread 4 ] DEBUG TilesetLoader        - Created buffer with size 640.0x480.0
11:02:50.599 [FXGL Background Thread 4 ] DEBUG TilesetLoader        - Loading view for layer WALL2
11:02:50.599 [FXGL Background Thread 4 ] DEBUG TilesetLoader        - Created buffer with size 640.0x480.0
11:02:50.600 [FXGL Background Thread 4 ] DEBUG TilesetLoader        - Loading view for layer WALL1
11:02:50.600 [FXGL Background Thread 4 ] DEBUG TilesetLoader        - Created buffer with size 640.0x480.0
11:02:50.600 [FXGL Background Thread 4 ] DEBUG TilesetLoader        - Loading view for layer เลเยอร์ไทล์ 2
11:02:50.600 [FXGL Background Thread 4 ] DEBUG TilesetLoader        - Created buffer with size 640.0x480.0
11:02:50.601 [FXGL Background Thread 4 ] DEBUG TilesetLoader        - Loading view for layer เลเยอร์ไทล์ 3
11:02:50.601 [FXGL Background Thread 4 ] DEBUG TilesetLoader        - Created buffer with size 640.0x480.0
11:02:50.601 [FXGL Background Thread 4 ] DEBUG TMXLevelLoader       - Creating object layer entities
11:02:50.625 [FXGL Background Thread 4 ] DEBUG FXGLAssetLoaderServi - Loading from file system: file:/C:/Users/POO/intellij/Bakudun/target/classes/assets/textures/Jim2.png
11:02:50.656 [FXGL Background Thread 4 ] WARN  TMXLevelLoader       - TiledMap generated from 1.11.2. Supported version: 1.9.0. Some features may not be parsed fully.
11:02:50.670 [FXGL Background Thread 4 ] DEBUG TMXLevelLoader       - Parsed TiledMap: file:/C:/Users/POO/intellij/Bakudun/target/classes/assets/levels/Map.tmx
11:02:50.670 [FXGL Background Thread 4 ] DEBUG TMXLevelLoader       - Creating tile layer entities
11:02:50.671 [FXGL Background Thread 4 ] DEBUG TilesetLoader        - Loading view for layer เลเยอร์ไทล์ 1
11:02:50.671 [FXGL Background Thread 4 ] DEBUG TilesetLoader        - Created buffer with size 640.0x480.0
11:02:50.674 [FXGL Background Thread 4 ] WARN  TilesetLoader        - Diagonally flipped tiles are not currently supported
11:02:50.678 [FXGL Background Thread 4 ] WARN  TilesetLoader        - Diagonally flipped tiles are not currently supported
11:02:50.684 [FXGL Background Thread 4 ] DEBUG TilesetLoader        - Loading view for layer WALL48
11:02:50.684 [FXGL Background Thread 4 ] DEBUG TilesetLoader        - Created buffer with size 640.0x480.0
11:02:50.685 [FXGL Background Thread 4 ] DEBUG TilesetLoader        - Loading view for layer WALL47
11:02:50.685 [FXGL Background Thread 4 ] DEBUG TilesetLoader        - Created buffer with size 640.0x480.0
11:02:50.686 [FXGL Background Thread 4 ] DEBUG TilesetLoader        - Loading view for layer WALL46
11:02:50.686 [FXGL Background Thread 4 ] DEBUG TilesetLoader        - Created buffer with size 640.0x480.0
11:02:50.686 [FXGL Background Thread 4 ] DEBUG TilesetLoader        - Loading view for layer WALL45
11:02:50.687 [FXGL Background Thread 4 ] DEBUG TilesetLoader        - Created buffer with size 640.0x480.0
11:02:50.687 [FXGL Background Thread 4 ] DEBUG TilesetLoader        - Loading view for layer WALL44
11:02:50.688 [FXGL Background Thread 4 ] DEBUG TilesetLoader        - Created buffer with size 640.0x480.0
11:02:50.688 [FXGL Background Thread 4 ] DEBUG TilesetLoader        - Loading view for layer WALL43
11:02:50.688 [FXGL Background Thread 4 ] DEBUG TilesetLoader        - Created buffer with size 640.0x480.0
11:02:50.689 [FXGL Background Thread 4 ] DEBUG TilesetLoader        - Loading view for layer WALL42
11:02:50.689 [FXGL Background Thread 4 ] DEBUG TilesetLoader        - Created buffer with size 640.0x480.0
11:02:50.689 [FXGL Background Thread 4 ] DEBUG TilesetLoader        - Loading view for layer WALL41
11:02:50.690 [FXGL Background Thread 4 ] DEBUG TilesetLoader        - Created buffer with size 640.0x480.0
11:02:50.690 [FXGL Background Thread 4 ] DEBUG TilesetLoader        - Loading view for layer WALL40
11:02:50.694 [FXGL Background Thread 4 ] DEBUG TilesetLoader        - Created buffer with size 640.0x480.0
11:02:50.695 [FXGL Background Thread 4 ] DEBUG TilesetLoader        - Loading view for layer WALL39
11:02:50.696 [FXGL Background Thread 4 ] DEBUG TilesetLoader        - Created buffer with size 640.0x480.0
11:02:50.696 [FXGL Background Thread 4 ] DEBUG TilesetLoader        - Loading view for layer WALL38
11:02:50.697 [FXGL Background Thread 4 ] DEBUG TilesetLoader        - Created buffer with size 640.0x480.0
11:02:50.698 [FXGL Background Thread 4 ] DEBUG TilesetLoader        - Loading view for layer WALL37
11:02:50.698 [FXGL Background Thread 4 ] DEBUG TilesetLoader        - Created buffer with size 640.0x480.0
11:02:50.698 [FXGL Background Thread 4 ] DEBUG TilesetLoader        - Loading view for layer WALL36
11:02:50.699 [FXGL Background Thread 4 ] DEBUG TilesetLoader        - Created buffer with size 640.0x480.0
11:02:50.699 [FXGL Background Thread 4 ] DEBUG TilesetLoader        - Loading view for layer WALL35
11:02:50.700 [FXGL Background Thread 4 ] DEBUG TilesetLoader        - Created buffer with size 640.0x480.0
11:02:50.700 [FXGL Background Thread 4 ] DEBUG TilesetLoader        - Loading view for layer WALL34
11:02:50.701 [FXGL Background Thread 4 ] DEBUG TilesetLoader        - Created buffer with size 640.0x480.0
11:02:50.701 [FXGL Background Thread 4 ] DEBUG TilesetLoader        - Loading view for layer WALL33
11:02:50.702 [FXGL Background Thread 4 ] DEBUG TilesetLoader        - Created buffer with size 640.0x480.0
11:02:50.702 [FXGL Background Thread 4 ] DEBUG TilesetLoader        - Loading view for layer WALL32
11:02:50.703 [FXGL Background Thread 4 ] DEBUG TilesetLoader        - Created buffer with size 640.0x480.0
11:02:50.705 [FXGL Background Thread 4 ] DEBUG TilesetLoader        - Loading view for layer WALL31
11:02:50.706 [FXGL Background Thread 4 ] DEBUG TilesetLoader        - Created buffer with size 640.0x480.0
11:02:50.707 [FXGL Background Thread 4 ] DEBUG TilesetLoader        - Loading view for layer WALL30
11:02:50.708 [FXGL Background Thread 4 ] DEBUG TilesetLoader        - Created buffer with size 640.0x480.0
11:02:50.709 [FXGL Background Thread 4 ] DEBUG TilesetLoader        - Loading view for layer WALL29
11:02:50.713 [FXGL Background Thread 4 ] DEBUG TilesetLoader        - Created buffer with size 640.0x480.0
11:02:50.714 [FXGL Background Thread 4 ] DEBUG TilesetLoader        - Loading view for layer WALL28
11:02:50.715 [FXGL Background Thread 4 ] DEBUG TilesetLoader        - Created buffer with size 640.0x480.0
11:02:50.715 [FXGL Background Thread 4 ] DEBUG TilesetLoader        - Loading view for layer WALL27
11:02:50.716 [FXGL Background Thread 4 ] DEBUG TilesetLoader        - Created buffer with size 640.0x480.0
11:02:50.717 [FXGL Background Thread 4 ] DEBUG TilesetLoader        - Loading view for layer WALL26
11:02:50.717 [FXGL Background Thread 4 ] DEBUG TilesetLoader        - Created buffer with size 640.0x480.0
11:02:50.718 [FXGL Background Thread 4 ] DEBUG TilesetLoader        - Loading view for layer WALL25
11:02:50.718 [FXGL Background Thread 4 ] DEBUG TilesetLoader        - Created buffer with size 640.0x480.0
11:02:50.719 [FXGL Background Thread 4 ] DEBUG TilesetLoader        - Loading view for layer WALL24
11:02:50.719 [FXGL Background Thread 4 ] DEBUG TilesetLoader        - Created buffer with size 640.0x480.0
11:02:50.720 [FXGL Background Thread 4 ] DEBUG TilesetLoader        - Loading view for layer WALL23
11:02:50.720 [FXGL Background Thread 4 ] DEBUG TilesetLoader        - Created buffer with size 640.0x480.0
11:02:50.720 [FXGL Background Thread 4 ] DEBUG TilesetLoader        - Loading view for layer WALL22
11:02:50.721 [FXGL Background Thread 4 ] DEBUG TilesetLoader        - Created buffer with size 640.0x480.0
11:02:50.721 [FXGL Background Thread 4 ] DEBUG TilesetLoader        - Loading view for layer WALL21
11:02:50.723 [FXGL Background Thread 4 ] DEBUG TilesetLoader        - Created buffer with size 640.0x480.0
11:02:50.726 [FXGL Background Thread 4 ] DEBUG TilesetLoader        - Loading view for layer WALL20
11:02:50.726 [FXGL Background Thread 4 ] DEBUG TilesetLoader        - Created buffer with size 640.0x480.0
11:02:50.727 [FXGL Background Thread 4 ] DEBUG TilesetLoader        - Loading view for layer WALL19
11:02:50.732 [FXGL Background Thread 4 ] DEBUG TilesetLoader        - Created buffer with size 640.0x480.0
11:02:50.733 [FXGL Background Thread 4 ] DEBUG TilesetLoader        - Loading view for layer WALL18
11:02:50.734 [FXGL Background Thread 4 ] DEBUG TilesetLoader        - Created buffer with size 640.0x480.0
11:02:50.734 [FXGL Background Thread 4 ] DEBUG TilesetLoader        - Loading view for layer WALL17
11:02:50.735 [FXGL Background Thread 4 ] DEBUG TilesetLoader        - Created buffer with size 640.0x480.0
11:02:50.736 [FXGL Background Thread 4 ] DEBUG TilesetLoader        - Loading view for layer WALL16
11:02:50.736 [FXGL Background Thread 4 ] DEBUG TilesetLoader        - Created buffer with size 640.0x480.0
11:02:50.737 [FXGL Background Thread 4 ] DEBUG TilesetLoader        - Loading view for layer WALL15
11:02:50.737 [FXGL Background Thread 4 ] DEBUG TilesetLoader        - Created buffer with size 640.0x480.0
11:02:50.737 [FXGL Background Thread 4 ] DEBUG TilesetLoader        - Loading view for layer WALL14
11:02:50.738 [FXGL Background Thread 4 ] DEBUG TilesetLoader        - Created buffer with size 640.0x480.0
11:02:50.738 [FXGL Background Thread 4 ] DEBUG TilesetLoader        - Loading view for layer WALL13
11:02:50.739 [FXGL Background Thread 4 ] DEBUG TilesetLoader        - Created buffer with size 640.0x480.0
11:02:50.739 [FXGL Background Thread 4 ] DEBUG TilesetLoader        - Loading view for layer WALL12
11:02:50.739 [FXGL Background Thread 4 ] DEBUG TilesetLoader        - Created buffer with size 640.0x480.0
11:02:50.739 [FXGL Background Thread 4 ] DEBUG TilesetLoader        - Loading view for layer WALL11
11:02:50.740 [FXGL Background Thread 4 ] DEBUG TilesetLoader        - Created buffer with size 640.0x480.0
11:02:50.740 [FXGL Background Thread 4 ] DEBUG TilesetLoader        - Loading view for layer WALL10
11:02:50.741 [FXGL Background Thread 4 ] DEBUG TilesetLoader        - Created buffer with size 640.0x480.0
11:02:50.742 [FXGL Background Thread 4 ] DEBUG TilesetLoader        - Loading view for layer WALL9
11:02:50.743 [FXGL Background Thread 4 ] DEBUG TilesetLoader        - Created buffer with size 640.0x480.0
11:02:50.743 [FXGL Background Thread 4 ] DEBUG TilesetLoader        - Loading view for layer WALL8
11:02:50.743 [FXGL Background Thread 4 ] DEBUG TilesetLoader        - Created buffer with size 640.0x480.0
11:02:50.744 [FXGL Background Thread 4 ] DEBUG TilesetLoader        - Loading view for layer WALL7
11:02:50.748 [FXGL Background Thread 4 ] DEBUG TilesetLoader        - Created buffer with size 640.0x480.0
11:02:50.750 [FXGL Background Thread 4 ] DEBUG TilesetLoader        - Loading view for layer WALL6
11:02:50.750 [FXGL Background Thread 4 ] DEBUG TilesetLoader        - Created buffer with size 640.0x480.0
11:02:50.750 [FXGL Background Thread 4 ] DEBUG TilesetLoader        - Loading view for layer WALL5
11:02:50.751 [FXGL Background Thread 4 ] DEBUG TilesetLoader        - Created buffer with size 640.0x480.0
11:02:50.751 [FXGL Background Thread 4 ] DEBUG TilesetLoader        - Loading view for layer WALL4
11:02:50.751 [FXGL Background Thread 4 ] DEBUG TilesetLoader        - Created buffer with size 640.0x480.0
11:02:50.752 [FXGL Background Thread 4 ] DEBUG TilesetLoader        - Loading view for layer WALL3
11:02:50.752 [FXGL Background Thread 4 ] DEBUG TilesetLoader        - Created buffer with size 640.0x480.0
11:02:50.752 [FXGL Background Thread 4 ] DEBUG TilesetLoader        - Loading view for layer WALL2
11:02:50.753 [FXGL Background Thread 4 ] DEBUG TilesetLoader        - Created buffer with size 640.0x480.0
11:02:50.753 [FXGL Background Thread 4 ] DEBUG TilesetLoader        - Loading view for layer WALL1
11:02:50.753 [FXGL Background Thread 4 ] DEBUG TilesetLoader        - Created buffer with size 640.0x480.0
11:02:50.754 [FXGL Background Thread 4 ] DEBUG TilesetLoader        - Loading view for layer เลเยอร์ไทล์ 2
11:02:50.754 [FXGL Background Thread 4 ] DEBUG TilesetLoader        - Created buffer with size 640.0x480.0
11:02:50.754 [FXGL Background Thread 4 ] DEBUG TilesetLoader        - Loading view for layer เลเยอร์ไทล์ 3
11:02:50.755 [FXGL Background Thread 4 ] DEBUG TilesetLoader        - Created buffer with size 640.0x480.0
11:02:50.755 [FXGL Background Thread 4 ] DEBUG TMXLevelLoader       - Creating object layer entities
11:02:50.769 [FXGL Background Thread 4 ] DEBUG GameWorld            - Clearing removable entities
11:02:50.769 [FXGL Background Thread 4 ] DEBUG GameWorld            - Setting level: com.almasb.fxgl.entity.level.Level@40f88ebd
11:02:50.779 [FXGL Background Thread 4 ] INFO  FXGLApplication      - Game initialization took: 0.357 sec
11:02:50.825 [JavaFX Application Thread] DEBUG Input                - Clearing active input actions
11:02:50.835 [JavaFX Application Thread] DEBUG GameApplicationServi - Removing overlay from FXGLLoadingScene and adding to GameScene
11:02:50.838 [JavaFX Application Thread] DEBUG PrimaryStageWindow   - FXGLLoadingScene -> GameScene
11:02:53.327 [FXGL Background Thread 3 ] DEBUG Engine               - Logging environment variables
11:02:53.327 [FXGL Background Thread 3 ] DEBUG Engine               - achievements: []
11:02:53.327 [FXGL Background Thread 3 ] DEBUG Engine               - actualHeight: 480.0
11:02:53.327 [FXGL Background Thread 3 ] DEBUG Engine               - actualHeightProperty: ReadOnlyDoubleProperty [value: 480.0]
11:02:53.327 [FXGL Background Thread 3 ] DEBUG Engine               - actualWidth: 640.0
11:02:53.327 [FXGL Background Thread 3 ] DEBUG Engine               - actualWidthProperty: ReadOnlyDoubleProperty [value: 640.0]
11:02:53.327 [FXGL Background Thread 3 ] DEBUG Engine               - appIcon: fxgl_icon.png
11:02:53.327 [FXGL Background Thread 3 ] DEBUG Engine               - applicationMode: DEVELOPER
11:02:53.327 [FXGL Background Thread 3 ] DEBUG Engine               - cSSList: [fxgl_dark.css]
11:02:53.328 [FXGL Background Thread 3 ] DEBUG Engine               - collisionDetectionStrategy: BRUTE_FORCE
11:02:53.328 [FXGL Background Thread 3 ] DEBUG Engine               - configClass: Optional.empty
11:02:53.328 [FXGL Background Thread 3 ] DEBUG Engine               - credits: []
11:02:53.328 [FXGL Background Thread 3 ] DEBUG Engine               - defaultCursor: CursorInfo(imageName=fxgl_default_cursor.png, hotspotX=7.0, hotspotY=6.0)
11:02:53.328 [FXGL Background Thread 3 ] DEBUG Engine               - devBBoxColorProperty: ObjectProperty [value: 0xff0000ff]
11:02:53.328 [FXGL Background Thread 3 ] DEBUG Engine               - devEnableDebugCameraProperty: BooleanProperty [value: false]
11:02:53.328 [FXGL Background Thread 3 ] DEBUG Engine               - devSensorColorProperty: ObjectProperty [value: 0xffff00ff]
11:02:53.328 [FXGL Background Thread 3 ] DEBUG Engine               - devShowBBoxProperty: BooleanProperty [value: false]
11:02:53.328 [FXGL Background Thread 3 ] DEBUG Engine               - devShowPositionProperty: BooleanProperty [value: false]
11:02:53.328 [FXGL Background Thread 3 ] DEBUG Engine               - enabledMenuItems: []
11:02:53.328 [FXGL Background Thread 3 ] DEBUG Engine               - engineServices: [class com.almasb.fxgl.app.services.FXGLAssetLoaderService, class com.almasb.fxgl.app.FXGLApplication$GameApplicationService, class com.almasb.fxgl.app.services.FXGLDialogService, class com.almasb.fxgl.app.services.IOTaskExecutorService, class com.almasb.fxgl.io.FileSystemService, class com.almasb.fxgl.localization.LocalizationService, class com.almasb.fxgl.app.services.SystemBundleService, class com.almasb.fxgl.profile.SaveLoadService, class com.almasb.fxgl.ui.FXGLUIFactoryServiceProvider, class com.almasb.fxgl.ui.FXGLDialogFactoryServiceProvider, class com.almasb.fxgl.audio.AudioPlayer, class com.almasb.fxgl.notification.impl.NotificationServiceProvider, class com.almasb.fxgl.achievement.AchievementService, class com.almasb.fxgl.cutscene.CutsceneService, class com.almasb.fxgl.minigames.MiniGameService, class com.almasb.fxgl.net.NetService, class com.almasb.fxgl.app.services.UpdaterService, class com.almasb.fxgl.dev.DevService]
11:02:53.328 [FXGL Background Thread 3 ] DEBUG Engine               - fontGame: Abel-Regular.ttf
11:02:53.328 [FXGL Background Thread 3 ] DEBUG Engine               - fontMono: TerminalLandMono-Regular.otf
11:02:53.328 [FXGL Background Thread 3 ] DEBUG Engine               - fontSizeScaleUI: 1.0
11:02:53.328 [FXGL Background Thread 3 ] DEBUG Engine               - fontText: Courier-Prime.ttf
11:02:53.328 [FXGL Background Thread 3 ] DEBUG Engine               - fontUI: VarelaRound-Regular.ttf
11:02:53.328 [FXGL Background Thread 3 ] DEBUG Engine               - fullScreen: BooleanProperty [value: false]
11:02:53.329 [FXGL Background Thread 3 ] DEBUG Engine               - gameDifficulty: MEDIUM
11:02:53.329 [FXGL Background Thread 3 ] DEBUG Engine               - gameDifficultyProperty: ObjectProperty [value: MEDIUM]
11:02:53.329 [FXGL Background Thread 3 ] DEBUG Engine               - globalMusicVolume: 0.5
11:02:53.329 [FXGL Background Thread 3 ] DEBUG Engine               - globalMusicVolumeProperty: DoubleProperty [value: 0.5]
11:02:53.329 [FXGL Background Thread 3 ] DEBUG Engine               - globalSoundVolume: 0.5
11:02:53.329 [FXGL Background Thread 3 ] DEBUG Engine               - globalSoundVolumeProperty: DoubleProperty [value: 0.5]
11:02:53.329 [FXGL Background Thread 3 ] DEBUG Engine               - height: 480
11:02:53.329 [FXGL Background Thread 3 ] DEBUG Engine               - is3D: false
11:02:53.329 [FXGL Background Thread 3 ] DEBUG Engine               - isAndroid: false
11:02:53.329 [FXGL Background Thread 3 ] DEBUG Engine               - isBrowser: false
11:02:53.329 [FXGL Background Thread 3 ] DEBUG Engine               - isClickFeedbackEnabled: false
11:02:53.329 [FXGL Background Thread 3 ] DEBUG Engine               - isCloseConfirmation: false
11:02:53.329 [FXGL Background Thread 3 ] DEBUG Engine               - isDesktop: true
11:02:53.329 [FXGL Background Thread 3 ] DEBUG Engine               - isDeveloperMenuEnabled: true
11:02:53.329 [FXGL Background Thread 3 ] DEBUG Engine               - isEmbedded: false
11:02:53.329 [FXGL Background Thread 3 ] DEBUG Engine               - isEntityPreloadEnabled: true
11:02:53.329 [FXGL Background Thread 3 ] DEBUG Engine               - isExperimentalTiledLargeMap: false
11:02:53.329 [FXGL Background Thread 3 ] DEBUG Engine               - isFileSystemWriteAllowed: true
11:02:53.329 [FXGL Background Thread 3 ] DEBUG Engine               - isFullScreenAllowed: false
11:02:53.329 [FXGL Background Thread 3 ] DEBUG Engine               - isFullScreenFromStart: false
11:02:53.329 [FXGL Background Thread 3 ] DEBUG Engine               - isGameMenuEnabled: true
11:02:53.329 [FXGL Background Thread 3 ] DEBUG Engine               - isIOS: false
11:02:53.329 [FXGL Background Thread 3 ] DEBUG Engine               - isIntroEnabled: false
11:02:53.329 [FXGL Background Thread 3 ] DEBUG Engine               - isLinux: false
11:02:53.329 [FXGL Background Thread 3 ] DEBUG Engine               - isMac: false
11:02:53.329 [FXGL Background Thread 3 ] DEBUG Engine               - isMainMenuEnabled: false
11:02:53.329 [FXGL Background Thread 3 ] DEBUG Engine               - isManualResizeEnabled: false
11:02:53.329 [FXGL Background Thread 3 ] DEBUG Engine               - isMobile: false
11:02:53.329 [FXGL Background Thread 3 ] DEBUG Engine               - isNative: false
11:02:53.329 [FXGL Background Thread 3 ] DEBUG Engine               - isPauseMusicWhenMinimized: true
11:02:53.330 [FXGL Background Thread 3 ] DEBUG Engine               - isPreserveResizeRatio: false
11:02:53.330 [FXGL Background Thread 3 ] DEBUG Engine               - isProfilingEnabled: false
11:02:53.330 [FXGL Background Thread 3 ] DEBUG Engine               - isScaleAffectedOnResize: true
11:02:53.330 [FXGL Background Thread 3 ] DEBUG Engine               - isSingleStep: false
11:02:53.330 [FXGL Background Thread 3 ] DEBUG Engine               - isUserProfileEnabled: false
11:02:53.330 [FXGL Background Thread 3 ] DEBUG Engine               - isWindows: true
11:02:53.330 [FXGL Background Thread 3 ] DEBUG Engine               - language: ObjectProperty [value: ENGLISH]
11:02:53.330 [FXGL Background Thread 3 ] DEBUG Engine               - menuKey: ESCAPE
11:02:53.330 [FXGL Background Thread 3 ] DEBUG Engine               - mouseSensitivity: 0.2
11:02:53.330 [FXGL Background Thread 3 ] DEBUG Engine               - notificationViewClass: class com.almasb.fxgl.notification.view.XboxNotificationView
11:02:53.330 [FXGL Background Thread 3 ] DEBUG Engine               - pixelsPerMeter: 50.0
11:02:53.330 [FXGL Background Thread 3 ] DEBUG Engine               - platform: WINDOWS
11:02:53.330 [FXGL Background Thread 3 ] DEBUG Engine               - prefHeightProperty: ReadOnlyDoubleProperty [value: 480.0]
11:02:53.330 [FXGL Background Thread 3 ] DEBUG Engine               - prefWidthProperty: ReadOnlyDoubleProperty [value: 640.0]
11:02:53.330 [FXGL Background Thread 3 ] DEBUG Engine               - profileDir: profiles/
11:02:53.330 [FXGL Background Thread 3 ] DEBUG Engine               - profileName: StringProperty [value: DEFAULT]
11:02:53.330 [FXGL Background Thread 3 ] DEBUG Engine               - randomSeed: -1
11:02:53.330 [FXGL Background Thread 3 ] DEBUG Engine               - runtimeInfo: RuntimeInfo(platform=WINDOWS, version=21.1, build=27.03.2024 07.52)
11:02:53.330 [FXGL Background Thread 3 ] DEBUG Engine               - saveFileExt: sav
11:02:53.330 [FXGL Background Thread 3 ] DEBUG Engine               - scaledHeightProp$fxgl: DoubleProperty [bound, value: 480.0]
11:02:53.330 [FXGL Background Thread 3 ] DEBUG Engine               - scaledWidthProp$fxgl: DoubleProperty [bound, value: 640.0]
11:02:53.330 [FXGL Background Thread 3 ] DEBUG Engine               - sceneFactory: com.almasb.fxgl.app.scene.SceneFactory@6099fa61
11:02:53.330 [FXGL Background Thread 3 ] DEBUG Engine               - secondsIn24h: 60
11:02:53.330 [FXGL Background Thread 3 ] DEBUG Engine               - soundMenuBack: menu/back.wav
11:02:53.330 [FXGL Background Thread 3 ] DEBUG Engine               - soundMenuPress: menu/press.wav
11:02:53.331 [FXGL Background Thread 3 ] DEBUG Engine               - soundMenuSelect: menu/select.wav
11:02:53.331 [FXGL Background Thread 3 ] DEBUG Engine               - soundNotification: core/notification.wav
11:02:53.331 [FXGL Background Thread 3 ] DEBUG Engine               - stageStyle: DECORATED
11:02:53.331 [FXGL Background Thread 3 ] DEBUG Engine               - supportedLanguages: [ENGLISH, FRENCH, GERMAN, HUNGARIAN, RUSSIAN]
11:02:53.331 [FXGL Background Thread 3 ] DEBUG Engine               - ticksPerSecond: -1
11:02:53.331 [FXGL Background Thread 3 ] DEBUG Engine               - title: BomberMan
11:02:53.331 [FXGL Background Thread 3 ] DEBUG Engine               - urlGithub: https://github.com/AlmasB/FXGL
11:02:53.331 [FXGL Background Thread 3 ] DEBUG Engine               - urlLeaderboard: http://fxgl-top.herokuapp.com/
11:02:53.331 [FXGL Background Thread 3 ] DEBUG Engine               - urlPOM: https://raw.githubusercontent.com/AlmasB/FXGL/release/README.md
11:02:53.331 [FXGL Background Thread 3 ] DEBUG Engine               - userAppClass: class me.pooh.bakudun.App
11:02:53.331 [FXGL Background Thread 3 ] DEBUG Engine               - version: 0.1
11:02:53.331 [FXGL Background Thread 3 ] DEBUG Engine               - versionCheckDays: 7
11:02:53.331 [FXGL Background Thread 3 ] DEBUG Engine               - width: 640
11:02:53.331 [FXGL Background Thread 3 ] DEBUG Engine               - Logging services
11:02:53.331 [FXGL Background Thread 3 ] DEBUG Engine               - class com.almasb.fxgl.app.services.FXGLAssetLoaderService
11:02:53.331 [FXGL Background Thread 3 ] DEBUG Engine               - class com.almasb.fxgl.app.FXGLApplication$GameApplicationService
11:02:53.331 [FXGL Background Thread 3 ] DEBUG Engine               - class com.almasb.fxgl.app.services.FXGLDialogService
11:02:53.331 [FXGL Background Thread 3 ] DEBUG Engine               - class com.almasb.fxgl.app.services.IOTaskExecutorService
11:02:53.331 [FXGL Background Thread 3 ] DEBUG Engine               - class com.almasb.fxgl.io.FileSystemService
11:02:53.331 [FXGL Background Thread 3 ] DEBUG Engine               - class com.almasb.fxgl.localization.LocalizationService
11:02:53.331 [FXGL Background Thread 3 ] DEBUG Engine               - class com.almasb.fxgl.app.services.SystemBundleService
11:02:53.331 [FXGL Background Thread 3 ] DEBUG Engine               - class com.almasb.fxgl.profile.SaveLoadService
11:02:53.331 [FXGL Background Thread 3 ] DEBUG Engine               - class com.almasb.fxgl.ui.FXGLUIFactoryServiceProvider
11:02:53.331 [FXGL Background Thread 3 ] DEBUG Engine               - class com.almasb.fxgl.ui.FXGLDialogFactoryServiceProvider
11:02:53.331 [FXGL Background Thread 3 ] DEBUG Engine               - class com.almasb.fxgl.audio.AudioPlayer
11:02:53.331 [FXGL Background Thread 3 ] DEBUG Engine               - class com.almasb.fxgl.notification.impl.NotificationServiceProvider
11:02:53.331 [FXGL Background Thread 3 ] DEBUG Engine               - class com.almasb.fxgl.achievement.AchievementService
11:02:53.331 [FXGL Background Thread 3 ] DEBUG Engine               - class com.almasb.fxgl.cutscene.CutsceneService
11:02:53.331 [FXGL Background Thread 3 ] DEBUG Engine               - class com.almasb.fxgl.minigames.MiniGameService
11:02:53.331 [FXGL Background Thread 3 ] DEBUG Engine               - class com.almasb.fxgl.net.NetService
11:02:53.331 [FXGL Background Thread 3 ] DEBUG Engine               - class com.almasb.fxgl.app.services.UpdaterService
11:02:53.331 [FXGL Background Thread 3 ] DEBUG Engine               - class com.almasb.fxgl.dev.DevService
11:03:00.676 [JavaFX Application Thread] WARN  Entity               - Entity already has component: com.almasb.fxgl.physics.PhysicsComponent
11:03:00.678 [JavaFX Application Thread] DEBUG FXGLAssetLoaderServi - Loading from file system: file:/C:/Users/POO/intellij/Bakudun/target/classes/assets/textures/bombball.png
11:03:00.680 [JavaFX Application Thread] DEBUG FXGLAssetLoaderServi - Loading from file system: file:/C:/Users/POO/intellij/Bakudun/target/classes/assets/textures/bombblast.png
11:03:07.966 [JavaFX Application Thread] WARN  Entity               - Entity already has component: com.almasb.fxgl.physics.PhysicsComponent
11:03:09.381 [JavaFX Application Thread] WARN  Entity               - Entity already has component: com.almasb.fxgl.physics.PhysicsComponent
11:03:42.846 [JavaFX Application Thread] WARN  Entity               - Entity already has component: com.almasb.fxgl.physics.PhysicsComponent
11:04:00.197 [JavaFX Application Thread] WARN  Entity               - Entity already has component: com.almasb.fxgl.physics.PhysicsComponent
11:04:35.518 [JavaFX Application Thread] DEBUG FXGLApplication      - Exiting FXGL
11:04:35.519 [JavaFX Application Thread] DEBUG LoopRunner           - Stopping loop
11:04:35.519 [JavaFX Application Thread] DEBUG SystemBundleService  - Saving FXGL system data
11:04:35.520 [JavaFX Application Thread] DEBUG FileSystemAccess     - Writing to: C:\Users\POO\intellij\Bakudun\system\fxgl.bundle
11:04:35.523 [JavaFX Application Thread] DEBUG Async                - Shutting down background threads
11:04:35.523 [JavaFX Application Thread] DEBUG PrimaryStageWindow   - Closing main window
11:04:35.537 [JavaFX Application Thread] DEBUG Logger               - Closing Logger
