04:39:02.481 [main                     ] DEBUG Logger               - Configured Logger
04:39:02.500 [main                     ] DEBUG GameApplication      - Logging settings
Title: BomberMan
Version: 0.1
Width: 640
Height: 480
Fullscreen: false
Intro: false
Profiling: false
Single step:false
App Mode: DEVELOPER
Menu Key: ESCAPE
Stage Style: DECORATED
Scene Factory: class com.almasb.fxgl.app.scene.SceneFactory

04:39:03.108 [JavaFX Application Thread] DEBUG FXGLApplication      - Initializing FXGL
04:39:03.111 [JavaFX Application Thread] INFO  Engine               - FXGL-21.1 (27.03.2024 07.52) on WINDOWS (J:21.0.2 FX:21.0.1)
04:39:03.111 [JavaFX Application Thread] DEBUG Engine               - JRE Vendor Name: Eclipse Adoptium
04:39:03.112 [JavaFX Application Thread] DEBUG Engine               - Running on OS: Windows 11 version 10.0
04:39:03.112 [JavaFX Application Thread] DEBUG Engine               - Architecture: amd64
04:39:03.112 [JavaFX Application Thread] INFO  Engine               - Source code and latest versions at: https://github.com/AlmasB/FXGL
04:39:03.112 [JavaFX Application Thread] INFO  Engine               -       Ask questions and discuss at: https://github.com/AlmasB/FXGL/discussions
04:39:03.112 [JavaFX Application Thread] INFO  Engine               -              Join the FXGL chat at: https://gitter.im/AlmasB/FXGL
04:39:03.181 [JavaFX Application Thread] DEBUG PrimaryStageWindow   - Creating a JavaFX scene
04:39:03.222 [JavaFX Application Thread] DEBUG PrimaryStageWindow   - Target settings size: 640.0 x 480.0
04:39:03.222 [JavaFX Application Thread] DEBUG PrimaryStageWindow   - Scaled scene size:    640.0 x 480.0
04:39:03.223 [JavaFX Application Thread] DEBUG PrimaryStageWindow   - Scaled ratio: (1.0, 1.0)
04:39:03.224 [JavaFX Application Thread] DEBUG PrimaryStageWindow   - Set initial scene to FXGLStartupScene
04:39:03.227 [JavaFX Application Thread] DEBUG PrimaryStageWindow   - Opening main window
04:39:03.316 [JavaFX Application Thread] DEBUG PrimaryStageWindow   - Window border size: (14.4000244140625, 37.5999755859375)
04:39:03.317 [JavaFX Application Thread] DEBUG PrimaryStageWindow   - Scaled size: 640.0 x 480.0
04:39:03.317 [JavaFX Application Thread] DEBUG PrimaryStageWindow   - Scaled ratio: (1.0, 1.0)
04:39:03.317 [JavaFX Application Thread] DEBUG PrimaryStageWindow   - Scene size: 640.0 x 480.0
04:39:03.317 [JavaFX Application Thread] DEBUG PrimaryStageWindow   - Stage size: 654.4000244140625 x 517.5999755859375
04:39:03.325 [FXGL Background Thread 1 ] DEBUG Engine               - Initializing environment variables
04:39:03.374 [FXGL Background Thread 1 ] DEBUG FXGLAssetLoaderServi - User app class for loading assets: class me.pooh.bakudun.App
04:39:03.374 [FXGL Background Thread 1 ] DEBUG GameApplicationServi - Applying CSS: fxgl_dark.css
04:39:03.375 [FXGL Background Thread 1 ] DEBUG FXGLAssetLoaderServi - Loading from file system: jar:file:///C:/Users/POO/.m2/repository/com/github/almasb/fxgl/21.1/fxgl-21.1.jar!/fxglassets/ui/css/fxgl_dark.css
04:39:03.411 [FXGL Background Thread 1 ] DEBUG GameApplicationServi - Initializing application scenes
04:39:03.446 [FXGL Background Thread 1 ] DEBUG GameWorld            - Game world initialized
04:39:03.499 [FXGL Background Thread 1 ] DEBUG PhysicsWorld         - Physics world initialized: appHeight=480, physics.ppm=50.0
04:39:03.499 [FXGL Background Thread 1 ] DEBUG PhysicsWorld         - Using strategy: BRUTE_FORCE
04:39:03.502 [FXGL Background Thread 1 ] DEBUG GameScene            - Game scene initialized: 640x480
04:39:03.513 [FXGL Background Thread 1 ] WARN  FXGL.DefaultMenu     - FXGLDefaultMenu is not designed for resolutions < 800x600
04:39:03.513 [FXGL Background Thread 1 ] DEBUG FXGL.DefaultMenu     - createMenuBodyGameMenu()
04:39:03.525 [FXGL Background Thread 1 ] DEBUG FXGL.DefaultMenu     - createOptionsMenu()
04:39:03.533 [FXGL Background Thread 1 ] DEBUG FXGLAssetLoaderServi - Loading from file system: jar:file:///C:/Users/POO/.m2/repository/com/github/almasb/fxgl/21.1/fxgl-21.1.jar!/fxglassets/textures/particles/smoke.png
04:39:03.606 [FXGL Background Thread 1 ] DEBUG FXGLAssetLoaderServi - Loading from file system: jar:file:///C:/Users/POO/.m2/repository/com/github/almasb/fxgl/21.1/fxgl-21.1.jar!/fxglassets/textures/particles/trace_horizontal.png
04:39:03.628 [FXGL Background Thread 1 ] DEBUG GameApplicationServi - Application scenes initialized
04:39:03.640 [FXGL Background Thread 1 ] DEBUG SystemBundleService  - Loading FXGL system data
04:39:03.644 [FXGL Background Thread 1 ] DEBUG FileSystemAccess     - Reading from: C:\Users\POO\intellij\Bakudun\system\fxgl.bundle
04:39:03.654 [FXGL Background Thread 1 ] DEBUG SystemBundleService  - Bundle FXGL: {}
04:39:03.654 [FXGL Background Thread 1 ] DEBUG UpdaterService       - Checking for updates
04:39:03.687 [FXGL Background Thread 4 ] DEBUG FXGLApplication      - Loading fonts
04:39:03.687 [FXGL Background Thread 4 ] DEBUG FXGLAssetLoaderServi - Loading from file system: jar:file:///C:/Users/POO/.m2/repository/com/github/almasb/fxgl/21.1/fxgl-21.1.jar!/fxglassets/ui/fonts/VarelaRound-Regular.ttf
04:39:03.687 [FXGL Background Thread 1 ] DEBUG FXGLApplication      - Loading default localization
04:39:03.688 [FXGL Background Thread 1 ] DEBUG FXGLAssetLoaderServi - Loading from file system: jar:file:///C:/Users/POO/.m2/repository/com/github/almasb/fxgl/21.1/fxgl-21.1.jar!/fxglassets/languages/english.lang
04:39:03.712 [FXGL Background Thread 1 ] INFO  FXGLApplication      - FXGL initialization took: 0.388 sec
04:39:03.720 [JavaFX Application Thread] DEBUG Input                - Registered new binding: Right - D
04:39:03.721 [JavaFX Application Thread] DEBUG Input                - Registered new binding: Left - A
04:39:03.721 [FXGL Background Thread 4 ] DEBUG FXGLAssetLoaderServi - Loading from file system: jar:file:///C:/Users/POO/.m2/repository/com/github/almasb/fxgl/21.1/fxgl-21.1.jar!/fxglassets/ui/fonts/Abel-Regular.ttf
04:39:03.721 [JavaFX Application Thread] DEBUG Input                - Registered new binding: Up - W
04:39:03.721 [JavaFX Application Thread] DEBUG Input                - Registered new binding: Down - S
04:39:03.721 [JavaFX Application Thread] DEBUG FXGLAssetLoaderServi - Loading from file system: jar:file:///C:/Users/POO/.m2/repository/com/github/almasb/fxgl/21.1/fxgl-21.1.jar!/fxglassets/textures/fxgl_icon.png
04:39:03.725 [FXGL Background Thread 4 ] DEBUG FXGLAssetLoaderServi - Loading from file system: jar:file:///C:/Users/POO/.m2/repository/com/github/almasb/fxgl/21.1/fxgl-21.1.jar!/fxglassets/ui/fonts/TerminalLandMono-Regular.otf
04:39:03.728 [FXGL Background Thread 4 ] DEBUG FXGLAssetLoaderServi - Loading from file system: jar:file:///C:/Users/POO/.m2/repository/com/github/almasb/fxgl/21.1/fxgl-21.1.jar!/fxglassets/ui/fonts/Courier-Prime.ttf
04:39:03.740 [JavaFX Application Thread] DEBUG FXGLAssetLoaderServi - Loading from file system: jar:file:///C:/Users/POO/.m2/repository/com/github/almasb/fxgl/21.1/fxgl-21.1.jar!/fxglassets/textures/fxgl_default_cursor.png
04:39:03.742 [JavaFX Application Thread] DEBUG Input                - Registered new binding: Screenshot - CTRL+8
04:39:03.743 [JavaFX Application Thread] DEBUG Input                - Registered new binding: Dev Options - 1
04:39:03.743 [JavaFX Application Thread] DEBUG Input                - Registered new binding: Dev Console - 2
04:39:03.744 [JavaFX Application Thread] DEBUG Input                - Registered new binding: System info dump - CTRL+9
04:39:03.744 [JavaFX Application Thread] DEBUG Input                - Registered new binding: Restart - CTRL+R
04:39:03.745 [JavaFX Application Thread] DEBUG Input                - Registered new binding: Toggle Debug Camera - CTRL+7
04:39:03.750 [JavaFX Application Thread] DEBUG LoopRunner           - Starting loop
04:39:03.769 [JavaFX Application Thread] DEBUG LoopRunner           - Initializing JavaFX AnimationTimerLoop
04:39:03.772 [JavaFX Application Thread] DEBUG GameApplicationServi - Starting new game
04:39:03.772 [JavaFX Application Thread] DEBUG Input                - Clearing active input actions
04:39:03.782 [JavaFX Application Thread] DEBUG GameApplicationServi - Removing overlay from FXGLStartupScene and adding to FXGLLoadingScene
04:39:03.785 [JavaFX Application Thread] DEBUG PrimaryStageWindow   - FXGLStartupScene -> FXGLLoadingScene
04:39:03.786 [JavaFX Application Thread] DEBUG GameApplicationServi - Clearing previous game
04:39:03.786 [JavaFX Application Thread] DEBUG GameScene            - Clearing game scene
04:39:03.786 [JavaFX Application Thread] DEBUG GameWorld            - Clearing game world
04:39:03.786 [JavaFX Application Thread] DEBUG PhysicsWorld         - Clearing physics world
04:39:03.788 [FXGL Background Thread 4 ] DEBUG FXGLApplication      - Initializing game
04:39:03.845 [FXGL Background Thread 4 ] WARN  TMXLevelLoader       - TiledMap generated from 1.11.2. Supported version: 1.9.0. Some features may not be parsed fully.
04:39:03.867 [FXGL Background Thread 4 ] DEBUG TMXLevelLoader       - Parsed TiledMap: file:/C:/Users/POO/intellij/Bakudun/target/classes/assets/levels/Map.tmx
04:39:03.868 [FXGL Background Thread 4 ] DEBUG TMXLevelLoader       - Creating tile layer entities
04:39:03.870 [FXGL Background Thread 4 ] DEBUG TilesetLoader        - Loading view for layer เลเยอร์ไทล์ 1
04:39:03.871 [FXGL Background Thread 4 ] DEBUG TilesetLoader        - Created buffer with size 640.0x480.0
04:39:03.878 [FXGL Background Thread 4 ] WARN  TilesetLoader        - Diagonally flipped tiles are not currently supported
04:39:03.888 [FXGL Background Thread 4 ] WARN  TilesetLoader        - Diagonally flipped tiles are not currently supported
04:39:03.898 [FXGL Background Thread 4 ] DEBUG TilesetLoader        - Loading view for layer เลเยอร์ไทล์ 2
04:39:03.898 [FXGL Background Thread 4 ] DEBUG TilesetLoader        - Created buffer with size 640.0x480.0
04:39:03.899 [FXGL Background Thread 4 ] DEBUG TilesetLoader        - Loading view for layer เลเยอร์ไทล์ 3
04:39:03.899 [FXGL Background Thread 4 ] DEBUG TilesetLoader        - Created buffer with size 640.0x480.0
04:39:03.900 [FXGL Background Thread 4 ] DEBUG TilesetLoader        - Loading view for layer เลเยอร์ไทล์ 4
04:39:03.900 [FXGL Background Thread 4 ] DEBUG TilesetLoader        - Created buffer with size 640.0x480.0
04:39:03.901 [FXGL Background Thread 4 ] DEBUG TMXLevelLoader       - Creating object layer entities
04:39:03.952 [FXGL Background Thread 4 ] DEBUG FXGLAssetLoaderServi - Loading from file system: file:/C:/Users/POO/intellij/Bakudun/target/classes/assets/textures/Jim1.png
04:39:03.964 [FXGL Background Thread 4 ] WARN  TMXLevelLoader       - TiledMap generated from 1.11.2. Supported version: 1.9.0. Some features may not be parsed fully.
04:39:03.972 [FXGL Background Thread 4 ] DEBUG TMXLevelLoader       - Parsed TiledMap: file:/C:/Users/POO/intellij/Bakudun/target/classes/assets/levels/Map.tmx
04:39:03.972 [FXGL Background Thread 4 ] DEBUG TMXLevelLoader       - Creating tile layer entities
04:39:03.972 [FXGL Background Thread 4 ] DEBUG TilesetLoader        - Loading view for layer เลเยอร์ไทล์ 1
04:39:03.973 [FXGL Background Thread 4 ] DEBUG TilesetLoader        - Created buffer with size 640.0x480.0
04:39:03.976 [FXGL Background Thread 4 ] WARN  TilesetLoader        - Diagonally flipped tiles are not currently supported
04:39:03.990 [FXGL Background Thread 4 ] WARN  TilesetLoader        - Diagonally flipped tiles are not currently supported
04:39:03.996 [FXGL Background Thread 4 ] DEBUG TilesetLoader        - Loading view for layer เลเยอร์ไทล์ 2
04:39:03.996 [FXGL Background Thread 4 ] DEBUG TilesetLoader        - Created buffer with size 640.0x480.0
04:39:03.996 [FXGL Background Thread 4 ] DEBUG TilesetLoader        - Loading view for layer เลเยอร์ไทล์ 3
04:39:03.997 [FXGL Background Thread 4 ] DEBUG TilesetLoader        - Created buffer with size 640.0x480.0
04:39:03.997 [FXGL Background Thread 4 ] DEBUG TilesetLoader        - Loading view for layer เลเยอร์ไทล์ 4
04:39:03.997 [FXGL Background Thread 4 ] DEBUG TilesetLoader        - Created buffer with size 640.0x480.0
04:39:03.998 [FXGL Background Thread 4 ] DEBUG TMXLevelLoader       - Creating object layer entities
04:39:04.014 [FXGL Background Thread 4 ] DEBUG GameWorld            - Clearing removable entities
04:39:04.015 [FXGL Background Thread 4 ] DEBUG GameWorld            - Setting level: com.almasb.fxgl.entity.level.Level@2f49a871
04:39:04.024 [FXGL Background Thread 4 ] INFO  FXGLApplication      - Game initialization took: 0.236 sec
04:39:04.095 [JavaFX Application Thread] DEBUG Input                - Clearing active input actions
04:39:04.106 [JavaFX Application Thread] DEBUG GameApplicationServi - Removing overlay from FXGLLoadingScene and adding to GameScene
04:39:04.111 [JavaFX Application Thread] DEBUG PrimaryStageWindow   - FXGLLoadingScene -> GameScene
04:39:06.686 [FXGL Background Thread 3 ] DEBUG Engine               - Logging environment variables
04:39:06.686 [FXGL Background Thread 3 ] DEBUG Engine               - achievements: []
04:39:06.687 [FXGL Background Thread 3 ] DEBUG Engine               - actualHeight: 480.0
04:39:06.687 [FXGL Background Thread 3 ] DEBUG Engine               - actualHeightProperty: ReadOnlyDoubleProperty [value: 480.0]
04:39:06.687 [FXGL Background Thread 3 ] DEBUG Engine               - actualWidth: 640.0
04:39:06.687 [FXGL Background Thread 3 ] DEBUG Engine               - actualWidthProperty: ReadOnlyDoubleProperty [value: 640.0]
04:39:06.687 [FXGL Background Thread 3 ] DEBUG Engine               - appIcon: fxgl_icon.png
04:39:06.687 [FXGL Background Thread 3 ] DEBUG Engine               - applicationMode: DEVELOPER
04:39:06.687 [FXGL Background Thread 3 ] DEBUG Engine               - cSSList: [fxgl_dark.css]
04:39:06.687 [FXGL Background Thread 3 ] DEBUG Engine               - collisionDetectionStrategy: BRUTE_FORCE
04:39:06.687 [FXGL Background Thread 3 ] DEBUG Engine               - configClass: Optional.empty
04:39:06.687 [FXGL Background Thread 3 ] DEBUG Engine               - credits: []
04:39:06.687 [FXGL Background Thread 3 ] DEBUG Engine               - defaultCursor: CursorInfo(imageName=fxgl_default_cursor.png, hotspotX=7.0, hotspotY=6.0)
04:39:06.688 [FXGL Background Thread 3 ] DEBUG Engine               - devBBoxColorProperty: ObjectProperty [value: 0xff0000ff]
04:39:06.688 [FXGL Background Thread 3 ] DEBUG Engine               - devEnableDebugCameraProperty: BooleanProperty [value: false]
04:39:06.688 [FXGL Background Thread 3 ] DEBUG Engine               - devSensorColorProperty: ObjectProperty [value: 0xffff00ff]
04:39:06.688 [FXGL Background Thread 3 ] DEBUG Engine               - devShowBBoxProperty: BooleanProperty [value: false]
04:39:06.688 [FXGL Background Thread 3 ] DEBUG Engine               - devShowPositionProperty: BooleanProperty [value: false]
04:39:06.688 [FXGL Background Thread 3 ] DEBUG Engine               - enabledMenuItems: []
04:39:06.688 [FXGL Background Thread 3 ] DEBUG Engine               - engineServices: [class com.almasb.fxgl.app.services.FXGLAssetLoaderService, class com.almasb.fxgl.app.FXGLApplication$GameApplicationService, class com.almasb.fxgl.app.services.FXGLDialogService, class com.almasb.fxgl.app.services.IOTaskExecutorService, class com.almasb.fxgl.io.FileSystemService, class com.almasb.fxgl.localization.LocalizationService, class com.almasb.fxgl.app.services.SystemBundleService, class com.almasb.fxgl.profile.SaveLoadService, class com.almasb.fxgl.ui.FXGLUIFactoryServiceProvider, class com.almasb.fxgl.ui.FXGLDialogFactoryServiceProvider, class com.almasb.fxgl.audio.AudioPlayer, class com.almasb.fxgl.notification.impl.NotificationServiceProvider, class com.almasb.fxgl.achievement.AchievementService, class com.almasb.fxgl.cutscene.CutsceneService, class com.almasb.fxgl.minigames.MiniGameService, class com.almasb.fxgl.net.NetService, class com.almasb.fxgl.app.services.UpdaterService, class com.almasb.fxgl.dev.DevService]
04:39:06.688 [FXGL Background Thread 3 ] DEBUG Engine               - fontGame: Abel-Regular.ttf
04:39:06.688 [FXGL Background Thread 3 ] DEBUG Engine               - fontMono: TerminalLandMono-Regular.otf
04:39:06.688 [FXGL Background Thread 3 ] DEBUG Engine               - fontSizeScaleUI: 1.0
04:39:06.688 [FXGL Background Thread 3 ] DEBUG Engine               - fontText: Courier-Prime.ttf
04:39:06.688 [FXGL Background Thread 3 ] DEBUG Engine               - fontUI: VarelaRound-Regular.ttf
04:39:06.688 [FXGL Background Thread 3 ] DEBUG Engine               - fullScreen: BooleanProperty [value: false]
04:39:06.688 [FXGL Background Thread 3 ] DEBUG Engine               - gameDifficulty: MEDIUM
04:39:06.688 [FXGL Background Thread 3 ] DEBUG Engine               - gameDifficultyProperty: ObjectProperty [value: MEDIUM]
04:39:06.688 [FXGL Background Thread 3 ] DEBUG Engine               - globalMusicVolume: 0.5
04:39:06.688 [FXGL Background Thread 3 ] DEBUG Engine               - globalMusicVolumeProperty: DoubleProperty [value: 0.5]
04:39:06.688 [FXGL Background Thread 3 ] DEBUG Engine               - globalSoundVolume: 0.5
04:39:06.689 [FXGL Background Thread 3 ] DEBUG Engine               - globalSoundVolumeProperty: DoubleProperty [value: 0.5]
04:39:06.689 [FXGL Background Thread 3 ] DEBUG Engine               - height: 480
04:39:06.689 [FXGL Background Thread 3 ] DEBUG Engine               - is3D: false
04:39:06.689 [FXGL Background Thread 3 ] DEBUG Engine               - isAndroid: false
04:39:06.689 [FXGL Background Thread 3 ] DEBUG Engine               - isBrowser: false
04:39:06.689 [FXGL Background Thread 3 ] DEBUG Engine               - isClickFeedbackEnabled: false
04:39:06.689 [FXGL Background Thread 3 ] DEBUG Engine               - isCloseConfirmation: false
04:39:06.689 [FXGL Background Thread 3 ] DEBUG Engine               - isDesktop: true
04:39:06.689 [FXGL Background Thread 3 ] DEBUG Engine               - isDeveloperMenuEnabled: true
04:39:06.689 [FXGL Background Thread 3 ] DEBUG Engine               - isEmbedded: false
04:39:06.689 [FXGL Background Thread 3 ] DEBUG Engine               - isEntityPreloadEnabled: true
04:39:06.689 [FXGL Background Thread 3 ] DEBUG Engine               - isExperimentalTiledLargeMap: false
04:39:06.689 [FXGL Background Thread 3 ] DEBUG Engine               - isFileSystemWriteAllowed: true
04:39:06.689 [FXGL Background Thread 3 ] DEBUG Engine               - isFullScreenAllowed: false
04:39:06.689 [FXGL Background Thread 3 ] DEBUG Engine               - isFullScreenFromStart: false
04:39:06.689 [FXGL Background Thread 3 ] DEBUG Engine               - isGameMenuEnabled: true
04:39:06.689 [FXGL Background Thread 3 ] DEBUG Engine               - isIOS: false
04:39:06.689 [FXGL Background Thread 3 ] DEBUG Engine               - isIntroEnabled: false
04:39:06.689 [FXGL Background Thread 3 ] DEBUG Engine               - isLinux: false
04:39:06.689 [FXGL Background Thread 3 ] DEBUG Engine               - isMac: false
04:39:06.689 [FXGL Background Thread 3 ] DEBUG Engine               - isMainMenuEnabled: false
04:39:06.690 [FXGL Background Thread 3 ] DEBUG Engine               - isManualResizeEnabled: false
04:39:06.690 [FXGL Background Thread 3 ] DEBUG Engine               - isMobile: false
04:39:06.690 [FXGL Background Thread 3 ] DEBUG Engine               - isNative: false
04:39:06.690 [FXGL Background Thread 3 ] DEBUG Engine               - isPauseMusicWhenMinimized: true
04:39:06.690 [FXGL Background Thread 3 ] DEBUG Engine               - isPreserveResizeRatio: false
04:39:06.690 [FXGL Background Thread 3 ] DEBUG Engine               - isProfilingEnabled: false
04:39:06.690 [FXGL Background Thread 3 ] DEBUG Engine               - isScaleAffectedOnResize: true
04:39:06.690 [FXGL Background Thread 3 ] DEBUG Engine               - isSingleStep: false
04:39:06.690 [FXGL Background Thread 3 ] DEBUG Engine               - isUserProfileEnabled: false
04:39:06.690 [FXGL Background Thread 3 ] DEBUG Engine               - isWindows: true
04:39:06.690 [FXGL Background Thread 3 ] DEBUG Engine               - language: ObjectProperty [value: ENGLISH]
04:39:06.690 [FXGL Background Thread 3 ] DEBUG Engine               - menuKey: ESCAPE
04:39:06.690 [FXGL Background Thread 3 ] DEBUG Engine               - mouseSensitivity: 0.2
04:39:06.691 [FXGL Background Thread 3 ] DEBUG Engine               - notificationViewClass: class com.almasb.fxgl.notification.view.XboxNotificationView
04:39:06.691 [FXGL Background Thread 3 ] DEBUG Engine               - pixelsPerMeter: 50.0
04:39:06.691 [FXGL Background Thread 3 ] DEBUG Engine               - platform: WINDOWS
04:39:06.691 [FXGL Background Thread 3 ] DEBUG Engine               - prefHeightProperty: ReadOnlyDoubleProperty [value: 480.0]
04:39:06.691 [FXGL Background Thread 3 ] DEBUG Engine               - prefWidthProperty: ReadOnlyDoubleProperty [value: 640.0]
04:39:06.691 [FXGL Background Thread 3 ] DEBUG Engine               - profileDir: profiles/
04:39:06.691 [FXGL Background Thread 3 ] DEBUG Engine               - profileName: StringProperty [value: DEFAULT]
04:39:06.691 [FXGL Background Thread 3 ] DEBUG Engine               - randomSeed: -1
04:39:06.691 [FXGL Background Thread 3 ] DEBUG Engine               - runtimeInfo: RuntimeInfo(platform=WINDOWS, version=21.1, build=27.03.2024 07.52)
04:39:06.692 [FXGL Background Thread 3 ] DEBUG Engine               - saveFileExt: sav
04:39:06.692 [FXGL Background Thread 3 ] DEBUG Engine               - scaledHeightProp$fxgl: DoubleProperty [bound, value: 480.0]
04:39:06.692 [FXGL Background Thread 3 ] DEBUG Engine               - scaledWidthProp$fxgl: DoubleProperty [bound, value: 640.0]
04:39:06.692 [FXGL Background Thread 3 ] DEBUG Engine               - sceneFactory: com.almasb.fxgl.app.scene.SceneFactory@4929e992
04:39:06.692 [FXGL Background Thread 3 ] DEBUG Engine               - secondsIn24h: 60
04:39:06.692 [FXGL Background Thread 3 ] DEBUG Engine               - soundMenuBack: menu/back.wav
04:39:06.692 [FXGL Background Thread 3 ] DEBUG Engine               - soundMenuPress: menu/press.wav
04:39:06.692 [FXGL Background Thread 3 ] DEBUG Engine               - soundMenuSelect: menu/select.wav
04:39:06.692 [FXGL Background Thread 3 ] DEBUG Engine               - soundNotification: core/notification.wav
04:39:06.692 [FXGL Background Thread 3 ] DEBUG Engine               - stageStyle: DECORATED
04:39:06.692 [FXGL Background Thread 3 ] DEBUG Engine               - supportedLanguages: [ENGLISH, FRENCH, GERMAN, HUNGARIAN, RUSSIAN]
04:39:06.692 [FXGL Background Thread 3 ] DEBUG Engine               - ticksPerSecond: -1
04:39:06.692 [FXGL Background Thread 3 ] DEBUG Engine               - title: BomberMan
04:39:06.692 [FXGL Background Thread 3 ] DEBUG Engine               - urlGithub: https://github.com/AlmasB/FXGL
04:39:06.692 [FXGL Background Thread 3 ] DEBUG Engine               - urlLeaderboard: http://fxgl-top.herokuapp.com/
04:39:06.692 [FXGL Background Thread 3 ] DEBUG Engine               - urlPOM: https://raw.githubusercontent.com/AlmasB/FXGL/release/README.md
04:39:06.692 [FXGL Background Thread 3 ] DEBUG Engine               - userAppClass: class me.pooh.bakudun.App
04:39:06.693 [FXGL Background Thread 3 ] DEBUG Engine               - version: 0.1
04:39:06.693 [FXGL Background Thread 3 ] DEBUG Engine               - versionCheckDays: 7
04:39:06.693 [FXGL Background Thread 3 ] DEBUG Engine               - width: 640
04:39:06.693 [FXGL Background Thread 3 ] DEBUG Engine               - Logging services
04:39:06.693 [FXGL Background Thread 3 ] DEBUG Engine               - class com.almasb.fxgl.app.services.FXGLAssetLoaderService
04:39:06.693 [FXGL Background Thread 3 ] DEBUG Engine               - class com.almasb.fxgl.app.FXGLApplication$GameApplicationService
04:39:06.693 [FXGL Background Thread 3 ] DEBUG Engine               - class com.almasb.fxgl.app.services.FXGLDialogService
04:39:06.693 [FXGL Background Thread 3 ] DEBUG Engine               - class com.almasb.fxgl.app.services.IOTaskExecutorService
04:39:06.693 [FXGL Background Thread 3 ] DEBUG Engine               - class com.almasb.fxgl.io.FileSystemService
04:39:06.693 [FXGL Background Thread 3 ] DEBUG Engine               - class com.almasb.fxgl.localization.LocalizationService
04:39:06.693 [FXGL Background Thread 3 ] DEBUG Engine               - class com.almasb.fxgl.app.services.SystemBundleService
04:39:06.693 [FXGL Background Thread 3 ] DEBUG Engine               - class com.almasb.fxgl.profile.SaveLoadService
04:39:06.693 [FXGL Background Thread 3 ] DEBUG Engine               - class com.almasb.fxgl.ui.FXGLUIFactoryServiceProvider
04:39:06.693 [FXGL Background Thread 3 ] DEBUG Engine               - class com.almasb.fxgl.ui.FXGLDialogFactoryServiceProvider
04:39:06.693 [FXGL Background Thread 3 ] DEBUG Engine               - class com.almasb.fxgl.audio.AudioPlayer
04:39:06.693 [FXGL Background Thread 3 ] DEBUG Engine               - class com.almasb.fxgl.notification.impl.NotificationServiceProvider
04:39:06.693 [FXGL Background Thread 3 ] DEBUG Engine               - class com.almasb.fxgl.achievement.AchievementService
04:39:06.693 [FXGL Background Thread 3 ] DEBUG Engine               - class com.almasb.fxgl.cutscene.CutsceneService
04:39:06.693 [FXGL Background Thread 3 ] DEBUG Engine               - class com.almasb.fxgl.minigames.MiniGameService
04:39:06.693 [FXGL Background Thread 3 ] DEBUG Engine               - class com.almasb.fxgl.net.NetService
04:39:06.693 [FXGL Background Thread 3 ] DEBUG Engine               - class com.almasb.fxgl.app.services.UpdaterService
04:39:06.693 [FXGL Background Thread 3 ] DEBUG Engine               - class com.almasb.fxgl.dev.DevService
04:39:56.714 [JavaFX Application Thread] DEBUG FXGLApplication      - Exiting FXGL
04:39:56.714 [JavaFX Application Thread] DEBUG LoopRunner           - Stopping loop
04:39:56.714 [JavaFX Application Thread] DEBUG SystemBundleService  - Saving FXGL system data
04:39:56.717 [JavaFX Application Thread] DEBUG FileSystemAccess     - Writing to: C:\Users\POO\intellij\Bakudun\system\fxgl.bundle
04:39:56.718 [JavaFX Application Thread] DEBUG Async                - Shutting down background threads
04:39:56.719 [JavaFX Application Thread] DEBUG PrimaryStageWindow   - Closing main window
04:39:56.735 [JavaFX Application Thread] DEBUG Logger               - Closing Logger
