15:05:11.682 [main                     ] DEBUG Logger               - Configured Logger
15:05:11.705 [main                     ] DEBUG GameApplication      - Logging settings
Title: BomberMan
Version: 0.1
Width: 640
Height: 480
Fullscreen: false
Intro: false
Profiling: false
Single step:false
App Mode: DEVELOPER
Menu Key: ESCAPE
Stage Style: DECORATED
Scene Factory: class com.almasb.fxgl.app.scene.SceneFactory

15:05:12.338 [JavaFX Application Thread] DEBUG FXGLApplication      - Initializing FXGL
15:05:12.341 [JavaFX Application Thread] INFO  Engine               - FXGL-21.1 (27.03.2024 07.52) on WINDOWS (J:21.0.2 FX:21.0.1)
15:05:12.341 [JavaFX Application Thread] DEBUG Engine               - JRE Vendor Name: Eclipse Adoptium
15:05:12.341 [JavaFX Application Thread] DEBUG Engine               - Running on OS: Windows 11 version 10.0
15:05:12.341 [JavaFX Application Thread] DEBUG Engine               - Architecture: amd64
15:05:12.341 [JavaFX Application Thread] INFO  Engine               - Source code and latest versions at: https://github.com/AlmasB/FXGL
15:05:12.341 [JavaFX Application Thread] INFO  Engine               -       Ask questions and discuss at: https://github.com/AlmasB/FXGL/discussions
15:05:12.341 [JavaFX Application Thread] INFO  Engine               -              Join the FXGL chat at: https://gitter.im/AlmasB/FXGL
15:05:12.406 [JavaFX Application Thread] DEBUG PrimaryStageWindow   - Creating a JavaFX scene
15:05:12.447 [JavaFX Application Thread] DEBUG PrimaryStageWindow   - Target settings size: 640.0 x 480.0
15:05:12.448 [JavaFX Application Thread] DEBUG PrimaryStageWindow   - Scaled scene size:    640.0 x 480.0
15:05:12.448 [JavaFX Application Thread] DEBUG PrimaryStageWindow   - Scaled ratio: (1.0, 1.0)
15:05:12.449 [JavaFX Application Thread] DEBUG PrimaryStageWindow   - Set initial scene to FXGLStartupScene
15:05:12.451 [JavaFX Application Thread] DEBUG PrimaryStageWindow   - Opening main window
15:05:12.541 [JavaFX Application Thread] DEBUG PrimaryStageWindow   - Window border size: (14.4000244140625, 37.5999755859375)
15:05:12.541 [JavaFX Application Thread] DEBUG PrimaryStageWindow   - Scaled size: 640.0 x 480.0
15:05:12.541 [JavaFX Application Thread] DEBUG PrimaryStageWindow   - Scaled ratio: (1.0, 1.0)
15:05:12.541 [JavaFX Application Thread] DEBUG PrimaryStageWindow   - Scene size: 640.0 x 480.0
15:05:12.542 [JavaFX Application Thread] DEBUG PrimaryStageWindow   - Stage size: 654.4000244140625 x 517.5999755859375
15:05:12.549 [FXGL Background Thread 1 ] DEBUG Engine               - Initializing environment variables
15:05:12.611 [FXGL Background Thread 1 ] DEBUG FXGLAssetLoaderServi - User app class for loading assets: class me.pooh.bakudun.App
15:05:12.611 [FXGL Background Thread 1 ] DEBUG GameApplicationServi - Applying CSS: fxgl_dark.css
15:05:12.612 [FXGL Background Thread 1 ] DEBUG FXGLAssetLoaderServi - Loading from file system: jar:file:///C:/Users/POO/.m2/repository/com/github/almasb/fxgl/21.1/fxgl-21.1.jar!/fxglassets/ui/css/fxgl_dark.css
15:05:12.652 [FXGL Background Thread 1 ] DEBUG GameApplicationServi - Initializing application scenes
15:05:12.685 [FXGL Background Thread 1 ] DEBUG GameWorld            - Game world initialized
15:05:12.733 [FXGL Background Thread 1 ] DEBUG PhysicsWorld         - Physics world initialized: appHeight=480, physics.ppm=50.0
15:05:12.733 [FXGL Background Thread 1 ] DEBUG PhysicsWorld         - Using strategy: BRUTE_FORCE
15:05:12.737 [FXGL Background Thread 1 ] DEBUG GameScene            - Game scene initialized: 640x480
15:05:12.751 [FXGL Background Thread 1 ] WARN  FXGL.DefaultMenu     - FXGLDefaultMenu is not designed for resolutions < 800x600
15:05:12.751 [FXGL Background Thread 1 ] DEBUG FXGL.DefaultMenu     - createMenuBodyGameMenu()
15:05:12.761 [FXGL Background Thread 1 ] DEBUG FXGL.DefaultMenu     - createOptionsMenu()
15:05:12.773 [FXGL Background Thread 1 ] DEBUG FXGLAssetLoaderServi - Loading from file system: jar:file:///C:/Users/POO/.m2/repository/com/github/almasb/fxgl/21.1/fxgl-21.1.jar!/fxglassets/textures/particles/smoke.png
15:05:12.846 [FXGL Background Thread 1 ] DEBUG FXGLAssetLoaderServi - Loading from file system: jar:file:///C:/Users/POO/.m2/repository/com/github/almasb/fxgl/21.1/fxgl-21.1.jar!/fxglassets/textures/particles/trace_horizontal.png
15:05:12.871 [FXGL Background Thread 1 ] DEBUG GameApplicationServi - Application scenes initialized
15:05:12.885 [FXGL Background Thread 1 ] DEBUG SystemBundleService  - Loading FXGL system data
15:05:12.888 [FXGL Background Thread 1 ] DEBUG FileSystemAccess     - Reading from: C:\Users\POO\intellij\Bakudun\system\fxgl.bundle
15:05:12.897 [FXGL Background Thread 1 ] DEBUG SystemBundleService  - Bundle FXGL: {}
15:05:12.897 [FXGL Background Thread 1 ] DEBUG UpdaterService       - Checking for updates
15:05:12.924 [FXGL Background Thread 4 ] DEBUG FXGLApplication      - Loading fonts
15:05:12.925 [FXGL Background Thread 4 ] DEBUG FXGLAssetLoaderServi - Loading from file system: jar:file:///C:/Users/POO/.m2/repository/com/github/almasb/fxgl/21.1/fxgl-21.1.jar!/fxglassets/ui/fonts/VarelaRound-Regular.ttf
15:05:12.925 [FXGL Background Thread 1 ] DEBUG FXGLApplication      - Loading default localization
15:05:12.926 [FXGL Background Thread 1 ] DEBUG FXGLAssetLoaderServi - Loading from file system: jar:file:///C:/Users/POO/.m2/repository/com/github/almasb/fxgl/21.1/fxgl-21.1.jar!/fxglassets/languages/english.lang
15:05:12.956 [FXGL Background Thread 1 ] INFO  FXGLApplication      - FXGL initialization took: 0.406 sec
15:05:12.965 [FXGL Background Thread 4 ] DEBUG FXGLAssetLoaderServi - Loading from file system: jar:file:///C:/Users/POO/.m2/repository/com/github/almasb/fxgl/21.1/fxgl-21.1.jar!/fxglassets/ui/fonts/Abel-Regular.ttf
15:05:12.968 [JavaFX Application Thread] DEBUG Input                - Registered new binding: Right - D
15:05:12.968 [JavaFX Application Thread] DEBUG Input                - Registered new binding: Left - A
15:05:12.969 [JavaFX Application Thread] DEBUG Input                - Registered new binding: Up - W
15:05:12.969 [JavaFX Application Thread] DEBUG Input                - Registered new binding: Down - S
15:05:12.969 [JavaFX Application Thread] DEBUG Input                - Registered new binding: Place Bomb - Space
15:05:12.969 [JavaFX Application Thread] DEBUG FXGLAssetLoaderServi - Loading from file system: jar:file:///C:/Users/POO/.m2/repository/com/github/almasb/fxgl/21.1/fxgl-21.1.jar!/fxglassets/textures/fxgl_icon.png
15:05:12.970 [FXGL Background Thread 4 ] DEBUG FXGLAssetLoaderServi - Loading from file system: jar:file:///C:/Users/POO/.m2/repository/com/github/almasb/fxgl/21.1/fxgl-21.1.jar!/fxglassets/ui/fonts/TerminalLandMono-Regular.otf
15:05:12.975 [FXGL Background Thread 4 ] DEBUG FXGLAssetLoaderServi - Loading from file system: jar:file:///C:/Users/POO/.m2/repository/com/github/almasb/fxgl/21.1/fxgl-21.1.jar!/fxglassets/ui/fonts/Courier-Prime.ttf
15:05:12.988 [JavaFX Application Thread] DEBUG FXGLAssetLoaderServi - Loading from file system: jar:file:///C:/Users/POO/.m2/repository/com/github/almasb/fxgl/21.1/fxgl-21.1.jar!/fxglassets/textures/fxgl_default_cursor.png
15:05:12.990 [JavaFX Application Thread] DEBUG Input                - Registered new binding: Screenshot - CTRL+8
15:05:12.991 [JavaFX Application Thread] DEBUG Input                - Registered new binding: Dev Options - 1
15:05:12.991 [JavaFX Application Thread] DEBUG Input                - Registered new binding: Dev Console - 2
15:05:12.992 [JavaFX Application Thread] DEBUG Input                - Registered new binding: System info dump - CTRL+9
15:05:12.992 [JavaFX Application Thread] DEBUG Input                - Registered new binding: Restart - CTRL+R
15:05:12.993 [JavaFX Application Thread] DEBUG Input                - Registered new binding: Toggle Debug Camera - CTRL+7
15:05:12.999 [JavaFX Application Thread] DEBUG LoopRunner           - Starting loop
15:05:13.025 [JavaFX Application Thread] DEBUG LoopRunner           - Initializing JavaFX AnimationTimerLoop
15:05:13.027 [JavaFX Application Thread] DEBUG GameApplicationServi - Starting new game
15:05:13.028 [JavaFX Application Thread] DEBUG Input                - Clearing active input actions
15:05:13.040 [JavaFX Application Thread] DEBUG GameApplicationServi - Removing overlay from FXGLStartupScene and adding to FXGLLoadingScene
15:05:13.044 [JavaFX Application Thread] DEBUG PrimaryStageWindow   - FXGLStartupScene -> FXGLLoadingScene
15:05:13.045 [JavaFX Application Thread] DEBUG GameApplicationServi - Clearing previous game
15:05:13.045 [JavaFX Application Thread] DEBUG GameScene            - Clearing game scene
15:05:13.045 [JavaFX Application Thread] DEBUG GameWorld            - Clearing game world
15:05:13.045 [JavaFX Application Thread] DEBUG PhysicsWorld         - Clearing physics world
15:05:13.048 [JavaFX Application Thread] DEBUG FXGLApplication      - Registering font factories with UI factory
15:05:13.048 [FXGL Background Thread 4 ] DEBUG FXGLApplication      - Initializing game
15:05:13.107 [FXGL Background Thread 4 ] WARN  TMXLevelLoader       - TiledMap generated from 1.11.2. Supported version: 1.9.0. Some features may not be parsed fully.
15:05:13.148 [FXGL Background Thread 4 ] DEBUG TMXLevelLoader       - Parsed TiledMap: file:/C:/Users/POO/intellij/Bakudun/target/classes/assets/levels/Map.tmx
15:05:13.149 [FXGL Background Thread 4 ] DEBUG TMXLevelLoader       - Creating tile layer entities
15:05:13.152 [FXGL Background Thread 4 ] DEBUG TilesetLoader        - Loading view for layer เลเยอร์ไทล์ 1
15:05:13.152 [FXGL Background Thread 4 ] DEBUG TilesetLoader        - Created buffer with size 640.0x480.0
15:05:13.164 [FXGL Background Thread 4 ] WARN  TilesetLoader        - Diagonally flipped tiles are not currently supported
15:05:13.176 [FXGL Background Thread 4 ] WARN  TilesetLoader        - Diagonally flipped tiles are not currently supported
15:05:13.192 [FXGL Background Thread 4 ] DEBUG TilesetLoader        - Loading view for layer WALL48
15:05:13.193 [FXGL Background Thread 4 ] DEBUG TilesetLoader        - Created buffer with size 640.0x480.0
15:05:13.193 [FXGL Background Thread 4 ] DEBUG TilesetLoader        - Loading view for layer WALL47
15:05:13.194 [FXGL Background Thread 4 ] DEBUG TilesetLoader        - Created buffer with size 640.0x480.0
15:05:13.194 [FXGL Background Thread 4 ] DEBUG TilesetLoader        - Loading view for layer WALL46
15:05:13.195 [FXGL Background Thread 4 ] DEBUG TilesetLoader        - Created buffer with size 640.0x480.0
15:05:13.195 [FXGL Background Thread 4 ] DEBUG TilesetLoader        - Loading view for layer WALL45
15:05:13.196 [FXGL Background Thread 4 ] DEBUG TilesetLoader        - Created buffer with size 640.0x480.0
15:05:13.197 [FXGL Background Thread 4 ] DEBUG TilesetLoader        - Loading view for layer WALL44
15:05:13.197 [FXGL Background Thread 4 ] DEBUG TilesetLoader        - Created buffer with size 640.0x480.0
15:05:13.198 [FXGL Background Thread 4 ] DEBUG TilesetLoader        - Loading view for layer WALL43
15:05:13.198 [FXGL Background Thread 4 ] DEBUG TilesetLoader        - Created buffer with size 640.0x480.0
15:05:13.199 [FXGL Background Thread 4 ] DEBUG TilesetLoader        - Loading view for layer WALL42
15:05:13.199 [FXGL Background Thread 4 ] DEBUG TilesetLoader        - Created buffer with size 640.0x480.0
15:05:13.199 [FXGL Background Thread 4 ] DEBUG TilesetLoader        - Loading view for layer WALL41
15:05:13.201 [FXGL Background Thread 4 ] DEBUG TilesetLoader        - Created buffer with size 640.0x480.0
15:05:13.201 [FXGL Background Thread 4 ] DEBUG TilesetLoader        - Loading view for layer WALL40
15:05:13.202 [FXGL Background Thread 4 ] DEBUG TilesetLoader        - Created buffer with size 640.0x480.0
15:05:13.202 [FXGL Background Thread 4 ] DEBUG TilesetLoader        - Loading view for layer WALL39
15:05:13.203 [FXGL Background Thread 4 ] DEBUG TilesetLoader        - Created buffer with size 640.0x480.0
15:05:13.203 [FXGL Background Thread 4 ] DEBUG TilesetLoader        - Loading view for layer WALL38
15:05:13.204 [FXGL Background Thread 4 ] DEBUG TilesetLoader        - Created buffer with size 640.0x480.0
15:05:13.204 [FXGL Background Thread 4 ] DEBUG TilesetLoader        - Loading view for layer WALL37
15:05:13.205 [FXGL Background Thread 4 ] DEBUG TilesetLoader        - Created buffer with size 640.0x480.0
15:05:13.205 [FXGL Background Thread 4 ] DEBUG TilesetLoader        - Loading view for layer WALL36
15:05:13.206 [FXGL Background Thread 4 ] DEBUG TilesetLoader        - Created buffer with size 640.0x480.0
15:05:13.206 [FXGL Background Thread 4 ] DEBUG TilesetLoader        - Loading view for layer WALL35
15:05:13.238 [FXGL Background Thread 4 ] DEBUG TilesetLoader        - Created buffer with size 640.0x480.0
15:05:13.240 [FXGL Background Thread 4 ] DEBUG TilesetLoader        - Loading view for layer WALL34
15:05:13.241 [FXGL Background Thread 4 ] DEBUG TilesetLoader        - Created buffer with size 640.0x480.0
15:05:13.243 [FXGL Background Thread 4 ] DEBUG TilesetLoader        - Loading view for layer WALL33
15:05:13.246 [FXGL Background Thread 4 ] DEBUG TilesetLoader        - Created buffer with size 640.0x480.0
15:05:13.248 [FXGL Background Thread 4 ] DEBUG TilesetLoader        - Loading view for layer WALL32
15:05:13.249 [FXGL Background Thread 4 ] DEBUG TilesetLoader        - Created buffer with size 640.0x480.0
15:05:13.249 [FXGL Background Thread 4 ] DEBUG TilesetLoader        - Loading view for layer WALL31
15:05:13.252 [FXGL Background Thread 4 ] DEBUG TilesetLoader        - Created buffer with size 640.0x480.0
15:05:13.253 [FXGL Background Thread 4 ] DEBUG TilesetLoader        - Loading view for layer WALL30
15:05:13.254 [FXGL Background Thread 4 ] DEBUG TilesetLoader        - Created buffer with size 640.0x480.0
15:05:13.254 [FXGL Background Thread 4 ] DEBUG TilesetLoader        - Loading view for layer WALL29
15:05:13.255 [FXGL Background Thread 4 ] DEBUG TilesetLoader        - Created buffer with size 640.0x480.0
15:05:13.255 [FXGL Background Thread 4 ] DEBUG TilesetLoader        - Loading view for layer WALL28
15:05:13.255 [FXGL Background Thread 4 ] DEBUG TilesetLoader        - Created buffer with size 640.0x480.0
15:05:13.256 [FXGL Background Thread 4 ] DEBUG TilesetLoader        - Loading view for layer WALL27
15:05:13.256 [FXGL Background Thread 4 ] DEBUG TilesetLoader        - Created buffer with size 640.0x480.0
15:05:13.257 [FXGL Background Thread 4 ] DEBUG TilesetLoader        - Loading view for layer WALL26
15:05:13.257 [FXGL Background Thread 4 ] DEBUG TilesetLoader        - Created buffer with size 640.0x480.0
15:05:13.258 [FXGL Background Thread 4 ] DEBUG TilesetLoader        - Loading view for layer WALL25
15:05:13.258 [FXGL Background Thread 4 ] DEBUG TilesetLoader        - Created buffer with size 640.0x480.0
15:05:13.258 [FXGL Background Thread 4 ] DEBUG TilesetLoader        - Loading view for layer WALL24
15:05:13.259 [FXGL Background Thread 4 ] DEBUG TilesetLoader        - Created buffer with size 640.0x480.0
15:05:13.261 [FXGL Background Thread 4 ] DEBUG TilesetLoader        - Loading view for layer WALL23
15:05:13.263 [FXGL Background Thread 4 ] DEBUG TilesetLoader        - Created buffer with size 640.0x480.0
15:05:13.264 [FXGL Background Thread 4 ] DEBUG TilesetLoader        - Loading view for layer WALL22
15:05:13.267 [FXGL Background Thread 4 ] DEBUG TilesetLoader        - Created buffer with size 640.0x480.0
15:05:13.269 [FXGL Background Thread 4 ] DEBUG TilesetLoader        - Loading view for layer WALL21
15:05:13.270 [FXGL Background Thread 4 ] DEBUG TilesetLoader        - Created buffer with size 640.0x480.0
15:05:13.271 [FXGL Background Thread 4 ] DEBUG TilesetLoader        - Loading view for layer WALL20
15:05:13.272 [FXGL Background Thread 4 ] DEBUG TilesetLoader        - Created buffer with size 640.0x480.0
15:05:13.273 [FXGL Background Thread 4 ] DEBUG TilesetLoader        - Loading view for layer WALL19
15:05:13.273 [FXGL Background Thread 4 ] DEBUG TilesetLoader        - Created buffer with size 640.0x480.0
15:05:13.273 [FXGL Background Thread 4 ] DEBUG TilesetLoader        - Loading view for layer WALL18
15:05:13.275 [FXGL Background Thread 4 ] DEBUG TilesetLoader        - Created buffer with size 640.0x480.0
15:05:13.277 [FXGL Background Thread 4 ] DEBUG TilesetLoader        - Loading view for layer WALL17
15:05:13.278 [FXGL Background Thread 4 ] DEBUG TilesetLoader        - Created buffer with size 640.0x480.0
15:05:13.279 [FXGL Background Thread 4 ] DEBUG TilesetLoader        - Loading view for layer WALL16
15:05:13.281 [FXGL Background Thread 4 ] DEBUG TilesetLoader        - Created buffer with size 640.0x480.0
15:05:13.282 [FXGL Background Thread 4 ] DEBUG TilesetLoader        - Loading view for layer WALL15
15:05:13.285 [FXGL Background Thread 4 ] DEBUG TilesetLoader        - Created buffer with size 640.0x480.0
15:05:13.286 [FXGL Background Thread 4 ] DEBUG TilesetLoader        - Loading view for layer WALL14
15:05:13.289 [FXGL Background Thread 4 ] DEBUG TilesetLoader        - Created buffer with size 640.0x480.0
15:05:13.290 [FXGL Background Thread 4 ] DEBUG TilesetLoader        - Loading view for layer WALL13
15:05:13.291 [FXGL Background Thread 4 ] DEBUG TilesetLoader        - Created buffer with size 640.0x480.0
15:05:13.291 [FXGL Background Thread 4 ] DEBUG TilesetLoader        - Loading view for layer WALL12
15:05:13.292 [FXGL Background Thread 4 ] DEBUG TilesetLoader        - Created buffer with size 640.0x480.0
15:05:13.292 [FXGL Background Thread 4 ] DEBUG TilesetLoader        - Loading view for layer WALL11
15:05:13.294 [FXGL Background Thread 4 ] DEBUG TilesetLoader        - Created buffer with size 640.0x480.0
15:05:13.295 [FXGL Background Thread 4 ] DEBUG TilesetLoader        - Loading view for layer WALL10
15:05:13.296 [FXGL Background Thread 4 ] DEBUG TilesetLoader        - Created buffer with size 640.0x480.0
15:05:13.297 [FXGL Background Thread 4 ] DEBUG TilesetLoader        - Loading view for layer WALL9
15:05:13.298 [FXGL Background Thread 4 ] DEBUG TilesetLoader        - Created buffer with size 640.0x480.0
15:05:13.299 [FXGL Background Thread 4 ] DEBUG TilesetLoader        - Loading view for layer WALL8
15:05:13.302 [FXGL Background Thread 4 ] DEBUG TilesetLoader        - Created buffer with size 640.0x480.0
15:05:13.303 [FXGL Background Thread 4 ] DEBUG TilesetLoader        - Loading view for layer WALL7
15:05:13.304 [FXGL Background Thread 4 ] DEBUG TilesetLoader        - Created buffer with size 640.0x480.0
15:05:13.305 [FXGL Background Thread 4 ] DEBUG TilesetLoader        - Loading view for layer WALL6
15:05:13.306 [FXGL Background Thread 4 ] DEBUG TilesetLoader        - Created buffer with size 640.0x480.0
15:05:13.306 [FXGL Background Thread 4 ] DEBUG TilesetLoader        - Loading view for layer WALL5
15:05:13.307 [FXGL Background Thread 4 ] DEBUG TilesetLoader        - Created buffer with size 640.0x480.0
15:05:13.308 [FXGL Background Thread 4 ] DEBUG TilesetLoader        - Loading view for layer WALL4
15:05:13.311 [FXGL Background Thread 4 ] DEBUG TilesetLoader        - Created buffer with size 640.0x480.0
15:05:13.314 [FXGL Background Thread 4 ] DEBUG TilesetLoader        - Loading view for layer WALL3
15:05:13.316 [FXGL Background Thread 4 ] DEBUG TilesetLoader        - Created buffer with size 640.0x480.0
15:05:13.316 [FXGL Background Thread 4 ] DEBUG TilesetLoader        - Loading view for layer WALL2
15:05:13.321 [FXGL Background Thread 4 ] DEBUG TilesetLoader        - Created buffer with size 640.0x480.0
15:05:13.323 [FXGL Background Thread 4 ] DEBUG TilesetLoader        - Loading view for layer WALL1
15:05:13.324 [FXGL Background Thread 4 ] DEBUG TilesetLoader        - Created buffer with size 640.0x480.0
15:05:13.325 [FXGL Background Thread 4 ] DEBUG TilesetLoader        - Loading view for layer เลเยอร์ไทล์ 2
15:05:13.326 [FXGL Background Thread 4 ] DEBUG TilesetLoader        - Created buffer with size 640.0x480.0
15:05:13.327 [FXGL Background Thread 4 ] DEBUG TilesetLoader        - Loading view for layer เลเยอร์ไทล์ 3
15:05:13.327 [FXGL Background Thread 4 ] DEBUG TilesetLoader        - Created buffer with size 640.0x480.0
15:05:13.329 [FXGL Background Thread 4 ] DEBUG TMXLevelLoader       - Creating object layer entities
15:05:13.357 [FXGL Background Thread 4 ] DEBUG FXGLAssetLoaderServi - Loading from file system: file:/C:/Users/POO/intellij/Bakudun/target/classes/assets/textures/Jim2.png
15:05:13.402 [FXGL Background Thread 4 ] DEBUG FXGLAssetLoaderServi - Loading from file system: file:/C:/Users/POO/intellij/Bakudun/target/classes/assets/textures/wallbreak.png
15:05:13.410 [FXGL Background Thread 4 ] WARN  TMXLevelLoader       - TiledMap generated from 1.11.2. Supported version: 1.9.0. Some features may not be parsed fully.
15:05:13.430 [FXGL Background Thread 4 ] DEBUG TMXLevelLoader       - Parsed TiledMap: file:/C:/Users/POO/intellij/Bakudun/target/classes/assets/levels/Map.tmx
15:05:13.430 [FXGL Background Thread 4 ] DEBUG TMXLevelLoader       - Creating tile layer entities
15:05:13.431 [FXGL Background Thread 4 ] DEBUG TilesetLoader        - Loading view for layer เลเยอร์ไทล์ 1
15:05:13.440 [FXGL Background Thread 4 ] DEBUG TilesetLoader        - Created buffer with size 640.0x480.0
15:05:13.452 [FXGL Background Thread 4 ] WARN  TilesetLoader        - Diagonally flipped tiles are not currently supported
15:05:13.459 [FXGL Background Thread 4 ] WARN  TilesetLoader        - Diagonally flipped tiles are not currently supported
15:05:13.469 [FXGL Background Thread 4 ] DEBUG TilesetLoader        - Loading view for layer WALL48
15:05:13.473 [FXGL Background Thread 4 ] DEBUG TilesetLoader        - Created buffer with size 640.0x480.0
15:05:13.475 [FXGL Background Thread 4 ] DEBUG TilesetLoader        - Loading view for layer WALL47
15:05:13.475 [FXGL Background Thread 4 ] DEBUG TilesetLoader        - Created buffer with size 640.0x480.0
15:05:13.476 [FXGL Background Thread 4 ] DEBUG TilesetLoader        - Loading view for layer WALL46
15:05:13.477 [FXGL Background Thread 4 ] DEBUG TilesetLoader        - Created buffer with size 640.0x480.0
15:05:13.477 [FXGL Background Thread 4 ] DEBUG TilesetLoader        - Loading view for layer WALL45
15:05:13.478 [FXGL Background Thread 4 ] DEBUG TilesetLoader        - Created buffer with size 640.0x480.0
15:05:13.478 [FXGL Background Thread 4 ] DEBUG TilesetLoader        - Loading view for layer WALL44
15:05:13.479 [FXGL Background Thread 4 ] DEBUG TilesetLoader        - Created buffer with size 640.0x480.0
15:05:13.479 [FXGL Background Thread 4 ] DEBUG TilesetLoader        - Loading view for layer WALL43
15:05:13.480 [FXGL Background Thread 4 ] DEBUG TilesetLoader        - Created buffer with size 640.0x480.0
15:05:13.480 [FXGL Background Thread 4 ] DEBUG TilesetLoader        - Loading view for layer WALL42
15:05:13.482 [FXGL Background Thread 4 ] DEBUG TilesetLoader        - Created buffer with size 640.0x480.0
15:05:13.484 [FXGL Background Thread 4 ] DEBUG TilesetLoader        - Loading view for layer WALL41
15:05:13.485 [FXGL Background Thread 4 ] DEBUG TilesetLoader        - Created buffer with size 640.0x480.0
15:05:13.486 [FXGL Background Thread 4 ] DEBUG TilesetLoader        - Loading view for layer WALL40
15:05:13.489 [FXGL Background Thread 4 ] DEBUG TilesetLoader        - Created buffer with size 640.0x480.0
15:05:13.491 [FXGL Background Thread 4 ] DEBUG TilesetLoader        - Loading view for layer WALL39
15:05:13.491 [FXGL Background Thread 4 ] DEBUG TilesetLoader        - Created buffer with size 640.0x480.0
15:05:13.492 [FXGL Background Thread 4 ] DEBUG TilesetLoader        - Loading view for layer WALL38
15:05:13.492 [FXGL Background Thread 4 ] DEBUG TilesetLoader        - Created buffer with size 640.0x480.0
15:05:13.492 [FXGL Background Thread 4 ] DEBUG TilesetLoader        - Loading view for layer WALL37
15:05:13.494 [FXGL Background Thread 4 ] DEBUG TilesetLoader        - Created buffer with size 640.0x480.0
15:05:13.495 [FXGL Background Thread 4 ] DEBUG TilesetLoader        - Loading view for layer WALL36
15:05:13.495 [FXGL Background Thread 4 ] DEBUG TilesetLoader        - Created buffer with size 640.0x480.0
15:05:13.496 [FXGL Background Thread 4 ] DEBUG TilesetLoader        - Loading view for layer WALL35
15:05:13.496 [FXGL Background Thread 4 ] DEBUG TilesetLoader        - Created buffer with size 640.0x480.0
15:05:13.497 [FXGL Background Thread 4 ] DEBUG TilesetLoader        - Loading view for layer WALL34
15:05:13.499 [FXGL Background Thread 4 ] DEBUG TilesetLoader        - Created buffer with size 640.0x480.0
15:05:13.500 [FXGL Background Thread 4 ] DEBUG TilesetLoader        - Loading view for layer WALL33
15:05:13.501 [FXGL Background Thread 4 ] DEBUG TilesetLoader        - Created buffer with size 640.0x480.0
15:05:13.502 [FXGL Background Thread 4 ] DEBUG TilesetLoader        - Loading view for layer WALL32
15:05:13.507 [FXGL Background Thread 4 ] DEBUG TilesetLoader        - Created buffer with size 640.0x480.0
15:05:13.509 [FXGL Background Thread 4 ] DEBUG TilesetLoader        - Loading view for layer WALL31
15:05:13.510 [FXGL Background Thread 4 ] DEBUG TilesetLoader        - Created buffer with size 640.0x480.0
15:05:13.511 [FXGL Background Thread 4 ] DEBUG TilesetLoader        - Loading view for layer WALL30
15:05:13.512 [FXGL Background Thread 4 ] DEBUG TilesetLoader        - Created buffer with size 640.0x480.0
15:05:13.513 [FXGL Background Thread 4 ] DEBUG TilesetLoader        - Loading view for layer WALL29
15:05:13.513 [FXGL Background Thread 4 ] DEBUG TilesetLoader        - Created buffer with size 640.0x480.0
15:05:13.513 [FXGL Background Thread 4 ] DEBUG TilesetLoader        - Loading view for layer WALL28
15:05:13.516 [FXGL Background Thread 4 ] DEBUG TilesetLoader        - Created buffer with size 640.0x480.0
15:05:13.518 [FXGL Background Thread 4 ] DEBUG TilesetLoader        - Loading view for layer WALL27
15:05:13.519 [FXGL Background Thread 4 ] DEBUG TilesetLoader        - Created buffer with size 640.0x480.0
15:05:13.520 [FXGL Background Thread 4 ] DEBUG TilesetLoader        - Loading view for layer WALL26
15:05:13.524 [FXGL Background Thread 4 ] DEBUG TilesetLoader        - Created buffer with size 640.0x480.0
15:05:13.525 [FXGL Background Thread 4 ] DEBUG TilesetLoader        - Loading view for layer WALL25
15:05:13.526 [FXGL Background Thread 4 ] DEBUG TilesetLoader        - Created buffer with size 640.0x480.0
15:05:13.527 [FXGL Background Thread 4 ] DEBUG TilesetLoader        - Loading view for layer WALL24
15:05:13.528 [FXGL Background Thread 4 ] DEBUG TilesetLoader        - Created buffer with size 640.0x480.0
15:05:13.528 [FXGL Background Thread 4 ] DEBUG TilesetLoader        - Loading view for layer WALL23
15:05:13.529 [FXGL Background Thread 4 ] DEBUG TilesetLoader        - Created buffer with size 640.0x480.0
15:05:13.529 [FXGL Background Thread 4 ] DEBUG TilesetLoader        - Loading view for layer WALL22
15:05:13.529 [FXGL Background Thread 4 ] DEBUG TilesetLoader        - Created buffer with size 640.0x480.0
15:05:13.530 [FXGL Background Thread 4 ] DEBUG TilesetLoader        - Loading view for layer WALL21
15:05:13.530 [FXGL Background Thread 4 ] DEBUG TilesetLoader        - Created buffer with size 640.0x480.0
15:05:13.531 [FXGL Background Thread 4 ] DEBUG TilesetLoader        - Loading view for layer WALL20
15:05:13.531 [FXGL Background Thread 4 ] DEBUG TilesetLoader        - Created buffer with size 640.0x480.0
15:05:13.534 [FXGL Background Thread 4 ] DEBUG TilesetLoader        - Loading view for layer WALL19
15:05:13.535 [FXGL Background Thread 4 ] DEBUG TilesetLoader        - Created buffer with size 640.0x480.0
15:05:13.537 [FXGL Background Thread 4 ] DEBUG TilesetLoader        - Loading view for layer WALL18
15:05:13.541 [FXGL Background Thread 4 ] DEBUG TilesetLoader        - Created buffer with size 640.0x480.0
15:05:13.542 [FXGL Background Thread 4 ] DEBUG TilesetLoader        - Loading view for layer WALL17
15:05:13.543 [FXGL Background Thread 4 ] DEBUG TilesetLoader        - Created buffer with size 640.0x480.0
15:05:13.544 [FXGL Background Thread 4 ] DEBUG TilesetLoader        - Loading view for layer WALL16
15:05:13.544 [FXGL Background Thread 4 ] DEBUG TilesetLoader        - Created buffer with size 640.0x480.0
15:05:13.545 [FXGL Background Thread 4 ] DEBUG TilesetLoader        - Loading view for layer WALL15
15:05:13.545 [FXGL Background Thread 4 ] DEBUG TilesetLoader        - Created buffer with size 640.0x480.0
15:05:13.545 [FXGL Background Thread 4 ] DEBUG TilesetLoader        - Loading view for layer WALL14
15:05:13.545 [FXGL Background Thread 4 ] DEBUG TilesetLoader        - Created buffer with size 640.0x480.0
15:05:13.546 [FXGL Background Thread 4 ] DEBUG TilesetLoader        - Loading view for layer WALL13
15:05:13.546 [FXGL Background Thread 4 ] DEBUG TilesetLoader        - Created buffer with size 640.0x480.0
15:05:13.546 [FXGL Background Thread 4 ] DEBUG TilesetLoader        - Loading view for layer WALL12
15:05:13.546 [FXGL Background Thread 4 ] DEBUG TilesetLoader        - Created buffer with size 640.0x480.0
15:05:13.547 [FXGL Background Thread 4 ] DEBUG TilesetLoader        - Loading view for layer WALL11
15:05:13.547 [FXGL Background Thread 4 ] DEBUG TilesetLoader        - Created buffer with size 640.0x480.0
15:05:13.550 [FXGL Background Thread 4 ] DEBUG TilesetLoader        - Loading view for layer WALL10
15:05:13.551 [FXGL Background Thread 4 ] DEBUG TilesetLoader        - Created buffer with size 640.0x480.0
15:05:13.551 [FXGL Background Thread 4 ] DEBUG TilesetLoader        - Loading view for layer WALL9
15:05:13.552 [FXGL Background Thread 4 ] DEBUG TilesetLoader        - Created buffer with size 640.0x480.0
15:05:13.552 [FXGL Background Thread 4 ] DEBUG TilesetLoader        - Loading view for layer WALL8
15:05:13.557 [FXGL Background Thread 4 ] DEBUG TilesetLoader        - Created buffer with size 640.0x480.0
15:05:13.559 [FXGL Background Thread 4 ] DEBUG TilesetLoader        - Loading view for layer WALL7
15:05:13.559 [FXGL Background Thread 4 ] DEBUG TilesetLoader        - Created buffer with size 640.0x480.0
15:05:13.559 [FXGL Background Thread 4 ] DEBUG TilesetLoader        - Loading view for layer WALL6
15:05:13.560 [FXGL Background Thread 4 ] DEBUG TilesetLoader        - Created buffer with size 640.0x480.0
15:05:13.560 [FXGL Background Thread 4 ] DEBUG TilesetLoader        - Loading view for layer WALL5
15:05:13.561 [FXGL Background Thread 4 ] DEBUG TilesetLoader        - Created buffer with size 640.0x480.0
15:05:13.561 [FXGL Background Thread 4 ] DEBUG TilesetLoader        - Loading view for layer WALL4
15:05:13.562 [FXGL Background Thread 4 ] DEBUG TilesetLoader        - Created buffer with size 640.0x480.0
15:05:13.563 [FXGL Background Thread 4 ] DEBUG TilesetLoader        - Loading view for layer WALL3
15:05:13.563 [FXGL Background Thread 4 ] DEBUG TilesetLoader        - Created buffer with size 640.0x480.0
15:05:13.565 [FXGL Background Thread 4 ] DEBUG TilesetLoader        - Loading view for layer WALL2
15:05:13.568 [FXGL Background Thread 4 ] DEBUG TilesetLoader        - Created buffer with size 640.0x480.0
15:05:13.569 [FXGL Background Thread 4 ] DEBUG TilesetLoader        - Loading view for layer WALL1
15:05:13.574 [FXGL Background Thread 4 ] DEBUG TilesetLoader        - Created buffer with size 640.0x480.0
15:05:13.575 [FXGL Background Thread 4 ] DEBUG TilesetLoader        - Loading view for layer เลเยอร์ไทล์ 2
15:05:13.576 [FXGL Background Thread 4 ] DEBUG TilesetLoader        - Created buffer with size 640.0x480.0
15:05:13.577 [FXGL Background Thread 4 ] DEBUG TilesetLoader        - Loading view for layer เลเยอร์ไทล์ 3
15:05:13.577 [FXGL Background Thread 4 ] DEBUG TilesetLoader        - Created buffer with size 640.0x480.0
15:05:13.578 [FXGL Background Thread 4 ] DEBUG TMXLevelLoader       - Creating object layer entities
15:05:13.595 [FXGL Background Thread 4 ] DEBUG GameWorld            - Clearing removable entities
15:05:13.596 [FXGL Background Thread 4 ] DEBUG GameWorld            - Setting level: com.almasb.fxgl.entity.level.Level@feea4d1
15:05:13.605 [FXGL Background Thread 4 ] INFO  FXGLApplication      - Game initialization took: 0.557 sec
15:05:13.608 [JavaFX Application Thread] DEBUG Input                - Clearing active input actions
15:05:13.623 [JavaFX Application Thread] DEBUG GameApplicationServi - Removing overlay from FXGLLoadingScene and adding to GameScene
15:05:13.629 [JavaFX Application Thread] DEBUG PrimaryStageWindow   - FXGLLoadingScene -> GameScene
15:05:15.923 [FXGL Background Thread 3 ] DEBUG Engine               - Logging environment variables
15:05:15.923 [FXGL Background Thread 3 ] DEBUG Engine               - achievements: []
15:05:15.923 [FXGL Background Thread 3 ] DEBUG Engine               - actualHeight: 480.0
15:05:15.923 [FXGL Background Thread 3 ] DEBUG Engine               - actualHeightProperty: ReadOnlyDoubleProperty [value: 480.0]
15:05:15.923 [FXGL Background Thread 3 ] DEBUG Engine               - actualWidth: 640.0
15:05:15.923 [FXGL Background Thread 3 ] DEBUG Engine               - actualWidthProperty: ReadOnlyDoubleProperty [value: 640.0]
15:05:15.923 [FXGL Background Thread 3 ] DEBUG Engine               - appIcon: fxgl_icon.png
15:05:15.924 [FXGL Background Thread 3 ] DEBUG Engine               - applicationMode: DEVELOPER
15:05:15.924 [FXGL Background Thread 3 ] DEBUG Engine               - cSSList: [fxgl_dark.css]
15:05:15.924 [FXGL Background Thread 3 ] DEBUG Engine               - collisionDetectionStrategy: BRUTE_FORCE
15:05:15.924 [FXGL Background Thread 3 ] DEBUG Engine               - configClass: Optional.empty
15:05:15.924 [FXGL Background Thread 3 ] DEBUG Engine               - credits: []
15:05:15.924 [FXGL Background Thread 3 ] DEBUG Engine               - defaultCursor: CursorInfo(imageName=fxgl_default_cursor.png, hotspotX=7.0, hotspotY=6.0)
15:05:15.924 [FXGL Background Thread 3 ] DEBUG Engine               - devBBoxColorProperty: ObjectProperty [value: 0xff0000ff]
15:05:15.924 [FXGL Background Thread 3 ] DEBUG Engine               - devEnableDebugCameraProperty: BooleanProperty [value: false]
15:05:15.924 [FXGL Background Thread 3 ] DEBUG Engine               - devSensorColorProperty: ObjectProperty [value: 0xffff00ff]
15:05:15.924 [FXGL Background Thread 3 ] DEBUG Engine               - devShowBBoxProperty: BooleanProperty [value: false]
15:05:15.924 [FXGL Background Thread 3 ] DEBUG Engine               - devShowPositionProperty: BooleanProperty [value: false]
15:05:15.924 [FXGL Background Thread 3 ] DEBUG Engine               - enabledMenuItems: []
15:05:15.924 [FXGL Background Thread 3 ] DEBUG Engine               - engineServices: [class com.almasb.fxgl.app.services.FXGLAssetLoaderService, class com.almasb.fxgl.app.FXGLApplication$GameApplicationService, class com.almasb.fxgl.app.services.FXGLDialogService, class com.almasb.fxgl.app.services.IOTaskExecutorService, class com.almasb.fxgl.io.FileSystemService, class com.almasb.fxgl.localization.LocalizationService, class com.almasb.fxgl.app.services.SystemBundleService, class com.almasb.fxgl.profile.SaveLoadService, class com.almasb.fxgl.ui.FXGLUIFactoryServiceProvider, class com.almasb.fxgl.ui.FXGLDialogFactoryServiceProvider, class com.almasb.fxgl.audio.AudioPlayer, class com.almasb.fxgl.notification.impl.NotificationServiceProvider, class com.almasb.fxgl.achievement.AchievementService, class com.almasb.fxgl.cutscene.CutsceneService, class com.almasb.fxgl.minigames.MiniGameService, class com.almasb.fxgl.net.NetService, class com.almasb.fxgl.app.services.UpdaterService, class com.almasb.fxgl.dev.DevService]
15:05:15.924 [FXGL Background Thread 3 ] DEBUG Engine               - fontGame: Abel-Regular.ttf
15:05:15.924 [FXGL Background Thread 3 ] DEBUG Engine               - fontMono: TerminalLandMono-Regular.otf
15:05:15.924 [FXGL Background Thread 3 ] DEBUG Engine               - fontSizeScaleUI: 1.0
15:05:15.924 [FXGL Background Thread 3 ] DEBUG Engine               - fontText: Courier-Prime.ttf
15:05:15.924 [FXGL Background Thread 3 ] DEBUG Engine               - fontUI: VarelaRound-Regular.ttf
15:05:15.925 [FXGL Background Thread 3 ] DEBUG Engine               - fullScreen: BooleanProperty [value: false]
15:05:15.925 [FXGL Background Thread 3 ] DEBUG Engine               - gameDifficulty: MEDIUM
15:05:15.925 [FXGL Background Thread 3 ] DEBUG Engine               - gameDifficultyProperty: ObjectProperty [value: MEDIUM]
15:05:15.925 [FXGL Background Thread 3 ] DEBUG Engine               - globalMusicVolume: 0.5
15:05:15.925 [FXGL Background Thread 3 ] DEBUG Engine               - globalMusicVolumeProperty: DoubleProperty [value: 0.5]
15:05:15.925 [FXGL Background Thread 3 ] DEBUG Engine               - globalSoundVolume: 0.5
15:05:15.925 [FXGL Background Thread 3 ] DEBUG Engine               - globalSoundVolumeProperty: DoubleProperty [value: 0.5]
15:05:15.925 [FXGL Background Thread 3 ] DEBUG Engine               - height: 480
15:05:15.925 [FXGL Background Thread 3 ] DEBUG Engine               - is3D: false
15:05:15.925 [FXGL Background Thread 3 ] DEBUG Engine               - isAndroid: false
15:05:15.925 [FXGL Background Thread 3 ] DEBUG Engine               - isBrowser: false
15:05:15.925 [FXGL Background Thread 3 ] DEBUG Engine               - isClickFeedbackEnabled: false
15:05:15.925 [FXGL Background Thread 3 ] DEBUG Engine               - isCloseConfirmation: false
15:05:15.925 [FXGL Background Thread 3 ] DEBUG Engine               - isDesktop: true
15:05:15.925 [FXGL Background Thread 3 ] DEBUG Engine               - isDeveloperMenuEnabled: true
15:05:15.925 [FXGL Background Thread 3 ] DEBUG Engine               - isEmbedded: false
15:05:15.925 [FXGL Background Thread 3 ] DEBUG Engine               - isEntityPreloadEnabled: true
15:05:15.925 [FXGL Background Thread 3 ] DEBUG Engine               - isExperimentalTiledLargeMap: false
15:05:15.925 [FXGL Background Thread 3 ] DEBUG Engine               - isFileSystemWriteAllowed: true
15:05:15.925 [FXGL Background Thread 3 ] DEBUG Engine               - isFullScreenAllowed: false
15:05:15.925 [FXGL Background Thread 3 ] DEBUG Engine               - isFullScreenFromStart: false
15:05:15.925 [FXGL Background Thread 3 ] DEBUG Engine               - isGameMenuEnabled: true
15:05:15.925 [FXGL Background Thread 3 ] DEBUG Engine               - isIOS: false
15:05:15.925 [FXGL Background Thread 3 ] DEBUG Engine               - isIntroEnabled: false
15:05:15.925 [FXGL Background Thread 3 ] DEBUG Engine               - isLinux: false
15:05:15.925 [FXGL Background Thread 3 ] DEBUG Engine               - isMac: false
15:05:15.925 [FXGL Background Thread 3 ] DEBUG Engine               - isMainMenuEnabled: false
15:05:15.925 [FXGL Background Thread 3 ] DEBUG Engine               - isManualResizeEnabled: false
15:05:15.925 [FXGL Background Thread 3 ] DEBUG Engine               - isMobile: false
15:05:15.925 [FXGL Background Thread 3 ] DEBUG Engine               - isNative: false
15:05:15.925 [FXGL Background Thread 3 ] DEBUG Engine               - isPauseMusicWhenMinimized: true
15:05:15.925 [FXGL Background Thread 3 ] DEBUG Engine               - isPreserveResizeRatio: false
15:05:15.925 [FXGL Background Thread 3 ] DEBUG Engine               - isProfilingEnabled: false
15:05:15.925 [FXGL Background Thread 3 ] DEBUG Engine               - isScaleAffectedOnResize: true
15:05:15.925 [FXGL Background Thread 3 ] DEBUG Engine               - isSingleStep: false
15:05:15.925 [FXGL Background Thread 3 ] DEBUG Engine               - isUserProfileEnabled: false
15:05:15.925 [FXGL Background Thread 3 ] DEBUG Engine               - isWindows: true
15:05:15.925 [FXGL Background Thread 3 ] DEBUG Engine               - language: ObjectProperty [value: ENGLISH]
15:05:15.925 [FXGL Background Thread 3 ] DEBUG Engine               - menuKey: ESCAPE
15:05:15.925 [FXGL Background Thread 3 ] DEBUG Engine               - mouseSensitivity: 0.2
15:05:15.925 [FXGL Background Thread 3 ] DEBUG Engine               - notificationViewClass: class com.almasb.fxgl.notification.view.XboxNotificationView
15:05:15.925 [FXGL Background Thread 3 ] DEBUG Engine               - pixelsPerMeter: 50.0
15:05:15.925 [FXGL Background Thread 3 ] DEBUG Engine               - platform: WINDOWS
15:05:15.925 [FXGL Background Thread 3 ] DEBUG Engine               - prefHeightProperty: ReadOnlyDoubleProperty [value: 480.0]
15:05:15.925 [FXGL Background Thread 3 ] DEBUG Engine               - prefWidthProperty: ReadOnlyDoubleProperty [value: 640.0]
15:05:15.925 [FXGL Background Thread 3 ] DEBUG Engine               - profileDir: profiles/
15:05:15.926 [FXGL Background Thread 3 ] DEBUG Engine               - profileName: StringProperty [value: DEFAULT]
15:05:15.926 [FXGL Background Thread 3 ] DEBUG Engine               - randomSeed: -1
15:05:15.926 [FXGL Background Thread 3 ] DEBUG Engine               - runtimeInfo: RuntimeInfo(platform=WINDOWS, version=21.1, build=27.03.2024 07.52)
15:05:15.926 [FXGL Background Thread 3 ] DEBUG Engine               - saveFileExt: sav
15:05:15.926 [FXGL Background Thread 3 ] DEBUG Engine               - scaledHeightProp$fxgl: DoubleProperty [bound, value: 480.0]
15:05:15.926 [FXGL Background Thread 3 ] DEBUG Engine               - scaledWidthProp$fxgl: DoubleProperty [bound, value: 640.0]
15:05:15.926 [FXGL Background Thread 3 ] DEBUG Engine               - sceneFactory: com.almasb.fxgl.app.scene.SceneFactory@7dd121be
15:05:15.926 [FXGL Background Thread 3 ] DEBUG Engine               - secondsIn24h: 60
15:05:15.926 [FXGL Background Thread 3 ] DEBUG Engine               - soundMenuBack: menu/back.wav
15:05:15.926 [FXGL Background Thread 3 ] DEBUG Engine               - soundMenuPress: menu/press.wav
15:05:15.926 [FXGL Background Thread 3 ] DEBUG Engine               - soundMenuSelect: menu/select.wav
15:05:15.926 [FXGL Background Thread 3 ] DEBUG Engine               - soundNotification: core/notification.wav
15:05:15.926 [FXGL Background Thread 3 ] DEBUG Engine               - stageStyle: DECORATED
15:05:15.926 [FXGL Background Thread 3 ] DEBUG Engine               - supportedLanguages: [ENGLISH, FRENCH, GERMAN, HUNGARIAN, RUSSIAN]
15:05:15.926 [FXGL Background Thread 3 ] DEBUG Engine               - ticksPerSecond: -1
15:05:15.926 [FXGL Background Thread 3 ] DEBUG Engine               - title: BomberMan
15:05:15.926 [FXGL Background Thread 3 ] DEBUG Engine               - urlGithub: https://github.com/AlmasB/FXGL
15:05:15.926 [FXGL Background Thread 3 ] DEBUG Engine               - urlLeaderboard: http://fxgl-top.herokuapp.com/
15:05:15.926 [FXGL Background Thread 3 ] DEBUG Engine               - urlPOM: https://raw.githubusercontent.com/AlmasB/FXGL/release/README.md
15:05:15.926 [FXGL Background Thread 3 ] DEBUG Engine               - userAppClass: class me.pooh.bakudun.App
15:05:15.926 [FXGL Background Thread 3 ] DEBUG Engine               - version: 0.1
15:05:15.926 [FXGL Background Thread 3 ] DEBUG Engine               - versionCheckDays: 7
15:05:15.926 [FXGL Background Thread 3 ] DEBUG Engine               - width: 640
15:05:15.926 [FXGL Background Thread 3 ] DEBUG Engine               - Logging services
15:05:15.926 [FXGL Background Thread 3 ] DEBUG Engine               - class com.almasb.fxgl.app.services.FXGLAssetLoaderService
15:05:15.926 [FXGL Background Thread 3 ] DEBUG Engine               - class com.almasb.fxgl.app.FXGLApplication$GameApplicationService
15:05:15.926 [FXGL Background Thread 3 ] DEBUG Engine               - class com.almasb.fxgl.app.services.FXGLDialogService
15:05:15.926 [FXGL Background Thread 3 ] DEBUG Engine               - class com.almasb.fxgl.app.services.IOTaskExecutorService
15:05:15.926 [FXGL Background Thread 3 ] DEBUG Engine               - class com.almasb.fxgl.io.FileSystemService
15:05:15.926 [FXGL Background Thread 3 ] DEBUG Engine               - class com.almasb.fxgl.localization.LocalizationService
15:05:15.926 [FXGL Background Thread 3 ] DEBUG Engine               - class com.almasb.fxgl.app.services.SystemBundleService
15:05:15.926 [FXGL Background Thread 3 ] DEBUG Engine               - class com.almasb.fxgl.profile.SaveLoadService
15:05:15.926 [FXGL Background Thread 3 ] DEBUG Engine               - class com.almasb.fxgl.ui.FXGLUIFactoryServiceProvider
15:05:15.926 [FXGL Background Thread 3 ] DEBUG Engine               - class com.almasb.fxgl.ui.FXGLDialogFactoryServiceProvider
15:05:15.926 [FXGL Background Thread 3 ] DEBUG Engine               - class com.almasb.fxgl.audio.AudioPlayer
15:05:15.926 [FXGL Background Thread 3 ] DEBUG Engine               - class com.almasb.fxgl.notification.impl.NotificationServiceProvider
15:05:15.926 [FXGL Background Thread 3 ] DEBUG Engine               - class com.almasb.fxgl.achievement.AchievementService
15:05:15.926 [FXGL Background Thread 3 ] DEBUG Engine               - class com.almasb.fxgl.cutscene.CutsceneService
15:05:15.926 [FXGL Background Thread 3 ] DEBUG Engine               - class com.almasb.fxgl.minigames.MiniGameService
15:05:15.926 [FXGL Background Thread 3 ] DEBUG Engine               - class com.almasb.fxgl.net.NetService
15:05:15.926 [FXGL Background Thread 3 ] DEBUG Engine               - class com.almasb.fxgl.app.services.UpdaterService
15:05:15.926 [FXGL Background Thread 3 ] DEBUG Engine               - class com.almasb.fxgl.dev.DevService
15:05:19.184 [JavaFX Application Thread] WARN  Entity               - Entity already has component: com.almasb.fxgl.physics.PhysicsComponent
15:05:19.186 [JavaFX Application Thread] DEBUG FXGLAssetLoaderServi - Loading from file system: file:/C:/Users/POO/intellij/Bakudun/target/classes/assets/textures/bombball.png
15:05:19.188 [JavaFX Application Thread] DEBUG FXGLAssetLoaderServi - Loading from file system: file:/C:/Users/POO/intellij/Bakudun/target/classes/assets/textures/bombblast.png
15:05:19.806 [JavaFX Application Thread] WARN  Entity               - Entity already has component: com.almasb.fxgl.physics.PhysicsComponent
15:06:01.350 [JavaFX Application Thread] DEBUG FXGLApplication      - Exiting FXGL
15:06:01.351 [JavaFX Application Thread] DEBUG LoopRunner           - Stopping loop
15:06:01.351 [JavaFX Application Thread] DEBUG SystemBundleService  - Saving FXGL system data
15:06:01.353 [JavaFX Application Thread] DEBUG FileSystemAccess     - Writing to: C:\Users\POO\intellij\Bakudun\system\fxgl.bundle
15:06:01.355 [JavaFX Application Thread] DEBUG Async                - Shutting down background threads
15:06:01.355 [JavaFX Application Thread] DEBUG PrimaryStageWindow   - Closing main window
15:06:01.373 [JavaFX Application Thread] DEBUG Logger               - Closing Logger
